
00:27:40 | ID 591321449 запросил вывод 1000 коинов; VKC response code: 200
02:31:03 | Розыгрыш ставок для игры №8525:
ID 594275180 поставил 1000 коинов на success и проиграл при выигрышном цвете primary
03:55:03 | ID 468901609 пополнил баланс на 12873000 коинов
03:55:38 | Розыгрыш ставок для игры №8526:
ID 468901609 поставил 2222 коинов на primary и проиграл при выигрышном цвете danger
03:56:22 | Розыгрыш ставок для игры №8527:
ID 468901609 поставил 4444 коинов на primary и выиграл 6666 коинов при выигрышном цвете primary
03:57:06 | Розыгрыш ставок для игры №8528:
ID 468901609 поставил 2222 коинов на primary и проиграл при выигрышном цвете success
03:57:55 | Розыгрыш ставок для игры №8529:
ID 468901609 поставил 2222 коинов на success и проиграл при выигрышном цвете primary
03:58:44 | Розыгрыш ставок для игры №8530:
ID 468901609 поставил 4444 коинов на success и проиграл при выигрышном цвете danger
03:59:27 | Розыгрыш ставок для игры №8531:
ID 468901609 поставил 3985 коинов на success и проиграл при выигрышном цвете primary
04:00:02 | ID 468901609 пополнил баланс на 20000000 коинов
04:00:36 | Розыгрыш ставок для игры №8532:
ID 468901609 поставил 10000 коинов на success и выиграл 25000 коинов при выигрышном цвете success
04:00:57 | ID 468901609 запросил вывод 35000 коинов; VKC response code: 200
04:12:08 | ID 468901609 пополнил баланс на 1111000 коинов
04:12:21 | ID 468901609 пополнил баланс на 8888000 коинов
04:13:39 | Розыгрыш ставок для игры №8533:
ID 468901609 поставил 1111 коинов на primary и проиграл при выигрышном цвете success
04:14:28 | Розыгрыш ставок для игры №8534:
ID 468901609 поставил 1111 коинов на danger и выиграл 4999.5 коинов при выигрышном цвете danger
04:15:33 | Розыгрыш ставок для игры №8535:
ID 468901609 поставил 6666 коинов на primary и проиграл при выигрышном цвете success
04:16:21 | Розыгрыш ставок для игры №8536:
ID 468901609 поставил 6110 коинов на primary и выиграл 9165 коинов при выигрышном цвете primary
04:17:12 | Розыгрыш ставок для игры №8537:
ID 468901609 поставил 1111 коинов на danger и проиграл при выигрышном цвете primary
04:17:55 | Розыгрыш ставок для игры №8538:
ID 468901609 поставил 4054 коинов на danger и проиграл при выигрышном цвете success
04:18:44 | Розыгрыш ставок для игры №8539:
ID 468901609 поставил 2000 коинов на danger и проиграл при выигрышном цвете primary
04:19:26 | Розыгрыш ставок для игры №8540:
ID 468901609 поставил 2000 коинов на danger и выиграл 9000 коинов при выигрышном цвете danger
04:20:14 | Розыгрыш ставок для игры №8541:
ID 468901609 поставил 2222 коинов на success и проиграл при выигрышном цвете primary
04:20:56 | Розыгрыш ставок для игры №8542:
ID 468901609 поставил 2222 коинов на success и проиграл при выигрышном цвете danger
04:21:42 | Розыгрыш ставок для игры №8543:
ID 468901609 поставил 4444 коинов на success и проиграл при выигрышном цвете primary
04:22:10 | ID 468901609 пополнил баланс на 30000000 коинов
04:22:45 | Розыгрыш ставок для игры №8544:
ID 468901609 поставил 30112 коинов на success и проиграл при выигрышном цвете primary
04:23:05 | ID 468901609 пополнил баланс на 100000000 коинов
04:23:40 | Розыгрыш ставок для игры №8545:
ID 468901609 поставил 66666 коинов на success и проиграл при выигрышном цвете primary
04:24:28 | Розыгрыш ставок для игры №8546:
ID 468901609 поставил 33333 коинов на success и проиграл при выигрышном цвете danger
04:24:47 | ID 468901609 пополнил баланс на 200000000 коинов
04:25:22 | Розыгрыш ставок для игры №8547:
ID 468901609 поставил 100000 коинов на success и выиграл 250000 коинов при выигрышном цвете success
04:26:31 | Розыгрыш ставок для игры №8548:
ID 468901609 поставил 22222 коинов на danger и проиграл при выигрышном цвете primary
04:27:19 | Розыгрыш ставок для игры №8549:
ID 468901609 поставил 22222 коинов на danger и проиграл при выигрышном цвете success
04:56:42 | Розыгрыш ставок для игры №8550:
ID 427128894 поставил 1000 коинов на primary и выиграл 1500 коинов при выигрышном цвете primary
05:09:40 | Розыгрыш ставок для игры №8551:
ID 468901609 поставил 5555 коинов на primary и проиграл при выигрышном цвете success
05:10:29 | Розыгрыш ставок для игры №8552:
ID 468901609 поставил 6161 коинов на danger и выиграл 27724.5 коинов при выигрышном цвете danger
05:11:31 | Розыгрыш ставок для игры №8553:
ID 468901609 поставил 61610 коинов на primary и выиграл 92415 коинов при выигрышном цвете primary
05:12:20 | Розыгрыш ставок для игры №8554:
ID 468901609 поставил 12322 коинов на success и проиграл при выигрышном цвете primary
05:13:16 | Розыгрыш ставок для игры №8555:
ID 468901609 поставил 6666 коинов на success и проиграл при выигрышном цвете danger
05:14:02 | Розыгрыш ставок для игры №8556:
ID 468901609 поставил 13332 коинов на success и проиграл при выигрышном цвете primary
05:14:02 | Розыгрыш ставок для игры №8557:
ID 468901609 поставил 13332 коинов на success и проиграл при выигрышном цвете primary
05:15:24 | Розыгрыш ставок для игры №8558:
ID 468901609 поставил 22222 коинов на success и выиграл 55555 коинов при выигрышном цвете success
05:16:12 | Розыгрыш ставок для игры №8559:
ID 468901609 поставил 2222 коинов на danger и выиграл 9999 коинов при выигрышном цвете danger
05:16:57 | Розыгрыш ставок для игры №8560:
ID 468901609 поставил 22222 коинов на primary и выиграл 33333 коинов при выигрышном цвете primary
05:17:45 | Розыгрыш ставок для игры №8561:
ID 468901609 поставил 22222 коинов на primary и проиграл при выигрышном цвете danger
05:18:31 | Розыгрыш ставок для игры №8562:
ID 468901609 поставил 22222 коинов на primary и проиграл при выигрышном цвете success
05:19:23 | Розыгрыш ставок для игры №8563:
ID 468901609 поставил 111111 коинов на primary и выиграл 166666.5 коинов при выигрышном цвете primary
05:20:18 | Розыгрыш ставок для игры №8564:
ID 468901609 поставил 33333 коинов на danger и проиграл при выигрышном цвете primary
05:21:02 | Розыгрыш ставок для игры №8565:
ID 468901609 поставил 33333 коинов на danger и выиграл 149998.5 коинов при выигрышном цвете danger
05:21:02 | Розыгрыш ставок для игры №8566:
ID 468901609 поставил 33333 коинов на danger и проиграл при выигрышном цвете success
05:22:06 | Розыгрыш ставок для игры №8567:
ID 468901609 поставил 33333 коинов на danger и выиграл 149998.5 коинов при выигрышном цвете danger
05:22:29 | ID 468901609 запросил вывод 560000 коинов; VKC response code: 200
05:23:48 | Розыгрыш ставок для игры №8568:
ID 468901609 поставил 3333 коинов на success и проиграл при выигрышном цвете primary
05:24:49 | Розыгрыш ставок для игры №8569:
ID 468901609 поставил 11110 коинов на success и проиграл при выигрышном цвете primary
05:25:36 | Розыгрыш ставок для игры №8570:
ID 468901609 поставил 5555 коинов на success и проиграл при выигрышном цвете danger
05:26:22 | Розыгрыш ставок для игры №8571:
ID 468901609 поставил 3384 коинов на success и выиграл 8460 коинов при выигрышном цвете success
05:27:10 | Розыгрыш ставок для игры №8572:
ID 468901609 поставил 3333 коинов на primary и проиграл при выигрышном цвете danger
05:27:57 | Розыгрыш ставок для игры №8573:
ID 468901609 поставил 4444 коинов на primary и проиграл при выигрышном цвете success
05:28:26 | ID 468901609 пополнил баланс на 317000 коинов
05:29:02 | Розыгрыш ставок для игры №8574:
ID 468901609 поставил 1000 коинов на primary и выиграл 1500 коинов при выигрышном цвете primary
05:29:02 | Розыгрыш ставок для игры №8575:
ID 468901609 поставил 1000 коинов на primary и выиграл 1500 коинов при выигрышном цвете primary
05:30:11 | Розыгрыш ставок для игры №8576:
ID 468901609 поставил 1000 коинов на primary и выиграл 1500 коинов при выигрышном цвете primary
05:40:57 | Розыгрыш ставок для игры №8577:
ID 468901609 поставил 1111 коинов на success и выиграл 2777.5 коинов при выигрышном цвете success
05:41:48 | Розыгрыш ставок для игры №8578:
ID 468901609 поставил 1111 коинов на danger и проиграл при выигрышном цвете success
08:11:45 | ID 555479024 пополнил баланс на 342000 коинов
10:02:55 | ID 501017292 пополнил баланс на 1000000000 коинов
10:03:38 | Розыгрыш ставок для игры №8579:
ID 501017292 поставил 280000 коинов на danger и проиграл при выигрышном цвете success
10:04:26 | Розыгрыш ставок для игры №8580:
ID 501017292 поставил 300000 коинов на danger и проиграл при выигрышном цвете success
10:05:08 | Розыгрыш ставок для игры №8581:
ID 501017292 поставил 300000 коинов на danger и выиграл 1350000 коинов при выигрышном цвете danger
10:24:49 | ID 589502862 пополнил баланс на 500000000 коинов
10:25:29 | Розыгрыш ставок для игры №8582:
ID 589502862 поставил 10000 коинов на success и проиграл при выигрышном цвете primary
10:26:12 | Розыгрыш ставок для игры №8583:
ID 589502862 поставил 40000 коинов на success и выиграл 100000 коинов при выигрышном цвете success
10:27:02 | Розыгрыш ставок для игры №8584:
ID 589502862 поставил 10000 коинов на danger и проиграл при выигрышном цвете success
10:27:02 | Розыгрыш ставок для игры №8585:
ID 589502862 поставил 10000 коинов на danger и проиграл при выигрышном цвете success
10:27:54 | Розыгрыш ставок для игры №8586:
ID 589502862 поставил 20000 коинов на danger и проиграл при выигрышном цвете primary
10:28:39 | Розыгрыш ставок для игры №8587:
ID 589502862 поставил 80000 коинов на danger и проиграл при выигрышном цвете success
10:29:23 | Розыгрыш ставок для игры №8588:
ID 589502862 поставил 160000 коинов на danger и проиграл при выигрышном цвете success
10:30:09 | Розыгрыш ставок для игры №8589:
ID 589502862 поставил 280000 коинов на danger и выиграл 1260000 коинов при выигрышном цвете danger
10:31:46 | Розыгрыш ставок для игры №8590:
ID 589502862 поставил 260000 коинов на danger и проиграл при выигрышном цвете primary
10:32:41 | Розыгрыш ставок для игры №8591:
ID 589502862 поставил 260000 коинов на success и выиграл 650000 коинов при выигрышном цвете success
10:33:28 | Розыгрыш ставок для игры №8592:
ID 589502862 поставил 65000 коинов на danger и проиграл при выигрышном цвете success
10:34:25 | Розыгрыш ставок для игры №8593:
ID 589502862 поставил 130000 коинов на danger и выиграл 585000 коинов при выигрышном цвете danger
10:35:33 | Розыгрыш ставок для игры №8594:
ID 589502862 поставил 130000 коинов на success и проиграл при выигрышном цвете primary
10:36:50 | Розыгрыш ставок для игры №8595:
ID 589502862 поставил 260000 коинов на success и проиграл при выигрышном цвете primary
10:37:36 | Розыгрыш ставок для игры №8596:
ID 589502862 поставил 520000 коинов на success и выиграл 1300000 коинов при выигрышном цвете success
10:39:02 | Розыгрыш ставок для игры №8597:
ID 589502862 поставил 108750 коинов на danger и проиграл при выигрышном цвете success
10:39:49 | Розыгрыш ставок для игры №8598:
ID 589502862 поставил 217500 коинов на danger и выиграл 978750 коинов при выигрышном цвете danger
10:40:47 | Розыгрыш ставок для игры №8599:
ID 589502862 поставил 108750 коинов на success и проиграл при выигрышном цвете primary
10:41:40 | Розыгрыш ставок для игры №8600:
ID 589502862 поставил 217500 коинов на success и проиграл при выигрышном цвете danger
10:42:38 | Розыгрыш ставок для игры №8601:
ID 589502862 поставил 435000 коинов на success и проиграл при выигрышном цвете primary
10:43:20 | Розыгрыш ставок для игры №8602:
ID 589502862 поставил 2061250 коинов на success и выиграл 5153125 коинов при выигрышном цвете success
10:44:31 | Розыгрыш ставок для игры №8603:
ID 589502862 поставил 40156 коинов на danger и проиграл при выигрышном цвете success
10:45:14 | Розыгрыш ставок для игры №8604:
ID 589502862 поставил 160624 коинов на danger и проиграл при выигрышном цвете success
10:45:57 | Розыгрыш ставок для игры №8605:
ID 589502862 поставил 321248 коинов на danger и проиграл при выигрышном цвете primary
10:46:48 | Розыгрыш ставок для игры №8606:
ID 589502862 поставил 642496 коинов на danger и проиграл при выигрышном цвете primary
10:47:31 | Розыгрыш ставок для игры №8607:
ID 589502862 поставил 1284992 коинов на danger и проиграл при выигрышном цвете primary
10:48:33 | Розыгрыш ставок для игры №8608:
ID 589502862 поставил 2703609 коинов на danger и проиграл при выигрышном цвете success
11:22:54 | ID 537317608 пополнил баланс на 1000000 коинов
11:23:42 | Розыгрыш ставок для игры №8609:
ID 537317608 поставил 1000 коинов на primary и выиграл 1500 коинов при выигрышном цвете primary
11:24:26 | Розыгрыш ставок для игры №8610:
ID 537317608 поставил 1000 коинов на primary и проиграл при выигрышном цвете success
11:30:49 | Розыгрыш ставок для игры №8611:
ID 577662815 поставил 1000 коинов на primary и проиграл при выигрышном цвете success
12:14:40 | Розыгрыш ставок для игры №8612:
ID 436967806 поставил 1000 коинов на primary и проиграл при выигрышном цвете danger
12:25:15 | Розыгрыш ставок для игры №8613:
ID 397167851 поставил 1000 коинов на primary и выиграл 1500 коинов при выигрышном цвете primary
12:26:02 | Розыгрыш ставок для игры №8614:
ID 397167851 поставил 1000 коинов на primary и выиграл 1500 коинов при выигрышном цвете primary
12:26:02 | Розыгрыш ставок для игры №8615:
ID 397167851 поставил 1000 коинов на primary и проиграл при выигрышном цвете danger
12:26:42 | ID 397167851 запросил вывод 2000 коинов; VKC response code: 200
12:38:11 | ID 548911526 пополнил баланс на 12750000 коинов
12:38:51 | Розыгрыш ставок для игры №8616:
ID 548911526 поставил 2750 коинов на success и проиграл при выигрышном цвете primary
12:39:41 | Розыгрыш ставок для игры №8617:
ID 548911526 поставил 5000 коинов на success и проиграл при выигрышном цвете primary
12:40:09 | ID 548911526 запросил вывод 5000 коинов; VKC response code: 200
12:45:37 | ID 168394424 пополнил баланс на 50000000 коинов
12:45:41 | Розыгрыш ставок для игры №8618:
ID 168394424 поставил 1000 коинов на danger и проиграл при выигрышном цвете primary
12:46:24 | Розыгрыш ставок для игры №8619:
ID 168394424 поставил 50000 коинов на danger и проиграл при выигрышном цвете primary
12:46:43 | ID 168394424 пополнил баланс на 1000 коинов
12:46:53 | ID 168394424 пополнил баланс на 168000000 коинов
12:47:31 | Розыгрыш ставок для игры №8620:
ID 168394424 поставил 168001 коинов на danger и проиграл при выигрышном цвете primary
12:51:10 | ID 348580288 пополнил баланс на 100000000 коинов
12:52:39 | Розыгрыш ставок для игры №8621:
ID 348580288 поставил 5000 коинов на success и проиграл при выигрышном цвете primary
12:53:34 | Розыгрыш ставок для игры №8622:
ID 348580288 поставил 25000 коинов на primary и проиграл при выигрышном цвете success
12:54:36 | Розыгрыш ставок для игры №8623:
ID 348580288 поставил 70000 коинов на primary и проиграл при выигрышном цвете danger
12:55:03 | ID 348580288 пополнил баланс на 100000000 коинов
12:55:44 | Розыгрыш ставок для игры №8624:
ID 348580288 поставил 100000 коинов на primary и проиграл при выигрышном цвете success
12:59:26 | ID 348580288 пополнил баланс на 900000000 коинов
13:00:03 | Розыгрыш ставок для игры №8625:
ID 348580288 поставил 100000 коинов на success и проиграл при выигрышном цвете primary
13:00:45 | Розыгрыш ставок для игры №8626:
ID 348580288 поставил 200000 коинов на success и проиграл при выигрышном цвете primary
13:01:28 | Розыгрыш ставок для игры №8627:
ID 348580288 поставил 600000 коинов на success и выиграл 1500000 коинов при выигрышном цвете success
13:02:25 | Розыгрыш ставок для игры №8628:
ID 348580288 поставил 100000 коинов на danger и проиграл при выигрышном цвете success
13:03:07 | Розыгрыш ставок для игры №8629:
ID 348580288 поставил 200000 коинов на danger и проиграл при выигрышном цвете primary
13:03:53 | Розыгрыш ставок для игры №8630:
ID 348580288 поставил 400000 коинов на danger и выиграл 1800000 коинов при выигрышном цвете danger
13:04:44 | Розыгрыш ставок для игры №8631:
ID 348580288 поставил 100000 коинов на danger и выиграл 450000 коинов при выигрышном цвете danger
13:05:29 | Розыгрыш ставок для игры №8632:
ID 348580288 поставил 100000 коинов на success и выиграл 250000 коинов при выигрышном цвете success
13:06:13 | Розыгрыш ставок для игры №8633:
ID 348580288 поставил 100000 коинов на danger и проиграл при выигрышном цвете success
13:06:57 | Розыгрыш ставок для игры №8634:
ID 348580288 поставил 200000 коинов на danger и проиграл при выигрышном цвете primary
13:07:40 | Розыгрыш ставок для игры №8635:
ID 348580288 поставил 800000 коинов на danger и проиграл при выигрышном цвете primary
13:08:30 | Розыгрыш ставок для игры №8636:
ID 348580288 поставил 2000000 коинов на danger и проиграл при выигрышном цвете primary
13:17:13 | ID 430974412 пополнил баланс на 20000000 коинов
13:17:55 | Розыгрыш ставок для игры №8637:
ID 430974412 поставил 10000 коинов на success и проиграл при выигрышном цвете primary
13:18:40 | Розыгрыш ставок для игры №8638:
ID 430974412 поставил 10000 коинов на danger и проиграл при выигрышном цвете primary
13:34:26 | ID 168394424 пополнил баланс на 397000 коинов
13:39:38 | Розыгрыш ставок для игры №8639:
ID 573992560 поставил 4000 коинов на danger и проиграл при выигрышном цвете primary
15:28:33 | ID 569150947 пополнил баланс на 200000000 коинов
15:29:10 | Розыгрыш ставок для игры №8640:
ID 569150947 поставил 50000 коинов на success и проиграл при выигрышном цвете primary
15:29:54 | Розыгрыш ставок для игры №8641:
ID 569150947 поставил 100000 коинов на primary и проиграл при выигрышном цвете success
ID 590270051 поставил 1000 коинов на success и выиграл 2500 коинов при выигрышном цвете success
15:30:42 | Розыгрыш ставок для игры №8642:
ID 569150947 поставил 50000 коинов на success и выиграл 125000 коинов при выигрышном цвете success
ID 590270051 поставил 1000 коинов на danger и проиграл при выигрышном цвете success
15:31:24 | Розыгрыш ставок для игры №8643:
ID 569150947 поставил 50000 коинов на success и проиграл при выигрышном цвете primary
ID 590270051 поставил 1000 коинов на success и проиграл при выигрышном цвете primary
15:32:05 | Розыгрыш ставок для игры №8644:
ID 569150947 поставил 50000 коинов на danger и проиграл при выигрышном цвете primary
15:32:48 | Розыгрыш ставок для игры №8645:
ID 569150947 поставил 25000 коинов на success и проиграл при выигрышном цвете primary
17:26:56 | ID 183104758 пополнил баланс на 15000000 коинов
17:27:37 | Розыгрыш ставок для игры №8646:
ID 183104758 поставил 2500 коинов на primary и выиграл 3750 коинов при выигрышном цвете primary
17:28:23 | Розыгрыш ставок для игры №8647:
ID 183104758 поставил 2500 коинов на danger и проиграл при выигрышном цвете primary
17:29:11 | Розыгрыш ставок для игры №8648:
ID 183104758 поставил 13750 коинов на danger и проиграл при выигрышном цвете primary
17:34:16 | ID 590834690 пополнил баланс на 100000 коинов
17:35:28 | ID 590834690 пополнил баланс на 900000 коинов
17:36:16 | Розыгрыш ставок для игры №8649:
ID 590834690 поставил 1000 коинов на danger и проиграл при выигрышном цвете primary
17:36:41 | ID 590834690 пополнил баланс на 1000000 коинов
17:37:21 | Розыгрыш ставок для игры №8650:
ID 590834690 поставил 1000 коинов на danger и проиграл при выигрышном цвете success
17:37:46 | ID 590834690 пополнил баланс на 1000000 коинов
17:38:20 | Розыгрыш ставок для игры №8651:
ID 590834690 поставил 1000 коинов на success и выиграл 2500 коинов при выигрышном цвете success
17:38:42 | ID 590834690 запросил вывод 2500 коинов; VKC response code: 200
18:16:31 | ID 246295533 пополнил баланс на 1200000 коинов
18:17:20 | Розыгрыш ставок для игры №8652:
ID 246295533 поставил 1000 коинов на primary и выиграл 1500 коинов при выигрышном цвете primary
18:18:04 | Розыгрыш ставок для игры №8653:
ID 246295533 поставил 1000 коинов на primary и проиграл при выигрышном цвете success
21:43:49 | ID 587460695 пополнил баланс на 1000000 коинов
21:44:24 | Розыгрыш ставок для игры №8654:
ID 587460695 поставил 1000 коинов на danger и проиграл при выигрышном цвете primary
21:46:32 | ID 494895430 запросил вывод 500 коинов; VKC response code: 200
21:49:01 | ID 398662673 пополнил баланс на 2000000 коинов
21:49:38 | Розыгрыш ставок для игры №8655:
ID 398662673 поставил 1000 коинов на primary и проиграл при выигрышном цвете danger
21:50:27 | Розыгрыш ставок для игры №8656:
ID 398662673 поставил 1000 коинов на success и проиграл при выигрышном цвете danger
21:50:52 | ID 398662673 пополнил баланс на 2000000 коинов
21:51:26 | Розыгрыш ставок для игры №8657:
ID 398662673 поставил 1000 коинов на danger и проиграл при выигрышном цвете success
21:52:11 | Розыгрыш ставок для игры №8658:
ID 398662673 поставил 1000 коинов на primary и выиграл 1500 коинов при выигрышном цвете primary
21:52:56 | Розыгрыш ставок для игры №8659:
ID 398662673 поставил 1000 коинов на success и проиграл при выигрышном цвете danger
22:46:57 | Розыгрыш ставок для игры №8660:
ID 577121548 поставил 1000 коинов на primary и проиграл при выигрышном цвете success
23:28:53 | ID 139727266 пополнил баланс на 1000 коинов
23:29:00 | ID 139727266 пополнил баланс на 1000 коинов
23:59:44 | ID 561543242 пополнил баланс на 10000000 коинов