
13:41:50 | Розыгрыш ставок для игры №10364:
ID 457485971 поставил 1000 коинов на primary и проиграл при выигрышном цвете success
14:37:11 | Розыгрыш ставок для игры №10365:
ID 559729049 поставил 35680 коинов на success и проиграл при выигрышном цвете primary
15:19:51 | Розыгрыш ставок для игры №10366:
ID 550809104 поставил 1000 коинов на primary и выиграл 1500 коинов при выигрышном цвете primary
15:20:42 | Розыгрыш ставок для игры №10367:
ID 550809104 поставил 1500 коинов на primary и выиграл 2250 коинов при выигрышном цвете primary
15:23:24 | Розыгрыш ставок для игры №10368:
ID 550809104 поставил 2250 коинов на danger и проиграл при выигрышном цвете success
ID 600162830 поставил 1000 коинов на danger и проиграл при выигрышном цвете success
15:27:57 | Розыгрыш ставок для игры №10369:
ID 601144721 поставил 1000 коинов на danger и проиграл при выигрышном цвете primary
15:29:22 | Розыгрыш ставок для игры №10370:
ID 544362205 поставил 50000 коинов на success и проиграл при выигрышном цвете danger
15:57:36 | ID 303858647 пополнил баланс на 10000000 коинов
15:58:21 | Розыгрыш ставок для игры №10371:
ID 303858647 поставил 1000 коинов на primary и выиграл 1500 коинов при выигрышном цвете primary
15:58:39 | ID 303858647 запросил вывод 10500 коинов; VKC response code: 200
16:27:41 | Розыгрыш ставок для игры №10372:
ID 342422257 поставил 1000 коинов на primary и проиграл при выигрышном цвете success
17:06:27 | Розыгрыш ставок для игры №10373:
ID 579397048 поставил 1000 коинов на primary и проиграл при выигрышном цвете danger
19:48:08 | Розыгрыш ставок для игры №10374:
ID 560383989 поставил 1000 коинов на primary и проиграл при выигрышном цвете danger
21:16:18 | Розыгрыш ставок для игры №10375:
ID 379390631 поставил 1000 коинов на success и выиграл 2500 коинов при выигрышном цвете success
21:17:01 | Розыгрыш ставок для игры №10376:
ID 379390631 поставил 2500 коинов на danger и выиграл 11250 коинов при выигрышном цвете danger
21:17:02 | Розыгрыш ставок для игры №10377:
ID 379390631 поставил 2500 коинов на danger и проиграл при выигрышном цвете primary
21:17:59 | Розыгрыш ставок для игры №10378:
ID 469274183 поставил 1000 коинов на danger и проиграл при выигрышном цвете primary
21:25:12 | Розыгрыш ставок для игры №10379:
ID 341304267 поставил 1000 коинов на primary и проиграл при выигрышном цвете success
22:28:59 | Розыгрыш ставок для игры №10380:
ID 563859817 поставил 1000 коинов на primary и проиграл при выигрышном цвете success
23:13:15 | ID 434281471 пополнил баланс на 100000000 коинов
23:14:44 | Розыгрыш ставок для игры №10381:
ID 434281471 поставил 100000 коинов на primary и выиграл 150000 коинов при выигрышном цвете primary
23:17:01 | Розыгрыш ставок для игры №10382:
ID 434281471 поставил 150000 коинов на success и проиграл при выигрышном цвете primary