
05:04:26 | Розыгрыш ставок для игры №9891:
ID 569751456 поставил 1000 коинов на danger и выиграл 4500 коинов при выигрышном цвете danger
05:05:16 | Розыгрыш ставок для игры №9892:
ID 569751456 поставил 4500 коинов на danger и проиграл при выигрышном цвете primary
05:14:31 | ID 569751456 пополнил баланс на 3000 коинов
05:15:03 | ID 569751456 пополнил баланс на 3000000 коинов
05:15:56 | Розыгрыш ставок для игры №9893:
ID 569751456 поставил 1000 коинов на primary и выиграл 1500 коинов при выигрышном цвете primary
05:16:57 | Розыгрыш ставок для игры №9894:
ID 569751456 поставил 2000 коинов на danger и проиграл при выигрышном цвете primary
06:32:15 | ID 501562122 пополнил баланс на 300000000 коинов
06:32:53 | Розыгрыш ставок для игры №9895:
ID 501562122 поставил 300000 коинов на success и проиграл при выигрышном цвете primary
12:59:21 | ID 206438936 пополнил баланс на 500000000 коинов
13:00:13 | Розыгрыш ставок для игры №9896:
ID 206438936 поставил 100000 коинов на danger и выиграл 450000 коинов при выигрышном цвете danger
13:01:00 | Розыгрыш ставок для игры №9897:
ID 206438936 поставил 400000 коинов на success и проиграл при выигрышном цвете danger
13:02:07 | Розыгрыш ставок для игры №9898:
ID 206438936 поставил 400000 коинов на success и проиграл при выигрышном цвете danger
13:02:53 | Розыгрыш ставок для игры №9899:
ID 206438936 поставил 50000 коинов на danger и выиграл 225000 коинов при выигрышном цвете danger
13:03:52 | Розыгрыш ставок для игры №9900:
ID 206438936 поставил 50000 коинов на danger и проиграл при выигрышном цвете primary
13:04:45 | Розыгрыш ставок для игры №9901:
ID 206438936 поставил 175000 коинов на danger и проиграл при выигрышном цвете primary
14:03:28 | ID 206438936 пополнил баланс на 96000000 коинов
14:04:04 | Розыгрыш ставок для игры №9902:
ID 206438936 поставил 96000 коинов на danger и проиграл при выигрышном цвете success
14:08:38 | ID 206438936 пополнил баланс на 150000000 коинов
14:11:31 | Розыгрыш ставок для игры №9903:
ID 206438936 поставил 150000 коинов на danger и выиграл 675000 коинов при выигрышном цвете danger
14:12:02 | ID 206438936 запросил вывод 250000 коинов; VKC response code: 200
14:12:38 | Розыгрыш ставок для игры №9904:
ID 206438936 поставил 200000 коинов на danger и проиграл при выигрышном цвете success
14:14:22 | Розыгрыш ставок для игры №9905:
ID 206438936 поставил 225000 коинов на success и проиграл при выигрышном цвете primary
15:13:50 | ID 542070334 пополнил баланс на 250000000 коинов
15:14:35 | Розыгрыш ставок для игры №9906:
ID 542070334 поставил 16384 коинов на success и выиграл 40960 коинов при выигрышном цвете success
15:15:28 | Розыгрыш ставок для игры №9907:
ID 542070334 поставил 274432 коинов на danger и проиграл при выигрышном цвете primary
16:15:52 | ID 510428548 пополнил баланс на 100000000 коинов
16:16:35 | Розыгрыш ставок для игры №9908:
ID 510428548 поставил 50000 коинов на primary и проиграл при выигрышном цвете danger
16:17:28 | Розыгрыш ставок для игры №9909:
ID 510428548 поставил 25000 коинов на primary и выиграл 37500 коинов при выигрышном цвете primary
16:18:16 | Розыгрыш ставок для игры №9910:
ID 510428548 поставил 25000 коинов на danger и проиграл при выигрышном цвете success
16:19:03 | ID 510428548 запросил вывод 13300 коинов; VKC response code: 200
16:19:05 | Розыгрыш ставок для игры №9911:
ID 510428548 поставил 25000 коинов на primary и проиграл при выигрышном цвете success
19:59:21 | ID 206438936 пополнил баланс на 38000000 коинов
19:59:56 | Розыгрыш ставок для игры №9912:
ID 206438936 поставил 38000 коинов на danger и проиграл при выигрышном цвете primary
21:03:15 | ID 206438936 пополнил баланс на 50000000 коинов
21:03:48 | Розыгрыш ставок для игры №9913:
ID 206438936 поставил 50000 коинов на danger и выиграл 225000 коинов при выигрышном цвете danger
21:04:51 | Розыгрыш ставок для игры №9914:
ID 206438936 поставил 200000 коинов на success и проиграл при выигрышном цвете primary
21:05:41 | Розыгрыш ставок для игры №9915:
ID 206438936 поставил 25000 коинов на danger и выиграл 112500 коинов при выигрышном цвете danger
21:06:39 | Розыгрыш ставок для игры №9916:
ID 206438936 поставил 12500 коинов на success и проиграл при выигрышном цвете primary
21:07:26 | Розыгрыш ставок для игры №9917:
ID 206438936 поставил 100000 коинов на danger и выиграл 450000 коинов при выигрышном цвете danger
21:08:03 | ID 206438936 запросил вывод 350000 коинов; VKC response code: 200
21:08:27 | Розыгрыш ставок для игры №9918:
ID 206438936 поставил 100000 коинов на danger и проиграл при выигрышном цвете success
21:59:13 | ID 569150947 пополнил баланс на 1900000000 коинов
21:59:49 | Розыгрыш ставок для игры №9919:
ID 569150947 поставил 900000 коинов на success и выиграл 2250000 коинов при выигрышном цвете success
22:00:35 | Розыгрыш ставок для игры №9920:
ID 569150947 поставил 900000 коинов на primary и проиграл при выигрышном цвете danger
22:01:10 | ID 569150947 запросил вывод 1000000 коинов; VKC response code: 200
22:01:19 | Розыгрыш ставок для игры №9921:
ID 569150947 поставил 1350000 коинов на primary и проиграл при выигрышном цвете danger
22:02:56 | ID 569150947 пополнил баланс на 940000000 коинов
22:03:41 | Розыгрыш ставок для игры №9922:
ID 569150947 поставил 940000 коинов на success и проиграл при выигрышном цвете primary