
00:01:37 | ID 469132408 пополнил баланс на 10000000 коинов
00:02:15 | Розыгрыш ставок для игры №5161:
ID 469132408 поставил 1000 коинов на primary и проиграл при выигрышном цвете danger
00:02:59 | Розыгрыш ставок для игры №5162:
ID 469132408 поставил 2000 коинов на primary и выиграл 4000 коинов при выигрышном цвете primary
00:08:59 | Розыгрыш ставок для игры №5163:
ID 469132408 поставил 1000 коинов на primary и выиграл 2000 коинов при выигрышном цвете primary
00:13:35 | Розыгрыш ставок для игры №5164:
ID 469132408 поставил 1000 коинов на danger и выиграл 2000 коинов при выигрышном цвете danger
00:14:21 | Розыгрыш ставок для игры №5165:
ID 469132408 поставил 1000 коинов на primary и выиграл 2000 коинов при выигрышном цвете primary
ID 406836666 поставил 1000 коинов на danger и проиграл при выигрышном цвете primary
00:14:23 | ID 589729040 пополнил баланс на 1000000 коинов
00:15:07 | Розыгрыш ставок для игры №5166:
ID 589729040 поставил 1000 коинов на primary и выиграл 2000 коинов при выигрышном цвете primary
00:15:52 | Розыгрыш ставок для игры №5167:
ID 589729040 поставил 1000 коинов на danger и выиграл 2000 коинов при выигрышном цвете danger
00:16:41 | Розыгрыш ставок для игры №5168:
ID 589729040 поставил 1000 коинов на success и проиграл при выигрышном цвете primary
00:17:31 | Розыгрыш ставок для игры №5169:
ID 589729040 поставил 2000 коинов на primary и проиграл при выигрышном цвете danger
00:24:43 | Розыгрыш ставок для игры №5170:
ID 586455878 поставил 1000 коинов на primary и выиграл 2000 коинов при выигрышном цвете primary
00:29:06 | Розыгрыш ставок для игры №5171:
ID 456774865 поставил 2999 коинов на danger и проиграл при выигрышном цвете primary
00:33:05 | Розыгрыш ставок для игры №5172:
ID 456774865 поставил 2999 коинов на primary и проиграл при выигрышном цвете danger
00:37:45 | Розыгрыш ставок для игры №5173:
ID 456774865 поставил 2999 коинов на primary и проиграл при выигрышном цвете danger
00:39:26 | Розыгрыш ставок для игры №5174:
ID 456774865 поставил 2999 коинов на danger и проиграл при выигрышном цвете primary
00:40:44 | Розыгрыш ставок для игры №5175:
ID 456774865 поставил 2999 коинов на primary и проиграл при выигрышном цвете success
00:42:14 | Розыгрыш ставок для игры №5176:
ID 456774865 поставил 2999 коинов на success и выиграл 41986 коинов при выигрышном цвете success
00:44:26 | Розыгрыш ставок для игры №5177:
ID 586455878 поставил 2000 коинов на danger и проиграл при выигрышном цвете primary
00:45:28 | Розыгрыш ставок для игры №5178:
ID 456774865 поставил 2999 коинов на danger и проиграл при выигрышном цвете primary
ID 469132408 поставил 1010 коинов на danger и проиграл при выигрышном цвете primary
00:46:13 | Розыгрыш ставок для игры №5179:
ID 456774865 поставил 2999 коинов на danger и выиграл 5998 коинов при выигрышном цвете danger
00:47:11 | Розыгрыш ставок для игры №5180:
ID 456774865 поставил 2999 коинов на primary и выиграл 5998 коинов при выигрышном цвете primary
00:47:38 | ID 586455878 пополнил баланс на 800000000 коинов
00:48:11 | Розыгрыш ставок для игры №5181:
ID 586455878 поставил 32000 коинов на danger и проиграл при выигрышном цвете primary
00:48:58 | Розыгрыш ставок для игры №5182:
ID 456774865 поставил 2999 коинов на danger и проиграл при выигрышном цвете primary
ID 586455878 поставил 68000 коинов на danger и проиграл при выигрышном цвете primary
00:49:40 | Розыгрыш ставок для игры №5183:
ID 586455878 поставил 200000 коинов на primary и выиграл 400000 коинов при выигрышном цвете primary
00:50:37 | Розыгрыш ставок для игры №5184:
ID 586455878 поставил 100000 коинов на danger и выиграл 200000 коинов при выигрышном цвете danger
00:51:31 | Розыгрыш ставок для игры №5185:
ID 586455878 поставил 300000 коинов на primary и проиграл при выигрышном цвете danger
00:52:21 | Розыгрыш ставок для игры №5186:
ID 586455878 поставил 600000 коинов на primary и проиграл при выигрышном цвете danger
00:53:05 | Розыгрыш ставок для игры №5187:
ID 586455878 поставил 100000 коинов на success и проиграл при выигрышном цвете primary
ID 476924644 поставил 2000 коинов на danger и проиграл при выигрышном цвете primary
01:03:23 | ID 563182742 пополнил баланс на 2600000000 коинов
01:04:12 | ID 586455878 пополнил баланс на 1000000000 коинов
01:04:14 | Розыгрыш ставок для игры №5188:
ID 563182742 поставил 500000 коинов на primary и проиграл при выигрышном цвете success
01:04:58 | Розыгрыш ставок для игры №5189:
ID 586455878 поставил 500000 коинов на danger и проиграл при выигрышном цвете primary
ID 563182742 поставил 1000000 коинов на primary и выиграл 2000000 коинов при выигрышном цвете primary
01:05:49 | Розыгрыш ставок для игры №5190:
ID 586455878 поставил 500000 коинов на primary и выиграл 1000000 коинов при выигрышном цвете primary
ID 563182742 поставил 500000 коинов на danger и проиграл при выигрышном цвете primary
01:06:33 | Розыгрыш ставок для игры №5191:
ID 563182742 поставил 1000000 коинов на danger и проиграл при выигрышном цвете primary
ID 586455878 поставил 500000 коинов на primary и выиграл 1000000 коинов при выигрышном цвете primary
01:07:22 | Розыгрыш ставок для игры №5192:
ID 563182742 поставил 1500000 коинов на danger и выиграл 3000000 коинов при выигрышном цвете danger
ID 586455878 поставил 500000 коинов на primary и проиграл при выигрышном цвете danger
01:08:10 | Розыгрыш ставок для игры №5193:
ID 586455878 поставил 1000000 коинов на primary и выиграл 2000000 коинов при выигрышном цвете primary
ID 563182742 поставил 1000000 коинов на danger и проиграл при выигрышном цвете primary
01:09:00 | Розыгрыш ставок для игры №5194:
ID 563182742 поставил 500000 коинов на danger и проиграл при выигрышном цвете primary
ID 586455878 поставил 500000 коинов на success и проиграл при выигрышном цвете primary
01:09:46 | Розыгрыш ставок для игры №5195:
ID 563182742 поставил 1500000 коинов на danger и выиграл 3000000 коинов при выигрышном цвете danger
ID 586455878 поставил 1500000 коинов на danger и выиграл 3000000 коинов при выигрышном цвете danger
01:10:44 | Розыгрыш ставок для игры №5196:
ID 586455878 поставил 1500000 коинов на primary и выиграл 3000000 коинов при выигрышном цвете primary
ID 563182742 поставил 1000000 коинов на primary и выиграл 2000000 коинов при выигрышном цвете primary
01:11:22 | ID 586455878 запросил вывод 3000000 коинов; VKC response code: 200
01:11:33 | Розыгрыш ставок для игры №5197:
ID 563182742 поставил 500000 коинов на primary и проиграл при выигрышном цвете danger
ID 586455878 поставил 1500000 коинов на danger и выиграл 3000000 коинов при выигрышном цвете danger
01:12:01 | ID 586455878 запросил вывод 3000000 коинов; VKC response code: 200
01:12:22 | Розыгрыш ставок для игры №5198:
ID 563182742 поставил 500000 коинов на success и проиграл при выигрышном цвете primary
01:13:09 | ID 586455878 пополнил баланс на 2000000000 коинов
01:13:17 | Розыгрыш ставок для игры №5199:
ID 563182742 поставил 1000000 коинов на primary и проиграл при выигрышном цвете danger
ID 586455878 поставил 2000000 коинов на danger и выиграл 4000000 коинов при выигрышном цвете danger
01:14:05 | Розыгрыш ставок для игры №5200:
ID 563182742 поставил 2000000 коинов на primary и выиграл 4000000 коинов при выигрышном цвете primary
ID 586455878 поставил 1000000 коинов на success и проиграл при выигрышном цвете primary
01:14:10 | ID 586455878 запросил вывод 3000000 коинов; VKC response code: 200
01:15:39 | ID 563182742 пополнил баланс на 5000000000 коинов
01:16:12 | ID 586455878 пополнил баланс на 2000000000 коинов
01:16:32 | Розыгрыш ставок для игры №5201:
ID 563182742 поставил 1000000 коинов на success и проиграл при выигрышном цвете primary
ID 586455878 поставил 2000000 коинов на danger и проиграл при выигрышном цвете primary
01:17:33 | Розыгрыш ставок для игры №5202:
ID 563182742 поставил 1000000 коинов на primary и проиграл при выигрышном цвете danger
01:17:54 | ID 586455878 пополнил баланс на 600000000 коинов
01:18:23 | Розыгрыш ставок для игры №5203:
ID 563182742 поставил 3000000 коинов на primary и проиграл при выигрышном цвете danger
ID 586455878 поставил 600000 коинов на danger и выиграл 1200000 коинов при выигрышном цвете danger
01:18:27 | ID 586455878 пополнил баланс на 2000000000 коинов
01:19:11 | Розыгрыш ставок для игры №5204:
ID 586455878 поставил 200000 коинов на success и проиграл при выигрышном цвете danger
ID 563182742 поставил 1000000 коинов на success и проиграл при выигрышном цвете danger
01:20:01 | Розыгрыш ставок для игры №5205:
ID 586455878 поставил 3000000 коинов на primary и выиграл 6000000 коинов при выигрышном цвете primary
ID 563182742 поставил 3000000 коинов на primary и выиграл 6000000 коинов при выигрышном цвете primary
01:20:01 | Розыгрыш ставок для игры №5206:
ID 586455878 поставил 3000000 коинов на primary и выиграл 6000000 коинов при выигрышном цвете primary
ID 563182742 поставил 3000000 коинов на primary и выиграл 6000000 коинов при выигрышном цвете primary
01:21:05 | Розыгрыш ставок для игры №5207:
ID 586455878 поставил 2000000 коинов на danger и проиграл при выигрышном цвете primary
ID 469132408 поставил 3000 коинов на danger и проиграл при выигрышном цвете primary
01:21:51 | Розыгрыш ставок для игры №5208:
ID 586455878 поставил 2000000 коинов на primary и выиграл 4000000 коинов при выигрышном цвете primary
ID 563182742 поставил 2000000 коинов на danger и проиграл при выигрышном цвете primary
ID 469132408 поставил 3000 коинов на primary и выиграл 6000 коинов при выигрышном цвете primary
01:22:49 | Розыгрыш ставок для игры №5209:
ID 586455878 поставил 1000000 коинов на success и проиграл при выигрышном цвете danger
ID 563182742 поставил 1000000 коинов на success и проиграл при выигрышном цвете danger
ID 469132408 поставил 2000 коинов на success и проиграл при выигрышном цвете danger
01:23:41 | Розыгрыш ставок для игры №5210:
ID 586455878 поставил 2000000 коинов на primary и проиграл при выигрышном цвете danger
ID 563182742 поставил 2000000 коинов на danger и выиграл 4000000 коинов при выигрышном цвете danger
ID 469132408 поставил 1000 коинов на primary и проиграл при выигрышном цвете danger
01:23:43 | ID 563182742 запросил вывод 4000000 коинов; VKC response code: 200
01:24:34 | Розыгрыш ставок для игры №5211:
ID 586455878 поставил 4000000 коинов на primary и выиграл 8000000 коинов при выигрышном цвете primary
ID 469132408 поставил 5000 коинов на primary и выиграл 10000 коинов при выигрышном цвете primary
01:25:37 | ID 469132408 пополнил баланс на 80000000 коинов
01:25:37 | Розыгрыш ставок для игры №5212:
ID 586455878 поставил 3000000 коинов на primary и проиграл при выигрышном цвете danger
ID 469132408 поставил 2000 коинов на danger и выиграл 4000 коинов при выигрышном цвете danger
01:26:05 | ID 469132408 пополнил баланс на 8000000 коинов
01:26:33 | Розыгрыш ставок для игры №5213:
ID 586455878 поставил 1000000 коинов на success и проиграл при выигрышном цвете danger
ID 563182742 поставил 1000000 коинов на success и проиграл при выигрышном цвете danger
ID 469132408 поставил 5000 коинов на success и проиграл при выигрышном цвете danger
01:27:20 | ID 586455878 запросил вывод 5000000 коинов; VKC response code: 200
01:27:23 | Розыгрыш ставок для игры №5214:
ID 586455878 поставил 3000000 коинов на primary и выиграл 6000000 коинов при выигрышном цвете primary
ID 563182742 поставил 2000000 коинов на primary и выиграл 4000000 коинов при выигрышном цвете primary
ID 469132408 поставил 10000 коинов на primary и выиграл 20000 коинов при выигрышном цвете primary
01:28:27 | Розыгрыш ставок для игры №5215:
ID 563938489 поставил 1000 коинов на primary и проиграл при выигрышном цвете danger
01:29:09 | Розыгрыш ставок для игры №5216:
ID 563182742 поставил 2000000 коинов на primary и проиграл при выигрышном цвете danger
ID 586455878 поставил 2000000 коинов на danger и выиграл 4000000 коинов при выигрышном цвете danger
ID 469132408 поставил 10000 коинов на danger и выиграл 20000 коинов при выигрышном цвете danger
01:30:28 | Розыгрыш ставок для игры №5217:
ID 586455878 поставил 2000000 коинов на danger и проиграл при выигрышном цвете primary
01:31:20 | Розыгрыш ставок для игры №5218:
ID 586455878 поставил 3000000 коинов на danger и проиграл при выигрышном цвете primary
01:32:04 | Розыгрыш ставок для игры №5219:
ID 563182742 поставил 2000000 коинов на primary и выиграл 4000000 коинов при выигрышном цвете primary
ID 586455878 поставил 4000000 коинов на danger и проиграл при выигрышном цвете primary
01:32:48 | ID 586455878 пополнил баланс на 200000000 коинов
01:32:59 | ID 563182742 запросил вывод 5000000 коинов; VKC response code: 200
01:33:22 | Розыгрыш ставок для игры №5220:
ID 586455878 поставил 200000 коинов на danger и проиграл при выигрышном цвете primary
ID 563182742 поставил 2000000 коинов на danger и проиграл при выигрышном цвете primary
01:34:06 | Розыгрыш ставок для игры №5221:
ID 563182742 поставил 1000000 коинов на danger и выиграл 2000000 коинов при выигрышном цвете danger
ID 469132408 поставил 10000 коинов на danger и выиграл 20000 коинов при выигрышном цвете danger
01:34:29 | ID 563182742 запросил вывод 2000000 коинов; VKC response code: 200
01:35:05 | Розыгрыш ставок для игры №5222:
ID 563182742 поставил 500000 коинов на primary и проиграл при выигрышном цвете danger
ID 469132408 поставил 10000 коинов на success и проиграл при выигрышном цвете danger
01:37:07 | Розыгрыш ставок для игры №5223:
ID 563182742 поставил 79000 коинов на primary и проиграл при выигрышном цвете danger
01:38:27 | Розыгрыш ставок для игры №5224:
ID 465094197 поставил 1000 коинов на danger и проиграл при выигрышном цвете primary
01:40:24 | Розыгрыш ставок для игры №5225:
ID 465094197 поставил 9000 коинов на primary и выиграл 18000 коинов при выигрышном цвете primary
01:40:47 | ID 586455878 пополнил баланс на 4000000000 коинов
01:41:14 | Розыгрыш ставок для игры №5226:
ID 465094197 поставил 1000 коинов на danger и выиграл 2000 коинов при выигрышном цвете danger
ID 586455878 поставил 500000 коинов на primary и проиграл при выигрышном цвете danger
01:42:08 | Розыгрыш ставок для игры №5227:
ID 465094197 поставил 309000 коинов на danger и проиграл при выигрышном цвете success
ID 586455878 поставил 1000000 коинов на primary и проиграл при выигрышном цвете success
01:43:15 | Розыгрыш ставок для игры №5228:
ID 465094197 поставил 200000 коинов на danger и проиграл при выигрышном цвете primary
ID 586455878 поставил 500000 коинов на primary и выиграл 1000000 коинов при выигрышном цвете primary
01:44:09 | Розыгрыш ставок для игры №5229:
ID 586455878 поставил 1000000 коинов на primary и выиграл 2000000 коинов при выигрышном цвете primary
01:45:01 | Розыгрыш ставок для игры №5230:
ID 586455878 поставил 3000000 коинов на danger и выиграл 6000000 коинов при выигрышном цвете danger
ID 469132408 поставил 20000 коинов на danger и выиграл 40000 коинов при выигрышном цвете danger
01:45:53 | Розыгрыш ставок для игры №5231:
ID 586455878 поставил 2000000 коинов на primary и выиграл 4000000 коинов при выигрышном цвете primary
ID 469132408 поставил 20000 коинов на primary и выиграл 40000 коинов при выигрышном цвете primary
01:46:14 | ID 586455878 запросил вывод 9000000 коинов; VKC response code: 200
01:54:15 | Розыгрыш ставок для игры №5232:
ID 469132408 поставил 10000 коинов на success и проиграл при выигрышном цвете primary
02:53:10 | Розыгрыш ставок для игры №5233:
ID 523757536 поставил 1000 коинов на primary и проиграл при выигрышном цвете success
03:32:19 | Розыгрыш ставок для игры №5234:
ID 469132408 поставил 2010 коинов на primary и выиграл 4020 коинов при выигрышном цвете primary
03:33:40 | Розыгрыш ставок для игры №5235:
ID 469132408 поставил 1020 коинов на danger и выиграл 2040 коинов при выигрышном цвете danger
03:34:36 | Розыгрыш ставок для игры №5236:
ID 469132408 поставил 1040 коинов на primary и проиграл при выигрышном цвете danger
03:35:39 | Розыгрыш ставок для игры №5237:
ID 469132408 поставил 2000 коинов на primary и выиграл 4000 коинов при выигрышном цвете primary
03:36:34 | Розыгрыш ставок для игры №5238:
ID 469132408 поставил 14000 коинов на danger и проиграл при выигрышном цвете primary
03:37:27 | Розыгрыш ставок для игры №5239:
ID 469132408 поставил 20000 коинов на danger и выиграл 40000 коинов при выигрышном цвете danger
03:38:20 | Розыгрыш ставок для игры №5240:
ID 469132408 поставил 20000 коинов на primary и проиграл при выигрышном цвете danger
03:39:23 | Розыгрыш ставок для игры №5241:
ID 469132408 поставил 30000 коинов на primary и выиграл 60000 коинов при выигрышном цвете primary
03:40:32 | Розыгрыш ставок для игры №5242:
ID 469132408 поставил 10000 коинов на success и проиграл при выигрышном цвете primary
03:42:06 | Розыгрыш ставок для игры №5243:
ID 469132408 поставил 20000 коинов на danger и проиграл при выигрышном цвете primary
03:42:59 | Розыгрыш ставок для игры №5244:
ID 469132408 поставил 50000 коинов на danger и выиграл 100000 коинов при выигрышном цвете danger
03:43:51 | Розыгрыш ставок для игры №5245:
ID 469132408 поставил 20000 коинов на primary и выиграл 40000 коинов при выигрышном цвете primary
03:44:55 | Розыгрыш ставок для игры №5246:
ID 469132408 поставил 10000 коинов на primary и выиграл 20000 коинов при выигрышном цвете primary
03:45:44 | Розыгрыш ставок для игры №5247:
ID 469132408 поставил 20000 коинов на danger и выиграл 40000 коинов при выигрышном цвете danger
03:46:33 | Розыгрыш ставок для игры №5248:
ID 469132408 поставил 10000 коинов на primary и проиграл при выигрышном цвете danger
03:47:31 | Розыгрыш ставок для игры №5249:
ID 469132408 поставил 20000 коинов на primary и проиграл при выигрышном цвете danger
03:48:24 | Розыгрыш ставок для игры №5250:
ID 469132408 поставил 50000 коинов на primary и проиграл при выигрышном цвете danger
03:49:23 | Розыгрыш ставок для игры №5251:
ID 469132408 поставил 60000 коинов на primary и проиграл при выигрышном цвете danger
03:50:23 | Розыгрыш ставок для игры №5252:
ID 469132408 поставил 100000 коинов на primary и проиграл при выигрышном цвете success
03:51:11 | ID 469132408 пополнил баланс на 100000000 коинов
03:51:41 | ID 469132408 пополнил баланс на 100000000 коинов
03:51:46 | Розыгрыш ставок для игры №5253:
ID 469132408 поставил 100000 коинов на primary и выиграл 200000 коинов при выигрышном цвете primary
03:52:35 | Розыгрыш ставок для игры №5254:
ID 469132408 поставил 30000 коинов на danger и выиграл 60000 коинов при выигрышном цвете danger
03:53:24 | Розыгрыш ставок для игры №5255:
ID 469132408 поставил 10000 коинов на danger и выиграл 20000 коинов при выигрышном цвете danger
03:54:13 | Розыгрыш ставок для игры №5256:
ID 469132408 поставил 40000 коинов на primary и выиграл 80000 коинов при выигрышном цвете primary
03:55:07 | Розыгрыш ставок для игры №5257:
ID 469132408 поставил 10000 коинов на primary и проиграл при выигрышном цвете danger
03:55:51 | Розыгрыш ставок для игры №5258:
ID 469132408 поставил 10000 коинов на danger и проиграл при выигрышном цвете primary
03:56:56 | Розыгрыш ставок для игры №5259:
ID 469132408 поставил 40000 коинов на danger и выиграл 80000 коинов при выигрышном цвете danger
03:57:51 | Розыгрыш ставок для игры №5260:
ID 469132408 поставил 10000 коинов на danger и проиграл при выигрышном цвете primary
03:58:49 | Розыгрыш ставок для игры №5261:
ID 469132408 поставил 10000 коинов на danger и проиграл при выигрышном цвете primary
03:59:42 | Розыгрыш ставок для игры №5262:
ID 469132408 поставил 60000 коинов на danger и проиграл при выигрышном цвете primary
04:00:49 | Розыгрыш ставок для игры №5263:
ID 469132408 поставил 120000 коинов на danger и проиграл при выигрышном цвете primary
04:01:46 | Розыгрыш ставок для игры №5264:
ID 469132408 поставил 180000 коинов на danger и выиграл 360000 коинов при выигрышном цвете danger
04:02:34 | Розыгрыш ставок для игры №5265:
ID 469132408 поставил 20000 коинов на danger и проиграл при выигрышном цвете primary
04:03:56 | Розыгрыш ставок для игры №5266:
ID 469132408 поставил 30000 коинов на danger и выиграл 60000 коинов при выигрышном цвете danger
04:05:19 | Розыгрыш ставок для игры №5267:
ID 469132408 поставил 20000 коинов на danger и выиграл 40000 коинов при выигрышном цвете danger
04:07:51 | Розыгрыш ставок для игры №5268:
ID 469132408 поставил 40000 коинов на primary и проиграл при выигрышном цвете danger
04:11:39 | Розыгрыш ставок для игры №5269:
ID 469132408 поставил 20000 коинов на primary и проиграл при выигрышном цвете danger
04:12:43 | Розыгрыш ставок для игры №5270:
ID 469132408 поставил 60000 коинов на primary и проиграл при выигрышном цвете danger
04:13:41 | Розыгрыш ставок для игры №5271:
ID 469132408 поставил 140000 коинов на primary и выиграл 280000 коинов при выигрышном цвете primary
04:14:28 | Розыгрыш ставок для игры №5272:
ID 469132408 поставил 20000 коинов на primary и проиграл при выигрышном цвете danger
04:15:12 | Розыгрыш ставок для игры №5273:
ID 469132408 поставил 40000 коинов на primary и выиграл 80000 коинов при выигрышном цвете primary
04:15:58 | Розыгрыш ставок для игры №5274:
ID 469132408 поставил 20000 коинов на primary и проиграл при выигрышном цвете danger
04:16:46 | Розыгрыш ставок для игры №5275:
ID 469132408 поставил 40000 коинов на primary и проиграл при выигрышном цвете danger
04:17:30 | Розыгрыш ставок для игры №5276:
ID 469132408 поставил 60000 коинов на primary и выиграл 120000 коинов при выигрышном цвете primary
04:18:20 | Розыгрыш ставок для игры №5277:
ID 469132408 поставил 20000 коинов на primary и проиграл при выигрышном цвете danger
04:19:03 | Розыгрыш ставок для игры №5278:
ID 469132408 поставил 40000 коинов на primary и проиграл при выигрышном цвете danger
04:20:04 | Розыгрыш ставок для игры №5279:
ID 469132408 поставил 80000 коинов на primary и выиграл 160000 коинов при выигрышном цвете primary
04:20:52 | Розыгрыш ставок для игры №5280:
ID 469132408 поставил 20000 коинов на primary и выиграл 40000 коинов при выигрышном цвете primary
04:21:41 | Розыгрыш ставок для игры №5281:
ID 469132408 поставил 40000 коинов на danger и проиграл при выигрышном цвете primary
04:22:25 | Розыгрыш ставок для игры №5282:
ID 469132408 поставил 80000 коинов на danger и выиграл 160000 коинов при выигрышном цвете danger
04:23:21 | Розыгрыш ставок для игры №5283:
ID 469132408 поставил 20000 коинов на danger и выиграл 40000 коинов при выигрышном цвете danger
04:24:20 | Розыгрыш ставок для игры №5284:
ID 469132408 поставил 20000 коинов на primary и проиграл при выигрышном цвете danger
04:25:11 | Розыгрыш ставок для игры №5285:
ID 469132408 поставил 60000 коинов на primary и проиграл при выигрышном цвете danger
04:26:05 | Розыгрыш ставок для игры №5286:
ID 469132408 поставил 80000 коинов на primary и проиграл при выигрышном цвете danger
04:26:54 | Розыгрыш ставок для игры №5287:
ID 469132408 поставил 140000 коинов на primary и проиграл при выигрышном цвете danger
04:27:38 | Розыгрыш ставок для игры №5288:
ID 469132408 поставил 250000 коинов на primary и проиграл при выигрышном цвете danger
04:28:26 | ID 469132408 пополнил баланс на 500000000 коинов
04:29:06 | Розыгрыш ставок для игры №5289:
ID 469132408 поставил 250000 коинов на primary и проиграл при выигрышном цвете danger
04:29:50 | Розыгрыш ставок для игры №5290:
ID 469132408 поставил 250000 коинов на primary и выиграл 500000 коинов при выигрышном цвете primary
04:31:33 | Розыгрыш ставок для игры №5291:
ID 469132408 поставил 10000 коинов на primary и проиграл при выигрышном цвете danger
04:33:13 | ID 469132408 запросил вывод 490000 коинов; VKC response code: 200
10:20:20 | Розыгрыш ставок для игры №5292:
ID 563182742 поставил 80000 коинов на primary и проиграл при выигрышном цвете danger
10:41:12 | ID 586455878 пополнил баланс на 3000000000 коинов
10:41:22 | ID 563182742 пополнил баланс на 9000000000 коинов
10:41:49 | Розыгрыш ставок для игры №5293:
ID 586455878 поставил 1000000 коинов на primary и выиграл 2000000 коинов при выигрышном цвете primary
10:42:36 | Розыгрыш ставок для игры №5294:
ID 586455878 поставил 1000000 коинов на primary и проиграл при выигрышном цвете danger
10:43:26 | Розыгрыш ставок для игры №5295:
ID 586455878 поставил 3000000 коинов на danger и проиграл при выигрышном цвете primary
10:48:35 | Розыгрыш ставок для игры №5296:
ID 563182742 поставил 1000000 коинов на primary и выиграл 2000000 коинов при выигрышном цвете primary
10:52:54 | Розыгрыш ставок для игры №5297:
ID 563182742 поставил 1000000 коинов на primary и выиграл 2000000 коинов при выигрышном цвете primary
10:53:40 | Розыгрыш ставок для игры №5298:
ID 563182742 поставил 1000000 коинов на danger и проиграл при выигрышном цвете primary
10:54:57 | Розыгрыш ставок для игры №5299:
ID 563182742 поставил 1000000 коинов на danger и выиграл 2000000 коинов при выигрышном цвете danger
10:55:53 | ID 563182742 пополнил баланс на 1000 коинов
10:56:33 | Розыгрыш ставок для игры №5300:
ID 563182742 поставил 1000000 коинов на primary и проиграл при выигрышном цвете danger
10:57:23 | Розыгрыш ставок для игры №5301:
ID 563182742 поставил 5000000 коинов на primary и выиграл 10000000 коинов при выигрышном цвете primary
ID 317113903 поставил 8000000 коинов на primary и выиграл 16000000 коинов при выигрышном цвете primary
11:02:23 | Розыгрыш ставок для игры №5302:
ID 563182742 поставил 5000000 коинов на danger и проиграл при выигрышном цвете primary
11:03:40 | Розыгрыш ставок для игры №5303:
ID 563182742 поставил 5000000 коинов на danger и проиграл при выигрышном цвете primary
11:05:00 | Розыгрыш ставок для игры №5304:
ID 563182742 поставил 5000000 коинов на danger и проиграл при выигрышном цвете primary
ID 317113903 поставил 16400000 коинов на danger и проиграл при выигрышном цвете primary
11:07:19 | Розыгрыш ставок для игры №5305:
ID 563182742 поставил 39062 коинов на danger и выиграл 78124 коинов при выигрышном цвете danger
11:09:40 | ID 593484793 пополнил баланс на 20000000 коинов
11:10:24 | Розыгрыш ставок для игры №5306:
ID 593484793 поставил 1000 коинов на danger и выиграл 2000 коинов при выигрышном цвете danger
11:11:12 | Розыгрыш ставок для игры №5307:
ID 593484793 поставил 1000 коинов на success и проиграл при выигрышном цвете danger
11:11:33 | ID 593484793 запросил вывод 20000 коинов; VKC response code: 200
11:11:45 | ID 593484793 пополнил баланс на 10000000 коинов
11:11:58 | Розыгрыш ставок для игры №5308:
ID 563182742 поставил 39062 коинов на primary и проиграл при выигрышном цвете danger
ID 593484793 поставил 5000 коинов на primary и проиграл при выигрышном цвете danger
11:12:17 | ID 593484793 запросил вывод 5000 коинов; VKC response code: 200
11:17:44 | ID 563182742 пополнил баланс на 100000000 коинов
11:17:58 | Розыгрыш ставок для игры №5309:
ID 563182742 поставил 39062 коинов на primary и выиграл 78124 коинов при выигрышном цвете primary
11:25:41 | Розыгрыш ставок для игры №5310:
ID 563182742 поставил 189000 коинов на primary и выиграл 378000 коинов при выигрышном цвете primary
11:29:29 | Розыгрыш ставок для игры №5311:
ID 563182742 поставил 189000 коинов на primary и проиграл при выигрышном цвете danger
11:48:02 | ID 470596391 пополнил баланс на 5000 коинов
11:48:15 | ID 470596391 пополнил баланс на 500000000 коинов
11:49:40 | Розыгрыш ставок для игры №5312:
ID 470596391 поставил 500000 коинов на primary и проиграл при выигрышном цвете danger
12:02:28 | ID 594058724 пополнил баланс на 540000000 коинов
12:03:01 | Розыгрыш ставок для игры №5313:
ID 594058724 поставил 54000 коинов на primary и проиграл при выигрышном цвете success
12:03:44 | Розыгрыш ставок для игры №5314:
ID 594058724 поставил 243000 коинов на primary и выиграл 486000 коинов при выигрышном цвете primary
12:08:21 | ID 573244970 пополнил баланс на 490000000 коинов
12:09:27 | Розыгрыш ставок для игры №5315:
ID 573244970 поставил 15000 коинов на primary и проиграл при выигрышном цвете danger
12:09:39 | ID 433391039 пополнил баланс на 150000000 коинов
12:10:11 | Розыгрыш ставок для игры №5316:
ID 573244970 поставил 30000 коинов на primary и проиграл при выигрышном цвете danger
ID 433391039 поставил 20000 коинов на primary и проиграл при выигрышном цвете danger
12:11:04 | Розыгрыш ставок для игры №5317:
ID 433391039 поставил 40000 коинов на primary и выиграл 80000 коинов при выигрышном цвете primary
ID 573244970 поставил 39999 коинов на danger и проиграл при выигрышном цвете primary
12:11:50 | Розыгрыш ставок для игры №5318:
ID 573244970 поставил 19999 коинов на danger и проиграл при выигрышном цвете primary
ID 433391039 поставил 20000 коинов на primary и выиграл 40000 коинов при выигрышном цвете primary
12:12:40 | Розыгрыш ставок для игры №5319:
ID 573244970 поставил 100000 коинов на primary и проиграл при выигрышном цвете danger
ID 433391039 поставил 20000 коинов на danger и выиграл 40000 коинов при выигрышном цвете danger
12:13:34 | Розыгрыш ставок для игры №5320:
ID 573244970 поставил 300000 коинов на primary и выиграл 600000 коинов при выигрышном цвете primary
ID 433391039 поставил 20000 коинов на primary и выиграл 40000 коинов при выигрышном цвете primary
12:14:34 | Розыгрыш ставок для игры №5321:
ID 573244970 поставил 75000 коинов на primary и проиграл при выигрышном цвете danger
ID 433391039 поставил 10000 коинов на primary и проиграл при выигрышном цвете danger
12:15:17 | Розыгрыш ставок для игры №5322:
ID 433391039 поставил 20000 коинов на danger и выиграл 40000 коинов при выигрышном цвете danger
ID 573244970 поставил 75000 коинов на danger и выиграл 150000 коинов при выигрышном цвете danger
12:16:22 | Розыгрыш ставок для игры №5323:
ID 433391039 поставил 10000 коинов на danger и проиграл при выигрышном цвете primary
ID 573244970 поставил 10000 коинов на success и проиграл при выигрышном цвете primary
12:17:08 | Розыгрыш ставок для игры №5324:
ID 573244970 поставил 20000 коинов на primary и выиграл 40000 коинов при выигрышном цвете primary
ID 433391039 поставил 20000 коинов на danger и проиграл при выигрышном цвете primary
12:17:28 | ID 573244970 запросил вывод 610000 коинов; VKC response code: 200
12:17:34 | ID 433391039 запросил вывод 200000 коинов; VKC response code: 200
12:19:20 | Розыгрыш ставок для игры №5325:
ID 563182742 поставил 189000 коинов на primary и проиграл при выигрышном цвете danger
12:19:42 | ID 589729040 пополнил баланс на 2000000 коинов
12:20:29 | Розыгрыш ставок для игры №5326:
ID 589729040 поставил 1000 коинов на danger и проиграл при выигрышном цвете primary
12:21:11 | Розыгрыш ставок для игры №5327:
ID 589729040 поставил 1000 коинов на primary и проиграл при выигрышном цвете danger
ID 433391039 поставил 10000 коинов на danger и выиграл 20000 коинов при выигрышном цвете danger
12:21:33 | ID 589729040 пополнил баланс на 1000000 коинов
12:21:55 | ID 573244970 пополнил баланс на 100000000 коинов
12:22:06 | Розыгрыш ставок для игры №5328:
ID 589729040 поставил 1000 коинов на primary и проиграл при выигрышном цвете danger
ID 573244970 поставил 10000 коинов на danger и выиграл 20000 коинов при выигрышном цвете danger
12:22:06 | ID 433391039 пополнил баланс на 80000000 коинов
12:22:50 | Розыгрыш ставок для игры №5329:
ID 573244970 поставил 12500 коинов на danger и выиграл 25000 коинов при выигрышном цвете danger
ID 433391039 поставил 10000 коинов на danger и выиграл 20000 коинов при выигрышном цвете danger
12:23:38 | Розыгрыш ставок для игры №5330:
ID 573244970 поставил 10000 коинов на danger и проиграл при выигрышном цвете primary
ID 433391039 поставил 10000 коинов на danger и проиграл при выигрышном цвете primary
12:24:19 | Розыгрыш ставок для игры №5331:
ID 573244970 поставил 100000 коинов на danger и проиграл при выигрышном цвете primary
ID 433391039 поставил 10000 коинов на danger и проиграл при выигрышном цвете primary
12:24:53 | ID 573244970 пополнил баланс на 150000000 коинов
12:25:13 | Розыгрыш ставок для игры №5332:
ID 433391039 поставил 90000 коинов на danger и проиграл при выигрышном цвете success
ID 573244970 поставил 89999 коинов на danger и проиграл при выигрышном цвете success
12:25:41 | ID 573244970 запросил вывод 72503 коинов; VKC response code: 200
12:50:58 | ID 499366239 пополнил баланс на 40000000 коинов
12:51:34 | Розыгрыш ставок для игры №5333:
ID 499366239 поставил 15000 коинов на primary и выиграл 30000 коинов при выигрышном цвете primary
12:52:26 | Розыгрыш ставок для игры №5334:
ID 499366239 поставил 20000 коинов на danger и проиграл при выигрышном цвете primary
12:53:13 | Розыгрыш ставок для игры №5335:
ID 499366239 поставил 35000 коинов на danger и проиграл при выигрышном цвете primary
13:02:35 | ID 574669421 пополнил баланс на 180000000 коинов
13:03:13 | Розыгрыш ставок для игры №5336:
ID 574669421 поставил 40000 коинов на danger и выиграл 80000 коинов при выигрышном цвете danger
13:04:03 | Розыгрыш ставок для игры №5337:
ID 574669421 поставил 80000 коинов на danger и проиграл при выигрышном цвете success
13:04:03 | Розыгрыш ставок для игры №5338:
ID 574669421 поставил 80000 коинов на danger и проиграл при выигрышном цвете primary
13:06:57 | ID 574669421 запросил вывод 140000 коинов; VKC response code: 200
14:16:47 | ID 551654275 пополнил баланс на 600000000 коинов
14:17:29 | Розыгрыш ставок для игры №5339:
ID 551654275 поставил 600000 коинов на primary и выиграл 1200000 коинов при выигрышном цвете primary
14:19:21 | ID 551654275 запросил вывод 1200000 коинов; VKC response code: 200
14:24:19 | ID 523131846 пополнил баланс на 600000 коинов
14:25:04 | Розыгрыш ставок для игры №5340:
ID 523131846 поставил 1000 коинов на danger и выиграл 2000 коинов при выигрышном цвете danger
14:25:50 | Розыгрыш ставок для игры №5341:
ID 523131846 поставил 1000 коинов на success и проиграл при выигрышном цвете danger
14:26:08 | ID 523131846 запросил вывод 1326 коинов; VKC response code: 200
15:24:53 | ID 431554324 пополнил баланс на 10000 коинов
15:25:53 | ID 534800785 пополнил баланс на 60000000 коинов
15:26:43 | Розыгрыш ставок для игры №5342:
ID 534800785 поставил 10000 коинов на danger и проиграл при выигрышном цвете primary
15:27:33 | Розыгрыш ставок для игры №5343:
ID 534800785 поставил 50000 коинов на primary и проиграл при выигрышном цвете danger
15:54:42 | Розыгрыш ставок для игры №5344:
ID 589137066 поставил 1000 коинов на primary и выиграл 2000 коинов при выигрышном цвете primary
15:58:57 | Розыгрыш ставок для игры №5345:
ID 589137066 поставил 1000 коинов на success и проиграл при выигрышном цвете primary
15:59:16 | ID 589137066 запросил вывод 1000 коинов; VKC response code: 200
16:41:17 | ID 386701828 пополнил баланс на 10000000 коинов
16:42:27 | Розыгрыш ставок для игры №5346:
ID 386701828 поставил 10000 коинов на danger и проиграл при выигрышном цвете primary
16:44:49 | Розыгрыш ставок для игры №5347:
ID 484480722 поставил 1000 коинов на primary и проиграл при выигрышном цвете danger
16:45:11 | ID 501562122 пополнил баланс на 126000000 коинов
16:45:59 | Розыгрыш ставок для игры №5348:
ID 501562122 поставил 5000 коинов на primary и проиграл при выигрышном цвете danger
16:46:42 | Розыгрыш ставок для игры №5349:
ID 501562122 поставил 51000 коинов на danger и проиграл при выигрышном цвете primary
16:47:31 | Розыгрыш ставок для игры №5350:
ID 501562122 поставил 70010 коинов на danger и выиграл 140020 коинов при выигрышном цвете danger
16:48:33 | Розыгрыш ставок для игры №5351:
ID 501562122 поставил 40020 коинов на primary и проиграл при выигрышном цвете danger
16:49:20 | Розыгрыш ставок для игры №5352:
ID 501562122 поставил 100000 коинов на primary и выиграл 200000 коинов при выигрышном цвете primary
16:50:18 | Розыгрыш ставок для игры №5353:
ID 501562122 поставил 100000 коинов на danger и выиграл 200000 коинов при выигрышном цвете danger
16:51:29 | Розыгрыш ставок для игры №5354:
ID 501562122 поставил 100000 коинов на danger и выиграл 200000 коинов при выигрышном цвете danger
16:53:08 | Розыгрыш ставок для игры №5355:
ID 501562122 поставил 100000 коинов на primary и проиграл при выигрышном цвете danger
16:53:53 | Розыгрыш ставок для игры №5356:
ID 501562122 поставил 200000 коинов на primary и выиграл 400000 коинов при выигрышном цвете primary
16:55:44 | Розыгрыш ставок для игры №5357:
ID 501562122 поставил 250000 коинов на danger и выиграл 500000 коинов при выигрышном цвете danger
16:56:05 | ID 551654275 пополнил баланс на 100000000 коинов
16:56:38 | Розыгрыш ставок для игры №5358:
ID 551654275 поставил 100000 коинов на primary и выиграл 200000 коинов при выигрышном цвете primary
ID 501562122 поставил 250000 коинов на primary и выиграл 500000 коинов при выигрышном цвете primary
16:57:12 | ID 551654275 запросил вывод 200000 коинов; VKC response code: 200
16:58:12 | Розыгрыш ставок для игры №5359:
ID 501562122 поставил 100000 коинов на danger и выиграл 200000 коинов при выигрышном цвете danger
17:00:31 | Розыгрыш ставок для игры №5360:
ID 501562122 поставил 100000 коинов на danger и выиграл 200000 коинов при выигрышном цвете danger
ID 327575085 поставил 1000 коинов на danger и выиграл 2000 коинов при выигрышном цвете danger
17:01:47 | Розыгрыш ставок для игры №5361:
ID 501562122 поставил 200000 коинов на primary и выиграл 400000 коинов при выигрышном цвете primary
ID 327575085 поставил 1000 коинов на primary и выиграл 2000 коинов при выигрышном цвете primary
17:02:51 | Розыгрыш ставок для игры №5362:
ID 501562122 поставил 200000 коинов на danger и проиграл при выигрышном цвете primary
ID 327575085 поставил 3000 коинов на danger и проиграл при выигрышном цвете primary
17:03:24 | ID 501562122 запросил вывод 1000000 коинов; VKC response code: 200
17:03:40 | Розыгрыш ставок для игры №5363:
ID 501562122 поставил 200000 коинов на danger и выиграл 400000 коинов при выигрышном цвете danger
17:05:24 | ID 327575085 пополнил баланс на 10000000 коинов
17:05:31 | Розыгрыш ставок для игры №5364:
ID 501562122 поставил 200000 коинов на primary и выиграл 400000 коинов при выигрышном цвете primary
17:06:32 | Розыгрыш ставок для игры №5365:
ID 501562122 поставил 200000 коинов на primary и выиграл 400000 коинов при выигрышном цвете primary
ID 327575085 поставил 1000 коинов на danger и проиграл при выигрышном цвете primary
17:07:44 | Розыгрыш ставок для игры №5366:
ID 501562122 поставил 200000 коинов на danger и проиграл при выигрышном цвете primary
17:08:34 | Розыгрыш ставок для игры №5367:
ID 501562122 поставил 600000 коинов на danger и выиграл 1200000 коинов при выигрышном цвете danger
ID 327575085 поставил 4000 коинов на danger и выиграл 8000 коинов при выигрышном цвете danger
17:09:59 | Розыгрыш ставок для игры №5368:
ID 501562122 поставил 200000 коинов на danger и выиграл 400000 коинов при выигрышном цвете danger
ID 327575085 поставил 3000 коинов на danger и выиграл 6000 коинов при выигрышном цвете danger
17:11:12 | Розыгрыш ставок для игры №5369:
ID 501562122 поставил 200000 коинов на primary и выиграл 400000 коинов при выигрышном цвете primary
ID 327575085 поставил 6000 коинов на primary и выиграл 12000 коинов при выигрышном цвете primary
17:12:04 | Розыгрыш ставок для игры №5370:
ID 501562122 поставил 200000 коинов на primary и проиграл при выигрышном цвете danger
ID 327575085 поставил 2000 коинов на primary и проиграл при выигрышном цвете danger
17:12:53 | Розыгрыш ставок для игры №5371:
ID 501562122 поставил 400000 коинов на danger и проиграл при выигрышном цвете primary
ID 327575085 поставил 5000 коинов на danger и проиграл при выигрышном цвете primary
17:13:47 | Розыгрыш ставок для игры №5372:
ID 501562122 поставил 1000000 коинов на danger и выиграл 2000000 коинов при выигрышном цвете danger
ID 327575085 поставил 5000 коинов на danger и выиграл 10000 коинов при выигрышном цвете danger
17:15:02 | Розыгрыш ставок для игры №5373:
ID 501562122 поставил 500000 коинов на danger и выиграл 1000000 коинов при выигрышном цвете danger
ID 327575085 поставил 10000 коинов на danger и выиграл 20000 коинов при выигрышном цвете danger
17:16:07 | Розыгрыш ставок для игры №5374:
ID 501562122 поставил 250000 коинов на danger и проиграл при выигрышном цвете primary
ID 327575085 поставил 10000 коинов на primary и выиграл 20000 коинов при выигрышном цвете primary
17:16:56 | Розыгрыш ставок для игры №5375:
ID 501562122 поставил 250000 коинов на primary и выиграл 500000 коинов при выигрышном цвете primary
ID 327575085 поставил 1000 коинов на success и проиграл при выигрышном цвете primary
17:17:41 | ID 465094197 пополнил баланс на 104000000 коинов
17:18:49 | Розыгрыш ставок для игры №5376:
ID 327575085 поставил 19000 коинов на danger и выиграл 38000 коинов при выигрышном цвете danger
ID 465094197 поставил 19000 коинов на danger и выиграл 38000 коинов при выигрышном цвете danger
17:19:56 | Розыгрыш ставок для игры №5377:
ID 327575085 поставил 8000 коинов на danger и проиграл при выигрышном цвете primary
ID 465094197 поставил 8000 коинов на danger и проиграл при выигрышном цвете primary
17:20:50 | ID 451927268 пополнил баланс на 1000000000 коинов
17:21:02 | Розыгрыш ставок для игры №5378:
ID 327575085 поставил 1000 коинов на success и проиграл при выигрышном цвете primary
ID 465094197 поставил 2000 коинов на success и проиграл при выигрышном цвете primary
17:21:02 | Розыгрыш ставок для игры №5379:
ID 327575085 поставил 1000 коинов на success и проиграл при выигрышном цвете primary
ID 465094197 поставил 2000 коинов на success и проиграл при выигрышном цвете primary
17:21:49 | Розыгрыш ставок для игры №5380:
ID 327575085 поставил 1000 коинов на success и проиграл при выигрышном цвете danger
ID 451927268 поставил 2000 коинов на danger и выиграл 4000 коинов при выигрышном цвете danger
ID 465094197 поставил 2000 коинов на danger и выиграл 4000 коинов при выигрышном цвете danger
17:22:37 | Розыгрыш ставок для игры №5381:
ID 451927268 поставил 2000 коинов на danger и выиграл 4000 коинов при выигрышном цвете danger
ID 465094197 поставил 2000 коинов на danger и выиграл 4000 коинов при выигрышном цвете danger
17:23:41 | Розыгрыш ставок для игры №5382:
ID 451927268 поставил 2000 коинов на danger и выиграл 4000 коинов при выигрышном цвете danger
ID 465094197 поставил 2000 коинов на primary и проиграл при выигрышном цвете danger
17:24:31 | Розыгрыш ставок для игры №5383:
ID 451927268 поставил 2000 коинов на primary и проиграл при выигрышном цвете danger
ID 465094197 поставил 2000 коинов на danger и выиграл 4000 коинов при выигрышном цвете danger
ID 327575085 поставил 8000 коинов на primary и проиграл при выигрышном цвете danger
17:25:17 | Розыгрыш ставок для игры №5384:
ID 451927268 поставил 2000 коинов на primary и выиграл 4000 коинов при выигрышном цвете primary
ID 465094197 поставил 2000 коинов на danger и проиграл при выигрышном цвете primary
ID 327575085 поставил 10000 коинов на danger и проиграл при выигрышном цвете primary
17:26:00 | Розыгрыш ставок для игры №5385:
ID 465094197 поставил 60000 коинов на primary и выиграл 120000 коинов при выигрышном цвете primary
ID 327575085 поставил 10000 коинов на danger и проиграл при выигрышном цвете primary
ID 451927268 поставил 5000 коинов на primary и выиграл 10000 коинов при выигрышном цвете primary
17:26:37 | ID 327575085 запросил вывод 10000 коинов; VKC response code: 200
17:27:00 | Розыгрыш ставок для игры №5386:
ID 451927268 поставил 2500 коинов на danger и проиграл при выигрышном цвете primary
ID 465094197 поставил 4000 коинов на primary и выиграл 8000 коинов при выигрышном цвете primary
ID 327575085 поставил 10000 коинов на danger и проиграл при выигрышном цвете primary
17:27:46 | Розыгрыш ставок для игры №5387:
ID 451927268 поставил 5000 коинов на primary и проиграл при выигрышном цвете danger
ID 465094197 поставил 6000 коинов на danger и выиграл 12000 коинов при выигрышном цвете danger
17:28:30 | Розыгрыш ставок для игры №5388:
ID 501562122 поставил 250000 коинов на danger и выиграл 500000 коинов при выигрышном цвете danger
ID 451927268 поставил 3500 коинов на danger и выиграл 7000 коинов при выигрышном цвете danger
ID 465094197 поставил 2000 коинов на primary и проиграл при выигрышном цвете danger
17:29:25 | Розыгрыш ставок для игры №5389:
ID 451927268 поставил 7000 коинов на danger и проиграл при выигрышном цвете primary
ID 465094197 поставил 98000 коинов на primary и выиграл 196000 коинов при выигрышном цвете primary
17:30:33 | Розыгрыш ставок для игры №5390:
ID 451927268 поставил 10000 коинов на primary и выиграл 20000 коинов при выигрышном цвете primary
ID 465094197 поставил 10000 коинов на primary и выиграл 20000 коинов при выигрышном цвете primary
17:31:21 | Розыгрыш ставок для игры №5391:
ID 451927268 поставил 5000 коинов на danger и проиграл при выигрышном цвете primary
17:32:20 | Розыгрыш ставок для игры №5392:
ID 465094197 поставил 10000 коинов на danger и проиграл при выигрышном цвете primary
17:32:32 | ID 589910420 пополнил баланс на 15000000 коинов
17:33:17 | Розыгрыш ставок для игры №5393:
ID 589910420 поставил 10000 коинов на danger и проиграл при выигрышном цвете primary
ID 465094197 поставил 40000 коинов на danger и проиграл при выигрышном цвете primary
17:33:40 | ID 589910420 запросил вывод 5000 коинов; VKC response code: 200
17:34:02 | Розыгрыш ставок для игры №5394:
ID 451927268 поставил 5000 коинов на primary и проиграл при выигрышном цвете danger
ID 465094197 поставил 150000 коинов на primary и проиграл при выигрышном цвете danger
17:34:02 | Розыгрыш ставок для игры №5395:
ID 451927268 поставил 5000 коинов на primary и проиграл при выигрышном цвете danger
ID 465094197 поставил 150000 коинов на primary и проиграл при выигрышном цвете danger
17:35:46 | Розыгрыш ставок для игры №5396:
ID 465094197 поставил 150000 коинов на danger и проиграл при выигрышном цвете success
17:38:34 | ID 327575085 пополнил баланс на 15000000 коинов
17:38:38 | Розыгрыш ставок для игры №5397:
ID 501562122 поставил 500000 коинов на danger и выиграл 1000000 коинов при выигрышном цвете danger
17:40:46 | Розыгрыш ставок для игры №5398:
ID 327575085 поставил 5000 коинов на danger и выиграл 10000 коинов при выигрышном цвете danger
17:43:42 | Розыгрыш ставок для игры №5399:
ID 327575085 поставил 15000 коинов на primary и выиграл 30000 коинов при выигрышном цвете primary
17:44:09 | ID 327575085 запросил вывод 35000 коинов; VKC response code: 200
17:46:37 | ID 502071615 пополнил баланс на 100000000 коинов
17:47:22 | Розыгрыш ставок для игры №5400:
ID 502071615 поставил 100000 коинов на primary и проиграл при выигрышном цвете danger
17:47:53 | ID 502071615 пополнил баланс на 60000000 коинов
17:48:31 | Розыгрыш ставок для игры №5401:
ID 502071615 поставил 60000 коинов на danger и выиграл 120000 коинов при выигрышном цвете danger
17:49:34 | Розыгрыш ставок для игры №5402:
ID 502071615 поставил 120000 коинов на primary и проиграл при выигрышном цвете danger
17:58:54 | ID 589137066 пополнил баланс на 70000000 коинов
17:59:48 | Розыгрыш ставок для игры №5403:
ID 589137066 поставил 10000 коинов на primary и проиграл при выигрышном цвете danger
18:00:34 | Розыгрыш ставок для игры №5404:
ID 589137066 поставил 60000 коинов на primary и проиграл при выигрышном цвете danger
18:02:11 | ID 469132408 пополнил баланс на 917901000 коинов
18:02:56 | Розыгрыш ставок для игры №5405:
ID 469132408 поставил 17901 коинов на primary и проиграл при выигрышном цвете danger
18:04:05 | Розыгрыш ставок для игры №5406:
ID 469132408 поставил 30000 коинов на primary и проиграл при выигрышном цвете danger
18:04:49 | Розыгрыш ставок для игры №5407:
ID 469132408 поставил 80000 коинов на primary и выиграл 160000 коинов при выигрышном цвете primary
18:05:36 | Розыгрыш ставок для игры №5408:
ID 469132408 поставил 20000 коинов на primary и выиграл 40000 коинов при выигрышном цвете primary
18:06:21 | Розыгрыш ставок для игры №5409:
ID 469132408 поставил 40000 коинов на danger и проиграл при выигрышном цвете success
18:06:44 | ID 562427284 пополнил баланс на 200000000 коинов
18:07:06 | Розыгрыш ставок для игры №5410:
ID 469132408 поставил 80000 коинов на danger и проиграл при выигрышном цвете success
ID 562427284 поставил 100000 коинов на primary и проиграл при выигрышном цвете success
18:07:49 | Розыгрыш ставок для игры №5411:
ID 562427284 поставил 100000 коинов на primary и проиграл при выигрышном цвете danger
ID 469132408 поставил 120000 коинов на danger и выиграл 240000 коинов при выигрышном цвете danger
18:08:56 | Розыгрыш ставок для игры №5412:
ID 469132408 поставил 20000 коинов на danger и выиграл 40000 коинов при выигрышном цвете danger
18:10:43 | Розыгрыш ставок для игры №5413:
ID 469132408 поставил 20000 коинов на danger и проиграл при выигрышном цвете primary
18:11:28 | Розыгрыш ставок для игры №5414:
ID 469132408 поставил 40000 коинов на danger и выиграл 80000 коинов при выигрышном цвете danger
18:12:15 | Розыгрыш ставок для игры №5415:
ID 469132408 поставил 40000 коинов на primary и проиграл при выигрышном цвете danger
18:12:58 | Розыгрыш ставок для игры №5416:
ID 469132408 поставил 80000 коинов на primary и проиграл при выигрышном цвете danger
18:13:53 | Розыгрыш ставок для игры №5417:
ID 469132408 поставил 140000 коинов на primary и проиграл при выигрышном цвете danger
18:14:42 | Розыгрыш ставок для игры №5418:
ID 469132408 поставил 240000 коинов на primary и выиграл 480000 коинов при выигрышном цвете primary
18:15:28 | Розыгрыш ставок для игры №5419:
ID 469132408 поставил 20000 коинов на primary и выиграл 40000 коинов при выигрышном цвете primary
18:16:16 | Розыгрыш ставок для игры №5420:
ID 469132408 поставил 40000 коинов на danger и проиграл при выигрышном цвете primary
18:17:01 | Розыгрыш ставок для игры №5421:
ID 469132408 поставил 80000 коинов на danger и выиграл 160000 коинов при выигрышном цвете danger
18:17:01 | Розыгрыш ставок для игры №5422:
ID 469132408 поставил 80000 коинов на danger и проиграл при выигрышном цвете success
18:17:33 | ID 469132408 запросил вывод 1050000 коинов; VKC response code: 200
18:22:51 | ID 420923242 пополнил баланс на 40000000 коинов
18:23:35 | Розыгрыш ставок для игры №5423:
ID 420923242 поставил 40000 коинов на danger и проиграл при выигрышном цвете primary
18:26:40 | ID 327575085 пополнил баланс на 100000000 коинов
18:27:33 | Розыгрыш ставок для игры №5424:
ID 327575085 поставил 10000 коинов на primary и выиграл 20000 коинов при выигрышном цвете primary
18:29:09 | Розыгрыш ставок для игры №5425:
ID 327575085 поставил 10000 коинов на primary и проиграл при выигрышном цвете danger
18:30:18 | Розыгрыш ставок для игры №5426:
ID 327575085 поставил 100000 коинов на danger и выиграл 200000 коинов при выигрышном цвете danger
18:31:36 | Розыгрыш ставок для игры №5427:
ID 327575085 поставил 50000 коинов на danger и выиграл 100000 коинов при выигрышном цвете danger
18:31:57 | ID 562427284 пополнил баланс на 300000000 коинов
18:32:32 | Розыгрыш ставок для игры №5428:
ID 562427284 поставил 150000 коинов на primary и проиграл при выигрышном цвете danger
ID 327575085 поставил 50000 коинов на primary и проиграл при выигрышном цвете danger
18:33:15 | Розыгрыш ставок для игры №5429:
ID 562427284 поставил 150000 коинов на primary и проиграл при выигрышном цвете danger
ID 327575085 поставил 100000 коинов на primary и проиграл при выигрышном цвете danger
18:34:02 | Розыгрыш ставок для игры №5430:
ID 327575085 поставил 100000 коинов на primary и выиграл 200000 коинов при выигрышном цвете primary
18:34:02 | Розыгрыш ставок для игры №5431:
ID 327575085 поставил 100000 коинов на primary и проиграл при выигрышном цвете danger
18:34:40 | ID 327575085 запросил вывод 150000 коинов; VKC response code: 200
18:35:25 | Розыгрыш ставок для игры №5432:
ID 327575085 поставил 50000 коинов на danger и выиграл 100000 коинов при выигрышном цвете danger
18:40:08 | ID 532120153 пополнил баланс на 3333333000 коинов
18:40:45 | Розыгрыш ставок для игры №5433:
ID 532120153 поставил 111111 коинов на success и проиграл при выигрышном цвете danger
18:41:28 | Розыгрыш ставок для игры №5434:
ID 532120153 поставил 111111 коинов на success и проиграл при выигрышном цвете primary
18:42:10 | Розыгрыш ставок для игры №5435:
ID 532120153 поставил 111111 коинов на success и проиграл при выигрышном цвете primary
18:43:05 | Розыгрыш ставок для игры №5436:
ID 532120153 поставил 111111 коинов на success и проиграл при выигрышном цвете primary
18:43:53 | Розыгрыш ставок для игры №5437:
ID 532120153 поставил 589889 коинов на success и проиграл при выигрышном цвете danger
18:44:47 | Розыгрыш ставок для игры №5438:
ID 532120153 поставил 2299000 коинов на primary и выиграл 4598000 коинов при выигрышном цвете primary
18:45:17 | ID 532120153 запросил вывод 4000000 коинов; VKC response code: 200
18:45:36 | Розыгрыш ставок для игры №5439:
ID 532120153 поставил 598000 коинов на danger и выиграл 1196000 коинов при выигрышном цвете danger
18:46:04 | ID 532120153 запросил вывод 1000000 коинов; VKC response code: 200
18:46:27 | Розыгрыш ставок для игры №5440:
ID 532120153 поставил 196000 коинов на success и проиграл при выигрышном цвете primary
19:00:45 | Розыгрыш ставок для игры №5441:
ID 465094197 поставил 1000 коинов на primary и проиграл при выигрышном цвете danger
19:01:31 | Розыгрыш ставок для игры №5442:
ID 465094197 поставил 5000 коинов на danger и выиграл 10000 коинов при выигрышном цвете danger
19:02:28 | Розыгрыш ставок для игры №5443:
ID 501562122 поставил 250000 коинов на primary и проиграл при выигрышном цвете danger
ID 465094197 поставил 5000 коинов на primary и проиграл при выигрышном цвете danger
19:03:12 | Розыгрыш ставок для игры №5444:
ID 465094197 поставил 3000 коинов на danger и выиграл 6000 коинов при выигрышном цвете danger
ID 501562122 поставил 3006100 коинов на danger и выиграл 6012200 коинов при выигрышном цвете danger
19:04:09 | Розыгрыш ставок для игры №5445:
ID 465094197 поставил 16000 коинов на primary и выиграл 32000 коинов при выигрышном цвете primary
19:04:54 | Розыгрыш ставок для игры №5446:
ID 465094197 поставил 30000 коинов на primary и выиграл 60000 коинов при выигрышном цвете primary
19:06:08 | Розыгрыш ставок для игры №5447:
ID 465094197 поставил 2000 коинов на danger и проиграл при выигрышном цвете primary
ID 327575085 поставил 10000 коинов на primary и выиграл 20000 коинов при выигрышном цвете primary
19:07:12 | Розыгрыш ставок для игры №5448:
ID 465094197 поставил 2000 коинов на primary и выиграл 4000 коинов при выигрышном цвете primary
ID 327575085 поставил 10000 коинов на danger и проиграл при выигрышном цвете primary
19:08:00 | Розыгрыш ставок для игры №5449:
ID 465094197 поставил 2000 коинов на primary и проиграл при выигрышном цвете danger
19:08:47 | Розыгрыш ставок для игры №5450:
ID 465094197 поставил 88000 коинов на danger и выиграл 176000 коинов при выигрышном цвете danger
19:08:56 | ID 327575085 запросил вывод 57500 коинов; VKC response code: 200
19:09:40 | Розыгрыш ставок для игры №5451:
ID 327575085 поставил 42500 коинов на primary и выиграл 85000 коинов при выигрышном цвете primary
ID 465094197 поставил 3000 коинов на danger и проиграл при выигрышном цвете primary
19:10:05 | ID 327575085 запросил вывод 50000 коинов; VKC response code: 200
19:10:49 | Розыгрыш ставок для игры №5452:
ID 465094197 поставил 32000 коинов на primary и выиграл 64000 коинов при выигрышном цвете primary
ID 327575085 поставил 35000 коинов на primary и выиграл 70000 коинов при выигрышном цвете primary
19:11:58 | Розыгрыш ставок для игры №5453:
ID 327575085 поставил 20000 коинов на danger и проиграл при выигрышном цвете primary
ID 465094197 поставил 4000 коинов на danger и проиграл при выигрышном цвете primary
19:13:11 | Розыгрыш ставок для игры №5454:
ID 327575085 поставил 50000 коинов на primary и выиграл 100000 коинов при выигрышном цвете primary
ID 465094197 поставил 12000 коинов на danger и проиграл при выигрышном цвете primary
19:13:29 | ID 327575085 запросил вывод 100000 коинов; VKC response code: 200
19:14:41 | Розыгрыш ставок для игры №5455:
ID 465094197 поставил 20000 коинов на danger и проиграл при выигрышном цвете primary
19:16:06 | Розыгрыш ставок для игры №5456:
ID 465094197 поставил 12000 коинов на danger и проиграл при выигрышном цвете success
19:20:01 | ID 332312860 пополнил баланс на 1000 коинов
19:20:21 | Розыгрыш ставок для игры №5457:
ID 465094197 поставил 4000 коинов на danger и проиграл при выигрышном цвете primary
19:21:30 | ID 327575085 пополнил баланс на 50000000 коинов
19:21:46 | Розыгрыш ставок для игры №5458:
ID 465094197 поставил 68000 коинов на danger и выиграл 136000 коинов при выигрышном цвете danger
19:22:59 | Розыгрыш ставок для игры №5459:
ID 465094197 поставил 150000 коинов на danger и выиграл 300000 коинов при выигрышном цвете danger
19:24:31 | Розыгрыш ставок для игры №5460:
ID 327575085 поставил 50000 коинов на primary и проиграл при выигрышном цвете danger
19:47:25 | ID 563182742 пополнил баланс на 600000 коинов
19:48:05 | Розыгрыш ставок для игры №5461:
ID 563182742 поставил 1203 коинов на primary и проиграл при выигрышном цвете danger
20:02:17 | ID 543208801 пополнил баланс на 400000000 коинов
20:02:58 | Розыгрыш ставок для игры №5462:
ID 543208801 поставил 400000 коинов на danger и проиграл при выигрышном цвете primary
20:18:08 | Розыгрыш ставок для игры №5463:
ID 501562122 поставил 43125 коинов на primary и проиграл при выигрышном цвете danger
20:23:53 | ID 464438218 пополнил баланс на 20000000 коинов
20:24:38 | Розыгрыш ставок для игры №5464:
ID 464438218 поставил 1000 коинов на danger и проиграл при выигрышном цвете primary
20:25:23 | Розыгрыш ставок для игры №5465:
ID 464438218 поставил 1000 коинов на danger и проиграл при выигрышном цвете success
20:26:08 | Розыгрыш ставок для игры №5466:
ID 464438218 поставил 3000 коинов на danger и проиграл при выигрышном цвете primary
20:26:49 | Розыгрыш ставок для игры №5467:
ID 464438218 поставил 5000 коинов на primary и проиграл при выигрышном цвете danger
20:28:19 | Розыгрыш ставок для игры №5468:
ID 464438218 поставил 1000 коинов на danger и проиграл при выигрышном цвете primary
20:29:01 | Розыгрыш ставок для игры №5469:
ID 464438218 поставил 1000 коинов на success и проиграл при выигрышном цвете danger
20:29:01 | Розыгрыш ставок для игры №5470:
ID 464438218 поставил 1000 коинов на success и проиграл при выигрышном цвете primary
20:29:43 | Розыгрыш ставок для игры №5471:
ID 464438218 поставил 8000 коинов на primary и выиграл 16000 коинов при выигрышном цвете primary
20:30:53 | Розыгрыш ставок для игры №5472:
ID 464438218 поставил 3000 коинов на primary и выиграл 6000 коинов при выигрышном цвете primary
20:35:22 | Розыгрыш ставок для игры №5473:
ID 464438218 поставил 3000 коинов на primary и проиграл при выигрышном цвете danger
20:43:03 | ID 399933783 пополнил баланс на 4000000 коинов
20:43:21 | ID 484358058 пополнил баланс на 2000000 коинов
20:43:40 | Розыгрыш ставок для игры №5474:
ID 399933783 поставил 4000 коинов на primary и проиграл при выигрышном цвете danger
ID 484358058 поставил 2000 коинов на danger и выиграл 4000 коинов при выигрышном цвете danger
20:44:39 | ID 525909267 пополнил баланс на 720000000 коинов
20:44:42 | Розыгрыш ставок для игры №5475:
ID 484358058 поставил 2000 коинов на danger и проиграл при выигрышном цвете success
20:45:07 | ID 382214420 пополнил баланс на 225000 коинов
20:45:25 | Розыгрыш ставок для игры №5476:
ID 525909267 поставил 10000 коинов на primary и проиграл при выигрышном цвете danger
ID 484358058 поставил 2000 коинов на primary и проиграл при выигрышном цвете danger
20:46:13 | ID 509231535 пополнил баланс на 200000 коинов
20:46:14 | Розыгрыш ставок для игры №5477:
ID 525909267 поставил 32000 коинов на primary и проиграл при выигрышном цвете danger
20:46:40 | ID 515038486 пополнил баланс на 67000000 коинов
20:46:57 | ID 496137206 пополнил баланс на 6000000 коинов
20:47:03 | Розыгрыш ставок для игры №5478:
ID 525909267 поставил 100000 коинов на primary и проиграл при выигрышном цвете danger
ID 515038486 поставил 15000 коинов на danger и выиграл 30000 коинов при выигрышном цвете danger
ID 496137206 поставил 6000 коинов на primary и проиграл при выигрышном цвете danger
20:47:05 | ID 563229106 пополнил баланс на 1000000 коинов
20:47:21 | ID 509231535 пополнил баланс на 10000000 коинов
20:47:49 | Розыгрыш ставок для игры №5479:
ID 515038486 поставил 15000 коинов на danger и выиграл 30000 коинов при выигрышном цвете danger
ID 525909267 поставил 578000 коинов на primary и проиграл при выигрышном цвете danger
ID 509231535 поставил 1200 коинов на danger и выиграл 2400 коинов при выигрышном цвете danger
20:48:33 | Розыгрыш ставок для игры №5480:
ID 515038486 поставил 15000 коинов на primary и выиграл 30000 коинов при выигрышном цвете primary
ID 563229106 поставил 1000 коинов на primary и выиграл 2000 коинов при выигрышном цвете primary
ID 509231535 поставил 1400 коинов на primary и выиграл 2800 коинов при выигрышном цвете primary
20:49:15 | ID 441758246 пополнил баланс на 10000000 коинов
20:49:24 | Розыгрыш ставок для игры №5481:
ID 509231535 поставил 1000 коинов на primary и проиграл при выигрышном цвете success
ID 515038486 поставил 15000 коинов на danger и проиграл при выигрышном цвете success
ID 563229106 поставил 1000 коинов на danger и проиграл при выигрышном цвете success
ID 441758246 поставил 10000 коинов на danger и проиграл при выигрышном цвете success
20:50:16 | Розыгрыш ставок для игры №5482:
ID 515038486 поставил 20000 коинов на danger и проиграл при выигрышном цвете primary
ID 563229106 поставил 1000 коинов на danger и проиграл при выигрышном цвете primary
ID 509231535 поставил 1800 коинов на danger и проиграл при выигрышном цвете primary
20:50:59 | Розыгрыш ставок для игры №5483:
ID 515038486 поставил 20000 коинов на danger и выиграл 40000 коинов при выигрышном цвете danger
ID 509231535 поставил 10000 коинов на primary и проиграл при выигрышном цвете danger
ID 465094197 поставил 20000 коинов на primary и проиграл при выигрышном цвете danger
20:51:20 | ID 592094952 пополнил баланс на 350000000 коинов
20:51:26 | ID 592830943 пополнил баланс на 5000000000 коинов
20:51:50 | Розыгрыш ставок для игры №5484:
ID 515038486 поставил 20000 коинов на danger и проиграл при выигрышном цвете primary
ID 592094952 поставил 50000 коинов на success и проиграл при выигрышном цвете primary
ID 592830943 поставил 1000000 коинов на primary и выиграл 2000000 коинов при выигрышном цвете primary
20:52:33 | Розыгрыш ставок для игры №5485:
ID 592094952 поставил 300000 коинов на danger и выиграл 600000 коинов при выигрышном цвете danger
ID 515038486 поставил 20000 коинов на danger и выиграл 40000 коинов при выигрышном цвете danger
ID 592830943 поставил 500000 коинов на primary и проиграл при выигрышном цвете danger
ID 465094197 поставил 200000 коинов на primary и проиграл при выигрышном цвете danger
20:52:35 | ID 587688626 пополнил баланс на 120000000 коинов
20:53:15 | Розыгрыш ставок для игры №5486:
ID 510924753 поставил 1000 коинов на danger и проиграл при выигрышном цвете primary
ID 587688626 поставил 120000 коинов на primary и выиграл 240000 коинов при выигрышном цвете primary
ID 592094952 поставил 600000 коинов на primary и выиграл 1200000 коинов при выигрышном цвете primary
ID 465094197 поставил 150000 коинов на danger и проиграл при выигрышном цвете primary
ID 515038486 поставил 20000 коинов на danger и проиграл при выигрышном цвете primary
20:53:16 | ID 592830943 запросил вывод 5500000 коинов; VKC response code: 200
20:53:59 | Розыгрыш ставок для игры №5487:
ID 592094952 поставил 1200000 коинов на primary и проиграл при выигрышном цвете danger
ID 587688626 поставил 240000 коинов на success и проиграл при выигрышном цвете danger
ID 515038486 поставил 20000 коинов на primary и проиграл при выигрышном цвете danger
20:54:12 | ID 542512862 пополнил баланс на 346000000 коинов
20:54:31 | ID 510924753 пополнил баланс на 80000000 коинов
20:54:49 | Розыгрыш ставок для игры №5488:
ID 515038486 поставил 20000 коинов на primary и проиграл при выигрышном цвете danger
ID 542512862 поставил 46000 коинов на primary и проиграл при выигрышном цвете danger
ID 510924753 поставил 1000 коинов на primary и проиграл при выигрышном цвете danger
ID 465094197 поставил 3000 коинов на primary и проиграл при выигрышном цвете danger
20:55:26 | ID 561864813 пополнил баланс на 1000000000 коинов
20:55:32 | Розыгрыш ставок для игры №5489:
ID 515038486 поставил 20000 коинов на primary и проиграл при выигрышном цвете danger
ID 510924753 поставил 2000 коинов на danger и выиграл 4000 коинов при выигрышном цвете danger
ID 542512862 поставил 200000 коинов на primary и проиграл при выигрышном цвете danger
ID 451927268 поставил 10000 коинов на danger и выиграл 20000 коинов при выигрышном цвете danger
20:56:14 | Розыгрыш ставок для игры №5490:
ID 561864813 поставил 100000 коинов на primary и проиграл при выигрышном цвете danger
ID 542512862 поставил 100000 коинов на primary и проиграл при выигрышном цвете danger
ID 451927268 поставил 10000 коинов на danger и выиграл 20000 коинов при выигрышном цвете danger
ID 515038486 поставил 17000 коинов на primary и проиграл при выигрышном цвете danger
ID 510924753 поставил 1000 коинов на primary и проиграл при выигрышном цвете danger
20:56:16 | ID 492087333 пополнил баланс на 24000000 коинов
20:57:02 | Розыгрыш ставок для игры №5491:
ID 561864813 поставил 160000 коинов на primary и проиграл при выигрышном цвете success
ID 492087333 поставил 24000 коинов на primary и проиграл при выигрышном цвете success
20:57:02 | Розыгрыш ставок для игры №5492:
ID 561864813 поставил 160000 коинов на primary и выиграл 320000 коинов при выигрышном цвете primary
ID 492087333 поставил 24000 коинов на primary и выиграл 48000 коинов при выигрышном цвете primary
20:57:46 | Розыгрыш ставок для игры №5493:
ID 451927268 поставил 20000 коинов на primary и проиграл при выигрышном цвете danger
ID 561864813 поставил 80000 коинов на danger и выиграл 160000 коинов при выигрышном цвете danger
ID 510924753 поставил 2000 коинов на danger и выиграл 4000 коинов при выигрышном цвете danger
ID 492087333 поставил 3000 коинов на success и проиграл при выигрышном цвете danger
20:57:50 | ID 465094197 пополнил баланс на 300000000 коинов
20:58:32 | Розыгрыш ставок для игры №5494:
ID 510924753 поставил 4000 коинов на primary и проиграл при выигрышном цвете danger
ID 492087333 поставил 45000 коинов на danger и выиграл 90000 коинов при выигрышном цвете danger
ID 451927268 поставил 40000 коинов на danger и выиграл 80000 коинов при выигрышном цвете danger
ID 465094197 поставил 3000 коинов на primary и проиграл при выигрышном цвете danger
ID 561864813 поставил 1000 коинов на success и проиграл при выигрышном цвете danger
20:59:15 | Розыгрыш ставок для игры №5495:
ID 561864813 поставил 2000 коинов на success и проиграл при выигрышном цвете primary
ID 451927268 поставил 40000 коинов на danger и проиграл при выигрышном цвете primary
ID 492087333 поставил 11250 коинов на success и проиграл при выигрышном цвете primary
ID 510924753 поставил 16000 коинов на danger и проиграл при выигрышном цвете primary
ID 465094197 поставил 100000 коинов на danger и проиграл при выигрышном цвете primary
20:59:58 | Розыгрыш ставок для игры №5496:
ID 561864813 поставил 4000 коинов на success и проиграл при выигрышном цвете danger
ID 451927268 поставил 40000 коинов на primary и проиграл при выигрышном цвете danger
ID 510924753 поставил 62000 коинов на primary и проиграл при выигрышном цвете danger
ID 465094197 поставил 100000 коинов на primary и проиграл при выигрышном цвете danger
ID 492087333 поставил 78750 коинов на danger и выиграл 157500 коинов при выигрышном цвете danger
21:00:46 | ID 510924753 пополнил баланс на 2500000000 коинов
21:00:46 | Розыгрыш ставок для игры №5497:
ID 451927268 поставил 80000 коинов на danger и выиграл 160000 коинов при выигрышном цвете danger
ID 465094197 поставил 97152 коинов на danger и выиграл 194304 коинов при выигрышном цвете danger
ID 492087333 поставил 7500 коинов на success и проиграл при выигрышном цвете danger
21:01:08 | ID 492087333 запросил вывод 150000 коинов; VKC response code: 200
21:01:33 | Розыгрыш ставок для игры №5498:
ID 451927268 поставил 40000 коинов на danger и выиграл 80000 коинов при выигрышном цвете danger
ID 510924753 поставил 1000 коинов на primary и проиграл при выигрышном цвете danger
ID 465094197 поставил 40000 коинов на danger и выиграл 80000 коинов при выигрышном цвете danger
21:02:21 | Розыгрыш ставок для игры №5499:
ID 510924753 поставил 3000 коинов на danger и выиграл 6000 коинов при выигрышном цвете danger
ID 451927268 поставил 10000 коинов на danger и выиграл 20000 коинов при выигрышном цвете danger
ID 465094197 поставил 40000 коинов на primary и проиграл при выигрышном цвете danger
ID 558408513 поставил 1000 коинов на success и проиграл при выигрышном цвете danger
21:03:15 | Розыгрыш ставок для игры №5500:
ID 451927268 поставил 10000 коинов на primary и проиграл при выигрышном цвете danger
ID 465094197 поставил 80000 коинов на primary и проиграл при выигрышном цвете danger
21:04:04 | Розыгрыш ставок для игры №5501:
ID 451927268 поставил 30000 коинов на danger и выиграл 60000 коинов при выигрышном цвете danger
ID 465094197 поставил 110000 коинов на danger и выиграл 220000 коинов при выигрышном цвете danger
21:04:51 | Розыгрыш ставок для игры №5502:
ID 451927268 поставил 10000 коинов на danger и проиграл при выигрышном цвете primary
ID 465094197 поставил 20000 коинов на primary и выиграл 40000 коинов при выигрышном цвете primary
21:06:11 | Розыгрыш ставок для игры №5503:
ID 465094197 поставил 50000 коинов на primary и проиграл при выигрышном цвете danger
21:07:14 | Розыгрыш ставок для игры №5504:
ID 465094197 поставил 150000 коинов на danger и выиграл 300000 коинов при выигрышном цвете danger
21:08:02 | Розыгрыш ставок для игры №5505:
ID 465094197 поставил 75000 коинов на danger и проиграл при выигрышном цвете success
21:08:02 | Розыгрыш ставок для игры №5506:
ID 465094197 поставил 75000 коинов на danger и проиграл при выигрышном цвете primary
21:08:46 | Розыгрыш ставок для игры №5507:
ID 465094197 поставил 75000 коинов на primary и выиграл 150000 коинов при выигрышном цвете primary
21:09:35 | Розыгрыш ставок для игры №5508:
ID 465094197 поставил 75000 коинов на primary и проиграл при выигрышном цвете danger
21:10:27 | Розыгрыш ставок для игры №5509:
ID 465094197 поставил 75000 коинов на danger и проиграл при выигрышном цвете primary
21:11:15 | Розыгрыш ставок для игры №5510:
ID 465094197 поставил 9375 коинов на success и проиграл при выигрышном цвете primary
ID 524929279 поставил 1000000 коинов на danger и проиграл при выигрышном цвете primary
21:12:18 | Розыгрыш ставок для игры №5511:
ID 465094197 поставил 150000 коинов на primary и выиграл 300000 коинов при выигрышном цвете primary
21:14:25 | ID 537773838 пополнил баланс на 1000000000 коинов
21:14:26 | Розыгрыш ставок для игры №5512:
ID 465094197 поставил 34930 коинов на danger и выиграл 69860 коинов при выигрышном цвете danger
21:15:10 | Розыгрыш ставок для игры №5513:
ID 537773838 поставил 200000 коинов на success и проиграл при выигрышном цвете danger
21:15:14 | ID 465094197 запросил вывод 279860 коинов; VKC response code: 200
21:15:53 | Розыгрыш ставок для игры №5514:
ID 537773838 поставил 300000 коинов на success и проиграл при выигрышном цвете primary
ID 465094197 поставил 90000 коинов на primary и выиграл 180000 коинов при выигрышном цвете primary
21:16:44 | Розыгрыш ставок для игры №5515:
ID 537773838 поставил 300000 коинов на success и проиграл при выигрышном цвете primary
21:17:27 | ID 529788837 пополнил баланс на 20000000 коинов
21:17:27 | Розыгрыш ставок для игры №5516:
ID 537773838 поставил 200000 коинов на success и проиграл при выигрышном цвете primary
ID 465094197 поставил 90000 коинов на primary и выиграл 180000 коинов при выигрышном цвете primary
21:18:08 | Розыгрыш ставок для игры №5517:
ID 529788837 поставил 20000 коинов на primary и проиграл при выигрышном цвете danger
ID 465094197 поставил 90000 коинов на primary и проиграл при выигрышном цвете danger
21:18:53 | Розыгрыш ставок для игры №5518:
ID 465094197 поставил 180000 коинов на danger и проиграл при выигрышном цвете primary
21:22:20 | ID 398941566 пополнил баланс на 702000 коинов
21:22:33 | ID 398941566 запросил вывод 702 коинов; VKC response code: 200
21:25:37 | ID 307012201 пополнил баланс на 100000000 коинов
21:25:44 | ID 398941566 пополнил баланс на 700000000 коинов
21:26:00 | ID 465094197 пополнил баланс на 300000000 коинов
21:26:17 | Розыгрыш ставок для игры №5519:
ID 307012201 поставил 10000 коинов на primary и проиграл при выигрышном цвете danger
ID 398941566 поставил 500000 коинов на danger и выиграл 1000000 коинов при выигрышном цвете danger
21:27:00 | Розыгрыш ставок для игры №5520:
ID 307012201 поставил 10000 коинов на primary и выиграл 20000 коинов при выигрышном цвете primary
ID 398941566 поставил 200000 коинов на primary и выиграл 400000 коинов при выигрышном цвете primary
21:27:45 | Розыгрыш ставок для игры №5521:
ID 398941566 поставил 400000 коинов на primary и выиграл 800000 коинов при выигрышном цвете primary
ID 465094197 поставил 300000 коинов на primary и выиграл 600000 коинов при выигрышном цвете primary
ID 307012201 поставил 10000 коинов на primary и выиграл 20000 коинов при выигрышном цвете primary
21:28:36 | ID 307012201 пополнил баланс на 1600000000 коинов
21:28:39 | Розыгрыш ставок для игры №5522:
ID 398941566 поставил 800000 коинов на danger и выиграл 1600000 коинов при выигрышном цвете danger
ID 307012201 поставил 100000 коинов на danger и выиграл 200000 коинов при выигрышном цвете danger
21:29:29 | Розыгрыш ставок для игры №5523:
ID 398941566 поставил 600000 коинов на primary и выиграл 1200000 коинов при выигрышном цвете primary
ID 307012201 поставил 810000 коинов на primary и выиграл 1620000 коинов при выигрышном цвете primary
21:30:18 | Розыгрыш ставок для игры №5524:
ID 398941566 поставил 1200000 коинов на danger и выиграл 2400000 коинов при выигрышном цвете danger
ID 307012201 поставил 1620000 коинов на danger и выиграл 3240000 коинов при выигрышном цвете danger
21:31:00 | ID 398941566 запросил вывод 4000000 коинов; VKC response code: 200
21:31:24 | Розыгрыш ставок для игры №5525:
ID 398941566 поставил 400000 коинов на success и проиграл при выигрышном цвете danger
ID 307012201 поставил 3240000 коинов на success и проиграл при выигрышном цвете danger
21:32:41 | Розыгрыш ставок для игры №5526:
ID 307012201 поставил 200000 коинов на primary и проиграл при выигрышном цвете danger
ID 465094197 поставил 100000 коинов на primary и проиграл при выигрышном цвете danger
21:33:24 | Розыгрыш ставок для игры №5527:
ID 462144442 поставил 1000 коинов на primary и выиграл 2000 коинов при выигрышном цвете primary
ID 465094197 поставил 400000 коинов на danger и проиграл при выигрышном цвете primary
ID 307012201 поставил 100000 коинов на primary и выиграл 200000 коинов при выигрышном цвете primary
21:33:32 | ID 307012201 запросил вывод 500000 коинов; VKC response code: 200
21:34:08 | Розыгрыш ставок для игры №5528:
ID 438432982 поставил 1000 коинов на danger и проиграл при выигрышном цвете primary
ID 462144442 поставил 2000 коинов на primary и выиграл 4000 коинов при выигрышном цвете primary
ID 307012201 поставил 100000 коинов на danger и проиграл при выигрышном цвете primary
ID 465094197 поставил 100000 коинов на danger и проиграл при выигрышном цвете primary
21:34:37 | ID 307012201 запросил вывод 100000 коинов; VKC response code: 200
21:34:53 | Розыгрыш ставок для игры №5529:
ID 307012201 поставил 100000 коинов на danger и проиграл при выигрышном цвете primary
ID 462144442 поставил 4000 коинов на success и проиграл при выигрышном цвете primary
21:35:37 | Розыгрыш ставок для игры №5530:
ID 307012201 поставил 100000 коинов на danger и проиграл при выигрышном цвете primary
21:43:39 | ID 575819546 пополнил баланс на 250017458 коинов
21:44:28 | Розыгрыш ставок для игры №5531:
ID 575819546 поставил 50017 коинов на primary и выиграл 100034 коинов при выигрышном цвете primary
21:45:40 | Розыгрыш ставок для игры №5532:
ID 575819546 поставил 100034 коинов на danger и проиграл при выигрышном цвете primary
ID 594058724 поставил 100000 коинов на danger и проиграл при выигрышном цвете primary
21:46:22 | Розыгрыш ставок для игры №5533:
ID 594058724 поставил 200000 коинов на danger и проиграл при выигрышном цвете primary
21:47:04 | Розыгрыш ставок для игры №5534:
ID 594058724 поставил 429730 коинов на danger и проиграл при выигрышном цвете primary
ID 575819546 поставил 100000 коинов на danger и проиграл при выигрышном цвете primary
21:48:02 | Розыгрыш ставок для игры №5535:
ID 575819546 поставил 50000 коинов на success и проиграл при выигрышном цвете primary
21:48:02 | Розыгрыш ставок для игры №5536:
ID 575819546 поставил 50000 коинов на success и проиграл при выигрышном цвете primary
21:48:53 | Розыгрыш ставок для игры №5537:
ID 575819546 поставил 50000 коинов на danger и проиграл при выигрышном цвете primary
21:53:04 | ID 567124649 пополнил баланс на 50000000 коинов
21:53:40 | Розыгрыш ставок для игры №5538:
ID 567124649 поставил 10000 коинов на primary и выиграл 20000 коинов при выигрышном цвете primary
21:53:43 | ID 499366239 пополнил баланс на 170000000 коинов
21:54:28 | Розыгрыш ставок для игры №5539:
ID 499366239 поставил 30000 коинов на danger и проиграл при выигрышном цвете success
21:56:18 | Розыгрыш ставок для игры №5540:
ID 512227989 поставил 1000 коинов на primary и проиграл при выигрышном цвете danger
22:04:53 | Розыгрыш ставок для игры №5541:
ID 457040307 поставил 1000 коинов на danger и проиграл при выигрышном цвете primary
22:06:20 | Розыгрыш ставок для игры №5542:
ID 510924753 поставил 1000 коинов на danger и проиграл при выигрышном цвете primary
22:06:28 | ID 347438428 пополнил баланс на 2000000000 коинов
22:06:51 | ID 378528616 пополнил баланс на 2000000000 коинов
22:07:04 | Розыгрыш ставок для игры №5543:
ID 510924753 поставил 3000 коинов на primary и выиграл 6000 коинов при выигрышном цвете primary
ID 347438428 поставил 500000 коинов на danger и проиграл при выигрышном цвете primary
ID 378528616 поставил 500000 коинов на danger и проиграл при выигрышном цвете primary
22:07:49 | Розыгрыш ставок для игры №5544:
ID 378528616 поставил 1000000 коинов на danger и выиграл 2000000 коинов при выигрышном цвете danger
ID 347438428 поставил 1500000 коинов на danger и выиграл 3000000 коинов при выигрышном цвете danger
22:07:53 | ID 518139968 пополнил баланс на 100000000 коинов
22:08:32 | Розыгрыш ставок для игры №5545:
ID 510924753 поставил 1000 коинов на danger и проиграл при выигрышном цвете primary
ID 347438428 поставил 1500000 коинов на danger и проиграл при выигрышном цвете primary
ID 378528616 поставил 1000000 коинов на primary и выиграл 2000000 коинов при выигрышном цвете primary
22:08:53 | ID 378528616 запросил вывод 3500000 коинов; VKC response code: 200
22:09:15 | Розыгрыш ставок для игры №5546:
ID 347438428 поставил 1500000 коинов на danger и выиграл 3000000 коинов при выигрышном цвете danger
ID 510924753 поставил 3000 коинов на primary и проиграл при выигрышном цвете danger
22:10:26 | Розыгрыш ставок для игры №5547:
ID 347438428 поставил 3000000 коинов на primary и проиграл при выигрышном цвете success
ID 510924753 поставил 9000 коинов на danger и проиграл при выигрышном цвете success
22:11:16 | Розыгрыш ставок для игры №5548:
ID 510924753 поставил 27000 коинов на primary и выиграл 54000 коинов при выигрышном цвете primary
22:12:10 | Розыгрыш ставок для игры №5549:
ID 510924753 поставил 500000 коинов на primary и проиграл при выигрышном цвете danger
22:12:52 | Розыгрыш ставок для игры №5550:
ID 510924753 поставил 2000000 коинов на danger и проиграл при выигрышном цвете primary
22:13:58 | Розыгрыш ставок для игры №5551:
ID 546137186 поставил 1000 коинов на danger и выиграл 2000 коинов при выигрышном цвете danger
22:18:03 | Розыгрыш ставок для игры №5552:
ID 546137186 поставил 2000 коинов на success и проиграл при выигрышном цвете primary
22:33:34 | ID 359089604 пополнил баланс на 333333000 коинов
22:33:41 | ID 594058724 пополнил баланс на 500000000 коинов
22:34:33 | Розыгрыш ставок для игры №5553:
ID 359089604 поставил 111111 коинов на success и проиграл при выигрышном цвете danger
22:35:24 | Розыгрыш ставок для игры №5554:
ID 359089604 поставил 111111 коинов на success и проиграл при выигрышном цвете primary
22:36:09 | Розыгрыш ставок для игры №5555:
ID 359089604 поставил 111111 коинов на success и проиграл при выигрышном цвете danger
22:44:47 | ID 589173333 пополнил баланс на 500000000 коинов
22:45:43 | Розыгрыш ставок для игры №5556:
ID 589173333 поставил 50000 коинов на primary и выиграл 100000 коинов при выигрышном цвете primary
22:46:32 | Розыгрыш ставок для игры №5557:
ID 589173333 поставил 50000 коинов на danger и проиграл при выигрышном цвете success
22:47:17 | Розыгрыш ставок для игры №5558:
ID 589173333 поставил 50000 коинов на danger и проиграл при выигрышном цвете primary
22:48:02 | Розыгрыш ставок для игры №5559:
ID 589173333 поставил 50000 коинов на success и выиграл 700000 коинов при выигрышном цвете success
22:48:02 | Розыгрыш ставок для игры №5560:
ID 589173333 поставил 50000 коинов на success и проиграл при выигрышном цвете primary
22:48:47 | Розыгрыш ставок для игры №5561:
ID 589173333 поставил 50000 коинов на success и проиграл при выигрышном цвете primary
22:49:35 | Розыгрыш ставок для игры №5562:
ID 589173333 поставил 50000 коинов на danger и проиграл при выигрышном цвете primary
22:50:18 | Розыгрыш ставок для игры №5563:
ID 589173333 поставил 50000 коинов на success и проиграл при выигрышном цвете danger
22:51:18 | Розыгрыш ставок для игры №5564:
ID 589173333 поставил 50000 коинов на success и проиграл при выигрышном цвете danger
22:52:02 | Розыгрыш ставок для игры №5565:
ID 589173333 поставил 50000 коинов на success и проиграл при выигрышном цвете danger
22:52:02 | Розыгрыш ставок для игры №5566:
ID 589173333 поставил 50000 коинов на success и выиграл 700000 коинов при выигрышном цвете success
22:52:53 | Розыгрыш ставок для игры №5567:
ID 589173333 поставил 50000 коинов на success и проиграл при выигрышном цвете primary
22:53:35 | Розыгрыш ставок для игры №5568:
ID 589173333 поставил 50000 коинов на danger и выиграл 100000 коинов при выигрышном цвете danger
ID 501562122 поставил 5000000 коинов на primary и проиграл при выигрышном цвете danger
22:54:19 | Розыгрыш ставок для игры №5569:
ID 589173333 поставил 100000 коинов на success и проиграл при выигрышном цвете primary
22:54:54 | ID 573244970 пополнил баланс на 100000000 коинов
22:55:03 | Розыгрыш ставок для игры №5570:
ID 589173333 поставил 100000 коинов на danger и выиграл 200000 коинов при выигрышном цвете danger
22:55:47 | Розыгрыш ставок для игры №5571:
ID 589173333 поставил 100000 коинов на success и проиграл при выигрышном цвете danger
ID 573244970 поставил 15000 коинов на primary и проиграл при выигрышном цвете danger
22:56:32 | Розыгрыш ставок для игры №5572:
ID 573244970 поставил 30000 коинов на primary и выиграл 60000 коинов при выигрышном цвете primary
ID 589173333 поставил 50000 коинов на success и проиграл при выигрышном цвете primary
ID 451927268 поставил 10000 коинов на success и проиграл при выигрышном цвете primary
22:57:16 | Розыгрыш ставок для игры №5573:
ID 589173333 поставил 100000 коинов на success и проиграл при выигрышном цвете danger
ID 451927268 поставил 10000 коинов на primary и проиграл при выигрышном цвете danger
ID 573244970 поставил 7500 коинов на danger и выиграл 15000 коинов при выигрышном цвете danger
22:57:59 | Розыгрыш ставок для игры №5574:
ID 589173333 поставил 100000 коинов на success и проиграл при выигрышном цвете primary
ID 451927268 поставил 10000 коинов на danger и проиграл при выигрышном цвете primary
ID 465094197 поставил 10000 коинов на danger и проиграл при выигрышном цвете primary
ID 573244970 поставил 3750 коинов на success и проиграл при выигрышном цвете primary
22:58:43 | Розыгрыш ставок для игры №5575:
ID 573244970 поставил 7500 коинов на primary и выиграл 15000 коинов при выигрышном цвете primary
ID 589173333 поставил 100000 коинов на success и проиграл при выигрышном цвете primary
ID 465094197 поставил 20000 коинов на danger и проиграл при выигрышном цвете primary
ID 451927268 поставил 20000 коинов на danger и проиграл при выигрышном цвете primary
22:59:25 | Розыгрыш ставок для игры №5576:
ID 573244970 поставил 7500 коинов на danger и выиграл 15000 коинов при выигрышном цвете danger
ID 589173333 поставил 100000 коинов на success и проиграл при выигрышном цвете danger
23:00:07 | Розыгрыш ставок для игры №5577:
ID 465094197 поставил 20000 коинов на primary и выиграл 40000 коинов при выигрышном цвете primary
ID 589173333 поставил 200000 коинов на danger и проиграл при выигрышном цвете primary
ID 451927268 поставил 500000 коинов на danger и проиграл при выигрышном цвете primary
23:00:53 | Розыгрыш ставок для игры №5578:
ID 451927268 поставил 500000 коинов на danger и проиграл при выигрышном цвете primary
ID 589173333 поставил 50000 коинов на success и проиграл при выигрышном цвете primary
ID 465094197 поставил 20000 коинов на danger и проиграл при выигрышном цвете primary
23:01:41 | Розыгрыш ставок для игры №5579:
ID 451927268 поставил 50000 коинов на danger и выиграл 100000 коинов при выигрышном цвете danger
ID 465094197 поставил 20000 коинов на primary и проиграл при выигрышном цвете danger
ID 589173333 поставил 50000 коинов на success и проиграл при выигрышном цвете danger
23:02:08 | ID 465094197 пополнил баланс на 500000000 коинов
23:02:28 | Розыгрыш ставок для игры №5580:
ID 451927268 поставил 100000 коинов на danger и выиграл 200000 коинов при выигрышном цвете danger
ID 589173333 поставил 50000 коинов на success и проиграл при выигрышном цвете danger
23:03:16 | Розыгрыш ставок для игры №5581:
ID 589173333 поставил 150000 коинов на danger и проиграл при выигрышном цвете success
ID 451927268 поставил 100000 коинов на danger и проиграл при выигрышном цвете success
23:04:04 | Розыгрыш ставок для игры №5582:
ID 589173333 поставил 50000 коинов на danger и выиграл 100000 коинов при выигрышном цвете danger
ID 465094197 поставил 500000 коинов на primary и проиграл при выигрышном цвете danger
23:04:39 | ID 465094197 пополнил баланс на 1500000000 коинов
23:04:48 | Розыгрыш ставок для игры №5583:
ID 451927268 поставил 100000 коинов на danger и проиграл при выигрышном цвете primary
ID 589173333 поставил 50000 коинов на danger и проиграл при выигрышном цвете primary
23:05:30 | Розыгрыш ставок для игры №5584:
ID 465094197 поставил 1500000 коинов на primary и проиграл при выигрышном цвете success
23:06:20 | ID 465094197 пополнил баланс на 500000000 коинов
23:06:26 | ID 451927268 пополнил баланс на 500000000 коинов
23:06:40 | Розыгрыш ставок для игры №5585:
ID 589173333 поставил 50000 коинов на primary и выиграл 100000 коинов при выигрышном цвете primary
ID 465094197 поставил 500000 коинов на primary и выиграл 1000000 коинов при выигрышном цвете primary
23:07:31 | Розыгрыш ставок для игры №5586:
ID 589173333 поставил 150000 коинов на success и проиграл при выигрышном цвете danger
23:08:14 | Розыгрыш ставок для игры №5587:
ID 451927268 поставил 100000 коинов на danger и выиграл 200000 коинов при выигрышном цвете danger
ID 589173333 поставил 50000 коинов на success и проиграл при выигрышном цвете danger
ID 465094197 поставил 500000 коинов на danger и выиграл 1000000 коинов при выигрышном цвете danger
23:09:00 | Розыгрыш ставок для игры №5588:
ID 451927268 поставил 100000 коинов на danger и проиграл при выигрышном цвете primary
ID 589173333 поставил 50000 коинов на success и проиграл при выигрышном цвете primary
23:09:56 | Розыгрыш ставок для игры №5589:
ID 589173333 поставил 50000 коинов на success и проиграл при выигрышном цвете danger
ID 465094197 поставил 100000 коинов на primary и проиграл при выигрышном цвете danger
23:10:41 | Розыгрыш ставок для игры №5590:
ID 451927268 поставил 300000 коинов на danger и проиграл при выигрышном цвете primary
ID 465094197 поставил 400000 коинов на danger и проиграл при выигрышном цвете primary
ID 589173333 поставил 150000 коинов на danger и проиграл при выигрышном цвете primary
23:11:31 | Розыгрыш ставок для игры №5591:
ID 589173333 поставил 100000 коинов на success и проиграл при выигрышном цвете danger
ID 451927268 поставил 50000 коинов на success и проиграл при выигрышном цвете danger
ID 465094197 поставил 700000 коинов на primary и проиграл при выигрышном цвете danger
23:12:23 | Розыгрыш ставок для игры №5592:
ID 451927268 поставил 150000 коинов на danger и проиграл при выигрышном цвете primary
ID 465094197 поставил 300000 коинов на primary и выиграл 600000 коинов при выигрышном цвете primary
23:13:15 | Розыгрыш ставок для игры №5593:
ID 465094197 поставил 300000 коинов на danger и проиграл при выигрышном цвете primary
23:14:33 | Розыгрыш ставок для игры №5594:
ID 465094197 поставил 300000 коинов на danger и выиграл 600000 коинов при выигрышном цвете danger
23:47:37 | Розыгрыш ставок для игры №5595:
ID 499366239 поставил 40000 коинов на primary и выиграл 80000 коинов при выигрышном цвете primary
23:48:22 | Розыгрыш ставок для игры №5596:
ID 499366239 поставил 60000 коинов на danger и выиграл 120000 коинов при выигрышном цвете danger
23:49:07 | Розыгрыш ставок для игры №5597:
ID 499366239 поставил 80000 коинов на primary и выиграл 160000 коинов при выигрышном цвете primary
23:49:52 | Розыгрыш ставок для игры №5598:
ID 499366239 поставил 80000 коинов на primary и выиграл 160000 коинов при выигрышном цвете primary
23:50:39 | Розыгрыш ставок для игры №5599:
ID 499366239 поставил 50000 коинов на primary и выиграл 100000 коинов при выигрышном цвете primary
23:51:26 | Розыгрыш ставок для игры №5600:
ID 499366239 поставил 40000 коинов на danger и выиграл 80000 коинов при выигрышном цвете danger
23:52:20 | Розыгрыш ставок для игры №5601:
ID 499366239 поставил 75000 коинов на primary и проиграл при выигрышном цвете danger
23:53:11 | Розыгрыш ставок для игры №5602:
ID 499366239 поставил 2500 коинов на danger и проиграл при выигрышном цвете primary
23:53:58 | Розыгрыш ставок для игры №5603:
ID 499366239 поставил 60000 коинов на danger и проиграл при выигрышном цвете primary
23:54:33 | ID 499366239 запросил вывод 302500 коинов; VKC response code: 200
23:54:50 | Розыгрыш ставок для игры №5604:
ID 499366239 поставил 50000 коинов на primary и проиграл при выигрышном цвете danger