
00:02:23 | ID 388948203 пополнил баланс на 114000000 коинов
00:03:06 | Розыгрыш ставок для игры №8967:
ID 388948203 поставил 114000 коинов на primary и выиграл 171000 коинов при выигрышном цвете primary
00:04:01 | Розыгрыш ставок для игры №8968:
ID 388948203 поставил 171000 коинов на primary и проиграл при выигрышном цвете success
00:04:01 | Розыгрыш ставок для игры №8969:
ID 388948203 поставил 171000 коинов на primary и выиграл 256500 коинов при выигрышном цвете primary
00:04:19 | ID 388948203 запросил вывод 256000 коинов; VKC response code: 200
00:05:26 | ID 388948203 пополнил баланс на 100000000 коинов
00:06:02 | Розыгрыш ставок для игры №8970:
ID 388948203 поставил 100000 коинов на primary и выиграл 150000 коинов при выигрышном цвете primary
00:06:51 | Розыгрыш ставок для игры №8971:
ID 388948203 поставил 150000 коинов на success и выиграл 375000 коинов при выигрышном цвете success
00:07:47 | Розыгрыш ставок для игры №8972:
ID 388948203 поставил 375000 коинов на primary и проиграл при выигрышном цвете success
00:08:32 | Розыгрыш ставок для игры №8973:
ID 398662673 поставил 1000 коинов на success и выиграл 2500 коинов при выигрышном цвете success
00:09:16 | Розыгрыш ставок для игры №8974:
ID 398662673 поставил 2000 коинов на danger и проиграл при выигрышном цвете primary
00:10:00 | Розыгрыш ставок для игры №8975:
ID 398662673 поставил 1000 коинов на primary и проиграл при выигрышном цвете success
00:10:47 | Розыгрыш ставок для игры №8976:
ID 398662673 поставил 1000 коинов на danger и проиграл при выигрышном цвете primary
00:14:43 | ID 388948203 пополнил баланс на 200000000 коинов
00:15:18 | Розыгрыш ставок для игры №8977:
ID 388948203 поставил 200000 коинов на primary и проиграл при выигрышном цвете danger
00:15:48 | ID 388948203 пополнил баланс на 500000000 коинов
00:16:25 | Розыгрыш ставок для игры №8978:
ID 388948203 поставил 500000 коинов на primary и выиграл 750000 коинов при выигрышном цвете primary
00:16:42 | ID 388948203 запросил вывод 750000 коинов; VKC response code: 200
00:26:56 | ID 388948203 пополнил баланс на 290000000 коинов
00:27:33 | Розыгрыш ставок для игры №8979:
ID 388948203 поставил 290000 коинов на primary и проиграл при выигрышном цвете danger
01:12:30 | ID 562427284 пополнил баланс на 307000000 коинов
01:13:08 | Розыгрыш ставок для игры №8980:
ID 562427284 поставил 307000 коинов на success и выиграл 767500 коинов при выигрышном цвете success
01:13:26 | ID 562427284 запросил вывод 767500 коинов; VKC response code: 200
01:13:42 | ID 562427284 пополнил баланс на 29500000 коинов
01:14:16 | Розыгрыш ставок для игры №8981:
ID 562427284 поставил 29500 коинов на danger и проиграл при выигрышном цвете primary
01:33:37 | ID 439412838 запросил вывод 2250000 коинов; VKC response code: 200
02:14:43 | Розыгрыш ставок для игры №8982:
ID 495842141 поставил 1000 коинов на danger и выиграл 4500 коинов при выигрышном цвете danger
02:15:57 | Розыгрыш ставок для игры №8983:
ID 495842141 поставил 4500 коинов на success и выиграл 11250 коинов при выигрышном цвете success
02:19:15 | Розыгрыш ставок для игры №8984:
ID 495842141 поставил 11250 коинов на danger и проиграл при выигрышном цвете primary
02:33:43 | ID 569150947 пополнил баланс на 86000000 коинов
02:34:19 | Розыгрыш ставок для игры №8985:
ID 569150947 поставил 44444 коинов на success и проиграл при выигрышном цвете primary
02:35:07 | Розыгрыш ставок для игры №8986:
ID 569150947 поставил 41556 коинов на success и проиграл при выигрышном цвете primary
02:37:47 | ID 523131846 пополнил баланс на 400000000 коинов
02:38:08 | ID 523131846 запросил вывод 400000 коинов; VKC response code: 200
02:38:29 | ID 523131846 пополнил баланс на 40000000 коинов
02:39:11 | Розыгрыш ставок для игры №8987:
ID 523131846 поставил 20000 коинов на primary и выиграл 30000 коинов при выигрышном цвете primary
02:40:00 | Розыгрыш ставок для игры №8988:
ID 523131846 поставил 25000 коинов на danger и проиграл при выигрышном цвете primary
02:40:48 | Розыгрыш ставок для игры №8989:
ID 523131846 поставил 25000 коинов на danger и проиграл при выигрышном цвете success
09:20:35 | Розыгрыш ставок для игры №8990:
ID 482560718 поставил 1000 коинов на danger и проиграл при выигрышном цвете primary
09:39:10 | Розыгрыш ставок для игры №8991:
ID 522320855 поставил 1000 коинов на primary и выиграл 1500 коинов при выигрышном цвете primary
09:39:48 | ID 540477211 пополнил баланс на 1000 коинов
09:39:57 | Розыгрыш ставок для игры №8992:
ID 522320855 поставил 1000 коинов на success и выиграл 2500 коинов при выигрышном цвете success
09:40:48 | Розыгрыш ставок для игры №8993:
ID 522320855 поставил 3000 коинов на danger и проиграл при выигрышном цвете primary
10:03:20 | ID 388948203 пополнил баланс на 100000000 коинов
10:03:56 | Розыгрыш ставок для игры №8994:
ID 388948203 поставил 100500 коинов на primary и выиграл 150750 коинов при выигрышном цвете primary
10:04:44 | Розыгрыш ставок для игры №8995:
ID 388948203 поставил 150750 коинов на primary и выиграл 226125 коинов при выигрышном цвете primary
10:04:57 | ID 388948203 запросил вывод 226125 коинов; VKC response code: 200
10:17:33 | ID 388948203 пополнил баланс на 119000000 коинов
10:18:11 | Розыгрыш ставок для игры №8996:
ID 388948203 поставил 119000 коинов на primary и выиграл 178500 коинов при выигрышном цвете primary
10:18:28 | ID 388948203 запросил вывод 178000 коинов; VKC response code: 200
10:21:07 | ID 388948203 пополнил баланс на 150000000 коинов
10:21:44 | Розыгрыш ставок для игры №8997:
ID 388948203 поставил 150000 коинов на success и проиграл при выигрышном цвете primary
10:22:47 | ID 388948203 пополнил баланс на 100000000 коинов
10:23:22 | Розыгрыш ставок для игры №8998:
ID 388948203 поставил 100000 коинов на success и выиграл 250000 коинов при выигрышном цвете success
10:24:10 | Розыгрыш ставок для игры №8999:
ID 388948203 поставил 250000 коинов на primary и проиграл при выигрышном цвете success
10:33:26 | ID 335065398 пополнил баланс на 949000 коинов
10:43:33 | ID 388948203 пополнил баланс на 200000000 коинов
10:44:07 | Розыгрыш ставок для игры №9000:
ID 388948203 поставил 200000 коинов на primary и выиграл 300000 коинов при выигрышном цвете primary
10:44:23 | ID 388948203 запросил вывод 300000 коинов; VKC response code: 200
11:30:13 | ID 562427284 пополнил баланс на 1300000000 коинов
11:30:52 | Розыгрыш ставок для игры №9001:
ID 562427284 поставил 650000 коинов на success и проиграл при выигрышном цвете danger
11:31:36 | Розыгрыш ставок для игры №9002:
ID 562427284 поставил 650000 коинов на success и проиграл при выигрышном цвете primary
11:45:21 | Розыгрыш ставок для игры №9003:
ID 395989035 поставил 1000 коинов на danger и проиграл при выигрышном цвете success
11:58:14 | ID 590062044 пополнил баланс на 1000 коинов
11:58:37 | ID 590062044 запросил вывод 1 коинов; VKC response code: 200
12:43:58 | ID 154434590 пополнил баланс на 100000 коинов
12:44:35 | ID 154434590 пополнил баланс на 2900000 коинов
12:45:42 | Розыгрыш ставок для игры №9004:
ID 154434590 поставил 1000 коинов на success и проиграл при выигрышном цвете primary
12:46:24 | Розыгрыш ставок для игры №9005:
ID 154434590 поставил 1000 коинов на primary и проиграл при выигрышном цвете danger
13:25:19 | ID 389755560 пополнил баланс на 2000000000 коинов
13:25:53 | Розыгрыш ставок для игры №9006:
ID 389755560 поставил 500000 коинов на success и проиграл при выигрышном цвете primary
13:26:39 | Розыгрыш ставок для игры №9007:
ID 389755560 поставил 500000 коинов на danger и проиграл при выигрышном цвете success
13:27:22 | Розыгрыш ставок для игры №9008:
ID 389755560 поставил 1000000 коинов на primary и проиграл при выигрышном цвете danger
13:45:08 | Розыгрыш ставок для игры №9009:
ID 398662673 поставил 1000 коинов на danger и проиграл при выигрышном цвете success
13:45:52 | Розыгрыш ставок для игры №9010:
ID 398662673 поставил 1000 коинов на primary и выиграл 1500 коинов при выигрышном цвете primary
13:46:35 | Розыгрыш ставок для игры №9011:
ID 398662673 поставил 1000 коинов на success и выиграл 2500 коинов при выигрышном цвете success
13:47:20 | Розыгрыш ставок для игры №9012:
ID 398662673 поставил 1000 коинов на danger и проиграл при выигрышном цвете success
13:50:46 | ID 529771671 пополнил баланс на 84000000 коинов
13:51:23 | Розыгрыш ставок для игры №9013:
ID 529771671 поставил 84000 коинов на primary и проиграл при выигрышном цвете success
15:18:19 | ID 461001990 пополнил баланс на 1000000 коинов
15:37:02 | ID 388948203 пополнил баланс на 320000000 коинов
15:37:40 | Розыгрыш ставок для игры №9014:
ID 388948203 поставил 120000 коинов на primary и проиграл при выигрышном цвете success
15:38:28 | Розыгрыш ставок для игры №9015:
ID 388948203 поставил 200500 коинов на primary и проиграл при выигрышном цвете success
15:38:54 | ID 388948203 пополнил баланс на 600000000 коинов
15:39:31 | Розыгрыш ставок для игры №9016:
ID 388948203 поставил 600000 коинов на primary и выиграл 900000 коинов при выигрышном цвете primary
15:40:20 | ID 388948203 запросил вывод 900000 коинов; VKC response code: 200
15:40:36 | ID 562427284 пополнил баланс на 3100000000 коинов
15:41:15 | Розыгрыш ставок для игры №9017:
ID 562427284 поставил 1550000 коинов на success и проиграл при выигрышном цвете danger
15:41:58 | Розыгрыш ставок для игры №9018:
ID 562427284 поставил 1550000 коинов на success и выиграл 3875000 коинов при выигрышном цвете success
15:42:44 | ID 562427284 запросил вывод 2900000 коинов; VKC response code: 200
15:43:05 | Розыгрыш ставок для игры №9019:
ID 562427284 поставил 975000 коинов на danger и проиграл при выигрышном цвете success
15:48:52 | ID 562427284 пополнил баланс на 3200000000 коинов
15:49:41 | Розыгрыш ставок для игры №9020:
ID 562427284 поставил 1600000 коинов на success и проиграл при выигрышном цвете primary
15:50:11 | ID 562427284 запросил вывод 1600000 коинов; VKC response code: 200
16:03:08 | ID 388948203 пополнил баланс на 300000000 коинов
16:03:42 | Розыгрыш ставок для игры №9021:
ID 388948203 поставил 300000 коинов на primary и выиграл 450000 коинов при выигрышном цвете primary
16:04:01 | ID 388948203 запросил вывод 450000 коинов; VKC response code: 200
16:10:39 | ID 388948203 пополнил баланс на 400000000 коинов
16:11:20 | Розыгрыш ставок для игры №9022:
ID 388948203 поставил 400000 коинов на primary и проиграл при выигрышном цвете danger
16:11:41 | ID 388948203 пополнил баланс на 900000000 коинов
16:12:14 | Розыгрыш ставок для игры №9023:
ID 388948203 поставил 900000 коинов на primary и выиграл 1350000 коинов при выигрышном цвете primary
16:12:43 | ID 388948203 запросил вывод 1350000 коинов; VKC response code: 200
16:14:12 | ID 224690421 пополнил баланс на 100000000 коинов
16:14:46 | Розыгрыш ставок для игры №9024:
ID 224690421 поставил 50000 коинов на success и проиграл при выигрышном цвете danger
16:15:29 | Розыгрыш ставок для игры №9025:
ID 224690421 поставил 50000 коинов на success и выиграл 125000 коинов при выигрышном цвете success
16:16:17 | Розыгрыш ставок для игры №9026:
ID 224690421 поставил 62500 коинов на primary и выиграл 93750 коинов при выигрышном цвете primary
16:16:53 | ID 414966822 пополнил баланс на 100000000 коинов
16:17:14 | Розыгрыш ставок для игры №9027:
ID 224690421 поставил 56250 коинов на primary и проиграл при выигрышном цвете success
ID 414966822 поставил 50000 коинов на primary и проиграл при выигрышном цвете success
16:17:58 | Розыгрыш ставок для игры №9028:
ID 414966822 поставил 50000 коинов на primary и проиграл при выигрышном цвете success
ID 224690421 поставил 101000 коинов на success и выиграл 252500 коинов при выигрышном цвете success
16:20:27 | ID 491264677 пополнил баланс на 98000000 коинов
16:21:13 | Розыгрыш ставок для игры №9029:
ID 224690421 поставил 5000 коинов на danger и выиграл 22500 коинов при выигрышном цвете danger
ID 491264677 поставил 5000 коинов на danger и выиграл 22500 коинов при выигрышном цвете danger
16:21:56 | Розыгрыш ставок для игры №9030:
ID 224690421 поставил 5000 коинов на success и проиграл при выигрышном цвете primary
ID 491264677 поставил 5000 коинов на primary и выиграл 7500 коинов при выигрышном цвете primary
16:22:40 | Розыгрыш ставок для игры №9031:
ID 224690421 поставил 10000 коинов на success и проиграл при выигрышном цвете danger
ID 491264677 поставил 14000 коинов на danger и выиграл 63000 коинов при выигрышном цвете danger
16:23:23 | Розыгрыш ставок для игры №9032:
ID 224690421 поставил 20000 коинов на success и проиграл при выигрышном цвете primary
ID 491264677 поставил 9000 коинов на success и проиграл при выигрышном цвете primary
16:24:05 | Розыгрыш ставок для игры №9033:
ID 224690421 поставил 40000 коинов на success и выиграл 100000 коинов при выигрышном цвете success
ID 491264677 поставил 10000 коинов на danger и проиграл при выигрышном цвете success
16:24:54 | Розыгрыш ставок для игры №9034:
ID 224690421 поставил 10000 коинов на success и выиграл 25000 коинов при выигрышном цвете success
ID 491264677 поставил 49000 коинов на danger и проиграл при выигрышном цвете success
16:25:48 | Розыгрыш ставок для игры №9035:
ID 224690421 поставил 5000 коинов на danger и проиграл при выигрышном цвете success
ID 491264677 поставил 10000 коинов на danger и проиграл при выигрышном цвете success
16:26:48 | Розыгрыш ставок для игры №9036:
ID 224690421 поставил 10000 коинов на danger и проиграл при выигрышном цвете primary
ID 491264677 поставил 90000 коинов на success и проиграл при выигрышном цвете primary
16:27:32 | Розыгрыш ставок для игры №9037:
ID 224690421 поставил 20000 коинов на danger и проиграл при выигрышном цвете primary
16:28:14 | Розыгрыш ставок для игры №9038:
ID 224690421 поставил 40000 коинов на danger и выиграл 180000 коинов при выигрышном цвете danger
16:29:07 | Розыгрыш ставок для игры №9039:
ID 224690421 поставил 40000 коинов на success и проиграл при выигрышном цвете primary
ID 395082830 поставил 1000 коинов на success и проиграл при выигрышном цвете primary
16:29:51 | Розыгрыш ставок для игры №9040:
ID 224690421 поставил 80000 коинов на success и выиграл 200000 коинов при выигрышном цвете success
16:30:43 | Розыгрыш ставок для игры №9041:
ID 224690421 поставил 10000 коинов на success и проиграл при выигрышном цвете primary
16:31:43 | Розыгрыш ставок для игры №9042:
ID 224690421 поставил 20000 коинов на success и выиграл 50000 коинов при выигрышном цвете success
16:32:40 | Розыгрыш ставок для игры №9043:
ID 224690421 поставил 10000 коинов на primary и выиграл 15000 коинов при выигрышном цвете primary
16:33:28 | Розыгрыш ставок для игры №9044:
ID 224690421 поставил 10000 коинов на danger и проиграл при выигрышном цвете success
16:34:10 | Розыгрыш ставок для игры №9045:
ID 224690421 поставил 20000 коинов на danger и проиграл при выигрышном цвете success
16:34:51 | Розыгрыш ставок для игры №9046:
ID 224690421 поставил 40000 коинов на danger и выиграл 180000 коинов при выигрышном цвете danger
16:35:49 | Розыгрыш ставок для игры №9047:
ID 224690421 поставил 20000 коинов на primary и проиграл при выигрышном цвете danger
16:36:09 | ID 388948203 пополнил баланс на 200000000 коинов
16:36:31 | Розыгрыш ставок для игры №9048:
ID 224690421 поставил 80000 коинов на primary и проиграл при выигрышном цвете success
ID 388948203 поставил 200000 коинов на primary и проиграл при выигрышном цвете success
16:37:16 | Розыгрыш ставок для игры №9049:
ID 224690421 поставил 532270 коинов на primary и выиграл 798405 коинов при выигрышном цвете primary
16:37:36 | ID 388948203 пополнил баланс на 500000000 коинов
16:38:02 | Розыгрыш ставок для игры №9050:
ID 205453542 поставил 20010 коинов на success и проиграл при выигрышном цвете primary
ID 388948203 поставил 500000 коинов на primary и выиграл 750000 коинов при выигрышном цвете primary
ID 224690421 поставил 10000 коинов на danger и проиграл при выигрышном цвете primary
16:38:02 | Розыгрыш ставок для игры №9051:
ID 205453542 поставил 20010 коинов на success и выиграл 50025 коинов при выигрышном цвете success
ID 388948203 поставил 500000 коинов на primary и проиграл при выигрышном цвете success
ID 224690421 поставил 10000 коинов на danger и проиграл при выигрышном цвете success
16:38:22 | ID 388948203 запросил вывод 750000 коинов; VKC response code: 200
16:38:45 | Розыгрыш ставок для игры №9052:
ID 224690421 поставил 10000 коинов на primary и выиграл 15000 коинов при выигрышном цвете primary
16:39:44 | Розыгрыш ставок для игры №9053:
ID 224690421 поставил 10000 коинов на success и выиграл 25000 коинов при выигрышном цвете success
16:40:39 | ID 464709093 пополнил баланс на 3000000 коинов
16:40:44 | Розыгрыш ставок для игры №9054:
ID 224690421 поставил 10000 коинов на danger и проиграл при выигрышном цвете primary
16:41:28 | Розыгрыш ставок для игры №9055:
ID 224690421 поставил 20000 коинов на danger и проиграл при выигрышном цвете primary
16:42:10 | Розыгрыш ставок для игры №9056:
ID 224690421 поставил 40000 коинов на danger и проиграл при выигрышном цвете primary
16:42:52 | Розыгрыш ставок для игры №9057:
ID 224690421 поставил 80000 коинов на danger и проиграл при выигрышном цвете success
16:43:35 | Розыгрыш ставок для игры №9058:
ID 224690421 поставил 160000 коинов на danger и выиграл 720000 коинов при выигрышном цвете danger
16:44:23 | Розыгрыш ставок для игры №9059:
ID 224690421 поставил 218405 коинов на success и проиграл при выигрышном цвете danger
16:45:10 | Розыгрыш ставок для игры №9060:
ID 224690421 поставил 500000 коинов на success и проиграл при выигрышном цвете primary
16:45:52 | Розыгрыш ставок для игры №9061:
ID 224690421 поставил 500000 коинов на success и проиграл при выигрышном цвете danger
ID 464709093 поставил 1000 коинов на success и проиграл при выигрышном цвете danger
16:46:49 | Розыгрыш ставок для игры №9062:
ID 205453542 поставил 50025 коинов на primary и выиграл 75037.5 коинов при выигрышном цвете primary
16:48:16 | Розыгрыш ставок для игры №9063:
ID 205453542 поставил 5038 коинов на danger и выиграл 22671 коинов при выигрышном цвете danger
16:51:09 | Розыгрыш ставок для игры №9064:
ID 406604172 поставил 1000 коинов на success и проиграл при выигрышном цвете primary
16:53:05 | ID 388948203 пополнил баланс на 150000000 коинов
16:53:41 | Розыгрыш ставок для игры №9065:
ID 388948203 поставил 150000 коинов на primary и выиграл 225000 коинов при выигрышном цвете primary
16:54:45 | Розыгрыш ставок для игры №9066:
ID 388948203 поставил 225000 коинов на primary и проиграл при выигрышном цвете success
ID 205453542 поставил 20000 коинов на success и выиграл 50000 коинов при выигрышном цвете success
16:57:03 | ID 388948203 пополнил баланс на 100000000 коинов
16:57:38 | Розыгрыш ставок для игры №9067:
ID 388948203 поставил 100000 коинов на success и проиграл при выигрышном цвете primary
16:57:59 | ID 388948203 пополнил баланс на 800000000 коинов
16:58:33 | Розыгрыш ставок для игры №9068:
ID 388948203 поставил 800000 коинов на primary и проиграл при выигрышном цвете success
16:58:58 | ID 388948203 пополнил баланс на 1400000000 коинов
16:59:32 | Розыгрыш ставок для игры №9069:
ID 388948203 поставил 1400000 коинов на primary и выиграл 2100000 коинов при выигрышном цвете primary
16:59:48 | ID 388948203 запросил вывод 2100000 коинов; VKC response code: 200
17:01:22 | ID 388948203 пополнил баланс на 250000000 коинов
17:01:57 | Розыгрыш ставок для игры №9070:
ID 388948203 поставил 250000 коинов на primary и проиграл при выигрышном цвете success
17:02:54 | ID 388948203 пополнил баланс на 550000000 коинов
17:03:28 | Розыгрыш ставок для игры №9071:
ID 388948203 поставил 550000 коинов на primary и проиграл при выигрышном цвете success
17:04:17 | ID 388948203 пополнил баланс на 1227000000 коинов
17:04:54 | Розыгрыш ставок для игры №9072:
ID 388948203 поставил 1227000 коинов на primary и проиграл при выигрышном цвете success
17:05:17 | ID 388948203 пополнил баланс на 1000000000 коинов
17:05:52 | Розыгрыш ставок для игры №9073:
ID 388948203 поставил 1000000 коинов на primary и проиграл при выигрышном цвете danger
17:27:38 | ID 421033492 пополнил баланс на 10000000 коинов
17:28:20 | Розыгрыш ставок для игры №9074:
ID 421033492 поставил 5000 коинов на danger и выиграл 22500 коинов при выигрышном цвете danger
17:29:14 | Розыгрыш ставок для игры №9075:
ID 421033492 поставил 20000 коинов на danger и выиграл 90000 коинов при выигрышном цвете danger
17:30:02 | Розыгрыш ставок для игры №9076:
ID 421033492 поставил 60000 коинов на success и проиграл при выигрышном цвете primary
17:30:02 | Розыгрыш ставок для игры №9077:
ID 421033492 поставил 60000 коинов на success и проиграл при выигрышном цвете primary
17:31:17 | Розыгрыш ставок для игры №9078:
ID 421033492 поставил 37500 коинов на danger и проиграл при выигрышном цвете primary
17:48:03 | ID 491264677 пополнил баланс на 1600000000 коинов
17:48:51 | Розыгрыш ставок для игры №9079:
ID 491264677 поставил 350000 коинов на danger и проиграл при выигрышном цвете primary
17:49:34 | Розыгрыш ставок для игры №9080:
ID 491264677 поставил 1250000 коинов на success и выиграл 3125000 коинов при выигрышном цвете success
17:50:42 | Розыгрыш ставок для игры №9081:
ID 491264677 поставил 125555 коинов на danger и проиграл при выигрышном цвете success
17:51:48 | Розыгрыш ставок для игры №9082:
ID 491264677 поставил 1000000 коинов на success и проиграл при выигрышном цвете primary
17:52:41 | Розыгрыш ставок для игры №9083:
ID 491264677 поставил 100000 коинов на danger и проиграл при выигрышном цвете success
17:53:26 | Розыгрыш ставок для игры №9084:
ID 491264677 поставил 200000 коинов на danger и выиграл 900000 коинов при выигрышном цвете danger
17:54:10 | Розыгрыш ставок для игры №9085:
ID 491264677 поставил 100000 коинов на success и выиграл 250000 коинов при выигрышном цвете success
17:54:55 | Розыгрыш ставок для игры №9086:
ID 491264677 поставил 100000 коинов на success и проиграл при выигрышном цвете primary
17:55:39 | Розыгрыш ставок для игры №9087:
ID 491264677 поставил 200000 коинов на success и проиграл при выигрышном цвете primary
17:56:27 | Розыгрыш ставок для игры №9088:
ID 491264677 поставил 400000 коинов на success и проиграл при выигрышном цвете danger
17:57:21 | Розыгрыш ставок для игры №9089:
ID 491264677 поставил 2049445 коинов на success и выиграл 5123612.5 коинов при выигрышном цвете success
18:58:06 | ID 205453542 пополнил баланс на 882095000 коинов
18:58:51 | Розыгрыш ставок для игры №9090:
ID 205453542 поставил 1004766 коинов на primary и проиграл при выигрышном цвете success
19:12:52 | ID 277548561 пополнил баланс на 5000000000 коинов
19:13:26 | Розыгрыш ставок для игры №9091:
ID 277548561 поставил 5000000 коинов на danger и проиграл при выигрышном цвете primary
19:34:23 | Розыгрыш ставок для игры №9092:
ID 520213415 поставил 1001 коинов на primary и проиграл при выигрышном цвете success
20:45:54 | ID 408025187 пополнил баланс на 3000000000 коинов
20:46:35 | Розыгрыш ставок для игры №9093:
ID 408025187 поставил 500000 коинов на primary и проиграл при выигрышном цвете success
20:47:28 | Розыгрыш ставок для игры №9094:
ID 408025187 поставил 750000 коинов на danger и проиграл при выигрышном цвете primary
20:48:19 | Розыгрыш ставок для игры №9095:
ID 408025187 поставил 1750000 коинов на success и выиграл 4375000 коинов при выигрышном цвете success
20:48:42 | ID 408025187 запросил вывод 4375000 коинов; VKC response code: 200
20:53:37 | Розыгрыш ставок для игры №9096:
ID 224690421 поставил 58750 коинов на success и проиграл при выигрышном цвете danger
21:01:54 | ID 596887112 пополнил баланс на 62000000 коинов
21:02:30 | Розыгрыш ставок для игры №9097:
ID 596887112 поставил 62000 коинов на danger и проиграл при выигрышном цвете primary
21:04:32 | Розыгрыш ставок для игры №9098:
ID 590457788 поставил 1000 коинов на danger и проиграл при выигрышном цвете primary
21:04:55 | ID 596887112 пополнил баланс на 1000000000 коинов
21:05:32 | Розыгрыш ставок для игры №9099:
ID 596887112 поставил 500000 коинов на danger и проиграл при выигрышном цвете primary
21:06:14 | Розыгрыш ставок для игры №9100:
ID 596887112 поставил 500000 коинов на danger и проиграл при выигрышном цвете primary
23:23:35 | ID 562427284 пополнил баланс на 650000000 коинов
23:24:10 | Розыгрыш ставок для игры №9101:
ID 562427284 поставил 325000 коинов на success и проиграл при выигрышном цвете danger
23:24:54 | Розыгрыш ставок для игры №9102:
ID 562427284 поставил 325000 коинов на success и выиграл 812500 коинов при выигрышном цвете success
23:25:15 | ID 562427284 запросил вывод 810000 коинов; VKC response code: 200
23:25:50 | Розыгрыш ставок для игры №9103:
ID 562427284 поставил 2500 коинов на danger и выиграл 11250 коинов при выигрышном цвете danger
23:26:48 | Розыгрыш ставок для игры №9104:
ID 562427284 поставил 11250 коинов на primary и проиграл при выигрышном цвете danger
23:29:22 | Розыгрыш ставок для игры №9105:
ID 342516665 поставил 1000 коинов на primary и выиграл 1500 коинов при выигрышном цвете primary
23:29:58 | ID 342516665 пополнил баланс на 80000000 коинов
23:30:26 | ID 342516665 запросил вывод 51500 коинов; VKC response code: 200
23:30:44 | Розыгрыш ставок для игры №9106:
ID 342516665 поставил 30000 коинов на primary и проиграл при выигрышном цвете danger
23:42:09 | ID 563182742 запросил вывод 2220 коинов; VKC response code: 200