
03:01:38 | Розыгрыш ставок для игры №10201:
ID 289160309 поставил 1000 коинов на danger и проиграл при выигрышном цвете primary
03:02:12 | ID 289160309 пополнил баланс на 100000000 коинов
03:02:54 | Розыгрыш ставок для игры №10202:
ID 289160309 поставил 1000 коинов на primary и проиграл при выигрышном цвете success
03:03:39 | Розыгрыш ставок для игры №10203:
ID 289160309 поставил 3000 коинов на primary и выиграл 4500 коинов при выигрышном цвете primary
03:04:39 | Розыгрыш ставок для игры №10204:
ID 289160309 поставил 1000 коинов на success и выиграл 2500 коинов при выигрышном цвете success
03:05:25 | Розыгрыш ставок для игры №10205:
ID 289160309 поставил 2000 коинов на primary и выиграл 3000 коинов при выигрышном цвете primary
03:06:15 | Розыгрыш ставок для игры №10206:
ID 289160309 поставил 50000 коинов на primary и выиграл 75000 коинов при выигрышном цвете primary
03:07:07 | Розыгрыш ставок для игры №10207:
ID 289160309 поставил 25000 коинов на success и проиграл при выигрышном цвете danger
03:07:48 | Розыгрыш ставок для игры №10208:
ID 289160309 поставил 25000 коинов на danger и проиграл при выигрышном цвете primary
03:08:38 | Розыгрыш ставок для игры №10209:
ID 289160309 поставил 50000 коинов на primary и проиграл при выигрышном цвете success
03:09:22 | Розыгрыш ставок для игры №10210:
ID 289160309 поставил 25000 коинов на primary и выиграл 37500 коинов при выигрышном цвете primary
03:10:10 | Розыгрыш ставок для игры №10211:
ID 289160309 поставил 40000 коинов на primary и проиграл при выигрышном цвете danger
09:55:53 | Розыгрыш ставок для игры №10212:
ID 600923952 поставил 1000 коинов на primary и выиграл 1500 коинов при выигрышном цвете primary
10:03:02 | Розыгрыш ставок для игры №10213:
ID 512816889 поставил 1000 коинов на success и проиграл при выигрышном цвете danger
17:39:58 | Розыгрыш ставок для игры №10214:
ID 229694558 поставил 1000 коинов на success и выиграл 2500 коинов при выигрышном цвете success
17:40:49 | Розыгрыш ставок для игры №10215:
ID 229694558 поставил 2000 коинов на danger и выиграл 9000 коинов при выигрышном цвете danger
17:41:37 | Розыгрыш ставок для игры №10216:
ID 229694558 поставил 6500 коинов на success и проиграл при выигрышном цвете primary
17:42:23 | Розыгрыш ставок для игры №10217:
ID 229694558 поставил 3000 коинов на success и проиграл при выигрышном цвете primary
18:23:59 | ID 595156109 пополнил баланс на 1000000000 коинов
18:24:40 | Розыгрыш ставок для игры №10218:
ID 595156109 поставил 300000 коинов на success и проиграл при выигрышном цвете primary
18:25:04 | ID 595156109 запросил вывод 300000 коинов; VKC response code: 200
18:25:21 | Розыгрыш ставок для игры №10219:
ID 595156109 поставил 400000 коинов на primary и выиграл 600000 коинов при выигрышном цвете primary
18:25:59 | ID 595156109 запросил вывод 400000 коинов; VKC response code: 200
18:26:12 | Розыгрыш ставок для игры №10220:
ID 595156109 поставил 200000 коинов на success и выиграл 500000 коинов при выигрышном цвете success
18:26:30 | ID 595156109 запросил вывод 500000 коинов; VKC response code: 200
18:29:52 | Розыгрыш ставок для игры №10221:
ID 426942002 поставил 1000 коинов на primary и проиграл при выигрышном цвете danger
18:30:24 | ID 426942002 пополнил баланс на 2000000 коинов
18:31:00 | Розыгрыш ставок для игры №10222:
ID 426942002 поставил 1000 коинов на success и выиграл 2500 коинов при выигрышном цвете success
19:02:52 | Розыгрыш ставок для игры №10223:
ID 426942002 поставил 1000 коинов на success и проиграл при выигрышном цвете danger
ID 369978187 поставил 1000 коинов на primary и проиграл при выигрышном цвете danger
19:03:37 | Розыгрыш ставок для игры №10224:
ID 426942002 поставил 1000 коинов на danger и проиграл при выигрышном цвете primary
19:04:01 | ID 369978187 пополнил баланс на 10000000 коинов
19:04:26 | Розыгрыш ставок для игры №10225:
ID 426942002 поставил 1000 коинов на danger и выиграл 4500 коинов при выигрышном цвете danger
ID 369978187 поставил 1000 коинов на danger и выиграл 4500 коинов при выигрышном цвете danger
19:05:14 | Розыгрыш ставок для игры №10226:
ID 426942002 поставил 1000 коинов на success и проиграл при выигрышном цвете primary
ID 369978187 поставил 1000 коинов на danger и проиграл при выигрышном цвете primary
19:06:01 | Розыгрыш ставок для игры №10227:
ID 369978187 поставил 1000 коинов на success и проиграл при выигрышном цвете primary
ID 426942002 поставил 1000 коинов на danger и проиграл при выигрышном цвете primary
19:06:47 | Розыгрыш ставок для игры №10228:
ID 426942002 поставил 1000 коинов на danger и проиграл при выигрышном цвете primary
ID 369978187 поставил 1000 коинов на success и проиграл при выигрышном цвете primary
19:07:30 | Розыгрыш ставок для игры №10229:
ID 426942002 поставил 1000 коинов на primary и проиграл при выигрышном цвете success
ID 369978187 поставил 10000 коинов на success и выиграл 25000 коинов при выигрышном цвете success
19:07:57 | ID 369978187 запросил вывод 24500 коинов; VKC response code: 200
19:08:01 | ID 426942002 пополнил баланс на 10000000 коинов
19:08:33 | Розыгрыш ставок для игры №10230:
ID 369978187 поставил 1000 коинов на success и проиграл при выигрышном цвете primary
ID 426942002 поставил 2000 коинов на danger и проиграл при выигрышном цвете primary
19:09:21 | Розыгрыш ставок для игры №10231:
ID 426942002 поставил 1000 коинов на primary и проиграл при выигрышном цвете success
19:09:43 | ID 426942002 запросил вывод 8000 коинов; VKC response code: 200