
00:03:49 | Розыгрыш ставок для игры №9322:
ID 597260147 поставил 1000 коинов на danger и проиграл при выигрышном цвете primary
00:24:03 | Розыгрыш ставок для игры №9323:
ID 371774076 поставил 1000 коинов на primary и проиграл при выигрышном цвете danger
00:52:54 | ID 565499836 пополнил баланс на 10000000 коинов
00:53:42 | Розыгрыш ставок для игры №9324:
ID 565499836 поставил 5000 коинов на success и проиграл при выигрышном цвете primary
00:54:27 | Розыгрыш ставок для игры №9325:
ID 565499836 поставил 5000 коинов на success и проиграл при выигрышном цвете primary
02:35:18 | ID 563182742 пополнил баланс на 695000000 коинов
02:36:00 | Розыгрыш ставок для игры №9326:
ID 563182742 поставил 195000 коинов на danger и проиграл при выигрышном цвете success
02:36:57 | Розыгрыш ставок для игры №9327:
ID 563182742 поставил 200000 коинов на danger и проиграл при выигрышном цвете success
02:37:44 | Розыгрыш ставок для игры №9328:
ID 563182742 поставил 200000 коинов на danger и проиграл при выигрышном цвете success
02:38:27 | Розыгрыш ставок для игры №9329:
ID 563182742 поставил 100000 коинов на danger и выиграл 450000 коинов при выигрышном цвете danger
02:41:31 | Розыгрыш ставок для игры №9330:
ID 563182742 поставил 100000 коинов на success и проиграл при выигрышном цвете danger
02:42:50 | Розыгрыш ставок для игры №9331:
ID 563182742 поставил 100000 коинов на success и проиграл при выигрышном цвете danger
02:43:59 | Розыгрыш ставок для игры №9332:
ID 563182742 поставил 200000 коинов на success и выиграл 500000 коинов при выигрышном цвете success
02:46:11 | Розыгрыш ставок для игры №9333:
ID 563182742 поставил 150000 коинов на success и проиграл при выигрышном цвете primary
02:46:57 | Розыгрыш ставок для игры №9334:
ID 563182742 поставил 150000 коинов на danger и проиграл при выигрышном цвете primary
02:49:54 | Розыгрыш ставок для игры №9335:
ID 563182742 поставил 150000 коинов на danger и проиграл при выигрышном цвете primary
02:51:12 | Розыгрыш ставок для игры №9336:
ID 563182742 поставил 75000 коинов на danger и проиграл при выигрышном цвете primary
02:52:03 | Розыгрыш ставок для игры №9337:
ID 563182742 поставил 18750 коинов на danger и проиграл при выигрышном цвете primary
02:53:08 | Розыгрыш ставок для игры №9338:
ID 563182742 поставил 6250 коинов на danger и выиграл 28125 коинов при выигрышном цвете danger
02:54:05 | Розыгрыш ставок для игры №9339:
ID 563182742 поставил 28125 коинов на success и проиграл при выигрышном цвете danger
09:47:39 | ID 224690421 пополнил баланс на 275000000 коинов
09:48:15 | Розыгрыш ставок для игры №9340:
ID 224690421 поставил 280000 коинов на success и проиграл при выигрышном цвете primary
12:41:19 | ID 343023680 пополнил баланс на 5000000 коинов
12:42:07 | Розыгрыш ставок для игры №9341:
ID 343023680 поставил 1000 коинов на primary и выиграл 1500 коинов при выигрышном цвете primary
12:42:51 | Розыгрыш ставок для игры №9342:
ID 343023680 поставил 1000 коинов на danger и проиграл при выигрышном цвете primary
12:43:35 | Розыгрыш ставок для игры №9343:
ID 343023680 поставил 1000 коинов на primary и выиграл 1500 коинов при выигрышном цвете primary
12:44:23 | Розыгрыш ставок для игры №9344:
ID 343023680 поставил 1000 коинов на primary и выиграл 1500 коинов при выигрышном цвете primary
12:45:16 | Розыгрыш ставок для игры №9345:
ID 343023680 поставил 3000 коинов на primary и проиграл при выигрышном цвете danger
12:46:06 | Розыгрыш ставок для игры №9346:
ID 343023680 поставил 2500 коинов на primary и выиграл 3750 коинов при выигрышном цвете primary
12:47:04 | Розыгрыш ставок для игры №9347:
ID 343023680 поставил 3750 коинов на primary и выиграл 5625 коинов при выигрышном цвете primary
12:47:59 | Розыгрыш ставок для игры №9348:
ID 343023680 поставил 1000 коинов на primary и выиграл 1500 коинов при выигрышном цвете primary
12:48:45 | Розыгрыш ставок для игры №9349:
ID 343023680 поставил 2000 коинов на primary и выиграл 3000 коинов при выигрышном цвете primary
12:49:09 | ID 343023680 запросил вывод 7125 коинов; VKC response code: 200
13:00:37 | Розыгрыш ставок для игры №9350:
ID 539514067 поставил 1000 коинов на primary и проиграл при выигрышном цвете success
13:20:07 | ID 389755560 пополнил баланс на 5000000000 коинов
13:20:45 | Розыгрыш ставок для игры №9351:
ID 389755560 поставил 1000000 коинов на danger и выиграл 4500000 коинов при выигрышном цвете danger
13:21:10 | ID 389755560 запросил вывод 8500000 коинов; VKC response code: 200
13:37:49 | ID 573244970 запросил вывод 2500 коинов; VKC response code: 200
13:45:56 | ID 562427284 пополнил баланс на 500000000 коинов
13:46:33 | Розыгрыш ставок для игры №9352:
ID 562427284 поставил 500000 коинов на success и проиграл при выигрышном цвете primary
18:02:03 | Розыгрыш ставок для игры №9353:
ID 465094197 поставил 5000 коинов на primary и проиграл при выигрышном цвете success
18:02:49 | Розыгрыш ставок для игры №9354:
ID 465094197 поставил 5000 коинов на primary и выиграл 7500 коинов при выигрышном цвете primary
18:04:13 | Розыгрыш ставок для игры №9355:
ID 465094197 поставил 5000 коинов на success и проиграл при выигрышном цвете primary
18:14:36 | Розыгрыш ставок для игры №9356:
ID 595228058 поставил 1000 коинов на danger и проиграл при выигрышном цвете primary
19:07:24 | Розыгрыш ставок для игры №9357:
ID 465094197 поставил 10000 коинов на success и проиграл при выигрышном цвете primary
19:19:45 | Розыгрыш ставок для игры №9358:
ID 465094197 поставил 6000 коинов на primary и выиграл 9000 коинов при выигрышном цвете primary
19:44:59 | ID 224690421 пополнил баланс на 2200000000 коинов
19:45:39 | Розыгрыш ставок для игры №9359:
ID 224690421 поставил 2200000 коинов на success и проиграл при выигрышном цвете primary
20:00:32 | Розыгрыш ставок для игры №9360:
ID 465094197 поставил 30000 коинов на primary и выиграл 45000 коинов при выигрышном цвете primary
20:01:59 | ID 224690421 пополнил баланс на 5000000000 коинов
20:02:16 | Розыгрыш ставок для игры №9361:
ID 465094197 поставил 3000 коинов на primary и проиграл при выигрышном цвете success
ID 224690421 поставил 100000 коинов на danger и проиграл при выигрышном цвете success
20:02:57 | Розыгрыш ставок для игры №9362:
ID 224690421 поставил 200000 коинов на danger и проиграл при выигрышном цвете success
ID 465094197 поставил 21000 коинов на success и выиграл 52500 коинов при выигрышном цвете success
20:03:45 | Розыгрыш ставок для игры №9363:
ID 224690421 поставил 400000 коинов на danger и проиграл при выигрышном цвете success
ID 465094197 поставил 1000 коинов на primary и проиграл при выигрышном цвете success
20:04:27 | Розыгрыш ставок для игры №9364:
ID 224690421 поставил 800000 коинов на danger и проиграл при выигрышном цвете primary
20:05:23 | Розыгрыш ставок для игры №9365:
ID 224690421 поставил 1750000 коинов на danger и проиграл при выигрышном цвете primary
20:06:06 | Розыгрыш ставок для игры №9366:
ID 224690421 поставил 1750000 коинов на danger и проиграл при выигрышном цвете success
21:47:38 | Розыгрыш ставок для игры №9367:
ID 465094197 поставил 6000 коинов на primary и выиграл 9000 коинов при выигрышном цвете primary
21:48:25 | Розыгрыш ставок для игры №9368:
ID 465094197 поставил 6000 коинов на primary и выиграл 9000 коинов при выигрышном цвете primary
21:49:13 | Розыгрыш ставок для игры №9369:
ID 465094197 поставил 3000 коинов на danger и проиграл при выигрышном цвете success
21:49:56 | Розыгрыш ставок для игры №9370:
ID 465094197 поставил 6000 коинов на success и выиграл 15000 коинов при выигрышном цвете success
21:50:43 | Розыгрыш ставок для игры №9371:
ID 465094197 поставил 6000 коинов на success и выиграл 15000 коинов при выигрышном цвете success
21:51:33 | Розыгрыш ставок для игры №9372:
ID 465094197 поставил 3000 коинов на danger и проиграл при выигрышном цвете success
21:52:18 | Розыгрыш ставок для игры №9373:
ID 465094197 поставил 3000 коинов на success и выиграл 7500 коинов при выигрышном цвете success
21:53:05 | Розыгрыш ставок для игры №9374:
ID 465094197 поставил 3000 коинов на success и проиграл при выигрышном цвете primary
21:53:48 | Розыгрыш ставок для игры №9375:
ID 465094197 поставил 51000 коинов на primary и выиграл 76500 коинов при выигрышном цвете primary
21:54:36 | Розыгрыш ставок для игры №9376:
ID 465094197 поставил 45000 коинов на primary и проиграл при выигрышном цвете danger
21:55:22 | Розыгрыш ставок для игры №9377:
ID 465094197 поставил 36000 коинов на danger и проиграл при выигрышном цвете primary
21:59:39 | ID 193654323 пополнил баланс на 700 коинов
23:40:34 | ID 379338266 пополнил баланс на 4000 коинов