
01:42:41 | ID 597518397 пополнил баланс на 1000000 коинов
01:43:42 | Розыгрыш ставок для игры №9620:
ID 597518397 поставил 1000 коинов на primary и выиграл 1500 коинов при выигрышном цвете primary
01:44:34 | Розыгрыш ставок для игры №9621:
ID 597518397 поставил 1000 коинов на primary и выиграл 1500 коинов при выигрышном цвете primary
01:45:00 | ID 597518397 запросил вывод 2000 коинов; VKC response code: 200
05:49:54 | ID 520871365 пополнил баланс на 10000000 коинов
05:50:39 | Розыгрыш ставок для игры №9622:
ID 520871365 поставил 10000 коинов на primary и проиграл при выигрышном цвете success
07:07:01 | ID 585891948 пополнил баланс на 1285000 коинов
07:07:59 | Розыгрыш ставок для игры №9623:
ID 585891948 поставил 1000 коинов на success и выиграл 2500 коинов при выигрышном цвете success
07:08:51 | Розыгрыш ставок для игры №9624:
ID 585891948 поставил 2785 коинов на danger и выиграл 12532.5 коинов при выигрышном цвете danger
07:09:56 | Розыгрыш ставок для игры №9625:
ID 585891948 поставил 12532 коинов на primary и проиграл при выигрышном цвете danger
09:01:16 | Розыгрыш ставок для игры №9626:
ID 581081092 поставил 1000 коинов на danger и проиграл при выигрышном цвете primary
11:13:48 | Розыгрыш ставок для игры №9627:
ID 248406507 поставил 1000 коинов на success и проиграл при выигрышном цвете danger
17:27:21 | ID 189783061 пополнил баланс на 10000000 коинов
17:28:22 | Розыгрыш ставок для игры №9628:
ID 189783061 поставил 1000 коинов на primary и выиграл 1500 коинов при выигрышном цвете primary
17:28:40 | ID 189783061 запросил вывод 10500 коинов; VKC response code: 200
19:41:35 | ID 174009914 пополнил баланс на 50000 коинов
19:42:21 | Розыгрыш ставок для игры №9629:
ID 174009914 поставил 1000 коинов на primary и проиграл при выигрышном цвете success
19:51:50 | Розыгрыш ставок для игры №9630:
ID 432326534 поставил 1000 коинов на primary и проиграл при выигрышном цвете danger
21:41:34 | ID 585891948 пополнил баланс на 1000000000 коинов
21:42:21 | Розыгрыш ставок для игры №9631:
ID 585891948 поставил 1000000 коинов на success и проиграл при выигрышном цвете primary
22:05:10 | Розыгрыш ставок для игры №9632:
ID 588884773 поставил 1000 коинов на success и проиграл при выигрышном цвете primary
22:06:06 | ID 585891948 пополнил баланс на 1000000000 коинов
22:06:46 | Розыгрыш ставок для игры №9633:
ID 585891948 поставил 1000000 коинов на success и проиграл при выигрышном цвете danger
22:23:31 | ID 522724221 запросил вывод 12000 коинов; VKC response code: 200
22:30:10 | Розыгрыш ставок для игры №9634:
ID 572179403 поставил 1250 коинов на primary и выиграл 1875 коинов при выигрышном цвете primary
22:31:11 | ID 570836734 пополнил баланс на 5000000000 коинов
22:31:13 | Розыгрыш ставок для игры №9635:
ID 572179403 поставил 1250 коинов на success и выиграл 3125 коинов при выигрышном цвете success
22:32:04 | Розыгрыш ставок для игры №9636:
ID 570836734 поставил 5000000 коинов на primary и выиграл 7500000 коинов при выигрышном цвете primary
22:32:04 | Розыгрыш ставок для игры №9637:
ID 570836734 поставил 5000000 коинов на primary и проиграл при выигрышном цвете success
22:32:52 | Розыгрыш ставок для игры №9638:
ID 572179403 поставил 1250 коинов на primary и проиграл при выигрышном цвете success
22:33:41 | Розыгрыш ставок для игры №9639:
ID 570836734 поставил 7500000 коинов на danger и проиграл при выигрышном цвете success
23:33:03 | Розыгрыш ставок для игры №9640:
ID 572179403 поставил 1000 коинов на primary и проиграл при выигрышном цвете success
23:53:49 | ID 563182742 пополнил баланс на 280000000 коинов
23:54:31 | Розыгрыш ставок для игры №9641:
ID 563182742 поставил 90000 коинов на success и выиграл 225000 коинов при выигрышном цвете success
23:55:29 | Розыгрыш ставок для игры №9642:
ID 563182742 поставил 45000 коинов на danger и проиграл при выигрышном цвете primary
23:56:20 | Розыгрыш ставок для игры №9643:
ID 563182742 поставил 45000 коинов на danger и выиграл 202500 коинов при выигрышном цвете danger
23:57:13 | Розыгрыш ставок для игры №9644:
ID 563182742 поставил 537109 коинов на success и проиграл при выигрышном цвете danger