
09:55:54 | ID 512646078 пополнил баланс на 200000000 коинов
09:56:29 | Розыгрыш ставок для игры №9516:
ID 512646078 поставил 200000 коинов на primary и выиграл 300000 коинов при выигрышном цвете primary
09:57:27 | Розыгрыш ставок для игры №9517:
ID 512646078 поставил 300000 коинов на primary и проиграл при выигрышном цвете success
10:05:56 | Розыгрыш ставок для игры №9518:
ID 558538799 поставил 1000 коинов на danger и проиграл при выигрышном цвете success
10:32:10 | Розыгрыш ставок для игры №9519:
ID 548607692 поставил 44500 коинов на danger и выиграл 200250 коинов при выигрышном цвете danger
10:33:38 | Розыгрыш ставок для игры №9520:
ID 548607692 поставил 100000 коинов на primary и выиграл 150000 коинов при выигрышном цвете primary
10:34:25 | Розыгрыш ставок для игры №9521:
ID 548607692 поставил 100000 коинов на success и выиграл 250000 коинов при выигрышном цвете success
10:35:17 | Розыгрыш ставок для игры №9522:
ID 548607692 поставил 100000 коинов на success и выиграл 250000 коинов при выигрышном цвете success
10:36:02 | Розыгрыш ставок для игры №9523:
ID 548607692 поставил 150000 коинов на danger и проиграл при выигрышном цвете success
10:36:02 | Розыгрыш ставок для игры №9524:
ID 548607692 поставил 150000 коинов на danger и проиграл при выигрышном цвете primary
10:36:36 | ID 548607692 запросил вывод 150000 коинов; VKC response code: 200
10:36:43 | ID 548607692 запросил вывод 100000 коинов; VKC response code: 200
10:36:59 | Розыгрыш ставок для игры №9525:
ID 548607692 поставил 150250 коинов на danger и проиграл при выигрышном цвете primary
10:49:10 | ID 596882187 пополнил баланс на 782000 коинов
10:49:58 | Розыгрыш ставок для игры №9526:
ID 596882187 поставил 1782 коинов на danger и проиграл при выигрышном цвете primary
12:34:21 | ID 489677842 пополнил баланс на 900000000 коинов
12:35:03 | Розыгрыш ставок для игры №9527:
ID 489677842 поставил 100000 коинов на primary и выиграл 150000 коинов при выигрышном цвете primary
12:36:02 | Розыгрыш ставок для игры №9528:
ID 489677842 поставил 50000 коинов на danger и проиграл при выигрышном цвете primary
12:36:02 | Розыгрыш ставок для игры №9529:
ID 489677842 поставил 50000 коинов на danger и проиграл при выигрышном цвете primary
12:36:47 | Розыгрыш ставок для игры №9530:
ID 489677842 поставил 300000 коинов на danger и проиграл при выигрышном цвете primary
12:37:36 | Розыгрыш ставок для игры №9531:
ID 489677842 поставил 600000 коинов на primary и выиграл 900000 коинов при выигрышном цвете primary
12:39:13 | Розыгрыш ставок для игры №9532:
ID 489677842 поставил 200000 коинов на danger и проиграл при выигрышном цвете primary
14:39:17 | ID 311682749 пополнил баланс на 500000000 коинов
14:40:03 | Розыгрыш ставок для игры №9533:
ID 311682749 поставил 250000 коинов на danger и проиграл при выигрышном цвете primary
14:40:50 | Розыгрыш ставок для игры №9534:
ID 311682749 поставил 250000 коинов на danger и проиграл при выигрышном цвете primary
21:20:18 | ID 566673580 пополнил баланс на 1000000 коинов
21:21:09 | Розыгрыш ставок для игры №9535:
ID 566673580 поставил 1000 коинов на success и проиграл при выигрышном цвете primary
22:29:59 | ID 452030357 пополнил баланс на 1000 коинов
22:30:59 | ID 452030357 пополнил баланс на 1000000 коинов
22:31:50 | Розыгрыш ставок для игры №9536:
ID 452030357 поставил 1000 коинов на primary и выиграл 1500 коинов при выигрышном цвете primary
22:32:13 | ID 551681443 пополнил баланс на 472000000 коинов
22:32:36 | Розыгрыш ставок для игры №9537:
ID 452030357 поставил 1000 коинов на danger и проиграл при выигрышном цвете primary
ID 551681443 поставил 22000 коинов на primary и выиграл 33000 коинов при выигрышном цвете primary
22:33:05 | ID 452030357 пополнил баланс на 1000000 коинов
22:33:39 | Розыгрыш ставок для игры №9538:
ID 452030357 поставил 1000 коинов на danger и выиграл 4500 коинов при выигрышном цвете danger
ID 551681443 поставил 8000 коинов на danger и выиграл 36000 коинов при выигрышном цвете danger
22:34:26 | Розыгрыш ставок для игры №9539:
ID 551681443 поставил 511000 коинов на danger и проиграл при выигрышном цвете success
ID 452030357 поставил 1000 коинов на danger и проиграл при выигрышном цвете success
22:35:24 | Розыгрыш ставок для игры №9540:
ID 452030357 поставил 1000 коинов на primary и выиграл 1500 коинов при выигрышном цвете primary
22:36:10 | Розыгрыш ставок для игры №9541:
ID 452030357 поставил 1000 коинов на primary и проиграл при выигрышном цвете success
22:37:00 | Розыгрыш ставок для игры №9542:
ID 452030357 поставил 2000 коинов на danger и выиграл 9000 коинов при выигрышном цвете danger
22:37:48 | Розыгрыш ставок для игры №9543:
ID 452030357 поставил 1000 коинов на primary и выиграл 1500 коинов при выигрышном цвете primary
22:40:52 | Розыгрыш ставок для игры №9544:
ID 452030357 поставил 1000 коинов на success и проиграл при выигрышном цвете danger
22:41:42 | Розыгрыш ставок для игры №9545:
ID 452030357 поставил 3000 коинов на danger и проиграл при выигрышном цвете success
22:42:25 | Розыгрыш ставок для игры №9546:
ID 452030357 поставил 3000 коинов на danger и проиграл при выигрышном цвете primary
22:43:16 | Розыгрыш ставок для игры №9547:
ID 452030357 поставил 4000 коинов на danger и проиграл при выигрышном цвете success
22:55:52 | ID 546133590 пополнил баланс на 500000000 коинов
22:56:32 | Розыгрыш ставок для игры №9548:
ID 546133590 поставил 500000 коинов на success и проиграл при выигрышном цвете primary