
09:36:23 | Розыгрыш ставок для игры №10068:
ID 399963159 поставил 1000 коинов на success и проиграл при выигрышном цвете danger
09:43:30 | ID 474000439 пополнил баланс на 215000000 коинов
09:44:07 | Розыгрыш ставок для игры №10069:
ID 474000439 поставил 215000 коинов на success и выиграл 537500 коинов при выигрышном цвете success
09:45:10 | Розыгрыш ставок для игры №10070:
ID 474000439 поставил 537500 коинов на primary и проиграл при выигрышном цвете danger
10:23:11 | ID 541289515 пополнил баланс на 100000000 коинов
10:23:51 | Розыгрыш ставок для игры №10071:
ID 541289515 поставил 100000 коинов на primary и проиграл при выигрышном цвете success
11:37:01 | Розыгрыш ставок для игры №10072:
ID 545459814 поставил 1000 коинов на primary и выиграл 1500 коинов при выигрышном цвете primary
11:37:52 | Розыгрыш ставок для игры №10073:
ID 545459814 поставил 1000 коинов на primary и проиграл при выигрышном цвете success
12:09:22 | ID 388948203 пополнил баланс на 2000000000 коинов
12:09:57 | Розыгрыш ставок для игры №10074:
ID 388948203 поставил 2000000 коинов на primary и проиграл при выигрышном цвете success
17:03:02 | ID 388948203 пополнил баланс на 800000000 коинов
17:03:37 | Розыгрыш ставок для игры №10075:
ID 388948203 поставил 800000 коинов на primary и выиграл 1200000 коинов при выигрышном цвете primary
17:04:01 | ID 388948203 запросил вывод 1200000 коинов; VKC response code: 200
18:21:19 | Розыгрыш ставок для игры №10076:
ID 562084058 поставил 1000 коинов на success и проиграл при выигрышном цвете danger
18:23:43 | ID 562084058 пополнил баланс на 900000000 коинов
18:24:21 | Розыгрыш ставок для игры №10077:
ID 562084058 поставил 100000 коинов на success и проиграл при выигрышном цвете primary
18:24:53 | ID 562084058 запросил вывод 500000 коинов; VKC response code: 200
18:25:06 | Розыгрыш ставок для игры №10078:
ID 562084058 поставил 100000 коинов на success и выиграл 250000 коинов при выигрышном цвете success
18:26:19 | Розыгрыш ставок для игры №10079:
ID 562084058 поставил 100000 коинов на danger и выиграл 450000 коинов при выигрышном цвете danger
18:27:37 | Розыгрыш ставок для игры №10080:
ID 562084058 поставил 100000 коинов на danger и проиграл при выигрышном цвете success
18:28:44 | Розыгрыш ставок для игры №10081:
ID 562084058 поставил 100000 коинов на danger и проиграл при выигрышном цвете primary
18:29:30 | Розыгрыш ставок для игры №10082:
ID 562084058 поставил 100000 коинов на danger и выиграл 450000 коинов при выигрышном цвете danger
18:31:00 | Розыгрыш ставок для игры №10083:
ID 562084058 поставил 150000 коинов на danger и выиграл 675000 коинов при выигрышном цвете danger
18:31:51 | Розыгрыш ставок для игры №10084:
ID 562084058 поставил 175000 коинов на success и проиграл при выигрышном цвете primary
18:32:46 | Розыгрыш ставок для игры №10085:
ID 562084058 поставил 300000 коинов на success и выиграл 750000 коинов при выигрышном цвете success
18:33:54 | Розыгрыш ставок для игры №10086:
ID 562084058 поставил 150000 коинов на success и проиграл при выигрышном цвете primary
18:34:38 | Розыгрыш ставок для игры №10087:
ID 562084058 поставил 150000 коинов на danger и проиграл при выигрышном цвете success
18:35:22 | Розыгрыш ставок для игры №10088:
ID 562084058 поставил 150000 коинов на danger и проиграл при выигрышном цвете primary
18:36:21 | Розыгрыш ставок для игры №10089:
ID 562084058 поставил 200000 коинов на danger и выиграл 900000 коинов при выигрышном цвете danger
18:37:43 | Розыгрыш ставок для игры №10090:
ID 562084058 поставил 100000 коинов на danger и выиграл 450000 коинов при выигрышном цвете danger
18:38:29 | Розыгрыш ставок для игры №10091:
ID 562084058 поставил 100000 коинов на success и проиграл при выигрышном цвете primary
18:40:42 | Розыгрыш ставок для игры №10092:
ID 562084058 поставил 250000 коинов на success и проиграл при выигрышном цвете primary
18:41:28 | Розыгрыш ставок для игры №10093:
ID 562084058 поставил 200000 коинов на danger и проиграл при выигрышном цвете success
18:42:21 | Розыгрыш ставок для игры №10094:
ID 562084058 поставил 300000 коинов на danger и проиграл при выигрышном цвете primary
18:43:11 | Розыгрыш ставок для игры №10095:
ID 562084058 поставил 500000 коинов на danger и проиграл при выигрышном цвете success
18:44:12 | Розыгрыш ставок для игры №10096:
ID 562084058 поставил 1000000 коинов на danger и проиграл при выигрышном цвете primary
20:06:49 | ID 286488444 пополнил баланс на 250000000 коинов
20:07:34 | Розыгрыш ставок для игры №10097:
ID 286488444 поставил 50000 коинов на success и проиграл при выигрышном цвете primary
20:08:17 | Розыгрыш ставок для игры №10098:
ID 286488444 поставил 50000 коинов на success и проиграл при выигрышном цвете primary
20:09:04 | Розыгрыш ставок для игры №10099:
ID 286488444 поставил 50000 коинов на success и проиграл при выигрышном цвете primary
20:09:45 | Розыгрыш ставок для игры №10100:
ID 286488444 поставил 100000 коинов на success и проиграл при выигрышном цвете primary
20:41:47 | ID 457522419 пополнил баланс на 100000000 коинов
20:42:34 | Розыгрыш ставок для игры №10101:
ID 457522419 поставил 50000 коинов на primary и выиграл 75000 коинов при выигрышном цвете primary
20:43:25 | Розыгрыш ставок для игры №10102:
ID 457522419 поставил 50000 коинов на success и выиграл 125000 коинов при выигрышном цвете success
20:44:16 | Розыгрыш ставок для игры №10103:
ID 457522419 поставил 50000 коинов на primary и проиграл при выигрышном цвете danger
20:44:37 | ID 457522419 запросил вывод 150000 коинов; VKC response code: 200
21:48:35 | ID 388948203 пополнил баланс на 1100000000 коинов
21:49:17 | Розыгрыш ставок для игры №10104:
ID 388948203 поставил 1100000 коинов на primary и проиграл при выигрышном цвете success