
00:00:04 | ID 345570781 пополнил баланс на 490000000 коинов
00:00:42 | Розыгрыш ставок для игры №2050:
ID 345570781 поставил 30000 коинов на danger и выиграл 60000 коинов при выигрышном цвете danger
00:01:25 | Розыгрыш ставок для игры №2051:
ID 345570781 поставил 70000 коинов на primary и выиграл 140000 коинов при выигрышном цвете primary
00:02:10 | Розыгрыш ставок для игры №2052:
ID 345570781 поставил 10000 коинов на danger и проиграл при выигрышном цвете primary
00:03:00 | Розыгрыш ставок для игры №2053:
ID 345570781 поставил 580000 коинов на danger и проиграл при выигрышном цвете primary
00:17:28 | Розыгрыш ставок для игры №2054:
ID 391266781 поставил 1000 коинов на success и проиграл при выигрышном цвете primary
02:30:37 | Розыгрыш ставок для игры №2055:
ID 319124185 поставил 1000 коинов на danger и проиграл при выигрышном цвете primary
02:38:02 | ID 361913652 пополнил баланс на 11111000 коинов
02:38:39 | Розыгрыш ставок для игры №2056:
ID 361913652 поставил 1000 коинов на success и проиграл при выигрышном цвете danger
02:39:41 | Розыгрыш ставок для игры №2057:
ID 361913652 поставил 1111 коинов на success и проиграл при выигрышном цвете primary
02:40:27 | Розыгрыш ставок для игры №2058:
ID 361913652 поставил 1000 коинов на success и проиграл при выигрышном цвете primary
02:41:11 | Розыгрыш ставок для игры №2059:
ID 361913652 поставил 1000 коинов на success и выиграл 14000 коинов при выигрышном цвете success
02:42:11 | Розыгрыш ставок для игры №2060:
ID 361913652 поставил 1000 коинов на danger и выиграл 2000 коинов при выигрышном цвете danger
02:43:02 | Розыгрыш ставок для игры №2061:
ID 361913652 поставил 2000 коинов на primary и проиграл при выигрышном цвете danger
02:43:02 | Розыгрыш ставок для игры №2062:
ID 361913652 поставил 2000 коинов на primary и выиграл 4000 коинов при выигрышном цвете primary
02:43:57 | Розыгрыш ставок для игры №2063:
ID 361913652 поставил 4000 коинов на danger и проиграл при выигрышном цвете primary
02:45:02 | Розыгрыш ставок для игры №2064:
ID 361913652 поставил 10000 коинов на primary и выиграл 20000 коинов при выигрышном цвете primary
02:46:02 | Розыгрыш ставок для игры №2065:
ID 361913652 поставил 15000 коинов на primary и выиграл 30000 коинов при выигрышном цвете primary
02:46:56 | Розыгрыш ставок для игры №2066:
ID 361913652 поставил 5000 коинов на danger и выиграл 10000 коинов при выигрышном цвете danger
02:47:33 | ID 361913652 запросил вывод 5000 коинов; VKC response code: 200
02:47:38 | ID 361913652 запросил вывод 5000 коинов; VKC response code: 200
02:47:43 | ID 361913652 запросил вывод 5000 коинов; VKC response code: 200
02:47:48 | ID 361913652 запросил вывод 5000 коинов; VKC response code: 200
02:47:52 | ID 361913652 запросил вывод 5000 коинов; VKC response code: 200
02:47:58 | ID 361913652 запросил вывод 5000 коинов; VKC response code: 200
02:48:06 | ID 361913652 запросил вывод 5000 коинов; VKC response code: 200
02:48:11 | ID 361913652 запросил вывод 5000 коинов; VKC response code: 200
02:48:17 | ID 361913652 запросил вывод 5000 коинов; VKC response code: 200
02:48:57 | Розыгрыш ставок для игры №2067:
ID 361913652 поставил 5000 коинов на primary и выиграл 10000 коинов при выигрышном цвете primary
02:49:51 | Розыгрыш ставок для игры №2068:
ID 361913652 поставил 10000 коинов на primary и проиграл при выигрышном цвете danger
05:55:23 | ID 515764845 пополнил баланс на 10000000 коинов
05:56:03 | Розыгрыш ставок для игры №2069:
ID 515764845 поставил 5000 коинов на danger и выиграл 10000 коинов при выигрышном цвете danger
05:56:50 | Розыгрыш ставок для игры №2070:
ID 515764845 поставил 5000 коинов на danger и проиграл при выигрышном цвете primary
05:57:32 | Розыгрыш ставок для игры №2071:
ID 515764845 поставил 10000 коинов на danger и проиграл при выигрышном цвете primary
ID 551181089 поставил 6000 коинов на primary и выиграл 12000 коинов при выигрышном цвете primary
05:57:53 | ID 515764845 пополнил баланс на 10000000 коинов
05:58:19 | Розыгрыш ставок для игры №2072:
ID 551181089 поставил 12000 коинов на danger и проиграл при выигрышном цвете primary
ID 515764845 поставил 10000 коинов на danger и проиграл при выигрышном цвете primary
05:58:41 | ID 515764845 пополнил баланс на 25000000 коинов
05:59:42 | Розыгрыш ставок для игры №2073:
ID 515764845 поставил 15000 коинов на danger и выиграл 30000 коинов при выигрышном цвете danger
06:00:09 | ID 515764845 запросил вывод 30000 коинов; VKC response code: 200
06:00:50 | Розыгрыш ставок для игры №2074:
ID 515764845 поставил 5000 коинов на primary и выиграл 10000 коинов при выигрышном цвете primary
06:01:15 | ID 515764845 запросил вывод 10000 коинов; VKC response code: 200
06:01:48 | Розыгрыш ставок для игры №2075:
ID 515764845 поставил 5000 коинов на danger и выиграл 10000 коинов при выигрышном цвете danger
06:02:13 | ID 515764845 запросил вывод 10000 коинов; VKC response code: 200
08:35:55 | Розыгрыш ставок для игры №2076:
ID 505637053 поставил 1000 коинов на primary и выиграл 2000 коинов при выигрышном цвете primary
ID 528086917 поставил 1000 коинов на primary и выиграл 2000 коинов при выигрышном цвете primary
ID 289138198 поставил 1000 коинов на danger и проиграл при выигрышном цвете primary
08:36:41 | Розыгрыш ставок для игры №2077:
ID 505637053 поставил 2000 коинов на primary и проиграл при выигрышном цвете danger
08:37:59 | ID 505637053 пополнил баланс на 5000000 коинов
08:38:33 | Розыгрыш ставок для игры №2078:
ID 505637053 поставил 2000 коинов на primary и выиграл 4000 коинов при выигрышном цвете primary
08:39:23 | Розыгрыш ставок для игры №2079:
ID 505637053 поставил 2000 коинов на danger и проиграл при выигрышном цвете success
08:40:10 | Розыгрыш ставок для игры №2080:
ID 505637053 поставил 5000 коинов на primary и проиграл при выигрышном цвете danger
09:04:00 | ID 457529081 пополнил баланс на 4945000000 коинов
09:04:35 | Розыгрыш ставок для игры №2081:
ID 457529081 поставил 4945000 коинов на primary и проиграл при выигрышном цвете danger
09:05:29 | ID 457529081 пополнил баланс на 20000000000 коинов
09:06:04 | Розыгрыш ставок для игры №2082:
ID 457529081 поставил 7500000 коинов на primary и выиграл 15000000 коинов при выигрышном цвете primary
09:06:40 | ID 457529081 запросил вывод 8166674 коинов; VKC response code: 200
09:06:59 | Розыгрыш ставок для игры №2083:
ID 457529081 поставил 19333333 коинов на danger и проиграл при выигрышном цвете primary
09:49:48 | ID 455923236 запросил вывод 317783 коинов; VKC response code: 200
12:02:54 | Розыгрыш ставок для игры №2084:
ID 317113903 поставил 1000 коинов на danger и выиграл 2000 коинов при выигрышном цвете danger
12:03:56 | ID 515764845 пополнил баланс на 100000000 коинов
12:04:04 | ID 515764845 запросил вывод 100000 коинов; VKC response code: 200
12:04:15 | ID 515764845 пополнил баланс на 100000000 коинов
12:04:53 | Розыгрыш ставок для игры №2085:
ID 515764845 поставил 100000 коинов на danger и проиграл при выигрышном цвете primary
12:05:22 | ID 515764845 пополнил баланс на 100000000 коинов
12:05:54 | Розыгрыш ставок для игры №2086:
ID 515764845 поставил 100000 коинов на danger и проиграл при выигрышном цвете primary
12:06:23 | ID 515764845 пополнил баланс на 200000000 коинов
12:07:02 | Розыгрыш ставок для игры №2087:
ID 515764845 поставил 100000 коинов на danger и проиграл при выигрышном цвете primary
12:07:02 | Розыгрыш ставок для игры №2088:
ID 515764845 поставил 100000 коинов на danger и проиграл при выигрышном цвете primary
12:07:26 | ID 515764845 пополнил баланс на 200000000 коинов
12:07:58 | Розыгрыш ставок для игры №2089:
ID 515764845 поставил 300000 коинов на danger и выиграл 600000 коинов при выигрышном цвете danger
12:08:25 | ID 515764845 запросил вывод 600000 коинов; VKC response code: 200
12:16:58 | ID 548927301 пополнил баланс на 3900000 коинов
12:17:33 | Розыгрыш ставок для игры №2090:
ID 548927301 поставил 3900 коинов на success и проиграл при выигрышном цвете danger
12:20:56 | ID 515764845 пополнил баланс на 700000000 коинов
12:21:34 | Розыгрыш ставок для игры №2091:
ID 515764845 поставил 100000 коинов на danger и выиграл 200000 коинов при выигрышном цвете danger
12:22:07 | ID 377497472 пополнил баланс на 1000000000 коинов
12:22:10 | ID 515764845 запросил вывод 100000 коинов; VKC response code: 200
12:22:19 | Розыгрыш ставок для игры №2092:
ID 515764845 поставил 100000 коинов на danger и проиграл при выигрышном цвете success
ID 525346303 поставил 1000 коинов на primary и проиграл при выигрышном цвете success
12:23:06 | Розыгрыш ставок для игры №2093:
ID 515764845 поставил 200000 коинов на danger и выиграл 400000 коинов при выигрышном цвете danger
ID 377497472 поставил 150000 коинов на danger и выиграл 300000 коинов при выигрышном цвете danger
12:23:38 | ID 515764845 запросил вывод 500000 коинов; VKC response code: 200
12:23:59 | Розыгрыш ставок для игры №2094:
ID 377497472 поставил 150000 коинов на primary и проиграл при выигрышном цвете danger
ID 515764845 поставил 100000 коинов на primary и проиграл при выигрышном цвете danger
12:24:42 | Розыгрыш ставок для игры №2095:
ID 515764845 поставил 200000 коинов на primary и проиграл при выигрышном цвете danger
ID 377497472 поставил 300000 коинов на primary и проиграл при выигрышном цвете danger
12:25:17 | ID 515764845 пополнил баланс на 600000000 коинов
12:25:24 | Розыгрыш ставок для игры №2096:
ID 377497472 поставил 600000 коинов на primary и выиграл 1200000 коинов при выигрышном цвете primary
ID 515764845 поставил 500000 коинов на primary и выиграл 1000000 коинов при выигрышном цвете primary
12:25:50 | ID 515764845 запросил вывод 1100000 коинов; VKC response code: 200
12:26:13 | Розыгрыш ставок для игры №2097:
ID 377497472 поставил 75000 коинов на success и проиграл при выигрышном цвете primary
12:26:56 | Розыгрыш ставок для игры №2098:
ID 377497472 поставил 75000 коинов на success и проиграл при выигрышном цвете danger
12:27:38 | Розыгрыш ставок для игры №2099:
ID 377497472 поставил 150000 коинов на success и проиграл при выигрышном цвете danger
12:28:24 | Розыгрыш ставок для игры №2100:
ID 377497472 поставил 150000 коинов на success и проиграл при выигрышном цвете danger
12:29:16 | Розыгрыш ставок для игры №2101:
ID 377497472 поставил 150000 коинов на success и проиграл при выигрышном цвете primary
12:30:03 | Розыгрыш ставок для игры №2102:
ID 377497472 поставил 75000 коинов на success и проиграл при выигрышном цвете danger
12:30:36 | ID 400902624 пополнил баланс на 26000 коинов
12:30:56 | Розыгрыш ставок для игры №2103:
ID 377497472 поставил 125000 коинов на primary и выиграл 250000 коинов при выигрышном цвете primary
12:31:59 | Розыгрыш ставок для игры №2104:
ID 377497472 поставил 125000 коинов на primary и выиграл 250000 коинов при выигрышном цвете primary
12:32:46 | Розыгрыш ставок для игры №2105:
ID 377497472 поставил 125000 коинов на danger и выиграл 250000 коинов при выигрышном цвете danger
12:33:53 | Розыгрыш ставок для игры №2106:
ID 377497472 поставил 125000 коинов на danger и проиграл при выигрышном цвете primary
12:34:45 | Розыгрыш ставок для игры №2107:
ID 377497472 поставил 75000 коинов на success и проиграл при выигрышном цвете primary
12:35:38 | Розыгрыш ставок для игры №2108:
ID 377497472 поставил 150000 коинов на danger и выиграл 300000 коинов при выигрышном цвете danger
12:37:03 | Розыгрыш ставок для игры №2109:
ID 377497472 поставил 150000 коинов на danger и выиграл 300000 коинов при выигрышном цвете danger
12:37:53 | Розыгрыш ставок для игры №2110:
ID 377497472 поставил 75000 коинов на success и проиграл при выигрышном цвете danger
12:38:41 | Розыгрыш ставок для игры №2111:
ID 377497472 поставил 75000 коинов на success и выиграл 1050000 коинов при выигрышном цвете success
12:39:38 | ID 377497472 запросил вывод 1000000 коинов; VKC response code: 200
12:40:12 | Розыгрыш ставок для игры №2112:
ID 377497472 поставил 75000 коинов на success и проиграл при выигрышном цвете danger
12:41:09 | Розыгрыш ставок для игры №2113:
ID 377497472 поставил 75000 коинов на success и проиграл при выигрышном цвете primary
12:42:03 | Розыгрыш ставок для игры №2114:
ID 377497472 поставил 150000 коинов на danger и выиграл 300000 коинов при выигрышном цвете danger
12:42:59 | Розыгрыш ставок для игры №2115:
ID 377497472 поставил 300000 коинов на danger и проиграл при выигрышном цвете primary
12:43:56 | Розыгрыш ставок для игры №2116:
ID 377497472 поставил 300000 коинов на primary и выиграл 600000 коинов при выигрышном цвете primary
12:44:56 | Розыгрыш ставок для игры №2117:
ID 377497472 поставил 75000 коинов на success и проиграл при выигрышном цвете primary
12:45:41 | Розыгрыш ставок для игры №2118:
ID 377497472 поставил 75000 коинов на success и проиграл при выигрышном цвете primary
12:46:29 | Розыгрыш ставок для игры №2119:
ID 377497472 поставил 150000 коинов на primary и проиграл при выигрышном цвете danger
12:47:21 | Розыгрыш ставок для игры №2120:
ID 377497472 поставил 300000 коинов на primary и проиграл при выигрышном цвете danger
12:48:09 | Розыгрыш ставок для игры №2121:
ID 377497472 поставил 400000 коинов на primary и выиграл 800000 коинов при выигрышном цвете primary
12:49:02 | Розыгрыш ставок для игры №2122:
ID 377497472 поставил 200000 коинов на primary и выиграл 400000 коинов при выигрышном цвете primary
12:49:02 | Розыгрыш ставок для игры №2123:
ID 377497472 поставил 200000 коинов на primary и проиграл при выигрышном цвете danger
12:50:26 | Розыгрыш ставок для игры №2124:
ID 455923236 поставил 50000 коинов на primary и проиграл при выигрышном цвете danger
ID 377497472 поставил 100000 коинов на success и проиграл при выигрышном цвете danger
12:51:18 | Розыгрыш ставок для игры №2125:
ID 455923236 поставил 1000 коинов на primary и выиграл 2000 коинов при выигрышном цвете primary
12:52:04 | Розыгрыш ставок для игры №2126:
ID 377497472 поставил 200000 коинов на danger и проиграл при выигрышном цвете primary
12:52:59 | Розыгрыш ставок для игры №2127:
ID 377497472 поставил 700000 коинов на primary и выиграл 1400000 коинов при выигрышном цвете primary
12:53:20 | ID 377497472 запросил вывод 1400000 коинов; VKC response code: 200
12:57:43 | Розыгрыш ставок для игры №2128:
ID 455923236 поставил 1000 коинов на danger и проиграл при выигрышном цвете success
13:00:32 | ID 579555427 пополнил баланс на 1000 коинов
13:01:52 | ID 515764845 пополнил баланс на 100000000 коинов
13:02:32 | Розыгрыш ставок для игры №2129:
ID 515764845 поставил 100000 коинов на primary и проиграл при выигрышном цвете success
13:02:59 | ID 515764845 пополнил баланс на 300000000 коинов
13:03:32 | Розыгрыш ставок для игры №2130:
ID 515764845 поставил 300000 коинов на danger и проиграл при выигрышном цвете primary
13:03:55 | ID 515764845 пополнил баланс на 4000000 коинов
13:04:23 | ID 515764845 пополнил баланс на 400000000 коинов
13:04:57 | Розыгрыш ставок для игры №2131:
ID 515764845 поставил 200000 коинов на danger и проиграл при выигрышном цвете primary
13:05:23 | ID 515764845 пополнил баланс на 50000000 коинов
13:05:57 | Розыгрыш ставок для игры №2132:
ID 515764845 поставил 254000 коинов на danger и выиграл 508000 коинов при выигрышном цвете danger
13:06:44 | Розыгрыш ставок для игры №2133:
ID 515764845 поставил 508000 коинов на primary и проиграл при выигрышном цвете danger
13:09:00 | Розыгрыш ставок для игры №2134:
ID 349078027 поставил 1000 коинов на primary и проиграл при выигрышном цвете danger
13:11:50 | Розыгрыш ставок для игры №2135:
ID 317113903 поставил 1000 коинов на danger и выиграл 2000 коинов при выигрышном цвете danger
13:18:30 | ID 405115290 пополнил баланс на 10000000 коинов
13:19:03 | Розыгрыш ставок для игры №2136:
ID 405115290 поставил 10000 коинов на primary и проиграл при выигрышном цвете danger
13:20:25 | ID 405115290 пополнил баланс на 100000000 коинов
13:20:35 | ID 489677842 пополнил баланс на 100000000 коинов
13:21:02 | Розыгрыш ставок для игры №2137:
ID 405115290 поставил 10000 коинов на primary и проиграл при выигрышном цвете danger
ID 489677842 поставил 10000 коинов на primary и проиграл при выигрышном цвете danger
13:22:07 | Розыгрыш ставок для игры №2138:
ID 405115290 поставил 10000 коинов на danger и проиграл при выигрышном цвете primary
ID 489677842 поставил 10000 коинов на primary и выиграл 20000 коинов при выигрышном цвете primary
13:22:54 | Розыгрыш ставок для игры №2139:
ID 405115290 поставил 10000 коинов на danger и выиграл 20000 коинов при выигрышном цвете danger
ID 489677842 поставил 50000 коинов на primary и проиграл при выигрышном цвете danger
13:23:51 | Розыгрыш ставок для игры №2140:
ID 405115290 поставил 90700 коинов на primary и выиграл 181400 коинов при выигрышном цвете primary
13:24:35 | Розыгрыш ставок для игры №2141:
ID 405115290 поставил 90700 коинов на danger и выиграл 181400 коинов при выигрышном цвете danger
13:26:02 | Розыгрыш ставок для игры №2142:
ID 405115290 поставил 90700 коинов на primary и выиграл 181400 коинов при выигрышном цвете primary
13:27:02 | Розыгрыш ставок для игры №2143:
ID 405115290 поставил 90700 коинов на danger и проиграл при выигрышном цвете primary
13:27:02 | Розыгрыш ставок для игры №2144:
ID 405115290 поставил 90700 коинов на danger и выиграл 181400 коинов при выигрышном цвете danger
13:27:48 | Розыгрыш ставок для игры №2145:
ID 405115290 поставил 90700 коинов на primary и выиграл 181400 коинов при выигрышном цвете primary
13:28:57 | Розыгрыш ставок для игры №2146:
ID 405115290 поставил 90700 коинов на primary и выиграл 181400 коинов при выигрышном цвете primary
13:29:43 | Розыгрыш ставок для игры №2147:
ID 405115290 поставил 181400 коинов на danger и проиграл при выигрышном цвете primary
13:30:26 | Розыгрыш ставок для игры №2148:
ID 405115290 поставил 453500 коинов на danger и проиграл при выигрышном цвете primary
13:30:56 | ID 405115290 пополнил баланс на 190000000 коинов
13:31:29 | Розыгрыш ставок для игры №2149:
ID 405115290 поставил 90700 коинов на danger и выиграл 181400 коинов при выигрышном цвете danger
13:32:13 | Розыгрыш ставок для игры №2150:
ID 405115290 поставил 90700 коинов на primary и проиграл при выигрышном цвете danger
13:33:01 | Розыгрыш ставок для игры №2151:
ID 405115290 поставил 190000 коинов на danger и выиграл 380000 коинов при выигрышном цвете danger
13:33:01 | Розыгрыш ставок для игры №2152:
ID 405115290 поставил 190000 коинов на danger и проиграл при выигрышном цвете primary
13:33:50 | ID 554072657 пополнил баланс на 3000000000 коинов
13:33:54 | Розыгрыш ставок для игры №2153:
ID 405115290 поставил 190000 коинов на danger и выиграл 380000 коинов при выигрышном цвете danger
13:34:39 | Розыгрыш ставок для игры №2154:
ID 405115290 поставил 190000 коинов на danger и проиграл при выигрышном цвете primary
ID 554072657 поставил 500000 коинов на primary и выиграл 1000000 коинов при выигрышном цвете primary
ID 489677842 поставил 10000 коинов на primary и выиграл 20000 коинов при выигрышном цвете primary
13:35:25 | Розыгрыш ставок для игры №2155:
ID 554072657 поставил 500000 коинов на primary и проиграл при выигрышном цвете danger
ID 489677842 поставил 10000 коинов на success и проиграл при выигрышном цвете danger
ID 405115290 поставил 380000 коинов на danger и выиграл 760000 коинов при выигрышном цвете danger
13:36:18 | Розыгрыш ставок для игры №2156:
ID 554072657 поставил 3000000 коинов на primary и выиграл 6000000 коинов при выигрышном цвете primary
ID 489677842 поставил 10000 коинов на danger и проиграл при выигрышном цвете primary
ID 405115290 поставил 190000 коинов на primary и выиграл 380000 коинов при выигрышном цвете primary
13:36:42 | ID 554072657 запросил вывод 6000000 коинов; VKC response code: 200
13:37:09 | Розыгрыш ставок для игры №2157:
ID 405115290 поставил 190000 коинов на danger и выиграл 380000 коинов при выигрышном цвете danger
13:37:52 | Розыгрыш ставок для игры №2158:
ID 405115290 поставил 190000 коинов на primary и выиграл 380000 коинов при выигрышном цвете primary
13:38:43 | Розыгрыш ставок для игры №2159:
ID 405115290 поставил 380000 коинов на primary и проиграл при выигрышном цвете danger
13:39:31 | Розыгрыш ставок для игры №2160:
ID 405115290 поставил 950000 коинов на primary и выиграл 1900000 коинов при выигрышном цвете primary
13:40:27 | Розыгрыш ставок для игры №2161:
ID 405115290 поставил 570000 коинов на danger и выиграл 1140000 коинов при выигрышном цвете danger
13:41:20 | Розыгрыш ставок для игры №2162:
ID 405115290 поставил 760000 коинов на primary и проиграл при выигрышном цвете danger
13:42:21 | Розыгрыш ставок для игры №2163:
ID 405115290 поставил 1710000 коинов на primary и выиграл 3420000 коинов при выигрышном цвете primary
13:43:15 | Розыгрыш ставок для игры №2164:
ID 405115290 поставил 380000 коинов на danger и выиграл 760000 коинов при выигрышном цвете danger
13:44:03 | Розыгрыш ставок для игры №2165:
ID 405115290 поставил 950000 коинов на primary и проиграл при выигрышном цвете danger
13:44:54 | Розыгрыш ставок для игры №2166:
ID 405115290 поставил 2850300 коинов на primary и выиграл 5700600 коинов при выигрышном цвете primary
13:45:06 | ID 554072657 пополнил баланс на 14000000000 коинов
13:45:41 | Розыгрыш ставок для игры №2167:
ID 554072657 поставил 4000000 коинов на primary и выиграл 8000000 коинов при выигрышном цвете primary
ID 405115290 поставил 1140000 коинов на danger и проиграл при выигрышном цвете primary
13:46:02 | ID 554072657 запросил вывод 18000000 коинов; VKC response code: 200
13:46:49 | Розыгрыш ставок для игры №2168:
ID 405115290 поставил 4560600 коинов на danger и выиграл 9121200 коинов при выигрышном цвете danger
13:47:48 | Розыгрыш ставок для игры №2169:
ID 405115290 поставил 4560600 коинов на danger и выиграл 9121200 коинов при выигрышном цвете danger
13:48:40 | Розыгрыш ставок для игры №2170:
ID 405115290 поставил 4560600 коинов на primary и проиграл при выигрышном цвете success
ID 489677842 поставил 5000 коинов на danger и проиграл при выигрышном цвете success
13:49:30 | Розыгрыш ставок для игры №2171:
ID 405115290 поставил 4560600 коинов на primary и проиграл при выигрышном цвете danger
13:50:14 | Розыгрыш ставок для игры №2172:
ID 405115290 поставил 4560600 коинов на primary и проиграл при выигрышном цвете danger
13:51:03 | Розыгрыш ставок для игры №2173:
ID 489677842 поставил 36000 коинов на danger и выиграл 72000 коинов при выигрышном цвете danger
13:51:03 | Розыгрыш ставок для игры №2174:
ID 489677842 поставил 36000 коинов на danger и выиграл 72000 коинов при выигрышном цвете danger
13:51:58 | Розыгрыш ставок для игры №2175:
ID 489677842 поставил 2000 коинов на primary и проиграл при выигрышном цвете danger
13:52:41 | Розыгрыш ставок для игры №2176:
ID 489677842 поставил 2000 коинов на danger и проиграл при выигрышном цвете primary
13:53:42 | Розыгрыш ставок для игры №2177:
ID 489677842 поставил 2000 коинов на primary и выиграл 4000 коинов при выигрышном цвете primary
13:54:42 | Розыгрыш ставок для игры №2178:
ID 489677842 поставил 5000 коинов на danger и выиграл 10000 коинов при выигрышном цвете danger
13:55:26 | Розыгрыш ставок для игры №2179:
ID 489677842 поставил 5000 коинов на danger и выиграл 10000 коинов при выигрышном цвете danger
13:56:39 | Розыгрыш ставок для игры №2180:
ID 489677842 поставил 5000 коинов на primary и проиграл при выигрышном цвете success
13:57:32 | Розыгрыш ставок для игры №2181:
ID 489677842 поставил 10000 коинов на danger и выиграл 20000 коинов при выигрышном цвете danger
13:58:16 | ID 554072657 пополнил баланс на 15000000000 коинов
13:58:46 | Розыгрыш ставок для игры №2182:
ID 489677842 поставил 10000 коинов на success и проиграл при выигрышном цвете primary
ID 554072657 поставил 5000000 коинов на primary и выиграл 10000000 коинов при выигрышном цвете primary
13:59:30 | Розыгрыш ставок для игры №2183:
ID 489677842 поставил 10000 коинов на success и проиграл при выигрышном цвете primary
14:00:15 | Розыгрыш ставок для игры №2184:
ID 489677842 поставил 10000 коинов на primary и выиграл 20000 коинов при выигрышном цвете primary
14:00:59 | Розыгрыш ставок для игры №2185:
ID 489677842 поставил 10000 коинов на danger и выиграл 20000 коинов при выигрышном цвете danger
14:01:44 | Розыгрыш ставок для игры №2186:
ID 489677842 поставил 10000 коинов на success и проиграл при выигрышном цвете danger
14:02:27 | Розыгрыш ставок для игры №2187:
ID 489677842 поставил 30000 коинов на danger и выиграл 60000 коинов при выигрышном цвете danger
ID 554072657 поставил 1000000 коинов на primary и проиграл при выигрышном цвете danger
14:02:55 | ID 554072657 запросил вывод 10000000 коинов; VKC response code: 200
14:03:14 | Розыгрыш ставок для игры №2188:
ID 554072657 поставил 9000000 коинов на primary и выиграл 18000000 коинов при выигрышном цвете primary
ID 489677842 поставил 30000 коинов на primary и выиграл 60000 коинов при выигрышном цвете primary
14:03:37 | ID 554072657 запросил вывод 18000000 коинов; VKC response code: 200
14:04:04 | Розыгрыш ставок для игры №2189:
ID 489677842 поставил 30000 коинов на danger и выиграл 60000 коинов при выигрышном цвете danger
14:04:50 | Розыгрыш ставок для игры №2190:
ID 489677842 поставил 30000 коинов на primary и выиграл 60000 коинов при выигрышном цвете primary
14:05:38 | Розыгрыш ставок для игры №2191:
ID 489677842 поставил 20000 коинов на primary и выиграл 40000 коинов при выигрышном цвете primary
14:05:43 | ID 405115290 пополнил баланс на 100000000 коинов
14:06:37 | Розыгрыш ставок для игры №2192:
ID 405115290 поставил 90700 коинов на danger и проиграл при выигрышном цвете primary
14:07:24 | Розыгрыш ставок для игры №2193:
ID 405115290 поставил 11920 коинов на primary и проиграл при выигрышном цвете danger
14:08:09 | Розыгрыш ставок для игры №2194:
ID 489677842 поставил 20000 коинов на danger и выиграл 40000 коинов при выигрышном цвете danger
14:09:30 | Розыгрыш ставок для игры №2195:
ID 489677842 поставил 7000 коинов на primary и проиграл при выигрышном цвете danger
14:10:24 | Розыгрыш ставок для игры №2196:
ID 489677842 поставил 100000 коинов на danger и выиграл 200000 коинов при выигрышном цвете danger
14:11:25 | Розыгрыш ставок для игры №2197:
ID 489677842 поставил 10000 коинов на primary и проиграл при выигрышном цвете success
ID 317113903 поставил 2000 коинов на primary и проиграл при выигрышном цвете success
14:12:08 | Розыгрыш ставок для игры №2198:
ID 489677842 поставил 20000 коинов на danger и выиграл 40000 коинов при выигрышном цвете danger
ID 405115290 поставил 1370 коинов на success и проиграл при выигрышном цвете danger
14:12:49 | ID 405115290 пополнил баланс на 500000000 коинов
14:13:22 | Розыгрыш ставок для игры №2199:
ID 405115290 поставил 100000 коинов на primary и проиграл при выигрышном цвете danger
14:14:06 | Розыгрыш ставок для игры №2200:
ID 405115290 поставил 200000 коинов на danger и выиграл 400000 коинов при выигрышном цвете danger
14:15:13 | Розыгрыш ставок для игры №2201:
ID 405115290 поставил 200000 коинов на danger и проиграл при выигрышном цвете primary
14:15:58 | Розыгрыш ставок для игры №2202:
ID 405115290 поставил 400000 коинов на primary и проиграл при выигрышном цвете danger
14:16:45 | Розыгрыш ставок для игры №2203:
ID 489677842 поставил 10000 коинов на danger и проиграл при выигрышном цвете success
14:17:45 | Розыгрыш ставок для игры №2204:
ID 489677842 поставил 10000 коинов на primary и проиграл при выигрышном цвете danger
14:18:09 | ID 405115290 пополнил баланс на 1000000000 коинов
14:18:30 | Розыгрыш ставок для игры №2205:
ID 489677842 поставил 10000 коинов на success и проиграл при выигрышном цвете danger
ID 405115290 поставил 1000000 коинов на danger и выиграл 2000000 коинов при выигрышном цвете danger
14:19:21 | Розыгрыш ставок для игры №2206:
ID 405115290 поставил 500000 коинов на danger и проиграл при выигрышном цвете primary
14:20:03 | Розыгрыш ставок для игры №2207:
ID 405115290 поставил 1500000 коинов на danger и проиграл при выигрышном цвете success
14:20:03 | Розыгрыш ставок для игры №2208:
ID 405115290 поставил 1500000 коинов на danger и выиграл 3000000 коинов при выигрышном цвете danger
14:20:56 | Розыгрыш ставок для игры №2209:
ID 489677842 поставил 100000 коинов на primary и проиграл при выигрышном цвете danger
14:21:46 | Розыгрыш ставок для игры №2210:
ID 405115290 поставил 1000000 коинов на danger и выиграл 2000000 коинов при выигрышном цвете danger
14:22:35 | Розыгрыш ставок для игры №2211:
ID 489677842 поставил 10000 коинов на success и проиграл при выигрышном цвете danger
ID 405115290 поставил 500000 коинов на danger и выиграл 1000000 коинов при выигрышном цвете danger
14:23:29 | Розыгрыш ставок для игры №2212:
ID 489677842 поставил 10000 коинов на danger и выиграл 20000 коинов при выигрышном цвете danger
14:24:13 | Розыгрыш ставок для игры №2213:
ID 405115290 поставил 500000 коинов на danger и выиграл 1000000 коинов при выигрышном цвете danger
ID 489677842 поставил 10000 коинов на primary и проиграл при выигрышном цвете danger
14:25:10 | Розыгрыш ставок для игры №2214:
ID 489677842 поставил 70000 коинов на danger и проиграл при выигрышном цвете success
14:26:13 | Розыгрыш ставок для игры №2215:
ID 405115290 поставил 1000000 коинов на danger и выиграл 2000000 коинов при выигрышном цвете danger
14:27:35 | Розыгрыш ставок для игры №2216:
ID 489677842 поставил 200000 коинов на primary и выиграл 400000 коинов при выигрышном цвете primary
14:28:27 | Розыгрыш ставок для игры №2217:
ID 405115290 поставил 2000000 коинов на danger и проиграл при выигрышном цвете primary
14:29:12 | Розыгрыш ставок для игры №2218:
ID 405115290 поставил 4000000 коинов на primary и проиграл при выигрышном цвете danger
14:29:42 | ID 405115290 пополнил баланс на 500000000 коинов
14:30:03 | Розыгрыш ставок для игры №2219:
ID 489677842 поставил 20000 коинов на danger и проиграл при выигрышном цвете primary
ID 405115290 поставил 500000 коинов на primary и выиграл 1000000 коинов при выигрышном цвете primary
14:30:55 | Розыгрыш ставок для игры №2220:
ID 489677842 поставил 10000 коинов на success и проиграл при выигрышном цвете danger
ID 405115290 поставил 500000 коинов на primary и проиграл при выигрышном цвете danger
14:31:39 | Розыгрыш ставок для игры №2221:
ID 489677842 поставил 10000 коинов на danger и выиграл 20000 коинов при выигрышном цвете danger
ID 405115290 поставил 504900 коинов на primary и проиграл при выигрышном цвете danger
14:32:03 | ID 405115290 пополнил баланс на 2000000000 коинов
14:32:42 | Розыгрыш ставок для игры №2222:
ID 405115290 поставил 2000000 коинов на danger и выиграл 4000000 коинов при выигрышном цвете danger
14:33:42 | Розыгрыш ставок для игры №2223:
ID 489677842 поставил 80000 коинов на primary и выиграл 160000 коинов при выигрышном цвете primary
14:34:35 | Розыгрыш ставок для игры №2224:
ID 405115290 поставил 1000000 коинов на danger и выиграл 2000000 коинов при выигрышном цвете danger
14:35:23 | Розыгрыш ставок для игры №2225:
ID 489677842 поставил 50000 коинов на danger и проиграл при выигрышном цвете primary
14:36:07 | Розыгрыш ставок для игры №2226:
ID 405115290 поставил 1000000 коинов на danger и выиграл 2000000 коинов при выигрышном цвете danger
14:36:52 | Розыгрыш ставок для игры №2227:
ID 489677842 поставил 5000 коинов на primary и проиграл при выигрышном цвете danger
14:37:42 | Розыгрыш ставок для игры №2228:
ID 405115290 поставил 500000 коинов на danger и проиграл при выигрышном цвете primary
14:38:26 | Розыгрыш ставок для игры №2229:
ID 489677842 поставил 5000 коинов на danger и проиграл при выигрышном цвете primary
14:38:59 | ID 489677842 запросил вывод 300000 коинов; VKC response code: 200
14:39:12 | Розыгрыш ставок для игры №2230:
ID 405115290 поставил 5500000 коинов на primary и проиграл при выигрышном цвете danger
14:39:58 | ID 405115290 пополнил баланс на 600000000 коинов
14:40:29 | Розыгрыш ставок для игры №2231:
ID 489677842 поставил 100000 коинов на primary и проиграл при выигрышном цвете danger
14:40:59 | ID 534232507 пополнил баланс на 4000000000 коинов
14:41:12 | Розыгрыш ставок для игры №2232:
ID 405115290 поставил 602400 коинов на danger и проиграл при выигрышном цвете primary
14:41:58 | Розыгрыш ставок для игры №2233:
ID 534232507 поставил 1000000 коинов на danger и выиграл 2000000 коинов при выигрышном цвете danger
14:42:14 | ID 489677842 пополнил баланс на 1000000000 коинов
14:42:20 | ID 534232507 запросил вывод 5000000 коинов; VKC response code: 200
14:42:58 | Розыгрыш ставок для игры №2234:
ID 489677842 поставил 1000000 коинов на primary и выиграл 2000000 коинов при выигрышном цвете primary
14:43:27 | ID 489677842 запросил вывод 2000000 коинов; VKC response code: 200
14:51:15 | Розыгрыш ставок для игры №2235:
ID 405115290 поставил 10000 коинов на primary и выиграл 20000 коинов при выигрышном цвете primary
14:51:58 | Розыгрыш ставок для игры №2236:
ID 405115290 поставил 10000 коинов на primary и проиграл при выигрышном цвете danger
14:52:20 | ID 405115290 пополнил баланс на 500000000 коинов
14:52:58 | Розыгрыш ставок для игры №2237:
ID 405115290 поставил 510000 коинов на primary и выиграл 1020000 коинов при выигрышном цвете primary
14:53:42 | Розыгрыш ставок для игры №2238:
ID 405115290 поставил 510000 коинов на danger и проиграл при выигрышном цвете primary
14:54:04 | ID 489677842 пополнил баланс на 100000000 коинов
14:54:24 | Розыгрыш ставок для игры №2239:
ID 405115290 поставил 510000 коинов на danger и выиграл 1020000 коинов при выигрышном цвете danger
14:55:20 | Розыгрыш ставок для игры №2240:
ID 489677842 поставил 100000 коинов на primary и выиграл 200000 коинов при выигрышном цвете primary
14:56:32 | Розыгрыш ставок для игры №2241:
ID 405115290 поставил 510000 коинов на danger и проиграл при выигрышном цвете primary
14:57:21 | Розыгрыш ставок для игры №2242:
ID 405115290 поставил 510000 коинов на danger и выиграл 1020000 коинов при выигрышном цвете danger
14:58:13 | Розыгрыш ставок для игры №2243:
ID 489677842 поставил 10000 коинов на primary и проиграл при выигрышном цвете danger
ID 405115290 поставил 510000 коинов на danger и выиграл 1020000 коинов при выигрышном цвете danger
14:58:47 | ID 455923236 запросил вывод 10000 коинов; VKC response code: 200
14:58:57 | Розыгрыш ставок для игры №2244:
ID 405115290 поставил 510000 коинов на primary и проиграл при выигрышном цвете danger
ID 489677842 поставил 10000 коинов на danger и выиграл 20000 коинов при выигрышном цвете danger
14:59:41 | Розыгрыш ставок для игры №2245:
ID 405115290 поставил 1020000 коинов на danger и проиграл при выигрышном цвете primary
15:00:24 | Розыгрыш ставок для игры №2246:
ID 557986626 поставил 1000 коинов на danger и проиграл при выигрышном цвете primary
ID 489677842 поставил 10000 коинов на primary и выиграл 20000 коинов при выигрышном цвете primary
15:01:09 | Розыгрыш ставок для игры №2247:
ID 489677842 поставил 10000 коинов на danger и проиграл при выигрышном цвете primary
15:02:09 | Розыгрыш ставок для игры №2248:
ID 489677842 поставил 100000 коинов на primary и выиграл 200000 коинов при выигрышном цвете primary
15:05:23 | Розыгрыш ставок для игры №2249:
ID 489677842 поставил 100000 коинов на danger и проиграл при выигрышном цвете primary
15:06:35 | ID 489677842 запросил вывод 200000 коинов; VKC response code: 200
15:11:05 | ID 147990695 пополнил баланс на 100000000 коинов
15:11:45 | Розыгрыш ставок для игры №2250:
ID 147990695 поставил 45000 коинов на success и проиграл при выигрышном цвете primary
15:12:39 | Розыгрыш ставок для игры №2251:
ID 147990695 поставил 35000 коинов на danger и проиграл при выигрышном цвете primary
15:14:44 | ID 541955879 пополнил баланс на 1000000000 коинов
15:15:45 | Розыгрыш ставок для игры №2252:
ID 541955879 поставил 1000000 коинов на danger и выиграл 2000000 коинов при выигрышном цвете danger
15:16:33 | Розыгрыш ставок для игры №2253:
ID 541955879 поставил 500000 коинов на primary и выиграл 1000000 коинов при выигрышном цвете primary
15:17:21 | Розыгрыш ставок для игры №2254:
ID 541955879 поставил 250000 коинов на success и проиграл при выигрышном цвете danger
15:18:41 | Розыгрыш ставок для игры №2255:
ID 541955879 поставил 500000 коинов на primary и выиграл 1000000 коинов при выигрышном цвете primary
ID 472547720 поставил 1000 коинов на danger и проиграл при выигрышном цвете primary
15:19:26 | Розыгрыш ставок для игры №2256:
ID 541955879 поставил 1000000 коинов на danger и проиграл при выигрышном цвете primary
15:20:16 | Розыгрыш ставок для игры №2257:
ID 541955879 поставил 1000000 коинов на danger и проиграл при выигрышном цвете primary
15:20:28 | ID 489677842 пополнил баланс на 300000000 коинов
15:21:18 | Розыгрыш ставок для игры №2258:
ID 541955879 поставил 500000 коинов на success и проиграл при выигрышном цвете primary
ID 489677842 поставил 50000 коинов на primary и выиграл 100000 коинов при выигрышном цвете primary
15:21:19 | ID 580089800 пополнил баланс на 1000000000 коинов
15:22:02 | ID 541955879 пополнил баланс на 1000000000 коинов
15:22:05 | Розыгрыш ставок для игры №2259:
ID 541955879 поставил 250000 коинов на success и проиграл при выигрышном цвете danger
ID 580089800 поставил 1000000 коинов на danger и выиграл 2000000 коинов при выигрышном цвете danger
ID 489677842 поставил 50000 коинов на danger и выиграл 100000 коинов при выигрышном цвете danger
15:22:27 | ID 580089800 запросил вывод 2000000 коинов; VKC response code: 200
15:22:46 | ID 541955879 пополнил баланс на 2000000000 коинов
15:23:18 | Розыгрыш ставок для игры №2260:
ID 489677842 поставил 10000 коинов на primary и выиграл 20000 коинов при выигрышном цвете primary
ID 541955879 поставил 1000000 коинов на danger и проиграл при выигрышном цвете primary
15:24:12 | Розыгрыш ставок для игры №2261:
ID 541955879 поставил 1000000 коинов на danger и проиграл при выигрышном цвете primary
ID 489677842 поставил 10000 коинов на danger и проиграл при выигрышном цвете primary
15:24:52 | ID 541955879 пополнил баланс на 6000000000 коинов
15:25:14 | Розыгрыш ставок для игры №2262:
ID 489677842 поставил 50000 коинов на primary и выиграл 100000 коинов при выигрышном цвете primary
15:25:42 | ID 569452811 пополнил баланс на 882000 коинов
15:26:11 | Розыгрыш ставок для игры №2263:
ID 541955879 поставил 200000 коинов на primary и выиграл 400000 коинов при выигрышном цвете primary
ID 489677842 поставил 55555 коинов на danger и проиграл при выигрышном цвете primary
15:27:00 | Розыгрыш ставок для игры №2264:
ID 541955879 поставил 800000 коинов на primary и проиграл при выигрышном цвете danger
15:27:43 | Розыгрыш ставок для игры №2265:
ID 489677842 поставил 100000 коинов на danger и выиграл 200000 коинов при выигрышном цвете danger
ID 541955879 поставил 6400000 коинов на danger и выиграл 12800000 коинов при выигрышном цвете danger
15:28:40 | Розыгрыш ставок для игры №2266:
ID 489677842 поставил 6000 коинов на primary и выиграл 12000 коинов при выигрышном цвете primary
ID 541955879 поставил 200000 коинов на success и проиграл при выигрышном цвете primary
15:29:18 | ID 541955879 запросил вывод 12000000 коинов; VKC response code: 200
15:29:25 | ID 489677842 запросил вывод 500405 коинов; VKC response code: 200
15:29:53 | ID 489677842 запросил вывод 40 коинов; VKC response code: 200
15:29:56 | Розыгрыш ставок для игры №2267:
ID 541955879 поставил 200000 коинов на success и проиграл при выигрышном цвете primary
15:30:59 | Розыгрыш ставок для игры №2268:
ID 541955879 поставил 400000 коинов на danger и выиграл 800000 коинов при выигрышном цвете danger
15:48:59 | ID 569452811 пополнил баланс на 400000000 коинов
15:49:38 | Розыгрыш ставок для игры №2269:
ID 569452811 поставил 100000 коинов на success и проиграл при выигрышном цвете primary
15:50:21 | Розыгрыш ставок для игры №2270:
ID 569452811 поставил 100000 коинов на primary и проиграл при выигрышном цвете danger
15:51:04 | Розыгрыш ставок для игры №2271:
ID 569452811 поставил 200000 коинов на primary и проиграл при выигрышном цвете danger
16:22:02 | ID 277548561 пополнил баланс на 5000000000 коинов
16:22:37 | Розыгрыш ставок для игры №2272:
ID 277548561 поставил 5000000 коинов на danger и выиграл 10000000 коинов при выигрышном цвете danger
16:23:20 | Розыгрыш ставок для игры №2273:
ID 277548561 поставил 1000000 коинов на primary и проиграл при выигрышном цвете danger
16:24:44 | Розыгрыш ставок для игры №2274:
ID 277548561 поставил 4000000 коинов на primary и выиграл 8000000 коинов при выигрышном цвете primary
16:25:31 | Розыгрыш ставок для игры №2275:
ID 277548561 поставил 1000000 коинов на danger и выиграл 2000000 коинов при выигрышном цвете danger
16:26:32 | Розыгрыш ставок для игры №2276:
ID 277548561 поставил 1000000 коинов на danger и выиграл 2000000 коинов при выигрышном цвете danger
16:27:22 | Розыгрыш ставок для игры №2277:
ID 277548561 поставил 15000000 коинов на primary и проиграл при выигрышном цвете danger
16:30:17 | Розыгрыш ставок для игры №2278:
ID 350730838 поставил 1000 коинов на danger и выиграл 2000 коинов при выигрышном цвете danger
16:30:41 | ID 350730838 запросил вывод 2000 коинов; VKC response code: 200
16:31:28 | ID 277548561 пополнил баланс на 10000000000 коинов
16:32:04 | Розыгрыш ставок для игры №2279:
ID 277548561 поставил 10000000 коинов на primary и проиграл при выигрышном цвете danger
16:36:43 | Розыгрыш ставок для игры №2280:
ID 524929279 поставил 669251 коинов на success и проиграл при выигрышном цвете primary
16:48:11 | ID 248622082 пополнил баланс на 1000000000 коинов
16:48:56 | Розыгрыш ставок для игры №2281:
ID 248622082 поставил 500000 коинов на primary и проиграл при выигрышном цвете danger
16:49:40 | Розыгрыш ставок для игры №2282:
ID 248622082 поставил 250000 коинов на primary и проиграл при выигрышном цвете danger
16:50:20 | ID 248622082 пополнил баланс на 50000000 коинов
16:50:28 | Розыгрыш ставок для игры №2283:
ID 248622082 поставил 250000 коинов на primary и выиграл 500000 коинов при выигрышном цвете primary
16:51:22 | Розыгрыш ставок для игры №2284:
ID 248622082 поставил 125000 коинов на primary и проиграл при выигрышном цвете danger
16:52:06 | Розыгрыш ставок для игры №2285:
ID 248622082 поставил 125000 коинов на primary и проиграл при выигрышном цвете danger
16:53:11 | Розыгрыш ставок для игры №2286:
ID 248622082 поставил 300000 коинов на primary и проиграл при выигрышном цвете danger
17:05:25 | ID 506622606 пополнил баланс на 1000 коинов
17:06:11 | ID 498563879 запросил вывод 10 коинов; VKC response code: 200
17:28:49 | ID 167021640 пополнил баланс на 576000 коинов
17:51:03 | ID 539543780 пополнил баланс на 100000000 коинов
17:51:41 | Розыгрыш ставок для игры №2287:
ID 539543780 поставил 5000 коинов на danger и выиграл 10000 коинов при выигрышном цвете danger
17:52:30 | Розыгрыш ставок для игры №2288:
ID 539543780 поставил 5000 коинов на primary и выиграл 10000 коинов при выигрышном цвете primary
17:58:39 | ID 489677842 пополнил баланс на 100000000 коинов
17:59:35 | Розыгрыш ставок для игры №2289:
ID 489677842 поставил 10000 коинов на danger и проиграл при выигрышном цвете primary
18:00:25 | Розыгрыш ставок для игры №2290:
ID 489677842 поставил 10000 коинов на primary и проиграл при выигрышном цвете danger
18:01:27 | Розыгрыш ставок для игры №2291:
ID 489677842 поставил 1000 коинов на primary и проиграл при выигрышном цвете danger
18:02:09 | Розыгрыш ставок для игры №2292:
ID 489677842 поставил 9000 коинов на danger и проиграл при выигрышном цвете primary
18:11:36 | ID 247944359 пополнил баланс на 2000000 коинов
18:12:18 | Розыгрыш ставок для игры №2293:
ID 247944359 поставил 1000 коинов на primary и проиграл при выигрышном цвете danger
18:13:01 | Розыгрыш ставок для игры №2294:
ID 247944359 поставил 1000 коинов на primary и проиграл при выигрышном цвете danger
18:32:57 | Розыгрыш ставок для игры №2295:
ID 557375110 поставил 1000 коинов на danger и выиграл 2000 коинов при выигрышном цвете danger
18:33:50 | ID 557375110 запросил вывод 2000 коинов; VKC response code: 200
18:35:39 | Розыгрыш ставок для игры №2296:
ID 539543780 поставил 5000 коинов на primary и выиграл 10000 коинов при выигрышном цвете primary
18:36:26 | Розыгрыш ставок для игры №2297:
ID 539543780 поставил 5000 коинов на primary и проиграл при выигрышном цвете danger
ID 489677842 поставил 10000 коинов на danger и выиграл 20000 коинов при выигрышном цвете danger
18:37:33 | Розыгрыш ставок для игры №2298:
ID 539543780 поставил 15000 коинов на primary и проиграл при выигрышном цвете danger
18:38:14 | Розыгрыш ставок для игры №2299:
ID 539543780 поставил 45000 коинов на primary и выиграл 90000 коинов при выигрышном цвете primary
18:38:35 | ID 539543780 запросил вывод 140000 коинов; VKC response code: 200
18:54:27 | ID 554072657 пополнил баланс на 10000000000 коинов
18:55:03 | Розыгрыш ставок для игры №2300:
ID 554072657 поставил 10000000 коинов на primary и проиграл при выигрышном цвете danger
19:02:11 | Розыгрыш ставок для игры №2301:
ID 575515937 поставил 1000 коинов на success и проиграл при выигрышном цвете danger
19:41:03 | Розыгрыш ставок для игры №2302:
ID 317113903 поставил 1000 коинов на danger и выиграл 2000 коинов при выигрышном цвете danger
19:51:54 | Розыгрыш ставок для игры №2303:
ID 317113903 поставил 1000 коинов на success и проиграл при выигрышном цвете primary
20:03:44 | Розыгрыш ставок для игры №2304:
ID 489677842 поставил 80000 коинов на primary и проиграл при выигрышном цвете danger
20:12:14 | ID 586853505 запросил вывод 180000 коинов; VKC response code: 200
20:12:17 | ID 489677842 пополнил баланс на 100000000 коинов
20:13:07 | Розыгрыш ставок для игры №2305:
ID 489677842 поставил 10000 коинов на danger и проиграл при выигрышном цвете primary
20:13:52 | Розыгрыш ставок для игры №2306:
ID 489677842 поставил 10000 коинов на danger и проиграл при выигрышном цвете primary
20:14:37 | Розыгрыш ставок для игры №2307:
ID 489677842 поставил 80000 коинов на primary и выиграл 160000 коинов при выигрышном цвете primary
20:15:29 | Розыгрыш ставок для игры №2308:
ID 489677842 поставил 10000 коинов на success и проиграл при выигрышном цвете danger
20:16:14 | Розыгрыш ставок для игры №2309:
ID 489677842 поставил 10000 коинов на danger и проиграл при выигрышном цвете primary
20:17:10 | Розыгрыш ставок для игры №2310:
ID 489677842 поставил 40000 коинов на primary и выиграл 80000 коинов при выигрышном цвете primary
20:17:58 | Розыгрыш ставок для игры №2311:
ID 489677842 поставил 40000 коинов на danger и проиграл при выигрышном цвете primary
20:18:41 | Розыгрыш ставок для игры №2312:
ID 489677842 поставил 40000 коинов на primary и проиграл при выигрышном цвете danger
20:19:50 | Розыгрыш ставок для игры №2313:
ID 489677842 поставил 40000 коинов на danger и выиграл 80000 коинов при выигрышном цвете danger
20:20:57 | Розыгрыш ставок для игры №2314:
ID 489677842 поставил 10000 коинов на success и проиграл при выигрышном цвете primary
20:22:34 | Розыгрыш ставок для игры №2315:
ID 489677842 поставил 10000 коинов на danger и выиграл 20000 коинов при выигрышном цвете danger
20:24:45 | Розыгрыш ставок для игры №2316:
ID 489677842 поставил 10000 коинов на primary и проиграл при выигрышном цвете danger
20:25:28 | ID 457529081 пополнил баланс на 3250000000 коинов
20:25:49 | Розыгрыш ставок для игры №2317:
ID 489677842 поставил 20000 коинов на danger и выиграл 40000 коинов при выигрышном цвете danger
ID 457529081 поставил 3250000 коинов на primary и проиграл при выигрышном цвете danger
20:26:15 | ID 457529081 пополнил баланс на 13400000000 коинов
20:26:52 | Розыгрыш ставок для игры №2318:
ID 457529081 поставил 4400000 коинов на primary и проиграл при выигрышном цвете danger
ID 489677842 поставил 50000 коинов на danger и выиграл 100000 коинов при выигрышном цвете danger
20:27:37 | Розыгрыш ставок для игры №2319:
ID 457529081 поставил 9000000 коинов на primary и выиграл 18000000 коинов при выигрышном цвете primary
20:28:33 | Розыгрыш ставок для игры №2320:
ID 457529081 поставил 8500000 коинов на danger и выиграл 17000000 коинов при выигрышном цвете danger
20:29:21 | ID 457529081 запросил вывод 23000000 коинов; VKC response code: 200
20:29:40 | Розыгрыш ставок для игры №2321:
ID 457529081 поставил 3500000 коинов на primary и выиграл 7000000 коинов при выигрышном цвете primary
20:30:37 | Розыгрыш ставок для игры №2322:
ID 457529081 поставил 7000000 коинов на danger и проиграл при выигрышном цвете primary
21:08:08 | ID 541269209 пополнил баланс на 50000000 коинов
21:12:33 | ID 211470719 пополнил баланс на 2286950000 коинов
21:13:13 | Розыгрыш ставок для игры №2323:
ID 211470719 поставил 6950 коинов на danger и проиграл при выигрышном цвете primary
21:14:15 | Розыгрыш ставок для игры №2324:
ID 211470719 поставил 40000 коинов на danger и проиграл при выигрышном цвете primary
21:14:58 | Розыгрыш ставок для игры №2325:
ID 211470719 поставил 70000 коинов на danger и проиграл при выигрышном цвете primary
21:15:40 | Розыгрыш ставок для игры №2326:
ID 211470719 поставил 170000 коинов на danger и проиграл при выигрышном цвете primary
21:16:22 | Розыгрыш ставок для игры №2327:
ID 211470719 поставил 500000 коинов на danger и выиграл 1000000 коинов при выигрышном цвете danger
21:17:14 | Розыгрыш ставок для игры №2328:
ID 211470719 поставил 200000 коинов на success и проиграл при выигрышном цвете danger
21:17:57 | Розыгрыш ставок для игры №2329:
ID 211470719 поставил 100000 коинов на success и проиграл при выигрышном цвете danger
21:18:40 | Розыгрыш ставок для игры №2330:
ID 211470719 поставил 100000 коинов на success и проиграл при выигрышном цвете danger
21:19:28 | Розыгрыш ставок для игры №2331:
ID 211470719 поставил 600000 коинов на primary и проиграл при выигрышном цвете success
21:20:10 | Розыгрыш ставок для игры №2332:
ID 211470719 поставил 1500000 коинов на primary и выиграл 3000000 коинов при выигрышном цвете primary
21:20:31 | ID 211470719 запросил вывод 3000000 коинов; VKC response code: 200
21:35:00 | Розыгрыш ставок для игры №2333:
ID 28949110 поставил 1000 коинов на primary и выиграл 2000 коинов при выигрышном цвете primary
21:35:45 | Розыгрыш ставок для игры №2334:
ID 28949110 поставил 79000 коинов на danger и проиграл при выигрышном цвете primary
22:05:35 | ID 534232507 пополнил баланс на 500000000 коинов
22:06:20 | Розыгрыш ставок для игры №2335:
ID 534232507 поставил 100000 коинов на primary и проиграл при выигрышном цвете success
22:07:17 | Розыгрыш ставок для игры №2336:
ID 534232507 поставил 400000 коинов на danger и выиграл 800000 коинов при выигрышном цвете danger
22:07:38 | ID 534232507 запросил вывод 800000 коинов; VKC response code: 200
22:13:35 | ID 377497472 пополнил баланс на 1500000000 коинов
22:14:11 | Розыгрыш ставок для игры №2337:
ID 377497472 поставил 300000 коинов на primary и проиграл при выигрышном цвете danger
22:15:15 | Розыгрыш ставок для игры №2338:
ID 377497472 поставил 1200000 коинов на primary и выиграл 2400000 коинов при выигрышном цвете primary
22:15:37 | ID 377497472 запросил вывод 2400000 коинов; VKC response code: 200
22:38:57 | ID 530319703 пополнил баланс на 1000 коинов
23:00:26 | ID 530319703 пополнил баланс на 394000000 коинов
23:01:09 | Розыгрыш ставок для игры №2339:
ID 530319703 поставил 100000 коинов на success и проиграл при выигрышном цвете primary
23:20:19 | ID 262978488 пополнил баланс на 2000000 коинов
23:21:07 | Розыгрыш ставок для игры №2340:
ID 262978488 поставил 1000 коинов на primary и проиграл при выигрышном цвете danger
23:22:05 | Розыгрыш ставок для игры №2341:
ID 262978488 поставил 1000 коинов на success и проиграл при выигрышном цвете danger
23:56:26 | ID 534232507 пополнил баланс на 6000000000 коинов
23:57:03 | Розыгрыш ставок для игры №2342:
ID 534232507 поставил 3000000 коинов на danger и выиграл 6000000 коинов при выигрышном цвете danger
23:57:39 | ID 534232507 запросил вывод 7500000 коинов; VKC response code: 200
23:57:58 | Розыгрыш ставок для игры №2343:
ID 534232507 поставил 1500000 коинов на primary и проиграл при выигрышном цвете danger
23:58:21 | ID 534232507 пополнил баланс на 2500000000 коинов
23:59:03 | Розыгрыш ставок для игры №2344:
ID 534232507 поставил 2500000 коинов на primary и выиграл 5000000 коинов при выигрышном цвете primary
23:59:21 | ID 534232507 запросил вывод 5000000 коинов; VKC response code: 200