
00:14:18 | Розыгрыш ставок для игры №6270:
ID 563202392 поставил 1000 коинов на primary и выиграл 2000 коинов при выигрышном цвете primary
00:46:08 | ID 444811261 пополнил баланс на 4000000000 коинов
00:46:48 | Розыгрыш ставок для игры №6271:
ID 444811261 поставил 4000000 коинов на primary и проиграл при выигрышном цвете danger
00:49:52 | ID 529771671 пополнил баланс на 1000000000 коинов
00:50:02 | ID 529771671 пополнил баланс на 871000000 коинов
00:52:09 | Розыгрыш ставок для игры №6272:
ID 529771671 поставил 71000 коинов на danger и проиграл при выигрышном цвете success
00:52:51 | Розыгрыш ставок для игры №6273:
ID 529771671 поставил 100000 коинов на danger и выиграл 200000 коинов при выигрышном цвете danger
00:53:40 | Розыгрыш ставок для игры №6274:
ID 529771671 поставил 1900000 коинов на danger и выиграл 3800000 коинов при выигрышном цвете danger
00:54:34 | Розыгрыш ставок для игры №6275:
ID 529771671 поставил 1800000 коинов на primary и выиграл 3600000 коинов при выигрышном цвете primary
00:55:31 | Розыгрыш ставок для игры №6276:
ID 529771671 поставил 600000 коинов на danger и проиграл при выигрышном цвете primary
00:56:18 | Розыгрыш ставок для игры №6277:
ID 529771671 поставил 1200000 коинов на danger и выиграл 2400000 коинов при выигрышном цвете danger
00:57:15 | Розыгрыш ставок для игры №6278:
ID 529771671 поставил 1200000 коинов на primary и проиграл при выигрышном цвете danger
00:58:00 | Розыгрыш ставок для игры №6279:
ID 529771671 поставил 5000000 коинов на primary и выиграл 10000000 коинов при выигрышном цвете primary
00:59:00 | Розыгрыш ставок для игры №6280:
ID 529771671 поставил 1000000 коинов на danger и проиграл при выигрышном цвете primary
00:59:51 | Розыгрыш ставок для игры №6281:
ID 529771671 поставил 9000000 коинов на danger и выиграл 18000000 коинов при выигрышном цвете danger
01:00:46 | Розыгрыш ставок для игры №6282:
ID 529771671 поставил 1000000 коинов на danger и выиграл 2000000 коинов при выигрышном цвете danger
01:02:59 | Розыгрыш ставок для игры №6283:
ID 529771671 поставил 1000000 коинов на primary и выиграл 2000000 коинов при выигрышном цвете primary
01:03:46 | Розыгрыш ставок для игры №6284:
ID 529771671 поставил 20000000 коинов на primary и выиграл 40000000 коинов при выигрышном цвете primary
01:04:57 | Розыгрыш ставок для игры №6285:
ID 529771671 поставил 1000000 коинов на danger и проиграл при выигрышном цвете primary
01:05:42 | Розыгрыш ставок для игры №6286:
ID 529771671 поставил 2000000 коинов на danger и выиграл 4000000 коинов при выигрышном цвете danger
01:06:31 | Розыгрыш ставок для игры №6287:
ID 529771671 поставил 1000000 коинов на primary и выиграл 2000000 коинов при выигрышном цвете primary
01:07:19 | Розыгрыш ставок для игры №6288:
ID 529771671 поставил 2000000 коинов на danger и выиграл 4000000 коинов при выигрышном цвете danger
01:08:08 | Розыгрыш ставок для игры №6289:
ID 529771671 поставил 4000000 коинов на danger и проиграл при выигрышном цвете primary
01:08:57 | Розыгрыш ставок для игры №6290:
ID 529771671 поставил 8000000 коинов на danger и выиграл 16000000 коинов при выигрышном цвете danger
01:09:52 | Розыгрыш ставок для игры №6291:
ID 529771671 поставил 8000000 коинов на danger и выиграл 16000000 коинов при выигрышном цвете danger
01:10:48 | Розыгрыш ставок для игры №6292:
ID 529771671 поставил 6000000 коинов на primary и проиграл при выигрышном цвете danger
01:12:05 | Розыгрыш ставок для игры №6293:
ID 529771671 поставил 50000000 коинов на primary и выиграл 100000000 коинов при выигрышном цвете primary
01:12:59 | ID 529771671 запросил вывод 90000000 коинов; VKC response code: 200
01:13:15 | Розыгрыш ставок для игры №6294:
ID 529771671 поставил 10000000 коинов на primary и выиграл 20000000 коинов при выигрышном цвете primary
01:13:38 | ID 529771671 запросил вывод 20000000 коинов; VKC response code: 200
01:15:18 | ID 529771671 пополнил баланс на 34000000000 коинов
01:15:56 | Розыгрыш ставок для игры №6295:
ID 529771671 поставил 4000000 коинов на danger и проиграл при выигрышном цвете primary
01:16:43 | Розыгрыш ставок для игры №6296:
ID 529771671 поставил 8000000 коинов на danger и выиграл 16000000 коинов при выигрышном цвете danger
01:17:45 | Розыгрыш ставок для игры №6297:
ID 529771671 поставил 8000000 коинов на danger и проиграл при выигрышном цвете primary
01:18:40 | Розыгрыш ставок для игры №6298:
ID 529771671 поставил 20000000 коинов на danger и проиграл при выигрышном цвете primary
01:19:42 | ID 301717658 пополнил баланс на 10000000000 коинов
01:20:02 | Розыгрыш ставок для игры №6299:
ID 529771671 поставил 10000000 коинов на danger и выиграл 20000000 коинов при выигрышном цвете danger
01:20:53 | Розыгрыш ставок для игры №6300:
ID 529771671 поставил 20000000 коинов на danger и выиграл 40000000 коинов при выигрышном цвете danger
ID 301717658 поставил 500000 коинов на danger и выиграл 1000000 коинов при выигрышном цвете danger
01:21:49 | Розыгрыш ставок для игры №6301:
ID 529771671 поставил 1000000 коинов на danger и проиграл при выигрышном цвете primary
ID 301717658 поставил 1000000 коинов на danger и проиграл при выигрышном цвете primary
01:22:33 | Розыгрыш ставок для игры №6302:
ID 301717658 поставил 1000000 коинов на danger и проиграл при выигрышном цвете primary
ID 529771671 поставил 2000000 коинов на primary и выиграл 4000000 коинов при выигрышном цвете primary
01:23:24 | Розыгрыш ставок для игры №6303:
ID 301717658 поставил 2000000 коинов на danger и проиграл при выигрышном цвете primary
ID 529771671 поставил 1000000 коинов на danger и проиграл при выигрышном цвете primary
01:24:12 | Розыгрыш ставок для игры №6304:
ID 529771671 поставил 10000000 коинов на danger и выиграл 20000000 коинов при выигрышном цвете danger
ID 301717658 поставил 4000000 коинов на danger и выиграл 8000000 коинов при выигрышном цвете danger
01:25:12 | Розыгрыш ставок для игры №6305:
ID 529771671 поставил 1000000 коинов на danger и проиграл при выигрышном цвете primary
ID 301717658 поставил 10500000 коинов на danger и проиграл при выигрышном цвете primary
01:25:58 | Розыгрыш ставок для игры №6306:
ID 529771671 поставил 2000000 коинов на danger и проиграл при выигрышном цвете primary
01:26:00 | ID 540901986 пополнил баланс на 1000000 коинов
01:26:09 | ID 301717658 пополнил баланс на 10000000000 коинов
01:26:48 | Розыгрыш ставок для игры №6307:
ID 540901986 поставил 1000 коинов на primary и выиграл 2000 коинов при выигрышном цвете primary
ID 529771671 поставил 4000000 коинов на danger и проиграл при выигрышном цвете primary
ID 301717658 поставил 1000000 коинов на danger и проиграл при выигрышном цвете primary
01:27:36 | Розыгрыш ставок для игры №6308:
ID 529771671 поставил 8000000 коинов на danger и выиграл 16000000 коинов при выигрышном цвете danger
ID 301717658 поставил 2000000 коинов на danger и выиграл 4000000 коинов при выигрышном цвете danger
ID 540901986 поставил 1000 коинов на primary и проиграл при выигрышном цвете danger
01:28:21 | Розыгрыш ставок для игры №6309:
ID 529771671 поставил 4000000 коинов на danger и выиграл 8000000 коинов при выигрышном цвете danger
ID 301717658 поставил 1000000 коинов на danger и выиграл 2000000 коинов при выигрышном цвете danger
01:29:08 | ID 529771671 запросил вывод 55000000 коинов; VKC response code: 200
01:29:09 | Розыгрыш ставок для игры №6310:
ID 301717658 поставил 2000000 коинов на primary и проиграл при выигрышном цвете danger
01:29:52 | ID 529771671 пополнил баланс на 100000000000 коинов
01:29:55 | Розыгрыш ставок для игры №6311:
ID 301717658 поставил 10000000 коинов на primary и выиграл 20000000 коинов при выигрышном цвете primary
01:30:52 | Розыгрыш ставок для игры №6312:
ID 301717658 поставил 1000000 коинов на primary и проиграл при выигрышном цвете danger
ID 529771671 поставил 1562500 коинов на primary и проиграл при выигрышном цвете danger
01:31:36 | Розыгрыш ставок для игры №6313:
ID 301717658 поставил 2000000 коинов на danger и выиграл 4000000 коинов при выигрышном цвете danger
ID 529771671 поставил 15625000 коинов на primary и проиграл при выигрышном цвете danger
01:32:29 | Розыгрыш ставок для игры №6314:
ID 529771671 поставил 20000000 коинов на primary и выиграл 40000000 коинов при выигрышном цвете primary
ID 301717658 поставил 21000000 коинов на primary и выиграл 42000000 коинов при выигрышном цвете primary
01:33:17 | Розыгрыш ставок для игры №6315:
ID 529771671 поставил 20000000 коинов на primary и проиграл при выигрышном цвете danger
ID 301717658 поставил 1062500 коинов на primary и проиграл при выигрышном цвете danger
01:34:05 | Розыгрыш ставок для игры №6316:
ID 301717658 поставил 2125000 коинов на primary и выиграл 4250000 коинов при выигрышном цвете primary
ID 529771671 поставил 20000000 коинов на danger и проиграл при выигрышном цвете primary
01:34:51 | Розыгрыш ставок для игры №6317:
ID 301717658 поставил 1062500 коинов на danger и выиграл 2125000 коинов при выигрышном цвете danger
01:35:35 | Розыгрыш ставок для игры №6318:
ID 301717658 поставил 1062500 коинов на danger и проиграл при выигрышном цвете success
ID 529771671 поставил 62812500 коинов на danger и проиграл при выигрышном цвете success
01:36:40 | Розыгрыш ставок для игры №6319:
ID 301717658 поставил 2125000 коинов на primary и проиграл при выигрышном цвете danger
01:37:29 | Розыгрыш ставок для игры №6320:
ID 301717658 поставил 4250000 коинов на primary и проиграл при выигрышном цвете danger
01:38:25 | Розыгрыш ставок для игры №6321:
ID 301717658 поставил 8500000 коинов на primary и выиграл 17000000 коинов при выигрышном цвете primary
01:39:15 | Розыгрыш ставок для игры №6322:
ID 301717658 поставил 2125000 коинов на primary и проиграл при выигрышном цвете success
01:40:00 | Розыгрыш ставок для игры №6323:
ID 301717658 поставил 4250000 коинов на primary и проиграл при выигрышном цвете danger
01:40:34 | ID 529771671 пополнил баланс на 2000000000 коинов
01:40:46 | Розыгрыш ставок для игры №6324:
ID 301717658 поставил 8500000 коинов на danger и выиграл 17000000 коинов при выигрышном цвете danger
01:41:34 | Розыгрыш ставок для игры №6325:
ID 301717658 поставил 1062500 коинов на danger и выиграл 2125000 коинов при выигрышном цвете danger
ID 529771671 поставил 2000000 коинов на danger и выиграл 4000000 коинов при выигрышном цвете danger
01:42:18 | Розыгрыш ставок для игры №6326:
ID 529771671 поставил 2000000 коинов на success и проиграл при выигрышном цвете primary
02:16:35 | Розыгрыш ставок для игры №6327:
ID 593288566 поставил 1000 коинов на danger и выиграл 2000 коинов при выигрышном цвете danger
04:22:37 | ID 497326839 пополнил баланс на 100000000 коинов
04:23:15 | Розыгрыш ставок для игры №6328:
ID 497326839 поставил 50000 коинов на danger и выиграл 100000 коинов при выигрышном цвете danger
04:24:08 | Розыгрыш ставок для игры №6329:
ID 497326839 поставил 100000 коинов на danger и проиграл при выигрышном цвете primary
04:24:53 | Розыгрыш ставок для игры №6330:
ID 497326839 поставил 50000 коинов на primary и выиграл 100000 коинов при выигрышном цвете primary
05:01:52 | Розыгрыш ставок для игры №6331:
ID 584167733 поставил 1000 коинов на primary и проиграл при выигрышном цвете danger
08:53:55 | ID 541825893 пополнил баланс на 2000000000 коинов
08:54:41 | Розыгрыш ставок для игры №6332:
ID 541825893 поставил 500000 коинов на primary и выиграл 1000000 коинов при выигрышном цвете primary
08:55:27 | Розыгрыш ставок для игры №6333:
ID 541825893 поставил 500000 коинов на primary и проиграл при выигрышном цвете danger
08:56:26 | Розыгрыш ставок для игры №6334:
ID 541825893 поставил 1000000 коинов на primary и проиграл при выигрышном цвете danger
08:57:14 | Розыгрыш ставок для игры №6335:
ID 541825893 поставил 1000000 коинов на primary и проиграл при выигрышном цвете danger
09:00:12 | Розыгрыш ставок для игры №6336:
ID 301717658 поставил 1000000 коинов на danger и проиграл при выигрышном цвете primary
09:00:58 | Розыгрыш ставок для игры №6337:
ID 301717658 поставил 2000000 коинов на primary и выиграл 4000000 коинов при выигрышном цвете primary
09:01:44 | Розыгрыш ставок для игры №6338:
ID 301717658 поставил 1000000 коинов на danger и проиграл при выигрышном цвете primary
09:02:39 | Розыгрыш ставок для игры №6339:
ID 301717658 поставил 2000000 коинов на danger и проиграл при выигрышном цвете primary
09:03:33 | Розыгрыш ставок для игры №6340:
ID 301717658 поставил 4000000 коинов на danger и проиграл при выигрышном цвете success
ID 529771671 поставил 1000000 коинов на primary и проиграл при выигрышном цвете success
09:04:21 | Розыгрыш ставок для игры №6341:
ID 301717658 поставил 8000000 коинов на danger и проиграл при выигрышном цвете primary
ID 529771671 поставил 500000 коинов на danger и проиграл при выигрышном цвете primary
09:05:05 | Розыгрыш ставок для игры №6342:
ID 529771671 поставил 500000 коинов на primary и проиграл при выигрышном цвете danger
ID 301717658 поставил 8000000 коинов на primary и проиграл при выигрышном цвете danger
09:07:03 | Розыгрыш ставок для игры №6343:
ID 301717658 поставил 26375000 коинов на danger и проиграл при выигрышном цвете primary
09:12:54 | ID 590952931 пополнил баланс на 10000000 коинов
09:13:40 | Розыгрыш ставок для игры №6344:
ID 590952931 поставил 2000 коинов на primary и выиграл 4000 коинов при выигрышном цвете primary
09:14:25 | Розыгрыш ставок для игры №6345:
ID 590952931 поставил 2000 коинов на danger и проиграл при выигрышном цвете primary
09:18:30 | Розыгрыш ставок для игры №6346:
ID 590952931 поставил 2000 коинов на danger и выиграл 4000 коинов при выигрышном цвете danger
09:19:14 | Розыгрыш ставок для игры №6347:
ID 590952931 поставил 1000 коинов на primary и выиграл 2000 коинов при выигрышном цвете primary
09:21:51 | Розыгрыш ставок для игры №6348:
ID 590952931 поставил 1000 коинов на danger и выиграл 2000 коинов при выигрышном цвете danger
09:22:10 | ID 518771936 пополнил баланс на 10000000 коинов
09:22:38 | Розыгрыш ставок для игры №6349:
ID 590952931 поставил 1000 коинов на primary и выиграл 2000 коинов при выигрышном цвете primary
ID 518771936 поставил 2000 коинов на danger и проиграл при выигрышном цвете primary
09:23:32 | ID 548195597 пополнил баланс на 100000000 коинов
09:23:42 | Розыгрыш ставок для игры №6350:
ID 518771936 поставил 1000 коинов на danger и выиграл 2000 коинов при выигрышном цвете danger
ID 590952931 поставил 1000 коинов на primary и проиграл при выигрышном цвете danger
09:24:30 | Розыгрыш ставок для игры №6351:
ID 548195597 поставил 100000 коинов на primary и проиграл при выигрышном цвете success
ID 518771936 поставил 2000 коинов на danger и проиграл при выигрышном цвете success
ID 590952931 поставил 1000 коинов на primary и проиграл при выигрышном цвете success
09:24:56 | ID 590952931 запросил вывод 3000 коинов; VKC response code: 200
09:25:18 | Розыгрыш ставок для игры №6352:
ID 518771936 поставил 1000 коинов на danger и проиграл при выигрышном цвете primary
ID 590952931 поставил 1000 коинов на primary и выиграл 2000 коинов при выигрышном цвете primary
09:26:05 | Розыгрыш ставок для игры №6353:
ID 518771936 поставил 2000 коинов на primary и выиграл 4000 коинов при выигрышном цвете primary
ID 590952931 поставил 1000 коинов на danger и проиграл при выигрышном цвете primary
09:26:34 | ID 518771936 запросил вывод 8000 коинов; VKC response code: 200
09:26:55 | ID 518771936 пополнил баланс на 2000000 коинов
09:27:04 | Розыгрыш ставок для игры №6354:
ID 590952931 поставил 1000 коинов на danger и проиграл при выигрышном цвете success
09:27:47 | Розыгрыш ставок для игры №6355:
ID 518771936 поставил 2000 коинов на success и проиграл при выигрышном цвете danger
ID 590952931 поставил 1000 коинов на primary и проиграл при выигрышном цвете danger
09:28:12 | ID 590952931 запросил вывод 8000 коинов; VKC response code: 200
09:56:01 | Розыгрыш ставок для игры №6356:
ID 317113903 поставил 200001000 коинов на primary и выиграл 400002000 коинов при выигрышном цвете primary
10:00:39 | ID 541710425 пополнил баланс на 400000000 коинов
10:01:41 | Розыгрыш ставок для игры №6357:
ID 541710425 поставил 200000 коинов на primary и проиграл при выигрышном цвете success
10:01:54 | ID 371318834 пополнил баланс на 20000000 коинов
10:02:26 | Розыгрыш ставок для игры №6358:
ID 541710425 поставил 200000 коинов на danger и выиграл 400000 коинов при выигрышном цвете danger
10:03:15 | Розыгрыш ставок для игры №6359:
ID 541710425 поставил 400000 коинов на primary и проиграл при выигрышном цвете danger
10:04:06 | Розыгрыш ставок для игры №6360:
ID 371318834 поставил 1000 коинов на primary и проиграл при выигрышном цвете danger
10:04:50 | Розыгрыш ставок для игры №6361:
ID 371318834 поставил 1000 коинов на danger и проиграл при выигрышном цвете primary
10:05:33 | Розыгрыш ставок для игры №6362:
ID 371318834 поставил 1000 коинов на danger и выиграл 2000 коинов при выигрышном цвете danger
10:06:18 | Розыгрыш ставок для игры №6363:
ID 371318834 поставил 1000 коинов на primary и выиграл 2000 коинов при выигрышном цвете primary
10:07:03 | Розыгрыш ставок для игры №6364:
ID 371318834 поставил 1000 коинов на danger и проиграл при выигрышном цвете primary
10:07:03 | Розыгрыш ставок для игры №6365:
ID 371318834 поставил 1000 коинов на danger и проиграл при выигрышном цвете primary
10:07:59 | Розыгрыш ставок для игры №6366:
ID 371318834 поставил 3000 коинов на danger и проиграл при выигрышном цвете success
10:08:48 | Розыгрыш ставок для игры №6367:
ID 371318834 поставил 3000 коинов на danger и выиграл 6000 коинов при выигрышном цвете danger
10:09:33 | Розыгрыш ставок для игры №6368:
ID 371318834 поставил 3000 коинов на primary и проиграл при выигрышном цвете danger
10:10:24 | Розыгрыш ставок для игры №6369:
ID 371318834 поставил 6000 коинов на primary и проиграл при выигрышном цвете danger
10:11:10 | Розыгрыш ставок для игры №6370:
ID 371318834 поставил 6000 коинов на primary и выиграл 12000 коинов при выигрышном цвете primary
10:12:05 | Розыгрыш ставок для игры №6371:
ID 371318834 поставил 4000 коинов на primary и выиграл 8000 коинов при выигрышном цвете primary
10:12:52 | Розыгрыш ставок для игры №6372:
ID 371318834 поставил 4000 коинов на danger и проиграл при выигрышном цвете primary
10:13:48 | Розыгрыш ставок для игры №6373:
ID 371318834 поставил 10000 коинов на danger и проиграл при выигрышном цвете primary
10:15:40 | Розыгрыш ставок для игры №6374:
ID 371318834 поставил 6000 коинов на danger и выиграл 12000 коинов при выигрышном цвете danger
10:16:29 | Розыгрыш ставок для игры №6375:
ID 371318834 поставил 12000 коинов на danger и проиграл при выигрышном цвете primary
10:18:27 | ID 371318834 пополнил баланс на 30000000 коинов
10:19:17 | Розыгрыш ставок для игры №6376:
ID 371318834 поставил 15000 коинов на primary и выиграл 30000 коинов при выигрышном цвете primary
10:19:21 | ID 327575085 пополнил баланс на 108000000 коинов
10:19:41 | ID 371318834 запросил вывод 40000 коинов; VKC response code: 200
10:20:19 | Розыгрыш ставок для игры №6377:
ID 371318834 поставил 5000 коинов на primary и проиграл при выигрышном цвете success
10:20:43 | ID 371318834 пополнил баланс на 50000000 коинов
10:21:29 | Розыгрыш ставок для игры №6378:
ID 371318834 поставил 25000 коинов на danger и выиграл 50000 коинов при выигрышном цвете danger
10:21:59 | ID 371318834 запросил вывод 70000 коинов; VKC response code: 200
10:22:43 | ID 371318834 пополнил баланс на 100000000 коинов
10:23:33 | Розыгрыш ставок для игры №6379:
ID 371318834 поставил 50000 коинов на primary и выиграл 100000 коинов при выигрышном цвете primary
10:24:10 | ID 371318834 запросил вывод 100000 коинов; VKC response code: 200
10:26:07 | ID 592647055 пополнил баланс на 100000000 коинов
10:26:47 | Розыгрыш ставок для игры №6380:
ID 592647055 поставил 50000 коинов на danger и выиграл 100000 коинов при выигрышном цвете danger
10:27:34 | Розыгрыш ставок для игры №6381:
ID 592647055 поставил 25000 коинов на primary и выиграл 50000 коинов при выигрышном цвете primary
10:28:20 | Розыгрыш ставок для игры №6382:
ID 592647055 поставил 25000 коинов на danger и проиграл при выигрышном цвете primary
10:29:13 | Розыгрыш ставок для игры №6383:
ID 592647055 поставил 150000 коинов на danger и проиграл при выигрышном цвете primary
10:30:12 | Розыгрыш ставок для игры №6384:
ID 371318834 поставил 2500 коинов на primary и выиграл 5000 коинов при выигрышном цвете primary
10:31:03 | Розыгрыш ставок для игры №6385:
ID 371318834 поставил 2500 коинов на success и проиграл при выигрышном цвете danger
10:32:36 | Розыгрыш ставок для игры №6386:
ID 371318834 поставил 1000 коинов на success и проиграл при выигрышном цвете primary
10:33:10 | ID 371318834 запросил вывод 50000 коинов; VKC response code: 200
10:33:29 | Розыгрыш ставок для игры №6387:
ID 371318834 поставил 2000 коинов на danger и проиграл при выигрышном цвете primary
ID 568324734 поставил 1000 коинов на primary и выиграл 2000 коинов при выигрышном цвете primary
10:34:13 | Розыгрыш ставок для игры №6388:
ID 568324734 поставил 2000 коинов на danger и проиграл при выигрышном цвете primary
ID 371318834 поставил 1000 коинов на primary и выиграл 2000 коинов при выигрышном цвете primary
10:35:03 | Розыгрыш ставок для игры №6389:
ID 371318834 поставил 1000 коинов на primary и проиграл при выигрышном цвете danger
10:35:49 | Розыгрыш ставок для игры №6390:
ID 371318834 поставил 2000 коинов на danger и проиграл при выигрышном цвете primary
10:36:21 | ID 371318834 пополнил баланс на 10000000 коинов
10:37:05 | Розыгрыш ставок для игры №6391:
ID 371318834 поставил 5000 коинов на danger и проиграл при выигрышном цвете primary
10:37:50 | Розыгрыш ставок для игры №6392:
ID 371318834 поставил 5000 коинов на primary и проиграл при выигрышном цвете danger
10:38:30 | ID 371318834 пополнил баланс на 40000000 коинов
10:39:33 | Розыгрыш ставок для игры №6393:
ID 371318834 поставил 25000 коинов на primary и выиграл 50000 коинов при выигрышном цвете primary
10:40:01 | ID 371318834 запросил вывод 55000 коинов; VKC response code: 200
10:43:04 | Розыгрыш ставок для игры №6394:
ID 371318834 поставил 5000 коинов на primary и выиграл 10000 коинов при выигрышном цвете primary
10:43:38 | ID 371318834 запросил вывод 8250 коинов; VKC response code: 200
10:46:16 | ID 371318834 пополнил баланс на 5250000 коинов
10:47:32 | Розыгрыш ставок для игры №6395:
ID 371318834 поставил 2000 коинов на primary и проиграл при выигрышном цвете danger
10:50:21 | ID 371318834 пополнил баланс на 200000000 коинов
10:51:13 | Розыгрыш ставок для игры №6396:
ID 371318834 поставил 200000 коинов на primary и выиграл 400000 коинов при выигрышном цвете primary
10:51:54 | ID 371318834 запросил вывод 400000 коинов; VKC response code: 200
10:52:55 | ID 371318834 пополнил баланс на 80000000 коинов
10:53:45 | Розыгрыш ставок для игры №6397:
ID 371318834 поставил 40000 коинов на primary и проиграл при выигрышном цвете danger
10:54:35 | Розыгрыш ставок для игры №6398:
ID 371318834 поставил 50000 коинов на primary и выиграл 100000 коинов при выигрышном цвете primary
10:55:55 | Розыгрыш ставок для игры №6399:
ID 371318834 поставил 50000 коинов на primary и выиграл 100000 коинов при выигрышном цвете primary
10:56:35 | ID 371318834 запросил вывод 110000 коинов; VKC response code: 200
11:16:38 | ID 572221950 пополнил баланс на 754000 коинов
11:25:02 | ID 572119029 пополнил баланс на 10000000 коинов
11:25:44 | Розыгрыш ставок для игры №6400:
ID 572119029 поставил 1000 коинов на danger и проиграл при выигрышном цвете primary
11:26:37 | Розыгрыш ставок для игры №6401:
ID 572119029 поставил 7000 коинов на danger и выиграл 14000 коинов при выигрышном цвете danger
11:28:28 | ID 572221950 пополнил баланс на 100000000 коинов
11:29:05 | Розыгрыш ставок для игры №6402:
ID 572221950 поставил 10000 коинов на success и проиграл при выигрышном цвете primary
11:30:00 | Розыгрыш ставок для игры №6403:
ID 572221950 поставил 30000 коинов на success и проиграл при выигрышном цвете primary
11:30:46 | Розыгрыш ставок для игры №6404:
ID 572221950 поставил 60754 коинов на primary и проиграл при выигрышном цвете danger
11:35:34 | Розыгрыш ставок для игры №6405:
ID 572119029 поставил 16000 коинов на success и проиграл при выигрышном цвете danger
12:09:57 | Розыгрыш ставок для игры №6406:
ID 501562122 поставил 245500 коинов на primary и проиграл при выигрышном цвете danger
12:10:22 | ID 501562122 пополнил баланс на 646000000 коинов
12:44:11 | Розыгрыш ставок для игры №6407:
ID 317113903 поставил 300000000 коинов на danger и проиграл при выигрышном цвете primary
12:45:28 | Розыгрыш ставок для игры №6408:
ID 317113903 поставил 300002000 коинов на danger и проиграл при выигрышном цвете primary
12:48:01 | ID 446189256 пополнил баланс на 10000000 коинов
12:48:41 | Розыгрыш ставок для игры №6409:
ID 446189256 поставил 2000 коинов на primary и выиграл 4000 коинов при выигрышном цвете primary
12:49:02 | ID 446189256 запросил вывод 12000 коинов; VKC response code: 200
12:50:57 | Розыгрыш ставок для игры №6410:
ID 594058724 поставил 150000 коинов на primary и проиграл при выигрышном цвете danger
12:51:39 | Розыгрыш ставок для игры №6411:
ID 594058724 поставил 600000 коинов на primary и проиграл при выигрышном цвете danger
12:52:21 | Розыгрыш ставок для игры №6412:
ID 594058724 поставил 2400000 коинов на primary и проиграл при выигрышном цвете danger
12:53:03 | Розыгрыш ставок для игры №6413:
ID 594058724 поставил 8696558 коинов на primary и выиграл 17393116 коинов при выигрышном цвете primary
12:54:37 | ID 398941566 пополнил баланс на 4000000000 коинов
12:55:16 | Розыгрыш ставок для игры №6414:
ID 398941566 поставил 3000000 коинов на primary и выиграл 6000000 коинов при выигрышном цвете primary
ID 594058724 поставил 393116 коинов на danger и проиграл при выигрышном цвете primary
12:55:53 | ID 398941566 запросил вывод 7000000 коинов; VKC response code: 200
12:56:06 | Розыгрыш ставок для игры №6415:
ID 594058724 поставил 1000000 коинов на danger и выиграл 2000000 коинов при выигрышном цвете danger
12:56:33 | ID 398941566 пополнил баланс на 5000000000 коинов
12:57:10 | Розыгрыш ставок для игры №6416:
ID 398941566 поставил 5000000 коинов на danger и проиграл при выигрышном цвете primary
ID 594058724 поставил 3000000 коинов на danger и проиграл при выигрышном цвете primary
12:57:53 | Розыгрыш ставок для игры №6417:
ID 594058724 поставил 6000000 коинов на danger и проиграл при выигрышном цвете success
12:58:36 | Розыгрыш ставок для игры №6418:
ID 594058724 поставил 9000000 коинов на danger и проиграл при выигрышном цвете primary
13:18:29 | Розыгрыш ставок для игры №6419:
ID 317113903 поставил 440000000 коинов на danger и выиграл 880000000 коинов при выигрышном цвете danger
13:28:08 | Розыгрыш ставок для игры №6420:
ID 594058724 поставил 1400000 коинов на primary и проиграл при выигрышном цвете danger
13:28:56 | Розыгрыш ставок для игры №6421:
ID 594058724 поставил 3000000 коинов на primary и выиграл 6000000 коинов при выигрышном цвете primary
13:52:07 | ID 439427650 запросил вывод 2000 коинов; VKC response code: 200
14:02:06 | ID 510212120 пополнил баланс на 600000000 коинов
14:02:49 | Розыгрыш ставок для игры №6422:
ID 510212120 поставил 6000 коинов на primary и проиграл при выигрышном цвете success
14:03:41 | Розыгрыш ставок для игры №6423:
ID 510212120 поставил 270000 коинов на primary и проиграл при выигрышном цвете danger
14:07:07 | ID 571290013 пополнил баланс на 1250000000 коинов
14:08:03 | Розыгрыш ставок для игры №6424:
ID 571290013 поставил 1250000 коинов на primary и выиграл 2500000 коинов при выигрышном цвете primary
14:08:46 | Розыгрыш ставок для игры №6425:
ID 571290013 поставил 2500000 коинов на danger и проиграл при выигрышном цвете primary
14:39:04 | Розыгрыш ставок для игры №6426:
ID 214473000 поставил 1000 коинов на primary и выиграл 2000 коинов при выигрышном цвете primary
14:41:24 | ID 214473000 пополнил баланс на 50000000 коинов
14:41:33 | Розыгрыш ставок для игры №6427:
ID 214473000 поставил 1000 коинов на primary и выиграл 2000 коинов при выигрышном цвете primary
14:42:20 | Розыгрыш ставок для игры №6428:
ID 214473000 поставил 30000 коинов на primary и выиграл 60000 коинов при выигрышном цвете primary
14:43:12 | Розыгрыш ставок для игры №6429:
ID 214473000 поставил 33000 коинов на primary и выиграл 66000 коинов при выигрышном цвете primary
14:43:58 | Розыгрыш ставок для игры №6430:
ID 214473000 поставил 33000 коинов на primary и выиграл 66000 коинов при выигрышном цвете primary
14:44:07 | ID 414023989 пополнил баланс на 1000000 коинов
14:44:18 | ID 214473000 запросил вывод 100000 коинов; VKC response code: 200
14:44:51 | Розыгрыш ставок для игры №6431:
ID 214473000 поставил 33000 коинов на primary и проиграл при выигрышном цвете danger
14:45:43 | Розыгрыш ставок для игры №6432:
ID 214473000 поставил 16000 коинов на primary и проиграл при выигрышном цвете danger
ID 414023989 поставил 1000 коинов на primary и проиграл при выигрышном цвете danger
15:02:13 | ID 446426892 пополнил баланс на 871 коинов
15:04:54 | ID 15908751 пополнил баланс на 10000000000 коинов
15:05:59 | Розыгрыш ставок для игры №6433:
ID 15908751 поставил 1000000 коинов на success и проиграл при выигрышном цвете primary
15:06:55 | Розыгрыш ставок для игры №6434:
ID 15908751 поставил 8000000 коинов на success и проиграл при выигрышном цвете primary
15:07:59 | Розыгрыш ставок для игры №6435:
ID 15908751 поставил 1000000 коинов на success и выиграл 14000000 коинов при выигрышном цвете success
15:09:15 | Розыгрыш ставок для игры №6436:
ID 15908751 поставил 14000000 коинов на primary и проиграл при выигрышном цвете success
15:35:18 | ID 583198463 пополнил баланс на 500000000 коинов
15:36:51 | Розыгрыш ставок для игры №6437:
ID 583198463 поставил 10000 коинов на success и проиграл при выигрышном цвете danger
15:37:44 | Розыгрыш ставок для игры №6438:
ID 583198463 поставил 10000 коинов на danger и проиграл при выигрышном цвете primary
15:38:30 | Розыгрыш ставок для игры №6439:
ID 583198463 поставил 60000 коинов на danger и выиграл 120000 коинов при выигрышном цвете danger
15:39:17 | Розыгрыш ставок для игры №6440:
ID 583198463 поставил 60000 коинов на primary и выиграл 120000 коинов при выигрышном цвете primary
15:40:08 | Розыгрыш ставок для игры №6441:
ID 583198463 поставил 120000 коинов на danger и проиграл при выигрышном цвете primary
15:40:54 | Розыгрыш ставок для игры №6442:
ID 583198463 поставил 120000 коинов на danger и проиграл при выигрышном цвете primary
15:41:42 | Розыгрыш ставок для игры №6443:
ID 583198463 поставил 320000 коинов на danger и выиграл 640000 коинов при выигрышном цвете danger
15:42:30 | Розыгрыш ставок для игры №6444:
ID 583198463 поставил 480000 коинов на danger и проиграл при выигрышном цвете primary
15:43:49 | Розыгрыш ставок для игры №6445:
ID 583198463 поставил 200000 коинов на primary и выиграл 400000 коинов при выигрышном цвете primary
15:44:41 | Розыгрыш ставок для игры №6446:
ID 583198463 поставил 400000 коинов на danger и выиграл 800000 коинов при выигрышном цвете danger
15:45:31 | Розыгрыш ставок для игры №6447:
ID 583198463 поставил 800000 коинов на primary и проиграл при выигрышном цвете danger
17:03:08 | ID 15908751 пополнил баланс на 6500000 коинов
17:03:49 | Розыгрыш ставок для игры №6448:
ID 15908751 поставил 6500 коинов на success и проиграл при выигрышном цвете primary
17:06:47 | ID 575161764 пополнил баланс на 80000 коинов
17:12:38 | Розыгрыш ставок для игры №6449:
ID 371318834 поставил 1000 коинов на primary и проиграл при выигрышном цвете danger
17:13:31 | Розыгрыш ставок для игры №6450:
ID 371318834 поставил 5000 коинов на primary и выиграл 10000 коинов при выигрышном цвете primary
17:14:40 | Розыгрыш ставок для игры №6451:
ID 371318834 поставил 2000 коинов на primary и проиграл при выигрышном цвете danger
17:15:37 | Розыгрыш ставок для игры №6452:
ID 371318834 поставил 10000 коинов на primary и выиграл 20000 коинов при выигрышном цвете primary
17:16:28 | Розыгрыш ставок для игры №6453:
ID 371318834 поставил 1000 коинов на danger и выиграл 2000 коинов при выигрышном цвете danger
17:19:07 | Розыгрыш ставок для игры №6454:
ID 371318834 поставил 2000 коинов на primary и выиграл 4000 коинов при выигрышном цвете primary
17:20:57 | Розыгрыш ставок для игры №6455:
ID 371318834 поставил 10000 коинов на danger и проиграл при выигрышном цвете primary
17:21:55 | Розыгрыш ставок для игры №6456:
ID 371318834 поставил 20000 коинов на danger и выиграл 40000 коинов при выигрышном цвете danger
17:23:07 | ID 371318834 запросил вывод 12000 коинов; VKC response code: 200
17:23:29 | Розыгрыш ставок для игры №6457:
ID 594058724 поставил 250000 коинов на primary и проиграл при выигрышном цвете danger
17:24:12 | Розыгрыш ставок для игры №6458:
ID 594058724 поставил 500000 коинов на primary и проиграл при выигрышном цвете danger
17:24:54 | Розыгрыш ставок для игры №6459:
ID 594058724 поставил 1000000 коинов на primary и выиграл 2000000 коинов при выигрышном цвете primary
17:26:08 | ID 571315014 пополнил баланс на 10000000 коинов
17:26:26 | ID 456460063 пополнил баланс на 10000000 коинов
17:27:31 | Розыгрыш ставок для игры №6460:
ID 571315014 поставил 2000 коинов на primary и проиграл при выигрышном цвете danger
ID 371318834 поставил 1000 коинов на primary и проиграл при выигрышном цвете danger
17:28:24 | Розыгрыш ставок для игры №6461:
ID 571315014 поставил 4000 коинов на primary и проиграл при выигрышном цвете danger
ID 371318834 поставил 1000 коинов на primary и проиграл при выигрышном цвете danger
17:29:25 | Розыгрыш ставок для игры №6462:
ID 571315014 поставил 1000 коинов на danger и выиграл 2000 коинов при выигрышном цвете danger
ID 371318834 поставил 5000 коинов на primary и проиграл при выигрышном цвете danger
17:30:17 | Розыгрыш ставок для игры №6463:
ID 371318834 поставил 5000 коинов на primary и проиграл при выигрышном цвете success
ID 571315014 поставил 1000 коинов на success и выиграл 14000 коинов при выигрышном цвете success
17:31:33 | Розыгрыш ставок для игры №6464:
ID 371318834 поставил 20000 коинов на primary и выиграл 40000 коинов при выигрышном цвете primary
ID 571315014 поставил 1000 коинов на danger и проиграл при выигрышном цвете primary
17:32:24 | Розыгрыш ставок для игры №6465:
ID 571315014 поставил 2000 коинов на primary и выиграл 4000 коинов при выигрышном цвете primary
ID 371318834 поставил 1000 коинов на primary и выиграл 2000 коинов при выигрышном цвете primary
17:33:12 | Розыгрыш ставок для игры №6466:
ID 371318834 поставил 1000 коинов на primary и выиграл 2000 коинов при выигрышном цвете primary
ID 571315014 поставил 1000 коинов на success и проиграл при выигрышном цвете primary
17:33:17 | ID 571315014 запросил вывод 10000 коинов; VKC response code: 200
17:34:04 | Розыгрыш ставок для игры №6467:
ID 571315014 поставил 2000 коинов на danger и выиграл 4000 коинов при выигрышном цвете danger
ID 371318834 поставил 2000 коинов на primary и проиграл при выигрышном цвете danger
17:38:43 | Розыгрыш ставок для игры №6468:
ID 571315014 поставил 1000 коинов на primary и проиграл при выигрышном цвете danger
17:39:29 | Розыгрыш ставок для игры №6469:
ID 571315014 поставил 2000 коинов на danger и проиграл при выигрышном цвете primary
ID 371318834 поставил 2000 коинов на primary и выиграл 4000 коинов при выигрышном цвете primary
17:40:14 | Розыгрыш ставок для игры №6470:
ID 571315014 поставил 3000 коинов на primary и выиграл 6000 коинов при выигрышном цвете primary
ID 371318834 поставил 1000 коинов на danger и проиграл при выигрышном цвете primary
17:40:38 | ID 571315014 запросил вывод 7000 коинов; VKC response code: 200
17:41:12 | Розыгрыш ставок для игры №6471:
ID 571315014 поставил 1000 коинов на primary и проиграл при выигрышном цвете success
ID 371318834 поставил 5000 коинов на primary и проиграл при выигрышном цвете success
17:41:59 | Розыгрыш ставок для игры №6472:
ID 571315014 поставил 2000 коинов на danger и проиграл при выигрышном цвете primary
ID 371318834 поставил 30000 коинов на primary и выиграл 60000 коинов при выигрышном цвете primary
17:42:37 | ID 571315014 пополнил баланс на 4000000 коинов
17:42:43 | ID 571315014 пополнил баланс на 4000000 коинов
17:43:02 | Розыгрыш ставок для игры №6473:
ID 371318834 поставил 1000 коинов на primary и выиграл 2000 коинов при выигрышном цвете primary
ID 571315014 поставил 1000 коинов на primary и выиграл 2000 коинов при выигрышном цвете primary
17:43:50 | Розыгрыш ставок для игры №6474:
ID 571315014 поставил 2000 коинов на success и проиграл при выигрышном цвете primary
ID 371318834 поставил 1500 коинов на success и проиграл при выигрышном цвете primary
17:44:35 | Розыгрыш ставок для игры №6475:
ID 571315014 поставил 2000 коинов на danger и проиграл при выигрышном цвете primary
ID 371318834 поставил 1000 коинов на success и проиграл при выигрышном цвете primary
17:45:19 | Розыгрыш ставок для игры №6476:
ID 571315014 поставил 2500 коинов на danger и проиграл при выигрышном цвете primary
ID 371318834 поставил 5000 коинов на primary и выиграл 10000 коинов при выигрышном цвете primary
17:46:03 | Розыгрыш ставок для игры №6477:
ID 571315014 поставил 1500 коинов на primary и выиграл 3000 коинов при выигрышном цвете primary
ID 371318834 поставил 1000 коинов на danger и проиграл при выигрышном цвете primary
17:46:52 | Розыгрыш ставок для игры №6478:
ID 571315014 поставил 1000 коинов на success и проиграл при выигрышном цвете danger
ID 371318834 поставил 3000 коинов на primary и проиграл при выигрышном цвете danger
17:47:27 | ID 571315014 пополнил баланс на 2000000 коинов
17:47:35 | Розыгрыш ставок для игры №6479:
ID 571315014 поставил 1000 коинов на primary и выиграл 2000 коинов при выигрышном цвете primary
ID 371318834 поставил 40000 коинов на primary и выиграл 80000 коинов при выигрышном цвете primary
17:48:01 | ID 371318834 запросил вывод 105000 коинов; VKC response code: 200
17:48:20 | Розыгрыш ставок для игры №6480:
ID 571315014 поставил 3000 коинов на danger и выиграл 6000 коинов при выигрышном цвете danger
ID 371318834 поставил 1500 коинов на primary и проиграл при выигрышном цвете danger
17:49:05 | Розыгрыш ставок для игры №6481:
ID 571315014 поставил 3000 коинов на success и проиграл при выигрышном цвете primary
17:50:42 | Розыгрыш ставок для игры №6482:
ID 571315014 поставил 2000 коинов на danger и выиграл 4000 коинов при выигрышном цвете danger
ID 371318834 поставил 5000 коинов на primary и проиграл при выигрышном цвете danger
17:51:29 | Розыгрыш ставок для игры №6483:
ID 571315014 поставил 3000 коинов на primary и проиграл при выигрышном цвете danger
ID 371318834 поставил 10000 коинов на primary и проиграл при выигрышном цвете danger
17:52:16 | Розыгрыш ставок для игры №6484:
ID 371318834 поставил 5000 коинов на primary и проиграл при выигрышном цвете danger
ID 571315014 поставил 2000 коинов на danger и выиграл 4000 коинов при выигрышном цвете danger
17:53:03 | Розыгрыш ставок для игры №6485:
ID 571315014 поставил 1000 коинов на success и проиграл при выигрышном цвете danger
17:53:03 | Розыгрыш ставок для игры №6486:
ID 571315014 поставил 1000 коинов на success и проиграл при выигрышном цвете primary
17:53:12 | ID 371318834 пополнил баланс на 6000000 коинов
17:53:49 | Розыгрыш ставок для игры №6487:
ID 571315014 поставил 3000 коинов на primary и выиграл 6000 коинов при выигрышном цвете primary
ID 371318834 поставил 4000 коинов на primary и выиграл 8000 коинов при выигрышном цвете primary
17:54:36 | Розыгрыш ставок для игры №6488:
ID 571315014 поставил 3000 коинов на danger и проиграл при выигрышном цвете primary
17:55:23 | Розыгрыш ставок для игры №6489:
ID 571315014 поставил 1000 коинов на success и проиграл при выигрышном цвете danger
ID 371318834 поставил 1000 коинов на primary и проиграл при выигрышном цвете danger
17:56:24 | Розыгрыш ставок для игры №6490:
ID 571315014 поставил 5000 коинов на primary и выиграл 10000 коинов при выигрышном цвете primary
ID 371318834 поставил 6000 коинов на primary и выиграл 12000 коинов при выигрышном цвете primary
17:56:48 | ID 571315014 запросил вывод 7000 коинов; VKC response code: 200
17:57:13 | Розыгрыш ставок для игры №6491:
ID 371318834 поставил 15000 коинов на primary и выиграл 30000 коинов при выигрышном цвете primary
ID 571315014 поставил 1000 коинов на danger и проиграл при выигрышном цвете primary
17:57:20 | ID 571315014 пополнил баланс на 3000000 коинов
17:58:01 | Розыгрыш ставок для игры №6492:
ID 571315014 поставил 2000 коинов на primary и проиграл при выигрышном цвете danger
17:58:01 | Розыгрыш ставок для игры №6493:
ID 571315014 поставил 2000 коинов на primary и выиграл 4000 коинов при выигрышном цвете primary
17:58:42 | ID 483427767 пополнил баланс на 100000 коинов
17:58:45 | Розыгрыш ставок для игры №6494:
ID 571315014 поставил 1000 коинов на success и проиграл при выигрышном цвете danger
ID 483427767 поставил 1000 коинов на success и проиграл при выигрышном цвете danger
ID 371318834 поставил 1000 коинов на success и проиграл при выигрышном цвете danger
17:59:28 | Розыгрыш ставок для игры №6495:
ID 571315014 поставил 2000 коинов на primary и проиграл при выигрышном цвете danger
ID 371318834 поставил 2000 коинов на primary и проиграл при выигрышном цвете danger
18:00:13 | Розыгрыш ставок для игры №6496:
ID 571315014 поставил 2000 коинов на danger и проиграл при выигрышном цвете primary
ID 371318834 поставил 10000 коинов на primary и выиграл 20000 коинов при выигрышном цвете primary
18:00:39 | ID 571315014 пополнил баланс на 3000000 коинов
18:00:51 | ID 371318834 запросил вывод 32000 коинов; VKC response code: 200
18:00:58 | Розыгрыш ставок для игры №6497:
ID 571315014 поставил 2000 коинов на primary и выиграл 4000 коинов при выигрышном цвете primary
18:01:40 | Розыгрыш ставок для игры №6498:
ID 371318834 поставил 1000 коинов на primary и выиграл 2000 коинов при выигрышном цвете primary
ID 571315014 поставил 2000 коинов на primary и выиграл 4000 коинов при выигрышном цвете primary
18:02:25 | Розыгрыш ставок для игры №6499:
ID 571315014 поставил 2000 коинов на danger и проиграл при выигрышном цвете primary
ID 371318834 поставил 2000 коинов на primary и выиграл 4000 коинов при выигрышном цвете primary
18:03:11 | Розыгрыш ставок для игры №6500:
ID 571315014 поставил 4000 коинов на danger и выиграл 8000 коинов при выигрышном цвете danger
ID 371318834 поставил 4000 коинов на primary и проиграл при выигрышном цвете danger
18:03:37 | ID 571315014 запросил вывод 5000 коинов; VKC response code: 200
18:03:57 | Розыгрыш ставок для игры №6501:
ID 371318834 поставил 4000 коинов на primary и проиграл при выигрышном цвете danger
ID 571315014 поставил 4000 коинов на primary и проиграл при выигрышном цвете danger
18:04:21 | ID 371318834 пополнил баланс на 150000000 коинов
18:04:40 | Розыгрыш ставок для игры №6502:
ID 571315014 поставил 2000 коинов на primary и выиграл 4000 коинов при выигрышном цвете primary
ID 371318834 поставил 60000 коинов на primary и выиграл 120000 коинов при выигрышном цвете primary
18:05:24 | Розыгрыш ставок для игры №6503:
ID 571315014 поставил 4000 коинов на danger и проиграл при выигрышном цвете primary
18:05:53 | ID 571315014 пополнил баланс на 6000000 коинов
18:06:07 | Розыгрыш ставок для игры №6504:
ID 371318834 поставил 100000 коинов на primary и проиграл при выигрышном цвете danger
ID 571315014 поставил 6000 коинов на primary и проиграл при выигрышном цвете danger
18:06:34 | ID 371318834 пополнил баланс на 200000000 коинов
18:06:38 | ID 571315014 пополнил баланс на 1000000 коинов
18:07:25 | Розыгрыш ставок для игры №6505:
ID 371318834 поставил 200000 коинов на primary и проиграл при выигрышном цвете danger
18:08:20 | Розыгрыш ставок для игры №6506:
ID 371318834 поставил 100000 коинов на danger и проиграл при выигрышном цвете primary
18:08:43 | ID 371318834 пополнил баланс на 400000000 коинов
18:09:21 | Розыгрыш ставок для игры №6507:
ID 371318834 поставил 400000 коинов на primary и проиграл при выигрышном цвете danger
18:20:20 | ID 567157840 пополнил баланс на 1000000000 коинов
18:20:32 | Розыгрыш ставок для игры №6508:
ID 567157840 поставил 50000 коинов на primary и проиграл при выигрышном цвете danger
18:21:19 | Розыгрыш ставок для игры №6509:
ID 567157840 поставил 150000 коинов на primary и проиграл при выигрышном цвете danger
18:22:12 | Розыгрыш ставок для игры №6510:
ID 567157840 поставил 900000 коинов на primary и проиграл при выигрышном цвете danger
19:25:03 | ID 493477617 пополнил баланс на 7500000020 коинов
19:25:38 | Розыгрыш ставок для игры №6511:
ID 493477617 поставил 2500000 коинов на primary и проиграл при выигрышном цвете danger
19:26:09 | ID 579791028 пополнил баланс на 100000000 коинов
19:26:21 | Розыгрыш ставок для игры №6512:
ID 493477617 поставил 5000000 коинов на primary и выиграл 10000000 коинов при выигрышном цвете primary
ID 579791028 поставил 100000 коинов на success и проиграл при выигрышном цвете primary
19:27:16 | Розыгрыш ставок для игры №6513:
ID 493477617 поставил 2500000 коинов на primary и выиграл 5000000 коинов при выигрышном цвете primary
19:28:04 | Розыгрыш ставок для игры №6514:
ID 493477617 поставил 2500000 коинов на danger и выиграл 5000000 коинов при выигрышном цвете danger
19:28:23 | ID 493477617 запросил вывод 15000000 коинов; VKC response code: 200
20:03:18 | ID 493477617 пополнил баланс на 1000000000 коинов
20:03:59 | ID 493477617 пополнил баланс на 3000000000 коинов
20:04:00 | Розыгрыш ставок для игры №6515:
ID 493477617 поставил 1000000 коинов на danger и выиграл 2000000 коинов при выигрышном цвете danger
20:04:32 | ID 493477617 запросил вывод 3000000 коинов; VKC response code: 200
20:04:56 | Розыгрыш ставок для игры №6516:
ID 493477617 поставил 2000000 коинов на primary и проиграл при выигрышном цвете success
20:06:37 | ID 493477617 пополнил баланс на 3000000000 коинов
20:07:18 | Розыгрыш ставок для игры №6517:
ID 493477617 поставил 3000000 коинов на primary и проиграл при выигрышном цвете danger
20:11:54 | ID 587001526 пополнил баланс на 20000000 коинов
20:12:36 | Розыгрыш ставок для игры №6518:
ID 587001526 поставил 1000 коинов на success и проиграл при выигрышном цвете primary
20:13:22 | Розыгрыш ставок для игры №6519:
ID 587001526 поставил 1000 коинов на success и проиграл при выигрышном цвете danger
20:14:06 | Розыгрыш ставок для игры №6520:
ID 587001526 поставил 1000 коинов на primary и проиграл при выигрышном цвете danger
20:14:52 | Розыгрыш ставок для игры №6521:
ID 587001526 поставил 3000 коинов на success и проиграл при выигрышном цвете primary
20:15:16 | ID 587001526 запросил вывод 14000 коинов; VKC response code: 200
20:15:58 | ID 456460063 пополнил баланс на 64500000 коинов
20:16:35 | Розыгрыш ставок для игры №6522:
ID 456460063 поставил 74500 коинов на primary и выиграл 149000 коинов при выигрышном цвете primary
20:17:22 | Розыгрыш ставок для игры №6523:
ID 456460063 поставил 74500 коинов на danger и выиграл 149000 коинов при выигрышном цвете danger
20:18:07 | Розыгрыш ставок для игры №6524:
ID 456460063 поставил 74500 коинов на primary и проиграл при выигрышном цвете danger
20:18:56 | Розыгрыш ставок для игры №6525:
ID 456460063 поставил 149000 коинов на primary и проиграл при выигрышном цвете danger
20:19:41 | ID 591698720 пополнил баланс на 1000000 коинов
20:19:50 | Розыгрыш ставок для игры №6526:
ID 456774865 поставил 2999 коинов на primary и проиграл при выигрышном цвете danger
20:20:33 | Розыгрыш ставок для игры №6527:
ID 591698720 поставил 1000 коинов на primary и проиграл при выигрышном цвете success
ID 456774865 поставил 2999 коинов на primary и проиграл при выигрышном цвете success
20:21:30 | Розыгрыш ставок для игры №6528:
ID 456774865 поставил 2999 коинов на danger и проиграл при выигрышном цвете primary
20:22:12 | Розыгрыш ставок для игры №6529:
ID 456774865 поставил 4999 коинов на danger и выиграл 9998 коинов при выигрышном цвете danger
20:22:56 | Розыгрыш ставок для игры №6530:
ID 456774865 поставил 4999 коинов на primary и выиграл 9998 коинов при выигрышном цвете primary
20:23:40 | Розыгрыш ставок для игры №6531:
ID 456774865 поставил 4999 коинов на success и проиграл при выигрышном цвете primary
20:24:22 | Розыгрыш ставок для игры №6532:
ID 456774865 поставил 4999 коинов на danger и проиграл при выигрышном цвете primary
20:25:09 | Розыгрыш ставок для игры №6533:
ID 456774865 поставил 4999 коинов на danger и проиграл при выигрышном цвете primary
20:30:48 | Розыгрыш ставок для игры №6534:
ID 456774865 поставил 9999 коинов на primary и проиграл при выигрышном цвете danger
20:32:19 | Розыгрыш ставок для игры №6535:
ID 456774865 поставил 29298 коинов на primary и проиграл при выигрышном цвете danger
20:54:44 | Розыгрыш ставок для игры №6536:
ID 549804134 поставил 1000 коинов на primary и проиграл при выигрышном цвете danger
21:10:23 | ID 583198463 пополнил баланс на 2000000000 коинов
21:11:13 | Розыгрыш ставок для игры №6537:
ID 583198463 поставил 500000 коинов на danger и проиграл при выигрышном цвете primary
21:11:58 | Розыгрыш ставок для игры №6538:
ID 583198463 поставил 1500000 коинов на primary и выиграл 3000000 коинов при выигрышном цвете primary
21:12:54 | Розыгрыш ставок для игры №6539:
ID 583198463 поставил 3000000 коинов на danger и выиграл 6000000 коинов при выигрышном цвете danger
21:13:46 | Розыгрыш ставок для игры №6540:
ID 583198463 поставил 4000000 коинов на danger и проиграл при выигрышном цвете primary
21:14:37 | Розыгрыш ставок для игры №6541:
ID 583198463 поставил 2000000 коинов на primary и выиграл 4000000 коинов при выигрышном цвете primary
21:15:33 | Розыгрыш ставок для игры №6542:
ID 583198463 поставил 4000000 коинов на danger и проиграл при выигрышном цвете primary
21:46:39 | ID 455923236 запросил вывод 60000 коинов; VKC response code: 200
22:22:38 | ID 529497325 пополнил баланс на 500000000 коинов
22:23:23 | Розыгрыш ставок для игры №6543:
ID 529497325 поставил 300000 коинов на success и проиграл при выигрышном цвете danger
22:24:06 | Розыгрыш ставок для игры №6544:
ID 529497325 поставил 200000 коинов на success и проиграл при выигрышном цвете danger
23:13:50 | ID 408025187 пополнил баланс на 200000 коинов
23:32:09 | Розыгрыш ставок для игры №6545:
ID 501562122 поставил 46000 коинов на primary и выиграл 92000 коинов при выигрышном цвете primary
23:32:58 | Розыгрыш ставок для игры №6546:
ID 501562122 поставил 92000 коинов на primary и выиграл 184000 коинов при выигрышном цвете primary
23:33:47 | Розыгрыш ставок для игры №6547:
ID 501562122 поставил 784000 коинов на danger и выиграл 1568000 коинов при выигрышном цвете danger
23:34:36 | Розыгрыш ставок для игры №6548:
ID 501562122 поставил 68000 коинов на danger и проиграл при выигрышном цвете primary
23:35:01 | ID 501562122 запросил вывод 1000000 коинов; VKC response code: 200
23:35:41 | Розыгрыш ставок для игры №6549:
ID 501562122 поставил 500000 коинов на primary и выиграл 1000000 коинов при выигрышном цвете primary
23:37:08 | Розыгрыш ставок для игры №6550:
ID 501562122 поставил 500000 коинов на danger и проиграл при выигрышном цвете primary
23:37:51 | Розыгрыш ставок для игры №6551:
ID 501562122 поставил 500000 коинов на danger и проиграл при выигрышном цвете primary
23:38:19 | ID 501562122 пополнил баланс на 3000000000 коинов
23:39:00 | Розыгрыш ставок для игры №6552:
ID 501562122 поставил 3000000 коинов на danger и проиграл при выигрышном цвете primary
23:42:40 | ID 589323502 пополнил баланс на 1000000000 коинов
23:43:17 | Розыгрыш ставок для игры №6553:
ID 589323502 поставил 50000 коинов на danger и выиграл 100000 коинов при выигрышном цвете danger
23:44:03 | Розыгрыш ставок для игры №6554:
ID 589323502 поставил 50000 коинов на danger и проиграл при выигрышном цвете primary
23:44:49 | Розыгрыш ставок для игры №6555:
ID 589323502 поставил 100000 коинов на danger и проиграл при выигрышном цвете primary
23:45:33 | Розыгрыш ставок для игры №6556:
ID 589323502 поставил 200000 коинов на danger и выиграл 400000 коинов при выигрышном цвете danger
23:46:18 | Розыгрыш ставок для игры №6557:
ID 589323502 поставил 50000 коинов на danger и выиграл 100000 коинов при выигрышном цвете danger
23:47:04 | Розыгрыш ставок для игры №6558:
ID 589323502 поставил 50000 коинов на danger и проиграл при выигрышном цвете primary
23:47:52 | Розыгрыш ставок для игры №6559:
ID 589323502 поставил 100000 коинов на danger и выиграл 200000 коинов при выигрышном цвете danger
23:48:40 | Розыгрыш ставок для игры №6560:
ID 589323502 поставил 50000 коинов на danger и проиграл при выигрышном цвете success
23:49:26 | Розыгрыш ставок для игры №6561:
ID 589323502 поставил 100000 коинов на danger и проиграл при выигрышном цвете primary
23:50:30 | Розыгрыш ставок для игры №6562:
ID 589323502 поставил 200000 коинов на danger и проиграл при выигрышном цвете primary
23:51:54 | Розыгрыш ставок для игры №6563:
ID 589323502 поставил 850000 коинов на danger и выиграл 1700000 коинов при выигрышном цвете danger
23:52:22 | ID 589323502 запросил вывод 1700000 коинов; VKC response code: 200