
00:21:20 | Розыгрыш ставок для игры №7474:
ID 486940331 поставил 1000 коинов на primary и проиграл при выигрышном цвете success
01:09:27 | ID 569150947 пополнил баланс на 1000000000 коинов
01:10:05 | Розыгрыш ставок для игры №7475:
ID 569150947 поставил 200000 коинов на primary и проиграл при выигрышном цвете success
01:10:49 | Розыгрыш ставок для игры №7476:
ID 569150947 поставил 200000 коинов на success и проиграл при выигрышном цвете primary
01:11:33 | Розыгрыш ставок для игры №7477:
ID 569150947 поставил 400000 коинов на success и выиграл 1000000 коинов при выигрышном цвете success
01:11:54 | ID 569150947 запросил вывод 1200000 коинов; VKC response code: 200
01:27:41 | ID 569150947 пополнил баланс на 630000000 коинов
01:28:17 | Розыгрыш ставок для игры №7478:
ID 569150947 поставил 130000 коинов на danger и проиграл при выигрышном цвете primary
01:29:57 | Розыгрыш ставок для игры №7479:
ID 569150947 поставил 300000 коинов на primary и проиграл при выигрышном цвете success
01:31:07 | Розыгрыш ставок для игры №7480:
ID 569150947 поставил 200000 коинов на primary и выиграл 300000 коинов при выигрышном цвете primary
01:31:51 | Розыгрыш ставок для игры №7481:
ID 569150947 поставил 200000 коинов на success и выиграл 500000 коинов при выигрышном цвете success
02:12:24 | Розыгрыш ставок для игры №7482:
ID 569150947 поставил 500000 коинов на primary и проиграл при выигрышном цвете success
02:20:59 | Розыгрыш ставок для игры №7483:
ID 569150947 поставил 99609 коинов на primary и проиграл при выигрышном цвете success
02:21:33 | ID 569150947 запросил вывод 391 коинов; VKC response code: 200
03:29:59 | ID 245654277 пополнил баланс на 450000000 коинов
03:30:43 | Розыгрыш ставок для игры №7484:
ID 245654277 поставил 100000 коинов на success и проиграл при выигрышном цвете primary
03:31:28 | Розыгрыш ставок для игры №7485:
ID 245654277 поставил 150000 коинов на success и проиграл при выигрышном цвете primary
03:32:10 | Розыгрыш ставок для игры №7486:
ID 245654277 поставил 200000 коинов на success и выиграл 500000 коинов при выигрышном цвете success
03:32:30 | ID 245654277 запросил вывод 500000 коинов; VKC response code: 200
05:15:38 | Розыгрыш ставок для игры №7487:
ID 556979657 поставил 1000 коинов на success и проиграл при выигрышном цвете primary
07:30:58 | ID 408025187 пополнил баланс на 100000000 коинов
07:31:34 | Розыгрыш ставок для игры №7488:
ID 408025187 поставил 25000 коинов на danger и проиграл при выигрышном цвете primary
07:32:18 | Розыгрыш ставок для игры №7489:
ID 408025187 поставил 75000 коинов на success и проиграл при выигрышном цвете primary
07:32:38 | ID 408025187 пополнил баланс на 150000000 коинов
07:33:22 | Розыгрыш ставок для игры №7490:
ID 408025187 поставил 75000 коинов на danger и проиграл при выигрышном цвете primary
07:34:24 | Розыгрыш ставок для игры №7491:
ID 408025187 поставил 75000 коинов на danger и проиграл при выигрышном цвете primary
09:33:57 | ID 319385849 пополнил баланс на 1000000 коинов
09:34:38 | Розыгрыш ставок для игры №7492:
ID 319385849 поставил 1000 коинов на primary и выиграл 1500 коинов при выигрышном цвете primary
09:35:26 | Розыгрыш ставок для игры №7493:
ID 319385849 поставил 1000 коинов на primary и выиграл 1500 коинов при выигрышном цвете primary
09:36:10 | Розыгрыш ставок для игры №7494:
ID 319385849 поставил 1000 коинов на primary и выиграл 1500 коинов при выигрышном цвете primary
09:36:54 | Розыгрыш ставок для игры №7495:
ID 319385849 поставил 1000 коинов на primary и проиграл при выигрышном цвете success
09:37:55 | Розыгрыш ставок для игры №7496:
ID 319385849 поставил 1000 коинов на primary и выиграл 1500 коинов при выигрышном цвете primary
09:38:39 | Розыгрыш ставок для игры №7497:
ID 319385849 поставил 1000 коинов на primary и выиграл 1500 коинов при выигрышном цвете primary
09:39:23 | Розыгрыш ставок для игры №7498:
ID 319385849 поставил 2000 коинов на primary и проиграл при выигрышном цвете success
12:20:17 | Розыгрыш ставок для игры №7499:
ID 554114418 поставил 1500000 коинов на danger и проиграл при выигрышном цвете primary
12:40:08 | ID 377497472 пополнил баланс на 1500000000 коинов
12:40:45 | Розыгрыш ставок для игры №7500:
ID 377497472 поставил 500000 коинов на success и проиграл при выигрышном цвете danger
12:41:28 | Розыгрыш ставок для игры №7501:
ID 377497472 поставил 250000 коинов на danger и проиграл при выигрышном цвете primary
12:42:22 | Розыгрыш ставок для игры №7502:
ID 377497472 поставил 750000 коинов на success и проиграл при выигрышном цвете primary
13:18:57 | ID 570527660 пополнил баланс на 4975000000 коинов
13:19:34 | Розыгрыш ставок для игры №7503:
ID 570527660 поставил 1975000 коинов на primary и проиграл при выигрышном цвете success
13:20:20 | Розыгрыш ставок для игры №7504:
ID 570527660 поставил 3000000 коинов на danger и проиграл при выигрышном цвете primary
13:25:39 | ID 570836734 пополнил баланс на 22000000000 коинов
13:30:37 | Розыгрыш ставок для игры №7505:
ID 570836734 поставил 22000000 коинов на primary и проиграл при выигрышном цвете danger
14:50:57 | ID 379878634 пополнил баланс на 10000000 коинов
14:51:39 | Розыгрыш ставок для игры №7506:
ID 379878634 поставил 5000 коинов на primary и проиграл при выигрышном цвете success
14:52:33 | Розыгрыш ставок для игры №7507:
ID 379878634 поставил 5000 коинов на success и выиграл 12500 коинов при выигрышном цвете success
14:52:52 | ID 379878634 запросил вывод 12500 коинов; VKC response code: 200
14:59:24 | ID 499366239 пополнил баланс на 4000000000 коинов
15:00:26 | Розыгрыш ставок для игры №7508:
ID 499366239 поставил 100000 коинов на success и проиграл при выигрышном цвете danger
15:01:44 | Розыгрыш ставок для игры №7509:
ID 499366239 поставил 200000 коинов на primary и выиграл 300000 коинов при выигрышном цвете primary
15:01:52 | ID 549545574 пополнил баланс на 500000000 коинов
15:02:39 | Розыгрыш ставок для игры №7510:
ID 499366239 поставил 100000 коинов на success и проиграл при выигрышном цвете danger
ID 549545574 поставил 100000 коинов на danger и выиграл 450000 коинов при выигрышном цвете danger
15:03:24 | Розыгрыш ставок для игры №7511:
ID 499366239 поставил 100000 коинов на success и проиграл при выигрышном цвете primary
ID 549545574 поставил 100000 коинов на primary и выиграл 150000 коинов при выигрышном цвете primary
15:03:52 | ID 549545574 запросил вывод 911000 коинов; VKC response code: 200
15:04:20 | Розыгрыш ставок для игры №7512:
ID 499366239 поставил 200000 коинов на success и выиграл 500000 коинов при выигрышном цвете success
15:05:09 | Розыгрыш ставок для игры №7513:
ID 499366239 поставил 150000 коинов на primary и проиграл при выигрышном цвете danger
15:05:56 | Розыгрыш ставок для игры №7514:
ID 499366239 поставил 150000 коинов на primary и выиграл 225000 коинов при выигрышном цвете primary
15:06:40 | Розыгрыш ставок для игры №7515:
ID 499366239 поставил 100000 коинов на success и проиграл при выигрышном цвете danger
15:07:29 | Розыгрыш ставок для игры №7516:
ID 499366239 поставил 200000 коинов на success и выиграл 500000 коинов при выигрышном цвете success
15:08:18 | Розыгрыш ставок для игры №7517:
ID 499366239 поставил 75000 коинов на danger и проиграл при выигрышном цвете primary
15:09:02 | Розыгрыш ставок для игры №7518:
ID 499366239 поставил 75000 коинов на danger и проиграл при выигрышном цвете primary
15:09:02 | Розыгрыш ставок для игры №7519:
ID 499366239 поставил 75000 коинов на danger и проиграл при выигрышном цвете primary
15:09:47 | Розыгрыш ставок для игры №7520:
ID 499366239 поставил 100000 коинов на danger и проиграл при выигрышном цвете success
15:10:36 | Розыгрыш ставок для игры №7521:
ID 499366239 поставил 125000 коинов на danger и проиграл при выигрышном цвете primary
15:11:20 | Розыгрыш ставок для игры №7522:
ID 499366239 поставил 150000 коинов на danger и проиграл при выигрышном цвете success
15:12:06 | Розыгрыш ставок для игры №7523:
ID 499366239 поставил 200000 коинов на danger и проиграл при выигрышном цвете success
15:12:32 | ID 499366239 запросил вывод 3528510 коинов; VKC response code: 200
15:21:13 | ID 549545574 пополнил баланс на 500000000 коинов
15:22:02 | Розыгрыш ставок для игры №7524:
ID 549545574 поставил 50000 коинов на danger и выиграл 225000 коинов при выигрышном цвете danger
15:22:50 | Розыгрыш ставок для игры №7525:
ID 549545574 поставил 50000 коинов на success и проиграл при выигрышном цвете primary
15:23:52 | Розыгрыш ставок для игры №7526:
ID 549545574 поставил 50000 коинов на danger и проиграл при выигрышном цвете primary
15:24:39 | Розыгрыш ставок для игры №7527:
ID 549545574 поставил 100000 коинов на danger и проиграл при выигрышном цвете success
15:25:25 | Розыгрыш ставок для игры №7528:
ID 549545574 поставил 200000 коинов на danger и проиграл при выигрышном цвете primary
15:26:11 | Розыгрыш ставок для игры №7529:
ID 549545574 поставил 200000 коинов на danger и выиграл 900000 коинов при выигрышном цвете danger
15:26:42 | ID 549545574 запросил вывод 975000 коинов; VKC response code: 200
15:33:40 | ID 562427284 пополнил баланс на 100000000 коинов
15:34:13 | Розыгрыш ставок для игры №7530:
ID 562427284 поставил 100000 коинов на success и выиграл 250000 коинов при выигрышном цвете success
15:35:06 | Розыгрыш ставок для игры №7531:
ID 562427284 поставил 250000 коинов на primary и выиграл 375000 коинов при выигрышном цвете primary
15:36:17 | Розыгрыш ставок для игры №7532:
ID 562427284 поставил 187500 коинов на primary и выиграл 281250 коинов при выигрышном цвете primary
15:37:10 | Розыгрыш ставок для игры №7533:
ID 562427284 поставил 234375 коинов на success и проиграл при выигрышном цвете danger
15:37:52 | Розыгрыш ставок для игры №7534:
ID 562427284 поставил 234375 коинов на success и проиграл при выигрышном цвете danger
15:50:28 | ID 541825893 пополнил баланс на 3000000000 коинов
15:51:36 | Розыгрыш ставок для игры №7535:
ID 541825893 поставил 1500000 коинов на danger и проиграл при выигрышном цвете primary
15:52:18 | Розыгрыш ставок для игры №7536:
ID 541825893 поставил 1500000 коинов на primary и проиграл при выигрышном цвете success
16:12:59 | ID 533199443 пополнил баланс на 10000000 коинов
16:13:38 | Розыгрыш ставок для игры №7537:
ID 533199443 поставил 2000 коинов на primary и выиграл 3000 коинов при выигрышном цвете primary
16:15:09 | Розыгрыш ставок для игры №7538:
ID 533199443 поставил 4000 коинов на success и проиграл при выигрышном цвете primary
16:16:00 | Розыгрыш ставок для игры №7539:
ID 533199443 поставил 7228 коинов на success и проиграл при выигрышном цвете primary
16:16:23 | ID 533199443 пополнил баланс на 100000000 коинов
16:17:06 | Розыгрыш ставок для игры №7540:
ID 533199443 поставил 100000 коинов на primary и выиграл 150000 коинов при выигрышном цвете primary
16:17:25 | ID 533199443 запросил вывод 150000 коинов; VKC response code: 200
16:54:36 | ID 495378433 пополнил баланс на 100000000 коинов
16:55:11 | Розыгрыш ставок для игры №7541:
ID 495378433 поставил 60000 коинов на primary и выиграл 90000 коинов при выигрышном цвете primary
16:55:56 | Розыгрыш ставок для игры №7542:
ID 495378433 поставил 30000 коинов на primary и выиграл 45000 коинов при выигрышном цвете primary
16:56:26 | ID 495378433 пополнил баланс на 300000000 коинов
16:56:44 | Розыгрыш ставок для игры №7543:
ID 495378433 поставил 95000 коинов на success и проиграл при выигрышном цвете danger
16:57:27 | Розыгрыш ставок для игры №7544:
ID 495378433 поставил 200000 коинов на primary и выиграл 300000 коинов при выигрышном цвете primary
16:58:15 | Розыгрыш ставок для игры №7545:
ID 495378433 поставил 100000 коинов на primary и проиграл при выигрышном цвете danger
16:59:00 | Розыгрыш ставок для игры №7546:
ID 495378433 поставил 300000 коинов на primary и выиграл 450000 коинов при выигрышном цвете primary
16:59:45 | Розыгрыш ставок для игры №7547:
ID 495378433 поставил 100000 коинов на success и выиграл 250000 коинов при выигрышном цвете success
17:00:35 | Розыгрыш ставок для игры №7548:
ID 495378433 поставил 350000 коинов на primary и проиграл при выигрышном цвете danger
17:01:22 | Розыгрыш ставок для игры №7549:
ID 495378433 поставил 300000 коинов на primary и проиграл при выигрышном цвете danger
17:02:02 | ID 495378433 пополнил баланс на 70000000 коинов
17:02:38 | Розыгрыш ставок для игры №7550:
ID 495378433 поставил 70000 коинов на primary и проиграл при выигрышном цвете success
17:52:31 | Розыгрыш ставок для игры №7551:
ID 391252970 поставил 50000 коинов на primary и проиграл при выигрышном цвете danger
17:53:20 | Розыгрыш ставок для игры №7552:
ID 391252970 поставил 100000 коинов на success и выиграл 250000 коинов при выигрышном цвете success
17:54:20 | Розыгрыш ставок для игры №7553:
ID 391252970 поставил 200000 коинов на danger и проиграл при выигрышном цвете primary
17:56:55 | Розыгрыш ставок для игры №7554:
ID 391252970 поставил 50000 коинов на danger и выиграл 225000 коинов при выигрышном цвете danger
17:57:44 | Розыгрыш ставок для игры №7555:
ID 391252970 поставил 225000 коинов на success и проиграл при выигрышном цвете primary
18:08:04 | ID 302368591 пополнил баланс на 700000000 коинов
18:08:49 | Розыгрыш ставок для игры №7556:
ID 302368591 поставил 700000 коинов на primary и выиграл 1050000 коинов при выигрышном цвете primary
18:09:32 | ID 302368591 запросил вывод 1050000 коинов; VKC response code: 200
18:14:38 | ID 573992560 пополнил баланс на 10000000 коинов
18:15:24 | ID 573992560 запросил вывод 1000 коинов; VKC response code: 200
19:12:19 | ID 378600740 пополнил баланс на 500000000 коинов
19:12:57 | Розыгрыш ставок для игры №7557:
ID 378600740 поставил 100000 коинов на primary и выиграл 150000 коинов при выигрышном цвете primary
19:13:42 | Розыгрыш ставок для игры №7558:
ID 378600740 поставил 50000 коинов на success и проиграл при выигрышном цвете danger
19:14:28 | Розыгрыш ставок для игры №7559:
ID 378600740 поставил 200000 коинов на primary и выиграл 300000 коинов при выигрышном цвете primary
19:15:13 | Розыгрыш ставок для игры №7560:
ID 378600740 поставил 50000 коинов на success и проиграл при выигрышном цвете primary
19:15:56 | Розыгрыш ставок для игры №7561:
ID 378600740 поставил 100000 коинов на success и выиграл 250000 коинов при выигрышном цвете success
19:16:45 | Розыгрыш ставок для игры №7562:
ID 378600740 поставил 200000 коинов на primary и выиграл 300000 коинов при выигрышном цвете primary
19:17:41 | Розыгрыш ставок для игры №7563:
ID 378600740 поставил 50000 коинов на success и проиграл при выигрышном цвете primary
19:18:23 | Розыгрыш ставок для игры №7564:
ID 378600740 поставил 50000 коинов на danger и проиграл при выигрышном цвете primary
19:19:25 | Розыгрыш ставок для игры №7565:
ID 378600740 поставил 50000 коинов на danger и проиграл при выигрышном цвете success
19:20:08 | Розыгрыш ставок для игры №7566:
ID 378600740 поставил 50000 коинов на danger и проиграл при выигрышном цвете success
19:53:49 | ID 327575085 пополнил баланс на 100000000 коинов
19:54:34 | Розыгрыш ставок для игры №7567:
ID 327575085 поставил 10000 коинов на primary и выиграл 15000 коинов при выигрышном цвете primary
19:55:29 | Розыгрыш ставок для игры №7568:
ID 327575085 поставил 15000 коинов на danger и проиграл при выигрышном цвете success
19:56:36 | Розыгрыш ставок для игры №7569:
ID 327575085 поставил 40000 коинов на primary и выиграл 60000 коинов при выигрышном цвете primary
19:57:25 | Розыгрыш ставок для игры №7570:
ID 327575085 поставил 10000 коинов на danger и проиграл при выигрышном цвете primary
19:58:28 | Розыгрыш ставок для игры №7571:
ID 327575085 поставил 50000 коинов на primary и выиграл 75000 коинов при выигрышном цвете primary
19:59:13 | ID 327575085 запросил вывод 125000 коинов; VKC response code: 200
20:38:28 | Розыгрыш ставок для игры №7572:
ID 378600740 поставил 50000 коинов на danger и проиграл при выигрышном цвете success
20:39:15 | Розыгрыш ставок для игры №7573:
ID 378600740 поставил 50000 коинов на danger и проиграл при выигрышном цвете success
20:39:59 | Розыгрыш ставок для игры №7574:
ID 378600740 поставил 400000 коинов на primary и проиграл при выигрышном цвете danger
20:40:35 | ID 378600740 пополнил баланс на 1000000000 коинов
20:40:42 | Розыгрыш ставок для игры №7575:
ID 378600740 поставил 1100000 коинов на primary и проиграл при выигрышном цвете success
20:41:52 | ID 378600740 пополнил баланс на 2500000000 коинов
20:42:29 | Розыгрыш ставок для игры №7576:
ID 378600740 поставил 2500000 коинов на primary и проиграл при выигрышном цвете danger
20:43:13 | ID 378600740 пополнил баланс на 4000000000 коинов
20:43:48 | Розыгрыш ставок для игры №7577:
ID 378600740 поставил 4000000 коинов на primary и выиграл 6000000 коинов при выигрышном цвете primary
20:45:02 | Розыгрыш ставок для игры №7578:
ID 378600740 поставил 4000000 коинов на primary и проиграл при выигрышном цвете success
20:45:47 | Розыгрыш ставок для игры №7579:
ID 378600740 поставил 2000000 коинов на primary и проиграл при выигрышном цвете success
20:49:08 | ID 183274393 пополнил баланс на 4000000 коинов
20:49:46 | Розыгрыш ставок для игры №7580:
ID 183274393 поставил 2000 коинов на danger и проиграл при выигрышном цвете success
20:50:29 | Розыгрыш ставок для игры №7581:
ID 183274393 поставил 2000 коинов на danger и выиграл 9000 коинов при выигрышном цвете danger
20:51:13 | Розыгрыш ставок для игры №7582:
ID 183274393 поставил 1000 коинов на danger и проиграл при выигрышном цвете primary
20:52:05 | Розыгрыш ставок для игры №7583:
ID 183274393 поставил 4000 коинов на danger и проиграл при выигрышном цвете success
21:09:28 | ID 405115290 пополнил баланс на 35000000 коинов
21:09:42 | ID 489677842 пополнил баланс на 37000000 коинов
21:10:03 | Розыгрыш ставок для игры №7584:
ID 405115290 поставил 1000 коинов на success и выиграл 2500 коинов при выигрышном цвете success
ID 489677842 поставил 7000 коинов на success и выиграл 17500 коинов при выигрышном цвете success
21:10:56 | Розыгрыш ставок для игры №7585:
ID 405115290 поставил 1000 коинов на success и проиграл при выигрышном цвете danger
ID 489677842 поставил 7000 коинов на danger и выиграл 31500 коинов при выигрышном цвете danger
21:11:44 | Розыгрыш ставок для игры №7586:
ID 405115290 поставил 32000 коинов на primary и проиграл при выигрышном цвете success
ID 489677842 поставил 7000 коинов на primary и проиграл при выигрышном цвете success
21:12:40 | Розыгрыш ставок для игры №7587:
ID 489677842 поставил 7000 коинов на danger и проиграл при выигрышном цвете primary
21:13:23 | Розыгрыш ставок для игры №7588:
ID 489677842 поставил 58000 коинов на danger и проиграл при выигрышном цвете primary
22:33:31 | ID 570527660 пополнил баланс на 450000 коинов
22:33:55 | ID 570527660 запросил вывод 450 коинов; VKC response code: 200
22:51:11 | ID 572965575 пополнил баланс на 1000 коинов
22:51:50 | ID 572965575 пополнил баланс на 33058000 коинов
22:52:49 | Розыгрыш ставок для игры №7589:
ID 572965575 поставил 1000 коинов на success и выиграл 2500 коинов при выигрышном цвете success
22:53:34 | Розыгрыш ставок для игры №7590:
ID 572965575 поставил 1000 коинов на danger и проиграл при выигрышном цвете success
22:54:29 | Розыгрыш ставок для игры №7591:
ID 572965575 поставил 33559 коинов на danger и проиграл при выигрышном цвете success
23:46:04 | ID 553103863 пополнил баланс на 1000000 коинов
23:46:45 | Розыгрыш ставок для игры №7592:
ID 553103863 поставил 1000 коинов на primary и проиграл при выигрышном цвете danger