
00:01:56 | Розыгрыш ставок для игры №7745:
ID 506183909 поставил 25500 коинов на danger и проиграл при выигрышном цвете primary
00:24:06 | ID 578698359 пополнил баланс на 600000000 коинов
00:24:48 | Розыгрыш ставок для игры №7746:
ID 578698359 поставил 600000 коинов на primary и выиграл 900000 коинов при выигрышном цвете primary
00:25:14 | ID 578698359 запросил вывод 900000 коинов; VKC response code: 200
03:39:58 | Розыгрыш ставок для игры №7747:
ID 552939206 поставил 1000 коинов на danger и проиграл при выигрышном цвете primary
05:11:42 | ID 317988846 пополнил баланс на 100000000 коинов
05:12:52 | Розыгрыш ставок для игры №7748:
ID 317988846 поставил 1500 коинов на success и выиграл 3750 коинов при выигрышном цвете success
05:13:38 | Розыгрыш ставок для игры №7749:
ID 317988846 поставил 3000 коинов на primary и выиграл 4500 коинов при выигрышном цвете primary
05:14:31 | Розыгрыш ставок для игры №7750:
ID 317988846 поставил 3750 коинов на success и проиграл при выигрышном цвете primary
05:15:27 | Розыгрыш ставок для игры №7751:
ID 317988846 поставил 10000 коинов на success и проиграл при выигрышном цвете primary
05:16:14 | Розыгрыш ставок для игры №7752:
ID 317988846 поставил 40000 коинов на success и проиграл при выигрышном цвете primary
05:17:03 | Розыгрыш ставок для игры №7753:
ID 317988846 поставил 50000 коинов на danger и проиграл при выигрышном цвете primary
06:03:53 | ID 555920545 пополнил баланс на 100000000 коинов
06:04:27 | Розыгрыш ставок для игры №7754:
ID 555920545 поставил 100000 коинов на primary и выиграл 150000 коинов при выигрышном цвете primary
06:05:10 | Розыгрыш ставок для игры №7755:
ID 555920545 поставил 150000 коинов на primary и проиграл при выигрышном цвете danger
06:58:23 | ID 551181089 пополнил баланс на 300000000 коинов
06:59:07 | Розыгрыш ставок для игры №7756:
ID 551181089 поставил 300000 коинов на success и проиграл при выигрышном цвете danger
07:13:44 | Розыгрыш ставок для игры №7757:
ID 551181089 поставил 25000 коинов на primary и проиграл при выигрышном цвете danger
08:41:33 | ID 575903716 пополнил баланс на 5000000 коинов
08:42:15 | Розыгрыш ставок для игры №7758:
ID 575903716 поставил 1000 коинов на primary и выиграл 1500 коинов при выигрышном цвете primary
08:43:01 | Розыгрыш ставок для игры №7759:
ID 575903716 поставил 1000 коинов на success и проиграл при выигрышном цвете primary
08:43:01 | Розыгрыш ставок для игры №7760:
ID 575903716 поставил 1000 коинов на success и проиграл при выигрышном цвете danger
08:43:49 | Розыгрыш ставок для игры №7761:
ID 575903716 поставил 4500 коинов на danger и выиграл 20250 коинов при выигрышном цвете danger
08:44:47 | Розыгрыш ставок для игры №7762:
ID 575903716 поставил 20250 коинов на primary и проиграл при выигрышном цвете danger
08:55:46 | ID 528027050 пополнил баланс на 20000000 коинов
08:56:39 | Розыгрыш ставок для игры №7763:
ID 528027050 поставил 1000 коинов на success и проиграл при выигрышном цвете primary
08:57:27 | Розыгрыш ставок для игры №7764:
ID 528027050 поставил 2000 коинов на success и проиграл при выигрышном цвете primary
08:58:17 | Розыгрыш ставок для игры №7765:
ID 528027050 поставил 2000 коинов на success и проиграл при выигрышном цвете danger
08:59:00 | Розыгрыш ставок для игры №7766:
ID 528027050 поставил 15000 коинов на primary и выиграл 22500 коинов при выигрышном цвете primary
09:01:21 | ID 529771671 пополнил баланс на 75000000 коинов
09:01:59 | Розыгрыш ставок для игры №7767:
ID 529771671 поставил 1000 коинов на danger и проиграл при выигрышном цвете primary
09:02:41 | Розыгрыш ставок для игры №7768:
ID 529771671 поставил 2000 коинов на danger и проиграл при выигрышном цвете primary
09:03:52 | Розыгрыш ставок для игры №7769:
ID 528027050 поставил 2500 коинов на danger и проиграл при выигрышном цвете success
09:05:09 | Розыгрыш ставок для игры №7770:
ID 528027050 поставил 2500 коинов на success и выиграл 6250 коинов при выигрышном цвете success
09:06:02 | Розыгрыш ставок для игры №7771:
ID 528027050 поставил 3750 коинов на primary и выиграл 5625 коинов при выигрышном цвете primary
09:06:02 | Розыгрыш ставок для игры №7772:
ID 528027050 поставил 3750 коинов на primary и выиграл 5625 коинов при выигрышном цвете primary
09:06:52 | Розыгрыш ставок для игры №7773:
ID 528027050 поставил 4250 коинов на danger и проиграл при выигрышном цвете success
09:07:14 | ID 551681443 пополнил баланс на 200000000 коинов
09:07:38 | Розыгрыш ставок для игры №7774:
ID 528027050 поставил 2000 коинов на primary и проиграл при выигрышном цвете success
ID 551681443 поставил 100000 коинов на primary и проиграл при выигрышном цвете success
09:08:11 | ID 551681443 запросил вывод 375 коинов; VKC response code: 200
09:08:20 | Розыгрыш ставок для игры №7775:
ID 551681443 поставил 115625 коинов на danger и проиграл при выигрышном цвете success
09:24:50 | Розыгрыш ставок для игры №7776:
ID 528027050 поставил 5000 коинов на danger и проиграл при выигрышном цвете success
09:25:34 | Розыгрыш ставок для игры №7777:
ID 528027050 поставил 15000 коинов на primary и проиграл при выигрышном цвете success
09:26:22 | Розыгрыш ставок для игры №7778:
ID 528027050 поставил 5000 коинов на danger и проиграл при выигрышном цвете success
09:54:09 | Розыгрыш ставок для игры №7779:
ID 529771671 поставил 4000 коинов на danger и проиграл при выигрышном цвете primary
09:59:58 | Розыгрыш ставок для игры №7780:
ID 529771671 поставил 8000 коинов на danger и проиграл при выигрышном цвете success
10:01:35 | Розыгрыш ставок для игры №7781:
ID 529771671 поставил 56000 коинов на danger и выиграл 252000 коинов при выигрышном цвете danger
10:09:16 | Розыгрыш ставок для игры №7782:
ID 529771671 поставил 10000 коинов на danger и проиграл при выигрышном цвете primary
10:09:57 | Розыгрыш ставок для игры №7783:
ID 529771671 поставил 20000 коинов на danger и проиграл при выигрышном цвете primary
10:10:46 | Розыгрыш ставок для игры №7784:
ID 529771671 поставил 80000 коинов на danger и проиграл при выигрышном цвете primary
10:11:30 | Розыгрыш ставок для игры №7785:
ID 529771671 поставил 146000 коинов на danger и проиграл при выигрышном цвете primary
10:36:12 | Розыгрыш ставок для игры №7786:
ID 536573932 поставил 1000 коинов на primary и выиграл 1500 коинов при выигрышном цвете primary
10:37:49 | Розыгрыш ставок для игры №7787:
ID 536573932 поставил 1500 коинов на danger и проиграл при выигрышном цвете primary
ID 526865254 поставил 1000 коинов на primary и выиграл 1500 коинов при выигрышном цвете primary
10:38:39 | Розыгрыш ставок для игры №7788:
ID 526865254 поставил 1500 коинов на primary и выиграл 2250 коинов при выигрышном цвете primary
10:39:42 | Розыгрыш ставок для игры №7789:
ID 526865254 поставил 2250 коинов на primary и проиграл при выигрышном цвете danger
11:07:15 | Розыгрыш ставок для игры №7790:
ID 437090239 поставил 1000 коинов на danger и проиграл при выигрышном цвете success
11:50:21 | ID 365531616 пополнил баланс на 3000000 коинов
11:51:00 | Розыгрыш ставок для игры №7791:
ID 365531616 поставил 1000 коинов на primary и проиграл при выигрышном цвете success
11:51:00 | Розыгрыш ставок для игры №7792:
ID 365531616 поставил 1000 коинов на primary и проиграл при выигрышном цвете danger
11:51:05 | ID 489677842 запросил вывод 100000 коинов; VKC response code: 200
11:51:45 | Розыгрыш ставок для игры №7793:
ID 365531616 поставил 1000 коинов на primary и выиграл 1500 коинов при выигрышном цвете primary
11:52:31 | Розыгрыш ставок для игры №7794:
ID 365531616 поставил 1000 коинов на primary и проиграл при выигрышном цвете danger
11:53:12 | ID 365531616 пополнил баланс на 4000000 коинов
11:53:16 | Розыгрыш ставок для игры №7795:
ID 365531616 поставил 1500 коинов на primary и выиграл 2250 коинов при выигрышном цвете primary
11:53:45 | ID 365531616 запросил вывод 2250 коинов; VKC response code: 200
11:54:03 | Розыгрыш ставок для игры №7796:
ID 365531616 поставил 2000 коинов на danger и выиграл 9000 коинов при выигрышном цвете danger
11:54:22 | ID 365531616 запросил вывод 11000 коинов; VKC response code: 200
11:54:57 | ID 489677842 запросил вывод 5000 коинов; VKC response code: 200
11:57:11 | Розыгрыш ставок для игры №7797:
ID 489677842 поставил 5000 коинов на danger и проиграл при выигрышном цвете primary
11:57:59 | Розыгрыш ставок для игры №7798:
ID 489677842 поставил 70000 коинов на danger и проиграл при выигрышном цвете success
11:58:47 | Розыгрыш ставок для игры №7799:
ID 489677842 поставил 70000 коинов на danger и проиграл при выигрышном цвете primary
11:59:29 | Розыгрыш ставок для игры №7800:
ID 489677842 поставил 50000 коинов на danger и проиграл при выигрышном цвете success
12:44:40 | ID 456460063 пополнил баланс на 50000000 коинов
12:45:18 | Розыгрыш ставок для игры №7801:
ID 456460063 поставил 50000 коинов на primary и проиграл при выигрышном цвете success
13:00:13 | ID 489677842 пополнил баланс на 236000000 коинов
13:00:59 | Розыгрыш ставок для игры №7802:
ID 489677842 поставил 236000 коинов на danger и проиграл при выигрышном цвете success
13:59:09 | ID 494255325 пополнил баланс на 100000000 коинов
13:59:58 | Розыгрыш ставок для игры №7803:
ID 494255325 поставил 37500 коинов на success и проиграл при выигрышном цвете primary
14:00:48 | Розыгрыш ставок для игры №7804:
ID 494255325 поставил 45000 коинов на danger и проиграл при выигрышном цвете primary
14:01:36 | Розыгрыш ставок для игры №7805:
ID 494255325 поставил 15000 коинов на success и проиграл при выигрышном цвете primary
14:02:30 | Розыгрыш ставок для игры №7806:
ID 494255325 поставил 2500 коинов на success и выиграл 6250 коинов при выигрышном цвете success
14:03:22 | Розыгрыш ставок для игры №7807:
ID 494255325 поставил 6250 коинов на danger и проиграл при выигрышном цвете primary
16:09:48 | ID 570836734 пополнил баланс на 30000000000 коинов
16:10:27 | Розыгрыш ставок для игры №7808:
ID 570836734 поставил 20000000 коинов на primary и выиграл 30000000 коинов при выигрышном цвете primary
16:11:24 | ID 529771671 пополнил баланс на 13700000000 коинов
16:11:27 | Розыгрыш ставок для игры №7809:
ID 570836734 поставил 10000000 коинов на primary и выиграл 15000000 коинов при выигрышном цвете primary
16:12:11 | Розыгрыш ставок для игры №7810:
ID 529771671 поставил 100000 коинов на primary и выиграл 150000 коинов при выигрышном цвете primary
16:13:02 | Розыгрыш ставок для игры №7811:
ID 529771671 поставил 200000 коинов на primary и выиграл 300000 коинов при выигрышном цвете primary
ID 570836734 поставил 5000000 коинов на success и проиграл при выигрышном цвете primary
16:13:02 | Розыгрыш ставок для игры №7812:
ID 529771671 поставил 200000 коинов на primary и проиграл при выигрышном цвете success
ID 570836734 поставил 5000000 коинов на success и выиграл 12500000 коинов при выигрышном цвете success
16:13:52 | Розыгрыш ставок для игры №7813:
ID 529771671 поставил 600000 коинов на primary и проиграл при выигрышном цвете success
16:15:13 | Розыгрыш ставок для игры №7814:
ID 529771671 поставил 1800000 коинов на primary и выиграл 2700000 коинов при выигрышном цвете primary
ID 570836734 поставил 20000000 коинов на success и проиграл при выигрышном цвете primary
16:15:51 | ID 570836734 запросил вывод 30000000 коинов; VKC response code: 200
16:16:11 | Розыгрыш ставок для игры №7815:
ID 529771671 поставил 10168750 коинов на primary и выиграл 15253125 коинов при выигрышном цвете primary
16:17:01 | Розыгрыш ставок для игры №7816:
ID 529771671 поставил 19234375 коинов на primary и проиграл при выигрышном цвете danger
ID 570836734 поставил 2500000 коинов на primary и проиграл при выигрышном цвете danger
16:17:01 | Розыгрыш ставок для игры №7817:
ID 529771671 поставил 19234375 коинов на primary и проиграл при выигрышном цвете success
ID 570836734 поставил 2500000 коинов на primary и проиграл при выигрышном цвете success
16:52:43 | ID 594302881 пополнил баланс на 4000000000 коинов
16:54:54 | Розыгрыш ставок для игры №7818:
ID 594302881 поставил 1500000 коинов на primary и выиграл 2250000 коинов при выигрышном цвете primary
16:56:06 | ID 478754867 пополнил баланс на 45000000 коинов
16:56:36 | Розыгрыш ставок для игры №7819:
ID 594302881 поставил 250000 коинов на danger и проиграл при выигрышном цвете primary
ID 478754867 поставил 20000 коинов на success и проиграл при выигрышном цвете primary
16:57:18 | Розыгрыш ставок для игры №7820:
ID 594302881 поставил 250000 коинов на danger и проиграл при выигрышном цвете success
ID 478754867 поставил 20000 коинов на danger и проиграл при выигрышном цвете success
16:58:01 | Розыгрыш ставок для игры №7821:
ID 594302881 поставил 250000 коинов на danger и проиграл при выигрышном цвете success
16:58:01 | Розыгрыш ставок для игры №7822:
ID 594302881 поставил 250000 коинов на danger и проиграл при выигрышном цвете success
16:58:43 | Розыгрыш ставок для игры №7823:
ID 594302881 поставил 500000 коинов на danger и проиграл при выигрышном цвете success
16:59:24 | Розыгрыш ставок для игры №7824:
ID 594302881 поставил 500000 коинов на danger и выиграл 2250000 коинов при выигрышном цвете danger
17:25:13 | ID 233173328 пополнил баланс на 10000000 коинов
17:25:56 | Розыгрыш ставок для игры №7825:
ID 233173328 поставил 10000 коинов на primary и выиграл 15000 коинов при выигрышном цвете primary
17:26:41 | Розыгрыш ставок для игры №7826:
ID 233173328 поставил 10000 коинов на success и выиграл 25000 коинов при выигрышном цвете success
17:27:26 | Розыгрыш ставок для игры №7827:
ID 233173328 поставил 10000 коинов на danger и проиграл при выигрышном цвете primary
17:28:11 | Розыгрыш ставок для игры №7828:
ID 233173328 поставил 20000 коинов на success и проиграл при выигрышном цвете primary
17:49:51 | ID 478754867 пополнил баланс на 16000 коинов
17:50:29 | Розыгрыш ставок для игры №7829:
ID 478754867 поставил 5000 коинов на danger и проиграл при выигрышном цвете primary
17:50:57 | ID 562427284 пополнил баланс на 100000000 коинов
17:51:31 | Розыгрыш ставок для игры №7830:
ID 562427284 поставил 100000 коинов на success и проиграл при выигрышном цвете primary
18:53:04 | ID 185187128 пополнил баланс на 100000000 коинов
18:53:55 | Розыгрыш ставок для игры №7831:
ID 185187128 поставил 1000 коинов на success и проиграл при выигрышном цвете danger
18:54:41 | Розыгрыш ставок для игры №7832:
ID 185187128 поставил 2000 коинов на danger и выиграл 9000 коинов при выигрышном цвете danger
18:55:28 | Розыгрыш ставок для игры №7833:
ID 185187128 поставил 1000 коинов на danger и проиграл при выигрышном цвете primary
18:56:21 | Розыгрыш ставок для игры №7834:
ID 185187128 поставил 2000 коинов на danger и проиграл при выигрышном цвете primary
18:57:07 | Розыгрыш ставок для игры №7835:
ID 185187128 поставил 4000 коинов на success и выиграл 10000 коинов при выигрышном цвете success
18:57:30 | ID 185187128 запросил вывод 109000 коинов; VKC response code: 200
18:58:24 | ID 185187128 пополнил баланс на 100000000 коинов
18:58:58 | Розыгрыш ставок для игры №7836:
ID 185187128 поставил 1000 коинов на danger и проиграл при выигрышном цвете success
18:59:41 | Розыгрыш ставок для игры №7837:
ID 185187128 поставил 2000 коинов на danger и выиграл 9000 коинов при выигрышном цвете danger
19:00:03 | ID 185187128 запросил вывод 106000 коинов; VKC response code: 200
19:07:55 | ID 574360149 пополнил баланс на 1000 коинов
19:08:09 | ID 574360149 пополнил баланс на 100000 коинов
19:08:30 | ID 574360149 пополнил баланс на 37500000 коинов
19:09:29 | Розыгрыш ставок для игры №7838:
ID 574360149 поставил 22601 коинов на primary и выиграл 33901.5 коинов при выигрышном цвете primary
19:10:17 | Розыгрыш ставок для игры №7839:
ID 574360149 поставил 8902 коинов на success и выиграл 22255 коинов при выигрышном цвете success
19:11:09 | Розыгрыш ставок для игры №7840:
ID 574360149 поставил 2255 коинов на danger и проиграл при выигрышном цвете primary
19:11:52 | Розыгрыш ставок для игры №7841:
ID 574360149 поставил 4510 коинов на danger и проиграл при выигрышном цвете primary
19:12:35 | Розыгрыш ставок для игры №7842:
ID 574360149 поставил 4510 коинов на danger и проиграл при выигрышном цвете primary
19:13:19 | Розыгрыш ставок для игры №7843:
ID 574360149 поставил 50000 коинов на success и проиграл при выигрышном цвете danger
19:18:16 | ID 374717613 пополнил баланс на 100000000 коинов
19:18:54 | Розыгрыш ставок для игры №7844:
ID 374717613 поставил 10000 коинов на success и проиграл при выигрышном цвете primary
19:19:38 | Розыгрыш ставок для игры №7845:
ID 374717613 поставил 20000 коинов на success и проиграл при выигрышном цвете primary
19:20:22 | Розыгрыш ставок для игры №7846:
ID 374717613 поставил 40000 коинов на success и выиграл 100000 коинов при выигрышном цвете success
19:21:06 | Розыгрыш ставок для игры №7847:
ID 374717613 поставил 30000 коинов на primary и проиграл при выигрышном цвете danger
19:21:53 | Розыгрыш ставок для игры №7848:
ID 374717613 поставил 100000 коинов на primary и проиграл при выигрышном цвете success
19:49:48 | Розыгрыш ставок для игры №7849:
ID 428288564 поставил 10000 коинов на primary и выиграл 15000 коинов при выигрышном цвете primary
19:50:39 | Розыгрыш ставок для игры №7850:
ID 428288564 поставил 10000 коинов на primary и выиграл 15000 коинов при выигрышном цвете primary
19:51:40 | Розыгрыш ставок для игры №7851:
ID 428288564 поставил 100000 коинов на primary и выиграл 150000 коинов при выигрышном цвете primary
20:13:31 | ID 397147103 пополнил баланс на 1000000 коинов
20:14:19 | Розыгрыш ставок для игры №7852:
ID 397147103 поставил 1000 коинов на danger и выиграл 4500 коинов при выигрышном цвете danger
20:14:43 | ID 397147103 запросил вывод 4500 коинов; VKC response code: 200
20:38:41 | ID 499784915 пополнил баланс на 100000000 коинов
20:39:30 | Розыгрыш ставок для игры №7853:
ID 499784915 поставил 5000 коинов на primary и проиграл при выигрышном цвете danger
20:40:13 | Розыгрыш ставок для игры №7854:
ID 499784915 поставил 5000 коинов на primary и выиграл 7500 коинов при выигрышном цвете primary
20:41:00 | Розыгрыш ставок для игры №7855:
ID 499784915 поставил 5000 коинов на danger и проиграл при выигрышном цвете primary
20:41:52 | Розыгрыш ставок для игры №7856:
ID 499784915 поставил 30000 коинов на danger и проиграл при выигрышном цвете primary
20:42:36 | Розыгрыш ставок для игры №7857:
ID 499784915 поставил 25000 коинов на danger и проиграл при выигрышном цвете primary
20:42:37 | ID 489677842 пополнил баланс на 3020000 коинов
20:43:21 | Розыгрыш ставок для игры №7858:
ID 499784915 поставил 37500 коинов на danger и проиграл при выигрышном цвете success
ID 489677842 поставил 3020 коинов на danger и проиграл при выигрышном цвете success
20:44:24 | ID 183274393 пополнил баланс на 100000000 коинов
20:45:05 | Розыгрыш ставок для игры №7859:
ID 183274393 поставил 10000 коинов на success и проиграл при выигрышном цвете primary
20:45:47 | Розыгрыш ставок для игры №7860:
ID 183274393 поставил 30000 коинов на danger и проиграл при выигрышном цвете success
20:46:30 | Розыгрыш ставок для игры №7861:
ID 183274393 поставил 30000 коинов на danger и проиграл при выигрышном цвете primary
20:47:11 | Розыгрыш ставок для игры №7862:
ID 183274393 поставил 30000 коинов на danger и проиграл при выигрышном цвете primary
20:50:12 | Розыгрыш ставок для игры №7863:
ID 545474912 поставил 100000 коинов на success и выиграл 250000 коинов при выигрышном цвете success
20:55:03 | ID 489677842 пополнил баланс на 27000000 коинов
20:55:42 | Розыгрыш ставок для игры №7864:
ID 489677842 поставил 27000 коинов на danger и проиграл при выигрышном цвете primary
21:27:12 | ID 577908189 пополнил баланс на 100000000 коинов
21:28:04 | Розыгрыш ставок для игры №7865:
ID 577908189 поставил 65536 коинов на primary и проиграл при выигрышном цвете success
21:28:57 | Розыгрыш ставок для игры №7866:
ID 577908189 поставил 34464 коинов на success и выиграл 86160 коинов при выигрышном цвете success
21:37:52 | ID 185187128 пополнил баланс на 100000000 коинов
21:38:19 | ID 593467300 пополнил баланс на 17000 коинов
21:42:13 | Розыгрыш ставок для игры №7867:
ID 185187128 поставил 1000 коинов на danger и проиграл при выигрышном цвете primary
21:42:56 | Розыгрыш ставок для игры №7868:
ID 185187128 поставил 2000 коинов на danger и проиграл при выигрышном цвете success
21:43:39 | Розыгрыш ставок для игры №7869:
ID 185187128 поставил 4000 коинов на danger и проиграл при выигрышном цвете primary
21:44:22 | Розыгрыш ставок для игры №7870:
ID 185187128 поставил 8000 коинов на danger и проиграл при выигрышном цвете primary
21:45:06 | Розыгрыш ставок для игры №7871:
ID 185187128 поставил 16000 коинов на success и проиграл при выигрышном цвете primary
21:45:52 | Розыгрыш ставок для игры №7872:
ID 185187128 поставил 64000 коинов на danger и проиграл при выигрышном цвете success
21:45:57 | ID 593467300 пополнил баланс на 10000000 коинов
21:46:48 | Розыгрыш ставок для игры №7873:
ID 593467300 поставил 1000 коинов на danger и проиграл при выигрышном цвете primary
21:47:43 | Розыгрыш ставок для игры №7874:
ID 593467300 поставил 1000 коинов на danger и проиграл при выигрышном цвете success
21:48:26 | Розыгрыш ставок для игры №7875:
ID 593467300 поставил 1000 коинов на danger и проиграл при выигрышном цвете success
21:49:09 | Розыгрыш ставок для игры №7876:
ID 593467300 поставил 1000 коинов на success и проиграл при выигрышном цвете danger
21:49:55 | Розыгрыш ставок для игры №7877:
ID 593467300 поставил 1000 коинов на success и выиграл 2500 коинов при выигрышном цвете success
21:50:58 | Розыгрыш ставок для игры №7878:
ID 593467300 поставил 7000 коинов на primary и проиграл при выигрышном цвете danger
21:52:16 | Розыгрыш ставок для игры №7879:
ID 185187128 поставил 4000 коинов на danger и проиграл при выигрышном цвете primary
22:04:12 | Розыгрыш ставок для игры №7880:
ID 577908189 поставил 86160 коинов на primary и проиграл при выигрышном цвете success
22:28:05 | ID 332801749 пополнил баланс на 40000000 коинов
22:28:56 | Розыгрыш ставок для игры №7881:
ID 332801749 поставил 1000 коинов на primary и выиграл 1500 коинов при выигрышном цвете primary
22:29:45 | Розыгрыш ставок для игры №7882:
ID 332801749 поставил 4000 коинов на primary и проиграл при выигрышном цвете success
22:30:31 | Розыгрыш ставок для игры №7883:
ID 332801749 поставил 32000 коинов на danger и проиграл при выигрышном цвете success
22:31:17 | Розыгрыш ставок для игры №7884:
ID 332801749 поставил 4000 коинов на success и проиграл при выигрышном цвете danger
22:35:26 | ID 332801749 пополнил баланс на 100000000 коинов
22:36:06 | Розыгрыш ставок для игры №7885:
ID 332801749 поставил 1000 коинов на success и проиграл при выигрышном цвете primary
22:36:59 | Розыгрыш ставок для игры №7886:
ID 332801749 поставил 16000 коинов на danger и проиграл при выигрышном цвете primary
22:38:09 | Розыгрыш ставок для игры №7887:
ID 332801749 поставил 83501 коинов на danger и проиграл при выигрышном цвете primary
23:23:16 | ID 527685776 пополнил баланс на 1000000 коинов
23:24:16 | Розыгрыш ставок для игры №7888:
ID 527685776 поставил 1000 коинов на danger и проиграл при выигрышном цвете success
23:28:34 | ID 505797948 пополнил баланс на 1000000 коинов
23:29:16 | Розыгрыш ставок для игры №7889:
ID 505797948 поставил 1000 коинов на primary и проиграл при выигрышном цвете danger