
00:01:28 | ID 378442066 пополнил баланс на 1000000 коинов
00:02:54 | Розыгрыш ставок для игры №1623:
ID 378442066 поставил 1000 коинов на primary и проиграл при выигрышном цвете danger
00:06:29 | Розыгрыш ставок для игры №1624:
ID 388866808 поставил 1000 коинов на primary и проиграл при выигрышном цвете danger
00:26:55 | Розыгрыш ставок для игры №1625:
ID 548610321 поставил 1000 коинов на primary и проиграл при выигрышном цвете danger
00:46:04 | Розыгрыш ставок для игры №1626:
ID 476211323 поставил 1000 коинов на success и проиграл при выигрышном цвете primary
00:48:40 | ID 450931611 пополнил баланс на 100000000 коинов
00:49:27 | Розыгрыш ставок для игры №1627:
ID 450931611 поставил 10000 коинов на danger и проиграл при выигрышном цвете primary
00:49:38 | ID 422638590 пополнил баланс на 5000000 коинов
00:50:16 | Розыгрыш ставок для игры №1628:
ID 450931611 поставил 20000 коинов на danger и проиграл при выигрышном цвете primary
00:51:29 | Розыгрыш ставок для игры №1629:
ID 422638590 поставил 5000 коинов на danger и проиграл при выигрышном цвете primary
ID 450931611 поставил 50000 коинов на danger и проиграл при выигрышном цвете primary
00:51:52 | ID 450931611 запросил вывод 20000 коинов; VKC response code: 200
01:06:00 | ID 478488066 пополнил баланс на 8106000000 коинов
01:06:33 | Розыгрыш ставок для игры №1630:
ID 478488066 поставил 8106000 коинов на primary и проиграл при выигрышном цвете danger
01:20:26 | ID 571290013 пополнил баланс на 1000000000 коинов
01:21:13 | Розыгрыш ставок для игры №1631:
ID 571290013 поставил 1000 коинов на primary и проиграл при выигрышном цвете danger
01:22:20 | Розыгрыш ставок для игры №1632:
ID 571290013 поставил 500000 коинов на primary и выиграл 1000000 коинов при выигрышном цвете primary
01:23:05 | Розыгрыш ставок для игры №1633:
ID 571290013 поставил 500000 коинов на danger и выиграл 1000000 коинов при выигрышном цвете danger
01:24:02 | Розыгрыш ставок для игры №1634:
ID 571290013 поставил 1000000 коинов на danger и проиграл при выигрышном цвете primary
01:24:02 | Розыгрыш ставок для игры №1635:
ID 571290013 поставил 1000000 коинов на danger и проиграл при выигрышном цвете primary
01:24:36 | ID 571290013 пополнил баланс на 1000000000 коинов
01:25:53 | Розыгрыш ставок для игры №1636:
ID 571290013 поставил 2000000 коинов на danger и выиграл 4000000 коинов при выигрышном цвете danger
01:26:18 | ID 571290013 пополнил баланс на 1000 коинов
01:26:50 | ID 571290013 пополнил баланс на 860000 коинов
01:28:21 | ID 571290013 пополнил баланс на 216000 коинов
01:29:06 | Розыгрыш ставок для игры №1637:
ID 571290013 поставил 1077 коинов на primary и проиграл при выигрышном цвете success
01:30:34 | Розыгрыш ставок для игры №1638:
ID 571290013 поставил 1000000 коинов на danger и выиграл 2000000 коинов при выигрышном цвете danger
01:31:09 | ID 571290013 запросил вывод 5000000 коинов; VKC response code: 200
01:36:05 | ID 591859217 пополнил баланс на 10000000 коинов
01:36:42 | Розыгрыш ставок для игры №1639:
ID 591859217 поставил 1000 коинов на primary и выиграл 2000 коинов при выигрышном цвете primary
01:38:06 | Розыгрыш ставок для игры №1640:
ID 591859217 поставил 11000 коинов на success и проиграл при выигрышном цвете primary
02:19:48 | ID 209214353 пополнил баланс на 15000000000 коинов
02:20:29 | Розыгрыш ставок для игры №1641:
ID 209214353 поставил 1000000 коинов на primary и выиграл 2000000 коинов при выигрышном цвете primary
02:21:14 | Розыгрыш ставок для игры №1642:
ID 209214353 поставил 1000000 коинов на primary и выиграл 2000000 коинов при выигрышном цвете primary
02:21:52 | ID 296150344 пополнил баланс на 500000000 коинов
02:21:57 | Розыгрыш ставок для игры №1643:
ID 209214353 поставил 1000000 коинов на primary и выиграл 2000000 коинов при выигрышном цвете primary
02:22:42 | Розыгрыш ставок для игры №1644:
ID 209214353 поставил 1000000 коинов на danger и выиграл 2000000 коинов при выигрышном цвете danger
ID 296150344 поставил 500000 коинов на danger и выиграл 1000000 коинов при выигрышном цвете danger
02:23:12 | ID 296150344 запросил вывод 1000000 коинов; VKC response code: 200
02:23:28 | Розыгрыш ставок для игры №1645:
ID 209214353 поставил 1000000 коинов на primary и выиграл 2000000 коинов при выигрышном цвете primary
02:24:12 | Розыгрыш ставок для игры №1646:
ID 209214353 поставил 1000000 коинов на danger и проиграл при выигрышном цвете primary
02:24:57 | Розыгрыш ставок для игры №1647:
ID 209214353 поставил 2000000 коинов на danger и проиграл при выигрышном цвете primary
02:25:42 | Розыгрыш ставок для игры №1648:
ID 209214353 поставил 4000000 коинов на danger и выиграл 8000000 коинов при выигрышном цвете danger
02:26:31 | Розыгрыш ставок для игры №1649:
ID 209214353 поставил 1000000 коинов на danger и выиграл 2000000 коинов при выигрышном цвете danger
02:27:20 | Розыгрыш ставок для игры №1650:
ID 209214353 поставил 1000000 коинов на primary и проиграл при выигрышном цвете danger
02:28:03 | Розыгрыш ставок для игры №1651:
ID 209214353 поставил 2000000 коинов на primary и проиграл при выигрышном цвете danger
02:28:59 | Розыгрыш ставок для игры №1652:
ID 209214353 поставил 4000000 коинов на primary и выиграл 8000000 коинов при выигрышном цвете primary
02:29:36 | ID 209214353 запросил вывод 23000000 коинов; VKC response code: 200
02:32:45 | ID 456460063 пополнил баланс на 400000 коинов
02:33:29 | ID 456460063 пополнил баланс на 3700000 коинов
02:33:41 | ID 209214353 пополнил баланс на 100000000000 коинов
02:34:05 | Розыгрыш ставок для игры №1653:
ID 456460063 поставил 1000 коинов на primary и выиграл 2000 коинов при выигрышном цвете primary
ID 209214353 поставил 3000000 коинов на primary и выиграл 6000000 коинов при выигрышном цвете primary
02:34:49 | Розыгрыш ставок для игры №1654:
ID 209214353 поставил 3000000 коинов на danger и выиграл 6000000 коинов при выигрышном цвете danger
ID 456460063 поставил 1000 коинов на primary и проиграл при выигрышном цвете danger
02:35:33 | Розыгрыш ставок для игры №1655:
ID 209214353 поставил 3000000 коинов на primary и проиграл при выигрышном цвете danger
ID 456460063 поставил 2000 коинов на primary и проиграл при выигрышном цвете danger
02:35:36 | ID 284121215 пополнил баланс на 9900000000 коинов
02:36:17 | Розыгрыш ставок для игры №1656:
ID 209214353 поставил 6000000 коинов на primary и проиграл при выигрышном цвете danger
ID 456460063 поставил 1000 коинов на success и проиграл при выигрышном цвете danger
ID 284121215 поставил 50000 коинов на primary и проиграл при выигрышном цвете danger
02:37:00 | Розыгрыш ставок для игры №1657:
ID 209214353 поставил 12000000 коинов на primary и выиграл 24000000 коинов при выигрышном цвете primary
ID 456460063 поставил 1000 коинов на primary и выиграл 2000 коинов при выигрышном цвете primary
ID 284121215 поставил 100000 коинов на primary и выиграл 200000 коинов при выигрышном цвете primary
02:37:49 | Розыгрыш ставок для игры №1658:
ID 284121215 поставил 50000 коинов на primary и выиграл 100000 коинов при выигрышном цвете primary
ID 456460063 поставил 1000 коинов на danger и проиграл при выигрышном цвете primary
ID 209214353 поставил 3000000 коинов на primary и выиграл 6000000 коинов при выигрышном цвете primary
02:38:38 | Розыгрыш ставок для игры №1659:
ID 209214353 поставил 3000000 коинов на danger и выиграл 6000000 коинов при выигрышном цвете danger
ID 284121215 поставил 50000 коинов на primary и проиграл при выигрышном цвете danger
ID 456460063 поставил 1000 коинов на danger и выиграл 2000 коинов при выигрышном цвете danger
02:39:21 | Розыгрыш ставок для игры №1660:
ID 209214353 поставил 3000000 коинов на danger и проиграл при выигрышном цвете primary
ID 284121215 поставил 100000 коинов на primary и выиграл 200000 коинов при выигрышном цвете primary
ID 456460063 поставил 1000 коинов на danger и проиграл при выигрышном цвете primary
02:40:05 | Розыгрыш ставок для игры №1661:
ID 209214353 поставил 6000000 коинов на danger и проиграл при выигрышном цвете success
ID 284121215 поставил 50000 коинов на primary и проиграл при выигрышном цвете success
ID 456460063 поставил 1000 коинов на danger и проиграл при выигрышном цвете success
02:40:49 | Розыгрыш ставок для игры №1662:
ID 209214353 поставил 12000000 коинов на danger и выиграл 24000000 коинов при выигрышном цвете danger
ID 284121215 поставил 100000 коинов на primary и проиграл при выигрышном цвете danger
02:41:56 | Розыгрыш ставок для игры №1663:
ID 284121215 поставил 200000 коинов на primary и проиграл при выигрышном цвете danger
02:42:39 | Розыгрыш ставок для игры №1664:
ID 284121215 поставил 400000 коинов на primary и выиграл 800000 коинов при выигрышном цвете primary
02:50:59 | Розыгрыш ставок для игры №1665:
ID 209214353 поставил 3000000 коинов на primary и выиграл 6000000 коинов при выигрышном цвете primary
02:51:46 | Розыгрыш ставок для игры №1666:
ID 209214353 поставил 3000000 коинов на primary и проиграл при выигрышном цвете danger
02:52:29 | Розыгрыш ставок для игры №1667:
ID 209214353 поставил 6000000 коинов на primary и выиграл 12000000 коинов при выигрышном цвете primary
03:05:13 | ID 456460063 пополнил баланс на 146000000 коинов
03:05:58 | Розыгрыш ставок для игры №1668:
ID 456460063 поставил 1100 коинов на success и проиграл при выигрышном цвете danger
03:06:40 | Розыгрыш ставок для игры №1669:
ID 456460063 поставил 1100 коинов на primary и проиграл при выигрышном цвете danger
03:07:22 | Розыгрыш ставок для игры №1670:
ID 456460063 поставил 3900 коинов на primary и проиграл при выигрышном цвете danger
03:08:11 | Розыгрыш ставок для игры №1671:
ID 456460063 поставил 40000 коинов на primary и проиграл при выигрышном цвете danger
03:09:01 | Розыгрыш ставок для игры №1672:
ID 456460063 поставил 5000 коинов на danger и проиграл при выигрышном цвете success
03:09:01 | Розыгрыш ставок для игры №1673:
ID 456460063 поставил 5000 коинов на danger и проиграл при выигрышном цвете primary
03:09:49 | Розыгрыш ставок для игры №1674:
ID 456460063 поставил 5000 коинов на primary и проиграл при выигрышном цвете danger
03:10:32 | Розыгрыш ставок для игры №1675:
ID 456460063 поставил 5000 коинов на primary и выиграл 10000 коинов при выигрышном цвете primary
03:11:20 | Розыгрыш ставок для игры №1676:
ID 456460063 поставил 40000 коинов на danger и выиграл 80000 коинов при выигрышном цвете danger
03:12:04 | Розыгрыш ставок для игры №1677:
ID 456460063 поставил 40000 коинов на primary и проиграл при выигрышном цвете danger
03:12:55 | Розыгрыш ставок для игры №1678:
ID 456460063 поставил 5000 коинов на success и проиграл при выигрышном цвете danger
03:13:44 | Розыгрыш ставок для игры №1679:
ID 456460063 поставил 90000 коинов на primary и выиграл 180000 коинов при выигрышном цвете primary
03:14:28 | Розыгрыш ставок для игры №1680:
ID 456460063 поставил 90000 коинов на danger и проиграл при выигрышном цвете primary
03:14:51 | ID 456460063 запросил вывод 80000 коинов; VKC response code: 200
03:15:31 | Розыгрыш ставок для игры №1681:
ID 456460063 поставил 10000 коинов на danger и проиграл при выигрышном цвете primary
04:47:11 | Розыгрыш ставок для игры №1682:
ID 585457839 поставил 1000 коинов на danger и выиграл 2000 коинов при выигрышном цвете danger
04:47:57 | Розыгрыш ставок для игры №1683:
ID 585457839 поставил 2000 коинов на danger и проиграл при выигрышном цвете primary
04:53:10 | Розыгрыш ставок для игры №1684:
ID 463596486 поставил 1000 коинов на danger и проиграл при выигрышном цвете success
05:08:03 | ID 590965520 пополнил баланс на 90000000 коинов
05:08:45 | Розыгрыш ставок для игры №1685:
ID 590965520 поставил 90000 коинов на danger и выиграл 180000 коинов при выигрышном цвете danger
05:09:31 | Розыгрыш ставок для игры №1686:
ID 590965520 поставил 180000 коинов на danger и проиграл при выигрышном цвете primary
05:23:42 | Розыгрыш ставок для игры №1687:
ID 530251441 поставил 4096 коинов на danger и проиграл при выигрышном цвете primary
05:28:15 | Розыгрыш ставок для игры №1688:
ID 530251441 поставил 2048 коинов на danger и проиграл при выигрышном цвете primary
06:19:46 | ID 425056802 пополнил баланс на 1000000000 коинов
06:20:27 | Розыгрыш ставок для игры №1689:
ID 425056802 поставил 500000 коинов на danger и выиграл 1000000 коинов при выигрышном цвете danger
06:21:04 | ID 425056802 запросил вывод 1500000 коинов; VKC response code: 200
06:24:47 | Розыгрыш ставок для игры №1690:
ID 497196489 поставил 1000 коинов на primary и проиграл при выигрышном цвете danger
06:36:51 | Розыгрыш ставок для игры №1691:
ID 390896001 поставил 1000 коинов на primary и выиграл 2000 коинов при выигрышном цвете primary
06:37:40 | Розыгрыш ставок для игры №1692:
ID 390896001 поставил 1000 коинов на danger и проиграл при выигрышном цвете primary
06:38:26 | Розыгрыш ставок для игры №1693:
ID 390896001 поставил 1000 коинов на primary и выиграл 2000 коинов при выигрышном цвете primary
06:39:13 | Розыгрыш ставок для игры №1694:
ID 390896001 поставил 1000 коинов на primary и проиграл при выигрышном цвете danger
06:39:32 | ID 390896001 запросил вывод 1000 коинов; VKC response code: 200
07:14:47 | ID 457529081 пополнил баланс на 30000000000 коинов
07:15:21 | Розыгрыш ставок для игры №1695:
ID 457529081 поставил 10000000 коинов на primary и выиграл 20000000 коинов при выигрышном цвете primary
07:16:03 | ID 457529081 запросил вывод 30000000 коинов; VKC response code: 200
07:16:21 | Розыгрыш ставок для игры №1696:
ID 457529081 поставил 10000000 коинов на primary и проиграл при выигрышном цвете danger
07:16:54 | ID 457529081 пополнил баланс на 17000000000 коинов
07:17:29 | Розыгрыш ставок для игры №1697:
ID 457529081 поставил 4000000 коинов на danger и выиграл 8000000 коинов при выигрышном цвете danger
07:18:30 | Розыгрыш ставок для игры №1698:
ID 284121215 поставил 50000 коинов на primary и выиграл 100000 коинов при выигрышном цвете primary
ID 457529081 поставил 15800000 коинов на danger и проиграл при выигрышном цвете primary
07:19:03 | ID 457529081 пополнил баланс на 14800000000 коинов
07:19:13 | Розыгрыш ставок для игры №1699:
ID 284121215 поставил 50000 коинов на primary и проиграл при выигрышном цвете danger
ID 457529081 поставил 20000000 коинов на danger и выиграл 40000000 коинов при выигрышном цвете danger
07:19:41 | ID 457529081 запросил вывод 31500000 коинов; VKC response code: 200
07:19:56 | Розыгрыш ставок для игры №1700:
ID 284121215 поставил 100000 коинов на primary и проиграл при выигрышном цвете success
ID 457529081 поставил 8500000 коинов на danger и проиграл при выигрышном цвете success
07:20:38 | ID 457529081 пополнил баланс на 10000000000 коинов
07:20:39 | Розыгрыш ставок для игры №1701:
ID 284121215 поставил 200000 коинов на primary и проиграл при выигрышном цвете danger
07:21:21 | Розыгрыш ставок для игры №1702:
ID 284121215 поставил 400000 коинов на primary и выиграл 800000 коинов при выигрышном цвете primary
ID 457529081 поставил 10000000 коинов на primary и выиграл 20000000 коинов при выигрышном цвете primary
07:22:11 | Розыгрыш ставок для игры №1703:
ID 457529081 поставил 10000000 коинов на primary и выиграл 20000000 коинов при выигрышном цвете primary
07:23:02 | Розыгрыш ставок для игры №1704:
ID 457529081 поставил 10000000 коинов на danger и проиграл при выигрышном цвете primary
07:23:02 | Розыгрыш ставок для игры №1705:
ID 457529081 поставил 10000000 коинов на danger и выиграл 20000000 коинов при выигрышном цвете danger
07:23:36 | ID 457529081 запросил вывод 30000000 коинов; VKC response code: 200
07:23:58 | Розыгрыш ставок для игры №1706:
ID 457529081 поставил 10000000 коинов на danger и выиграл 20000000 коинов при выигрышном цвете danger
07:24:51 | Розыгрыш ставок для игры №1707:
ID 457529081 поставил 20000000 коинов на primary и проиграл при выигрышном цвете danger
07:25:37 | ID 457529081 пополнил баланс на 20000000000 коинов
07:26:12 | Розыгрыш ставок для игры №1708:
ID 457529081 поставил 20000000 коинов на primary и проиграл при выигрышном цвете danger
07:27:08 | ID 457529081 пополнил баланс на 20000000000 коинов
07:27:38 | Розыгрыш ставок для игры №1709:
ID 457529081 поставил 20000000 коинов на danger и выиграл 40000000 коинов при выигрышном цвете danger
07:28:20 | ID 457529081 запросил вывод 20000000 коинов; VKC response code: 200
07:29:05 | ID 576841796 пополнил баланс на 19000000000 коинов
07:29:44 | Розыгрыш ставок для игры №1710:
ID 576841796 поставил 19000000 коинов на primary и выиграл 38000000 коинов при выигрышном цвете primary
ID 457529081 поставил 20000000 коинов на primary и выиграл 40000000 коинов при выигрышном цвете primary
07:30:12 | ID 457529081 запросил вывод 20000000 коинов; VKC response code: 200
07:30:36 | Розыгрыш ставок для игры №1711:
ID 457529081 поставил 20000000 коинов на primary и проиграл при выигрышном цвете danger
07:31:10 | ID 576841796 запросил вывод 18000000 коинов; VKC response code: 200
07:31:32 | Розыгрыш ставок для игры №1712:
ID 576841796 поставил 20000000 коинов на primary и проиграл при выигрышном цвете danger
07:40:15 | ID 444811261 пополнил баланс на 201000000 коинов
07:40:54 | Розыгрыш ставок для игры №1713:
ID 444811261 поставил 201000 коинов на primary и проиграл при выигрышном цвете danger
07:52:03 | Розыгрыш ставок для игры №1714:
ID 537033227 поставил 1000 коинов на primary и выиграл 2000 коинов при выигрышном цвете primary
07:52:49 | Розыгрыш ставок для игры №1715:
ID 537033227 поставил 1000 коинов на danger и проиграл при выигрышном цвете primary
07:53:34 | Розыгрыш ставок для игры №1716:
ID 537033227 поставил 1000 коинов на danger и проиграл при выигрышном цвете primary
08:06:14 | ID 553788338 пополнил баланс на 163000 коинов
08:11:44 | ID 561704107 пополнил баланс на 400000 коинов
08:12:40 | Розыгрыш ставок для игры №1717:
ID 561704107 поставил 1000 коинов на primary и проиграл при выигрышном цвете success
08:16:37 | Розыгрыш ставок для игры №1718:
ID 560699781 поставил 1000 коинов на danger и выиграл 2000 коинов при выигрышном цвете danger
08:17:21 | Розыгрыш ставок для игры №1719:
ID 560699781 поставил 2000 коинов на success и проиграл при выигрышном цвете danger
08:22:08 | Розыгрыш ставок для игры №1720:
ID 517824498 поставил 1000 коинов на primary и выиграл 2000 коинов при выигрышном цвете primary
08:23:01 | Розыгрыш ставок для игры №1721:
ID 517824498 поставил 1000 коинов на success и проиграл при выигрышном цвете primary
08:23:01 | Розыгрыш ставок для игры №1722:
ID 517824498 поставил 1000 коинов на success и выиграл 14000 коинов при выигрышном цвете success
08:24:12 | Розыгрыш ставок для игры №1723:
ID 517824498 поставил 1001 коинов на success и проиграл при выигрышном цвете danger
08:43:23 | ID 553788338 запросил вывод 163 коинов; VKC response code: 200
08:44:07 | ID 317113903 запросил вывод 10 коинов; VKC response code: 200
08:46:14 | ID 590910063 пополнил баланс на 600000000 коинов
08:47:04 | Розыгрыш ставок для игры №1724:
ID 590910063 поставил 100000 коинов на danger и проиграл при выигрышном цвете primary
08:47:52 | Розыгрыш ставок для игры №1725:
ID 590910063 поставил 501000 коинов на primary и выиграл 1002000 коинов при выигрышном цвете primary
08:48:43 | Розыгрыш ставок для игры №1726:
ID 590910063 поставил 100000 коинов на danger и выиграл 200000 коинов при выигрышном цвете danger
08:49:40 | Розыгрыш ставок для игры №1727:
ID 590910063 поставил 150000 коинов на primary и выиграл 300000 коинов при выигрышном цвете primary
08:50:29 | Розыгрыш ставок для игры №1728:
ID 590910063 поставил 200000 коинов на success и проиграл при выигрышном цвете danger
08:51:17 | Розыгрыш ставок для игры №1729:
ID 590910063 поставил 1052000 коинов на success и проиграл при выигрышном цвете primary
09:13:46 | ID 554072657 пополнил баланс на 200000000 коинов
09:14:24 | Розыгрыш ставок для игры №1730:
ID 554072657 поставил 100000 коинов на primary и выиграл 200000 коинов при выигрышном цвете primary
09:14:46 | ID 554072657 запросил вывод 300000 коинов; VKC response code: 200
09:22:56 | ID 555920545 пополнил баланс на 675000000 коинов
09:23:35 | Розыгрыш ставок для игры №1731:
ID 555920545 поставил 25000 коинов на primary и проиграл при выигрышном цвете danger
09:24:20 | Розыгрыш ставок для игры №1732:
ID 555920545 поставил 100000 коинов на primary и выиграл 200000 коинов при выигрышном цвете primary
09:25:03 | Розыгрыш ставок для игры №1733:
ID 555920545 поставил 200000 коинов на primary и выиграл 400000 коинов при выигрышном цвете primary
09:25:58 | Розыгрыш ставок для игры №1734:
ID 555920545 поставил 200000 коинов на primary и выиграл 400000 коинов при выигрышном цвете primary
09:26:42 | Розыгрыш ставок для игры №1735:
ID 555920545 поставил 200000 коинов на primary и проиграл при выигрышном цвете danger
09:27:27 | Розыгрыш ставок для игры №1736:
ID 555920545 поставил 400000 коинов на primary и выиграл 800000 коинов при выигрышном цвете primary
09:28:11 | Розыгрыш ставок для игры №1737:
ID 555920545 поставил 400000 коинов на primary и проиграл при выигрышном цвете danger
09:28:53 | Розыгрыш ставок для игры №1738:
ID 555920545 поставил 800000 коинов на primary и проиграл при выигрышном цвете danger
09:30:30 | Розыгрыш ставок для игры №1739:
ID 555920545 поставил 150000 коинов на primary и проиграл при выигрышном цвете danger
09:34:28 | ID 515764845 пополнил баланс на 2000000 коинов
09:35:10 | Розыгрыш ставок для игры №1740:
ID 515764845 поставил 1000 коинов на primary и проиграл при выигрышном цвете danger
09:35:36 | ID 457529081 пополнил баланс на 3610000000 коинов
09:36:08 | Розыгрыш ставок для игры №1741:
ID 515764845 поставил 1000 коинов на primary и проиграл при выигрышном цвете danger
ID 457529081 поставил 3610000 коинов на primary и проиграл при выигрышном цвете danger
09:39:17 | ID 515764845 пополнил баланс на 1000000 коинов
09:39:50 | Розыгрыш ставок для игры №1742:
ID 515764845 поставил 1000 коинов на primary и проиграл при выигрышном цвете danger
09:40:33 | ID 515764845 пополнил баланс на 1000000 коинов
09:43:37 | Розыгрыш ставок для игры №1743:
ID 515764845 поставил 1000 коинов на danger и проиграл при выигрышном цвете primary
09:44:00 | ID 515764845 пополнил баланс на 1000000 коинов
09:44:34 | Розыгрыш ставок для игры №1744:
ID 515764845 поставил 1000 коинов на primary и проиграл при выигрышном цвете danger
09:53:20 | ID 515764845 пополнил баланс на 1000000 коинов
09:53:56 | Розыгрыш ставок для игры №1745:
ID 515764845 поставил 1000 коинов на primary и проиграл при выигрышном цвете danger
09:55:29 | ID 515764845 пополнил баланс на 5000000 коинов
09:56:04 | Розыгрыш ставок для игры №1746:
ID 515764845 поставил 1000 коинов на primary и проиграл при выигрышном цвете success
09:56:58 | Розыгрыш ставок для игры №1747:
ID 515764845 поставил 4000 коинов на primary и выиграл 8000 коинов при выигрышном цвете primary
09:57:45 | Розыгрыш ставок для игры №1748:
ID 515764845 поставил 1000 коинов на success и проиграл при выигрышном цвете danger
09:58:32 | Розыгрыш ставок для игры №1749:
ID 515764845 поставил 2000 коинов на danger и проиграл при выигрышном цвете primary
09:59:14 | Розыгрыш ставок для игры №1750:
ID 515764845 поставил 5000 коинов на danger и выиграл 10000 коинов при выигрышном цвете danger
09:59:45 | ID 515764845 запросил вывод 10000 коинов; VKC response code: 200
10:00:58 | ID 515764845 пополнил баланс на 5000000 коинов
10:01:57 | Розыгрыш ставок для игры №1751:
ID 515764845 поставил 1000 коинов на danger и проиграл при выигрышном цвете primary
10:02:39 | Розыгрыш ставок для игры №1752:
ID 515764845 поставил 2000 коинов на danger и проиграл при выигрышном цвете primary
10:03:21 | Розыгрыш ставок для игры №1753:
ID 515764845 поставил 2000 коинов на danger и выиграл 4000 коинов при выигрышном цвете danger
ID 209214353 поставил 3000000 коинов на danger и выиграл 6000000 коинов при выигрышном цвете danger
10:04:06 | Розыгрыш ставок для игры №1754:
ID 515764845 поставил 2000 коинов на primary и проиграл при выигрышном цвете danger
ID 209214353 поставил 3000000 коинов на primary и проиграл при выигрышном цвете danger
10:04:49 | Розыгрыш ставок для игры №1755:
ID 515764845 поставил 2000 коинов на danger и выиграл 4000 коинов при выигрышном цвете danger
ID 209214353 поставил 6000000 коинов на primary и проиграл при выигрышном цвете danger
10:05:32 | Розыгрыш ставок для игры №1756:
ID 209214353 поставил 12000000 коинов на primary и выиграл 24000000 коинов при выигрышном цвете primary
ID 515764845 поставил 2000 коинов на primary и выиграл 4000 коинов при выигрышном цвете primary
10:06:22 | Розыгрыш ставок для игры №1757:
ID 209214353 поставил 3000000 коинов на primary и проиграл при выигрышном цвете danger
ID 515764845 поставил 2000 коинов на primary и проиграл при выигрышном цвете danger
10:07:04 | Розыгрыш ставок для игры №1758:
ID 515764845 поставил 4000 коинов на danger и выиграл 8000 коинов при выигрышном цвете danger
ID 209214353 поставил 6000000 коинов на primary и проиграл при выигрышном цвете danger
10:07:47 | Розыгрыш ставок для игры №1759:
ID 209214353 поставил 12000000 коинов на primary и выиграл 24000000 коинов при выигрышном цвете primary
ID 515764845 поставил 4000 коинов на primary и выиграл 8000 коинов при выигрышном цвете primary
10:08:14 | ID 209214353 запросил вывод 33000000 коинов; VKC response code: 200
10:08:37 | Розыгрыш ставок для игры №1760:
ID 515764845 поставил 8000 коинов на primary и проиграл при выигрышном цвете danger
10:09:22 | Розыгрыш ставок для игры №1761:
ID 515764845 поставил 4000 коинов на danger и выиграл 8000 коинов при выигрышном цвете danger
10:10:59 | Розыгрыш ставок для игры №1762:
ID 515764845 поставил 2000 коинов на danger и выиграл 4000 коинов при выигрышном цвете danger
10:11:18 | ID 478488066 пополнил баланс на 1000000000 коинов
10:11:48 | Розыгрыш ставок для игры №1763:
ID 515764845 поставил 4000 коинов на primary и выиграл 8000 коинов при выигрышном цвете primary
ID 478488066 поставил 1000000 коинов на danger и проиграл при выигрышном цвете primary
10:12:34 | Розыгрыш ставок для игры №1764:
ID 515764845 поставил 2000 коинов на primary и проиграл при выигрышном цвете danger
10:13:26 | Розыгрыш ставок для игры №1765:
ID 515764845 поставил 2000 коинов на primary и проиграл при выигрышном цвете danger
10:14:08 | Розыгрыш ставок для игры №1766:
ID 515764845 поставил 5000 коинов на primary и выиграл 10000 коинов при выигрышном цвете primary
10:15:09 | Розыгрыш ставок для игры №1767:
ID 515764845 поставил 3000 коинов на primary и выиграл 6000 коинов при выигрышном цвете primary
10:15:58 | Розыгрыш ставок для игры №1768:
ID 515764845 поставил 4000 коинов на danger и проиграл при выигрышном цвете success
10:16:43 | Розыгрыш ставок для игры №1769:
ID 515764845 поставил 4000 коинов на primary и проиграл при выигрышном цвете danger
10:17:32 | Розыгрыш ставок для игры №1770:
ID 515764845 поставил 2000 коинов на primary и выиграл 4000 коинов при выигрышном цвете primary
10:18:16 | Розыгрыш ставок для игры №1771:
ID 515764845 поставил 1000 коинов на primary и проиграл при выигрышном цвете danger
10:18:57 | ID 543208801 пополнил баланс на 1000000000 коинов
10:19:02 | Розыгрыш ставок для игры №1772:
ID 515764845 поставил 1000 коинов на danger и проиграл при выигрышном цвете primary
10:19:02 | Розыгрыш ставок для игры №1773:
ID 515764845 поставил 1000 коинов на danger и проиграл при выигрышном цвете primary
10:19:33 | ID 515764845 запросил вывод 10000 коинов; VKC response code: 200
10:19:57 | Розыгрыш ставок для игры №1774:
ID 543208801 поставил 600000 коинов на danger и выиграл 1200000 коинов при выигрышном цвете danger
10:20:59 | Розыгрыш ставок для игры №1775:
ID 543208801 поставил 1600000 коинов на danger и проиграл при выигрышном цвете primary
10:21:25 | ID 543208801 пополнил баланс на 500000000 коинов
10:22:07 | Розыгрыш ставок для игры №1776:
ID 543208801 поставил 500000 коинов на primary и выиграл 1000000 коинов при выигрышном цвете primary
10:22:53 | Розыгрыш ставок для игры №1777:
ID 543208801 поставил 1000000 коинов на danger и выиграл 2000000 коинов при выигрышном цвете danger
10:23:49 | Розыгрыш ставок для игры №1778:
ID 543208801 поставил 1000000 коинов на primary и проиграл при выигрышном цвете danger
10:23:51 | ID 581753615 пополнил баланс на 1000000 коинов
10:23:51 | ID 515764845 пополнил баланс на 2000000 коинов
10:24:32 | Розыгрыш ставок для игры №1779:
ID 543208801 поставил 1000000 коинов на primary и проиграл при выигрышном цвете danger
ID 515764845 поставил 1000 коинов на primary и проиграл при выигрышном цвете danger
ID 581753615 поставил 1000 коинов на primary и проиграл при выигрышном цвете danger
10:24:58 | ID 581753615 пополнил баланс на 2000000 коинов
10:25:16 | Розыгрыш ставок для игры №1780:
ID 515764845 поставил 1000 коинов на primary и проиграл при выигрышном цвете danger
ID 581753615 поставил 2000 коинов на primary и проиграл при выигрышном цвете danger
10:25:39 | ID 581753615 пополнил баланс на 1000000 коинов
10:25:39 | ID 515764845 пополнил баланс на 2000000 коинов
10:26:17 | Розыгрыш ставок для игры №1781:
ID 581753615 поставил 1000 коинов на primary и выиграл 2000 коинов при выигрышном цвете primary
ID 515764845 поставил 1000 коинов на primary и выиграл 2000 коинов при выигрышном цвете primary
10:27:03 | Розыгрыш ставок для игры №1782:
ID 581753615 поставил 1000 коинов на danger и проиграл при выигрышном цвете primary
ID 515764845 поставил 1000 коинов на primary и выиграл 2000 коинов при выигрышном цвете primary
10:27:46 | Розыгрыш ставок для игры №1783:
ID 515764845 поставил 2000 коинов на primary и проиграл при выигрышном цвете danger
ID 581753615 поставил 1000 коинов на primary и проиграл при выигрышном цвете danger
10:28:09 | ID 581753615 пополнил баланс на 1000000 коинов
10:28:31 | Розыгрыш ставок для игры №1784:
ID 515764845 поставил 2000 коинов на primary и проиграл при выигрышном цвете danger
10:29:10 | ID 515764845 пополнил баланс на 5000000 коинов
10:29:21 | Розыгрыш ставок для игры №1785:
ID 581753615 поставил 1000 коинов на danger и выиграл 2000 коинов при выигрышном цвете danger
10:30:05 | Розыгрыш ставок для игры №1786:
ID 515764845 поставил 5000 коинов на primary и выиграл 10000 коинов при выигрышном цвете primary
ID 581753615 поставил 1000 коинов на primary и выиграл 2000 коинов при выигрышном цвете primary
10:30:57 | Розыгрыш ставок для игры №1787:
ID 515764845 поставил 1000 коинов на primary и выиграл 2000 коинов при выигрышном цвете primary
ID 581753615 поставил 1000 коинов на danger и проиграл при выигрышном цвете primary
ID 209214353 поставил 3000000 коинов на primary и выиграл 6000000 коинов при выигрышном цвете primary
10:31:42 | Розыгрыш ставок для игры №1788:
ID 209214353 поставил 3000000 коинов на primary и проиграл при выигрышном цвете danger
ID 581753615 поставил 1000 коинов на primary и проиграл при выигрышном цвете danger
ID 515764845 поставил 2000 коинов на danger и выиграл 4000 коинов при выигрышном цвете danger
10:32:26 | Розыгрыш ставок для игры №1789:
ID 209214353 поставил 6000000 коинов на primary и выиграл 12000000 коинов при выигрышном цвете primary
ID 515764845 поставил 1000 коинов на danger и проиграл при выигрышном цвете primary
ID 581753615 поставил 1000 коинов на primary и выиграл 2000 коинов при выигрышном цвете primary
10:33:13 | Розыгрыш ставок для игры №1790:
ID 515764845 поставил 2000 коинов на primary и выиграл 4000 коинов при выигрышном цвете primary
10:33:58 | Розыгрыш ставок для игры №1791:
ID 581753615 поставил 1000 коинов на danger и проиграл при выигрышном цвете primary
10:34:42 | Розыгрыш ставок для игры №1792:
ID 581753615 поставил 1000 коинов на danger и выиграл 2000 коинов при выигрышном цвете danger
ID 515764845 поставил 4000 коинов на danger и выиграл 8000 коинов при выигрышном цвете danger
10:35:13 | ID 515764845 запросил вывод 15000 коинов; VKC response code: 200
10:35:57 | Розыгрыш ставок для игры №1793:
ID 515764845 поставил 1000 коинов на danger и выиграл 2000 коинов при выигрышном цвете danger
ID 581753615 поставил 2000 коинов на danger и выиграл 4000 коинов при выигрышном цвете danger
10:36:43 | Розыгрыш ставок для игры №1794:
ID 515764845 поставил 2000 коинов на danger и выиграл 4000 коинов при выигрышном цвете danger
ID 581753615 поставил 2000 коинов на primary и проиграл при выигрышном цвете danger
10:37:29 | Розыгрыш ставок для игры №1795:
ID 515764845 поставил 1000 коинов на primary и проиграл при выигрышном цвете danger
ID 581753615 поставил 1000 коинов на primary и проиграл при выигрышном цвете danger
10:38:13 | Розыгрыш ставок для игры №1796:
ID 581753615 поставил 1000 коинов на primary и выиграл 2000 коинов при выигрышном цвете primary
ID 515764845 поставил 5000 коинов на danger и проиграл при выигрышном цвете primary
10:39:03 | Розыгрыш ставок для игры №1797:
ID 581753615 поставил 1000 коинов на primary и проиграл при выигрышном цвете success
10:39:12 | ID 515764845 пополнил баланс на 2000000 коинов
10:39:50 | Розыгрыш ставок для игры №1798:
ID 515764845 поставил 2000 коинов на danger и выиграл 4000 коинов при выигрышном цвете danger
ID 581753615 поставил 1000 коинов на danger и выиграл 2000 коинов при выигрышном цвете danger
10:40:16 | ID 581753615 запросил вывод 1000 коинов; VKC response code: 200
10:40:40 | Розыгрыш ставок для игры №1799:
ID 515764845 поставил 1000 коинов на danger и выиграл 2000 коинов при выигрышном цвете danger
ID 581753615 поставил 1000 коинов на primary и проиграл при выигрышном цвете danger
10:41:11 | ID 562742419 пополнил баланс на 2000000000 коинов
10:41:24 | Розыгрыш ставок для игры №1800:
ID 515764845 поставил 2000 коинов на primary и проиграл при выигрышном цвете danger
ID 317113903 поставил 10000000 коинов на primary и проиграл при выигрышном цвете danger
10:42:07 | Розыгрыш ставок для игры №1801:
ID 562742419 поставил 2000000 коинов на danger и проиграл при выигрышном цвете primary
ID 515764845 поставил 3000 коинов на primary и выиграл 6000 коинов при выигрышном цвете primary
ID 317113903 поставил 20000000 коинов на danger и проиграл при выигрышном цвете primary
10:42:52 | Розыгрыш ставок для игры №1802:
ID 515764845 поставил 1000 коинов на primary и выиграл 2000 коинов при выигрышном цвете primary
10:43:41 | Розыгрыш ставок для игры №1803:
ID 515764845 поставил 2000 коинов на primary и проиграл при выигрышном цвете success
10:44:28 | Розыгрыш ставок для игры №1804:
ID 515764845 поставил 5000 коинов на danger и проиграл при выигрышном цвете primary
10:47:57 | Розыгрыш ставок для игры №1805:
ID 209214353 поставил 3000000 коинов на primary и выиграл 6000000 коинов при выигрышном цвете primary
10:48:18 | ID 515764845 пополнил баланс на 10000000 коинов
10:48:41 | Розыгрыш ставок для игры №1806:
ID 209214353 поставил 3000000 коинов на danger и проиграл при выигрышном цвете primary
ID 515764845 поставил 1000 коинов на danger и проиграл при выигрышном цвете primary
10:49:23 | Розыгрыш ставок для игры №1807:
ID 515764845 поставил 2000 коинов на danger и проиграл при выигрышном цвете primary
ID 209214353 поставил 6000000 коинов на danger и проиграл при выигрышном цвете primary
10:50:06 | Розыгрыш ставок для игры №1808:
ID 515764845 поставил 7000 коинов на danger и проиграл при выигрышном цвете primary
ID 209214353 поставил 12000000 коинов на danger и проиграл при выигрышном цвете primary
10:50:45 | ID 515764845 пополнил баланс на 10000000 коинов
10:51:17 | Розыгрыш ставок для игры №1809:
ID 209214353 поставил 19400000 коинов на danger и проиграл при выигрышном цвете primary
ID 515764845 поставил 5000 коинов на primary и выиграл 10000 коинов при выигрышном цвете primary
10:51:41 | ID 592080744 пополнил баланс на 1600000000 коинов
10:52:20 | Розыгрыш ставок для игры №1810:
ID 209214353 поставил 20000000 коинов на danger и выиграл 40000000 коинов при выигрышном цвете danger
ID 515764845 поставил 14000 коинов на primary и проиграл при выигрышном цвете danger
10:52:51 | ID 515764845 пополнил баланс на 14000000 коинов
10:52:56 | ID 209214353 запросил вывод 88600000 коинов; VKC response code: 200
10:53:14 | Розыгрыш ставок для игры №1811:
ID 592080744 поставил 1600000 коинов на primary и проиграл при выигрышном цвете danger
10:54:06 | Розыгрыш ставок для игры №1812:
ID 515764845 поставил 1000 коинов на primary и проиграл при выигрышном цвете danger
10:54:49 | Розыгрыш ставок для игры №1813:
ID 515764845 поставил 4000 коинов на danger и проиграл при выигрышном цвете primary
10:55:35 | Розыгрыш ставок для игры №1814:
ID 515764845 поставил 5000 коинов на danger и выиграл 10000 коинов при выигрышном цвете danger
10:56:23 | Розыгрыш ставок для игры №1815:
ID 515764845 поставил 2000 коинов на primary и проиграл при выигрышном цвете danger
10:57:06 | Розыгрыш ставок для игры №1816:
ID 515764845 поставил 5000 коинов на primary и выиграл 10000 коинов при выигрышном цвете primary
10:58:04 | Розыгрыш ставок для игры №1817:
ID 515764845 поставил 6000 коинов на danger и проиграл при выигрышном цвете primary
10:58:53 | Розыгрыш ставок для игры №1818:
ID 515764845 поставил 8000 коинов на danger и выиграл 16000 коинов при выигрышном цвете danger
10:59:51 | Розыгрыш ставок для игры №1819:
ID 515764845 поставил 1000 коинов на primary и проиграл при выигрышном цвете danger
11:00:33 | Розыгрыш ставок для игры №1820:
ID 515764845 поставил 4000 коинов на danger и выиграл 8000 коинов при выигрышном цвете danger
11:01:19 | Розыгрыш ставок для игры №1821:
ID 515764845 поставил 1000 коинов на danger и проиграл при выигрышном цвете success
11:02:01 | Розыгрыш ставок для игры №1822:
ID 515764845 поставил 7000 коинов на primary и выиграл 14000 коинов при выигрышном цвете primary
11:02:01 | Розыгрыш ставок для игры №1823:
ID 515764845 поставил 7000 коинов на primary и выиграл 14000 коинов при выигрышном цвете primary
11:02:41 | ID 515764845 запросил вывод 40000 коинов; VKC response code: 200
11:03:19 | Розыгрыш ставок для игры №1824:
ID 515764845 поставил 3000 коинов на danger и проиграл при выигрышном цвете primary
11:11:32 | ID 515764845 пополнил баланс на 10000000 коинов
11:12:13 | Розыгрыш ставок для игры №1825:
ID 515764845 поставил 5000 коинов на danger и проиграл при выигрышном цвете primary
11:12:54 | Розыгрыш ставок для игры №1826:
ID 515764845 поставил 4000 коинов на danger и проиграл при выигрышном цвете primary
11:13:36 | Розыгрыш ставок для игры №1827:
ID 515764845 поставил 1000 коинов на danger и выиграл 2000 коинов при выигрышном цвете danger
11:14:20 | Розыгрыш ставок для игры №1828:
ID 515764845 поставил 1000 коинов на primary и выиграл 2000 коинов при выигрышном цвете primary
11:15:01 | Розыгрыш ставок для игры №1829:
ID 515764845 поставил 1000 коинов на primary и выиграл 2000 коинов при выигрышном цвете primary
11:15:43 | Розыгрыш ставок для игры №1830:
ID 515764845 поставил 2000 коинов на primary и проиграл при выигрышном цвете danger
11:16:24 | Розыгрыш ставок для игры №1831:
ID 515764845 поставил 2000 коинов на danger и проиграл при выигрышном цвете success
11:16:48 | ID 515764845 пополнил баланс на 10000000 коинов
11:17:23 | Розыгрыш ставок для игры №1832:
ID 515764845 поставил 10000 коинов на primary и проиграл при выигрышном цвете danger
11:17:51 | ID 515764845 пополнил баланс на 1000 коинов
11:18:03 | ID 515764845 пополнил баланс на 20000000 коинов
11:18:42 | Розыгрыш ставок для игры №1833:
ID 515764845 поставил 20000 коинов на primary и проиграл при выигрышном цвете danger
11:19:10 | ID 515764845 пополнил баланс на 50000000 коинов
11:19:47 | Розыгрыш ставок для игры №1834:
ID 515764845 поставил 10000 коинов на primary и выиграл 20000 коинов при выигрышном цвете primary
11:19:59 | ID 457548391 пополнил баланс на 304000 коинов
11:20:28 | ID 548607692 пополнил баланс на 1000000000 коинов
11:20:50 | Розыгрыш ставок для игры №1835:
ID 515764845 поставил 10000 коинов на danger и проиграл при выигрышном цвете primary
ID 548607692 поставил 1000000 коинов на danger и проиграл при выигрышном цвете primary
11:21:44 | Розыгрыш ставок для игры №1836:
ID 515764845 поставил 20000 коинов на danger и выиграл 40000 коинов при выигрышном цвете danger
11:22:20 | ID 533159410 пополнил баланс на 500000000 коинов
11:22:21 | ID 448774954 запросил вывод 1000 коинов; VKC response code: 200
11:22:35 | Розыгрыш ставок для игры №1837:
ID 515764845 поставил 20000 коинов на danger и проиграл при выигрышном цвете primary
11:23:22 | Розыгрыш ставок для игры №1838:
ID 515764845 поставил 40000 коинов на danger и проиграл при выигрышном цвете primary
ID 533159410 поставил 10000 коинов на success и проиграл при выигрышном цвете primary
11:24:11 | Розыгрыш ставок для игры №1839:
ID 533159410 поставил 110000 коинов на danger и выиграл 220000 коинов при выигрышном цвете danger
ID 515764845 поставил 10000 коинов на danger и выиграл 20000 коинов при выигрышном цвете danger
11:24:59 | Розыгрыш ставок для игры №1840:
ID 515764845 поставил 15000 коинов на primary и проиграл при выигрышном цвете danger
ID 335102055 поставил 4000 коинов на danger и выиграл 8000 коинов при выигрышном цвете danger
ID 533159410 поставил 300000 коинов на danger и выиграл 600000 коинов при выигрышном цвете danger
11:25:49 | Розыгрыш ставок для игры №1841:
ID 533159410 поставил 100000 коинов на success и проиграл при выигрышном цвете primary
ID 515764845 поставил 2000 коинов на primary и выиграл 4000 коинов при выигрышном цвете primary
11:26:34 | Розыгрыш ставок для игры №1842:
ID 533159410 поставил 200000 коинов на primary и выиграл 400000 коинов при выигрышном цвете primary
ID 515764845 поставил 6000 коинов на danger и проиграл при выигрышном цвете primary
11:27:21 | Розыгрыш ставок для игры №1843:
ID 533159410 поставил 100000 коинов на success и проиграл при выигрышном цвете primary
ID 515764845 поставил 1000 коинов на danger и проиграл при выигрышном цвете primary
11:28:15 | Розыгрыш ставок для игры №1844:
ID 533159410 поставил 100000 коинов на danger и проиграл при выигрышном цвете primary
11:29:00 | Розыгрыш ставок для игры №1845:
ID 533159410 поставил 200000 коинов на danger и проиграл при выигрышном цвете success
11:30:42 | Розыгрыш ставок для игры №1846:
ID 533159410 поставил 200000 коинов на danger и проиграл при выигрышном цвете primary
11:31:33 | Розыгрыш ставок для игры №1847:
ID 533159410 поставил 400000 коинов на primary и выиграл 800000 коинов при выигрышном цвете primary
ID 517824498 поставил 1000 коинов на primary и выиграл 2000 коинов при выигрышном цвете primary
11:31:48 | ID 455923236 запросил вывод 2826977 коинов; VKC response code: 200
11:32:19 | Розыгрыш ставок для игры №1848:
ID 533159410 поставил 200000 коинов на danger и выиграл 400000 коинов при выигрышном цвете danger
11:32:42 | ID 533159410 запросил вывод 1000000 коинов; VKC response code: 200
11:38:32 | Розыгрыш ставок для игры №1849:
ID 574127719 поставил 1000 коинов на primary и проиграл при выигрышном цвете danger
11:40:15 | Розыгрыш ставок для игры №1850:
ID 388948203 поставил 1000 коинов на primary и проиграл при выигрышном цвете danger
11:40:54 | ID 574127719 пополнил баланс на 1000000000 коинов
11:41:46 | ID 388948203 пополнил баланс на 200000000 коинов
11:42:14 | Розыгрыш ставок для игры №1851:
ID 574127719 поставил 100000 коинов на primary и проиграл при выигрышном цвете danger
ID 388948203 поставил 100000 коинов на danger и выиграл 200000 коинов при выигрышном цвете danger
11:42:59 | Розыгрыш ставок для игры №1852:
ID 388948203 поставил 100000 коинов на primary и выиграл 200000 коинов при выигрышном цвете primary
ID 574127719 поставил 100000 коинов на primary и выиграл 200000 коинов при выигрышном цвете primary
11:43:45 | Розыгрыш ставок для игры №1853:
ID 388948203 поставил 100000 коинов на primary и выиграл 200000 коинов при выигрышном цвете primary
ID 574127719 поставил 1000000 коинов на danger и проиграл при выигрышном цвете primary
11:44:37 | Розыгрыш ставок для игры №1854:
ID 388948203 поставил 150000 коинов на danger и проиграл при выигрышном цвете success
11:45:06 | ID 405115290 пополнил баланс на 100000000 коинов
11:45:07 | ID 489125608 пополнил баланс на 980000000 коинов
11:45:21 | Розыгрыш ставок для игры №1855:
ID 388948203 поставил 150000 коинов на danger и проиграл при выигрышном цвете primary
ID 405115290 поставил 100000 коинов на primary и выиграл 200000 коинов при выигрышном цвете primary
11:46:10 | Розыгрыш ставок для игры №1856:
ID 564751447 поставил 5050 коинов на danger и проиграл при выигрышном цвете primary
ID 489125608 поставил 5000 коинов на success и проиграл при выигрышном цвете primary
ID 405115290 поставил 50000 коинов на success и проиграл при выигрышном цвете primary
ID 388948203 поставил 100000 коинов на primary и выиграл 200000 коинов при выигрышном цвете primary
11:46:55 | Розыгрыш ставок для игры №1857:
ID 489125608 поставил 5000 коинов на primary и проиграл при выигрышном цвете danger
ID 388948203 поставил 100000 коинов на danger и выиграл 200000 коинов при выигрышном цвете danger
ID 405115290 поставил 150000 коинов на primary и проиграл при выигрышном цвете danger
11:47:26 | ID 405115290 пополнил баланс на 100000000 коинов
11:47:42 | Розыгрыш ставок для игры №1858:
ID 388948203 поставил 100000 коинов на primary и проиграл при выигрышном цвете danger
ID 489125608 поставил 5000 коинов на danger и выиграл 10000 коинов при выигрышном цвете danger
ID 405115290 поставил 5000 коинов на danger и выиграл 10000 коинов при выигрышном цвете danger
11:48:26 | Розыгрыш ставок для игры №1859:
ID 388948203 поставил 150000 коинов на primary и выиграл 300000 коинов при выигрышном цвете primary
ID 405115290 поставил 20000 коинов на success и проиграл при выигрышном цвете primary
ID 489125608 поставил 10000 коинов на success и проиграл при выигрышном цвете primary
11:49:13 | Розыгрыш ставок для игры №1860:
ID 489125608 поставил 10000 коинов на danger и проиграл при выигрышном цвете primary
ID 405115290 поставил 85000 коинов на danger и проиграл при выигрышном цвете primary
ID 388948203 поставил 100000 коинов на primary и выиграл 200000 коинов при выигрышном цвете primary
11:49:40 | ID 405115290 пополнил баланс на 100000000 коинов
11:50:00 | Розыгрыш ставок для игры №1861:
ID 388948203 поставил 150000 коинов на danger и проиграл при выигрышном цвете primary
ID 489125608 поставил 5000 коинов на primary и выиграл 10000 коинов при выигрышном цвете primary
ID 405115290 поставил 100000 коинов на primary и выиграл 200000 коинов при выигрышном цвете primary
11:50:49 | Розыгрыш ставок для игры №1862:
ID 489125608 поставил 5000 коинов на primary и выиграл 10000 коинов при выигрышном цвете primary
ID 405115290 поставил 100000 коинов на primary и выиграл 200000 коинов при выигрышном цвете primary
11:51:37 | Розыгрыш ставок для игры №1863:
ID 405115290 поставил 100000 коинов на danger и проиграл при выигрышном цвете primary
ID 489125608 поставил 10000 коинов на primary и выиграл 20000 коинов при выигрышном цвете primary
ID 388948203 поставил 200000 коинов на danger и проиграл при выигрышном цвете primary
11:52:20 | Розыгрыш ставок для игры №1864:
ID 489125608 поставил 15000 коинов на primary и проиграл при выигрышном цвете success
ID 388948203 поставил 200000 коинов на danger и проиграл при выигрышном цвете success
ID 405115290 поставил 200000 коинов на primary и проиграл при выигрышном цвете success
11:53:05 | Розыгрыш ставок для игры №1865:
ID 489125608 поставил 10000 коинов на primary и выиграл 20000 коинов при выигрышном цвете primary
11:54:15 | ID 388948203 пополнил баланс на 160000000 коинов
11:54:59 | Розыгрыш ставок для игры №1866:
ID 388948203 поставил 80000 коинов на primary и выиграл 160000 коинов при выигрышном цвете primary
ID 574127719 поставил 10000 коинов на danger и проиграл при выигрышном цвете primary
11:55:46 | Розыгрыш ставок для игры №1867:
ID 388948203 поставил 120000 коинов на danger и проиграл при выигрышном цвете success
11:56:30 | Розыгрыш ставок для игры №1868:
ID 388948203 поставил 120000 коинов на danger и проиграл при выигрышном цвете primary
ID 489125608 поставил 10000 коинов на primary и выиграл 20000 коинов при выигрышном цвете primary
11:57:17 | Розыгрыш ставок для игры №1869:
ID 489125608 поставил 10000 коинов на primary и выиграл 20000 коинов при выигрышном цвете primary
11:58:16 | Розыгрыш ставок для игры №1870:
ID 489125608 поставил 10000 коинов на primary и проиграл при выигрышном цвете danger
11:59:03 | Розыгрыш ставок для игры №1871:
ID 489125608 поставил 5000 коинов на primary и выиграл 10000 коинов при выигрышном цвете primary
11:59:03 | Розыгрыш ставок для игры №1872:
ID 489125608 поставил 5000 коинов на primary и выиграл 10000 коинов при выигрышном цвете primary
11:59:04 | ID 405115290 пополнил баланс на 100000000 коинов
11:59:45 | Розыгрыш ставок для игры №1873:
ID 405115290 поставил 5000 коинов на primary и выиграл 10000 коинов при выигрышном цвете primary
ID 489125608 поставил 5000 коинов на primary и выиграл 10000 коинов при выигрышном цвете primary
12:00:34 | Розыгрыш ставок для игры №1874:
ID 405115290 поставил 25000 коинов на danger и проиграл при выигрышном цвете primary
ID 489125608 поставил 15000 коинов на danger и проиграл при выигрышном цвете primary
12:01:16 | Розыгрыш ставок для игры №1875:
ID 489125608 поставил 30000 коинов на primary и проиграл при выигрышном цвете danger
ID 405115290 поставил 30000 коинов на primary и проиграл при выигрышном цвете danger
12:02:02 | Розыгрыш ставок для игры №1876:
ID 489125608 поставил 5000 коинов на primary и выиграл 10000 коинов при выигрышном цвете primary
12:02:02 | Розыгрыш ставок для игры №1877:
ID 489125608 поставил 5000 коинов на primary и проиграл при выигрышном цвете success
12:02:36 | ID 489125608 запросил вывод 960000 коинов; VKC response code: 200
12:03:04 | ID 455923236 пополнил баланс на 200000000 коинов
12:03:09 | Розыгрыш ставок для игры №1878:
ID 405115290 поставил 50000 коинов на primary и выиграл 100000 коинов при выигрышном цвете primary
12:03:50 | Розыгрыш ставок для игры №1879:
ID 318695402 поставил 1000 коинов на primary и выиграл 2000 коинов при выигрышном цвете primary
ID 455923236 поставил 100000 коинов на danger и проиграл при выигрышном цвете primary
12:04:37 | Розыгрыш ставок для игры №1880:
ID 318695402 поставил 2000 коинов на danger и выиграл 4000 коинов при выигрышном цвете danger
ID 405115290 поставил 50000 коинов на primary и проиграл при выигрышном цвете danger
12:05:21 | Розыгрыш ставок для игры №1881:
ID 405115290 поставил 50000 коинов на primary и проиграл при выигрышном цвете danger
ID 318695402 поставил 1000 коинов на danger и выиграл 2000 коинов при выигрышном цвете danger
12:06:22 | Розыгрыш ставок для игры №1882:
ID 318695402 поставил 4000 коинов на danger и проиграл при выигрышном цвете success
12:08:44 | Розыгрыш ставок для игры №1883:
ID 455923236 поставил 100000 коинов на primary и проиграл при выигрышном цвете danger
12:28:40 | Розыгрыш ставок для игры №1884:
ID 284121215 поставил 50000 коинов на primary и выиграл 100000 коинов при выигрышном цвете primary
12:29:25 | Розыгрыш ставок для игры №1885:
ID 284121215 поставил 50000 коинов на primary и проиграл при выигрышном цвете danger
12:30:08 | Розыгрыш ставок для игры №1886:
ID 284121215 поставил 100000 коинов на primary и проиграл при выигрышном цвете danger
12:30:34 | ID 198289072 пополнил баланс на 300000000 коинов
12:30:50 | Розыгрыш ставок для игры №1887:
ID 284121215 поставил 200000 коинов на primary и проиграл при выигрышном цвете danger
ID 574127719 поставил 10000 коинов на primary и проиграл при выигрышном цвете danger
ID 198289072 поставил 50000 коинов на danger и выиграл 100000 коинов при выигрышном цвете danger
12:31:33 | Розыгрыш ставок для игры №1888:
ID 284121215 поставил 400000 коинов на primary и проиграл при выигрышном цвете danger
ID 198289072 поставил 10000 коинов на success и проиграл при выигрышном цвете danger
12:32:16 | Розыгрыш ставок для игры №1889:
ID 284121215 поставил 800000 коинов на primary и проиграл при выигрышном цвете danger
ID 198289072 поставил 340000 коинов на danger и выиграл 680000 коинов при выигрышном цвете danger
12:32:49 | ID 555920545 пополнил баланс на 222222000 коинов
12:33:00 | Розыгрыш ставок для игры №1890:
ID 284121215 поставил 1600000 коинов на primary и проиграл при выигрышном цвете danger
ID 198289072 поставил 680000 коинов на danger и выиграл 1360000 коинов при выигрышном цвете danger
ID 555920545 поставил 20000 коинов на primary и проиграл при выигрышном цвете danger
12:33:45 | Розыгрыш ставок для игры №1891:
ID 284121215 поставил 7200000 коинов на primary и проиграл при выигрышном цвете danger
ID 198289072 поставил 1360000 коинов на danger и выиграл 2720000 коинов при выигрышном цвете danger
12:34:31 | Розыгрыш ставок для игры №1892:
ID 555920545 поставил 40000 коинов на primary и выиграл 80000 коинов при выигрышном цвете primary
ID 198289072 поставил 170000 коинов на primary и выиграл 340000 коинов при выигрышном цвете primary
12:35:17 | Розыгрыш ставок для игры №1893:
ID 555920545 поставил 120000 коинов на primary и проиграл при выигрышном цвете danger
ID 198289072 поставил 85000 коинов на danger и выиграл 170000 коинов при выигрышном цвете danger
12:36:07 | Розыгрыш ставок для игры №1894:
ID 198289072 поставил 85000 коинов на danger и выиграл 170000 коинов при выигрышном цвете danger
ID 555920545 поставил 122000 коинов на primary и проиграл при выигрышном цвете danger
12:37:09 | Розыгрыш ставок для игры №1895:
ID 198289072 поставил 60000 коинов на success и проиграл при выигрышном цвете primary
12:37:28 | ID 198289072 запросил вывод 3000000 коинов; VKC response code: 200
12:45:38 | ID 306057589 пополнил баланс на 333333000 коинов
12:46:20 | Розыгрыш ставок для игры №1896:
ID 306057589 поставил 363532 коинов на primary и проиграл при выигрышном цвете success
12:49:19 | Розыгрыш ставок для игры №1897:
ID 335102055 поставил 2000 коинов на success и проиграл при выигрышном цвете danger
12:51:51 | ID 447956362 пополнил баланс на 222222000 коинов
12:52:29 | Розыгрыш ставок для игры №1898:
ID 447956362 поставил 111111 коинов на danger и проиграл при выигрышном цвете success
12:52:47 | ID 571290013 пополнил баланс на 4750000000 коинов
12:53:23 | Розыгрыш ставок для игры №1899:
ID 447956362 поставил 111111 коинов на danger и проиграл при выигрышном цвете primary
12:57:53 | ID 571290013 пополнил баланс на 1000000 коинов
12:58:34 | Розыгрыш ставок для игры №1900:
ID 571290013 поставил 1000 коинов на success и проиграл при выигрышном цвете danger
12:59:34 | Розыгрыш ставок для игры №1901:
ID 571290013 поставил 4750000 коинов на primary и проиграл при выигрышном цвете danger
13:08:45 | ID 586853505 запросил вывод 310000 коинов; VKC response code: 200
13:19:51 | ID 574836653 пополнил баланс на 750000000 коинов
13:20:34 | Розыгрыш ставок для игры №1902:
ID 574836653 поставил 50000 коинов на primary и выиграл 100000 коинов при выигрышном цвете primary
13:21:25 | Розыгрыш ставок для игры №1903:
ID 574836653 поставил 100000 коинов на danger и выиграл 200000 коинов при выигрышном цвете danger
ID 361913652 поставил 1000 коинов на success и проиграл при выигрышном цвете danger
13:21:29 | ID 458162388 пополнил баланс на 1000000000 коинов
13:22:08 | Розыгрыш ставок для игры №1904:
ID 574836653 поставил 100000 коинов на primary и проиграл при выигрышном цвете danger
ID 458162388 поставил 1000000 коинов на danger и выиграл 2000000 коинов при выигрышном цвете danger
13:22:31 | ID 458162388 запросил вывод 2011000 коинов; VKC response code: 200
13:22:39 | ID 457529081 пополнил баланс на 333333000 коинов
13:22:59 | Розыгрыш ставок для игры №1905:
ID 574836653 поставил 200000 коинов на primary и проиграл при выигрышном цвете danger
ID 457529081 поставил 333333 коинов на primary и проиграл при выигрышном цвете danger
13:23:43 | ID 576841796 пополнил баланс на 333800000 коинов
13:23:51 | ID 361913652 пополнил баланс на 8500000 коинов
13:23:55 | Розыгрыш ставок для игры №1906:
ID 574836653 поставил 616251 коинов на primary и выиграл 1232502 коинов при выигрышном цвете primary
ID 576841796 поставил 333800 коинов на primary и выиграл 667600 коинов при выигрышном цвете primary
13:24:47 | Розыгрыш ставок для игры №1907:
ID 576841796 поставил 667600 коинов на primary и проиграл при выигрышном цвете danger
ID 361913652 поставил 1500 коинов на danger и выиграл 3000 коинов при выигрышном цвете danger
ID 574836653 поставил 150000 коинов на primary и проиграл при выигрышном цвете danger
13:25:34 | Розыгрыш ставок для игры №1908:
ID 361913652 поставил 2000 коинов на primary и проиграл при выигрышном цвете success
ID 574836653 поставил 333333 коинов на primary и проиграл при выигрышном цвете success
13:26:17 | Розыгрыш ставок для игры №1909:
ID 361913652 поставил 2000 коинов на primary и проиграл при выигрышном цвете danger
ID 574836653 поставил 666666 коинов на primary и проиграл при выигрышном цвете danger
13:26:50 | ID 563129924 пополнил баланс на 333333000 коинов
13:27:04 | Розыгрыш ставок для игры №1910:
ID 361913652 поставил 6000 коинов на danger и выиграл 12000 коинов при выигрышном цвете danger
ID 563129924 поставил 333333 коинов на primary и проиграл при выигрышном цвете danger
13:27:58 | Розыгрыш ставок для игры №1911:
ID 361913652 поставил 12000 коинов на primary и проиграл при выигрышном цвете danger
13:50:53 | ID 462524635 пополнил баланс на 33333000 коинов
13:51:31 | Розыгрыш ставок для игры №1912:
ID 462524635 поставил 3333 коинов на primary и выиграл 6666 коинов при выигрышном цвете primary
13:52:20 | Розыгрыш ставок для игры №1913:
ID 462524635 поставил 36666 коинов на danger и проиграл при выигрышном цвете primary
13:55:55 | ID 563129924 пополнил баланс на 394000000 коинов
13:56:30 | Розыгрыш ставок для игры №1914:
ID 563129924 поставил 394000 коинов на danger и выиграл 788000 коинов при выигрышном цвете danger
13:57:18 | Розыгрыш ставок для игры №1915:
ID 563129924 поставил 788000 коинов на primary и проиграл при выигрышном цвете danger
14:01:23 | Розыгрыш ставок для игры №1916:
ID 592604606 поставил 1000 коинов на success и проиграл при выигрышном цвете primary
14:02:54 | ID 592604606 пополнил баланс на 133333000 коинов
14:03:28 | Розыгрыш ставок для игры №1917:
ID 592604606 поставил 133333 коинов на danger и выиграл 266666 коинов при выигрышном цвете danger
14:04:13 | Розыгрыш ставок для игры №1918:
ID 592604606 поставил 266666 коинов на primary и проиграл при выигрышном цвете danger
14:09:22 | ID 445505617 пополнил баланс на 5000000000 коинов
14:09:59 | Розыгрыш ставок для игры №1919:
ID 445505617 поставил 2500000 коинов на primary и выиграл 5000000 коинов при выигрышном цвете primary
14:10:40 | Розыгрыш ставок для игры №1920:
ID 445505617 поставил 5000000 коинов на primary и проиграл при выигрышном цвете danger
14:11:22 | Розыгрыш ставок для игры №1921:
ID 445505617 поставил 2500000 коинов на primary и выиграл 5000000 коинов при выигрышном цвете primary
14:12:03 | Розыгрыш ставок для игры №1922:
ID 445505617 поставил 5000000 коинов на primary и проиграл при выигрышном цвете danger
14:20:09 | Розыгрыш ставок для игры №1923:
ID 277548561 поставил 4010 коинов на success и проиграл при выигрышном цвете primary
14:26:19 | Розыгрыш ставок для игры №1924:
ID 524929279 поставил 104391 коинов на success и проиграл при выигрышном цвете danger
14:39:29 | ID 236264341 запросил вывод 1940297 коинов; VKC response code: 200
14:39:33 | Розыгрыш ставок для игры №1925:
ID 236264341 поставил 10000 коинов на primary и выиграл 20000 коинов при выигрышном цвете primary
14:46:23 | ID 457529081 пополнил баланс на 15000000000 коинов
14:46:47 | ID 457529081 пополнил баланс на 1700009000 коинов
14:46:57 | Розыгрыш ставок для игры №1926:
ID 457529081 поставил 5000000 коинов на danger и выиграл 10000000 коинов при выигрышном цвете danger
14:48:08 | Розыгрыш ставок для игры №1927:
ID 457529081 поставил 4700009 коинов на primary и выиграл 9400018 коинов при выигрышном цвете primary
ID 228204444 поставил 100000 коинов на danger и проиграл при выигрышном цвете primary
14:48:54 | Розыгрыш ставок для игры №1928:
ID 228204444 поставил 100000 коинов на primary и проиграл при выигрышном цвете danger
ID 457529081 поставил 3400009 коинов на primary и проиграл при выигрышном цвете danger
14:49:23 | ID 457529081 запросил вывод 13000009 коинов; VKC response code: 200
14:49:41 | Розыгрыш ставок для игры №1929:
ID 228204444 поставил 100000 коинов на danger и проиграл при выигрышном цвете primary
ID 457529081 поставил 10000000 коинов на danger и проиграл при выигрышном цвете primary
14:50:10 | ID 457529081 пополнил баланс на 12357009000 коинов
14:50:18 | ID 531957484 пополнил баланс на 800000000 коинов
14:50:40 | Розыгрыш ставок для игры №1930:
ID 228204444 поставил 133192 коинов на danger и проиграл при выигрышном цвете primary
ID 457529081 поставил 4357009 коинов на primary и выиграл 8714018 коинов при выигрышном цвете primary
ID 531957484 поставил 800000 коинов на danger и проиграл при выигрышном цвете primary
14:51:28 | Розыгрыш ставок для игры №1931:
ID 228204444 поставил 200000 коинов на primary и проиграл при выигрышном цвете danger
ID 457529081 поставил 2714018 коинов на danger и выиграл 5428036 коинов при выигрышном цвете danger
14:52:10 | Розыгрыш ставок для игры №1932:
ID 543692183 поставил 1000 коинов на success и проиграл при выигрышном цвете primary
ID 228204444 поставил 100000 коинов на primary и выиграл 200000 коинов при выигрышном цвете primary
ID 457529081 поставил 6580000 коинов на danger и проиграл при выигрышном цвете primary
14:53:05 | ID 561138950 запросил вывод 1000 коинов; VKC response code: 200
14:53:44 | Розыгрыш ставок для игры №1933:
ID 457529081 поставил 12848036 коинов на primary и проиграл при выигрышном цвете danger
ID 228204444 поставил 100000 коинов на danger и выиграл 200000 коинов при выигрышном цвете danger
15:26:44 | Розыгрыш ставок для игры №1934:
ID 317113903 поставил 46990 коинов на success и проиграл при выигрышном цвете danger
15:27:44 | Розыгрыш ставок для игры №1935:
ID 317113903 поставил 1900000 коинов на danger и проиграл при выигрышном цвете success
15:28:33 | Розыгрыш ставок для игры №1936:
ID 317113903 поставил 20000000 коинов на danger и выиграл 40000000 коинов при выигрышном цвете danger
15:54:36 | ID 455923236 запросил вывод 499343 коинов; VKC response code: 200
16:11:25 | ID 515764845 пополнил баланс на 10000000 коинов
16:12:03 | Розыгрыш ставок для игры №1937:
ID 515764845 поставил 1000 коинов на danger и выиграл 2000 коинов при выигрышном цвете danger
16:13:07 | Розыгрыш ставок для игры №1938:
ID 515764845 поставил 1000 коинов на danger и выиграл 2000 коинов при выигрышном цвете danger
16:13:52 | Розыгрыш ставок для игры №1939:
ID 515764845 поставил 1000 коинов на danger и проиграл при выигрышном цвете primary
ID 561704107 поставил 1000 коинов на danger и проиграл при выигрышном цвете primary
16:14:41 | Розыгрыш ставок для игры №1940:
ID 515764845 поставил 5000 коинов на primary и выиграл 10000 коинов при выигрышном цвете primary
16:15:25 | Розыгрыш ставок для игры №1941:
ID 515764845 поставил 5000 коинов на primary и проиграл при выигрышном цвете danger
ID 561704107 поставил 2000 коинов на danger и выиграл 4000 коинов при выигрышном цвете danger
16:16:08 | Розыгрыш ставок для игры №1942:
ID 515764845 поставил 5000 коинов на primary и выиграл 10000 коинов при выигрышном цвете primary
ID 561704107 поставил 1000 коинов на primary и выиграл 2000 коинов при выигрышном цвете primary
16:16:56 | Розыгрыш ставок для игры №1943:
ID 561704107 поставил 2000 коинов на primary и проиграл при выигрышном цвете danger
ID 515764845 поставил 1000 коинов на primary и проиграл при выигрышном цвете danger
16:17:39 | Розыгрыш ставок для игры №1944:
ID 515764845 поставил 6000 коинов на danger и проиграл при выигрышном цвете success
ID 561704107 поставил 5000 коинов на primary и проиграл при выигрышном цвете success
16:18:23 | Розыгрыш ставок для игры №1945:
ID 561704107 поставил 8000 коинов на primary и выиграл 16000 коинов при выигрышном цвете primary
ID 515764845 поставил 1000 коинов на danger и проиграл при выигрышном цвете primary
16:19:05 | Розыгрыш ставок для игры №1946:
ID 515764845 поставил 3000 коинов на danger и выиграл 6000 коинов при выигрышном цвете danger
ID 561704107 поставил 3000 коинов на danger и выиграл 6000 коинов при выигрышном цвете danger
16:19:51 | Розыгрыш ставок для игры №1947:
ID 561704107 поставил 3000 коинов на danger и выиграл 6000 коинов при выигрышном цвете danger
ID 515764845 поставил 1000 коинов на primary и проиграл при выигрышном цвете danger
16:20:34 | Розыгрыш ставок для игры №1948:
ID 515764845 поставил 6000 коинов на primary и выиграл 12000 коинов при выигрышном цвете primary
ID 561704107 поставил 6000 коинов на primary и выиграл 12000 коинов при выигрышном цвете primary
16:21:21 | Розыгрыш ставок для игры №1949:
ID 561704107 поставил 2000 коинов на primary и выиграл 4000 коинов при выигрышном цвете primary
ID 515764845 поставил 2000 коинов на danger и проиграл при выигрышном цвете primary
16:22:04 | Розыгрыш ставок для игры №1950:
ID 515764845 поставил 4000 коинов на danger и выиграл 8000 коинов при выигрышном цвете danger
ID 561704107 поставил 6000 коинов на danger и выиграл 12000 коинов при выигрышном цвете danger
16:22:46 | Розыгрыш ставок для игры №1951:
ID 515764845 поставил 4000 коинов на danger и выиграл 8000 коинов при выигрышном цвете danger
ID 561704107 поставил 3000 коинов на danger и выиграл 6000 коинов при выигрышном цвете danger
16:23:28 | Розыгрыш ставок для игры №1952:
ID 561704107 поставил 3000 коинов на primary и проиграл при выигрышном цвете danger
ID 515764845 поставил 1000 коинов на danger и выиграл 2000 коинов при выигрышном цвете danger
16:24:09 | Розыгрыш ставок для игры №1953:
ID 515764845 поставил 5000 коинов на danger и проиграл при выигрышном цвете primary
ID 561704107 поставил 10000 коинов на primary и выиграл 20000 коинов при выигрышном цвете primary
16:24:50 | Розыгрыш ставок для игры №1954:
ID 515764845 поставил 8000 коинов на danger и проиграл при выигрышном цвете primary
ID 561704107 поставил 3000 коинов на danger и проиграл при выигрышном цвете primary
16:25:33 | Розыгрыш ставок для игры №1955:
ID 515764845 поставил 10000 коинов на danger и проиграл при выигрышном цвете primary
ID 561704107 поставил 6000 коинов на danger и проиграл при выигрышном цвете primary
16:25:57 | ID 515764845 пополнил баланс на 10000000 коинов
16:26:22 | Розыгрыш ставок для игры №1956:
ID 561704107 поставил 12000 коинов на danger и выиграл 24000 коинов при выигрышном цвете danger
ID 515764845 поставил 7000 коинов на danger и выиграл 14000 коинов при выигрышном цвете danger
16:27:13 | Розыгрыш ставок для игры №1957:
ID 561704107 поставил 3000 коинов на primary и проиграл при выигрышном цвете danger
ID 515764845 поставил 2000 коинов на primary и проиграл при выигрышном цвете danger
16:27:56 | Розыгрыш ставок для игры №1958:
ID 515764845 поставил 5000 коинов на primary и проиграл при выигрышном цвете danger
ID 561704107 поставил 10000 коинов на primary и проиграл при выигрышном цвете danger
16:28:39 | Розыгрыш ставок для игры №1959:
ID 515764845 поставил 7000 коинов на primary и выиграл 14000 коинов при выигрышном цвете primary
ID 561704107 поставил 25000 коинов на primary и выиграл 50000 коинов при выигрышном цвете primary
16:29:26 | Розыгрыш ставок для игры №1960:
ID 515764845 поставил 7000 коинов на danger и проиграл при выигрышном цвете primary
ID 561704107 поставил 3000 коинов на primary и выиграл 6000 коинов при выигрышном цвете primary
16:30:11 | Розыгрыш ставок для игры №1961:
ID 561704107 поставил 2000 коинов на success и проиграл при выигрышном цвете danger
ID 515764845 поставил 2000 коинов на danger и выиграл 4000 коинов при выигрышном цвете danger
16:30:55 | Розыгрыш ставок для игры №1962:
ID 515764845 поставил 4000 коинов на danger и выиграл 8000 коинов при выигрышном цвете danger
ID 561704107 поставил 6000 коинов на primary и проиграл при выигрышном цвете danger
16:31:40 | Розыгрыш ставок для игры №1963:
ID 515764845 поставил 1000 коинов на danger и проиграл при выигрышном цвете primary
16:32:24 | Розыгрыш ставок для игры №1964:
ID 515764845 поставил 5000 коинов на primary и выиграл 10000 коинов при выигрышном цвете primary
ID 561704107 поставил 10000 коинов на primary и выиграл 20000 коинов при выигрышном цвете primary
16:32:52 | ID 561704107 запросил вывод 70000 коинов; VKC response code: 200
16:33:19 | Розыгрыш ставок для игры №1965:
ID 515764845 поставил 5000 коинов на danger и выиграл 10000 коинов при выигрышном цвете danger
ID 561704107 поставил 1000 коинов на danger и выиграл 2000 коинов при выигрышном цвете danger
16:33:41 | ID 515764845 запросил вывод 15000 коинов; VKC response code: 200
16:34:14 | Розыгрыш ставок для игры №1966:
ID 561704107 поставил 1000 коинов на primary и проиграл при выигрышном цвете success
ID 515764845 поставил 1000 коинов на danger и проиграл при выигрышном цвете success
16:35:00 | Розыгрыш ставок для игры №1967:
ID 561704107 поставил 4000 коинов на primary и проиграл при выигрышном цвете danger
16:35:44 | Розыгрыш ставок для игры №1968:
ID 515764845 поставил 4000 коинов на danger и проиграл при выигрышном цвете primary
16:36:28 | Розыгрыш ставок для игры №1969:
ID 515764845 поставил 5000 коинов на danger и выиграл 10000 коинов при выигрышном цвете danger
16:37:19 | Розыгрыш ставок для игры №1970:
ID 515764845 поставил 1000 коинов на primary и выиграл 2000 коинов при выигрышном цвете primary
16:38:05 | Розыгрыш ставок для игры №1971:
ID 515764845 поставил 1000 коинов на primary и проиграл при выигрышном цвете danger
16:38:49 | Розыгрыш ставок для игры №1972:
ID 515764845 поставил 5000 коинов на danger и выиграл 10000 коинов при выигрышном цвете danger
ID 574127719 поставил 1000 коинов на primary и проиграл при выигрышном цвете danger
16:39:45 | Розыгрыш ставок для игры №1973:
ID 515764845 поставил 5000 коинов на primary и выиграл 10000 коинов при выигрышном цвете primary
16:40:18 | ID 515764845 пополнил баланс на 15000000 коинов
16:40:59 | Розыгрыш ставок для игры №1974:
ID 515764845 поставил 10000 коинов на primary и выиграл 20000 коинов при выигрышном цвете primary
16:41:50 | Розыгрыш ставок для игры №1975:
ID 515764845 поставил 2000 коинов на primary и проиграл при выигрышном цвете danger
16:42:33 | Розыгрыш ставок для игры №1976:
ID 515764845 поставил 8000 коинов на danger и проиграл при выигрышном цвете primary
16:43:15 | Розыгрыш ставок для игры №1977:
ID 515764845 поставил 15000 коинов на primary и проиграл при выигрышном цвете danger
16:43:59 | Розыгрыш ставок для игры №1978:
ID 515764845 поставил 15000 коинов на danger и проиграл при выигрышном цвете primary
16:44:43 | Розыгрыш ставок для игры №1979:
ID 515764845 поставил 1000 коинов на danger и проиграл при выигрышном цвете primary
16:45:28 | Розыгрыш ставок для игры №1980:
ID 515764845 поставил 2000 коинов на danger и проиграл при выигрышном цвете success
16:46:16 | Розыгрыш ставок для игры №1981:
ID 515764845 поставил 2000 коинов на danger и выиграл 4000 коинов при выигрышном цвете danger
16:47:00 | Розыгрыш ставок для игры №1982:
ID 515764845 поставил 1000 коинов на primary и проиграл при выигрышном цвете danger
16:47:44 | Розыгрыш ставок для игры №1983:
ID 515764845 поставил 3000 коинов на primary и выиграл 6000 коинов при выигрышном цвете primary
16:48:35 | Розыгрыш ставок для игры №1984:
ID 515764845 поставил 1000 коинов на primary и выиграл 2000 коинов при выигрышном цвете primary
16:49:29 | Розыгрыш ставок для игры №1985:
ID 515764845 поставил 3000 коинов на danger и проиграл при выигрышном цвете primary
16:50:13 | Розыгрыш ставок для игры №1986:
ID 515764845 поставил 4000 коинов на danger и проиграл при выигрышном цвете primary
16:50:38 | ID 515764845 пополнил баланс на 10000000 коинов
16:51:09 | Розыгрыш ставок для игры №1987:
ID 515764845 поставил 10000 коинов на danger и выиграл 20000 коинов при выигрышном цвете danger
16:52:01 | Розыгрыш ставок для игры №1988:
ID 515764845 поставил 10000 коинов на danger и проиграл при выигрышном цвете primary
16:52:01 | Розыгрыш ставок для игры №1989:
ID 515764845 поставил 10000 коинов на danger и выиграл 20000 коинов при выигрышном цвете danger
16:52:57 | Розыгрыш ставок для игры №1990:
ID 515764845 поставил 1000 коинов на danger и выиграл 2000 коинов при выигрышном цвете danger
16:53:49 | Розыгрыш ставок для игры №1991:
ID 515764845 поставил 5000 коинов на primary и выиграл 10000 коинов при выигрышном цвете primary
16:54:50 | Розыгрыш ставок для игры №1992:
ID 515764845 поставил 6000 коинов на danger и проиграл при выигрышном цвете primary
16:55:41 | Розыгрыш ставок для игры №1993:
ID 515764845 поставил 10000 коинов на danger и проиграл при выигрышном цвете primary
16:56:23 | Розыгрыш ставок для игры №1994:
ID 515764845 поставил 20000 коинов на danger и проиграл при выигрышном цвете primary
16:56:58 | ID 515764845 пополнил баланс на 100000000 коинов
16:57:34 | Розыгрыш ставок для игры №1995:
ID 515764845 поставил 100000 коинов на danger и выиграл 200000 коинов при выигрышном цвете danger
16:58:51 | ID 515764845 запросил вывод 200001 коинов; VKC response code: 200
17:02:30 | ID 515764845 пополнил баланс на 80000000 коинов
17:03:20 | Розыгрыш ставок для игры №1996:
ID 515764845 поставил 80000 коинов на primary и выиграл 160000 коинов при выигрышном цвете primary
17:03:50 | ID 515764845 запросил вывод 160000 коинов; VKC response code: 200
17:15:20 | ID 153790430 пополнил баланс на 1000 коинов
17:15:41 | ID 153790430 пополнил баланс на 256000000 коинов
17:16:27 | Розыгрыш ставок для игры №1997:
ID 153790430 поставил 10000 коинов на danger и выиграл 20000 коинов при выигрышном цвете danger
17:17:16 | Розыгрыш ставок для игры №1998:
ID 153790430 поставил 160000 коинов на danger и проиграл при выигрышном цвете primary
17:25:36 | ID 405115290 пополнил баланс на 100000000 коинов
17:26:11 | Розыгрыш ставок для игры №1999:
ID 405115290 поставил 50000 коинов на primary и проиграл при выигрышном цвете danger
17:26:53 | Розыгрыш ставок для игры №2000:
ID 405115290 поставил 50000 коинов на primary и выиграл 100000 коинов при выигрышном цвете primary
17:27:38 | Розыгрыш ставок для игры №2001:
ID 405115290 поставил 50000 коинов на danger и проиграл при выигрышном цвете primary
17:28:21 | Розыгрыш ставок для игры №2002:
ID 405115290 поставил 50000 коинов на danger и выиграл 100000 коинов при выигрышном цвете danger
17:29:04 | Розыгрыш ставок для игры №2003:
ID 405115290 поставил 50000 коинов на danger и проиграл при выигрышном цвете primary
17:29:49 | Розыгрыш ставок для игры №2004:
ID 405115290 поставил 50000 коинов на danger и выиграл 100000 коинов при выигрышном цвете danger
17:30:36 | Розыгрыш ставок для игры №2005:
ID 405115290 поставил 100000 коинов на primary и выиграл 200000 коинов при выигрышном цвете primary
17:33:11 | Розыгрыш ставок для игры №2006:
ID 405115290 поставил 100000 коинов на primary и выиграл 200000 коинов при выигрышном цвете primary
17:33:54 | Розыгрыш ставок для игры №2007:
ID 405115290 поставил 100000 коинов на danger и проиграл при выигрышном цвете primary
17:34:56 | Розыгрыш ставок для игры №2008:
ID 405115290 поставил 200000 коинов на danger и выиграл 400000 коинов при выигрышном цвете danger
17:35:57 | Розыгрыш ставок для игры №2009:
ID 405115290 поставил 200000 коинов на primary и проиграл при выигрышном цвете danger
17:36:41 | Розыгрыш ставок для игры №2010:
ID 405115290 поставил 200000 коинов на primary и выиграл 400000 коинов при выигрышном цвете primary
17:39:24 | Розыгрыш ставок для игры №2011:
ID 405115290 поставил 400000 коинов на primary и проиграл при выигрышном цвете danger
17:55:46 | ID 530724727 пополнил баланс на 1000 коинов
17:57:15 | Розыгрыш ставок для игры №2012:
ID 193005258 поставил 1000 коинов на success и проиграл при выигрышном цвете danger
18:07:34 | ID 378528616 пополнил баланс на 500000000 коинов
18:08:15 | Розыгрыш ставок для игры №2013:
ID 378528616 поставил 100000 коинов на danger и проиграл при выигрышном цвете primary
18:08:58 | Розыгрыш ставок для игры №2014:
ID 378528616 поставил 100000 коинов на primary и выиграл 200000 коинов при выигрышном цвете primary
18:09:15 | ID 340933073 пополнил баланс на 1000000000 коинов
18:09:53 | Розыгрыш ставок для игры №2015:
ID 378528616 поставил 200000 коинов на danger и выиграл 400000 коинов при выигрышном цвете danger
18:10:43 | Розыгрыш ставок для игры №2016:
ID 340933073 поставил 1000000 коинов на success и проиграл при выигрышном цвете danger
ID 378528616 поставил 200000 коинов на danger и выиграл 400000 коинов при выигрышном цвете danger
18:11:40 | Розыгрыш ставок для игры №2017:
ID 378528616 поставил 200000 коинов на primary и проиграл при выигрышном цвете danger
18:12:49 | ID 378528616 запросил вывод 700000 коинов; VKC response code: 200
18:26:32 | ID 457529081 пополнил баланс на 15000000000 коинов
18:27:06 | Розыгрыш ставок для игры №2018:
ID 457529081 поставил 1000000 коинов на primary и проиграл при выигрышном цвете danger
18:27:53 | Розыгрыш ставок для игры №2019:
ID 457529081 поставил 1500000 коинов на primary и выиграл 3000000 коинов при выигрышном цвете primary
18:28:39 | Розыгрыш ставок для игры №2020:
ID 457529081 поставил 500000 коинов на primary и выиграл 1000000 коинов при выигрышном цвете primary
18:29:30 | Розыгрыш ставок для игры №2021:
ID 457529081 поставил 14000000 коинов на danger и проиграл при выигрышном цвете primary
18:30:15 | Розыгрыш ставок для игры №2022:
ID 457529081 поставил 2000000 коинов на danger и выиграл 4000000 коинов при выигрышном цвете danger
18:31:23 | Розыгрыш ставок для игры №2023:
ID 457529081 поставил 3970027 коинов на danger и выиграл 7940054 коинов при выигрышном цвете danger
18:32:24 | Розыгрыш ставок для игры №2024:
ID 457529081 поставил 2178000 коинов на primary и проиграл при выигрышном цвете danger
ID 457081173 поставил 28000 коинов на success и проиграл при выигрышном цвете danger
18:33:14 | Розыгрыш ставок для игры №2025:
ID 457529081 поставил 5792020 коинов на primary и проиграл при выигрышном цвете danger
18:43:16 | ID 558644781 пополнил баланс на 20000000000 коинов
18:44:07 | Розыгрыш ставок для игры №2026:
ID 558644781 поставил 5000000 коинов на primary и проиграл при выигрышном цвете danger
18:44:34 | ID 558644781 запросил вывод 15000000 коинов; VKC response code: 200
18:49:51 | Розыгрыш ставок для игры №2027:
ID 419556370 поставил 1000 коинов на success и проиграл при выигрышном цвете danger
20:20:47 | ID 180825291 пополнил баланс на 1000000000 коинов
20:21:27 | Розыгрыш ставок для игры №2028:
ID 180825291 поставил 1000000 коинов на primary и проиграл при выигрышном цвете danger
20:29:35 | ID 388948203 пополнил баланс на 333333000 коинов
20:30:11 | Розыгрыш ставок для игры №2029:
ID 388948203 поставил 30000 коинов на success и проиграл при выигрышном цвете primary
20:30:59 | Розыгрыш ставок для игры №2030:
ID 388948203 поставил 30000 коинов на success и проиграл при выигрышном цвете primary
20:31:26 | ID 388948203 запросил вывод 150000 коинов; VKC response code: 200
20:31:44 | Розыгрыш ставок для игры №2031:
ID 388948203 поставил 60000 коинов на danger и проиграл при выигрышном цвете primary
20:32:09 | ID 566808234 пополнил баланс на 130000000 коинов
20:32:28 | ID 388948203 запросил вывод 3333 коинов; VKC response code: 200
20:32:42 | Розыгрыш ставок для игры №2032:
ID 388948203 поставил 60000 коинов на danger и выиграл 120000 коинов при выигрышном цвете danger
ID 566808234 поставил 100000 коинов на danger и выиграл 200000 коинов при выигрышном цвете danger
20:33:13 | ID 388948203 запросил вывод 120000 коинов; VKC response code: 200
20:33:31 | Розыгрыш ставок для игры №2033:
ID 566808234 поставил 200000 коинов на danger и проиграл при выигрышном цвете primary
21:10:43 | Розыгрыш ставок для игры №2034:
ID 224690421 поставил 1000 коинов на primary и проиграл при выигрышном цвете danger
21:10:47 | ID 224690421 пополнил баланс на 18888000 коинов
21:10:53 | ID 224690421 пополнил баланс на 10000000 коинов
21:11:29 | Розыгрыш ставок для игры №2035:
ID 224690421 поставил 2000 коинов на primary и проиграл при выигрышном цвете success
21:12:11 | Розыгрыш ставок для игры №2036:
ID 224690421 поставил 8000 коинов на primary и выиграл 16000 коинов при выигрышном цвете primary
21:13:00 | Розыгрыш ставок для игры №2037:
ID 224690421 поставил 16444 коинов на primary и проиграл при выигрышном цвете danger
21:13:42 | Розыгрыш ставок для игры №2038:
ID 224690421 поставил 18444 коинов на primary и выиграл 36888 коинов при выигрышном цвете primary
21:14:30 | ID 592080744 пополнил баланс на 333333000 коинов
21:14:35 | Розыгрыш ставок для игры №2039:
ID 224690421 поставил 36888 коинов на primary и проиграл при выигрышном цвете danger
21:15:22 | Розыгрыш ставок для игры №2040:
ID 592080744 поставил 3333 коинов на primary и выиграл 6666 коинов при выигрышном цвете primary
21:16:15 | Розыгрыш ставок для игры №2041:
ID 592080744 поставил 3333 коинов на danger и проиграл при выигрышном цвете primary
21:16:58 | Розыгрыш ставок для игры №2042:
ID 592080744 поставил 3333 коинов на danger и выиграл 6666 коинов при выигрышном цвете danger
21:17:45 | Розыгрыш ставок для игры №2043:
ID 592080744 поставил 3333 коинов на danger и проиграл при выигрышном цвете primary
21:18:27 | Розыгрыш ставок для игры №2044:
ID 592080744 поставил 3333 коинов на danger и выиграл 6666 коинов при выигрышном цвете danger
21:19:10 | Розыгрыш ставок для игры №2045:
ID 592080744 поставил 3333 коинов на primary и проиграл при выигрышном цвете danger
21:19:53 | Розыгрыш ставок для игры №2046:
ID 592080744 поставил 3333 коинов на primary и проиграл при выигрышном цвете success
21:20:45 | Розыгрыш ставок для игры №2047:
ID 592080744 поставил 30000 коинов на primary и проиграл при выигрышном цвете danger
21:21:32 | Розыгрыш ставок для игры №2048:
ID 592080744 поставил 300000 коинов на primary и проиграл при выигрышном цвете success
22:09:48 | ID 455923236 запросил вывод 309401 коинов; VKC response code: 200
23:31:38 | ID 275158720 пополнил баланс на 87000 коинов
23:31:54 | ID 275158720 запросил вывод 87 коинов; VKC response code: 200
23:56:35 | ID 345570781 пополнил баланс на 26000000 коинов
23:57:12 | Розыгрыш ставок для игры №2049:
ID 345570781 поставил 26000 коинов на primary и проиграл при выигрышном цвете danger