
00:21:03 | ID 248279218 пополнил баланс на 100000 коинов
00:21:26 | ID 248279218 пополнил баланс на 900000 коинов
00:22:10 | Розыгрыш ставок для игры №8167:
ID 248279218 поставил 1000 коинов на primary и выиграл 1500 коинов при выигрышном цвете primary
00:22:31 | ID 248279218 запросил вывод 1500 коинов; VKC response code: 200
00:33:52 | ID 306057589 пополнил баланс на 2421000 коинов
00:34:34 | Розыгрыш ставок для игры №8168:
ID 306057589 поставил 11732 коинов на primary и проиграл при выигрышном цвете success
00:39:57 | Розыгрыш ставок для игры №8169:
ID 457081173 поставил 150000 коинов на danger и проиграл при выигрышном цвете primary
00:40:40 | Розыгрыш ставок для игры №8170:
ID 457081173 поставил 200000 коинов на danger и проиграл при выигрышном цвете success
00:41:26 | Розыгрыш ставок для игры №8171:
ID 457081173 поставил 16194 коинов на danger и выиграл 72873 коинов при выигрышном цвете danger
01:13:20 | ID 408025187 пополнил баланс на 398000000 коинов
01:14:03 | Розыгрыш ставок для игры №8172:
ID 408025187 поставил 198000 коинов на danger и выиграл 891000 коинов при выигрышном цвете danger
01:14:53 | Розыгрыш ставок для игры №8173:
ID 408025187 поставил 91000 коинов на success и проиграл при выигрышном цвете primary
01:15:12 | ID 408025187 запросил вывод 1000000 коинов; VKC response code: 200
01:28:06 | ID 438294698 пополнил баланс на 5000000000 коинов
01:28:46 | Розыгрыш ставок для игры №8174:
ID 438294698 поставил 1000000 коинов на success и проиграл при выигрышном цвете primary
01:29:32 | Розыгрыш ставок для игры №8175:
ID 438294698 поставил 1500000 коинов на success и проиграл при выигрышном цвете primary
01:31:03 | Розыгрыш ставок для игры №8176:
ID 438294698 поставил 2500000 коинов на primary и проиграл при выигрышном цвете danger
02:29:52 | ID 562889442 пополнил баланс на 10000000 коинов
02:30:48 | Розыгрыш ставок для игры №8177:
ID 562889442 поставил 1000 коинов на success и проиграл при выигрышном цвете primary
02:31:39 | Розыгрыш ставок для игры №8178:
ID 562889442 поставил 2000 коинов на success и выиграл 5000 коинов при выигрышном цвете success
02:32:33 | Розыгрыш ставок для игры №8179:
ID 562889442 поставил 8000 коинов на primary и выиграл 12000 коинов при выигрышном цвете primary
02:33:02 | ID 562889442 запросил вывод 16000 коинов; VKC response code: 200
04:11:42 | Розыгрыш ставок для игры №8180:
ID 371439743 поставил 1000 коинов на primary и проиграл при выигрышном цвете success
04:37:44 | ID 468901609 пополнил баланс на 5555000 коинов
04:38:25 | Розыгрыш ставок для игры №8181:
ID 468901609 поставил 2222 коинов на primary и проиграл при выигрышном цвете success
04:39:09 | Розыгрыш ставок для игры №8182:
ID 468901609 поставил 2222 коинов на primary и проиграл при выигрышном цвете danger
04:39:55 | Розыгрыш ставок для игры №8183:
ID 468901609 поставил 1111 коинов на primary и проиграл при выигрышном цвете success
04:40:16 | ID 468901609 пополнил баланс на 20000000 коинов
04:40:53 | Розыгрыш ставок для игры №8184:
ID 468901609 поставил 10000 коинов на primary и проиграл при выигрышном цвете success
04:41:40 | Розыгрыш ставок для игры №8185:
ID 468901609 поставил 10000 коинов на primary и выиграл 15000 коинов при выигрышном цвете primary
04:42:43 | Розыгрыш ставок для игры №8186:
ID 468901609 поставил 5555 коинов на success и проиграл при выигрышном цвете danger
04:43:28 | Розыгрыш ставок для игры №8187:
ID 468901609 поставил 5555 коинов на success и проиграл при выигрышном цвете primary
04:44:15 | Розыгрыш ставок для игры №8188:
ID 468901609 поставил 3890 коинов на success и проиграл при выигрышном цвете danger
04:44:36 | ID 468901609 пополнил баланс на 50000000 коинов
04:45:17 | Розыгрыш ставок для игры №8189:
ID 468901609 поставил 44444 коинов на primary и выиграл 66666 коинов при выигрышном цвете primary
04:46:08 | Розыгрыш ставок для игры №8190:
ID 468901609 поставил 2222 коинов на danger и проиграл при выигрышном цвете primary
04:46:32 | ID 535918558 пополнил баланс на 100000 коинов
04:47:08 | Розыгрыш ставок для игры №8191:
ID 468901609 поставил 11111 коинов на success и проиграл при выигрышном цвете primary
04:47:49 | ID 535918558 пополнил баланс на 1000000 коинов
04:47:58 | Розыгрыш ставок для игры №8192:
ID 468901609 поставил 22222 коинов на primary и выиграл 33333 коинов при выигрышном цвете primary
04:48:54 | Розыгрыш ставок для игры №8193:
ID 468901609 поставил 5555 коинов на success и проиграл при выигрышном цвете primary
ID 535918558 поставил 1000 коинов на success и проиграл при выигрышном цвете primary
04:49:46 | Розыгрыш ставок для игры №8194:
ID 468901609 поставил 11111 коинов на primary и проиграл при выигрышном цвете success
04:50:38 | Розыгрыш ставок для игры №8195:
ID 468901609 поставил 22222 коинов на primary и выиграл 33333 коинов при выигрышном цвете primary
04:51:39 | Розыгрыш ставок для игры №8196:
ID 468901609 поставил 11111 коинов на danger и проиграл при выигрышном цвете primary
04:52:24 | Розыгрыш ставок для игры №8197:
ID 468901609 поставил 11111 коинов на danger и выиграл 49999.5 коинов при выигрышном цвете danger
04:53:25 | Розыгрыш ставок для игры №8198:
ID 468901609 поставил 11111 коинов на success и выиграл 27777.5 коинов при выигрышном цвете success
04:53:45 | ID 468901609 запросил вывод 10000 коинов; VKC response code: 200
04:53:50 | ID 468901609 запросил вывод 10000 коинов; VKC response code: 200
04:55:22 | ID 468901609 запросил вывод 88888 коинов; VKC response code: 200
05:34:37 | ID 468901609 пополнил баланс на 35353000 коинов
05:35:49 | Розыгрыш ставок для игры №8199:
ID 468901609 поставил 13332 коинов на primary и выиграл 19998 коинов при выигрышном цвете primary
05:36:43 | Розыгрыш ставок для игры №8200:
ID 468901609 поставил 12222 коинов на success и проиграл при выигрышном цвете danger
05:37:36 | Розыгрыш ставок для игры №8201:
ID 468901609 поставил 29797 коинов на primary и выиграл 44695.5 коинов при выигрышном цвете primary
05:37:54 | ID 468901609 запросил вывод 44696 коинов; VKC response code: 200
06:47:37 | Розыгрыш ставок для игры №8202:
ID 481659012 поставил 1000 коинов на success и выиграл 2500 коинов при выигрышном цвете success
06:48:01 | ID 481659012 запросил вывод 2500 коинов; VKC response code: 200
07:35:50 | ID 501562122 пополнил баланс на 100000000 коинов
07:36:35 | Розыгрыш ставок для игры №8203:
ID 374857891 поставил 1000 коинов на primary и выиграл 1500 коинов при выигрышном цвете primary
ID 501562122 поставил 50000 коинов на primary и выиграл 75000 коинов при выигрышном цвете primary
07:37:23 | Розыгрыш ставок для игры №8204:
ID 374857891 поставил 1000 коинов на danger и проиграл при выигрышном цвете primary
ID 501562122 поставил 50000 коинов на success и проиграл при выигрышном цвете primary
07:38:09 | Розыгрыш ставок для игры №8205:
ID 501562122 поставил 75000 коинов на primary и проиграл при выигрышном цвете success
08:41:23 | ID 404073084 пополнил баланс на 100000000 коинов
08:42:15 | Розыгрыш ставок для игры №8206:
ID 404073084 поставил 10000 коинов на primary и проиграл при выигрышном цвете danger
08:42:36 | ID 404073084 запросил вывод 90001 коинов; VKC response code: 200
09:14:15 | ID 468901609 пополнил баланс на 22222000 коинов
09:14:57 | Розыгрыш ставок для игры №8207:
ID 468901609 поставил 6666 коинов на success и выиграл 16665 коинов при выигрышном цвете success
09:15:42 | Розыгрыш ставок для игры №8208:
ID 468901609 поставил 13332 коинов на primary и выиграл 19998 коинов при выигрышном цвете primary
09:16:59 | Розыгрыш ставок для игры №8209:
ID 468901609 поставил 3333 коинов на danger и проиграл при выигрышном цвете primary
09:17:45 | Розыгрыш ставок для игры №8210:
ID 468901609 поставил 3333 коинов на danger и проиграл при выигрышном цвете success
09:18:31 | Розыгрыш ставок для игры №8211:
ID 468901609 поставил 3333 коинов на danger и проиграл при выигрышном цвете success
09:19:21 | Розыгрыш ставок для игры №8212:
ID 468901609 поставил 6666 коинов на danger и проиграл при выигрышном цвете primary
09:20:05 | Розыгрыш ставок для игры №8213:
ID 468901609 поставил 6666 коинов на danger и проиграл при выигрышном цвете success
09:20:53 | Розыгрыш ставок для игры №8214:
ID 468901609 поставил 5555 коинов на danger и выиграл 24997.5 коинов при выигрышном цвете danger
09:21:44 | Розыгрыш ставок для игры №8215:
ID 468901609 поставил 6166 коинов на primary и проиграл при выигрышном цвете danger
09:22:30 | Розыгрыш ставок для игры №8216:
ID 468901609 поставил 6166 коинов на primary и выиграл 9249 коинов при выигрышном цвете primary
09:23:22 | Розыгрыш ставок для игры №8217:
ID 468901609 поставил 6166 коинов на success и выиграл 15415 коинов при выигрышном цвете success
09:24:16 | Розыгрыш ставок для игры №8218:
ID 468901609 поставил 6166 коинов на primary и проиграл при выигрышном цвете success
09:25:03 | Розыгрыш ставок для игры №8219:
ID 468901609 поставил 11111 коинов на primary и проиграл при выигрышном цвете success
09:26:00 | Розыгрыш ставок для игры №8220:
ID 468901609 поставил 22222 коинов на primary и проиграл при выигрышном цвете success
09:26:22 | ID 468901609 пополнил баланс на 100000000 коинов
09:26:36 | ID 468901609 пополнил баланс на 10011000 коинов
09:27:11 | Розыгрыш ставок для игры №8221:
ID 468901609 поставил 111111 коинов на primary и проиграл при выигрышном цвете danger
09:27:36 | ID 468901609 пополнил баланс на 300000000 коинов
09:28:15 | Розыгрыш ставок для игры №8222:
ID 468901609 поставил 55555 коинов на danger и проиграл при выигрышном цвете primary
09:29:01 | Розыгрыш ставок для игры №8223:
ID 468901609 поставил 55555 коинов на danger и проиграл при выигрышном цвете success
09:29:01 | Розыгрыш ставок для игры №8224:
ID 468901609 поставил 55555 коинов на danger и проиграл при выигрышном цвете primary
09:29:49 | Розыгрыш ставок для игры №8225:
ID 468901609 поставил 55555 коинов на danger и проиграл при выигрышном цвете success
09:30:32 | Розыгрыш ставок для игры №8226:
ID 468901609 поставил 55555 коинов на danger и выиграл 249997.5 коинов при выигрышном цвете danger
09:31:19 | Розыгрыш ставок для игры №8227:
ID 468901609 поставил 111110 коинов на primary и выиграл 166665 коинов при выигрышном цвете primary
09:32:20 | Розыгрыш ставок для игры №8228:
ID 468901609 поставил 5555 коинов на success и проиграл при выигрышном цвете primary
09:33:11 | Розыгрыш ставок для игры №8229:
ID 468901609 поставил 55555 коинов на danger и проиграл при выигрышном цвете primary
09:34:25 | Розыгрыш ставок для игры №8230:
ID 468901609 поставил 55555 коинов на danger и проиграл при выигрышном цвете primary
09:35:09 | Розыгрыш ставок для игры №8231:
ID 468901609 поставил 55555 коинов на danger и проиграл при выигрышном цвете primary
09:36:14 | Розыгрыш ставок для игры №8232:
ID 468901609 поставил 55555 коинов на danger и проиграл при выигрышном цвете success
09:37:27 | Розыгрыш ставок для игры №8233:
ID 468901609 поставил 55555 коинов на danger и проиграл при выигрышном цвете primary
09:38:10 | Розыгрыш ставок для игры №8234:
ID 468901609 поставил 55555 коинов на danger и проиграл при выигрышном цвете success
09:39:02 | Розыгрыш ставок для игры №8235:
ID 468901609 поставил 44444 коинов на danger и проиграл при выигрышном цвете primary
09:39:02 | Розыгрыш ставок для игры №8236:
ID 468901609 поставил 44444 коинов на danger и проиграл при выигрышном цвете primary
09:39:28 | ID 468901609 пополнил баланс на 200000000 коинов
09:40:06 | Розыгрыш ставок для игры №8237:
ID 468901609 поставил 200000 коинов на danger и проиграл при выигрышном цвете primary
09:40:52 | ID 468901609 пополнил баланс на 46000000 коинов
09:41:28 | Розыгрыш ставок для игры №8238:
ID 468901609 поставил 46568 коинов на danger и выиграл 209556 коинов при выигрышном цвете danger
09:44:21 | Розыгрыш ставок для игры №8239:
ID 468901609 поставил 100000 коинов на primary и выиграл 150000 коинов при выигрышном цвете primary
09:45:07 | Розыгрыш ставок для игры №8240:
ID 468901609 поставил 100000 коинов на success и проиграл при выигрышном цвете primary
09:46:02 | Розыгрыш ставок для игры №8241:
ID 468901609 поставил 100000 коинов на danger и проиграл при выигрышном цвете primary
09:46:02 | Розыгрыш ставок для игры №8242:
ID 468901609 поставил 100000 коинов на danger и выиграл 450000 коинов при выигрышном цвете danger
09:46:51 | ID 562889442 пополнил баланс на 1000000000 коинов
09:46:53 | ID 466487905 пополнил баланс на 955000 коинов
09:47:23 | Розыгрыш ставок для игры №8243:
ID 468901609 поставил 100000 коинов на success и проиграл при выигрышном цвете danger
ID 562889442 поставил 1000 коинов на primary и проиграл при выигрышном цвете danger
09:48:08 | Розыгрыш ставок для игры №8244:
ID 468901609 поставил 100000 коинов на success и выиграл 250000 коинов при выигрышном цвете success
ID 562889442 поставил 64000 коинов на success и выиграл 160000 коинов при выигрышном цвете success
09:49:05 | Розыгрыш ставок для игры №8245:
ID 562889442 поставил 16000 коинов на primary и проиграл при выигрышном цвете success
09:49:39 | ID 466487905 пополнил баланс на 7000000 коинов
09:49:57 | Розыгрыш ставок для игры №8246:
ID 562889442 поставил 64000 коинов на primary и выиграл 96000 коинов при выигрышном цвете primary
ID 466487905 поставил 7955 коинов на primary и выиграл 11932.5 коинов при выигрышном цвете primary
09:50:19 | ID 466487905 запросил вывод 11932 коинов; VKC response code: 200
09:51:02 | Розыгрыш ставок для игры №8247:
ID 562889442 поставил 16000 коинов на primary и проиграл при выигрышном цвете danger
ID 468901609 поставил 55555 коинов на primary и проиграл при выигрышном цвете danger
09:51:02 | Розыгрыш ставок для игры №8248:
ID 562889442 поставил 16000 коинов на primary и проиграл при выигрышном цвете success
ID 468901609 поставил 55555 коинов на primary и проиграл при выигрышном цвете success
09:51:46 | Розыгрыш ставок для игры №8249:
ID 468901609 поставил 55555 коинов на primary и выиграл 83332.5 коинов при выигрышном цвете primary
ID 562889442 поставил 64000 коинов на primary и выиграл 96000 коинов при выигрышном цвете primary
09:52:38 | Розыгрыш ставок для игры №8250:
ID 468901609 поставил 33333 коинов на danger и проиграл при выигрышном цвете success
ID 562889442 поставил 16000 коинов на danger и проиграл при выигрышном цвете success
09:53:22 | Розыгрыш ставок для игры №8251:
ID 468901609 поставил 33333 коинов на danger и выиграл 149998.5 коинов при выигрышном цвете danger
ID 562889442 поставил 16000 коинов на danger и выиграл 72000 коинов при выигрышном цвете danger
09:54:15 | Розыгрыш ставок для игры №8252:
ID 468901609 поставил 33943 коинов на primary и проиграл при выигрышном цвете danger
ID 562889442 поставил 32000 коинов на primary и проиграл при выигрышном цвете danger
09:55:05 | Розыгрыш ставок для игры №8253:
ID 468901609 поставил 33333 коинов на success и проиграл при выигрышном цвете primary
ID 562889442 поставил 128000 коинов на primary и выиграл 192000 коинов при выигрышном цвете primary
09:55:57 | Розыгрыш ставок для игры №8254:
ID 468901609 поставил 33333 коинов на primary и выиграл 49999.5 коинов при выигрышном цвете primary
ID 562889442 поставил 32000 коинов на primary и выиграл 48000 коинов при выигрышном цвете primary
09:56:46 | Розыгрыш ставок для игры №8255:
ID 468901609 поставил 22222 коинов на danger и проиграл при выигрышном цвете primary
ID 562889442 поставил 32000 коинов на success и проиграл при выигрышном цвете primary
09:57:29 | Розыгрыш ставок для игры №8256:
ID 468901609 поставил 22222 коинов на danger и проиграл при выигрышном цвете success
ID 562889442 поставил 64000 коинов на success и выиграл 160000 коинов при выигрышном цвете success
09:58:13 | Розыгрыш ставок для игры №8257:
ID 468901609 поставил 22222 коинов на danger и выиграл 99999 коинов при выигрышном цвете danger
09:58:58 | Розыгрыш ставок для игры №8258:
ID 468901609 поставил 22222 коинов на primary и проиграл при выигрышном цвете success
09:59:41 | Розыгрыш ставок для игры №8259:
ID 468901609 поставил 22222 коинов на primary и проиграл при выигрышном цвете danger
ID 562889442 поставил 128000 коинов на primary и проиграл при выигрышном цвете danger
10:00:27 | Розыгрыш ставок для игры №8260:
ID 468901609 поставил 66666 коинов на primary и выиграл 99999 коинов при выигрышном цвете primary
ID 562889442 поставил 256000 коинов на primary и выиграл 384000 коинов при выигрышном цвете primary
10:01:25 | Розыгрыш ставок для игры №8261:
ID 562889442 поставил 128000 коинов на primary и выиграл 192000 коинов при выигрышном цвете primary
ID 468901609 поставил 6722 коинов на danger и проиграл при выигрышном цвете primary
10:02:19 | Розыгрыш ставок для игры №8262:
ID 468901609 поставил 6666 коинов на success и проиграл при выигрышном цвете primary
ID 562889442 поставил 128000 коинов на success и проиграл при выигрышном цвете primary
10:03:13 | Розыгрыш ставок для игры №8263:
ID 562889442 поставил 256000 коинов на success и выиграл 640000 коинов при выигрышном цвете success
ID 468901609 поставил 66666 коинов на danger и проиграл при выигрышном цвете success
10:04:01 | Розыгрыш ставок для игры №8264:
ID 468901609 поставил 100000 коинов на danger и выиграл 450000 коинов при выигрышном цвете danger
ID 562889442 поставил 64000 коинов на danger и выиграл 288000 коинов при выигрышном цвете danger
10:04:01 | Розыгрыш ставок для игры №8265:
ID 468901609 поставил 100000 коинов на danger и выиграл 450000 коинов при выигрышном цвете danger
ID 562889442 поставил 64000 коинов на danger и выиграл 288000 коинов при выигрышном цвете danger
10:05:21 | Розыгрыш ставок для игры №8266:
ID 468901609 поставил 6668 коинов на primary и проиграл при выигрышном цвете success
ID 562889442 поставил 64000 коинов на primary и проиграл при выигрышном цвете success
10:06:12 | Розыгрыш ставок для игры №8267:
ID 562889442 поставил 128000 коинов на primary и выиграл 192000 коинов при выигрышном цвете primary
10:07:05 | ID 468901609 запросил вывод 50000 коинов; VKC response code: 200
10:07:11 | ID 468901609 запросил вывод 50000 коинов; VKC response code: 200
10:07:15 | ID 468901609 запросил вывод 50000 коинов; VKC response code: 200
10:07:19 | ID 468901609 запросил вывод 50000 коинов; VKC response code: 200
10:07:23 | ID 468901609 запросил вывод 50000 коинов; VKC response code: 200
10:07:27 | ID 468901609 запросил вывод 50000 коинов; VKC response code: 200
10:07:46 | Розыгрыш ставок для игры №8268:
ID 562889442 поставил 128000 коинов на primary и проиграл при выигрышном цвете danger
10:08:17 | ID 587460695 пополнил баланс на 50000000 коинов
10:08:37 | Розыгрыш ставок для игры №8269:
ID 562889442 поставил 256000 коинов на primary и проиграл при выигрышном цвете success
10:08:42 | ID 468901609 запросил вывод 1000000 коинов; VKC response code: 200
10:09:26 | Розыгрыш ставок для игры №8270:
ID 562889442 поставил 1024000 коинов на primary и проиграл при выигрышном цвете success
ID 587460695 поставил 50000 коинов на danger и проиграл при выигрышном цвете success
10:09:55 | ID 587460695 пополнил баланс на 10000000 коинов
10:09:57 | ID 562889442 пополнил баланс на 8000000000 коинов
10:10:42 | Розыгрыш ставок для игры №8271:
ID 587460695 поставил 10000 коинов на danger и выиграл 45000 коинов при выигрышном цвете danger
ID 562889442 поставил 1524000 коинов на primary и проиграл при выигрышном цвете danger
10:11:31 | Розыгрыш ставок для игры №8272:
ID 562889442 поставил 3048000 коинов на primary и проиграл при выигрышном цвете success
ID 587460695 поставил 20000 коинов на success и выиграл 50000 коинов при выигрышном цвете success
10:12:27 | Розыгрыш ставок для игры №8273:
ID 562889442 поставил 4131000 коинов на primary и проиграл при выигрышном цвете danger
ID 587460695 поставил 50000 коинов на danger и выиграл 225000 коинов при выигрышном цвете danger
10:14:20 | Розыгрыш ставок для игры №8274:
ID 587460695 поставил 100000 коинов на primary и выиграл 150000 коинов при выигрышном цвете primary
10:15:37 | ID 587460695 запросил вывод 300000 коинов; VKC response code: 200
10:19:22 | ID 587460695 пополнил баланс на 10000000 коинов
10:19:39 | ID 587460695 пополнил баланс на 10000000 коинов
10:20:27 | Розыгрыш ставок для игры №8275:
ID 587460695 поставил 20000 коинов на primary и выиграл 30000 коинов при выигрышном цвете primary
10:21:29 | Розыгрыш ставок для игры №8276:
ID 587460695 поставил 10000 коинов на danger и выиграл 45000 коинов при выигрышном цвете danger
10:22:31 | Розыгрыш ставок для игры №8277:
ID 587460695 поставил 5000 коинов на danger и проиграл при выигрышном цвете success
10:23:25 | Розыгрыш ставок для игры №8278:
ID 587460695 поставил 30000 коинов на danger и проиграл при выигрышном цвете primary
10:24:19 | Розыгрыш ставок для игры №8279:
ID 587460695 поставил 30000 коинов на danger и проиграл при выигрышном цвете success
10:25:55 | ID 587460695 пополнил баланс на 15000000 коинов
10:26:34 | Розыгрыш ставок для игры №8280:
ID 587460695 поставил 7500 коинов на success и проиграл при выигрышном цвете primary
10:27:28 | Розыгрыш ставок для игры №8281:
ID 587460695 поставил 7500 коинов на danger и выиграл 33750 коинов при выигрышном цвете danger
10:28:32 | Розыгрыш ставок для игры №8282:
ID 587460695 поставил 33750 коинов на primary и проиграл при выигрышном цвете success
10:29:01 | ID 587460695 пополнил баланс на 50000000 коинов
10:29:43 | Розыгрыш ставок для игры №8283:
ID 587460695 поставил 50000 коинов на danger и проиграл при выигрышном цвете success
10:30:39 | ID 587460695 пополнил баланс на 100000000 коинов
10:31:37 | Розыгрыш ставок для игры №8284:
ID 587460695 поставил 100000 коинов на danger и проиграл при выигрышном цвете primary
10:32:51 | ID 587460695 пополнил баланс на 200000000 коинов
10:33:27 | Розыгрыш ставок для игры №8285:
ID 587460695 поставил 200000 коинов на danger и проиграл при выигрышном цвете primary
10:35:06 | ID 587460695 пополнил баланс на 200000000 коинов
10:35:39 | Розыгрыш ставок для игры №8286:
ID 587460695 поставил 200000 коинов на danger и проиграл при выигрышном цвете primary
10:46:29 | ID 464389243 пополнил баланс на 15000000 коинов
10:46:38 | Розыгрыш ставок для игры №8287:
ID 464389243 поставил 1000 коинов на success и проиграл при выигрышном цвете primary
10:47:20 | Розыгрыш ставок для игры №8288:
ID 464389243 поставил 7000 коинов на success и выиграл 17500 коинов при выигрышном цвете success
10:48:13 | Розыгрыш ставок для игры №8289:
ID 464389243 поставил 8000 коинов на primary и выиграл 12000 коинов при выигрышном цвете primary
10:48:58 | Розыгрыш ставок для игры №8290:
ID 464389243 поставил 5000 коинов на success и проиграл при выигрышном цвете primary
10:58:32 | ID 458162388 пополнил баланс на 1999000000 коинов
10:59:19 | Розыгрыш ставок для игры №8291:
ID 458162388 поставил 333000 коинов на success и проиграл при выигрышном цвете danger
11:00:03 | Розыгрыш ставок для игры №8292:
ID 458162388 поставил 333000 коинов на success и выиграл 832500 коинов при выигрышном цвете success
11:00:17 | ID 340418264 пополнил баланс на 5900000000 коинов
11:00:55 | Розыгрыш ставок для игры №8293:
ID 458162388 поставил 165500 коинов на primary и выиграл 248250 коинов при выигрышном цвете primary
11:01:48 | Розыгрыш ставок для игры №8294:
ID 458162388 поставил 48250 коинов на primary и выиграл 72375 коинов при выигрышном цвете primary
11:02:44 | Розыгрыш ставок для игры №8295:
ID 458162388 поставил 72375 коинов на success и выиграл 180937.5 коинов при выигрышном цвете success
11:03:41 | Розыгрыш ставок для игры №8296:
ID 458162388 поставил 380938 коинов на danger и выиграл 1714221 коинов при выигрышном цвете danger
11:04:38 | Розыгрыш ставок для игры №8297:
ID 458162388 поставил 214221 коинов на primary и проиграл при выигрышном цвете danger
11:06:26 | Розыгрыш ставок для игры №8298:
ID 458162388 поставил 500000 коинов на primary и выиграл 750000 коинов при выигрышном цвете primary
11:07:11 | Розыгрыш ставок для игры №8299:
ID 340418264 поставил 1000 коинов на danger и проиграл при выигрышном цвете success
ID 458162388 поставил 250000 коинов на success и выиграл 625000 коинов при выигрышном цвете success
11:07:57 | Розыгрыш ставок для игры №8300:
ID 340418264 поставил 2000 коинов на danger и проиграл при выигрышном цвете success
ID 458162388 поставил 125000 коинов на primary и проиграл при выигрышном цвете success
11:08:50 | Розыгрыш ставок для игры №8301:
ID 458162388 поставил 1000000 коинов на primary и выиграл 1500000 коинов при выигрышном цвете primary
ID 340418264 поставил 4000 коинов на danger и проиграл при выигрышном цвете primary
11:09:37 | Розыгрыш ставок для игры №8302:
ID 340418264 поставил 8000 коинов на danger и проиграл при выигрышном цвете primary
ID 458162388 поставил 100000 коинов на danger и проиграл при выигрышном цвете primary
11:10:21 | Розыгрыш ставок для игры №8303:
ID 340418264 поставил 16000 коинов на danger и проиграл при выигрышном цвете success
ID 458162388 поставил 400000 коинов на danger и проиграл при выигрышном цвете success
11:11:16 | Розыгрыш ставок для игры №8304:
ID 458162388 поставил 1000000 коинов на danger и проиграл при выигрышном цвете primary
ID 340418264 поставил 32000 коинов на danger и проиграл при выигрышном цвете primary
11:12:00 | Розыгрыш ставок для игры №8305:
ID 340418264 поставил 64000 коинов на danger и проиграл при выигрышном цвете primary
ID 458162388 поставил 1000000 коинов на danger и проиграл при выигрышном цвете primary
11:12:45 | Розыгрыш ставок для игры №8306:
ID 340418264 поставил 128000 коинов на danger и выиграл 576000 коинов при выигрышном цвете danger
ID 458162388 поставил 2000000 коинов на danger и выиграл 9000000 коинов при выигрышном цвете danger
11:13:42 | Розыгрыш ставок для игры №8307:
ID 340418264 поставил 1000 коинов на danger и проиграл при выигрышном цвете primary
ID 458162388 поставил 750000 коинов на primary и выиграл 1125000 коинов при выигрышном цвете primary
11:14:26 | Розыгрыш ставок для игры №8308:
ID 340418264 поставил 2000 коинов на danger и проиграл при выигрышном цвете primary
ID 458162388 поставил 375000 коинов на success и проиграл при выигрышном цвете primary
11:15:19 | Розыгрыш ставок для игры №8309:
ID 340418264 поставил 4000 коинов на danger и проиграл при выигрышном цвете primary
ID 458162388 поставил 750000 коинов на success и проиграл при выигрышном цвете primary
11:16:04 | Розыгрыш ставок для игры №8310:
ID 340418264 поставил 8000 коинов на danger и проиграл при выигрышном цвете primary
ID 458162388 поставил 1250000 коинов на success и проиграл при выигрышном цвете primary
11:16:49 | Розыгрыш ставок для игры №8311:
ID 340418264 поставил 16000 коинов на danger и проиграл при выигрышном цвете success
ID 458162388 поставил 2000000 коинов на success и выиграл 5000000 коинов при выигрышном цвете success
11:17:33 | Розыгрыш ставок для игры №8312:
ID 340418264 поставил 32000 коинов на danger и проиграл при выигрышном цвете primary
11:17:58 | ID 458162388 запросил вывод 10000000 коинов; VKC response code: 200
11:18:23 | Розыгрыш ставок для игры №8313:
ID 340418264 поставил 64000 коинов на danger и выиграл 288000 коинов при выигрышном цвете danger
11:19:10 | Розыгрыш ставок для игры №8314:
ID 340418264 поставил 1000 коинов на danger и проиграл при выигрышном цвете primary
11:21:08 | Розыгрыш ставок для игры №8315:
ID 340418264 поставил 2000 коинов на danger и проиграл при выигрышном цвете primary
11:21:35 | ID 490999034 пополнил баланс на 100000 коинов
11:21:59 | Розыгрыш ставок для игры №8316:
ID 340418264 поставил 4000 коинов на danger и проиграл при выигрышном цвете success
11:23:00 | ID 476227471 пополнил баланс на 1000000000 коинов
11:23:36 | Розыгрыш ставок для игры №8317:
ID 476227471 поставил 1000000 коинов на danger и проиграл при выигрышном цвете primary
ID 340418264 поставил 8000 коинов на danger и проиграл при выигрышном цвете primary
11:25:29 | Розыгрыш ставок для игры №8318:
ID 340418264 поставил 16000 коинов на danger и проиграл при выигрышном цвете primary
11:26:31 | Розыгрыш ставок для игры №8319:
ID 340418264 поставил 32000 коинов на danger и проиграл при выигрышном цвете primary
11:29:02 | Розыгрыш ставок для игры №8320:
ID 340418264 поставил 64000 коинов на danger и проиграл при выигрышном цвете success
11:30:18 | Розыгрыш ставок для игры №8321:
ID 340418264 поставил 128000 коинов на danger и проиграл при выигрышном цвете success
11:31:19 | Розыгрыш ставок для игры №8322:
ID 340418264 поставил 256000 коинов на danger и проиграл при выигрышном цвете success
11:32:03 | Розыгрыш ставок для игры №8323:
ID 340418264 поставил 512000 коинов на danger и проиграл при выигрышном цвете success
11:33:06 | Розыгрыш ставок для игры №8324:
ID 340418264 поставил 1024000 коинов на danger и проиграл при выигрышном цвете primary
11:33:57 | Розыгрыш ставок для игры №8325:
ID 340418264 поставил 2048000 коинов на danger и проиграл при выигрышном цвете primary
11:34:42 | Розыгрыш ставок для игры №8326:
ID 340418264 поставил 2048000 коинов на danger и проиграл при выигрышном цвете success
11:35:50 | Розыгрыш ставок для игры №8327:
ID 340418264 поставил 239000 коинов на success и проиграл при выигрышном цвете danger
11:38:17 | ID 489677842 пополнил баланс на 1000000000 коинов
11:38:54 | Розыгрыш ставок для игры №8328:
ID 489677842 поставил 1000000 коинов на danger и проиграл при выигрышном цвете primary
11:59:48 | ID 592746993 пополнил баланс на 70000000 коинов
12:00:23 | Розыгрыш ставок для игры №8329:
ID 592746993 поставил 70000 коинов на danger и проиграл при выигрышном цвете success
12:01:39 | ID 476227471 пополнил баланс на 10000000000 коинов
12:02:16 | Розыгрыш ставок для игры №8330:
ID 476227471 поставил 10000000 коинов на primary и выиграл 15000000 коинов при выигрышном цвете primary
12:02:42 | ID 476227471 запросил вывод 10000000 коинов; VKC response code: 200
12:03:04 | Розыгрыш ставок для игры №8331:
ID 476227471 поставил 5000000 коинов на success и проиграл при выигрышном цвете primary
12:03:42 | ID 476227471 пополнил баланс на 19760142000 коинов
12:04:27 | Розыгрыш ставок для игры №8332:
ID 476227471 поставил 9880071 коинов на primary и выиграл 14820106.5 коинов при выигрышном цвете primary
12:05:04 | ID 476227471 запросил вывод 20000000 коинов; VKC response code: 200
12:05:21 | Розыгрыш ставок для игры №8333:
ID 476227471 поставил 4700178 коинов на danger и выиграл 21150801 коинов при выигрышном цвете danger
12:06:01 | ID 476227471 запросил вывод 20000000 коинов; VKC response code: 200
12:06:25 | Розыгрыш ставок для игры №8334:
ID 476227471 поставил 1150801 коинов на danger и проиграл при выигрышном цвете success
12:51:31 | ID 436711391 пополнил баланс на 10000000 коинов
12:52:13 | Розыгрыш ставок для игры №8335:
ID 436711391 поставил 1000 коинов на success и выиграл 2500 коинов при выигрышном цвете success
12:57:22 | ID 546133590 пополнил баланс на 30000000 коинов
12:57:59 | Розыгрыш ставок для игры №8336:
ID 546133590 поставил 30000 коинов на primary и выиграл 45000 коинов при выигрышном цвете primary
12:58:45 | Розыгрыш ставок для игры №8337:
ID 546133590 поставил 45000 коинов на success и проиграл при выигрышном цвете danger
13:51:03 | ID 587460695 пополнил баланс на 10000000 коинов
13:52:15 | Розыгрыш ставок для игры №8338:
ID 587460695 поставил 4500 коинов на primary и выиграл 6750 коинов при выигрышном цвете primary
13:53:13 | Розыгрыш ставок для игры №8339:
ID 587460695 поставил 5000 коинов на danger и проиграл при выигрышном цвете success
13:54:28 | Розыгрыш ставок для игры №8340:
ID 587460695 поставил 4000 коинов на danger и проиграл при выигрышном цвете primary
13:55:22 | Розыгрыш ставок для игры №8341:
ID 587460695 поставил 3000 коинов на success и проиграл при выигрышном цвете danger
13:56:05 | ID 587460695 запросил вывод 250 коинов; VKC response code: 200
13:56:28 | ID 587460695 пополнил баланс на 5000000 коинов
13:57:09 | Розыгрыш ставок для игры №8342:
ID 587460695 поставил 5000 коинов на primary и выиграл 7500 коинов при выигрышном цвете primary
13:58:31 | Розыгрыш ставок для игры №8343:
ID 587460695 поставил 7500 коинов на danger и проиграл при выигрышном цвете primary
14:11:37 | ID 551654275 пополнил баланс на 90000000 коинов
14:12:13 | Розыгрыш ставок для игры №8344:
ID 551654275 поставил 55000 коинов на primary и выиграл 82500 коинов при выигрышном цвете primary
14:13:02 | Розыгрыш ставок для игры №8345:
ID 551654275 поставил 17500 коинов на success и проиграл при выигрышном цвете primary
14:13:02 | Розыгрыш ставок для игры №8346:
ID 551654275 поставил 17500 коинов на success и проиграл при выигрышном цвете danger
14:13:55 | Розыгрыш ставок для игры №8347:
ID 551654275 поставил 50000 коинов на success и проиграл при выигрышном цвете primary
14:14:40 | Розыгрыш ставок для игры №8348:
ID 551654275 поставил 50000 коинов на success и проиграл при выигрышном цвете primary
14:55:39 | ID 544042096 пополнил баланс на 1033332000 коинов
14:56:22 | Розыгрыш ставок для игры №8349:
ID 544042096 поставил 33332 коинов на primary и проиграл при выигрышном цвете success
14:57:07 | Розыгрыш ставок для игры №8350:
ID 544042096 поставил 100000 коинов на danger и выиграл 450000 коинов при выигрышном цвете danger
14:58:08 | Розыгрыш ставок для игры №8351:
ID 544042096 поставил 1350000 коинов на primary и выиграл 2025000 коинов при выигрышном цвете primary
14:59:02 | Розыгрыш ставок для игры №8352:
ID 544042096 поставил 25000 коинов на success и проиграл при выигрышном цвете danger
14:59:02 | Розыгрыш ставок для игры №8353:
ID 544042096 поставил 25000 коинов на success и проиграл при выигрышном цвете danger
15:00:22 | Розыгрыш ставок для игры №8354:
ID 544042096 поставил 200000 коинов на primary и проиграл при выигрышном цвете success
15:01:51 | Розыгрыш ставок для игры №8355:
ID 544042096 поставил 200000 коинов на primary и проиграл при выигрышном цвете success
15:02:44 | Розыгрыш ставок для игры №8356:
ID 544042096 поставил 1600000 коинов на primary и проиграл при выигрышном цвете success
16:14:03 | Розыгрыш ставок для игры №8357:
ID 467531032 поставил 1000 коинов на primary и проиграл при выигрышном цвете success
16:17:31 | Розыгрыш ставок для игры №8358:
ID 565990202 поставил 1000 коинов на primary и выиграл 1500 коинов при выигрышном цвете primary
16:53:15 | ID 458162388 пополнил баланс на 1000000000 коинов
16:53:53 | Розыгрыш ставок для игры №8359:
ID 458162388 поставил 250000 коинов на success и проиграл при выигрышном цвете primary
16:54:40 | Розыгрыш ставок для игры №8360:
ID 458162388 поставил 750000 коинов на primary и выиграл 1125000 коинов при выигрышном цвете primary
16:55:27 | Розыгрыш ставок для игры №8361:
ID 458162388 поставил 1125000 коинов на success и выиграл 2812500 коинов при выигрышном цвете success
16:56:21 | Розыгрыш ставок для игры №8362:
ID 458162388 поставил 2812500 коинов на danger и проиграл при выигрышном цвете success
17:09:08 | ID 539185565 пополнил баланс на 1500000 коинов
17:09:45 | Розыгрыш ставок для игры №8363:
ID 539185565 поставил 1644 коинов на success и проиграл при выигрышном цвете primary
17:13:25 | ID 544984962 пополнил баланс на 8000000 коинов
17:14:00 | Розыгрыш ставок для игры №8364:
ID 544984962 поставил 8000 коинов на primary и проиграл при выигрышном цвете danger
17:28:03 | Розыгрыш ставок для игры №8365:
ID 333726643 поставил 7000 коинов на primary и выиграл 10500 коинов при выигрышном цвете primary
17:28:49 | Розыгрыш ставок для игры №8366:
ID 333726643 поставил 10000 коинов на success и проиграл при выигрышном цвете primary
17:59:32 | Розыгрыш ставок для игры №8367:
ID 503177212 поставил 20000 коинов на danger и проиграл при выигрышном цвете primary
18:00:15 | Розыгрыш ставок для игры №8368:
ID 503177212 поставил 10000 коинов на danger и проиграл при выигрышном цвете success
18:09:38 | Розыгрыш ставок для игры №8369:
ID 133810527 поставил 1000 коинов на primary и проиграл при выигрышном цвете success
18:10:41 | ID 508433205 пополнил баланс на 300000000 коинов
18:11:20 | Розыгрыш ставок для игры №8370:
ID 508433205 поставил 50000 коинов на primary и выиграл 75000 коинов при выигрышном цвете primary
18:12:05 | Розыгрыш ставок для игры №8371:
ID 508433205 поставил 50000 коинов на success и проиграл при выигрышном цвете primary
18:12:47 | Розыгрыш ставок для игры №8372:
ID 508433205 поставил 275000 коинов на success и выиграл 687500 коинов при выигрышном цвете success
18:13:35 | Розыгрыш ставок для игры №8373:
ID 508433205 поставил 68750 коинов на primary и проиграл при выигрышном цвете success
18:14:36 | Розыгрыш ставок для игры №8374:
ID 508433205 поставил 618750 коинов на primary и выиграл 928125 коинов при выигрышном цвете primary
18:15:30 | Розыгрыш ставок для игры №8375:
ID 508433205 поставил 77343 коинов на primary и выиграл 116014.5 коинов при выигрышном цвете primary
18:16:26 | Розыгрыш ставок для игры №8376:
ID 508433205 поставил 66796 коинов на primary и проиграл при выигрышном цвете success
18:17:27 | Розыгрыш ставок для игры №8377:
ID 508433205 поставил 900000 коинов на primary и выиграл 1350000 коинов при выигрышном цвете primary
18:18:08 | ID 508433205 запросил вывод 1350000 коинов; VKC response code: 200
18:42:53 | ID 453807284 пополнил баланс на 100000000 коинов
18:43:32 | Розыгрыш ставок для игры №8378:
ID 453807284 поставил 100000 коинов на primary и проиграл при выигрышном цвете success
19:13:14 | ID 303860247 пополнил баланс на 1530000000 коинов
19:13:48 | Розыгрыш ставок для игры №8379:
ID 303860247 поставил 1530000 коинов на primary и проиграл при выигрышном цвете danger
19:20:10 | ID 422844755 пополнил баланс на 2000000000 коинов
19:20:53 | Розыгрыш ставок для игры №8380:
ID 422844755 поставил 2000000 коинов на primary и проиграл при выигрышном цвете success
20:17:22 | Розыгрыш ставок для игры №8381:
ID 436711391 поставил 10000 коинов на danger и проиграл при выигрышном цвете primary
20:18:13 | Розыгрыш ставок для игры №8382:
ID 436711391 поставил 1500 коинов на primary и проиграл при выигрышном цвете success
20:39:51 | Розыгрыш ставок для игры №8383:
ID 182966365 поставил 1000 коинов на success и выиграл 2500 коинов при выигрышном цвете success
20:40:45 | ID 333726643 пополнил баланс на 1000000000 коинов
20:40:48 | Розыгрыш ставок для игры №8384:
ID 182966365 поставил 1250 коинов на danger и проиграл при выигрышном цвете primary
20:41:22 | ID 562427284 пополнил баланс на 5000000 коинов
20:41:31 | Розыгрыш ставок для игры №8385:
ID 182966365 поставил 1250 коинов на danger и проиграл при выигрышном цвете primary
ID 333726643 поставил 50000 коинов на danger и проиграл при выигрышном цвете primary
ID 562427284 поставил 5000 коинов на success и проиграл при выигрышном цвете primary
20:42:14 | Розыгрыш ставок для игры №8386:
ID 333726643 поставил 50000 коинов на danger и проиграл при выигрышном цвете success
20:42:56 | Розыгрыш ставок для игры №8387:
ID 333726643 поставил 50000 коинов на danger и выиграл 225000 коинов при выигрышном цвете danger
20:44:06 | Розыгрыш ставок для игры №8388:
ID 333726643 поставил 50000 коинов на primary и проиграл при выигрышном цвете danger
20:44:48 | Розыгрыш ставок для игры №8389:
ID 333726643 поставил 50000 коинов на primary и выиграл 75000 коинов при выигрышном цвете primary
20:45:33 | Розыгрыш ставок для игры №8390:
ID 333726643 поставил 50000 коинов на success и проиграл при выигрышном цвете primary
20:46:15 | Розыгрыш ставок для игры №8391:
ID 333726643 поставил 50000 коинов на success и выиграл 125000 коинов при выигрышном цвете success
20:47:01 | Розыгрыш ставок для игры №8392:
ID 333726643 поставил 50000 коинов на success и проиграл при выигрышном цвете primary
20:47:01 | Розыгрыш ставок для игры №8393:
ID 333726643 поставил 50000 коинов на success и проиграл при выигрышном цвете primary
20:47:45 | Розыгрыш ставок для игры №8394:
ID 333726643 поставил 100000 коинов на primary и проиграл при выигрышном цвете success
20:48:28 | Розыгрыш ставок для игры №8395:
ID 333726643 поставил 100000 коинов на success и проиграл при выигрышном цвете danger
20:49:10 | Розыгрыш ставок для игры №8396:
ID 333726643 поставил 100000 коинов на success и проиграл при выигрышном цвете primary
20:49:56 | Розыгрыш ставок для игры №8397:
ID 333726643 поставил 200000 коинов на primary и проиграл при выигрышном цвете success
20:50:39 | Розыгрыш ставок для игры №8398:
ID 333726643 поставил 200000 коинов на success и проиграл при выигрышном цвете primary
20:51:30 | Розыгрыш ставок для игры №8399:
ID 333726643 поставил 325550 коинов на primary и выиграл 488325 коинов при выигрышном цвете primary
20:52:16 | Розыгрыш ставок для игры №8400:
ID 333726643 поставил 488325 коинов на primary и выиграл 732487.5 коинов при выигрышном цвете primary
20:53:04 | Розыгрыш ставок для игры №8401:
ID 333726643 поставил 132488 коинов на primary и проиграл при выигрышном цвете success
20:53:58 | Розыгрыш ставок для игры №8402:
ID 333726643 поставил 200000 коинов на success и проиграл при выигрышном цвете primary
20:54:40 | Розыгрыш ставок для игры №8403:
ID 333726643 поставил 200000 коинов на danger и проиграл при выигрышном цвете primary
20:55:22 | Розыгрыш ставок для игры №8404:
ID 333726643 поставил 200000 коинов на danger и выиграл 900000 коинов при выигрышном цвете danger
20:56:04 | Розыгрыш ставок для игры №8405:
ID 333726643 поставил 100000 коинов на success и проиграл при выигрышном цвете primary
20:56:48 | Розыгрыш ставок для игры №8406:
ID 333726643 поставил 200000 коинов на success и проиграл при выигрышном цвете primary
20:57:34 | Розыгрыш ставок для игры №8407:
ID 333726643 поставил 300000 коинов на success и проиграл при выигрышном цвете primary
20:58:16 | Розыгрыш ставок для игры №8408:
ID 333726643 поставил 300000 коинов на danger и выиграл 1350000 коинов при выигрышном цвете danger
20:58:33 | ID 333726643 запросил вывод 1350000 коинов; VKC response code: 200
22:34:30 | Розыгрыш ставок для игры №8409:
ID 543340238 поставил 1000 коинов на primary и проиграл при выигрышном цвете danger
22:34:49 | ID 543340238 пополнил баланс на 1000 коинов
23:58:37 | ID 414023989 пополнил баланс на 1000000 коинов
23:58:50 | ID 414023989 пополнил баланс на 1000000 коинов
23:58:56 | ID 414023989 пополнил баланс на 1000000 коинов