
00:00:40 | ID 528956611 запросил вывод 126013 коинов; VKC response code: 200
00:08:35 | ID 366577152 запросил вывод 278000 коинов; VKC response code: 200
05:48:03 | ID 347768350 пополнил баланс на 10000000 коинов
05:48:57 | Розыгрыш ставок для игры №4880:
ID 347768350 поставил 1000 коинов на success и проиграл при выигрышном цвете primary
06:54:35 | Розыгрыш ставок для игры №4881:
ID 484406466 поставил 1000 коинов на primary и проиграл при выигрышном цвете danger
08:11:47 | Розыгрыш ставок для игры №4882:
ID 501562122 поставил 1000 коинов на primary и выиграл 2000 коинов при выигрышном цвете primary
08:12:39 | Розыгрыш ставок для игры №4883:
ID 501562122 поставил 2000 коинов на primary и выиграл 4000 коинов при выигрышном цвете primary
08:13:05 | ID 501562122 пополнил баланс на 100000000 коинов
08:13:50 | Розыгрыш ставок для игры №4884:
ID 501562122 поставил 10000 коинов на primary и проиграл при выигрышном цвете danger
ID 478042030 поставил 1000 коинов на success и проиграл при выигрышном цвете danger
08:14:22 | ID 478042030 пополнил баланс на 50000000 коинов
08:14:42 | Розыгрыш ставок для игры №4885:
ID 501562122 поставил 10000 коинов на danger и проиграл при выигрышном цвете primary
ID 478042030 поставил 50000 коинов на primary и выиграл 100000 коинов при выигрышном цвете primary
08:15:38 | Розыгрыш ставок для игры №4886:
ID 501562122 поставил 50000 коинов на primary и проиграл при выигрышном цвете danger
ID 478042030 поставил 10000 коинов на success и проиграл при выигрышном цвете danger
08:16:38 | Розыгрыш ставок для игры №4887:
ID 501562122 поставил 34000 коинов на primary и выиграл 68000 коинов при выигрышном цвете primary
08:17:43 | Розыгрыш ставок для игры №4888:
ID 501562122 поставил 8000 коинов на primary и проиграл при выигрышном цвете danger
08:18:37 | Розыгрыш ставок для игры №4889:
ID 501562122 поставил 50000 коинов на primary и выиграл 100000 коинов при выигрышном цвете primary
08:28:34 | Розыгрыш ставок для игры №4890:
ID 501562122 поставил 1000 коинов на success и проиграл при выигрышном цвете danger
08:28:58 | ID 501562122 запросил вывод 109000 коинов; VKC response code: 200
08:55:43 | ID 413644263 пополнил баланс на 50000000 коинов
08:58:14 | Розыгрыш ставок для игры №4891:
ID 413644263 поставил 2000 коинов на danger и выиграл 4000 коинов при выигрышном цвете danger
08:59:01 | Розыгрыш ставок для игры №4892:
ID 413644263 поставил 1000 коинов на danger и выиграл 2000 коинов при выигрышном цвете danger
08:59:01 | Розыгрыш ставок для игры №4893:
ID 413644263 поставил 1000 коинов на danger и выиграл 2000 коинов при выигрышном цвете danger
08:59:55 | Розыгрыш ставок для игры №4894:
ID 413644263 поставил 10000 коинов на primary и проиграл при выигрышном цвете danger
09:00:42 | Розыгрыш ставок для игры №4895:
ID 413644263 поставил 25000 коинов на primary и проиграл при выигрышном цвете danger
09:03:21 | Розыгрыш ставок для игры №4896:
ID 413644263 поставил 20000 коинов на primary и проиграл при выигрышном цвете danger
09:03:58 | ID 413644263 пополнил баланс на 100000000 коинов
09:10:03 | ID 231324433 пополнил баланс на 700000 коинов
09:30:34 | Розыгрыш ставок для игры №4897:
ID 183274393 поставил 15000 коинов на primary и выиграл 30000 коинов при выигрышном цвете primary
09:31:20 | Розыгрыш ставок для игры №4898:
ID 183274393 поставил 15000 коинов на primary и проиграл при выигрышном цвете success
09:32:04 | Розыгрыш ставок для игры №4899:
ID 183274393 поставил 15000 коинов на primary и выиграл 30000 коинов при выигрышном цвете primary
09:32:55 | Розыгрыш ставок для игры №4900:
ID 183274393 поставил 15000 коинов на danger и выиграл 30000 коинов при выигрышном цвете danger
09:33:21 | ID 183274393 запросил вывод 30000 коинов; VKC response code: 200
09:33:42 | Розыгрыш ставок для игры №4901:
ID 183274393 поставил 15000 коинов на primary и проиграл при выигрышном цвете danger
09:33:55 | ID 131832955 пополнил баланс на 13000000 коинов
09:34:18 | ID 183274393 пополнил баланс на 250000000 коинов
09:34:39 | Розыгрыш ставок для игры №4902:
ID 131832955 поставил 10000 коинов на primary и проиграл при выигрышном цвете danger
ID 183274393 поставил 150000 коинов на primary и проиграл при выигрышном цвете danger
09:35:20 | Розыгрыш ставок для игры №4903:
ID 183274393 поставил 100000 коинов на primary и проиграл при выигрышном цвете danger
ID 131832955 поставил 3000 коинов на danger и выиграл 6000 коинов при выигрышном цвете danger
09:35:42 | ID 183274393 пополнил баланс на 500000000 коинов
09:36:07 | Розыгрыш ставок для игры №4904:
ID 131832955 поставил 6000 коинов на primary и проиграл при выигрышном цвете danger
ID 183274393 поставил 500000 коинов на primary и проиграл при выигрышном цвете danger
09:36:45 | ID 183274393 пополнил баланс на 700000000 коинов
09:37:18 | Розыгрыш ставок для игры №4905:
ID 183274393 поставил 700000 коинов на primary и проиграл при выигрышном цвете success
10:31:10 | ID 476753447 пополнил баланс на 7000000000 коинов
10:33:51 | Розыгрыш ставок для игры №4906:
ID 476753447 поставил 10000 коинов на primary и выиграл 20000 коинов при выигрышном цвете primary
10:34:47 | Розыгрыш ставок для игры №4907:
ID 476753447 поставил 10000 коинов на danger и проиграл при выигрышном цвете primary
10:35:33 | Розыгрыш ставок для игры №4908:
ID 476753447 поставил 80000 коинов на danger и выиграл 160000 коинов при выигрышном цвете danger
10:36:34 | Розыгрыш ставок для игры №4909:
ID 476753447 поставил 80000 коинов на primary и проиграл при выигрышном цвете danger
10:37:24 | Розыгрыш ставок для игры №4910:
ID 476753447 поставил 320000 коинов на primary и выиграл 640000 коинов при выигрышном цвете primary
10:38:13 | Розыгрыш ставок для игры №4911:
ID 476753447 поставил 80000 коинов на primary и выиграл 160000 коинов при выигрышном цвете primary
10:49:37 | Розыгрыш ставок для игры №4912:
ID 476753447 поставил 25000 коинов на success и проиграл при выигрышном цвете danger
11:02:27 | Розыгрыш ставок для игры №4913:
ID 476753447 поставил 25000 коинов на danger и проиграл при выигрышном цвете primary
11:03:17 | Розыгрыш ставок для игры №4914:
ID 563505977 поставил 1000 коинов на primary и проиграл при выигрышном цвете danger
ID 476753447 поставил 100000 коинов на danger и выиграл 200000 коинов при выигрышном цвете danger
11:04:25 | Розыгрыш ставок для игры №4915:
ID 476753447 поставил 40000 коинов на primary и выиграл 80000 коинов при выигрышном цвете primary
11:05:16 | Розыгрыш ставок для игры №4916:
ID 476753447 поставил 80000 коинов на danger и проиграл при выигрышном цвете primary
11:06:02 | Розыгрыш ставок для игры №4917:
ID 476753447 поставил 160000 коинов на danger и проиграл при выигрышном цвете primary
11:06:02 | Розыгрыш ставок для игры №4918:
ID 476753447 поставил 160000 коинов на danger и выиграл 320000 коинов при выигрышном цвете danger
11:06:55 | Розыгрыш ставок для игры №4919:
ID 476753447 поставил 160000 коинов на primary и выиграл 320000 коинов при выигрышном цвете primary
11:07:42 | Розыгрыш ставок для игры №4920:
ID 476753447 поставил 80000 коинов на primary и проиграл при выигрышном цвете danger
11:08:08 | ID 549213640 пополнил баланс на 10000000 коинов
11:08:15 | ID 549213640 пополнил баланс на 18000000 коинов
11:08:27 | Розыгрыш ставок для игры №4921:
ID 476753447 поставил 320000 коинов на primary и выиграл 640000 коинов при выигрышном цвете primary
11:09:16 | Розыгрыш ставок для игры №4922:
ID 476753447 поставил 160000 коинов на primary и проиграл при выигрышном цвете danger
ID 549213640 поставил 29000 коинов на danger и выиграл 58000 коинов при выигрышном цвете danger
11:10:06 | Розыгрыш ставок для игры №4923:
ID 476753447 поставил 320000 коинов на primary и проиграл при выигрышном цвете success
ID 549213640 поставил 58000 коинов на danger и проиграл при выигрышном цвете success
11:11:07 | Розыгрыш ставок для игры №4924:
ID 476753447 поставил 1280000 коинов на primary и проиграл при выигрышном цвете danger
11:11:55 | Розыгрыш ставок для игры №4925:
ID 476753447 поставил 1280000 коинов на primary и проиграл при выигрышном цвете danger
11:12:42 | Розыгрыш ставок для игры №4926:
ID 476753447 поставил 2560000 коинов на primary и проиграл при выигрышном цвете danger
11:14:31 | Розыгрыш ставок для игры №4927:
ID 476753447 поставил 1280000 коинов на primary и выиграл 2560000 коинов при выигрышном цвете primary
11:15:23 | Розыгрыш ставок для игры №4928:
ID 476753447 поставил 640000 коинов на danger и выиграл 1280000 коинов при выигрышном цвете danger
11:17:21 | Розыгрыш ставок для игры №4929:
ID 476753447 поставил 640000 коинов на danger и выиграл 1280000 коинов при выигрышном цвете danger
11:18:19 | Розыгрыш ставок для игры №4930:
ID 476753447 поставил 640000 коинов на primary и выиграл 1280000 коинов при выигрышном цвете primary
11:19:07 | Розыгрыш ставок для игры №4931:
ID 476753447 поставил 640000 коинов на danger и выиграл 1280000 коинов при выигрышном цвете danger
11:19:52 | Розыгрыш ставок для игры №4932:
ID 476753447 поставил 640000 коинов на primary и выиграл 1280000 коинов при выигрышном цвете primary
11:20:38 | Розыгрыш ставок для игры №4933:
ID 476753447 поставил 320000 коинов на danger и проиграл при выигрышном цвете success
11:21:26 | Розыгрыш ставок для игры №4934:
ID 476753447 поставил 640000 коинов на danger и проиграл при выигрышном цвете primary
11:25:21 | Розыгрыш ставок для игры №4935:
ID 476753447 поставил 1000000 коинов на primary и выиграл 2000000 коинов при выигрышном цвете primary
11:26:26 | Розыгрыш ставок для игры №4936:
ID 476753447 поставил 125000 коинов на danger и выиграл 250000 коинов при выигрышном цвете danger
11:27:48 | Розыгрыш ставок для игры №4937:
ID 476753447 поставил 250000 коинов на primary и выиграл 500000 коинов при выигрышном цвете primary
11:28:53 | Розыгрыш ставок для игры №4938:
ID 476753447 поставил 250000 коинов на danger и проиграл при выигрышном цвете primary
11:30:23 | Розыгрыш ставок для игры №4939:
ID 476753447 поставил 2500000 коинов на danger и выиграл 5000000 коинов при выигрышном цвете danger
11:32:52 | Розыгрыш ставок для игры №4940:
ID 476753447 поставил 250000 коинов на danger и выиграл 500000 коинов при выигрышном цвете danger
11:33:42 | Розыгрыш ставок для игры №4941:
ID 476753447 поставил 250000 коинов на danger и проиграл при выигрышном цвете primary
ID 349693888 поставил 1000 коинов на danger и проиграл при выигрышном цвете primary
11:34:28 | Розыгрыш ставок для игры №4942:
ID 476753447 поставил 500000 коинов на danger и проиграл при выигрышном цвете primary
ID 465094197 поставил 1000 коинов на danger и проиграл при выигрышном цвете primary
11:35:59 | Розыгрыш ставок для игры №4943:
ID 476753447 поставил 2000000 коинов на danger и проиграл при выигрышном цвете primary
11:36:45 | Розыгрыш ставок для игры №4944:
ID 476753447 поставил 4000000 коинов на danger и выиграл 8000000 коинов при выигрышном цвете danger
11:37:15 | ID 476753447 запросил вывод 10000000 коинов; VKC response code: 200
11:40:37 | Розыгрыш ставок для игры №4945:
ID 476753447 поставил 100000 коинов на primary и проиграл при выигрышном цвете danger
11:41:21 | Розыгрыш ставок для игры №4946:
ID 476753447 поставил 200000 коинов на primary и выиграл 400000 коинов при выигрышном цвете primary
11:43:52 | Розыгрыш ставок для игры №4947:
ID 567124649 поставил 1000 коинов на primary и выиграл 2000 коинов при выигрышном цвете primary
11:48:02 | Розыгрыш ставок для игры №4948:
ID 476753447 поставил 120000 коинов на danger и проиграл при выигрышном цвете primary
12:12:00 | Розыгрыш ставок для игры №4949:
ID 465094197 поставил 1000 коинов на danger и проиграл при выигрышном цвете primary
12:12:50 | Розыгрыш ставок для игры №4950:
ID 465094197 поставил 1000 коинов на primary и проиграл при выигрышном цвете danger
12:18:42 | ID 485793673 пополнил баланс на 1205000000 коинов
12:21:49 | Розыгрыш ставок для игры №4951:
ID 551681443 поставил 100000 коинов на primary и проиграл при выигрышном цвете danger
12:22:15 | ID 551681443 пополнил баланс на 2900000000 коинов
12:22:32 | Розыгрыш ставок для игры №4952:
ID 551681443 поставил 3000000 коинов на danger и проиграл при выигрышном цвете success
12:27:30 | ID 465094197 пополнил баланс на 250000000 коинов
12:50:31 | ID 561694504 пополнил баланс на 400000000 коинов
12:51:14 | ID 419893708 пополнил баланс на 2000 коинов
12:51:17 | Розыгрыш ставок для игры №4953:
ID 561694504 поставил 406300 коинов на danger и проиграл при выигрышном цвете success
12:51:41 | ID 561694504 пополнил баланс на 10000000 коинов
12:52:17 | Розыгрыш ставок для игры №4954:
ID 561694504 поставил 10000 коинов на success и проиграл при выигрышном цвете primary
12:54:58 | Розыгрыш ставок для игры №4955:
ID 545199119 поставил 1000 коинов на success и проиграл при выигрышном цвете primary
12:55:35 | ID 587352389 пополнил баланс на 500000000 коинов
12:56:27 | Розыгрыш ставок для игры №4956:
ID 587352389 поставил 200000 коинов на primary и проиграл при выигрышном цвете danger
ID 552112826 поставил 1000 коинов на primary и проиграл при выигрышном цвете danger
ID 540155088 поставил 1000 коинов на success и проиграл при выигрышном цвете danger
ID 586604999 поставил 1000 коинов на primary и проиграл при выигрышном цвете danger
12:56:51 | ID 587352389 запросил вывод 100000 коинов; VKC response code: 200
12:57:12 | Розыгрыш ставок для игры №4957:
ID 587352389 поставил 200000 коинов на primary и проиграл при выигрышном цвете danger
ID 593755320 поставил 1000 коинов на success и проиграл при выигрышном цвете danger
12:57:36 | ID 545666281 пополнил баланс на 100000000 коинов
12:57:53 | Розыгрыш ставок для игры №4958:
ID 593858158 поставил 1000 коинов на success и проиграл при выигрышном цвете primary
ID 545666281 поставил 100305 коинов на primary и выиграл 200610 коинов при выигрышном цвете primary
12:57:58 | ID 235062016 пополнил баланс на 600000000 коинов
12:58:46 | Розыгрыш ставок для игры №4959:
ID 545666281 поставил 200610 коинов на primary и выиграл 401220 коинов при выигрышном цвете primary
ID 235062016 поставил 200000 коинов на success и проиграл при выигрышном цвете primary
12:59:30 | Розыгрыш ставок для игры №4960:
ID 235062016 поставил 200000 коинов на success и проиграл при выигрышном цвете danger
ID 545666281 поставил 1220 коинов на success и проиграл при выигрышном цвете danger
13:00:12 | Розыгрыш ставок для игры №4961:
ID 545666281 поставил 400000 коинов на danger и выиграл 800000 коинов при выигрышном цвете danger
ID 235062016 поставил 200000 коинов на success и проиграл при выигрышном цвете danger
13:00:59 | Розыгрыш ставок для игры №4962:
ID 235062016 поставил 1000 коинов на success и проиграл при выигрышном цвете danger
ID 545666281 поставил 100000 коинов на success и проиграл при выигрышном цвете danger
13:01:47 | Розыгрыш ставок для игры №4963:
ID 545666281 поставил 700000 коинов на primary и выиграл 1400000 коинов при выигрышном цвете primary
13:02:39 | Розыгрыш ставок для игры №4964:
ID 545666281 поставил 400000 коинов на primary и выиграл 800000 коинов при выигрышном цвете primary
ID 396962547 поставил 1000 коинов на danger и проиграл при выигрышном цвете primary
13:03:33 | Розыгрыш ставок для игры №4965:
ID 460815800 поставил 1000 коинов на danger и проиграл при выигрышном цвете primary
ID 545666281 поставил 300000 коинов на success и проиграл при выигрышном цвете primary
13:03:45 | ID 396962547 пополнил баланс на 30000000 коинов
13:04:15 | Розыгрыш ставок для игры №4966:
ID 545666281 поставил 1500000 коинов на danger и выиграл 3000000 коинов при выигрышном цвете danger
ID 396962547 поставил 30000 коинов на danger и выиграл 60000 коинов при выигрышном цвете danger
13:05:06 | Розыгрыш ставок для игры №4967:
ID 545666281 поставил 3000000 коинов на primary и выиграл 6000000 коинов при выигрышном цвете primary
ID 396962547 поставил 30000 коинов на primary и выиграл 60000 коинов при выигрышном цвете primary
13:05:58 | Розыгрыш ставок для игры №4968:
ID 545666281 поставил 1000000 коинов на success и проиграл при выигрышном цвете danger
ID 396962547 поставил 90000 коинов на danger и выиграл 180000 коинов при выигрышном цвете danger
ID 485793673 поставил 25310 коинов на danger и выиграл 50620 коинов при выигрышном цвете danger
13:06:19 | ID 396962547 запросил вывод 180000 коинов; VKC response code: 200
13:06:44 | Розыгрыш ставок для игры №4969:
ID 485793673 поставил 49720 коинов на primary и проиграл при выигрышном цвете danger
ID 545666281 поставил 1000000 коинов на danger и выиграл 2000000 коинов при выигрышном цвете danger
13:07:37 | Розыгрыш ставок для игры №4970:
ID 545666281 поставил 1000000 коинов на primary и выиграл 2000000 коинов при выигрышном цвете primary
13:08:25 | Розыгрыш ставок для игры №4971:
ID 545666281 поставил 2000000 коинов на primary и выиграл 4000000 коинов при выигрышном цвете primary
13:09:14 | Розыгрыш ставок для игры №4972:
ID 545666281 поставил 4000000 коинов на danger и проиграл при выигрышном цвете primary
13:10:09 | Розыгрыш ставок для игры №4973:
ID 545666281 поставил 5000000 коинов на danger и выиграл 10000000 коинов при выигрышном цвете danger
13:10:40 | ID 545666281 запросил вывод 10000000 коинов; VKC response code: 200
13:15:51 | ID 231324433 пополнил баланс на 60000000 коинов
13:16:29 | Розыгрыш ставок для игры №4974:
ID 231324433 поставил 1000 коинов на danger и проиграл при выигрышном цвете primary
13:17:17 | Розыгрыш ставок для игры №4975:
ID 231324433 поставил 1000 коинов на primary и выиграл 2000 коинов при выигрышном цвете primary
13:18:27 | Розыгрыш ставок для игры №4976:
ID 231324433 поставил 10000 коинов на success и проиграл при выигрышном цвете danger
13:19:57 | Розыгрыш ставок для игры №4977:
ID 231324433 поставил 10000 коинов на danger и выиграл 20000 коинов при выигрышном цвете danger
13:21:18 | Розыгрыш ставок для игры №4978:
ID 430974412 поставил 1000 коинов на success и проиграл при выигрышном цвете primary
13:28:09 | Розыгрыш ставок для игры №4979:
ID 593225864 поставил 1000 коинов на success и проиграл при выигрышном цвете danger
13:30:37 | Розыгрыш ставок для игры №4980:
ID 537773838 поставил 1000 коинов на primary и выиграл 2000 коинов при выигрышном цвете primary
13:31:28 | Розыгрыш ставок для игры №4981:
ID 537773838 поставил 2000 коинов на danger и выиграл 4000 коинов при выигрышном цвете danger
13:32:14 | Розыгрыш ставок для игры №4982:
ID 537773838 поставил 2000 коинов на success и проиграл при выигрышном цвете danger
13:33:01 | Розыгрыш ставок для игры №4983:
ID 537773838 поставил 1000 коинов на primary и проиграл при выигрышном цвете danger
13:33:01 | Розыгрыш ставок для игры №4984:
ID 537773838 поставил 1000 коинов на primary и проиграл при выигрышном цвете danger
13:33:44 | Розыгрыш ставок для игры №4985:
ID 537773838 поставил 1000 коинов на primary и выиграл 2000 коинов при выигрышном цвете primary
13:40:06 | ID 586211914 пополнил баланс на 30000000 коинов
13:40:44 | Розыгрыш ставок для игры №4986:
ID 586211914 поставил 30000 коинов на success и проиграл при выигрышном цвете danger
ID 537773838 поставил 2000 коинов на success и проиграл при выигрышном цвете danger
14:16:33 | Розыгрыш ставок для игры №4987:
ID 574390539 поставил 1000 коинов на primary и проиграл при выигрышном цвете danger
14:19:11 | ID 586853505 запросил вывод 120000 коинов; VKC response code: 200
14:24:02 | ID 551181089 пополнил баланс на 30000000 коинов
14:24:38 | Розыгрыш ставок для игры №4988:
ID 551181089 поставил 30000 коинов на primary и проиграл при выигрышном цвете danger
14:50:10 | ID 551681443 пополнил баланс на 190000000 коинов
14:51:51 | Розыгрыш ставок для игры №4989:
ID 551681443 поставил 40000 коинов на primary и проиграл при выигрышном цвете danger
14:52:33 | Розыгрыш ставок для игры №4990:
ID 551681443 поставил 150000 коинов на danger и выиграл 300000 коинов при выигрышном цвете danger
14:53:49 | Розыгрыш ставок для игры №4991:
ID 551681443 поставил 300000 коинов на danger и выиграл 600000 коинов при выигрышном цвете danger
14:54:42 | Розыгрыш ставок для игры №4992:
ID 551681443 поставил 1171 коинов на danger и выиграл 2342 коинов при выигрышном цвете danger
14:56:33 | Розыгрыш ставок для игры №4993:
ID 551681443 поставил 1171 коинов на danger и выиграл 2342 коинов при выигрышном цвете danger
14:57:17 | Розыгрыш ставок для игры №4994:
ID 551681443 поставил 2342 коинов на danger и проиграл при выигрышном цвете primary
14:57:24 | ID 544487706 пополнил баланс на 100000 коинов
14:58:31 | ID 544487706 запросил вывод 100 коинов; VKC response code: 200
14:58:47 | Розыгрыш ставок для игры №4995:
ID 551681443 поставил 1000 коинов на danger и выиграл 2000 коинов при выигрышном цвете danger
14:59:30 | Розыгрыш ставок для игры №4996:
ID 551681443 поставил 1000 коинов на danger и проиграл при выигрышном цвете primary
15:00:16 | Розыгрыш ставок для игры №4997:
ID 551681443 поставил 600000 коинов на primary и проиграл при выигрышном цвете danger
15:04:51 | Розыгрыш ставок для игры №4998:
ID 567124649 поставил 1000 коинов на danger и проиграл при выигрышном цвете primary
15:05:35 | Розыгрыш ставок для игры №4999:
ID 567124649 поставил 1000 коинов на danger и проиграл при выигрышном цвете primary
16:37:59 | Розыгрыш ставок для игры №5000:
ID 465094197 поставил 1000 коинов на success и проиграл при выигрышном цвете danger
16:38:43 | Розыгрыш ставок для игры №5001:
ID 465094197 поставил 5000 коинов на danger и проиграл при выигрышном цвете primary
16:39:35 | Розыгрыш ставок для игры №5002:
ID 465094197 поставил 20000 коинов на primary и выиграл 40000 коинов при выигрышном цвете primary
16:52:18 | Розыгрыш ставок для игры №5003:
ID 587352389 поставил 1000 коинов на success и проиграл при выигрышном цвете danger
16:56:51 | Розыгрыш ставок для игры №5004:
ID 413644263 поставил 20000 коинов на danger и выиграл 40000 коинов при выигрышном цвете danger
16:57:50 | Розыгрыш ставок для игры №5005:
ID 413644263 поставил 20000 коинов на danger и проиграл при выигрышном цвете primary
16:58:45 | Розыгрыш ставок для игры №5006:
ID 413644263 поставил 50000 коинов на primary и выиграл 100000 коинов при выигрышном цвете primary
16:59:39 | Розыгрыш ставок для игры №5007:
ID 413644263 поставил 50000 коинов на danger и проиграл при выигрышном цвете primary
17:00:29 | Розыгрыш ставок для игры №5008:
ID 413644263 поставил 100000 коинов на danger и проиграл при выигрышном цвете primary
17:08:10 | ID 537773838 пополнил баланс на 100000000 коинов
17:08:47 | Розыгрыш ставок для игры №5009:
ID 537773838 поставил 10000 коинов на success и проиграл при выигрышном цвете primary
17:09:34 | Розыгрыш ставок для игры №5010:
ID 537773838 поставил 10000 коинов на danger и проиграл при выигрышном цвете success
17:10:18 | Розыгрыш ставок для игры №5011:
ID 537773838 поставил 10000 коинов на primary и проиграл при выигрышном цвете danger
17:11:01 | Розыгрыш ставок для игры №5012:
ID 537773838 поставил 10000 коинов на success и проиграл при выигрышном цвете primary
17:11:01 | Розыгрыш ставок для игры №5013:
ID 537773838 поставил 10000 коинов на success и проиграл при выигрышном цвете danger
17:11:43 | Розыгрыш ставок для игры №5014:
ID 537773838 поставил 10000 коинов на success и проиграл при выигрышном цвете danger
17:12:25 | Розыгрыш ставок для игры №5015:
ID 537773838 поставил 20000 коинов на success и проиграл при выигрышном цвете primary
17:13:21 | Розыгрыш ставок для игры №5016:
ID 537773838 поставил 20000 коинов на danger и проиграл при выигрышном цвете primary
17:14:03 | Розыгрыш ставок для игры №5017:
ID 537773838 поставил 10000 коинов на success и проиграл при выигрышном цвете danger
17:17:44 | Розыгрыш ставок для игры №5018:
ID 232678622 поставил 1000 коинов на primary и проиграл при выигрышном цвете danger
17:35:29 | Розыгрыш ставок для игры №5019:
ID 465094197 поставил 1000 коинов на danger и проиграл при выигрышном цвете primary
17:36:17 | Розыгрыш ставок для игры №5020:
ID 465094197 поставил 256000 коинов на primary и выиграл 512000 коинов при выигрышном цвете primary
17:41:00 | ID 554663097 пополнил баланс на 500000000 коинов
17:41:44 | Розыгрыш ставок для игры №5021:
ID 554663097 поставил 125000 коинов на primary и проиграл при выигрышном цвете success
17:43:58 | ID 592392720 пополнил баланс на 50000000 коинов
17:44:31 | Розыгрыш ставок для игры №5022:
ID 554663097 поставил 125000 коинов на danger и выиграл 250000 коинов при выигрышном цвете danger
17:45:37 | Розыгрыш ставок для игры №5023:
ID 554663097 поставил 125000 коинов на primary и проиграл при выигрышном цвете danger
ID 592392720 поставил 1000 коинов на primary и проиграл при выигрышном цвете danger
17:46:27 | Розыгрыш ставок для игры №5024:
ID 554663097 поставил 125000 коинов на danger и проиграл при выигрышном цвете primary
ID 592392720 поставил 1000 коинов на primary и выиграл 2000 коинов при выигрышном цвете primary
17:47:12 | Розыгрыш ставок для игры №5025:
ID 554663097 поставил 250000 коинов на danger и проиграл при выигрышном цвете primary
17:47:39 | ID 554663097 пополнил баланс на 1000000000 коинов
17:48:05 | Розыгрыш ставок для игры №5026:
ID 592392720 поставил 1000 коинов на danger и проиграл при выигрышном цвете primary
ID 554663097 поставил 250000 коинов на primary и выиграл 500000 коинов при выигрышном цвете primary
17:48:57 | Розыгрыш ставок для игры №5027:
ID 592392720 поставил 1000 коинов на danger и проиграл при выигрышном цвете primary
ID 554663097 поставил 125000 коинов на danger и проиграл при выигрышном цвете primary
17:49:49 | Розыгрыш ставок для игры №5028:
ID 592392720 поставил 1000 коинов на danger и выиграл 2000 коинов при выигрышном цвете danger
ID 554663097 поставил 1125000 коинов на danger и выиграл 2250000 коинов при выигрышном цвете danger
17:50:41 | Розыгрыш ставок для игры №5029:
ID 592392720 поставил 1000 коинов на danger и выиграл 2000 коинов при выигрышном цвете danger
ID 554663097 поставил 250000 коинов на primary и проиграл при выигрышном цвете danger
17:51:48 | Розыгрыш ставок для игры №5030:
ID 554663097 поставил 2000000 коинов на danger и проиграл при выигрышном цвете primary
ID 465094197 поставил 19383 коинов на danger и проиграл при выигрышном цвете primary
ID 592392720 поставил 1000 коинов на danger и проиграл при выигрышном цвете primary
17:52:49 | Розыгрыш ставок для игры №5031:
ID 592392720 поставил 1000 коинов на danger и проиграл при выигрышном цвете primary
17:53:15 | ID 592392720 запросил вывод 48000 коинов; VKC response code: 200
18:00:56 | Розыгрыш ставок для игры №5032:
ID 545474912 поставил 1111 коинов на success и проиграл при выигрышном цвете danger
18:01:44 | Розыгрыш ставок для игры №5033:
ID 545474912 поставил 1111 коинов на danger и выиграл 2222 коинов при выигрышном цвете danger
18:02:50 | Розыгрыш ставок для игры №5034:
ID 545474912 поставил 1111 коинов на primary и проиграл при выигрышном цвете danger
18:03:36 | Розыгрыш ставок для игры №5035:
ID 545474912 поставил 1111 коинов на primary и выиграл 2222 коинов при выигрышном цвете primary
18:04:21 | Розыгрыш ставок для игры №5036:
ID 545474912 поставил 2222 коинов на danger и выиграл 4444 коинов при выигрышном цвете danger
18:04:51 | ID 573244970 пополнил баланс на 100000000 коинов
18:05:15 | Розыгрыш ставок для игры №5037:
ID 545474912 поставил 4444 коинов на primary и выиграл 8888 коинов при выигрышном цвете primary
ID 573244970 поставил 5000 коинов на primary и выиграл 10000 коинов при выигрышном цвете primary
18:06:01 | Розыгрыш ставок для игры №5038:
ID 573244970 поставил 10000 коинов на danger и проиграл при выигрышном цвете primary
ID 545474912 поставил 8888 коинов на danger и проиграл при выигрышном цвете primary
18:06:01 | Розыгрыш ставок для игры №5039:
ID 573244970 поставил 10000 коинов на danger и выиграл 20000 коинов при выигрышном цвете danger
ID 545474912 поставил 8888 коинов на danger и выиграл 17776 коинов при выигрышном цвете danger
18:06:31 | ID 514793085 пополнил баланс на 300000000 коинов
18:06:44 | Розыгрыш ставок для игры №5040:
ID 573244970 поставил 10000 коинов на danger и выиграл 20000 коинов при выигрышном цвете danger
ID 545474912 поставил 9999 коинов на primary и проиграл при выигрышном цвете danger
ID 514793085 поставил 100000 коинов на danger и выиграл 200000 коинов при выигрышном цвете danger
18:07:39 | Розыгрыш ставок для игры №5041:
ID 545474912 поставил 7777 коинов на primary и проиграл при выигрышном цвете danger
ID 573244970 поставил 15000 коинов на primary и проиграл при выигрышном цвете danger
18:08:24 | Розыгрыш ставок для игры №5042:
ID 573244970 поставил 10000 коинов на primary и проиграл при выигрышном цвете danger
18:09:08 | Розыгрыш ставок для игры №5043:
ID 573244970 поставил 20000 коинов на primary и проиграл при выигрышном цвете danger
18:09:56 | Розыгрыш ставок для игры №5044:
ID 573244970 поставил 40000 коинов на primary и выиграл 80000 коинов при выигрышном цвете primary
18:10:24 | ID 573244970 запросил вывод 120000 коинов; VKC response code: 200
18:10:53 | ID 573244970 пополнил баланс на 100000000 коинов
18:11:37 | Розыгрыш ставок для игры №5045:
ID 573244970 поставил 5555 коинов на primary и выиграл 11110 коинов при выигрышном цвете primary
18:12:32 | Розыгрыш ставок для игры №5046:
ID 573244970 поставил 1500 коинов на success и проиграл при выигрышном цвете primary
18:13:21 | Розыгрыш ставок для игры №5047:
ID 573244970 поставил 8000 коинов на danger и выиграл 16000 коинов при выигрышном цвете danger
18:14:14 | Розыгрыш ставок для игры №5048:
ID 573244970 поставил 8000 коинов на primary и проиграл при выигрышном цвете danger
18:15:03 | Розыгрыш ставок для игры №5049:
ID 573244970 поставил 8000 коинов на primary и проиграл при выигрышном цвете danger
18:15:48 | Розыгрыш ставок для игры №5050:
ID 573244970 поставил 15000 коинов на primary и проиграл при выигрышном цвете danger
18:16:30 | Розыгрыш ставок для игры №5051:
ID 573244970 поставил 30000 коинов на primary и проиграл при выигрышном цвете danger
18:17:20 | Розыгрыш ставок для игры №5052:
ID 573244970 поставил 50000 коинов на primary и выиграл 100000 коинов при выигрышном цвете primary
ID 514793085 поставил 150000 коинов на danger и проиграл при выигрышном цвете primary
18:18:11 | Розыгрыш ставок для игры №5053:
ID 514793085 поставил 250000 коинов на danger и проиграл при выигрышном цвете primary
ID 573244970 поставил 12500 коинов на primary и выиграл 25000 коинов при выигрышном цвете primary
18:18:49 | ID 542070334 пополнил баланс на 1000 коинов
18:19:05 | ID 485793673 пополнил баланс на 422775000 коинов
18:19:09 | Розыгрыш ставок для игры №5054:
ID 573244970 поставил 5000 коинов на danger и выиграл 10000 коинов при выигрышном цвете danger
18:19:39 | ID 542070334 пополнил баланс на 100000000 коинов
18:19:59 | Розыгрыш ставок для игры №5055:
ID 573244970 поставил 5000 коинов на danger и проиграл при выигрышном цвете primary
18:20:44 | Розыгрыш ставок для игры №5056:
ID 573244970 поставил 10000 коинов на primary и выиграл 20000 коинов при выигрышном цвете primary
18:21:26 | Розыгрыш ставок для игры №5057:
ID 542070334 поставил 32768 коинов на danger и выиграл 65536 коинов при выигрышном цвете danger
ID 573244970 поставил 10000 коинов на danger и выиграл 20000 коинов при выигрышном цвете danger
18:22:09 | Розыгрыш ставок для игры №5058:
ID 542070334 поставил 132769 коинов на danger и проиграл при выигрышном цвете success
ID 573244970 поставил 10000 коинов на danger и проиграл при выигрышном цвете success
18:23:01 | Розыгрыш ставок для игры №5059:
ID 573244970 поставил 10000 коинов на danger и проиграл при выигрышном цвете primary
18:23:02 | Розыгрыш ставок для игры №5060:
ID 573244970 поставил 10000 коинов на danger и выиграл 20000 коинов при выигрышном цвете danger
18:23:45 | Розыгрыш ставок для игры №5061:
ID 573244970 поставил 10000 коинов на danger и проиграл при выигрышном цвете success
18:28:41 | ID 573244970 пополнил баланс на 250000000 коинов
18:29:28 | Розыгрыш ставок для игры №5062:
ID 573244970 поставил 10000 коинов на danger и проиграл при выигрышном цвете primary
18:30:10 | Розыгрыш ставок для игры №5063:
ID 573244970 поставил 20000 коинов на danger и выиграл 40000 коинов при выигрышном цвете danger
18:30:57 | Розыгрыш ставок для игры №5064:
ID 573244970 поставил 5000 коинов на primary и выиграл 10000 коинов при выигрышном цвете primary
18:31:40 | Розыгрыш ставок для игры №5065:
ID 573244970 поставил 5000 коинов на primary и выиграл 10000 коинов при выигрышном цвете primary
18:32:23 | Розыгрыш ставок для игры №5066:
ID 573244970 поставил 20000 коинов на danger и проиграл при выигрышном цвете primary
18:33:09 | Розыгрыш ставок для игры №5067:
ID 573244970 поставил 40000 коинов на danger и проиграл при выигрышном цвете success
18:33:52 | Розыгрыш ставок для игры №5068:
ID 573244970 поставил 80000 коинов на danger и проиграл при выигрышном цвете primary
18:34:41 | Розыгрыш ставок для игры №5069:
ID 573244970 поставил 240000 коинов на danger и проиграл при выигрышном цвете primary
18:36:46 | ID 573244970 пополнил баланс на 350000000 коинов
18:37:26 | Розыгрыш ставок для игры №5070:
ID 573244970 поставил 15000 коинов на danger и проиграл при выигрышном цвете primary
18:38:10 | Розыгрыш ставок для игры №5071:
ID 573244970 поставил 30000 коинов на danger и проиграл при выигрышном цвете primary
18:38:54 | Розыгрыш ставок для игры №5072:
ID 573244970 поставил 60000 коинов на primary и выиграл 120000 коинов при выигрышном цвете primary
18:39:43 | Розыгрыш ставок для игры №5073:
ID 573244970 поставил 15000 коинов на primary и выиграл 30000 коинов при выигрышном цвете primary
18:39:54 | ID 587334393 пополнил баланс на 50000000 коинов
18:40:32 | Розыгрыш ставок для игры №5074:
ID 587334393 поставил 5000 коинов на primary и выиграл 10000 коинов при выигрышном цвете primary
ID 573244970 поставил 5555 коинов на danger и проиграл при выигрышном цвете primary
18:41:16 | Розыгрыш ставок для игры №5075:
ID 573244970 поставил 11110 коинов на primary и выиграл 22220 коинов при выигрышном цвете primary
ID 587334393 поставил 10000 коинов на danger и проиграл при выигрышном цвете primary
18:42:03 | Розыгрыш ставок для игры №5076:
ID 573244970 поставил 11110 коинов на primary и проиграл при выигрышном цвете danger
ID 587334393 поставил 30000 коинов на danger и выиграл 60000 коинов при выигрышном цвете danger
18:42:49 | Розыгрыш ставок для игры №5077:
ID 587334393 поставил 15000 коинов на primary и выиграл 30000 коинов при выигрышном цвете primary
18:43:40 | Розыгрыш ставок для игры №5078:
ID 587334393 поставил 5000 коинов на success и проиграл при выигрышном цвете primary
ID 546125562 поставил 1000 коинов на danger и проиграл при выигрышном цвете primary
18:44:24 | Розыгрыш ставок для игры №5079:
ID 587334393 поставил 10000 коинов на danger и проиграл при выигрышном цвете primary
18:44:42 | ID 587334393 запросил вывод 75000 коинов; VKC response code: 200
18:45:15 | ID 573244970 запросил вывод 380000 коинов; VKC response code: 200
18:57:43 | ID 551654275 пополнил баланс на 50000000 коинов
18:58:28 | Розыгрыш ставок для игры №5080:
ID 551654275 поставил 50000 коинов на primary и выиграл 100000 коинов при выигрышном цвете primary
18:58:51 | ID 551654275 запросил вывод 100000 коинов; VKC response code: 200
19:11:14 | Розыгрыш ставок для игры №5081:
ID 485793673 поставил 28895 коинов на danger и проиграл при выигрышном цвете primary
19:26:00 | Розыгрыш ставок для игры №5082:
ID 573244970 поставил 8000 коинов на primary и выиграл 16000 коинов при выигрышном цвете primary
19:26:43 | Розыгрыш ставок для игры №5083:
ID 573244970 поставил 8000 коинов на primary и выиграл 16000 коинов при выигрышном цвете primary
19:27:29 | Розыгрыш ставок для игры №5084:
ID 573244970 поставил 4000 коинов на primary и выиграл 8000 коинов при выигрышном цвете primary
19:28:13 | Розыгрыш ставок для игры №5085:
ID 573244970 поставил 8000 коинов на primary и выиграл 16000 коинов при выигрышном цвете primary
19:30:31 | ID 405115290 пополнил баланс на 70000000 коинов
19:31:07 | Розыгрыш ставок для игры №5086:
ID 405115290 поставил 10000 коинов на danger и проиграл при выигрышном цвете primary
19:32:03 | Розыгрыш ставок для игры №5087:
ID 405115290 поставил 10000 коинов на danger и выиграл 20000 коинов при выигрышном цвете danger
19:32:06 | ID 224519697 пополнил баланс на 15000000 коинов
19:32:47 | Розыгрыш ставок для игры №5088:
ID 405115290 поставил 10000 коинов на primary и проиграл при выигрышном цвете danger
ID 224519697 поставил 1000 коинов на primary и проиграл при выигрышном цвете danger
19:33:30 | Розыгрыш ставок для игры №5089:
ID 405115290 поставил 30000 коинов на primary и проиграл при выигрышном цвете danger
ID 224519697 поставил 14000 коинов на danger и выиграл 28000 коинов при выигрышном цвете danger
19:34:13 | Розыгрыш ставок для игры №5090:
ID 405115290 поставил 30000 коинов на danger и выиграл 60000 коинов при выигрышном цвете danger
ID 224519697 поставил 28000 коинов на primary и проиграл при выигрышном цвете danger
19:35:03 | Розыгрыш ставок для игры №5091:
ID 405115290 поставил 30000 коинов на danger и выиграл 60000 коинов при выигрышном цвете danger
19:36:50 | Розыгрыш ставок для игры №5092:
ID 405115290 поставил 30000 коинов на danger и проиграл при выигрышном цвете primary
19:37:31 | Розыгрыш ставок для игры №5093:
ID 405115290 поставил 60000 коинов на primary и выиграл 120000 коинов при выигрышном цвете primary
19:38:14 | Розыгрыш ставок для игры №5094:
ID 405115290 поставил 30000 коинов на primary и выиграл 60000 коинов при выигрышном цвете primary
19:38:59 | Розыгрыш ставок для игры №5095:
ID 405115290 поставил 30000 коинов на primary и выиграл 60000 коинов при выигрышном цвете primary
19:39:05 | ID 573244970 пополнил баланс на 100000000 коинов
19:39:20 | ID 519598725 пополнил баланс на 10000000 коинов
19:39:43 | Розыгрыш ставок для игры №5096:
ID 405115290 поставил 30000 коинов на danger и проиграл при выигрышном цвете primary
19:39:54 | ID 433391039 пополнил баланс на 10000000 коинов
19:40:25 | Розыгрыш ставок для игры №5097:
ID 573244970 поставил 10000 коинов на primary и проиграл при выигрышном цвете danger
ID 405115290 поставил 80000 коинов на danger и выиграл 160000 коинов при выигрышном цвете danger
ID 519598725 поставил 1000 коинов на primary и проиграл при выигрышном цвете danger
ID 433391039 поставил 2000 коинов на danger и выиграл 4000 коинов при выигрышном цвете danger
19:40:49 | ID 433391039 пополнил баланс на 15000000 коинов
19:41:10 | Розыгрыш ставок для игры №5098:
ID 519598725 поставил 1000 коинов на primary и выиграл 2000 коинов при выигрышном цвете primary
ID 573244970 поставил 10000 коинов на primary и выиграл 20000 коинов при выигрышном цвете primary
ID 405115290 поставил 100000 коинов на danger и проиграл при выигрышном цвете primary
ID 433391039 поставил 5000 коинов на danger и проиграл при выигрышном цвете primary
19:41:54 | Розыгрыш ставок для игры №5099:
ID 573244970 поставил 20000 коинов на primary и проиграл при выигрышном цвете danger
ID 405115290 поставил 130000 коинов на danger и выиграл 260000 коинов при выигрышном цвете danger
ID 433391039 поставил 20000 коинов на danger и выиграл 40000 коинов при выигрышном цвете danger
19:42:41 | Розыгрыш ставок для игры №5100:
ID 573244970 поставил 20000 коинов на primary и проиграл при выигрышном цвете danger
ID 433391039 поставил 2000 коинов на danger и выиграл 4000 коинов при выигрышном цвете danger
ID 405115290 поставил 60000 коинов на primary и проиграл при выигрышном цвете danger
ID 519598725 поставил 10000 коинов на danger и выиграл 20000 коинов при выигрышном цвете danger
19:43:25 | Розыгрыш ставок для игры №5101:
ID 573244970 поставил 20000 коинов на danger и проиграл при выигрышном цвете primary
ID 405115290 поставил 160000 коинов на primary и выиграл 320000 коинов при выигрышном цвете primary
ID 317113903 поставил 1039 коинов на danger и проиграл при выигрышном цвете primary
ID 433391039 поставил 14000 коинов на danger и проиграл при выигрышном цвете primary
19:44:14 | Розыгрыш ставок для игры №5102:
ID 519598725 поставил 20000 коинов на primary и выиграл 40000 коинов при выигрышном цвете primary
ID 433391039 поставил 10000 коинов на danger и проиграл при выигрышном цвете primary
ID 405115290 поставил 300000 коинов на primary и выиграл 600000 коинов при выигрышном цвете primary
ID 573244970 поставил 45000 коинов на primary и выиграл 90000 коинов при выигрышном цвете primary
19:45:01 | Розыгрыш ставок для игры №5103:
ID 573244970 поставил 11250 коинов на primary и выиграл 22500 коинов при выигрышном цвете primary
ID 519598725 поставил 40000 коинов на primary и выиграл 80000 коинов при выигрышном цвете primary
ID 433391039 поставил 20000 коинов на danger и проиграл при выигрышном цвете primary
ID 405115290 поставил 80000 коинов на primary и выиграл 160000 коинов при выигрышном цвете primary
19:45:01 | Розыгрыш ставок для игры №5104:
ID 573244970 поставил 11250 коинов на primary и выиграл 22500 коинов при выигрышном цвете primary
ID 519598725 поставил 40000 коинов на primary и выиграл 80000 коинов при выигрышном цвете primary
ID 433391039 поставил 20000 коинов на danger и проиграл при выигрышном цвете primary
ID 405115290 поставил 80000 коинов на primary и выиграл 160000 коинов при выигрышном цвете primary
19:45:45 | Розыгрыш ставок для игры №5105:
ID 405115290 поставил 160000 коинов на danger и проиграл при выигрышном цвете primary
ID 573244970 поставил 45000 коинов на primary и выиграл 90000 коинов при выигрышном цвете primary
ID 519598725 поставил 80000 коинов на danger и проиграл при выигрышном цвете primary
19:46:28 | Розыгрыш ставок для игры №5106:
ID 405115290 поставил 560000 коинов на primary и проиграл при выигрышном цвете danger
19:47:11 | Розыгрыш ставок для игры №5107:
ID 405115290 поставил 180000 коинов на danger и выиграл 360000 коинов при выигрышном цвете danger
19:47:53 | Розыгрыш ставок для игры №5108:
ID 405115290 поставил 360000 коинов на danger и проиграл при выигрышном цвете primary
19:48:40 | Розыгрыш ставок для игры №5109:
ID 573244970 поставил 1500 коинов на danger и проиграл при выигрышном цвете primary
19:49:25 | Розыгрыш ставок для игры №5110:
ID 573244970 поставил 3000 коинов на danger и проиграл при выигрышном цвете primary
19:50:10 | Розыгрыш ставок для игры №5111:
ID 573244970 поставил 12000 коинов на primary и проиграл при выигрышном цвете danger
19:50:36 | ID 573244970 запросил вывод 183250 коинов; VKC response code: 200
19:50:54 | ID 433391039 пополнил баланс на 1000000 коинов
19:51:04 | ID 433391039 пополнил баланс на 9000000 коинов
19:51:46 | Розыгрыш ставок для игры №5112:
ID 433391039 поставил 10000 коинов на danger и проиграл при выигрышном цвете primary
19:54:06 | ID 551654275 пополнил баланс на 100000000 коинов
19:54:44 | Розыгрыш ставок для игры №5113:
ID 551654275 поставил 50000 коинов на danger и выиграл 100000 коинов при выигрышном цвете danger
19:55:32 | ID 573244970 пополнил баланс на 50000000 коинов
19:56:06 | ID 433391039 пополнил баланс на 10000000 коинов
19:56:17 | Розыгрыш ставок для игры №5114:
ID 551654275 поставил 50000 коинов на primary и проиграл при выигрышном цвете danger
ID 433391039 поставил 10000 коинов на danger и выиграл 20000 коинов при выигрышном цвете danger
19:56:59 | Розыгрыш ставок для игры №5115:
ID 519598725 поставил 30000 коинов на danger и выиграл 60000 коинов при выигрышном цвете danger
ID 573244970 поставил 45000 коинов на danger и выиграл 90000 коинов при выигрышном цвете danger
ID 551654275 поставил 50000 коинов на primary и проиграл при выигрышном цвете danger
ID 433391039 поставил 20000 коинов на primary и проиграл при выигрышном цвете danger
19:57:23 | ID 433391039 пополнил баланс на 10000000 коинов
19:57:45 | Розыгрыш ставок для игры №5116:
ID 519598725 поставил 40000 коинов на danger и проиграл при выигрышном цвете primary
ID 551654275 поставил 50000 коинов на primary и выиграл 100000 коинов при выигрышном цвете primary
ID 573244970 поставил 50000 коинов на danger и проиграл при выигрышном цвете primary
ID 433391039 поставил 10000 коинов на primary и выиграл 20000 коинов при выигрышном цвете primary
ID 590960115 поставил 1000 коинов на success и проиграл при выигрышном цвете primary
19:58:37 | Розыгрыш ставок для игры №5117:
ID 573244970 поставил 45000 коинов на primary и выиграл 90000 коинов при выигрышном цвете primary
ID 551654275 поставил 10000 коинов на success и проиграл при выигрышном цвете primary
19:58:37 | ID 551654275 запросил вывод 50000 коинов; VKC response code: 200
19:59:24 | Розыгрыш ставок для игры №5118:
ID 551654275 поставил 10000 коинов на success и проиграл при выигрышном цвете primary
20:00:38 | Розыгрыш ставок для игры №5119:
ID 551654275 поставил 10000 коинов на success и проиграл при выигрышном цвете danger
20:02:51 | Розыгрыш ставок для игры №5120:
ID 551654275 поставил 10000 коинов на success и проиграл при выигрышном цвете primary
20:03:50 | Розыгрыш ставок для игры №5121:
ID 551654275 поставил 10000 коинов на success и проиграл при выигрышном цвете primary
20:10:57 | Розыгрыш ставок для игры №5122:
ID 499366239 поставил 1010 коинов на success и проиграл при выигрышном цвете primary
20:25:43 | Розыгрыш ставок для игры №5123:
ID 476753447 поставил 30000 коинов на primary и выиграл 60000 коинов при выигрышном цвете primary
20:26:27 | Розыгрыш ставок для игры №5124:
ID 476753447 поставил 60000 коинов на danger и проиграл при выигрышном цвете primary
20:27:13 | Розыгрыш ставок для игры №5125:
ID 476753447 поставил 120000 коинов на danger и выиграл 240000 коинов при выигрышном цвете danger
ID 591757019 поставил 1000 коинов на primary и проиграл при выигрышном цвете danger
20:27:59 | Розыгрыш ставок для игры №5126:
ID 476753447 поставил 120000 коинов на primary и проиграл при выигрышном цвете danger
20:28:46 | Розыгрыш ставок для игры №5127:
ID 476753447 поставил 240000 коинов на primary и проиграл при выигрышном цвете danger
20:29:36 | Розыгрыш ставок для игры №5128:
ID 476753447 поставил 480000 коинов на primary и выиграл 960000 коинов при выигрышном цвете primary
20:30:22 | Розыгрыш ставок для игры №5129:
ID 476753447 поставил 180000 коинов на danger и проиграл при выигрышном цвете primary
20:31:18 | Розыгрыш ставок для игры №5130:
ID 476753447 поставил 525000 коинов на danger и проиграл при выигрышном цвете primary
ID 44817665 поставил 1000 коинов на primary и выиграл 2000 коинов при выигрышном цвете primary
20:31:42 | ID 495378433 пополнил баланс на 15000000 коинов
20:32:07 | Розыгрыш ставок для игры №5131:
ID 476753447 поставил 500000 коинов на danger и проиграл при выигрышном цвете primary
ID 44817665 поставил 2000 коинов на success и проиграл при выигрышном цвете primary
ID 495378433 поставил 3000 коинов на success и проиграл при выигрышном цвете primary
20:32:38 | ID 519598725 пополнил баланс на 10000000 коинов
20:32:46 | ID 519598725 запросил вывод 10000 коинов; VKC response code: 200
20:32:52 | ID 433391039 пополнил баланс на 70000000 коинов
20:32:52 | Розыгрыш ставок для игры №5132:
ID 495378433 поставил 12000 коинов на danger и выиграл 24000 коинов при выигрышном цвете danger
ID 573244970 поставил 20000 коинов на primary и проиграл при выигрышном цвете danger
ID 433391039 поставил 20000 коинов на primary и проиграл при выигрышном цвете danger
20:33:35 | Розыгрыш ставок для игры №5133:
ID 519598725 поставил 30000 коинов на primary и проиграл при выигрышном цвете danger
ID 573244970 поставил 20000 коинов на danger и выиграл 40000 коинов при выигрышном цвете danger
ID 495378433 поставил 5000 коинов на success и проиграл при выигрышном цвете danger
ID 433391039 поставил 20000 коинов на danger и выиграл 40000 коинов при выигрышном цвете danger
20:34:18 | Розыгрыш ставок для игры №5134:
ID 573244970 поставил 10000 коинов на danger и проиграл при выигрышном цвете success
ID 495378433 поставил 16000 коинов на primary и проиграл при выигрышном цвете success
ID 433391039 поставил 20000 коинов на primary и проиграл при выигрышном цвете success
20:35:04 | Розыгрыш ставок для игры №5135:
ID 433391039 поставил 50000 коинов на primary и выиграл 100000 коинов при выигрышном цвете primary
ID 573244970 поставил 50000 коинов на danger и проиграл при выигрышном цвете primary
ID 495378433 поставил 3000 коинов на primary и выиграл 6000 коинов при выигрышном цвете primary
20:35:47 | Розыгрыш ставок для игры №5136:
ID 573244970 поставил 30000 коинов на danger и проиграл при выигрышном цвете primary
ID 433391039 поставил 40000 коинов на danger и проиграл при выигрышном цвете primary
ID 495378433 поставил 2000 коинов на primary и выиграл 4000 коинов при выигрышном цвете primary
20:36:10 | ID 573244970 пополнил баланс на 100000000 коинов
20:36:31 | Розыгрыш ставок для игры №5137:
ID 495378433 поставил 8000 коинов на danger и проиграл при выигрышном цвете primary
ID 433391039 поставил 80000 коинов на danger и проиграл при выигрышном цвете primary
ID 573244970 поставил 80000 коинов на danger и проиграл при выигрышном цвете primary
ID 519598725 поставил 20000 коинов на danger и проиграл при выигрышном цвете primary
20:37:10 | ID 573244970 пополнил баланс на 100000000 коинов
20:37:20 | Розыгрыш ставок для игры №5138:
ID 519598725 поставил 20000 коинов на danger и выиграл 40000 коинов при выигрышном цвете danger
20:38:02 | Розыгрыш ставок для игры №5139:
ID 573244970 поставил 25000 коинов на primary и проиграл при выигрышном цвете danger
ID 519598725 поставил 20000 коинов на danger и выиграл 40000 коинов при выигрышном цвете danger
20:38:02 | Розыгрыш ставок для игры №5140:
ID 573244970 поставил 25000 коинов на primary и проиграл при выигрышном цвете danger
ID 519598725 поставил 20000 коинов на danger и выиграл 40000 коинов при выигрышном цвете danger
20:38:46 | Розыгрыш ставок для игры №5141:
ID 573244970 поставил 25000 коинов на danger и проиграл при выигрышном цвете primary
ID 519598725 поставил 100000 коинов на primary и выиграл 200000 коинов при выигрышном цвете primary
20:38:48 | ID 433391039 пополнил баланс на 10000000 коинов
20:39:18 | ID 433391039 пополнил баланс на 90000000 коинов
20:39:31 | Розыгрыш ставок для игры №5142:
ID 573244970 поставил 62500 коинов на danger и проиграл при выигрышном цвете primary
ID 519598725 поставил 200000 коинов на primary и выиграл 400000 коинов при выигрышном цвете primary
ID 433391039 поставил 100000 коинов на danger и проиграл при выигрышном цвете primary
20:39:55 | ID 573244970 пополнил баланс на 150000000 коинов
20:40:21 | Розыгрыш ставок для игры №5143:
ID 519598725 поставил 400000 коинов на danger и проиграл при выигрышном цвете primary
ID 573244970 поставил 100000 коинов на primary и выиграл 200000 коинов при выигрышном цвете primary
20:41:07 | ID 519598725 пополнил баланс на 10000000 коинов
20:41:09 | Розыгрыш ставок для игры №5144:
ID 573244970 поставил 50000 коинов на danger и проиграл при выигрышном цвете primary
20:41:51 | Розыгрыш ставок для игры №5145:
ID 519598725 поставил 10000 коинов на danger и проиграл при выигрышном цвете primary
ID 573244970 поставил 25000 коинов на danger и проиграл при выигрышном цвете primary
20:43:46 | ID 433391039 пополнил баланс на 100000000 коинов
20:44:08 | Розыгрыш ставок для игры №5146:
ID 573244970 поставил 25000 коинов на danger и проиграл при выигрышном цвете primary
20:44:53 | Розыгрыш ставок для игры №5147:
ID 433391039 поставил 100000 коинов на danger и проиграл при выигрышном цвете primary
ID 573244970 поставил 99999 коинов на primary и выиграл 199998 коинов при выигрышном цвете primary
20:45:25 | ID 573244970 запросил вывод 257000 коинов; VKC response code: 200
20:53:54 | ID 303598193 пополнил баланс на 1000000 коинов
21:44:30 | ID 85018451 пополнил баланс на 60000000 коинов
21:45:53 | Розыгрыш ставок для игры №5148:
ID 85018451 поставил 60000 коинов на primary и проиграл при выигрышном цвете danger
21:55:33 | Розыгрыш ставок для игры №5149:
ID 11186176 поставил 1000 коинов на success и проиграл при выигрышном цвете primary
21:58:21 | ID 365823353 пополнил баланс на 400000000 коинов
21:59:04 | Розыгрыш ставок для игры №5150:
ID 365823353 поставил 50000 коинов на primary и выиграл 100000 коинов при выигрышном цвете primary
21:59:29 | ID 365823353 запросил вывод 450000 коинов; VKC response code: 200
22:02:47 | ID 474672295 пополнил баланс на 100000 коинов
22:17:24 | Розыгрыш ставок для игры №5151:
ID 455189499 поставил 1000 коинов на success и проиграл при выигрышном цвете primary
23:05:24 | ID 573244970 пополнил баланс на 501000 коинов
23:05:58 | Розыгрыш ставок для игры №5152:
ID 573244970 поставил 1000 коинов на primary и проиграл при выигрышном цвете danger
23:06:19 | ID 573244970 пополнил баланс на 100000000 коинов
23:06:57 | Розыгрыш ставок для игры №5153:
ID 573244970 поставил 5000 коинов на danger и проиграл при выигрышном цвете primary
23:07:42 | Розыгрыш ставок для игры №5154:
ID 573244970 поставил 20000 коинов на primary и проиграл при выигрышном цвете danger
23:08:28 | Розыгрыш ставок для игры №5155:
ID 573244970 поставил 60000 коинов на danger и проиграл при выигрышном цвете success
23:19:33 | ID 476924644 пополнил баланс на 1000000 коинов
23:20:12 | Розыгрыш ставок для игры №5156:
ID 476924644 поставил 1000 коинов на primary и выиграл 2000 коинов при выигрышном цвете primary
23:33:04 | ID 321753700 пополнил баланс на 990000 коинов
23:33:49 | Розыгрыш ставок для игры №5157:
ID 321753700 поставил 1000 коинов на danger и проиграл при выигрышном цвете primary
23:39:40 | ID 456774865 пополнил баланс на 32300000 коинов
23:40:20 | Розыгрыш ставок для игры №5158:
ID 456774865 поставил 2500 коинов на danger и выиграл 5000 коинов при выигрышном цвете danger
23:41:12 | Розыгрыш ставок для игры №5159:
ID 456774865 поставил 2500 коинов на primary и проиграл при выигрышном цвете danger
23:41:53 | Розыгрыш ставок для игры №5160:
ID 456774865 поставил 2999 коинов на primary и проиграл при выигрышном цвете danger