
15:51:50 | ID 520213415 пополнил баланс на 247000000 коинов
15:52:35 | Розыгрыш ставок для игры №9751:
ID 520213415 поставил 7000 коинов на primary и проиграл при выигрышном цвете success
15:53:31 | Розыгрыш ставок для игры №9752:
ID 520213415 поставил 20000 коинов на success и проиграл при выигрышном цвете primary
17:38:29 | Розыгрыш ставок для игры №9753:
ID 455519749 поставил 1000 коинов на success и проиграл при выигрышном цвете primary
19:29:58 | ID 323673574 пополнил баланс на 500000000 коинов
19:30:48 | Розыгрыш ставок для игры №9754:
ID 323673574 поставил 200000 коинов на danger и проиграл при выигрышном цвете primary
19:31:34 | Розыгрыш ставок для игры №9755:
ID 323673574 поставил 300000 коинов на primary и проиграл при выигрышном цвете danger
21:07:13 | ID 535287710 пополнил баланс на 1000000 коинов
21:07:47 | Розыгрыш ставок для игры №9756:
ID 535287710 поставил 1000 коинов на success и выиграл 2500 коинов при выигрышном цвете success
21:08:09 | ID 535287710 запросил вывод 2500 коинов; VKC response code: 200
23:11:02 | ID 420702064 пополнил баланс на 100000000 коинов
23:11:44 | Розыгрыш ставок для игры №9757:
ID 420702064 поставил 55555 коинов на success и проиграл при выигрышном цвете primary
23:13:13 | Розыгрыш ставок для игры №9758:
ID 420702064 поставил 30000 коинов на danger и проиграл при выигрышном цвете primary
23:14:06 | Розыгрыш ставок для игры №9759:
ID 420702064 поставил 14445 коинов на danger и выиграл 65002.5 коинов при выигрышном цвете danger
23:26:04 | Розыгрыш ставок для игры №9760:
ID 420702064 поставил 14445 коинов на success и проиграл при выигрышном цвете primary