
00:18:49 | ID 576430772 пополнил баланс на 1000000000 коинов
00:19:28 | Розыгрыш ставок для игры №9778:
ID 576430772 поставил 250000 коинов на danger и проиграл при выигрышном цвете success
00:19:49 | ID 576430772 запросил вывод 375000 коинов; VKC response code: 200
00:20:12 | Розыгрыш ставок для игры №9779:
ID 576430772 поставил 375000 коинов на danger и проиграл при выигрышном цвете primary
00:54:57 | ID 516468603 пополнил баланс на 10000000 коинов
00:55:40 | Розыгрыш ставок для игры №9780:
ID 516468603 поставил 1000 коинов на primary и проиграл при выигрышном цвете success
02:39:40 | Розыгрыш ставок для игры №9781:
ID 476600247 поставил 2500 коинов на success и проиграл при выигрышном цвете primary
05:53:39 | ID 159677691 пополнил баланс на 1111000 коинов
05:54:26 | Розыгрыш ставок для игры №9782:
ID 159677691 поставил 1000 коинов на primary и проиграл при выигрышном цвете success
06:20:56 | ID 359538516 пополнил баланс на 4000000000 коинов
06:21:50 | Розыгрыш ставок для игры №9783:
ID 317113903 поставил 100000000 коинов на primary и проиграл при выигрышном цвете success
06:22:20 | ID 442776547 пополнил баланс на 4000 коинов
06:23:34 | Розыгрыш ставок для игры №9784:
ID 359538516 поставил 4000000 коинов на success и выиграл 10000000 коинов при выигрышном цвете success
06:24:58 | Розыгрыш ставок для игры №9785:
ID 359538516 поставил 1000000 коинов на primary и проиграл при выигрышном цвете danger
ID 317113903 поставил 60000000 коинов на primary и проиграл при выигрышном цвете danger
06:26:04 | Розыгрыш ставок для игры №9786:
ID 359538516 поставил 9000000 коинов на primary и выиграл 13500000 коинов при выигрышном цвете primary
06:27:16 | Розыгрыш ставок для игры №9787:
ID 359538516 поставил 3500000 коинов на danger и проиграл при выигрышном цвете success
06:28:04 | Розыгрыш ставок для игры №9788:
ID 359538516 поставил 10000000 коинов на success и проиграл при выигрышном цвете primary
ID 317113903 поставил 100000000 коинов на success и проиграл при выигрышном цвете primary
07:06:18 | ID 416783914 пополнил баланс на 25250000 коинов
07:06:55 | Розыгрыш ставок для игры №9789:
ID 416783914 поставил 5000 коинов на success и проиграл при выигрышном цвете primary
07:07:43 | Розыгрыш ставок для игры №9790:
ID 416783914 поставил 20250 коинов на danger и проиграл при выигрышном цвете primary
07:13:48 | ID 520213415 запросил вывод 220000 коинов; VKC response code: 200
13:00:52 | Розыгрыш ставок для игры №9791:
ID 438474605 поставил 1000 коинов на success и проиграл при выигрышном цвете primary
14:47:58 | ID 444811261 пополнил баланс на 10000000000 коинов
14:48:38 | Розыгрыш ставок для игры №9792:
ID 444811261 поставил 2000000 коинов на primary и проиграл при выигрышном цвете success
14:49:28 | Розыгрыш ставок для игры №9793:
ID 444811261 поставил 4000000 коинов на danger и выиграл 18000000 коинов при выигрышном цвете danger
14:49:47 | ID 444811261 запросил вывод 22000000 коинов; VKC response code: 200
14:52:12 | ID 444811261 пополнил баланс на 9000000000 коинов
14:52:48 | Розыгрыш ставок для игры №9794:
ID 444811261 поставил 3000000 коинов на danger и проиграл при выигрышном цвете primary
14:53:31 | Розыгрыш ставок для игры №9795:
ID 444811261 поставил 3000000 коинов на danger и выиграл 13500000 коинов при выигрышном цвете danger
14:54:02 | ID 444811261 запросил вывод 10000000 коинов; VKC response code: 200
14:54:33 | Розыгрыш ставок для игры №9796:
ID 444811261 поставил 3000000 коинов на danger и проиграл при выигрышном цвете success
14:55:17 | Розыгрыш ставок для игры №9797:
ID 444811261 поставил 3500000 коинов на danger и выиграл 15750000 коинов при выигрышном цвете danger
14:55:37 | ID 444811261 запросил вывод 9000000 коинов; VKC response code: 200
14:56:14 | Розыгрыш ставок для игры №9798:
ID 444811261 поставил 3350000 коинов на danger и проиграл при выигрышном цвете primary
14:56:55 | Розыгрыш ставок для игры №9799:
ID 444811261 поставил 3400000 коинов на danger и выиграл 15300000 коинов при выигрышном цвете danger
14:57:20 | ID 444811261 запросил вывод 9000000 коинов; VKC response code: 200
14:57:56 | Розыгрыш ставок для игры №9800:
ID 444811261 поставил 3300000 коинов на danger и проиграл при выигрышном цвете success
14:58:39 | Розыгрыш ставок для игры №9801:
ID 444811261 поставил 3000000 коинов на danger и проиграл при выигрышном цвете primary
14:59:48 | ID 444811261 пополнил баланс на 10000000000 коинов
15:01:04 | Розыгрыш ставок для игры №9802:
ID 444811261 поставил 5000000 коинов на danger и проиграл при выигрышном цвете primary
15:02:08 | ID 444811261 пополнил баланс на 16000000000 коинов
15:02:45 | Розыгрыш ставок для игры №9803:
ID 444811261 поставил 10000000 коинов на danger и проиграл при выигрышном цвете primary
15:03:30 | Розыгрыш ставок для игры №9804:
ID 444811261 поставил 6000000 коинов на danger и выиграл 27000000 коинов при выигрышном цвете danger
15:04:28 | Розыгрыш ставок для игры №9805:
ID 444811261 поставил 3000000 коинов на danger и проиграл при выигрышном цвете success
15:05:10 | Розыгрыш ставок для игры №9806:
ID 444811261 поставил 3000000 коинов на danger и выиграл 13500000 коинов при выигрышном цвете danger
15:05:18 | ID 444811261 запросил вывод 18000000 коинов; VKC response code: 200
15:06:00 | ID 444811261 запросил вывод 6000000 коинов; VKC response code: 200
15:06:19 | Розыгрыш ставок для игры №9807:
ID 444811261 поставил 3000000 коинов на danger и выиграл 13500000 коинов при выигрышном цвете danger
15:06:26 | ID 444811261 запросил вывод 1500000 коинов; VKC response code: 200
15:06:50 | ID 444811261 запросил вывод 10000000 коинов; VKC response code: 200
15:07:06 | Розыгрыш ставок для игры №9808:
ID 444811261 поставил 3000000 коинов на danger и проиграл при выигрышном цвете success
15:07:12 | ID 444811261 запросил вывод 500000 коинов; VKC response code: 200
15:07:48 | Розыгрыш ставок для игры №9809:
ID 444811261 поставил 3000000 коинов на danger и проиграл при выигрышном цвете primary
15:08:34 | Розыгрыш ставок для игры №9810:
ID 444811261 поставил 3000000 коинов на danger и выиграл 13500000 коинов при выигрышном цвете danger
15:08:43 | ID 444811261 пополнил баланс на 4800000000 коинов
15:09:11 | ID 444811261 запросил вывод 9000000 коинов; VKC response code: 200
15:09:34 | Розыгрыш ставок для игры №9811:
ID 444811261 поставил 3300000 коинов на danger и проиграл при выигрышном цвете primary
15:10:22 | Розыгрыш ставок для игры №9812:
ID 444811261 поставил 3000000 коинов на danger и проиграл при выигрышном цвете primary
15:11:04 | Розыгрыш ставок для игры №9813:
ID 444811261 поставил 3000000 коинов на danger и проиграл при выигрышном цвете primary
15:12:46 | ID 444811261 пополнил баланс на 1000 коинов
15:13:34 | ID 444811261 пополнил баланс на 4999999000 коинов
15:14:09 | Розыгрыш ставок для игры №9814:
ID 444811261 поставил 5000000 коинов на danger и проиграл при выигрышном цвете primary
15:47:56 | Розыгрыш ставок для игры №9815:
ID 542249430 поставил 1000 коинов на success и проиграл при выигрышном цвете danger
15:48:30 | ID 444811261 пополнил баланс на 9000000000 коинов
15:49:05 | Розыгрыш ставок для игры №9816:
ID 444811261 поставил 3000000 коинов на danger и проиграл при выигрышном цвете success
15:50:01 | Розыгрыш ставок для игры №9817:
ID 444811261 поставил 3000000 коинов на danger и проиграл при выигрышном цвете primary
15:50:01 | Розыгрыш ставок для игры №9818:
ID 444811261 поставил 3000000 коинов на danger и проиграл при выигрышном цвете success
15:50:43 | Розыгрыш ставок для игры №9819:
ID 444811261 поставил 3000000 коинов на danger и проиграл при выигрышном цвете primary
16:08:05 | ID 462482284 пополнил баланс на 700000 коинов
16:08:40 | ID 462482284 пополнил баланс на 6000000 коинов
16:08:45 | Розыгрыш ставок для игры №9820:
ID 590487658 поставил 1000 коинов на success и выиграл 2500 коинов при выигрышном цвете success
16:10:07 | Розыгрыш ставок для игры №9821:
ID 590487658 поставил 1000 коинов на primary и проиграл при выигрышном цвете success
16:10:59 | Розыгрыш ставок для игры №9822:
ID 590487658 поставил 1000 коинов на success и проиграл при выигрышном цвете primary
16:12:24 | Розыгрыш ставок для игры №9823:
ID 403854223 поставил 1000 коинов на success и выиграл 2500 коинов при выигрышном цвете success
16:13:24 | Розыгрыш ставок для игры №9824:
ID 403854223 поставил 2000 коинов на danger и выиграл 9000 коинов при выигрышном цвете danger
ID 462482284 поставил 5000 коинов на danger и выиграл 22500 коинов при выигрышном цвете danger
16:14:11 | Розыгрыш ставок для игры №9825:
ID 403854223 поставил 8000 коинов на danger и проиграл при выигрышном цвете primary
ID 462482284 поставил 21000 коинов на danger и проиграл при выигрышном цвете primary
16:15:13 | Розыгрыш ставок для игры №9826:
ID 462482284 поставил 1000 коинов на success и проиграл при выигрышном цвете danger
16:16:03 | Розыгрыш ставок для игры №9827:
ID 462482284 поставил 2000 коинов на success и проиграл при выигрышном цвете primary
16:16:42 | ID 462482284 пополнил баланс на 20000000 коинов
16:17:22 | Розыгрыш ставок для игры №9828:
ID 462482284 поставил 1000 коинов на danger и проиграл при выигрышном цвете primary
16:18:09 | Розыгрыш ставок для игры №9829:
ID 462482284 поставил 2000 коинов на danger и проиграл при выигрышном цвете success
16:18:53 | Розыгрыш ставок для игры №9830:
ID 462482284 поставил 6000 коинов на danger и проиграл при выигрышном цвете success
16:19:22 | ID 462482284 запросил вывод 11200 коинов; VKC response code: 200
16:53:53 | Розыгрыш ставок для игры №9831:
ID 539039071 поставил 1000 коинов на primary и выиграл 1500 коинов при выигрышном цвете primary
16:55:34 | Розыгрыш ставок для игры №9832:
ID 539039071 поставил 1500 коинов на success и проиграл при выигрышном цвете primary
17:12:23 | Розыгрыш ставок для игры №9833:
ID 467627638 поставил 1000 коинов на primary и проиграл при выигрышном цвете danger
21:29:21 | ID 444811261 пополнил баланс на 17000000000 коинов
21:29:40 | ID 588231610 пополнил баланс на 5000000000 коинов
21:30:14 | Розыгрыш ставок для игры №9834:
ID 444811261 поставил 4000000 коинов на danger и проиграл при выигрышном цвете success
ID 588231610 поставил 1500000 коинов на primary и проиграл при выигрышном цвете success
21:30:56 | Розыгрыш ставок для игры №9835:
ID 444811261 поставил 4000000 коинов на danger и проиграл при выигрышном цвете success
ID 588231610 поставил 1500000 коинов на primary и проиграл при выигрышном цвете success
21:31:38 | Розыгрыш ставок для игры №9836:
ID 444811261 поставил 9000000 коинов на danger и проиграл при выигрышном цвете success
ID 588231610 поставил 2000000 коинов на primary и проиграл при выигрышном цвете success
21:33:47 | ID 444811261 пополнил баланс на 10000000000 коинов
21:34:03 | ID 444811261 запросил вывод 2000000 коинов; VKC response code: 200
21:34:12 | ID 444811261 пополнил баланс на 4000000000 коинов
21:34:25 | Розыгрыш ставок для игры №9837:
ID 444811261 поставил 4000000 коинов на danger и проиграл при выигрышном цвете success
21:35:06 | Розыгрыш ставок для игры №9838:
ID 444811261 поставил 4000000 коинов на danger и проиграл при выигрышном цвете success
21:35:48 | Розыгрыш ставок для игры №9839:
ID 444811261 поставил 4000000 коинов на danger и выиграл 18000000 коинов при выигрышном цвете danger
21:36:49 | Розыгрыш ставок для игры №9840:
ID 444811261 поставил 3000000 коинов на danger и проиграл при выигрышном цвете success
21:37:22 | ID 444811261 запросил вывод 6000000 коинов; VKC response code: 200
21:37:33 | Розыгрыш ставок для игры №9841:
ID 444811261 поставил 3000000 коинов на danger и проиграл при выигрышном цвете primary
21:38:44 | Розыгрыш ставок для игры №9842:
ID 444811261 поставил 3000000 коинов на danger и проиграл при выигрышном цвете primary
21:39:32 | Розыгрыш ставок для игры №9843:
ID 444811261 поставил 3000000 коинов на danger и проиграл при выигрышном цвете primary