
00:14:45 | ID 562427284 пополнил баланс на 300000000 коинов
00:15:20 | Розыгрыш ставок для игры №8823:
ID 562427284 поставил 150000 коинов на danger и проиграл при выигрышном цвете success
00:16:06 | Розыгрыш ставок для игры №8824:
ID 562427284 поставил 150000 коинов на danger и проиграл при выигрышном цвете primary
01:44:01 | ID 482388560 пополнил баланс на 1000000 коинов
01:45:19 | Розыгрыш ставок для игры №8825:
ID 482388560 поставил 1000 коинов на success и проиграл при выигрышном цвете primary
01:47:54 | ID 456460063 пополнил баланс на 750000000 коинов
01:48:31 | Розыгрыш ставок для игры №8826:
ID 456460063 поставил 50000 коинов на danger и проиграл при выигрышном цвете success
01:49:20 | Розыгрыш ставок для игры №8827:
ID 456460063 поставил 220000 коинов на success и выиграл 550000 коинов при выигрышном цвете success
01:50:10 | Розыгрыш ставок для игры №8828:
ID 456460063 поставил 430000 коинов на primary и проиграл при выигрышном цвете danger
01:50:58 | Розыгрыш ставок для игры №8829:
ID 456460063 поставил 600000 коинов на primary и выиграл 900000 коинов при выигрышном цвете primary
01:57:44 | ID 503589825 пополнил баланс на 42000 коинов
02:17:04 | Розыгрыш ставок для игры №8830:
ID 249776450 поставил 1000 коинов на primary и проиграл при выигрышном цвете success
02:23:34 | ID 565499552 запросил вывод 1000 коинов; VKC response code: 200
02:47:00 | Розыгрыш ставок для игры №8831:
ID 569003275 поставил 1000 коинов на danger и проиграл при выигрышном цвете primary
03:58:53 | ID 523131846 пополнил баланс на 100000000 коинов
03:59:37 | Розыгрыш ставок для игры №8832:
ID 523131846 поставил 50000 коинов на success и проиграл при выигрышном цвете primary
04:00:20 | Розыгрыш ставок для игры №8833:
ID 523131846 поставил 50000 коинов на danger и проиграл при выигрышном цвете success
05:06:48 | ID 468901609 пополнил баланс на 783753000 коинов
05:07:30 | Розыгрыш ставок для игры №8834:
ID 468901609 поставил 100000 коинов на primary и проиграл при выигрышном цвете success
05:08:19 | Розыгрыш ставок для игры №8835:
ID 468901609 поставил 200000 коинов на primary и выиграл 300000 коинов при выигрышном цвете primary
05:09:07 | Розыгрыш ставок для игры №8836:
ID 468901609 поставил 66666 коинов на danger и проиграл при выигрышном цвете success
05:09:49 | Розыгрыш ставок для игры №8837:
ID 468901609 поставил 66666 коинов на danger и проиграл при выигрышном цвете success
05:10:31 | Розыгрыш ставок для игры №8838:
ID 468901609 поставил 66666 коинов на danger и выиграл 299997 коинов при выигрышном цвете danger
05:11:21 | Розыгрыш ставок для игры №8839:
ID 468901609 поставил 222222 коинов на primary и проиграл при выигрышном цвете danger
05:12:12 | Розыгрыш ставок для игры №8840:
ID 468901609 поставил 333333 коинов на primary и проиграл при выигрышном цвете success
05:12:59 | Розыгрыш ставок для игры №8841:
ID 468901609 поставил 328197 коинов на primary и выиграл 492295.5 коинов при выигрышном цвете primary
05:13:49 | Розыгрыш ставок для игры №8842:
ID 468901609 поставил 111111 коинов на primary и выиграл 166666.5 коинов при выигрышном цвете primary
05:14:46 | Розыгрыш ставок для игры №8843:
ID 468901609 поставил 44444 коинов на danger и проиграл при выигрышном цвете primary
05:15:38 | Розыгрыш ставок для игры №8844:
ID 468901609 поставил 111111 коинов на success и проиграл при выигрышном цвете primary
05:16:22 | Розыгрыш ставок для игры №8845:
ID 468901609 поставил 111111 коинов на success и выиграл 277777.5 коинов при выигрышном цвете success
05:17:19 | Розыгрыш ставок для игры №8846:
ID 468901609 поставил 66666 коинов на danger и выиграл 299997 коинов при выигрышном цвете danger
05:18:32 | Розыгрыш ставок для игры №8847:
ID 468901609 поставил 77777 коинов на success и проиграл при выигрышном цвете primary
05:19:22 | Розыгрыш ставок для игры №8848:
ID 468901609 поставил 14518 коинов на success и выиграл 36295 коинов при выигрышном цвете success
05:20:15 | Розыгрыш ставок для игры №8849:
ID 468901609 поставил 400000 коинов на primary и проиграл при выигрышном цвете danger
05:21:06 | Розыгрыш ставок для игры №8850:
ID 468901609 поставил 336295 коинов на primary и проиграл при выигрышном цвете success
05:21:52 | ID 468901609 пополнил баланс на 2000000000 коинов
05:22:28 | Розыгрыш ставок для игры №8851:
ID 468901609 поставил 1000000 коинов на primary и выиграл 1500000 коинов при выигрышном цвете primary
05:23:25 | Розыгрыш ставок для игры №8852:
ID 468901609 поставил 200000 коинов на success и выиграл 500000 коинов при выигрышном цвете success
05:24:21 | Розыгрыш ставок для игры №8853:
ID 468901609 поставил 100000 коинов на primary и выиграл 150000 коинов при выигрышном цвете primary
05:25:22 | Розыгрыш ставок для игры №8854:
ID 326404110 поставил 1000 коинов на primary и выиграл 1500 коинов при выигрышном цвете primary
ID 468901609 поставил 200000 коинов на success и проиграл при выигрышном цвете primary
05:26:12 | Розыгрыш ставок для игры №8855:
ID 468901609 поставил 150000 коинов на success и проиграл при выигрышном цвете primary
ID 326404110 поставил 1000 коинов на success и проиграл при выигрышном цвете primary
05:26:41 | ID 326404110 запросил вывод 500 коинов; VKC response code: 200
05:27:00 | Розыгрыш ставок для игры №8856:
ID 468901609 поставил 500000 коинов на success и проиграл при выигрышном цвете danger
05:27:49 | Розыгрыш ставок для игры №8857:
ID 468901609 поставил 500000 коинов на success и выиграл 1250000 коинов при выигрышном цвете success
05:28:11 | ID 326404110 пополнил баланс на 1000 коинов
05:28:19 | ID 326404110 пополнил баланс на 1000 коинов
05:28:57 | Розыгрыш ставок для игры №8858:
ID 468901609 поставил 250000 коинов на primary и выиграл 375000 коинов при выигрышном цвете primary
05:29:45 | Розыгрыш ставок для игры №8859:
ID 468901609 поставил 55555 коинов на danger и проиграл при выигрышном цвете primary
05:30:20 | ID 326404110 пополнил баланс на 483000 коинов
05:30:32 | Розыгрыш ставок для игры №8860:
ID 468901609 поставил 19455 коинов на danger и проиграл при выигрышном цвете primary
05:30:37 | ID 326404110 запросил вывод 485 коинов; VKC response code: 200
05:31:20 | Розыгрыш ставок для игры №8861:
ID 468901609 поставил 88888 коинов на danger и проиграл при выигрышном цвете success
05:32:05 | Розыгрыш ставок для игры №8862:
ID 468901609 поставил 88888 коинов на danger и проиграл при выигрышном цвете success
05:32:47 | Розыгрыш ставок для игры №8863:
ID 468901609 поставил 88888 коинов на danger и проиграл при выигрышном цвете primary
05:33:35 | Розыгрыш ставок для игры №8864:
ID 468901609 поставил 111111 коинов на danger и проиграл при выигрышном цвете primary
05:34:25 | Розыгрыш ставок для игры №8865:
ID 468901609 поставил 222222 коинов на danger и проиграл при выигрышном цвете primary
05:35:16 | Розыгрыш ставок для игры №8866:
ID 468901609 поставил 199993 коинов на danger и проиграл при выигрышном цвете primary
05:36:02 | Розыгрыш ставок для игры №8867:
ID 468901609 поставил 333333 коинов на danger и выиграл 1499998.5 коинов при выигрышном цвете danger
05:36:02 | Розыгрыш ставок для игры №8867:
ID 468901609 поставил 333333 коинов на danger и выиграл 1499998.5 коинов при выигрышном цвете danger
05:36:41 | ID 468901609 запросил вывод 4666664 коинов; VKC response code: 200
05:56:34 | ID 326404110 пополнил баланс на 1000 коинов
05:56:43 | ID 326404110 запросил вывод 1 коинов; VKC response code: 200
09:07:37 | Розыгрыш ставок для игры №8869:
ID 397163264 поставил 1000 коинов на danger и выиграл 4500 коинов при выигрышном цвете danger
09:08:23 | Розыгрыш ставок для игры №8870:
ID 397163264 поставил 1000 коинов на danger и выиграл 4500 коинов при выигрышном цвете danger
10:10:58 | ID 262065946 пополнил баланс на 1000000 коинов
10:11:53 | Розыгрыш ставок для игры №8871:
ID 262065946 поставил 1000 коинов на primary и проиграл при выигрышном цвете success
10:17:16 | ID 535827773 пополнил баланс на 300000000 коинов
10:17:58 | Розыгрыш ставок для игры №8872:
ID 535827773 поставил 100000 коинов на danger и проиграл при выигрышном цвете primary
10:18:41 | Розыгрыш ставок для игры №8873:
ID 535827773 поставил 200000 коинов на danger и выиграл 900000 коинов при выигрышном цвете danger
10:19:28 | Розыгрыш ставок для игры №8874:
ID 535827773 поставил 100000 коинов на success и выиграл 250000 коинов при выигрышном цвете success
10:20:21 | Розыгрыш ставок для игры №8875:
ID 535827773 поставил 250000 коинов на primary и выиграл 375000 коинов при выигрышном цвете primary
10:21:14 | Розыгрыш ставок для игры №8876:
ID 535827773 поставил 1175000 коинов на danger и проиграл при выигрышном цвете primary
10:27:21 | Розыгрыш ставок для игры №8877:
ID 596225450 поставил 1000 коинов на success и проиграл при выигрышном цвете danger
10:47:59 | ID 578094678 пополнил баланс на 1000 коинов
10:48:36 | ID 578094678 пополнил баланс на 999000 коинов
10:49:22 | Розыгрыш ставок для игры №8878:
ID 578094678 поставил 1000 коинов на primary и выиграл 1500 коинов при выигрышном цвете primary
10:49:42 | ID 578094678 запросил вывод 1500 коинов; VKC response code: 200
11:05:24 | ID 113461982 пополнил баланс на 1000000 коинов
11:06:01 | Розыгрыш ставок для игры №8879:
ID 113461982 поставил 1000 коинов на danger и проиграл при выигрышном цвете primary
11:16:47 | ID 388948203 пополнил баланс на 143000000 коинов
11:17:23 | Розыгрыш ставок для игры №8880:
ID 388948203 поставил 143000 коинов на primary и выиграл 214500 коинов при выигрышном цвете primary
11:17:40 | ID 388948203 запросил вывод 215000 коинов; VKC response code: 200
11:20:55 | ID 388948203 пополнил баланс на 143000000 коинов
11:21:26 | Розыгрыш ставок для игры №8881:
ID 388948203 поставил 143000 коинов на primary и выиграл 214500 коинов при выигрышном цвете primary
11:22:48 | Розыгрыш ставок для игры №8882:
ID 388948203 поставил 143000 коинов на primary и проиграл при выигрышном цвете success
11:23:45 | Розыгрыш ставок для игры №8883:
ID 388948203 поставил 71500 коинов на primary и проиграл при выигрышном цвете success
11:26:59 | ID 388948203 пополнил баланс на 61000000 коинов
11:27:38 | Розыгрыш ставок для игры №8884:
ID 388948203 поставил 61094 коинов на primary и выиграл 91641 коинов при выигрышном цвете primary
11:28:39 | Розыгрыш ставок для игры №8885:
ID 388948203 поставил 91641 коинов на primary и выиграл 137461.5 коинов при выигрышном цвете primary
11:29:46 | Розыгрыш ставок для игры №8886:
ID 388948203 поставил 75000 коинов на primary и выиграл 112500 коинов при выигрышном цвете primary
11:30:40 | Розыгрыш ставок для игры №8887:
ID 388948203 поставил 75000 коинов на primary и проиграл при выигрышном цвете danger
11:31:51 | Розыгрыш ставок для игры №8888:
ID 388948203 поставил 99962 коинов на success и проиграл при выигрышном цвете danger
11:34:58 | ID 388948203 пополнил баланс на 400000000 коинов
11:35:32 | Розыгрыш ставок для игры №8889:
ID 388948203 поставил 400000 коинов на primary и выиграл 600000 коинов при выигрышном цвете primary
11:36:54 | ID 388948203 запросил вывод 500000 коинов; VKC response code: 200
11:37:36 | Розыгрыш ставок для игры №8890:
ID 388948203 поставил 100000 коинов на primary и проиграл при выигрышном цвете success
11:38:05 | ID 388948203 пополнил баланс на 100000000 коинов
11:38:40 | Розыгрыш ставок для игры №8891:
ID 388948203 поставил 100000 коинов на success и проиграл при выигрышном цвете primary
11:39:27 | ID 388948203 пополнил баланс на 300000000 коинов
11:40:02 | Розыгрыш ставок для игры №8892:
ID 388948203 поставил 300000 коинов на primary и выиграл 450000 коинов при выигрышном цвете primary
11:40:27 | ID 388948203 запросил вывод 450000 коинов; VKC response code: 200
12:43:03 | ID 249776450 пополнил баланс на 2000000 коинов
12:43:54 | Розыгрыш ставок для игры №8893:
ID 249776450 поставил 1000 коинов на danger и проиграл при выигрышном цвете primary
15:12:28 | Розыгрыш ставок для игры №8894:
ID 553679844 поставил 1000 коинов на danger и проиграл при выигрышном цвете primary
15:37:04 | ID 562427284 пополнил баланс на 1000000000 коинов
15:37:40 | Розыгрыш ставок для игры №8895:
ID 562427284 поставил 500000 коинов на success и выиграл 1250000 коинов при выигрышном цвете success
15:38:29 | Розыгрыш ставок для игры №8896:
ID 562427284 поставил 750000 коинов на danger и проиграл при выигрышном цвете success
15:39:12 | Розыгрыш ставок для игры №8897:
ID 562427284 поставил 500000 коинов на danger и выиграл 2250000 коинов при выигрышном цвете danger
15:39:41 | ID 562427284 запросил вывод 2250000 коинов; VKC response code: 200
15:40:04 | Розыгрыш ставок для игры №8898:
ID 562427284 поставил 500000 коинов на danger и выиграл 2250000 коинов при выигрышном цвете danger
15:40:23 | ID 562427284 запросил вывод 2250000 коинов; VKC response code: 200
15:59:59 | Розыгрыш ставок для игры №8899:
ID 588212475 поставил 1000 коинов на primary и проиграл при выигрышном цвете danger
17:00:21 | Розыгрыш ставок для игры №8900:
ID 456460063 поставил 900000 коинов на success и проиграл при выигрышном цвете danger
17:15:21 | Розыгрыш ставок для игры №8901:
ID 398662673 поставил 2000 коинов на danger и выиграл 9000 коинов при выигрышном цвете danger
17:16:09 | Розыгрыш ставок для игры №8902:
ID 398662673 поставил 1000 коинов на success и выиграл 2500 коинов при выигрышном цвете success
17:16:56 | Розыгрыш ставок для игры №8903:
ID 398662673 поставил 2000 коинов на primary и выиграл 3000 коинов при выигрышном цвете primary
17:17:42 | Розыгрыш ставок для игры №8904:
ID 398662673 поставил 2000 коинов на danger и проиграл при выигрышном цвете primary
17:18:26 | Розыгрыш ставок для игры №8905:
ID 398662673 поставил 1000 коинов на success и выиграл 2500 коинов при выигрышном цвете success
17:19:14 | Розыгрыш ставок для игры №8906:
ID 398662673 поставил 1000 коинов на primary и выиграл 1500 коинов при выигрышном цвете primary
17:20:01 | Розыгрыш ставок для игры №8907:
ID 398662673 поставил 2000 коинов на danger и проиграл при выигрышном цвете primary
17:24:49 | ID 410924345 пополнил баланс на 12000000 коинов
17:25:50 | Розыгрыш ставок для игры №8908:
ID 410924345 поставил 2000 коинов на success и проиграл при выигрышном цвете primary
17:26:36 | Розыгрыш ставок для игры №8909:
ID 410924345 поставил 2000 коинов на danger и выиграл 9000 коинов при выигрышном цвете danger
17:27:29 | Розыгрыш ставок для игры №8910:
ID 410924345 поставил 2000 коинов на primary и проиграл при выигрышном цвете success
17:28:32 | Розыгрыш ставок для игры №8911:
ID 410924345 поставил 4000 коинов на primary и проиграл при выигрышном цвете danger
17:30:39 | Розыгрыш ставок для игры №8912:
ID 410924345 поставил 11000 коинов на success и выиграл 27500 коинов при выигрышном цвете success
17:33:37 | ID 154286918 пополнил баланс на 7500000 коинов
17:33:52 | Розыгрыш ставок для игры №8913:
ID 410924345 поставил 7500 коинов на primary и проиграл при выигрышном цвете danger
17:34:35 | Розыгрыш ставок для игры №8914:
ID 154286918 поставил 1000 коинов на primary и выиграл 1500 коинов при выигрышном цвете primary
ID 410924345 поставил 1050 коинов на danger и проиграл при выигрышном цвете primary
17:35:24 | Розыгрыш ставок для игры №8915:
ID 410924345 поставил 1950 коинов на primary и выиграл 2925 коинов при выигрышном цвете primary
ID 154286918 поставил 1000 коинов на success и проиграл при выигрышном цвете primary
17:36:13 | Розыгрыш ставок для игры №8916:
ID 154286918 поставил 4000 коинов на success и проиграл при выигрышном цвете primary
17:36:56 | Розыгрыш ставок для игры №8917:
ID 154286918 поставил 3000 коинов на primary и проиграл при выигрышном цвете danger
17:39:22 | ID 580142241 пополнил баланс на 4156000 коинов
17:40:11 | Розыгрыш ставок для игры №8918:
ID 580142241 поставил 1000 коинов на success и выиграл 2500 коинов при выигрышном цвете success
17:40:54 | Розыгрыш ставок для игры №8919:
ID 410924345 поставил 1925 коинов на primary и проиграл при выигрышном цвете success
ID 580142241 поставил 2000 коинов на primary и проиграл при выигрышном цвете success
17:41:16 | ID 410924345 запросил вывод 17000 коинов; VKC response code: 200
17:41:46 | Розыгрыш ставок для игры №8920:
ID 580142241 поставил 3000 коинов на primary и выиграл 4500 коинов при выигрышном цвете primary
ID 410924345 поставил 1000 коинов на danger и проиграл при выигрышном цвете primary
17:42:38 | Розыгрыш ставок для игры №8921:
ID 580142241 поставил 5156 коинов на success и проиграл при выигрышном цвете primary
18:00:58 | ID 388948203 пополнил баланс на 98000000 коинов
18:01:34 | Розыгрыш ставок для игры №8922:
ID 388948203 поставил 98000 коинов на primary и проиграл при выигрышном цвете success
18:06:24 | ID 174009914 пополнил баланс на 10000000 коинов
18:07:28 | Розыгрыш ставок для игры №8923:
ID 174009914 поставил 2000 коинов на danger и проиграл при выигрышном цвете primary
18:08:14 | Розыгрыш ставок для игры №8924:
ID 174009914 поставил 1000 коинов на primary и проиграл при выигрышном цвете success
18:08:57 | Розыгрыш ставок для игры №8925:
ID 174009914 поставил 3000 коинов на danger и выиграл 13500 коинов при выигрышном цвете danger
18:09:50 | Розыгрыш ставок для игры №8926:
ID 174009914 поставил 1000 коинов на success и проиграл при выигрышном цвете danger
18:10:44 | Розыгрыш ставок для игры №8927:
ID 174009914 поставил 3500 коинов на success и выиграл 8750 коинов при выигрышном цвете success
18:11:41 | Розыгрыш ставок для игры №8928:
ID 174009914 поставил 5750 коинов на danger и выиграл 25875 коинов при выигрышном цвете danger
18:12:35 | Розыгрыш ставок для игры №8929:
ID 174009914 поставил 11875 коинов на primary и проиграл при выигрышном цвете success
18:13:33 | Розыгрыш ставок для игры №8930:
ID 174009914 поставил 10000 коинов на primary и выиграл 15000 коинов при выигрышном цвете primary
18:20:45 | ID 562427284 пополнил баланс на 1120000000 коинов
18:21:27 | Розыгрыш ставок для игры №8931:
ID 562427284 поставил 560000 коинов на primary и выиграл 840000 коинов при выигрышном цвете primary
18:22:18 | Розыгрыш ставок для игры №8932:
ID 562427284 поставил 700000 коинов на success и проиграл при выигрышном цвете danger
18:23:03 | Розыгрыш ставок для игры №8933:
ID 562427284 поставил 700000 коинов на success и проиграл при выигрышном цвете danger
ID 174009914 поставил 15000 коинов на primary и проиграл при выигрышном цвете danger
18:24:07 | Розыгрыш ставок для игры №8934:
ID 174009914 поставил 1000 коинов на primary и проиграл при выигрышном цвете success
18:24:11 | ID 174009914 запросил вывод 1000 коинов; VKC response code: 200
18:24:53 | Розыгрыш ставок для игры №8935:
ID 174009914 поставил 1000 коинов на primary и проиграл при выигрышном цвете danger
18:25:38 | Розыгрыш ставок для игры №8936:
ID 174009914 поставил 17000 коинов на danger и проиграл при выигрышном цвете success
18:54:01 | Розыгрыш ставок для игры №8937:
ID 205453542 поставил 1000 коинов на primary и проиграл при выигрышном цвете success
18:54:44 | ID 205453542 пополнил баланс на 131000 коинов
18:58:33 | Розыгрыш ставок для игры №8938:
ID 97885952 поставил 1000 коинов на primary и проиграл при выигрышном цвете danger
18:58:36 | ID 389755560 пополнил баланс на 500000000 коинов
18:59:36 | Розыгрыш ставок для игры №8939:
ID 389755560 поставил 301000 коинов на primary и проиграл при выигрышном цвете success
19:00:03 | ID 97885952 пополнил баланс на 10000000 коинов
19:00:22 | ID 389755560 пополнил баланс на 4000000000 коинов
19:00:30 | ID 205453542 пополнил баланс на 500000000 коинов
19:00:52 | Розыгрыш ставок для игры №8940:
ID 97885952 поставил 3000 коинов на danger и проиграл при выигрышном цвете primary
ID 389755560 поставил 1200000 коинов на primary и выиграл 1800000 коинов при выигрышном цвете primary
ID 205453542 поставил 50000 коинов на primary и выиграл 75000 коинов при выигрышном цвете primary
19:01:16 | ID 205453542 запросил вывод 600 коинов; VKC response code: 200
19:01:35 | Розыгрыш ставок для игры №8941:
ID 205453542 поставил 50000 коинов на primary и проиграл при выигрышном цвете danger
ID 97885952 поставил 4000 коинов на success и проиграл при выигрышном цвете danger
ID 389755560 поставил 800000 коинов на danger и выиграл 3600000 коинов при выигрышном цвете danger
19:02:50 | Розыгрыш ставок для игры №8942:
ID 97885952 поставил 3000 коинов на primary и проиграл при выигрышном цвете danger
ID 389755560 поставил 600000 коинов на success и проиграл при выигрышном цвете danger
19:03:36 | Розыгрыш ставок для игры №8943:
ID 389755560 поставил 2000000 коинов на primary и выиграл 3000000 коинов при выигрышном цвете primary
ID 205453542 поставил 100000 коинов на success и проиграл при выигрышном цвете primary
19:04:18 | Розыгрыш ставок для игры №8944:
ID 205453542 поставил 350000 коинов на success и выиграл 875000 коинов при выигрышном цвете success
ID 389755560 поставил 1000000 коинов на danger и проиграл при выигрышном цвете success
19:04:57 | ID 389755560 запросил вывод 3000000 коинов; VKC response code: 200
19:05:03 | Розыгрыш ставок для игры №8945:
ID 205453542 поставил 150000 коинов на danger и проиграл при выигрышном цвете primary
ID 389755560 поставил 2000000 коинов на success и проиграл при выигрышном цвете primary
19:05:49 | Розыгрыш ставок для игры №8946:
ID 389755560 поставил 2000000 коинов на danger и проиграл при выигрышном цвете primary
ID 205453542 поставил 250000 коинов на primary и выиграл 375000 коинов при выигрышном цвете primary
19:06:33 | Розыгрыш ставок для игры №8947:
ID 205453542 поставил 100000 коинов на danger и проиграл при выигрышном цвете primary
19:07:19 | Розыгрыш ставок для игры №8948:
ID 205453542 поставил 350000 коинов на danger и проиграл при выигрышном цвете success
19:08:05 | Розыгрыш ставок для игры №8949:
ID 205453542 поставил 550000 коинов на danger и проиграл при выигрышном цвете success
19:13:52 | ID 321117577 пополнил баланс на 500000 коинов
19:33:23 | Розыгрыш ставок для игры №8950:
ID 349087932 поставил 1000 коинов на danger и выиграл 4500 коинов при выигрышном цвете danger
ID 422638590 поставил 1000 коинов на danger и выиграл 4500 коинов при выигрышном цвете danger
19:34:17 | Розыгрыш ставок для игры №8951:
ID 422638590 поставил 4500 коинов на primary и выиграл 6750 коинов при выигрышном цвете primary
19:34:41 | ID 422638590 запросил вывод 6750 коинов; VKC response code: 200
19:50:30 | ID 582734373 пополнил баланс на 30000000 коинов
19:51:16 | Розыгрыш ставок для игры №8952:
ID 582734373 поставил 3000 коинов на primary и проиграл при выигрышном цвете success
19:52:14 | Розыгрыш ставок для игры №8953:
ID 582734373 поставил 11000 коинов на primary и проиграл при выигрышном цвете success
20:17:07 | Розыгрыш ставок для игры №8954:
ID 582734373 поставил 16000 коинов на success и проиграл при выигрышном цвете primary
21:01:59 | Розыгрыш ставок для игры №8955:
ID 205453542 поставил 13681 коинов на primary и проиграл при выигрышном цвете danger
21:42:47 | Розыгрыш ставок для игры №8956:
ID 539500239 поставил 1000 коинов на primary и выиграл 1500 коинов при выигрышном цвете primary
21:43:36 | Розыгрыш ставок для игры №8957:
ID 539500239 поставил 1500 коинов на success и проиграл при выигрышном цвете primary
22:04:58 | ID 389755560 пополнил баланс на 2000000000 коинов
22:05:37 | Розыгрыш ставок для игры №8958:
ID 389755560 поставил 500000 коинов на danger и проиграл при выигрышном цвете primary
22:06:37 | Розыгрыш ставок для игры №8959:
ID 389755560 поставил 1500000 коинов на primary и проиграл при выигрышном цвете danger
22:06:59 | ID 389755560 пополнил баланс на 900000000 коинов
22:07:36 | Розыгрыш ставок для игры №8960:
ID 389755560 поставил 900000 коинов на danger и проиграл при выигрышном цвете primary
22:56:27 | Розыгрыш ставок для игры №8961:
ID 459948682 поставил 1000 коинов на danger и выиграл 4500 коинов при выигрышном цвете danger
22:57:04 | ID 459948682 запросил вывод 4500 коинов; VKC response code: 200
23:18:58 | Розыгрыш ставок для игры №8962:
ID 442466114 поставил 1000 коинов на success и проиграл при выигрышном цвете primary
23:22:12 | ID 442466114 пополнил баланс на 1000 коинов
23:22:51 | ID 442466114 пополнил баланс на 10000 коинов
23:23:21 | ID 442466114 пополнил баланс на 1000000 коинов
23:24:15 | Розыгрыш ставок для игры №8963:
ID 442466114 поставил 1011 коинов на danger и проиграл при выигрышном цвете primary
23:38:43 | Розыгрыш ставок для игры №8964:
ID 205453542 поставил 29000 коинов на success и проиграл при выигрышном цвете primary
23:52:42 | ID 315098817 пополнил баланс на 2000000 коинов
23:53:42 | Розыгрыш ставок для игры №8965:
ID 315098817 поставил 2000 коинов на primary и выиграл 3000 коинов при выигрышном цвете primary
23:54:32 | Розыгрыш ставок для игры №8966:
ID 315098817 поставил 1000 коинов на primary и выиграл 1500 коинов при выигрышном цвете primary
23:54:53 | ID 315098817 запросил вывод 3500 коинов; VKC response code: 200