
00:57:24 | Розыгрыш ставок для игры №9107:
ID 222856843 поставил 1000 коинов на danger и выиграл 4500 коинов при выигрышном цвете danger
00:58:09 | Розыгрыш ставок для игры №9108:
ID 222856843 поставил 4500 коинов на success и проиграл при выигрышном цвете primary
03:36:57 | ID 468901609 пополнил баланс на 50000000 коинов
03:37:32 | Розыгрыш ставок для игры №9109:
ID 468901609 поставил 5000 коинов на primary и проиграл при выигрышном цвете success
03:38:15 | Розыгрыш ставок для игры №9110:
ID 468901609 поставил 10000 коинов на primary и проиграл при выигрышном цвете success
03:39:14 | Розыгрыш ставок для игры №9111:
ID 468901609 поставил 15000 коинов на primary и проиграл при выигрышном цвете danger
03:39:57 | Розыгрыш ставок для игры №9112:
ID 468901609 поставил 20000 коинов на primary и выиграл 30000 коинов при выигрышном цвете primary
03:40:58 | Розыгрыш ставок для игры №9113:
ID 468901609 поставил 10000 коинов на primary и выиграл 15000 коинов при выигрышном цвете primary
03:42:01 | Розыгрыш ставок для игры №9114:
ID 468901609 поставил 5000 коинов на success и проиграл при выигрышном цвете danger
03:43:09 | Розыгрыш ставок для игры №9115:
ID 468901609 поставил 10000 коинов на danger и проиграл при выигрышном цвете success
03:44:36 | Розыгрыш ставок для игры №9116:
ID 468901609 поставил 10000 коинов на danger и проиграл при выигрышном цвете primary
03:45:21 | Розыгрыш ставок для игры №9117:
ID 468901609 поставил 10000 коинов на danger и проиграл при выигрышном цвете primary
05:12:39 | ID 201692810 пополнил баланс на 215000 коинов
06:01:02 | ID 468901609 пополнил баланс на 5000000 коинов
06:01:36 | Розыгрыш ставок для игры №9118:
ID 468901609 поставил 1000 коинов на primary и выиграл 1500 коинов при выигрышном цвете primary
06:02:18 | ID 512555504 пополнил баланс на 10000000 коинов
06:02:57 | Розыгрыш ставок для игры №9119:
ID 512555504 поставил 2000 коинов на primary и выиграл 3000 коинов при выигрышном цвете primary
06:03:46 | Розыгрыш ставок для игры №9120:
ID 512555504 поставил 2000 коинов на success и проиграл при выигрышном цвете danger
06:04:31 | Розыгрыш ставок для игры №9121:
ID 512555504 поставил 2222 коинов на success и проиграл при выигрышном цвете primary
06:05:15 | Розыгрыш ставок для игры №9122:
ID 512555504 поставил 3333 коинов на success и проиграл при выигрышном цвете primary
06:06:00 | Розыгрыш ставок для игры №9123:
ID 512555504 поставил 3333 коинов на success и проиграл при выигрышном цвете danger
06:06:33 | ID 512555504 пополнил баланс на 4600000 коинов
06:07:07 | Розыгрыш ставок для игры №9124:
ID 512555504 поставил 4712 коинов на success и проиграл при выигрышном цвете danger
06:08:49 | ID 512555504 пополнил баланс на 2000000 коинов
06:09:41 | ID 512555504 пополнил баланс на 98052000 коинов
06:10:22 | Розыгрыш ставок для игры №9125:
ID 512555504 поставил 10000 коинов на success и выиграл 25000 коинов при выигрышном цвете success
06:11:11 | Розыгрыш ставок для игры №9126:
ID 512555504 поставил 15000 коинов на primary и выиграл 22500 коинов при выигрышном цвете primary
06:11:59 | Розыгрыш ставок для игры №9127:
ID 512555504 поставил 5000 коинов на primary и выиграл 7500 коинов при выигрышном цвете primary
06:12:49 | Розыгрыш ставок для игры №9128:
ID 512555504 поставил 33333 коинов на danger и проиграл при выигрышном цвете success
06:13:35 | Розыгрыш ставок для игры №9129:
ID 512555504 поставил 33333 коинов на danger и проиграл при выигрышном цвете primary
09:02:08 | ID 468901609 пополнил баланс на 195000000 коинов
09:02:44 | Розыгрыш ставок для игры №9130:
ID 468901609 поставил 10000 коинов на primary и проиграл при выигрышном цвете success
09:03:31 | Розыгрыш ставок для игры №9131:
ID 468901609 поставил 33333 коинов на primary и проиграл при выигрышном цвете success
09:04:18 | Розыгрыш ставок для игры №9132:
ID 468901609 поставил 57167 коинов на primary и проиграл при выигрышном цвете success
09:05:03 | Розыгрыш ставок для игры №9133:
ID 468901609 поставил 100000 коинов на primary и выиграл 150000 коинов при выигрышном цвете primary
09:05:50 | Розыгрыш ставок для игры №9134:
ID 468901609 поставил 33333 коинов на primary и проиграл при выигрышном цвете danger
09:06:40 | Розыгрыш ставок для игры №9135:
ID 468901609 поставил 16667 коинов на success и выиграл 41667.5 коинов при выигрышном цвете success
09:07:27 | Розыгрыш ставок для игры №9136:
ID 468901609 поставил 41668 коинов на primary и проиграл при выигрышном цвете danger
09:08:14 | Розыгрыш ставок для игры №9137:
ID 468901609 поставил 100000 коинов на primary и проиграл при выигрышном цвете danger
09:08:34 | ID 468901609 пополнил баланс на 1000000000 коинов
09:09:17 | Розыгрыш ставок для игры №9138:
ID 468901609 поставил 222222 коинов на success и проиграл при выигрышном цвете primary
09:10:20 | Розыгрыш ставок для игры №9139:
ID 468901609 поставил 222222 коинов на success и выиграл 555555 коинов при выигрышном цвете success
09:11:11 | Розыгрыш ставок для игры №9140:
ID 468901609 поставил 55555 коинов на danger и проиграл при выигрышном цвете success
09:12:18 | Розыгрыш ставок для игры №9141:
ID 468901609 поставил 333333 коинов на primary и проиграл при выигрышном цвете danger
09:13:15 | Розыгрыш ставок для игры №9142:
ID 468901609 поставил 722223 коинов на primary и проиграл при выигрышном цвете danger
09:13:37 | ID 468901609 пополнил баланс на 2000000000 коинов
09:14:16 | Розыгрыш ставок для игры №9143:
ID 468901609 поставил 1000000 коинов на primary и выиграл 1500000 коинов при выигрышном цвете primary
09:15:08 | Розыгрыш ставок для игры №9144:
ID 468901609 поставил 222222 коинов на primary и выиграл 333333 коинов при выигрышном цвете primary
09:15:58 | Розыгрыш ставок для игры №9145:
ID 468901609 поставил 222222 коинов на danger и проиграл при выигрышном цвете primary
09:16:44 | Розыгрыш ставок для игры №9146:
ID 468901609 поставил 222222 коинов на danger и проиграл при выигрышном цвете primary
09:17:28 | Розыгрыш ставок для игры №9147:
ID 468901609 поставил 222222 коинов на danger и выиграл 999999 коинов при выигрышном цвете danger
09:18:33 | Розыгрыш ставок для игры №9148:
ID 468901609 поставил 111111 коинов на success и выиграл 277777.5 коинов при выигрышном цвете success
09:20:03 | Розыгрыш ставок для игры №9149:
ID 468901609 поставил 111110 коинов на primary и проиграл при выигрышном цвете success
09:21:10 | Розыгрыш ставок для игры №9150:
ID 468901609 поставил 444444 коинов на primary и проиграл при выигрышном цвете danger
09:21:59 | Розыгрыш ставок для игры №9151:
ID 468901609 поставил 2555556 коинов на primary и выиграл 3833334 коинов при выигрышном цвете primary
09:22:53 | Розыгрыш ставок для игры №9152:
ID 468901609 поставил 111111 коинов на primary и выиграл 166666.5 коинов при выигрышном цвете primary
09:23:54 | Розыгрыш ставок для игры №9153:
ID 468901609 поставил 222222 коинов на success и проиграл при выигрышном цвете primary
09:24:38 | Розыгрыш ставок для игры №9154:
ID 468901609 поставил 222222 коинов на success и проиграл при выигрышном цвете primary
09:25:27 | Розыгрыш ставок для игры №9155:
ID 468901609 поставил 444446 коинов на success и проиграл при выигрышном цвете danger
09:26:14 | Розыгрыш ставок для игры №9156:
ID 468901609 поставил 222222 коинов на success и проиграл при выигрышном цвете primary
09:27:11 | Розыгрыш ставок для игры №9157:
ID 468901609 поставил 444444 коинов на success и проиграл при выигрышном цвете danger
09:27:59 | Розыгрыш ставок для игры №9158:
ID 468901609 поставил 1111111 коинов на success и проиграл при выигрышном цвете primary
09:28:44 | Розыгрыш ставок для игры №9159:
ID 468901609 поставил 1222223 коинов на success и проиграл при выигрышном цвете primary
09:29:19 | ID 468901609 пополнил баланс на 3000000000 коинов
09:30:05 | Розыгрыш ставок для игры №9160:
ID 468901609 поставил 1111111 коинов на success и проиграл при выигрышном цвете danger
09:30:54 | Розыгрыш ставок для игры №9161:
ID 468901609 поставил 1888889 коинов на success и выиграл 4722222.5 коинов при выигрышном цвете success
09:32:21 | Розыгрыш ставок для игры №9162:
ID 468901609 поставил 555555 коинов на danger и выиграл 2499997.5 коинов при выигрышном цвете danger
09:34:05 | Розыгрыш ставок для игры №9163:
ID 468901609 поставил 666664 коинов на primary и проиграл при выигрышном цвете danger
09:34:16 | ID 428307056 пополнил баланс на 10000000 коинов
09:35:03 | Розыгрыш ставок для игры №9164:
ID 428307056 поставил 10000 коинов на primary и выиграл 15000 коинов при выигрышном цвете primary
ID 468901609 поставил 1333333 коинов на primary и выиграл 1999999.5 коинов при выигрышном цвете primary
09:35:49 | Розыгрыш ставок для игры №9165:
ID 596999058 поставил 1000 коинов на success и проиграл при выигрышном цвете primary
ID 428307056 поставил 5000 коинов на primary и выиграл 7500 коинов при выигрышном цвете primary
ID 468901609 поставил 555555 коинов на primary и выиграл 833332.5 коинов при выигрышном цвете primary
09:36:39 | Розыгрыш ставок для игры №9166:
ID 468901609 поставил 222222 коинов на success и проиграл при выигрышном цвете danger
ID 428307056 поставил 17500 коинов на success и проиграл при выигрышном цвете danger
09:37:21 | Розыгрыш ставок для игры №9167:
ID 468901609 поставил 222222 коинов на success и проиграл при выигрышном цвете primary
09:38:03 | Розыгрыш ставок для игры №9168:
ID 468901609 поставил 333333 коинов на success и проиграл при выигрышном цвете primary
09:38:53 | Розыгрыш ставок для игры №9169:
ID 468901609 поставил 555555 коинов на success и выиграл 1388887.5 коинов при выигрышном цвете success
09:41:22 | Розыгрыш ставок для игры №9170:
ID 468901609 поставил 111111 коинов на primary и выиграл 166666.5 коинов при выигрышном цвете primary
09:43:38 | Розыгрыш ставок для игры №9171:
ID 468901609 поставил 11111 коинов на primary и проиграл при выигрышном цвете success
09:44:33 | Розыгрыш ставок для игры №9172:
ID 468901609 поставил 11111 коинов на primary и выиграл 16666.5 коинов при выигрышном цвете primary
09:45:21 | Розыгрыш ставок для игры №9173:
ID 468901609 поставил 1111 коинов на primary и выиграл 1666.5 коинов при выигрышном цвете primary
09:46:03 | Розыгрыш ставок для игры №9174:
ID 597000064 поставил 1000 коинов на primary и выиграл 1500 коинов при выигрышном цвете primary
ID 468901609 поставил 1000000 коинов на danger и проиграл при выигрышном цвете primary
09:46:03 | Розыгрыш ставок для игры №9175:
ID 597000064 поставил 1000 коинов на primary и выиграл 1500 коинов при выигрышном цвете primary
ID 468901609 поставил 1000000 коинов на danger и проиграл при выигрышном цвете primary
09:46:50 | Розыгрыш ставок для игры №9176:
ID 468901609 поставил 1000000 коинов на danger и проиграл при выигрышном цвете primary
09:47:36 | Розыгрыш ставок для игры №9177:
ID 468901609 поставил 1000000 коинов на danger и проиграл при выигрышном цвете primary
09:48:24 | Розыгрыш ставок для игры №9178:
ID 468901609 поставил 2000000 коинов на danger и проиграл при выигрышном цвете primary
09:49:10 | Розыгрыш ставок для игры №9179:
ID 468901609 поставил 2050556 коинов на danger и проиграл при выигрышном цвете success
09:50:22 | ID 468901609 пополнил баланс на 3000000000 коинов
09:50:58 | Розыгрыш ставок для игры №9180:
ID 468901609 поставил 3000000 коинов на danger и проиграл при выигрышном цвете primary
09:59:29 | Розыгрыш ставок для игры №9181:
ID 597001580 поставил 1000 коинов на success и проиграл при выигрышном цвете primary
10:37:15 | ID 293895331 пополнил баланс на 100000000 коинов
10:37:43 | ID 293895331 запросил вывод 100000 коинов; VKC response code: 200
10:55:02 | Розыгрыш ставок для игры №9182:
ID 491264677 поставил 123612 коинов на danger и выиграл 556254 коинов при выигрышном цвете danger
10:56:19 | Розыгрыш ставок для игры №9183:
ID 491264677 поставил 556254 коинов на success и выиграл 1390635 коинов при выигрышном цвете success
10:57:34 | Розыгрыш ставок для игры №9184:
ID 491264677 поставил 390635 коинов на primary и выиграл 585952.5 коинов при выигрышном цвете primary
10:59:52 | Розыгрыш ставок для игры №9185:
ID 491264677 поставил 585952 коинов на danger и проиграл при выигрышном цвете primary
11:00:37 | Розыгрыш ставок для игры №9186:
ID 491264677 поставил 585952 коинов на primary и проиграл при выигрышном цвете danger
11:01:22 | Розыгрыш ставок для игры №9187:
ID 491264677 поставил 1000000 коинов на success и проиграл при выигрышном цвете danger
11:02:05 | Розыгрыш ставок для игры №9188:
ID 491264677 поставил 1000000 коинов на danger и проиграл при выигрышном цвете success
11:03:01 | Розыгрыш ставок для игры №9189:
ID 491264677 поставил 1000000 коинов на success и проиграл при выигрышном цвете primary
11:03:01 | Розыгрыш ставок для игры №9190:
ID 491264677 поставил 1000000 коинов на success и выиграл 2500000 коинов при выигрышном цвете success
11:04:05 | Розыгрыш ставок для игры №9191:
ID 491264677 поставил 914048 коинов на primary и проиграл при выигрышном цвете success
11:05:08 | Розыгрыш ставок для игры №9192:
ID 491264677 поставил 4000000 коинов на primary и выиграл 6000000 коинов при выигрышном цвете primary
11:06:08 | Розыгрыш ставок для игры №9193:
ID 491264677 поставил 1000000 коинов на primary и выиграл 1500000 коинов при выигрышном цвете primary
11:07:00 | Розыгрыш ставок для игры №9194:
ID 491264677 поставил 1500000 коинов на danger и проиграл при выигрышном цвете success
11:07:43 | Розыгрыш ставок для игры №9195:
ID 491264677 поставил 1500000 коинов на success и выиграл 3750000 коинов при выигрышном цвете success
11:08:28 | Розыгрыш ставок для игры №9196:
ID 491264677 поставил 3000000 коинов на danger и проиграл при выигрышном цвете success
11:09:28 | Розыгрыш ставок для игры №9197:
ID 491264677 поставил 4250000 коинов на danger и проиграл при выигрышном цвете success
11:12:39 | ID 311824797 пополнил баланс на 10000000 коинов
11:13:22 | Розыгрыш ставок для игры №9198:
ID 311824797 поставил 1000 коинов на success и проиграл при выигрышном цвете primary
11:14:08 | Розыгрыш ставок для игры №9199:
ID 311824797 поставил 1000 коинов на primary и выиграл 1500 коинов при выигрышном цвете primary
11:14:57 | Розыгрыш ставок для игры №9200:
ID 311824797 поставил 2000 коинов на primary и проиграл при выигрышном цвете success
13:13:26 | ID 482143627 пополнил баланс на 1000 коинов
13:14:17 | ID 482143627 пополнил баланс на 4000 коинов
15:42:51 | Розыгрыш ставок для игры №9201:
ID 398662673 поставил 1000 коинов на danger и проиграл при выигрышном цвете success
16:04:02 | ID 408025187 пополнил баланс на 800000000 коинов
16:04:41 | Розыгрыш ставок для игры №9202:
ID 408025187 поставил 150000 коинов на success и проиграл при выигрышном цвете primary
16:05:28 | Розыгрыш ставок для игры №9203:
ID 408025187 поставил 350000 коинов на success и проиграл при выигрышном цвете primary
16:06:14 | Розыгрыш ставок для игры №9204:
ID 408025187 поставил 300000 коинов на danger и проиграл при выигрышном цвете success
16:11:05 | ID 468901609 пополнил баланс на 3500000000 коинов
16:11:41 | Розыгрыш ставок для игры №9205:
ID 468901609 поставил 1000000 коинов на danger и проиграл при выигрышном цвете primary
16:12:25 | Розыгрыш ставок для игры №9206:
ID 468901609 поставил 1000000 коинов на danger и проиграл при выигрышном цвете success
16:13:07 | Розыгрыш ставок для игры №9207:
ID 468901609 поставил 1000000 коинов на danger и проиграл при выигрышном цвете success
16:13:52 | Розыгрыш ставок для игры №9208:
ID 468901609 поставил 500000 коинов на danger и проиграл при выигрышном цвете primary
16:17:15 | Розыгрыш ставок для игры №9209:
ID 234474930 поставил 1000 коинов на primary и проиграл при выигрышном цвете success
17:01:39 | ID 340071227 пополнил баланс на 1000 коинов
18:06:11 | Розыгрыш ставок для игры №9210:
ID 438997562 поставил 1000 коинов на primary и проиграл при выигрышном цвете success
18:06:48 | ID 438997562 пополнил баланс на 184000 коинов
18:50:49 | ID 347843799 пополнил баланс на 10000000 коинов
18:51:23 | Розыгрыш ставок для игры №9211:
ID 347843799 поставил 2000 коинов на primary и проиграл при выигрышном цвете danger
18:52:08 | Розыгрыш ставок для игры №9212:
ID 347843799 поставил 1000 коинов на success и проиграл при выигрышном цвете danger
18:52:52 | Розыгрыш ставок для игры №9213:
ID 347843799 поставил 1000 коинов на danger и проиграл при выигрышном цвете primary
18:53:35 | Розыгрыш ставок для игры №9214:
ID 347843799 поставил 1000 коинов на success и проиграл при выигрышном цвете danger
18:54:26 | Розыгрыш ставок для игры №9215:
ID 347843799 поставил 1000 коинов на success и проиграл при выигрышном цвете danger
18:55:13 | Розыгрыш ставок для игры №9216:
ID 347843799 поставил 1000 коинов на danger и выиграл 4500 коинов при выигрышном цвете danger
18:56:15 | Розыгрыш ставок для игры №9217:
ID 347843799 поставил 1000 коинов на danger и проиграл при выигрышном цвете primary
18:56:59 | Розыгрыш ставок для игры №9218:
ID 347843799 поставил 1000 коинов на danger и проиграл при выигрышном цвете success
19:23:53 | ID 217982813 пополнил баланс на 1000000 коинов
19:24:44 | Розыгрыш ставок для игры №9219:
ID 217982813 поставил 1000 коинов на primary и проиграл при выигрышном цвете danger
20:05:39 | ID 458162388 пополнил баланс на 1000000000 коинов
20:06:16 | Розыгрыш ставок для игры №9220:
ID 458162388 поставил 100000 коинов на primary и проиграл при выигрышном цвете success
20:07:09 | Розыгрыш ставок для игры №9221:
ID 458162388 поставил 800000 коинов на primary и выиграл 1200000 коинов при выигрышном цвете primary
20:08:03 | Розыгрыш ставок для игры №9222:
ID 458162388 поставил 300000 коинов на success и выиграл 750000 коинов при выигрышном цвете success
20:08:52 | Розыгрыш ставок для игры №9223:
ID 458162388 поставил 250000 коинов на danger и проиграл при выигрышном цвете success
20:09:42 | Розыгрыш ставок для игры №9224:
ID 458162388 поставил 1000000 коинов на danger и проиграл при выигрышном цвете primary
20:10:27 | Розыгрыш ставок для игры №9225:
ID 458162388 поставил 500000 коинов на danger и проиграл при выигрышном цвете primary
21:09:37 | Розыгрыш ставок для игры №9226:
ID 464438218 поставил 1000 коинов на danger и проиграл при выигрышном цвете success
21:10:24 | Розыгрыш ставок для игры №9227:
ID 464438218 поставил 1000 коинов на primary и выиграл 1500 коинов при выигрышном цвете primary
21:11:06 | Розыгрыш ставок для игры №9228:
ID 464438218 поставил 1000 коинов на success и проиграл при выигрышном цвете primary
21:11:52 | Розыгрыш ставок для игры №9229:
ID 464438218 поставил 1000 коинов на success и выиграл 2500 коинов при выигрышном цвете success
21:12:41 | Розыгрыш ставок для игры №9230:
ID 464438218 поставил 1000 коинов на danger и проиграл при выигрышном цвете primary
21:13:25 | Розыгрыш ставок для игры №9231:
ID 464438218 поставил 2000 коинов на primary и проиграл при выигрышном цвете success
21:14:17 | Розыгрыш ставок для игры №9232:
ID 464438218 поставил 2000 коинов на primary и выиграл 3000 коинов при выигрышном цвете primary
21:15:03 | Розыгрыш ставок для игры №9233:
ID 464438218 поставил 2000 коинов на success и проиграл при выигрышном цвете primary
21:15:49 | Розыгрыш ставок для игры №9234:
ID 464438218 поставил 3000 коинов на success и проиграл при выигрышном цвете primary
21:16:31 | Розыгрыш ставок для игры №9235:
ID 464438218 поставил 4000 коинов на success и выиграл 10000 коинов при выигрышном цвете success
21:17:24 | Розыгрыш ставок для игры №9236:
ID 464438218 поставил 3000 коинов на primary и выиграл 4500 коинов при выигрышном цвете primary
21:18:14 | Розыгрыш ставок для игры №9237:
ID 464438218 поставил 1000 коинов на primary и проиграл при выигрышном цвете success
21:18:58 | Розыгрыш ставок для игры №9238:
ID 464438218 поставил 5000 коинов на primary и выиграл 7500 коинов при выигрышном цвете primary
21:19:47 | Розыгрыш ставок для игры №9239:
ID 464438218 поставил 1000 коинов на success и выиграл 2500 коинов при выигрышном цвете success
21:20:38 | Розыгрыш ставок для игры №9240:
ID 464438218 поставил 4000 коинов на primary и проиграл при выигрышном цвете success
21:21:54 | Розыгрыш ставок для игры №9241:
ID 464438218 поставил 10000 коинов на primary и проиграл при выигрышном цвете success
21:22:42 | Розыгрыш ставок для игры №9242:
ID 464438218 поставил 6400 коинов на primary и выиграл 9600 коинов при выигрышном цвете primary
21:23:26 | Розыгрыш ставок для игры №9243:
ID 464438218 поставил 6400 коинов на success и проиграл при выигрышном цвете primary
21:24:11 | Розыгрыш ставок для игры №9244:
ID 464438218 поставил 3200 коинов на primary и проиграл при выигрышном цвете danger
22:00:51 | Розыгрыш ставок для игры №9245:
ID 484928455 поставил 1000 коинов на success и проиграл при выигрышном цвете danger
22:49:33 | ID 388948203 пополнил баланс на 300000000 коинов
22:50:08 | Розыгрыш ставок для игры №9246:
ID 388948203 поставил 300000 коинов на primary и проиграл при выигрышном цвете success
22:51:52 | ID 562427284 пополнил баланс на 1300000000 коинов
22:52:28 | Розыгрыш ставок для игры №9247:
ID 562427284 поставил 325000 коинов на success и проиграл при выигрышном цвете primary
22:53:11 | Розыгрыш ставок для игры №9248:
ID 562427284 поставил 650000 коинов на success и выиграл 1625000 коинов при выигрышном цвете success
22:53:31 | ID 562427284 запросил вывод 1950000 коинов; VKC response code: 200
23:03:26 | ID 533394134 пополнил баланс на 750000000 коинов
23:04:35 | ID 533394134 запросил вывод 480000 коинов; VKC response code: 200
23:18:06 | ID 158107781 пополнил баланс на 1000 коинов