
00:08:10 | Розыгрыш ставок для игры №8410:
ID 414023989 поставил 1000 коинов на primary и проиграл при выигрышном цвете success
00:09:07 | Розыгрыш ставок для игры №8411:
ID 414023989 поставил 2000 коинов на primary и выиграл 3000 коинов при выигрышном цвете primary
00:09:55 | Розыгрыш ставок для игры №8412:
ID 414023989 поставил 1000 коинов на success и выиграл 2500 коинов при выигрышном цвете success
00:10:22 | ID 414023989 запросил вывод 3500 коинов; VKC response code: 200
00:10:55 | Розыгрыш ставок для игры №8413:
ID 414023989 поставил 1000 коинов на danger и проиграл при выигрышном цвете success
01:46:34 | ID 478754867 пополнил баланс на 10000000 коинов
01:47:19 | Розыгрыш ставок для игры №8414:
ID 478754867 поставил 9375 коинов на danger и проиграл при выигрышном цвете primary
01:47:42 | ID 478754867 пополнил баланс на 50000000 коинов
01:48:19 | Розыгрыш ставок для игры №8415:
ID 478754867 поставил 30000 коинов на success и проиграл при выигрышном цвете primary
01:49:12 | Розыгрыш ставок для игры №8416:
ID 478754867 поставил 20000 коинов на danger и выиграл 90000 коинов при выигрышном цвете danger
01:49:31 | ID 478754867 запросил вывод 90000 коинов; VKC response code: 200
01:49:57 | Розыгрыш ставок для игры №8417:
ID 496051663 поставил 1000 коинов на success и проиграл при выигрышном цвете primary
03:37:57 | ID 468901609 пополнил баланс на 5000000 коинов
03:38:33 | Розыгрыш ставок для игры №8418:
ID 468901609 поставил 1000 коинов на primary и проиграл при выигрышном цвете success
03:39:18 | Розыгрыш ставок для игры №8419:
ID 468901609 поставил 1000 коинов на primary и проиграл при выигрышном цвете success
03:40:25 | Розыгрыш ставок для игры №8420:
ID 468901609 поставил 2000 коинов на primary и выиграл 3000 коинов при выигрышном цвете primary
03:41:30 | Розыгрыш ставок для игры №8421:
ID 468901609 поставил 1000 коинов на danger и выиграл 4500 коинов при выигрышном цвете danger
03:42:21 | Розыгрыш ставок для игры №8422:
ID 468901609 поставил 3000 коинов на primary и выиграл 4500 коинов при выигрышном цвете primary
03:43:16 | Розыгрыш ставок для игры №8423:
ID 468901609 поставил 2000 коинов на success и проиграл при выигрышном цвете primary
03:44:06 | Розыгрыш ставок для игры №8424:
ID 468901609 поставил 2000 коинов на success и проиграл при выигрышном цвете danger
03:44:49 | Розыгрыш ставок для игры №8425:
ID 468901609 поставил 5000 коинов на success и проиграл при выигрышном цвете primary
03:45:09 | ID 468901609 пополнил баланс на 22222000 коинов
03:45:50 | Розыгрыш ставок для игры №8426:
ID 468901609 поставил 4444 коинов на success и проиграл при выигрышном цвете danger
03:46:33 | Розыгрыш ставок для игры №8427:
ID 468901609 поставил 4444 коинов на success и выиграл 11110 коинов при выигрышном цвете success
03:47:24 | Розыгрыш ставок для игры №8428:
ID 468901609 поставил 17776 коинов на primary и выиграл 26664 коинов при выигрышном цвете primary
03:48:01 | ID 468901609 запросил вывод 33332 коинов; VKC response code: 200
03:53:01 | ID 468901609 пополнил баланс на 100000000 коинов
03:53:37 | Розыгрыш ставок для игры №8429:
ID 468901609 поставил 10000 коинов на primary и выиграл 15000 коинов при выигрышном цвете primary
03:54:29 | Розыгрыш ставок для игры №8430:
ID 468901609 поставил 11111 коинов на danger и проиграл при выигрышном цвете primary
03:55:14 | Розыгрыш ставок для игры №8431:
ID 468901609 поставил 11111 коинов на danger и проиграл при выигрышном цвете success
03:55:58 | Розыгрыш ставок для игры №8432:
ID 468901609 поставил 11111 коинов на danger и проиграл при выигрышном цвете success
03:56:41 | Розыгрыш ставок для игры №8433:
ID 468901609 поставил 11111 коинов на danger и проиграл при выигрышном цвете primary
03:57:26 | Розыгрыш ставок для игры №8434:
ID 468901609 поставил 11111 коинов на danger и проиграл при выигрышном цвете primary
03:58:11 | Розыгрыш ставок для игры №8435:
ID 468901609 поставил 22222 коинов на danger и выиграл 99999 коинов при выигрышном цвете danger
03:59:02 | Розыгрыш ставок для игры №8436:
ID 468901609 поставил 11111 коинов на success и проиграл при выигрышном цвете primary
03:59:02 | Розыгрыш ставок для игры №8437:
ID 468901609 поставил 11111 коинов на success и выиграл 27777.5 коинов при выигрышном цвете success
03:59:51 | Розыгрыш ставок для игры №8438:
ID 468901609 поставил 44444 коинов на primary и выиграл 66666 коинов при выигрышном цвете primary
04:00:13 | ID 468901609 запросил вывод 166110 коинов; VKC response code: 200
05:07:49 | Розыгрыш ставок для игры №8439:
ID 475357194 поставил 1000 коинов на primary и выиграл 1500 коинов при выигрышном цвете primary
05:08:07 | ID 475357194 запросил вывод 1500 коинов; VKC response code: 200
05:09:27 | ID 475357194 пополнил баланс на 200000000 коинов
05:10:07 | Розыгрыш ставок для игры №8440:
ID 475357194 поставил 200000 коинов на primary и выиграл 300000 коинов при выигрышном цвете primary
05:10:29 | ID 475357194 запросил вывод 300000 коинов; VKC response code: 200
10:57:32 | ID 561442196 пополнил баланс на 1000000 коинов
10:58:34 | Розыгрыш ставок для игры №8441:
ID 561442196 поставил 1000 коинов на danger и проиграл при выигрышном цвете success
11:45:51 | ID 436711391 пополнил баланс на 15000000 коинов
11:46:43 | Розыгрыш ставок для игры №8442:
ID 436711391 поставил 5000 коинов на primary и проиграл при выигрышном цвете danger
11:47:27 | Розыгрыш ставок для игры №8443:
ID 436711391 поставил 10000 коинов на danger и проиграл при выигрышном цвете primary
11:59:34 | ID 338801688 пополнил баланс на 10000000 коинов
12:00:16 | Розыгрыш ставок для игры №8444:
ID 338801688 поставил 1000 коинов на danger и проиграл при выигрышном цвете primary
12:01:07 | Розыгрыш ставок для игры №8445:
ID 338801688 поставил 9000 коинов на primary и проиграл при выигрышном цвете success
13:08:14 | ID 533394134 пополнил баланс на 1000000 коинов
13:09:04 | Розыгрыш ставок для игры №8446:
ID 533394134 поставил 1000 коинов на success и выиграл 2500 коинов при выигрышном цвете success
13:09:52 | Розыгрыш ставок для игры №8447:
ID 533394134 поставил 2500 коинов на danger и проиграл при выигрышном цвете primary
13:11:16 | Розыгрыш ставок для игры №8448:
ID 449055306 поставил 1000 коинов на primary и проиграл при выигрышном цвете success
13:26:27 | ID 562427284 пополнил баланс на 500000000 коинов
13:27:01 | Розыгрыш ставок для игры №8449:
ID 562427284 поставил 500000 коинов на success и выиграл 1250000 коинов при выигрышном цвете success
13:27:26 | ID 562427284 запросил вывод 1000000 коинов; VKC response code: 200
13:27:49 | Розыгрыш ставок для игры №8450:
ID 562427284 поставил 250000 коинов на danger и проиграл при выигрышном цвете primary
13:36:21 | ID 562427284 пополнил баланс на 172000000 коинов
13:36:56 | Розыгрыш ставок для игры №8451:
ID 562427284 поставил 172000 коинов на danger и проиграл при выигрышном цвете success
15:17:31 | ID 377497472 пополнил баланс на 650000000 коинов
15:18:11 | Розыгрыш ставок для игры №8452:
ID 377497472 поставил 150000 коинов на primary и выиграл 225000 коинов при выигрышном цвете primary
15:19:04 | Розыгрыш ставок для игры №8453:
ID 377497472 поставил 125000 коинов на success и выиграл 312500 коинов при выигрышном цвете success
15:19:04 | Розыгрыш ставок для игры №8454:
ID 377497472 поставил 125000 коинов на success и проиграл при выигрышном цвете primary
15:19:59 | Розыгрыш ставок для игры №8455:
ID 377497472 поставил 250000 коинов на success и проиграл при выигрышном цвете danger
15:20:49 | Розыгрыш ставок для игры №8456:
ID 377497472 поставил 162500 коинов на success и проиграл при выигрышном цвете danger
15:21:34 | Розыгрыш ставок для игры №8457:
ID 377497472 поставил 500000 коинов на primary и выиграл 750000 коинов при выигрышном цвете primary
15:23:56 | Розыгрыш ставок для игры №8458:
ID 377497472 поставил 150000 коинов на success и проиграл при выигрышном цвете primary
15:25:08 | Розыгрыш ставок для игры №8459:
ID 377497472 поставил 200000 коинов на success и выиграл 500000 коинов при выигрышном цвете success
15:26:17 | Розыгрыш ставок для игры №8460:
ID 377497472 поставил 900000 коинов на primary и проиграл при выигрышном цвете success
16:17:22 | ID 495378433 пополнил баланс на 500000000 коинов
16:18:00 | Розыгрыш ставок для игры №8461:
ID 495378433 поставил 200000 коинов на primary и проиграл при выигрышном цвете success
16:18:44 | Розыгрыш ставок для игры №8462:
ID 495378433 поставил 300000 коинов на primary и выиграл 450000 коинов при выигрышном цвете primary
16:19:31 | Розыгрыш ставок для игры №8463:
ID 495378433 поставил 200000 коинов на primary и выиграл 300000 коинов при выигрышном цвете primary
16:20:20 | Розыгрыш ставок для игры №8464:
ID 495378433 поставил 150000 коинов на success и выиграл 375000 коинов при выигрышном цвете success
16:21:17 | Розыгрыш ставок для игры №8465:
ID 495378433 поставил 775000 коинов на primary и выиграл 1162500 коинов при выигрышном цвете primary
16:22:05 | Розыгрыш ставок для игры №8466:
ID 495378433 поставил 462500 коинов на danger и проиграл при выигрышном цвете primary
16:22:53 | Розыгрыш ставок для игры №8467:
ID 495378433 поставил 250000 коинов на success и выиграл 625000 коинов при выигрышном цвете success
16:23:40 | Розыгрыш ставок для игры №8468:
ID 495378433 поставил 575000 коинов на primary и проиграл при выигрышном цвете success
16:24:13 | ID 495378433 пополнил баланс на 250000000 коинов
16:24:29 | Розыгрыш ставок для игры №8469:
ID 495378433 поставил 750000 коинов на primary и выиграл 1125000 коинов при выигрышном цвете primary
16:25:16 | Розыгрыш ставок для игры №8470:
ID 495378433 поставил 500000 коинов на primary и проиграл при выигрышном цвете danger
16:26:03 | Розыгрыш ставок для игры №8471:
ID 495378433 поставил 250000 коинов на success и выиграл 625000 коинов при выигрышном цвете success
16:26:52 | Розыгрыш ставок для игры №8472:
ID 495378433 поставил 500000 коинов на primary и выиграл 750000 коинов при выигрышном цвете primary
16:27:38 | Розыгрыш ставок для игры №8473:
ID 495378433 поставил 500000 коинов на primary и проиграл при выигрышном цвете success
16:28:26 | Розыгрыш ставок для игры №8474:
ID 495378433 поставил 250000 коинов на danger и проиграл при выигрышном цвете primary
16:29:08 | Розыгрыш ставок для игры №8475:
ID 495378433 поставил 500000 коинов на primary и выиграл 750000 коинов при выигрышном цвете primary
16:29:57 | Розыгрыш ставок для игры №8476:
ID 495378433 поставил 250000 коинов на success и выиграл 625000 коинов при выигрышном цвете success
16:30:42 | Розыгрыш ставок для игры №8477:
ID 495378433 поставил 250000 коинов на danger и проиграл при выигрышном цвете primary
16:31:26 | Розыгрыш ставок для игры №8478:
ID 495378433 поставил 875000 коинов на primary и проиграл при выигрышном цвете success
17:08:52 | ID 562427284 пополнил баланс на 8000000000 коинов
17:09:32 | Розыгрыш ставок для игры №8479:
ID 562427284 поставил 2000000 коинов на success и выиграл 5000000 коинов при выигрышном цвете success
17:10:30 | Розыгрыш ставок для игры №8480:
ID 562427284 поставил 2750000 коинов на danger и проиграл при выигрышном цвете success
17:11:14 | Розыгрыш ставок для игры №8481:
ID 562427284 поставил 2750000 коинов на danger и проиграл при выигрышном цвете success
17:11:57 | Розыгрыш ставок для игры №8482:
ID 562427284 поставил 2750000 коинов на danger и выиграл 12375000 коинов при выигрышном цвете danger
17:12:41 | ID 562427284 запросил вывод 11343000 коинов; VKC response code: 200
17:12:54 | ID 562427284 запросил вывод 750 коинов; VKC response code: 200
17:12:56 | Розыгрыш ставок для игры №8483:
ID 562427284 поставил 3781250 коинов на primary и проиграл при выигрышном цвете danger
17:21:11 | ID 587460695 пополнил баланс на 1900000 коинов
17:22:03 | Розыгрыш ставок для игры №8484:
ID 587460695 поставил 1900 коинов на danger и проиграл при выигрышном цвете success
18:52:28 | ID 562427284 пополнил баланс на 5000000000 коинов
18:53:07 | Розыгрыш ставок для игры №8485:
ID 562427284 поставил 1250000 коинов на success и выиграл 3125000 коинов при выигрышном цвете success
18:54:02 | Розыгрыш ставок для игры №8486:
ID 562427284 поставил 3437500 коинов на primary и проиграл при выигрышном цвете danger
18:54:02 | Розыгрыш ставок для игры №8487:
ID 562427284 поставил 3437500 коинов на primary и проиграл при выигрышном цвете danger
18:54:50 | Розыгрыш ставок для игры №8488:
ID 562427284 поставил 1718750 коинов на success и выиграл 4296875 коинов при выигрышном цвете success
18:55:52 | Розыгрыш ставок для игры №8489:
ID 562427284 поставил 3437500 коинов на primary и выиграл 5156250 коинов при выигрышном цвете primary
18:56:50 | Розыгрыш ставок для игры №8490:
ID 562427284 поставил 3867187 коинов на primary и выиграл 5800780.5 коинов при выигрышном цвете primary
18:57:42 | Розыгрыш ставок для игры №8491:
ID 562427284 поставил 2416992 коинов на success и выиграл 6042480 коинов при выигрышном цвете success
18:58:21 | ID 562427284 запросил вывод 13000000 коинов; VKC response code: 200
18:59:12 | Розыгрыш ставок для игры №8492:
ID 562427284 поставил 293456 коинов на danger и проиграл при выигрышном цвете primary
19:07:50 | ID 562427284 пополнил баланс на 5000000000 коинов
19:08:25 | Розыгрыш ставок для игры №8493:
ID 562427284 поставил 2500000 коинов на success и проиграл при выигрышном цвете danger
19:09:07 | Розыгрыш ставок для игры №8494:
ID 562427284 поставил 2500000 коинов на success и проиграл при выигрышном цвете danger
19:09:38 | ID 562427284 пополнил баланс на 350000000 коинов
19:10:12 | Розыгрыш ставок для игры №8495:
ID 562427284 поставил 350000 коинов на success и выиграл 875000 коинов при выигрышном цвете success
19:10:59 | Розыгрыш ставок для игры №8496:
ID 562427284 поставил 875000 коинов на danger и выиграл 3937500 коинов при выигрышном цвете danger
19:11:55 | Розыгрыш ставок для игры №8497:
ID 562427284 поставил 984375 коинов на primary и выиграл 1476562.5 коинов при выигрышном цвете primary
19:12:54 | Розыгрыш ставок для игры №8498:
ID 562427284 поставил 2214844 коинов на success и проиграл при выигрышном цвете primary
19:13:38 | Розыгрыш ставок для игры №8499:
ID 562427284 поставил 1661133 коинов на success и выиграл 4152832.5 коинов при выигрышном цвете success
19:14:22 | Розыгрыш ставок для игры №8500:
ID 562427284 поставил 553711 коинов на danger и выиграл 2491699.5 коинов при выигрышном цвете danger
19:15:36 | Розыгрыш ставок для игры №8501:
ID 562427284 поставил 1661133 коинов на danger и проиграл при выигрышном цвете success
19:16:22 | Розыгрыш ставок для игры №8502:
ID 562427284 поставил 3322266 коинов на success и проиграл при выигрышном цвете danger
19:17:13 | Розыгрыш ставок для игры №8503:
ID 562427284 поставил 1661133 коинов на success и выиграл 4152832.5 коинов при выигрышном цвете success
19:18:09 | Розыгрыш ставок для игры №8504:
ID 562427284 поставил 1038208 коинов на danger и проиграл при выигрышном цвете success
19:19:01 | Розыгрыш ставок для игры №8505:
ID 562427284 поставил 1038208 коинов на danger и выиграл 4671936 коинов при выигрышном цвете danger
19:19:01 | Розыгрыш ставок для игры №8506:
ID 562427284 поставил 1038208 коинов на danger и проиграл при выигрышном цвете primary
19:19:51 | Розыгрыш ставок для игры №8507:
ID 562427284 поставил 3114624 коинов на danger и проиграл при выигрышном цвете primary
19:20:33 | Розыгрыш ставок для игры №8508:
ID 562427284 поставил 3114624 коинов на danger и проиграл при выигрышном цвете primary
19:21:16 | Розыгрыш ставок для игры №8509:
ID 562427284 поставил 519104 коинов на danger и выиграл 2335968 коинов при выигрышном цвете danger
19:22:29 | Розыгрыш ставок для игры №8510:
ID 562427284 поставил 2335968 коинов на success и проиграл при выигрышном цвете primary
19:39:37 | ID 536573932 пополнил баланс на 100000000 коинов
19:40:17 | Розыгрыш ставок для игры №8511:
ID 536573932 поставил 100000 коинов на primary и проиграл при выигрышном цвете success
21:07:26 | Розыгрыш ставок для игры №8512:
ID 561543242 поставил 1000 коинов на primary и выиграл 1500 коинов при выигрышном цвете primary
21:08:21 | Розыгрыш ставок для игры №8513:
ID 561543242 поставил 1000 коинов на success и проиграл при выигрышном цвете primary
22:34:17 | Розыгрыш ставок для игры №8514:
ID 334120073 поставил 1000 коинов на danger и проиграл при выигрышном цвете primary
22:34:45 | ID 334120073 пополнил баланс на 10000000 коинов
22:35:24 | Розыгрыш ставок для игры №8515:
ID 334120073 поставил 1000 коинов на danger и проиграл при выигрышном цвете primary
22:36:15 | Розыгрыш ставок для игры №8516:
ID 334120073 поставил 1000 коинов на danger и проиграл при выигрышном цвете primary
22:37:00 | Розыгрыш ставок для игры №8517:
ID 334120073 поставил 1000 коинов на primary и проиграл при выигрышном цвете success
22:37:17 | ID 334120073 запросил вывод 7000 коинов; VKC response code: 200
22:57:06 | ID 339219088 пополнил баланс на 10000000 коинов
22:58:04 | Розыгрыш ставок для игры №8518:
ID 339219088 поставил 1000 коинов на primary и проиграл при выигрышном цвете danger
22:59:05 | Розыгрыш ставок для игры №8519:
ID 339219088 поставил 1500 коинов на primary и проиграл при выигрышном цвете success
23:00:16 | Розыгрыш ставок для игры №8520:
ID 339219088 поставил 2500 коинов на primary и выиграл 3750 коинов при выигрышном цвете primary
23:01:18 | Розыгрыш ставок для игры №8521:
ID 339219088 поставил 2500 коинов на success и проиграл при выигрышном цвете primary
23:02:02 | Розыгрыш ставок для игры №8522:
ID 339219088 поставил 1000 коинов на danger и проиграл при выигрышном цвете success
23:02:02 | Розыгрыш ставок для игры №8523:
ID 339219088 поставил 1000 коинов на danger и проиграл при выигрышном цвете primary
23:05:12 | Розыгрыш ставок для игры №8524:
ID 339219088 поставил 5250 коинов на primary и проиграл при выигрышном цвете danger