
00:31:46 | ID 431878024 пополнил баланс на 1000000 коинов
00:32:40 | Розыгрыш ставок для игры №2658:
ID 431878024 поставил 1000 коинов на primary и выиграл 2000 коинов при выигрышном цвете primary
00:33:39 | Розыгрыш ставок для игры №2659:
ID 431878024 поставил 1000 коинов на danger и проиграл при выигрышном цвете primary
00:34:24 | Розыгрыш ставок для игры №2660:
ID 431878024 поставил 1000 коинов на primary и проиграл при выигрышном цвете danger
02:52:42 | ID 592829525 пополнил баланс на 90000000 коинов
02:53:22 | Розыгрыш ставок для игры №2661:
ID 592829525 поставил 35000 коинов на danger и проиграл при выигрышном цвете primary
02:54:11 | Розыгрыш ставок для игры №2662:
ID 592829525 поставил 55000 коинов на primary и проиграл при выигрышном цвете danger
03:02:10 | Розыгрыш ставок для игры №2663:
ID 586673720 поставил 1000 коинов на primary и выиграл 2000 коинов при выигрышном цвете primary
03:04:41 | Розыгрыш ставок для игры №2664:
ID 586673720 поставил 1000 коинов на primary и выиграл 2000 коинов при выигрышном цвете primary
03:05:39 | Розыгрыш ставок для игры №2665:
ID 586673720 поставил 1500 коинов на danger и выиграл 3000 коинов при выигрышном цвете danger
03:06:45 | Розыгрыш ставок для игры №2666:
ID 586673720 поставил 3000 коинов на danger и выиграл 6000 коинов при выигрышном цвете danger
03:33:47 | ID 443832283 пополнил баланс на 1000000 коинов
03:34:23 | Розыгрыш ставок для игры №2667:
ID 443832283 поставил 1000 коинов на primary и проиграл при выигрышном цвете danger
06:56:03 | ID 586853505 запросил вывод 190000 коинов; VKC response code: 200
07:25:58 | ID 522473572 пополнил баланс на 225000000 коинов
07:26:45 | Розыгрыш ставок для игры №2668:
ID 522473572 поставил 2500 коинов на primary и выиграл 5000 коинов при выигрышном цвете primary
07:27:30 | Розыгрыш ставок для игры №2669:
ID 522473572 поставил 152500 коинов на danger и выиграл 305000 коинов при выигрышном цвете danger
07:28:21 | Розыгрыш ставок для игры №2670:
ID 522473572 поставил 150000 коинов на danger и выиграл 300000 коинов при выигрышном цвете danger
07:28:52 | ID 457529081 пополнил баланс на 12000000000 коинов
07:29:05 | Розыгрыш ставок для игры №2671:
ID 522473572 поставил 200000 коинов на primary и выиграл 400000 коинов при выигрышном цвете primary
ID 457529081 поставил 12000000 коинов на danger и проиграл при выигрышном цвете primary
07:29:54 | Розыгрыш ставок для игры №2672:
ID 522473572 поставил 400000 коинов на danger и выиграл 800000 коинов при выигрышном цвете danger
07:30:39 | Розыгрыш ставок для игры №2673:
ID 522473572 поставил 775000 коинов на danger и выиграл 1550000 коинов при выигрышном цвете danger
07:31:29 | Розыгрыш ставок для игры №2674:
ID 522473572 поставил 512000 коинов на primary и проиграл при выигрышном цвете success
07:32:13 | Розыгрыш ставок для игры №2675:
ID 522473572 поставил 512000 коинов на primary и выиграл 1024000 коинов при выигрышном цвете primary
07:32:57 | Розыгрыш ставок для игры №2676:
ID 522473572 поставил 1024000 коинов на primary и выиграл 2048000 коинов при выигрышном цвете primary
07:33:43 | Розыгрыш ставок для игры №2677:
ID 522473572 поставил 2048000 коинов на danger и проиграл при выигрышном цвете primary
07:34:31 | Розыгрыш ставок для игры №2678:
ID 522473572 поставил 512000 коинов на danger и выиграл 1024000 коинов при выигрышном цвете danger
07:35:17 | Розыгрыш ставок для игры №2679:
ID 522473572 поставил 512000 коинов на danger и проиграл при выигрышном цвете primary
07:36:03 | Розыгрыш ставок для игры №2680:
ID 522473572 поставил 512000 коинов на danger и выиграл 1024000 коинов при выигрышном цвете danger
07:36:03 | Розыгрыш ставок для игры №2681:
ID 522473572 поставил 512000 коинов на danger и выиграл 1024000 коинов при выигрышном цвете danger
07:36:53 | Розыгрыш ставок для игры №2682:
ID 522473572 поставил 2147999 коинов на primary и проиграл при выигрышном цвете danger
07:37:42 | Розыгрыш ставок для игры №2683:
ID 522473572 поставил 266664 коинов на primary и проиграл при выигрышном цвете success
07:38:13 | ID 520868965 пополнил баланс на 84000000 коинов
07:38:33 | Розыгрыш ставок для игры №2684:
ID 522473572 поставил 2337 коинов на danger и выиграл 4674 коинов при выигрышном цвете danger
ID 520868965 поставил 84000 коинов на danger и выиграл 168000 коинов при выигрышном цвете danger
07:39:21 | Розыгрыш ставок для игры №2685:
ID 522473572 поставил 2674 коинов на danger и выиграл 5348 коинов при выигрышном цвете danger
ID 520868965 поставил 168000 коинов на danger и выиграл 336000 коинов при выигрышном цвете danger
07:40:05 | Розыгрыш ставок для игры №2686:
ID 522473572 поставил 5348 коинов на primary и выиграл 10696 коинов при выигрышном цвете primary
ID 520868965 поставил 36000 коинов на success и проиграл при выигрышном цвете primary
07:40:59 | Розыгрыш ставок для игры №2687:
ID 522473572 поставил 10696 коинов на primary и проиграл при выигрышном цвете danger
ID 520868965 поставил 300000 коинов на danger и выиграл 600000 коинов при выигрышном цвете danger
07:41:18 | ID 522473572 запросил вывод 2000 коинов; VKC response code: 200
07:41:28 | ID 520868965 запросил вывод 600000 коинов; VKC response code: 200
07:55:11 | ID 283211590 пополнил баланс на 10000000 коинов
07:55:56 | Розыгрыш ставок для игры №2688:
ID 283211590 поставил 5000 коинов на danger и проиграл при выигрышном цвете primary
07:56:39 | Розыгрыш ставок для игры №2689:
ID 283211590 поставил 5000 коинов на danger и проиграл при выигрышном цвете primary
08:16:02 | ID 457529081 пополнил баланс на 17500000000 коинов
08:16:34 | Розыгрыш ставок для игры №2690:
ID 457529081 поставил 5000000 коинов на primary и выиграл 10000000 коинов при выигрышном цвете primary
08:17:19 | Розыгрыш ставок для игры №2691:
ID 457529081 поставил 12500000 коинов на danger и выиграл 25000000 коинов при выигрышном цвете danger
08:18:16 | ID 457529081 запросил вывод 20050000 коинов; VKC response code: 200
08:18:37 | Розыгрыш ставок для игры №2692:
ID 457529081 поставил 14950000 коинов на danger и выиграл 29900000 коинов при выигрышном цвете danger
08:19:18 | ID 457529081 запросил вывод 18900000 коинов; VKC response code: 200
08:19:42 | Розыгрыш ставок для игры №2693:
ID 457529081 поставил 11000000 коинов на danger и выиграл 22000000 коинов при выигрышном цвете danger
08:20:44 | Розыгрыш ставок для игры №2694:
ID 457529081 поставил 2500000 коинов на danger и выиграл 5000000 коинов при выигрышном цвете danger
08:21:28 | ID 457529081 запросил вывод 1100000 коинов; VKC response code: 200
08:21:33 | Розыгрыш ставок для игры №2695:
ID 457529081 поставил 21500000 коинов на primary и проиграл при выигрышном цвете danger
08:21:56 | ID 457529081 пополнил баланс на 4000000000 коинов
08:22:17 | ID 457529081 пополнил баланс на 3000000000 коинов
08:22:20 | Розыгрыш ставок для игры №2696:
ID 457529081 поставил 5900000 коинов на primary и выиграл 11800000 коинов при выигрышном цвете primary
08:23:23 | Розыгрыш ставок для игры №2697:
ID 457529081 поставил 14799999 коинов на danger и выиграл 29599998 коинов при выигрышном цвете danger
08:24:04 | ID 457529081 запросил вывод 20000000 коинов; VKC response code: 200
08:24:17 | Розыгрыш ставок для игры №2698:
ID 457529081 поставил 9599999 коинов на primary и выиграл 19199998 коинов при выигрышном цвете primary
08:25:05 | ID 480660921 пополнил баланс на 1000000000 коинов
08:25:09 | Розыгрыш ставок для игры №2699:
ID 457529081 поставил 9500000 коинов на danger и выиграл 19000000 коинов при выигрышном цвете danger
08:25:38 | ID 457529081 запросил вывод 16199998 коинов; VKC response code: 200
08:25:59 | Розыгрыш ставок для игры №2700:
ID 457529081 поставил 12500000 коинов на danger и выиграл 25000000 коинов при выигрышном цвете danger
08:26:53 | Розыгрыш ставок для игры №2701:
ID 480660921 поставил 1000000 коинов на primary и проиграл при выигрышном цвете danger
ID 457529081 поставил 8744444 коинов на primary и проиграл при выигрышном цвете danger
08:27:29 | ID 457529081 пополнил баланс на 2727289000 коинов
08:27:40 | Розыгрыш ставок для игры №2702:
ID 457529081 поставил 18982845 коинов на primary и выиграл 37965690 коинов при выигрышном цвете primary
08:28:04 | ID 457529081 запросил вывод 17965690 коинов; VKC response code: 200
08:28:25 | Розыгрыш ставок для игры №2703:
ID 457529081 поставил 20000000 коинов на danger и проиграл при выигрышном цвете primary
08:28:46 | ID 457529081 пополнил баланс на 15000000000 коинов
08:29:19 | Розыгрыш ставок для игры №2704:
ID 457529081 поставил 15000000 коинов на danger и выиграл 30000000 коинов при выигрышном цвете danger
08:30:14 | Розыгрыш ставок для игры №2705:
ID 457529081 поставил 20000000 коинов на danger и проиграл при выигрышном цвете primary
08:30:56 | Розыгрыш ставок для игры №2706:
ID 457529081 поставил 2000000 коинов на danger и проиграл при выигрышном цвете primary
08:31:41 | Розыгрыш ставок для игры №2707:
ID 457529081 поставил 8000000 коинов на primary и выиграл 16000000 коинов при выигрышном цвете primary
08:32:01 | ID 457529081 пополнил баланс на 4000000000 коинов
08:32:34 | Розыгрыш ставок для игры №2708:
ID 457529081 поставил 20000000 коинов на danger и выиграл 40000000 коинов при выигрышном цвете danger
08:32:53 | ID 457529081 запросил вывод 20000000 коинов; VKC response code: 200
08:33:17 | Розыгрыш ставок для игры №2709:
ID 457529081 поставил 20000000 коинов на primary и выиграл 40000000 коинов при выигрышном цвете primary
08:33:44 | ID 457529081 запросил вывод 24500000 коинов; VKC response code: 200
08:34:09 | Розыгрыш ставок для игры №2710:
ID 457529081 поставил 15500000 коинов на primary и выиграл 31000000 коинов при выигрышном цвете primary
08:34:26 | ID 457529081 запросил вывод 31000000 коинов; VKC response code: 200
08:35:30 | ID 457529081 пополнил баланс на 10000000000 коинов
08:36:03 | Розыгрыш ставок для игры №2711:
ID 457529081 поставил 10000000 коинов на danger и проиграл при выигрышном цвете primary
10:11:08 | ID 405115290 пополнил баланс на 500000000 коинов
10:11:31 | ID 520868965 пополнил баланс на 570000000 коинов
10:11:44 | Розыгрыш ставок для игры №2712:
ID 405115290 поставил 250000 коинов на danger и проиграл при выигрышном цвете primary
ID 520868965 поставил 170000 коинов на success и проиграл при выигрышном цвете primary
10:12:34 | Розыгрыш ставок для игры №2713:
ID 405115290 поставил 250000 коинов на danger и выиграл 500000 коинов при выигрышном цвете danger
ID 520868965 поставил 400000 коинов на danger и выиграл 800000 коинов при выигрышном цвете danger
10:13:17 | Розыгрыш ставок для игры №2714:
ID 405115290 поставил 250000 коинов на primary и выиграл 500000 коинов при выигрышном цвете primary
ID 520868965 поставил 100000 коинов на success и проиграл при выигрышном цвете primary
10:14:05 | Розыгрыш ставок для игры №2715:
ID 405115290 поставил 250000 коинов на danger и выиграл 500000 коинов при выигрышном цвете danger
10:14:47 | Розыгрыш ставок для игры №2716:
ID 405115290 поставил 250000 коинов на primary и выиграл 500000 коинов при выигрышном цвете primary
ID 520868965 поставил 700000 коинов на danger и проиграл при выигрышном цвете primary
10:14:47 | ID 306057589 пополнил баланс на 50000000000 коинов
10:15:33 | Розыгрыш ставок для игры №2717:
ID 306057589 поставил 50000000 коинов на primary и проиграл при выигрышном цвете danger
ID 405115290 поставил 250000 коинов на primary и проиграл при выигрышном цвете danger
ID 317113903 поставил 100000000 коинов на primary и проиграл при выигрышном цвете danger
10:16:27 | Розыгрыш ставок для игры №2718:
ID 405115290 поставил 500000 коинов на danger и проиграл при выигрышном цвете success
10:17:14 | Розыгрыш ставок для игры №2719:
ID 405115290 поставил 250000 коинов на primary и выиграл 500000 коинов при выигрышном цвете primary
10:18:04 | Розыгрыш ставок для игры №2720:
ID 405115290 поставил 500000 коинов на primary и проиграл при выигрышном цвете danger
10:18:52 | Розыгрыш ставок для игры №2721:
ID 405115290 поставил 250000 коинов на primary и проиграл при выигрышном цвете success
10:28:41 | ID 516347869 пополнил баланс на 2500000 коинов
10:29:29 | Розыгрыш ставок для игры №2722:
ID 516347869 поставил 1000 коинов на danger и проиграл при выигрышном цвете primary
10:30:11 | Розыгрыш ставок для игры №2723:
ID 516347869 поставил 1000 коинов на primary и выиграл 2000 коинов при выигрышном цвете primary
10:35:14 | ID 570779436 пополнил баланс на 5000000 коинов
10:35:56 | Розыгрыш ставок для игры №2724:
ID 570779436 поставил 5000 коинов на danger и выиграл 10000 коинов при выигрышном цвете danger
10:37:23 | ID 533937968 пополнил баланс на 8000000 коинов
10:37:32 | ID 533937968 запросил вывод 5000 коинов; VKC response code: 200
10:38:01 | Розыгрыш ставок для игры №2725:
ID 570779436 поставил 5000 коинов на primary и выиграл 10000 коинов при выигрышном цвете primary
ID 533937968 поставил 3000 коинов на primary и выиграл 6000 коинов при выигрышном цвете primary
10:38:53 | Розыгрыш ставок для игры №2726:
ID 533937968 поставил 6000 коинов на danger и проиграл при выигрышном цвете primary
10:43:11 | ID 403986027 пополнил баланс на 10000000 коинов
10:43:40 | ID 587925306 пополнил баланс на 200000000 коинов
10:43:46 | Розыгрыш ставок для игры №2727:
ID 403986027 поставил 2000 коинов на primary и проиграл при выигрышном цвете danger
10:44:30 | Розыгрыш ставок для игры №2728:
ID 403986027 поставил 2000 коинов на primary и выиграл 4000 коинов при выигрышном цвете primary
ID 587925306 поставил 1000 коинов на success и проиграл при выигрышном цвете primary
10:45:14 | Розыгрыш ставок для игры №2729:
ID 587925306 поставил 1000 коинов на danger и проиграл при выигрышном цвете primary
ID 403986027 поставил 2000 коинов на primary и выиграл 4000 коинов при выигрышном цвете primary
10:45:59 | Розыгрыш ставок для игры №2730:
ID 587925306 поставил 8000 коинов на danger и проиграл при выигрышном цвете primary
ID 403986027 поставил 2000 коинов на primary и выиграл 4000 коинов при выигрышном цвете primary
10:46:47 | Розыгрыш ставок для игры №2731:
ID 587925306 поставил 10000 коинов на success и проиграл при выигрышном цвете primary
ID 403986027 поставил 2000 коинов на primary и выиграл 4000 коинов при выигрышном цвете primary
10:47:37 | Розыгрыш ставок для игры №2732:
ID 587925306 поставил 180000 коинов на danger и выиграл 360000 коинов при выигрышном цвете danger
ID 403986027 поставил 2000 коинов на primary и проиграл при выигрышном цвете danger
10:48:55 | Розыгрыш ставок для игры №2733:
ID 587925306 поставил 2000 коинов на success и проиграл при выигрышном цвете primary
10:49:52 | Розыгрыш ставок для игры №2734:
ID 587925306 поставил 8000 коинов на success и проиграл при выигрышном цвете danger
10:50:36 | Розыгрыш ставок для игры №2735:
ID 587925306 поставил 10000 коинов на success и выиграл 140000 коинов при выигрышном цвете success
ID 403986027 поставил 1000 коинов на primary и проиграл при выигрышном цвете success
10:51:29 | Розыгрыш ставок для игры №2736:
ID 403986027 поставил 3000 коинов на primary и выиграл 6000 коинов при выигрышном цвете primary
10:51:48 | ID 403986027 запросил вывод 16000 коинов; VKC response code: 200
10:55:17 | ID 257985271 пополнил баланс на 100000000 коинов
10:55:44 | Розыгрыш ставок для игры №2737:
ID 587925306 поставил 10000 коинов на primary и проиграл при выигрышном цвете danger
ID 257985271 поставил 5000 коинов на primary и проиграл при выигрышном цвете danger
10:56:29 | Розыгрыш ставок для игры №2738:
ID 587925306 поставил 30000 коинов на primary и проиграл при выигрышном цвете danger
ID 257985271 поставил 10000 коинов на primary и проиграл при выигрышном цвете danger
10:57:12 | ID 449675280 пополнил баланс на 100000000 коинов
10:57:18 | Розыгрыш ставок для игры №2739:
ID 587925306 поставил 100000 коинов на primary и выиграл 200000 коинов при выигрышном цвете primary
ID 257985271 поставил 80000 коинов на primary и выиграл 160000 коинов при выигрышном цвете primary
10:58:02 | Розыгрыш ставок для игры №2740:
ID 449675280 поставил 20000 коинов на success и проиграл при выигрышном цвете danger
ID 257985271 поставил 160000 коинов на danger и выиграл 320000 коинов при выигрышном цвете danger
10:58:02 | Розыгрыш ставок для игры №2741:
ID 449675280 поставил 20000 коинов на success и проиграл при выигрышном цвете primary
ID 257985271 поставил 160000 коинов на danger и проиграл при выигрышном цвете primary
10:58:44 | Розыгрыш ставок для игры №2742:
ID 449675280 поставил 80000 коинов на primary и проиграл при выигрышном цвете danger
ID 257985271 поставил 320000 коинов на danger и выиграл 640000 коинов при выигрышном цвете danger
10:59:14 | ID 466226197 пополнил баланс на 29000000 коинов
10:59:32 | Розыгрыш ставок для игры №2743:
ID 257985271 поставил 640000 коинов на danger и проиграл при выигрышном цвете primary
ID 466226197 поставил 5000 коинов на primary и выиграл 10000 коинов при выигрышном цвете primary
11:00:30 | Розыгрыш ставок для игры №2744:
ID 466226197 поставил 5000 коинов на danger и выиграл 10000 коинов при выигрышном цвете danger
ID 587925306 поставил 100000 коинов на primary и проиграл при выигрышном цвете danger
11:01:15 | Розыгрыш ставок для игры №2745:
ID 587925306 поставил 10000 коинов на success и проиграл при выигрышном цвете primary
ID 466226197 поставил 1000 коинов на success и проиграл при выигрышном цвете primary
11:01:59 | Розыгрыш ставок для игры №2746:
ID 466226197 поставил 1000 коинов на primary и проиграл при выигрышном цвете danger
11:02:45 | Розыгрыш ставок для игры №2747:
ID 466226197 поставил 1000 коинов на primary и выиграл 2000 коинов при выигрышном цвете primary
11:03:08 | ID 466226197 запросил вывод 38000 коинов; VKC response code: 200
11:07:09 | ID 305479351 пополнил баланс на 4000000 коинов
11:08:07 | Розыгрыш ставок для игры №2748:
ID 305479351 поставил 1000 коинов на danger и проиграл при выигрышном цвете primary
11:08:52 | Розыгрыш ставок для игры №2749:
ID 305479351 поставил 1000 коинов на success и проиграл при выигрышном цвете primary
11:09:36 | Розыгрыш ставок для игры №2750:
ID 305479351 поставил 1000 коинов на primary и выиграл 2000 коинов при выигрышном цвете primary
11:10:35 | Розыгрыш ставок для игры №2751:
ID 305479351 поставил 1000 коинов на primary и проиграл при выигрышном цвете success
11:11:19 | Розыгрыш ставок для игры №2752:
ID 305479351 поставил 2000 коинов на primary и выиграл 4000 коинов при выигрышном цвете primary
11:12:15 | Розыгрыш ставок для игры №2753:
ID 305479351 поставил 3000 коинов на primary и проиграл при выигрышном цвете danger
11:13:10 | Розыгрыш ставок для игры №2754:
ID 305479351 поставил 1000 коинов на success и проиграл при выигрышном цвете danger
11:16:49 | ID 455923236 запросил вывод 2899773 коинов; VKC response code: 200
11:21:04 | Розыгрыш ставок для игры №2755:
ID 257985271 поставил 5000 коинов на danger и проиграл при выигрышном цвете primary
11:33:58 | ID 480660921 пополнил баланс на 2000000000 коинов
11:34:35 | Розыгрыш ставок для игры №2756:
ID 480660921 поставил 250000 коинов на success и проиграл при выигрышном цвете danger
11:35:39 | Розыгрыш ставок для игры №2757:
ID 480660921 поставил 1750000 коинов на primary и проиграл при выигрышном цвете danger
11:36:52 | ID 257985271 пополнил баланс на 8930000000 коинов
11:37:38 | Розыгрыш ставок для игры №2758:
ID 257985271 поставил 8930000 коинов на primary и проиграл при выигрышном цвете success
12:05:58 | ID 587925306 запросил вывод 400000 коинов; VKC response code: 200
12:06:08 | Розыгрыш ставок для игры №2759:
ID 587925306 поставил 30000 коинов на danger и проиграл при выигрышном цвете primary
12:06:18 | ID 543118927 пополнил баланс на 100000000 коинов
12:07:04 | Розыгрыш ставок для игры №2760:
ID 543118927 поставил 100000 коинов на danger и выиграл 200000 коинов при выигрышном цвете danger
12:08:07 | Розыгрыш ставок для игры №2761:
ID 543118927 поставил 200000 коинов на primary и выиграл 400000 коинов при выигрышном цвете primary
12:08:57 | Розыгрыш ставок для игры №2762:
ID 543118927 поставил 200000 коинов на danger и выиграл 400000 коинов при выигрышном цвете danger
12:11:36 | ID 543118927 запросил вывод 400000 коинов; VKC response code: 200
12:11:54 | Розыгрыш ставок для игры №2763:
ID 543118927 поставил 200000 коинов на primary и выиграл 400000 коинов при выигрышном цвете primary
12:19:18 | Розыгрыш ставок для игры №2764:
ID 543118927 поставил 200000 коинов на primary и проиграл при выигрышном цвете danger
12:19:19 | ID 243199354 пополнил баланс на 500000000 коинов
12:20:13 | Розыгрыш ставок для игры №2765:
ID 243199354 поставил 50000 коинов на primary и выиграл 100000 коинов при выигрышном цвете primary
12:23:44 | Розыгрыш ставок для игры №2766:
ID 243199354 поставил 200000 коинов на primary и проиграл при выигрышном цвете danger
12:24:41 | Розыгрыш ставок для игры №2767:
ID 243199354 поставил 350000 коинов на primary и проиграл при выигрышном цвете danger
12:26:33 | ID 353344212 пополнил баланс на 20000 коинов
12:26:51 | ID 353344212 пополнил баланс на 980000 коинов
12:27:26 | Розыгрыш ставок для игры №2768:
ID 353344212 поставил 1000 коинов на primary и проиграл при выигрышном цвете success
12:27:44 | ID 353344212 пополнил баланс на 5000000 коинов
12:28:32 | ID 248499965 пополнил баланс на 5000000 коинов
12:28:38 | Розыгрыш ставок для игры №2769:
ID 353344212 поставил 4000 коинов на danger и проиграл при выигрышном цвете primary
12:28:50 | ID 505340521 пополнил баланс на 500000000 коинов
12:29:21 | Розыгрыш ставок для игры №2770:
ID 248499965 поставил 5000 коинов на success и проиграл при выигрышном цвете danger
ID 353344212 поставил 1000 коинов на danger и выиграл 2000 коинов при выигрышном цвете danger
ID 505340521 поставил 1000 коинов на primary и проиграл при выигрышном цвете danger
12:29:43 | ID 248499965 пополнил баланс на 5000000 коинов
12:30:05 | Розыгрыш ставок для игры №2771:
ID 353344212 поставил 2000 коинов на success и проиграл при выигрышном цвете danger
ID 505340521 поставил 1000 коинов на success и проиграл при выигрышном цвете danger
ID 248499965 поставил 5000 коинов на danger и выиграл 10000 коинов при выигрышном цвете danger
12:30:52 | Розыгрыш ставок для игры №2772:
ID 505340521 поставил 100000 коинов на danger и проиграл при выигрышном цвете primary
ID 248499965 поставил 5000 коинов на danger и проиграл при выигрышном цвете primary
12:31:39 | Розыгрыш ставок для игры №2773:
ID 248499965 поставил 5000 коинов на danger и проиграл при выигрышном цвете primary
ID 505340521 поставил 300000 коинов на primary и выиграл 600000 коинов при выигрышном цвете primary
12:32:03 | ID 248499965 пополнил баланс на 100000000 коинов
12:32:38 | Розыгрыш ставок для игры №2774:
ID 505340521 поставил 300000 коинов на danger и выиграл 600000 коинов при выигрышном цвете danger
ID 248499965 поставил 100000 коинов на danger и выиграл 200000 коинов при выигрышном цвете danger
12:33:08 | ID 248499965 запросил вывод 200000 коинов; VKC response code: 200
12:33:22 | ID 505340521 запросил вывод 998000 коинов; VKC response code: 200
12:33:37 | ID 248499965 пополнил баланс на 1000000000 коинов
12:34:18 | Розыгрыш ставок для игры №2775:
ID 248499965 поставил 1000000 коинов на danger и проиграл при выигрышном цвете success
12:39:42 | ID 540901986 пополнил баланс на 10000000 коинов
12:39:43 | ID 505340521 пополнил баланс на 8000000000 коинов
12:40:21 | Розыгрыш ставок для игры №2776:
ID 540901986 поставил 5000 коинов на primary и проиграл при выигрышном цвете danger
12:41:08 | Розыгрыш ставок для игры №2777:
ID 505340521 поставил 8000000 коинов на primary и проиграл при выигрышном цвете danger
12:41:59 | Розыгрыш ставок для игры №2778:
ID 540901986 поставил 5000 коинов на danger и выиграл 10000 коинов при выигрышном цвете danger
12:42:14 | ID 505340521 пополнил баланс на 1000000000 коинов
12:42:45 | Розыгрыш ставок для игры №2779:
ID 540901986 поставил 5000 коинов на danger и выиграл 10000 коинов при выигрышном цвете danger
ID 505340521 поставил 1000000 коинов на danger и выиграл 2000000 коинов при выигрышном цвете danger
12:43:38 | Розыгрыш ставок для игры №2780:
ID 505340521 поставил 1000000 коинов на primary и проиграл при выигрышном цвете danger
ID 540901986 поставил 1000 коинов на success и проиграл при выигрышном цвете danger
12:44:23 | Розыгрыш ставок для игры №2781:
ID 540901986 поставил 1000 коинов на danger и проиграл при выигрышном цвете primary
12:45:12 | Розыгрыш ставок для игры №2782:
ID 505340521 поставил 1000000 коинов на danger и выиграл 2000000 коинов при выигрышном цвете danger
ID 540901986 поставил 13000 коинов на danger и выиграл 26000 коинов при выигрышном цвете danger
12:45:57 | Розыгрыш ставок для игры №2783:
ID 540901986 поставил 13000 коинов на danger и проиграл при выигрышном цвете primary
ID 505340521 поставил 1000000 коинов на danger и проиграл при выигрышном цвете primary
12:46:42 | Розыгрыш ставок для игры №2784:
ID 505340521 поставил 1000000 коинов на danger и выиграл 2000000 коинов при выигрышном цвете danger
ID 540901986 поставил 13000 коинов на success и проиграл при выигрышном цвете danger
12:47:12 | ID 540901986 пополнил баланс на 50000000 коинов
12:47:47 | Розыгрыш ставок для игры №2785:
ID 505340521 поставил 500000 коинов на danger и проиграл при выигрышном цвете primary
ID 540901986 поставил 20000 коинов на success и проиграл при выигрышном цвете primary
12:48:32 | Розыгрыш ставок для игры №2786:
ID 505340521 поставил 500000 коинов на danger и выиграл 1000000 коинов при выигрышном цвете danger
ID 540901986 поставил 20000 коинов на success и проиграл при выигрышном цвете danger
12:49:17 | Розыгрыш ставок для игры №2787:
ID 505340521 поставил 500000 коинов на primary и проиграл при выигрышном цвете danger
ID 540901986 поставил 10000 коинов на danger и выиграл 20000 коинов при выигрышном цвете danger
12:49:43 | ID 527076145 пополнил баланс на 300000000 коинов
12:50:00 | Розыгрыш ставок для игры №2788:
ID 505340521 поставил 500000 коинов на primary и проиграл при выигрышном цвете danger
ID 540901986 поставил 10000 коинов на success и проиграл при выигрышном цвете danger
ID 527076145 поставил 100000 коинов на danger и выиграл 200000 коинов при выигрышном цвете danger
12:50:46 | Розыгрыш ставок для игры №2789:
ID 540901986 поставил 10000 коинов на danger и проиграл при выигрышном цвете primary
ID 505340521 поставил 1000000 коинов на primary и выиграл 2000000 коинов при выигрышном цвете primary
ID 527076145 поставил 10000 коинов на success и проиграл при выигрышном цвете primary
12:51:38 | Розыгрыш ставок для игры №2790:
ID 527076145 поставил 190000 коинов на danger и проиграл при выигрышном цвете primary
ID 505340521 поставил 100000 коинов на primary и выиграл 200000 коинов при выигрышном цвете primary
12:52:22 | Розыгрыш ставок для игры №2791:
ID 505340521 поставил 100000 коинов на danger и выиграл 200000 коинов при выигрышном цвете danger
12:53:16 | Розыгрыш ставок для игры №2792:
ID 505340521 поставил 100000 коинов на primary и проиграл при выигрышном цвете danger
12:54:08 | Розыгрыш ставок для игры №2793:
ID 505340521 поставил 1000000 коинов на primary и проиграл при выигрышном цвете danger
12:54:36 | ID 477059776 пополнил баланс на 10000000 коинов
12:55:04 | Розыгрыш ставок для игры №2794:
ID 505340521 поставил 1100000 коинов на primary и выиграл 2200000 коинов при выигрышном цвете primary
ID 477059776 поставил 5000 коинов на primary и выиграл 10000 коинов при выигрышном цвете primary
12:55:53 | Розыгрыш ставок для игры №2795:
ID 477059776 поставил 5000 коинов на danger и выиграл 10000 коинов при выигрышном цвете danger
12:56:49 | Розыгрыш ставок для игры №2796:
ID 527076145 поставил 200000 коинов на primary и проиграл при выигрышном цвете danger
13:00:01 | ID 487844398 пополнил баланс на 100000000 коинов
13:00:10 | Розыгрыш ставок для игры №2797:
ID 505340521 поставил 200000 коинов на primary и проиграл при выигрышном цвете danger
13:00:54 | Розыгрыш ставок для игры №2798:
ID 505340521 поставил 200000 коинов на primary и выиграл 400000 коинов при выигрышном цвете primary
ID 487844398 поставил 100000 коинов на primary и выиграл 200000 коинов при выигрышном цвете primary
13:01:46 | Розыгрыш ставок для игры №2799:
ID 505340521 поставил 200000 коинов на danger и проиграл при выигрышном цвете primary
13:02:30 | Розыгрыш ставок для игры №2800:
ID 505340521 поставил 200000 коинов на danger и проиграл при выигрышном цвете primary
13:03:14 | Розыгрыш ставок для игры №2801:
ID 505340521 поставил 1800000 коинов на danger и проиграл при выигрышном цвете primary
13:04:00 | Розыгрыш ставок для игры №2802:
ID 477059776 поставил 5000 коинов на danger и проиграл при выигрышном цвете primary
13:04:53 | Розыгрыш ставок для игры №2803:
ID 477059776 поставил 10000 коинов на danger и выиграл 20000 коинов при выигрышном цвете danger
13:05:32 | ID 505340521 пополнил баланс на 450000000 коинов
13:06:15 | Розыгрыш ставок для игры №2804:
ID 505340521 поставил 1000 коинов на primary и проиграл при выигрышном цвете danger
ID 477059776 поставил 5000 коинов на primary и проиграл при выигрышном цвете danger
13:06:23 | ID 562413440 пополнил баланс на 1000000000 коинов
13:06:58 | Розыгрыш ставок для игры №2805:
ID 505340521 поставил 1000 коинов на primary и проиграл при выигрышном цвете danger
ID 477059776 поставил 3750 коинов на success и проиграл при выигрышном цвете danger
ID 562413440 поставил 10000 коинов на success и проиграл при выигрышном цвете danger
13:07:22 | ID 562413440 запросил вывод 990000 коинов; VKC response code: 200
13:07:44 | Розыгрыш ставок для игры №2806:
ID 505340521 поставил 1000 коинов на primary и проиграл при выигрышном цвете danger
ID 477059776 поставил 1000 коинов на success и проиграл при выигрышном цвете danger
13:08:37 | Розыгрыш ставок для игры №2807:
ID 505340521 поставил 440000 коинов на primary и проиграл при выигрышном цвете danger
13:14:09 | ID 428288564 пополнил баланс на 500000000 коинов
13:14:54 | ID 554663097 пополнил баланс на 3500000000 коинов
13:14:55 | Розыгрыш ставок для игры №2808:
ID 428288564 поставил 1000 коинов на primary и проиграл при выигрышном цвете danger
13:15:49 | Розыгрыш ставок для игры №2809:
ID 554663097 поставил 250000 коинов на primary и выиграл 500000 коинов при выигрышном цвете primary
13:17:37 | Розыгрыш ставок для игры №2810:
ID 554663097 поставил 125000 коинов на danger и выиграл 250000 коинов при выигрышном цвете danger
13:18:23 | Розыгрыш ставок для игры №2811:
ID 554663097 поставил 125000 коинов на primary и выиграл 250000 коинов при выигрышном цвете primary
13:19:08 | Розыгрыш ставок для игры №2812:
ID 554663097 поставил 125000 коинов на danger и выиграл 250000 коинов при выигрышном цвете danger
13:19:34 | ID 554663097 запросил вывод 4125000 коинов; VKC response code: 200
13:23:56 | Розыгрыш ставок для игры №2813:
ID 543118927 поставил 200000 коинов на primary и проиграл при выигрышном цвете danger
13:30:31 | ID 227376751 пополнил баланс на 1000000 коинов
13:31:08 | Розыгрыш ставок для игры №2814:
ID 227376751 поставил 1000 коинов на primary и проиграл при выигрышном цвете danger
13:37:51 | ID 540901986 пополнил баланс на 15000000 коинов
13:38:18 | Розыгрыш ставок для игры №2815:
ID 489677842 поставил 20000 коинов на primary и выиграл 40000 коинов при выигрышном цвете primary
ID 540901986 поставил 10000 коинов на danger и проиграл при выигрышном цвете primary
13:39:02 | Розыгрыш ставок для игры №2816:
ID 540901986 поставил 5000 коинов на danger и проиграл при выигрышном цвете primary
13:39:02 | Розыгрыш ставок для игры №2817:
ID 540901986 поставил 5000 коинов на danger и выиграл 10000 коинов при выигрышном цвете danger
13:40:01 | Розыгрыш ставок для игры №2818:
ID 489677842 поставил 20000 коинов на primary и проиграл при выигрышном цвете danger
13:40:53 | Розыгрыш ставок для игры №2819:
ID 489677842 поставил 200000 коинов на danger и проиграл при выигрышном цвете primary
13:42:10 | Розыгрыш ставок для игры №2820:
ID 477059776 поставил 5250 коинов на primary и выиграл 10500 коинов при выигрышном цвете primary
13:42:51 | Розыгрыш ставок для игры №2821:
ID 489677842 поставил 100000 коинов на danger и проиграл при выигрышном цвете primary
ID 477059776 поставил 10500 коинов на danger и проиграл при выигрышном цвете primary
13:43:44 | Розыгрыш ставок для игры №2822:
ID 477059776 поставил 1000 коинов на success и проиграл при выигрышном цвете primary
ID 489677842 поставил 100000 коинов на primary и выиграл 200000 коинов при выигрышном цвете primary
13:45:09 | Розыгрыш ставок для игры №2823:
ID 489677842 поставил 100000 коинов на danger и выиграл 200000 коинов при выигрышном цвете danger
13:47:18 | Розыгрыш ставок для игры №2824:
ID 489677842 поставил 20000 коинов на success и проиграл при выигрышном цвете primary
13:48:01 | Розыгрыш ставок для игры №2825:
ID 489677842 поставил 20000 коинов на success и проиграл при выигрышном цвете danger
13:48:01 | Розыгрыш ставок для игры №2826:
ID 489677842 поставил 20000 коинов на success и проиграл при выигрышном цвете primary
13:48:43 | Розыгрыш ставок для игры №2827:
ID 489677842 поставил 20000 коинов на success и выиграл 280000 коинов при выигрышном цвете success
13:50:41 | Розыгрыш ставок для игры №2828:
ID 489677842 поставил 400000 коинов на primary и проиграл при выигрышном цвете danger
ID 405115290 поставил 10000 коинов на danger и выиграл 20000 коинов при выигрышном цвете danger
13:52:53 | Розыгрыш ставок для игры №2829:
ID 405115290 поставил 10000 коинов на primary и выиграл 20000 коинов при выигрышном цвете primary
13:56:30 | ID 350309321 пополнил баланс на 592000 коинов
13:57:35 | ID 350309321 запросил вывод 592 коинов; VKC response code: 200
14:20:42 | Розыгрыш ставок для игры №2830:
ID 570779436 поставил 5000 коинов на success и проиграл при выигрышном цвете danger
14:21:56 | Розыгрыш ставок для игры №2831:
ID 570779436 поставил 10000 коинов на success и проиграл при выигрышном цвете primary
14:25:29 | ID 567131617 пополнил баланс на 40000000 коинов
14:26:12 | Розыгрыш ставок для игры №2832:
ID 567131617 поставил 40000 коинов на danger и выиграл 80000 коинов при выигрышном цвете danger
ID 477059776 поставил 9000 коинов на danger и выиграл 18000 коинов при выигрышном цвете danger
14:26:59 | Розыгрыш ставок для игры №2833:
ID 567131617 поставил 40000 коинов на danger и проиграл при выигрышном цвете primary
14:28:05 | Розыгрыш ставок для игры №2834:
ID 567131617 поставил 40000 коинов на danger и выиграл 80000 коинов при выигрышном цвете danger
14:28:56 | Розыгрыш ставок для игры №2835:
ID 567131617 поставил 80000 коинов на danger и выиграл 160000 коинов при выигрышном цвете danger
14:30:18 | Розыгрыш ставок для игры №2836:
ID 567131617 поставил 80000 коинов на primary и проиграл при выигрышном цвете success
14:31:03 | Розыгрыш ставок для игры №2837:
ID 567131617 поставил 80000 коинов на primary и выиграл 160000 коинов при выигрышном цвете primary
14:32:18 | Розыгрыш ставок для игры №2838:
ID 567131617 поставил 20000 коинов на success и проиграл при выигрышном цвете danger
14:33:13 | Розыгрыш ставок для игры №2839:
ID 487844398 поставил 200000 коинов на primary и проиграл при выигрышном цвете danger
ID 567131617 поставил 70000 коинов на danger и выиграл 140000 коинов при выигрышном цвете danger
14:34:18 | Розыгрыш ставок для игры №2840:
ID 567131617 поставил 70000 коинов на danger и проиграл при выигрышном цвете primary
14:34:42 | ID 540901986 запросил вывод 10000 коинов; VKC response code: 200
14:35:20 | Розыгрыш ставок для игры №2841:
ID 567131617 поставил 140000 коинов на danger и выиграл 280000 коинов при выигрышном цвете danger
14:36:13 | Розыгрыш ставок для игры №2842:
ID 567131617 поставил 30000 коинов на success и проиграл при выигрышном цвете primary
14:37:00 | Розыгрыш ставок для игры №2843:
ID 567131617 поставил 150000 коинов на danger и выиграл 300000 коинов при выигрышном цвете danger
14:38:06 | Розыгрыш ставок для игры №2844:
ID 567131617 поставил 100000 коинов на danger и проиграл при выигрышном цвете primary
14:47:46 | ID 527076145 пополнил баланс на 1000000000 коинов
14:48:24 | Розыгрыш ставок для игры №2845:
ID 527076145 поставил 200000 коинов на danger и выиграл 400000 коинов при выигрышном цвете danger
14:49:17 | Розыгрыш ставок для игры №2846:
ID 527076145 поставил 500000 коинов на primary и проиграл при выигрышном цвете danger
14:50:06 | Розыгрыш ставок для игры №2847:
ID 527076145 поставил 700000 коинов на primary и выиграл 1400000 коинов при выигрышном цвете primary
14:58:43 | ID 183274393 пополнил баланс на 200000000 коинов
14:59:29 | Розыгрыш ставок для игры №2848:
ID 183274393 поставил 1000 коинов на primary и выиграл 2000 коинов при выигрышном цвете primary
15:00:23 | Розыгрыш ставок для игры №2849:
ID 183274393 поставил 5000 коинов на danger и проиграл при выигрышном цвете primary
15:01:13 | Розыгрыш ставок для игры №2850:
ID 183274393 поставил 15000 коинов на danger и проиграл при выигрышном цвете primary
15:02:01 | Розыгрыш ставок для игры №2851:
ID 183274393 поставил 10000 коинов на danger и проиграл при выигрышном цвете primary
15:02:01 | Розыгрыш ставок для игры №2852:
ID 183274393 поставил 10000 коинов на danger и проиграл при выигрышном цвете primary
15:02:46 | Розыгрыш ставок для игры №2853:
ID 183274393 поставил 10000 коинов на danger и выиграл 20000 коинов при выигрышном цвете danger
15:03:32 | Розыгрыш ставок для игры №2854:
ID 183274393 поставил 10000 коинов на danger и выиграл 20000 коинов при выигрышном цвете danger
15:04:19 | Розыгрыш ставок для игры №2855:
ID 183274393 поставил 10000 коинов на danger и проиграл при выигрышном цвете success
15:05:05 | Розыгрыш ставок для игры №2856:
ID 183274393 поставил 10000 коинов на primary и проиграл при выигрышном цвете danger
15:06:18 | Розыгрыш ставок для игры №2857:
ID 183274393 поставил 110000 коинов на primary и выиграл 220000 коинов при выигрышном цвете primary
15:07:07 | ID 183274393 запросил вывод 271000 коинов; VKC response code: 200
15:07:22 | Розыгрыш ставок для игры №2858:
ID 183274393 поставил 10000 коинов на primary и проиграл при выигрышном цвете danger
15:22:22 | Розыгрыш ставок для игры №2859:
ID 527076145 поставил 400000 коинов на primary и проиграл при выигрышном цвете danger
15:23:25 | Розыгрыш ставок для игры №2860:
ID 527076145 поставил 1000000 коинов на danger и выиграл 2000000 коинов при выигрышном цвете danger
ID 467534287 поставил 5000 коинов на success и проиграл при выигрышном цвете danger
15:24:08 | ID 527076145 запросил вывод 2000000 коинов; VKC response code: 200
15:24:35 | Розыгрыш ставок для игры №2861:
ID 567131617 поставил 100000 коинов на primary и выиграл 200000 коинов при выигрышном цвете primary
15:25:17 | Розыгрыш ставок для игры №2862:
ID 489677842 поставил 20000 коинов на danger и проиграл при выигрышном цвете primary
15:26:23 | Розыгрыш ставок для игры №2863:
ID 489677842 поставил 1000000 коинов на primary и выиграл 2000000 коинов при выигрышном цвете primary
15:27:28 | Розыгрыш ставок для игры №2864:
ID 489677842 поставил 50000 коинов на danger и выиграл 100000 коинов при выигрышном цвете danger
15:29:00 | Розыгрыш ставок для игры №2865:
ID 489677842 поставил 50000 коинов на success и проиграл при выигрышном цвете primary
15:29:41 | Розыгрыш ставок для игры №2866:
ID 489677842 поставил 50000 коинов на success и проиграл при выигрышном цвете primary
15:30:31 | Розыгрыш ставок для игры №2867:
ID 489677842 поставил 50000 коинов на success и проиграл при выигрышном цвете primary
15:31:17 | Розыгрыш ставок для игры №2868:
ID 489677842 поставил 50000 коинов на success и проиграл при выигрышном цвете primary
15:32:00 | Розыгрыш ставок для игры №2869:
ID 489677842 поставил 50000 коинов на primary и выиграл 100000 коинов при выигрышном цвете primary
15:33:20 | Розыгрыш ставок для игры №2870:
ID 489677842 поставил 900000 коинов на danger и выиграл 1800000 коинов при выигрышном цвете danger
15:34:46 | Розыгрыш ставок для игры №2871:
ID 489677842 поставил 100000 коинов на primary и проиграл при выигрышном цвете danger
15:35:45 | Розыгрыш ставок для игры №2872:
ID 489677842 поставил 700000 коинов на success и проиграл при выигрышном цвете primary
15:36:44 | Розыгрыш ставок для игры №2873:
ID 489677842 поставил 1000000 коинов на primary и выиграл 2000000 коинов при выигрышном цвете primary
15:37:56 | Розыгрыш ставок для игры №2874:
ID 489677842 поставил 500000 коинов на danger и проиграл при выигрышном цвете primary
15:38:42 | Розыгрыш ставок для игры №2875:
ID 489677842 поставил 500000 коинов на danger и выиграл 1000000 коинов при выигрышном цвете danger
15:39:42 | Розыгрыш ставок для игры №2876:
ID 489677842 поставил 1000000 коинов на primary и проиграл при выигрышном цвете danger
ID 558956143 поставил 1000 коинов на success и проиграл при выигрышном цвете danger
15:40:54 | Розыгрыш ставок для игры №2877:
ID 489677842 поставил 2000000 коинов на danger и проиграл при выигрышном цвете primary
15:41:48 | Розыгрыш ставок для игры №2878:
ID 592912659 поставил 2000 коинов на danger и выиграл 4000 коинов при выигрышном цвете danger
15:49:41 | Розыгрыш ставок для игры №2879:
ID 592912659 поставил 4000 коинов на primary и проиграл при выигрышном цвете danger
15:50:29 | ID 587925306 пополнил баланс на 200000000 коинов
15:51:03 | Розыгрыш ставок для игры №2880:
ID 587925306 поставил 1000 коинов на primary и выиграл 2000 коинов при выигрышном цвете primary
15:51:58 | Розыгрыш ставок для игры №2881:
ID 587925306 поставил 1000 коинов на danger и выиграл 2000 коинов при выигрышном цвете danger
15:52:48 | Розыгрыш ставок для игры №2882:
ID 587925306 поставил 1000 коинов на success и проиграл при выигрышном цвете primary
15:53:32 | Розыгрыш ставок для игры №2883:
ID 587925306 поставил 2000 коинов на success и проиграл при выигрышном цвете primary
15:53:45 | ID 589264480 пополнил баланс на 80000000 коинов
15:54:15 | Розыгрыш ставок для игры №2884:
ID 587925306 поставил 3000 коинов на success и проиграл при выигрышном цвете primary
ID 589264480 поставил 80000 коинов на danger и проиграл при выигрышном цвете primary
15:54:58 | Розыгрыш ставок для игры №2885:
ID 587925306 поставил 4000 коинов на success и проиграл при выигрышном цвете primary
15:55:44 | Розыгрыш ставок для игры №2886:
ID 587925306 поставил 6000 коинов на success и проиграл при выигрышном цвете danger
15:56:27 | Розыгрыш ставок для игры №2887:
ID 587925306 поставил 7000 коинов на success и проиграл при выигрышном цвете danger
15:57:10 | Розыгрыш ставок для игры №2888:
ID 587925306 поставил 8000 коинов на success и выиграл 112000 коинов при выигрышном цвете success
ID 405115290 поставил 10200 коинов на primary и проиграл при выигрышном цвете success
15:58:24 | Розыгрыш ставок для игры №2889:
ID 587925306 поставил 1000 коинов на success и проиграл при выигрышном цвете primary
ID 405115290 поставил 100000 коинов на primary и выиграл 200000 коинов при выигрышном цвете primary
15:59:08 | Розыгрыш ставок для игры №2890:
ID 587925306 поставил 1000 коинов на success и проиграл при выигрышном цвете danger
ID 587925306 поставил 1000 коинов на success и проиграл при выигрышном цвете danger
ID 405115290 поставил 100000 коинов на success и проиграл при выигрышном цвете danger
15:59:51 | Розыгрыш ставок для игры №2891:
ID 587925306 поставил 3000 коинов на success и проиграл при выигрышном цвете danger
ID 405115290 поставил 100000 коинов на primary и проиграл при выигрышном цвете danger
16:00:19 | ID 345108336 пополнил баланс на 30000000 коинов
16:00:35 | Розыгрыш ставок для игры №2892:
ID 587925306 поставил 4000 коинов на success и проиграл при выигрышном цвете primary
ID 345108336 поставил 10000 коинов на danger и проиграл при выигрышном цвете primary
16:01:18 | Розыгрыш ставок для игры №2893:
ID 587925306 поставил 5000 коинов на success и проиграл при выигрышном цвете primary
ID 345108336 поставил 20000 коинов на danger и проиграл при выигрышном цвете primary
16:02:06 | Розыгрыш ставок для игры №2894:
ID 587925306 поставил 6000 коинов на success и проиграл при выигрышном цвете primary
16:02:49 | Розыгрыш ставок для игры №2895:
ID 587925306 поставил 7000 коинов на success и проиграл при выигрышном цвете danger
16:03:31 | Розыгрыш ставок для игры №2896:
ID 587925306 поставил 8000 коинов на success и проиграл при выигрышном цвете danger
16:03:34 | ID 489677842 пополнил баланс на 250000000 коинов
16:04:15 | Розыгрыш ставок для игры №2897:
ID 587925306 поставил 8000 коинов на success и проиграл при выигрышном цвете primary
ID 489677842 поставил 50000 коинов на danger и проиграл при выигрышном цвете primary
16:04:18 | ID 227376751 пополнил баланс на 100000000 коинов
16:04:58 | Розыгрыш ставок для игры №2898:
ID 587925306 поставил 9000 коинов на success и выиграл 126000 коинов при выигрышном цвете success
ID 227376751 поставил 100000 коинов на primary и проиграл при выигрышном цвете success
16:05:32 | ID 227376751 пополнил баланс на 200000000 коинов
16:05:50 | Розыгрыш ставок для игры №2899:
ID 587925306 поставил 1000 коинов на success и проиграл при выигрышном цвете primary
ID 227376751 поставил 200000 коинов на primary и выиграл 400000 коинов при выигрышном цвете primary
16:06:09 | ID 227376751 запросил вывод 100000 коинов; VKC response code: 200
16:06:37 | Розыгрыш ставок для игры №2900:
ID 587925306 поставил 3000 коинов на success и проиграл при выигрышном цвете danger
ID 227376751 поставил 300000 коинов на primary и проиграл при выигрышном цвете danger
16:07:21 | Розыгрыш ставок для игры №2901:
ID 587925306 поставил 2000 коинов на success и проиграл при выигрышном цвете danger
16:08:13 | Розыгрыш ставок для игры №2902:
ID 587925306 поставил 5000 коинов на success и проиграл при выигрышном цвете danger
16:08:56 | Розыгрыш ставок для игры №2903:
ID 587925306 поставил 5000 коинов на success и проиграл при выигрышном цвете primary
16:09:38 | Розыгрыш ставок для игры №2904:
ID 587925306 поставил 10000 коинов на success и проиграл при выигрышном цвете primary
16:10:20 | Розыгрыш ставок для игры №2905:
ID 587925306 поставил 20000 коинов на success и проиграл при выигрышном цвете primary
16:11:08 | Розыгрыш ставок для игры №2906:
ID 587925306 поставил 30000 коинов на success и проиграл при выигрышном цвете danger
16:11:50 | Розыгрыш ставок для игры №2907:
ID 587925306 поставил 40000 коинов на success и проиграл при выигрышном цвете danger
16:12:46 | ID 183274393 пополнил баланс на 1000000000 коинов
16:13:38 | Розыгрыш ставок для игры №2908:
ID 183274393 поставил 10000 коинов на primary и проиграл при выигрышном цвете danger
16:14:21 | Розыгрыш ставок для игры №2909:
ID 183274393 поставил 30000 коинов на danger и проиграл при выигрышном цвете success
16:15:13 | Розыгрыш ставок для игры №2910:
ID 183274393 поставил 35000 коинов на danger и выиграл 70000 коинов при выигрышном цвете danger
16:16:02 | Розыгрыш ставок для игры №2911:
ID 587925306 поставил 100000 коинов на success и проиграл при выигрышном цвете primary
ID 183274393 поставил 30000 коинов на primary и выиграл 60000 коинов при выигрышном цвете primary
16:16:02 | Розыгрыш ставок для игры №2912:
ID 587925306 поставил 100000 коинов на success и проиграл при выигрышном цвете primary
ID 183274393 поставил 30000 коинов на primary и выиграл 60000 коинов при выигрышном цвете primary
16:16:48 | Розыгрыш ставок для игры №2913:
ID 587925306 поставил 140000 коинов на success и проиграл при выигрышном цвете primary
ID 183274393 поставил 20000 коинов на success и проиграл при выигрышном цвете primary
16:16:50 | ID 405115290 пополнил баланс на 100000000 коинов
16:17:08 | ID 587925306 пополнил баланс на 300000000 коинов
16:17:36 | Розыгрыш ставок для игры №2914:
ID 183274393 поставил 25000 коинов на primary и проиграл при выигрышном цвете danger
ID 587925306 поставил 100000 коинов на success и проиграл при выигрышном цвете danger
ID 405115290 поставил 49500 коинов на danger и выиграл 99000 коинов при выигрышном цвете danger
16:18:20 | Розыгрыш ставок для игры №2915:
ID 587925306 поставил 100000 коинов на success и проиграл при выигрышном цвете primary
ID 183274393 поставил 20000 коинов на success и проиграл при выигрышном цвете primary
ID 405115290 поставил 48000 коинов на success и проиграл при выигрышном цвете primary
16:18:55 | ID 587925306 пополнил баланс на 280000000 коинов
16:19:03 | Розыгрыш ставок для игры №2916:
ID 587925306 поставил 100000 коинов на success и проиграл при выигрышном цвете danger
ID 183274393 поставил 40000 коинов на primary и проиграл при выигрышном цвете danger
ID 405115290 поставил 96000 коинов на danger и выиграл 192000 коинов при выигрышном цвете danger
16:19:47 | Розыгрыш ставок для игры №2917:
ID 587925306 поставил 100000 коинов на success и проиграл при выигрышном цвете danger
ID 183274393 поставил 30000 коинов на primary и проиграл при выигрышном цвете danger
ID 405115290 поставил 48000 коинов на success и проиграл при выигрышном цвете danger
16:20:29 | Розыгрыш ставок для игры №2918:
ID 587925306 поставил 100000 коинов на success и проиграл при выигрышном цвете danger
ID 183274393 поставил 85000 коинов на primary и проиграл при выигрышном цвете danger
ID 405115290 поставил 144000 коинов на primary и проиграл при выигрышном цвете danger
16:20:57 | ID 405115290 пополнил баланс на 300000000 коинов
16:21:11 | Розыгрыш ставок для игры №2919:
ID 587925306 поставил 80000 коинов на success и проиграл при выигрышном цвете primary
ID 183274393 поставил 120000 коинов на primary и выиграл 240000 коинов при выигрышном цвете primary
16:21:57 | Розыгрыш ставок для игры №2920:
ID 405115290 поставил 48000 коинов на success и проиграл при выигрышном цвете primary
ID 183274393 поставил 40000 коинов на primary и выиграл 80000 коинов при выигрышном цвете primary
16:22:00 | ID 587925306 пополнил баланс на 200000000 коинов
16:22:42 | Розыгрыш ставок для игры №2921:
ID 183274393 поставил 60000 коинов на primary и выиграл 120000 коинов при выигрышном цвете primary
ID 587925306 поставил 100000 коинов на success и проиграл при выигрышном цвете primary
ID 405115290 поставил 240000 коинов на danger и проиграл при выигрышном цвете primary
16:23:22 | ID 587925306 пополнил баланс на 200000000 коинов
16:23:24 | Розыгрыш ставок для игры №2922:
ID 587925306 поставил 100000 коинов на success и проиграл при выигрышном цвете primary
ID 183274393 поставил 40000 коинов на primary и выиграл 80000 коинов при выигрышном цвете primary
ID 405115290 поставил 18000 коинов на primary и выиграл 36000 коинов при выигрышном цвете primary
16:24:06 | Розыгрыш ставок для игры №2923:
ID 587925306 поставил 100000 коинов на success и проиграл при выигрышном цвете danger
ID 405115290 поставил 18000 коинов на primary и проиграл при выигрышном цвете danger
ID 183274393 поставил 20000 коинов на danger и выиграл 40000 коинов при выигрышном цвете danger
16:24:48 | Розыгрыш ставок для игры №2924:
ID 587925306 поставил 100000 коинов на success и проиграл при выигрышном цвете danger
ID 183274393 поставил 40000 коинов на danger и выиграл 80000 коинов при выигрышном цвете danger
ID 405115290 поставил 18000 коинов на danger и выиграл 36000 коинов при выигрышном цвете danger
16:25:32 | Розыгрыш ставок для игры №2925:
ID 405115290 поставил 36000 коинов на danger и проиграл при выигрышном цвете primary
ID 183274393 поставил 40000 коинов на danger и проиграл при выигрышном цвете primary
16:26:04 | ID 405115290 пополнил баланс на 500000000 коинов
16:26:14 | Розыгрыш ставок для игры №2926:
ID 183274393 поставил 40000 коинов на primary и проиграл при выигрышном цвете danger
ID 405115290 поставил 342000 коинов на primary и проиграл при выигрышном цвете danger
16:27:00 | Розыгрыш ставок для игры №2927:
ID 183274393 поставил 200000 коинов на primary и выиграл 400000 коинов при выигрышном цвете primary
ID 405115290 поставил 158000 коинов на primary и выиграл 316000 коинов при выигрышном цвете primary
16:27:49 | Розыгрыш ставок для игры №2928:
ID 183274393 поставил 100000 коинов на primary и проиграл при выигрышном цвете danger
ID 405115290 поставил 160000 коинов на danger и выиграл 320000 коинов при выигрышном цвете danger
16:28:40 | Розыгрыш ставок для игры №2929:
ID 183274393 поставил 100000 коинов на primary и выиграл 200000 коинов при выигрышном цвете primary
ID 405115290 поставил 160000 коинов на primary и выиграл 320000 коинов при выигрышном цвете primary
16:29:26 | Розыгрыш ставок для игры №2930:
ID 183274393 поставил 50000 коинов на primary и проиграл при выигрышном цвете danger
ID 405115290 поставил 160000 коинов на danger и выиграл 320000 коинов при выигрышном цвете danger
16:30:14 | Розыгрыш ставок для игры №2931:
ID 405115290 поставил 160000 коинов на primary и выиграл 320000 коинов при выигрышном цвете primary
ID 183274393 поставил 220000 коинов на primary и выиграл 440000 коинов при выигрышном цвете primary
16:31:02 | Розыгрыш ставок для игры №2932:
ID 405115290 поставил 480000 коинов на primary и проиграл при выигрышном цвете danger
ID 183274393 поставил 200000 коинов на danger и выиграл 400000 коинов при выигрышном цвете danger
16:31:02 | Розыгрыш ставок для игры №2933:
ID 405115290 поставил 480000 коинов на primary и выиграл 960000 коинов при выигрышном цвете primary
ID 183274393 поставил 200000 коинов на danger и проиграл при выигрышном цвете primary
16:31:51 | Розыгрыш ставок для игры №2934:
ID 183274393 поставил 600000 коинов на danger и проиграл при выигрышном цвете primary
16:32:36 | Розыгрыш ставок для игры №2935:
ID 183274393 поставил 1000000 коинов на danger и выиграл 2000000 коинов при выигрышном цвете danger
ID 405115290 поставил 1120000 коинов на primary и проиграл при выигрышном цвете danger
16:33:05 | ID 183274393 запросил вывод 1000000 коинов; VKC response code: 200
16:33:27 | Розыгрыш ставок для игры №2936:
ID 405115290 поставил 316000 коинов на primary и проиграл при выигрышном цвете danger
ID 183274393 поставил 200000 коинов на primary и проиграл при выигрышном цвете danger
16:33:57 | ID 405115290 пополнил баланс на 400000000 коинов
16:34:12 | Розыгрыш ставок для игры №2937:
ID 183274393 поставил 100000 коинов на primary и проиграл при выигрышном цвете danger
ID 405115290 поставил 400000 коинов на danger и выиграл 800000 коинов при выигрышном цвете danger
16:34:56 | Розыгрыш ставок для игры №2938:
ID 183274393 поставил 250000 коинов на primary и проиграл при выигрышном цвете danger
ID 405115290 поставил 800000 коинов на danger и выиграл 1600000 коинов при выигрышном цвете danger
16:35:44 | Розыгрыш ставок для игры №2939:
ID 183274393 поставил 500000 коинов на primary и выиграл 1000000 коинов при выигрышном цвете primary
ID 405115290 поставил 1600000 коинов на danger и проиграл при выигрышном цвете primary
16:36:09 | ID 405115290 пополнил баланс на 500000000 коинов
16:36:34 | Розыгрыш ставок для игры №2940:
ID 183274393 поставил 400000 коинов на danger и проиграл при выигрышном цвете primary
ID 405115290 поставил 500000 коинов на primary и выиграл 1000000 коинов при выигрышном цвете primary
16:37:18 | Розыгрыш ставок для игры №2941:
ID 183274393 поставил 600000 коинов на danger и проиграл при выигрышном цвете primary
ID 405115290 поставил 700000 коинов на primary и выиграл 1400000 коинов при выигрышном цвете primary
16:38:09 | Розыгрыш ставок для игры №2942:
ID 183274393 поставил 25000 коинов на danger и проиграл при выигрышном цвете primary
ID 405115290 поставил 500000 коинов на danger и проиграл при выигрышном цвете primary
16:38:41 | ID 183274393 пополнил баланс на 10000000000 коинов
16:38:57 | Розыгрыш ставок для игры №2943:
ID 405115290 поставил 1200000 коинов на primary и выиграл 2400000 коинов при выигрышном цвете primary
16:39:25 | ID 183274393 запросил вывод 8000000 коинов; VKC response code: 200
16:39:41 | Розыгрыш ставок для игры №2944:
ID 183274393 поставил 1000000 коинов на danger и выиграл 2000000 коинов при выигрышном цвете danger
ID 405115290 поставил 600000 коинов на primary и проиграл при выигрышном цвете danger
16:40:22 | ID 183274393 запросил вывод 1500000 коинов; VKC response code: 200
16:40:29 | Розыгрыш ставок для игры №2945:
ID 183274393 поставил 1000000 коинов на primary и выиграл 2000000 коинов при выигрышном цвете primary
ID 405115290 поставил 1200000 коинов на danger и проиграл при выигрышном цвете primary
16:40:52 | ID 183274393 запросил вывод 1000000 коинов; VKC response code: 200
16:41:13 | Розыгрыш ставок для игры №2946:
ID 405115290 поставил 600000 коинов на danger и проиграл при выигрышном цвете primary
ID 183274393 поставил 250000 коинов на primary и выиграл 500000 коинов при выигрышном цвете primary
16:41:41 | ID 183274393 запросил вывод 1000000 коинов; VKC response code: 200
16:42:14 | Розыгрыш ставок для игры №2947:
ID 183274393 поставил 250000 коинов на danger и выиграл 500000 коинов при выигрышном цвете danger
16:42:37 | ID 405115290 пополнил баланс на 200000000 коинов
16:43:13 | Розыгрыш ставок для игры №2948:
ID 405115290 поставил 200000 коинов на primary и проиграл при выигрышном цвете danger
ID 183274393 поставил 250000 коинов на primary и проиграл при выигрышном цвете danger
16:43:58 | Розыгрыш ставок для игры №2949:
ID 183274393 поставил 750000 коинов на primary и выиграл 1500000 коинов при выигрышном цвете primary
16:44:23 | ID 183274393 запросил вывод 1000000 коинов; VKC response code: 200
16:46:26 | Розыгрыш ставок для игры №2950:
ID 183274393 поставил 50000 коинов на primary и выиграл 100000 коинов при выигрышном цвете primary
16:47:15 | Розыгрыш ставок для игры №2951:
ID 183274393 поставил 50000 коинов на primary и проиграл при выигрышном цвете danger
16:47:57 | Розыгрыш ставок для игры №2952:
ID 183274393 поставил 50000 коинов на danger и проиграл при выигрышном цвете primary
16:48:26 | ID 405115290 пополнил баланс на 500000000 коинов
16:48:39 | Розыгрыш ставок для игры №2953:
ID 183274393 поставил 250000 коинов на danger и выиграл 500000 коинов при выигрышном цвете danger
ID 405115290 поставил 200000 коинов на primary и проиграл при выигрышном цвете danger
16:49:22 | Розыгрыш ставок для игры №2954:
ID 405115290 поставил 300000 коинов на primary и выиграл 600000 коинов при выигрышном цвете primary
ID 183274393 поставил 200000 коинов на primary и выиграл 400000 коинов при выигрышном цвете primary
16:50:06 | Розыгрыш ставок для игры №2955:
ID 183274393 поставил 500000 коинов на danger и проиграл при выигрышном цвете primary
ID 405115290 поставил 300000 коинов на danger и проиграл при выигрышном цвете primary
16:50:50 | Розыгрыш ставок для игры №2956:
ID 183274393 поставил 400000 коинов на danger и выиграл 800000 коинов при выигрышном цвете danger
ID 405115290 поставил 300000 коинов на primary и проиграл при выигрышном цвете danger
16:51:29 | ID 405115290 пополнил баланс на 500000000 коинов
16:51:42 | Розыгрыш ставок для игры №2957:
ID 183274393 поставил 200000 коинов на primary и выиграл 400000 коинов при выигрышном цвете primary
ID 405115290 поставил 300000 коинов на primary и выиграл 600000 коинов при выигрышном цвете primary
16:52:31 | Розыгрыш ставок для игры №2958:
ID 183274393 поставил 100000 коинов на danger и выиграл 200000 коинов при выигрышном цвете danger
ID 405115290 поставил 300000 коинов на primary и проиграл при выигрышном цвете danger
16:53:17 | Розыгрыш ставок для игры №2959:
ID 405115290 поставил 400000 коинов на primary и выиграл 800000 коинов при выигрышном цвете primary
ID 183274393 поставил 100000 коинов на danger и проиграл при выигрышном цвете primary
16:54:05 | Розыгрыш ставок для игры №2960:
ID 183274393 поставил 500000 коинов на danger и проиграл при выигрышном цвете primary
ID 405115290 поставил 100000 коинов на primary и выиграл 200000 коинов при выигрышном цвете primary
16:54:48 | Розыгрыш ставок для игры №2961:
ID 183274393 поставил 500000 коинов на danger и проиграл при выигрышном цвете primary
ID 405115290 поставил 400000 коинов на primary и выиграл 800000 коинов при выигрышном цвете primary
16:55:32 | ID 183274393 пополнил баланс на 1500000000 коинов
16:55:41 | Розыгрыш ставок для игры №2962:
ID 405115290 поставил 300000 коинов на danger и выиграл 600000 коинов при выигрышном цвете danger
ID 183274393 поставил 150000 коинов на danger и выиграл 300000 коинов при выигрышном цвете danger
16:56:29 | Розыгрыш ставок для игры №2963:
ID 183274393 поставил 150000 коинов на danger и проиграл при выигрышном цвете primary
ID 405115290 поставил 300000 коинов на danger и проиграл при выигрышном цвете primary
16:57:13 | Розыгрыш ставок для игры №2964:
ID 183274393 поставил 650000 коинов на primary и проиграл при выигрышном цвете danger
ID 405115290 поставил 600000 коинов на primary и проиграл при выигрышном цвете danger
16:57:57 | Розыгрыш ставок для игры №2965:
ID 405115290 поставил 800000 коинов на primary и выиграл 1600000 коинов при выигрышном цвете primary
ID 183274393 поставил 850000 коинов на primary и выиграл 1700000 коинов при выигрышном цвете primary
16:58:44 | Розыгрыш ставок для игры №2966:
ID 405115290 поставил 300000 коинов на danger и проиграл при выигрышном цвете primary
ID 183274393 поставил 200000 коинов на primary и выиграл 400000 коинов при выигрышном цвете primary
16:59:27 | Розыгрыш ставок для игры №2967:
ID 405115290 поставил 1300000 коинов на danger и проиграл при выигрышном цвете primary
ID 183274393 поставил 900000 коинов на danger и проиграл при выигрышном цвете primary
17:00:14 | Розыгрыш ставок для игры №2968:
ID 183274393 поставил 550000 коинов на danger и проиграл при выигрышном цвете primary
17:00:57 | Розыгрыш ставок для игры №2969:
ID 183274393 поставил 450000 коинов на danger и выиграл 900000 коинов при выигрышном цвете danger
17:01:43 | Розыгрыш ставок для игры №2970:
ID 183274393 поставил 100000 коинов на danger и проиграл при выигрышном цвете primary
17:02:29 | Розыгрыш ставок для игры №2971:
ID 183274393 поставил 300000 коинов на danger и выиграл 600000 коинов при выигрышном цвете danger
17:02:50 | ID 527076145 пополнил баланс на 2000000000 коинов
17:03:16 | Розыгрыш ставок для игры №2972:
ID 183274393 поставил 100000 коинов на primary и выиграл 200000 коинов при выигрышном цвете primary
ID 527076145 поставил 1000000 коинов на danger и проиграл при выигрышном цвете primary
17:04:00 | Розыгрыш ставок для игры №2973:
ID 527076145 поставил 1000000 коинов на danger и выиграл 2000000 коинов при выигрышном цвете danger
ID 183274393 поставил 100000 коинов на danger и выиграл 200000 коинов при выигрышном цвете danger
17:04:47 | Розыгрыш ставок для игры №2974:
ID 183274393 поставил 100000 коинов на primary и проиграл при выигрышном цвете danger
ID 527076145 поставил 400000 коинов на danger и выиграл 800000 коинов при выигрышном цвете danger
17:05:32 | Розыгрыш ставок для игры №2975:
ID 183274393 поставил 500000 коинов на primary и проиграл при выигрышном цвете danger
ID 527076145 поставил 1400000 коинов на primary и проиграл при выигрышном цвете danger
17:06:17 | Розыгрыш ставок для игры №2976:
ID 183274393 поставил 700000 коинов на primary и выиграл 1400000 коинов при выигрышном цвете primary
ID 527076145 поставил 1000000 коинов на primary и выиграл 2000000 коинов при выигрышном цвете primary
17:07:03 | Розыгрыш ставок для игры №2977:
ID 183274393 поставил 200000 коинов на danger и проиграл при выигрышном цвете success
ID 527076145 поставил 1000000 коинов на primary и проиграл при выигрышном цвете success
17:07:47 | Розыгрыш ставок для игры №2978:
ID 527076145 поставил 1000000 коинов на danger и проиграл при выигрышном цвете primary
ID 183274393 поставил 100000 коинов на primary и выиграл 200000 коинов при выигрышном цвете primary
17:08:16 | ID 527076145 пополнил баланс на 40000000 коинов
17:08:31 | Розыгрыш ставок для игры №2979:
ID 183274393 поставил 200000 коинов на danger и проиграл при выигрышном цвете primary
ID 527076145 поставил 40000 коинов на danger и проиграл при выигрышном цвете primary
17:09:16 | Розыгрыш ставок для игры №2980:
ID 183274393 поставил 100000 коинов на danger и выиграл 200000 коинов при выигрышном цвете danger
17:10:04 | Розыгрыш ставок для игры №2981:
ID 183274393 поставил 100000 коинов на primary и проиграл при выигрышном цвете danger
17:10:35 | ID 183274393 запросил вывод 1000000 коинов; VKC response code: 200
17:10:47 | ID 504436033 пополнил баланс на 5900000000 коинов
17:10:48 | Розыгрыш ставок для игры №2982:
ID 183274393 поставил 100000 коинов на primary и проиграл при выигрышном цвете danger
17:11:34 | Розыгрыш ставок для игры №2983:
ID 504436033 поставил 5900000 коинов на danger и выиграл 11800000 коинов при выигрышном цвете danger
17:12:00 | ID 504436033 запросил вывод 11800000 коинов; VKC response code: 200
17:14:06 | Розыгрыш ставок для игры №2984:
ID 581321483 поставил 1000 коинов на success и проиграл при выигрышном цвете danger
17:15:47 | Розыгрыш ставок для игры №2985:
ID 567131617 поставил 50000 коинов на danger и выиграл 100000 коинов при выигрышном цвете danger
17:16:31 | Розыгрыш ставок для игры №2986:
ID 567131617 поставил 50000 коинов на primary и проиграл при выигрышном цвете danger
17:17:20 | Розыгрыш ставок для игры №2987:
ID 567131617 поставил 100000 коинов на primary и проиграл при выигрышном цвете danger
17:18:06 | Розыгрыш ставок для игры №2988:
ID 567131617 поставил 300000 коинов на primary и проиграл при выигрышном цвете danger
17:41:19 | ID 183274393 пополнил баланс на 1000000000 коинов
17:42:00 | Розыгрыш ставок для игры №2989:
ID 183274393 поставил 300000 коинов на primary и проиграл при выигрышном цвете danger
17:42:30 | ID 290230102 пополнил баланс на 82206212 коинов
17:43:18 | Розыгрыш ставок для игры №2990:
ID 290230102 поставил 82206 коинов на danger и выиграл 164412 коинов при выигрышном цвете danger
17:44:06 | Розыгрыш ставок для игры №2991:
ID 290230102 поставил 164412 коинов на success и проиграл при выигрышном цвете primary
17:45:02 | Розыгрыш ставок для игры №2992:
ID 183274393 поставил 50000 коинов на danger и проиграл при выигрышном цвете primary
17:45:02 | Розыгрыш ставок для игры №2993:
ID 183274393 поставил 50000 коинов на danger и проиграл при выигрышном цвете primary
17:45:44 | Розыгрыш ставок для игры №2994:
ID 183274393 поставил 150000 коинов на danger и проиграл при выигрышном цвете primary
17:46:46 | Розыгрыш ставок для игры №2995:
ID 183274393 поставил 500000 коинов на danger и проиграл при выигрышном цвете primary
17:50:10 | ID 164400102 пополнил баланс на 10000000000 коинов
17:51:16 | Розыгрыш ставок для игры №2996:
ID 164400102 поставил 1010 коинов на danger и выиграл 2020 коинов при выигрышном цвете danger
17:52:12 | Розыгрыш ставок для игры №2997:
ID 164400102 поставил 1080 коинов на danger и выиграл 2160 коинов при выигрышном цвете danger
17:53:17 | Розыгрыш ставок для игры №2998:
ID 164400102 поставил 1900 коинов на danger и выиграл 3800 коинов при выигрышном цвете danger
17:54:11 | Розыгрыш ставок для игры №2999:
ID 164400102 поставил 1000 коинов на primary и выиграл 2000 коинов при выигрышном цвете primary
17:55:15 | Розыгрыш ставок для игры №3000:
ID 164400102 поставил 5000 коинов на primary и проиграл при выигрышном цвете danger
17:56:00 | Розыгрыш ставок для игры №3001:
ID 164400102 поставил 10000 коинов на primary и выиграл 20000 коинов при выигрышном цвете primary
17:56:54 | Розыгрыш ставок для игры №3002:
ID 164400102 поставил 1000 коинов на primary и выиграл 2000 коинов при выигрышном цвете primary
17:57:39 | Розыгрыш ставок для игры №3003:
ID 164400102 поставил 1000 коинов на primary и выиграл 2000 коинов при выигрышном цвете primary
17:58:34 | Розыгрыш ставок для игры №3004:
ID 164400102 поставил 2000 коинов на danger и выиграл 4000 коинов при выигрышном цвете danger
17:59:40 | Розыгрыш ставок для игры №3005:
ID 164400102 поставил 4000 коинов на primary и проиграл при выигрышном цвете danger
18:00:26 | Розыгрыш ставок для игры №3006:
ID 164400102 поставил 10000 коинов на primary и проиграл при выигрышном цвете danger
18:01:19 | Розыгрыш ставок для игры №3007:
ID 164400102 поставил 80000 коинов на primary и выиграл 160000 коинов при выигрышном цвете primary
18:09:02 | Розыгрыш ставок для игры №3008:
ID 164400102 поставил 20000 коинов на primary и выиграл 40000 коинов при выигрышном цвете primary
18:09:58 | Розыгрыш ставок для игры №3009:
ID 164400102 поставил 1000 коинов на danger и выиграл 2000 коинов при выигрышном цвете danger
18:12:16 | ID 164400102 запросил вывод 10101000 коинов; VKC response code: 200
18:51:13 | ID 557302879 пополнил баланс на 222222000 коинов
18:51:41 | ID 587925306 пополнил баланс на 200000000 коинов
18:56:17 | ID 405115290 пополнил баланс на 100000000 коинов
18:56:52 | Розыгрыш ставок для игры №3010:
ID 405115290 поставил 10000 коинов на primary и проиграл при выигрышном цвете danger
18:58:11 | Розыгрыш ставок для игры №3011:
ID 405115290 поставил 90000 коинов на danger и выиграл 180000 коинов при выигрышном цвете danger
18:59:06 | Розыгрыш ставок для игры №3012:
ID 405115290 поставил 180000 коинов на danger и проиграл при выигрышном цвете primary
18:59:50 | ID 405115290 пополнил баланс на 200000000 коинов
19:00:33 | ID 183274393 пополнил баланс на 1000000000 коинов
19:00:36 | Розыгрыш ставок для игры №3013:
ID 405115290 поставил 100000 коинов на primary и выиграл 200000 коинов при выигрышном цвете primary
19:01:19 | Розыгрыш ставок для игры №3014:
ID 183274393 поставил 50000 коинов на danger и проиграл при выигрышном цвете primary
ID 405115290 поставил 200000 коинов на primary и выиграл 400000 коинов при выигрышном цвете primary
19:02:14 | Розыгрыш ставок для игры №3015:
ID 405115290 поставил 500000 коинов на primary и проиграл при выигрышном цвете danger
19:02:48 | ID 405115290 пополнил баланс на 73000000 коинов
19:03:24 | Розыгрыш ставок для игры №3016:
ID 405115290 поставил 73000 коинов на primary и проиграл при выигрышном цвете danger
ID 228204444 поставил 10000 коинов на success и проиграл при выигрышном цвете danger
19:04:13 | ID 405115290 пополнил баланс на 200000000 коинов
19:04:16 | Розыгрыш ставок для игры №3017:
ID 228204444 поставил 10000 коинов на primary и выиграл 20000 коинов при выигрышном цвете primary
19:08:10 | Розыгрыш ставок для игры №3018:
ID 183274393 поставил 50000 коинов на primary и выиграл 100000 коинов при выигрышном цвете primary
ID 405115290 поставил 70100 коинов на danger и проиграл при выигрышном цвете primary
19:08:58 | Розыгрыш ставок для игры №3019:
ID 405115290 поставил 50000 коинов на danger и проиграл при выигрышном цвете primary
ID 183274393 поставил 50000 коинов на primary и выиграл 100000 коинов при выигрышном цвете primary
19:09:59 | Розыгрыш ставок для игры №3020:
ID 405115290 поставил 50000 коинов на primary и проиграл при выигрышном цвете danger
ID 489677842 поставил 90000 коинов на primary и проиграл при выигрышном цвете danger
19:10:53 | Розыгрыш ставок для игры №3021:
ID 489677842 поставил 100000 коинов на danger и выиграл 200000 коинов при выигрышном цвете danger
ID 405115290 поставил 1900 коинов на primary и проиграл при выигрышном цвете danger
19:11:43 | ID 489677842 запросил вывод 200000 коинов; VKC response code: 200
19:48:16 | ID 310491521 пополнил баланс на 6300000 коинов
20:18:51 | ID 528777673 пополнил баланс на 5000000 коинов
20:20:14 | Розыгрыш ставок для игры №3022:
ID 528777673 поставил 1000 коинов на primary и проиграл при выигрышном цвете danger
20:22:45 | Розыгрыш ставок для игры №3023:
ID 528777673 поставил 3000 коинов на danger и проиграл при выигрышном цвете primary
20:31:38 | ID 436787940 пополнил баланс на 1000 коинов
20:32:06 | ID 436787940 пополнил баланс на 1000000 коинов
20:32:17 | ID 436787940 пополнил баланс на 1000 коинов
20:33:21 | Розыгрыш ставок для игры №3024:
ID 436787940 поставил 1000 коинов на primary и выиграл 2000 коинов при выигрышном цвете primary
20:34:42 | ID 436787940 запросил вывод 1002 коинов; VKC response code: 200
20:47:16 | ID 521855687 пополнил баланс на 100000 коинов
20:47:16 | ID 528777673 пополнил баланс на 1000000 коинов
20:59:03 | Розыгрыш ставок для игры №3025:
ID 228204444 поставил 10000 коинов на primary и выиграл 20000 коинов при выигрышном цвете primary
21:12:13 | ID 273663450 пополнил баланс на 1000000 коинов
21:15:36 | ID 273663450 пополнил баланс на 4700000 коинов
21:16:13 | Розыгрыш ставок для игры №3026:
ID 273663450 поставил 4700 коинов на danger и проиграл при выигрышном цвете primary
21:20:15 | ID 273663450 пополнил баланс на 100000000 коинов
21:21:16 | ID 273663450 пополнил баланс на 500000000 коинов
21:23:41 | Розыгрыш ставок для игры №3027:
ID 273663450 поставил 500000 коинов на danger и проиграл при выигрышном цвете primary
21:28:28 | Розыгрыш ставок для игры №3028:
ID 183274393 поставил 50000 коинов на danger и выиграл 100000 коинов при выигрышном цвете danger
21:39:07 | ID 478488066 пополнил баланс на 5400000000 коинов
22:00:16 | ID 478488066 пополнил баланс на 900000 коинов
22:00:34 | ID 478488066 пополнил баланс на 3000000000 коинов
22:06:00 | Розыгрыш ставок для игры №3029:
ID 317113903 поставил 10000 коинов на success и проиграл при выигрышном цвете danger
22:24:04 | ID 183274393 запросил вывод 1100000 коинов; VKC response code: 200
22:24:16 | ID 405115290 пополнил баланс на 100000000 коинов
22:24:51 | Розыгрыш ставок для игры №3030:
ID 405115290 поставил 100000 коинов на primary и проиграл при выигрышном цвете danger
22:26:25 | ID 148886453 пополнил баланс на 1111110000 коинов
22:26:44 | ID 183274393 пополнил баланс на 500000000 коинов
22:27:00 | ID 405115290 пополнил баланс на 100000000 коинов
22:27:02 | Розыгрыш ставок для игры №3031:
ID 148886453 поставил 1111110 коинов на primary и проиграл при выигрышном цвете danger
ID 317113903 поставил 10000000 коинов на danger и выиграл 20000000 коинов при выигрышном цвете danger
ID 183274393 поставил 25000 коинов на primary и проиграл при выигрышном цвете danger
22:27:05 | ID 489677842 пополнил баланс на 250000000 коинов
22:27:45 | Розыгрыш ставок для игры №3032:
ID 183274393 поставил 50000 коинов на primary и проиграл при выигрышном цвете danger
ID 405115290 поставил 40000 коинов на primary и проиграл при выигрышном цвете danger
ID 489677842 поставил 50000 коинов на danger и выиграл 100000 коинов при выигрышном цвете danger
22:28:29 | Розыгрыш ставок для игры №3033:
ID 405115290 поставил 60000 коинов на danger и выиграл 120000 коинов при выигрышном цвете danger
ID 183274393 поставил 50000 коинов на primary и проиграл при выигрышном цвете danger
ID 489677842 поставил 100000 коинов на primary и проиграл при выигрышном цвете danger
22:29:12 | Розыгрыш ставок для игры №3034:
ID 183274393 поставил 50000 коинов на primary и выиграл 100000 коинов при выигрышном цвете primary
ID 405115290 поставил 70000 коинов на danger и проиграл при выигрышном цвете primary
ID 489677842 поставил 50000 коинов на success и проиграл при выигрышном цвете primary
22:29:56 | Розыгрыш ставок для игры №3035:
ID 183274393 поставил 50000 коинов на primary и выиграл 100000 коинов при выигрышном цвете primary
ID 405115290 поставил 50000 коинов на danger и проиграл при выигрышном цвете primary
ID 489677842 поставил 50000 коинов на primary и выиграл 100000 коинов при выигрышном цвете primary
22:30:27 | ID 405115290 пополнил баланс на 200000000 коинов
22:30:40 | Розыгрыш ставок для игры №3036:
ID 183274393 поставил 50000 коинов на danger и проиграл при выигрышном цвете primary
ID 489677842 поставил 200000 коинов на primary и выиграл 400000 коинов при выигрышном цвете primary
ID 405115290 поставил 80000 коинов на primary и выиграл 160000 коинов при выигрышном цвете primary
22:31:25 | Розыгрыш ставок для игры №3037:
ID 183274393 поставил 400000 коинов на danger и выиграл 800000 коинов при выигрышном цвете danger
ID 489677842 поставил 100000 коинов на danger и выиграл 200000 коинов при выигрышном цвете danger
ID 405115290 поставил 60000 коинов на danger и выиграл 120000 коинов при выигрышном цвете danger
22:32:11 | Розыгрыш ставок для игры №3038:
ID 183274393 поставил 50000 коинов на danger и проиграл при выигрышном цвете success
ID 405115290 поставил 50000 коинов на primary и проиграл при выигрышном цвете success
ID 489677842 поставил 200000 коинов на primary и проиграл при выигрышном цвете success
22:32:54 | Розыгрыш ставок для игры №3039:
ID 183274393 поставил 100000 коинов на primary и проиграл при выигрышном цвете danger
ID 405115290 поставил 100000 коинов на primary и проиграл при выигрышном цвете danger
ID 489677842 поставил 10000 коинов на success и проиграл при выигрышном цвете danger
22:33:38 | Розыгрыш ставок для игры №3040:
ID 183274393 поставил 100000 коинов на primary и проиграл при выигрышном цвете danger
ID 405115290 поставил 110000 коинов на danger и выиграл 220000 коинов при выигрышном цвете danger
ID 489677842 поставил 90000 коинов на primary и проиграл при выигрышном цвете danger
22:34:21 | Розыгрыш ставок для игры №3041:
ID 183274393 поставил 550000 коинов на primary и выиграл 1100000 коинов при выигрышном цвете primary
ID 489677842 поставил 200000 коинов на danger и проиграл при выигрышном цвете primary
ID 405115290 поставил 100000 коинов на danger и проиграл при выигрышном цвете primary
22:35:13 | Розыгрыш ставок для игры №3042:
ID 183274393 поставил 100000 коинов на primary и проиграл при выигрышном цвете danger
ID 405115290 поставил 160000 коинов на primary и проиграл при выигрышном цвете danger
22:35:56 | Розыгрыш ставок для игры №3043:
ID 183274393 поставил 100000 коинов на primary и проиграл при выигрышном цвете danger
ID 405115290 поставил 50000 коинов на primary и проиграл при выигрышном цвете danger
22:36:02 | ID 489677842 пополнил баланс на 5000000000 коинов
22:36:41 | Розыгрыш ставок для игры №3044:
ID 183274393 поставил 500000 коинов на primary и проиграл при выигрышном цвете danger
ID 489677842 поставил 5000000 коинов на primary и проиграл при выигрышном цвете danger
22:37:26 | Розыгрыш ставок для игры №3045:
ID 183274393 поставил 300000 коинов на primary и выиграл 600000 коинов при выигрышном цвете primary
ID 405115290 поставил 50000 коинов на danger и проиграл при выигрышном цвете primary
22:37:35 | ID 489677842 пополнил баланс на 2000000 коинов
22:37:47 | ID 15908751 пополнил баланс на 4000000000 коинов
22:38:13 | Розыгрыш ставок для игры №3046:
ID 183274393 поставил 200000 коинов на primary и проиграл при выигрышном цвете danger
ID 489677842 поставил 1000 коинов на danger и выиграл 2000 коинов при выигрышном цвете danger
22:38:59 | Розыгрыш ставок для игры №3047:
ID 183274393 поставил 200000 коинов на primary и проиграл при выигрышном цвете danger
ID 15908751 поставил 1000000 коинов на success и проиграл при выигрышном цвете danger
ID 489677842 поставил 1000 коинов на success и проиграл при выигрышном цвете danger
22:39:43 | Розыгрыш ставок для игры №3048:
ID 183274393 поставил 300000 коинов на primary и выиграл 600000 коинов при выигрышном цвете primary
ID 489677842 поставил 1000 коинов на primary и выиграл 2000 коинов при выигрышном цвете primary
22:40:35 | Розыгрыш ставок для игры №3049:
ID 489677842 поставил 1000 коинов на success и проиграл при выигрышном цвете primary
ID 183274393 поставил 625000 коинов на primary и выиграл 1250000 коинов при выигрышном цвете primary
ID 15908751 поставил 1000000 коинов на success и проиграл при выигрышном цвете primary
22:41:24 | Розыгрыш ставок для игры №3050:
ID 15908751 поставил 2000000 коинов на primary и выиграл 4000000 коинов при выигрышном цвете primary
ID 428288564 поставил 1000 коинов на primary и выиграл 2000 коинов при выигрышном цвете primary
22:42:12 | Розыгрыш ставок для игры №3051:
ID 15908751 поставил 4000000 коинов на danger и выиграл 8000000 коинов при выигрышном цвете danger
ID 428288564 поставил 100000 коинов на danger и выиграл 200000 коинов при выигрышном цвете danger
ID 183274393 поставил 25000 коинов на primary и проиграл при выигрышном цвете danger
22:42:12 | ID 405115290 пополнил баланс на 500000000 коинов
22:42:58 | Розыгрыш ставок для игры №3052:
ID 183274393 поставил 50000 коинов на primary и выиграл 100000 коинов при выигрышном цвете primary
ID 405115290 поставил 60000 коинов на primary и выиграл 120000 коинов при выигрышном цвете primary
ID 15908751 поставил 4000000 коинов на success и проиграл при выигрышном цвете primary
22:43:44 | Розыгрыш ставок для игры №3053:
ID 183274393 поставил 75000 коинов на danger и выиграл 150000 коинов при выигрышном цвете danger
ID 15908751 поставил 4000000 коинов на primary и проиграл при выигрышном цвете danger
ID 405115290 поставил 70000 коинов на danger и выиграл 140000 коинов при выигрышном цвете danger
22:44:44 | Розыгрыш ставок для игры №3054:
ID 405115290 поставил 130000 коинов на primary и проиграл при выигрышном цвете danger
ID 183274393 поставил 50000 коинов на primary и проиграл при выигрышном цвете danger
22:45:26 | Розыгрыш ставок для игры №3055:
ID 183274393 поставил 100000 коинов на primary и проиграл при выигрышном цвете danger
ID 405115290 поставил 130000 коинов на danger и выиграл 260000 коинов при выигрышном цвете danger
ID 428288564 поставил 100000 коинов на primary и проиграл при выигрышном цвете danger
22:46:09 | Розыгрыш ставок для игры №3056:
ID 183274393 поставил 200000 коинов на primary и проиграл при выигрышном цвете danger
ID 428288564 поставил 200000 коинов на primary и проиграл при выигрышном цвете danger
ID 405115290 поставил 130000 коинов на danger и выиграл 260000 коинов при выигрышном цвете danger
22:46:53 | Розыгрыш ставок для игры №3057:
ID 183274393 поставил 500000 коинов на primary и выиграл 1000000 коинов при выигрышном цвете primary
ID 428288564 поставил 200000 коинов на success и проиграл при выигрышном цвете primary
ID 405115290 поставил 160000 коинов на primary и выиграл 320000 коинов при выигрышном цвете primary
22:47:28 | ID 428288564 запросил вывод 100000 коинов; VKC response code: 200
22:47:53 | Розыгрыш ставок для игры №3058:
ID 489677842 поставил 1000 коинов на primary и проиграл при выигрышном цвете danger
ID 183274393 поставил 50000 коинов на primary и проиграл при выигрышном цвете danger
ID 405115290 поставил 160000 коинов на danger и выиграл 320000 коинов при выигрышном цвете danger
22:48:52 | Розыгрыш ставок для игры №3059:
ID 489677842 поставил 1000 коинов на danger и проиграл при выигрышном цвете primary
ID 183274393 поставил 450000 коинов на primary и выиграл 900000 коинов при выигрышном цвете primary
ID 405115290 поставил 170000 коинов на danger и проиграл при выигрышном цвете primary
22:49:28 | ID 183274393 запросил вывод 1400000 коинов; VKC response code: 200
22:49:55 | Розыгрыш ставок для игры №3060:
ID 405115290 поставил 140000 коинов на danger и проиграл при выигрышном цвете primary
ID 183274393 поставил 50000 коинов на danger и проиграл при выигрышном цвете primary
22:51:49 | Розыгрыш ставок для игры №3061:
ID 183274393 поставил 50000 коинов на primary и проиграл при выигрышном цвете danger
ID 405115290 поставил 100000 коинов на danger и выиграл 200000 коинов при выигрышном цвете danger
22:53:37 | Розыгрыш ставок для игры №3062:
ID 183274393 поставил 160000 коинов на primary и выиграл 320000 коинов при выигрышном цвете primary
22:55:03 | ID 489677842 пополнил баланс на 500000000 коинов
22:55:42 | Розыгрыш ставок для игры №3063:
ID 405115290 поставил 320000 коинов на danger и проиграл при выигрышном цвете primary
22:56:27 | Розыгрыш ставок для игры №3064:
ID 405115290 поставил 550560 коинов на primary и выиграл 1101120 коинов при выигрышном цвете primary
22:57:50 | Розыгрыш ставок для игры №3065:
ID 489677842 поставил 100000 коинов на primary и выиграл 200000 коинов при выигрышном цвете primary
ID 405115290 поставил 100000 коинов на danger и проиграл при выигрышном цвете primary
23:00:07 | Розыгрыш ставок для игры №3066:
ID 489677842 поставил 200000 коинов на primary и проиграл при выигрышном цвете danger
ID 405115290 поставил 300000 коинов на primary и проиграл при выигрышном цвете danger
23:00:57 | Розыгрыш ставок для игры №3067:
ID 405115290 поставил 4686 коинов на primary и проиграл при выигрышном цвете danger
23:01:05 | ID 405115290 пополнил баланс на 500000000 коинов
23:01:52 | Розыгрыш ставок для игры №3068:
ID 405115290 поставил 100000 коинов на primary и проиграл при выигрышном цвете danger
ID 489677842 поставил 100000 коинов на danger и выиграл 200000 коинов при выигрышном цвете danger
23:02:22 | ID 405115290 запросил вывод 401934 коинов; VKC response code: 200
23:02:46 | Розыгрыш ставок для игры №3069:
ID 489677842 поставил 50000 коинов на success и проиграл при выигрышном цвете danger
23:03:09 | ID 582334653 пополнил баланс на 50000000 коинов
23:03:30 | Розыгрыш ставок для игры №3070:
ID 489677842 поставил 200000 коинов на danger и проиграл при выигрышном цвете primary
ID 582334653 поставил 50000 коинов на danger и проиграл при выигрышном цвете primary
23:04:21 | Розыгрыш ставок для игры №3071:
ID 489677842 поставил 50000 коинов на primary и проиграл при выигрышном цвете danger
23:41:28 | ID 183274393 запросил вывод 440000 коинов; VKC response code: 200
23:44:25 | ID 473954682 пополнил баланс на 1300000000 коинов
23:45:14 | Розыгрыш ставок для игры №3072:
ID 473954682 поставил 200000 коинов на success и проиграл при выигрышном цвете danger
23:45:55 | Розыгрыш ставок для игры №3073:
ID 473954682 поставил 1100000 коинов на danger и проиграл при выигрышном цвете success