
00:44:59 | ID 1864992 пополнил баланс на 100000 коинов
00:48:15 | Розыгрыш ставок для игры №6940:
ID 546986118 поставил 20480 коинов на success и проиграл при выигрышном цвете primary
00:48:57 | Розыгрыш ставок для игры №6941:
ID 546986118 поставил 81920 коинов на primary и проиграл при выигрышном цвете danger
00:57:51 | ID 467534324 пополнил баланс на 50000000 коинов
00:58:28 | Розыгрыш ставок для игры №6942:
ID 467534324 поставил 10000 коинов на success и проиграл при выигрышном цвете primary
00:59:12 | Розыгрыш ставок для игры №6943:
ID 467534324 поставил 30000 коинов на primary и выиграл 60000 коинов при выигрышном цвете primary
01:00:34 | Розыгрыш ставок для игры №6944:
ID 467534324 поставил 10000 коинов на danger и проиграл при выигрышном цвете primary
01:01:28 | Розыгрыш ставок для игры №6945:
ID 467534324 поставил 10000 коинов на primary и выиграл 20000 коинов при выигрышном цвете primary
01:24:23 | Розыгрыш ставок для игры №6946:
ID 467534324 поставил 10000 коинов на success и проиграл при выигрышном цвете primary
01:35:04 | ID 502646590 пополнил баланс на 300000 коинов
01:35:34 | ID 502646590 пополнил баланс на 30000 коинов
01:35:52 | Розыгрыш ставок для игры №6947:
ID 467534324 поставил 60000 коинов на primary и проиграл при выигрышном цвете danger
01:36:51 | ID 502646590 пополнил баланс на 35000 коинов
02:18:51 | ID 456774865 пополнил баланс на 100000000 коинов
02:19:30 | Розыгрыш ставок для игры №6948:
ID 456774865 поставил 5000 коинов на primary и выиграл 10000 коинов при выигрышном цвете primary
02:20:24 | Розыгрыш ставок для игры №6949:
ID 456774865 поставил 25000 коинов на primary и выиграл 50000 коинов при выигрышном цвете primary
02:21:09 | ID 277755618 пополнил баланс на 1800000000 коинов
02:21:25 | Розыгрыш ставок для игры №6950:
ID 456774865 поставил 25000 коинов на danger и проиграл при выигрышном цвете primary
ID 277755618 поставил 800000 коинов на primary и выиграл 1600000 коинов при выигрышном цвете primary
02:22:14 | Розыгрыш ставок для игры №6951:
ID 456774865 поставил 55000 коинов на primary и проиграл при выигрышном цвете danger
ID 277755618 поставил 400000 коинов на primary и проиграл при выигрышном цвете danger
02:23:03 | Розыгрыш ставок для игры №6952:
ID 277755618 поставил 800000 коинов на primary и проиграл при выигрышном цвете success
ID 456774865 поставил 50000 коинов на primary и проиграл при выигрышном цвете success
02:23:56 | Розыгрыш ставок для игры №6953:
ID 277755618 поставил 1400000 коинов на danger и выиграл 2800000 коинов при выигрышном цвете danger
02:24:50 | Розыгрыш ставок для игры №6954:
ID 277755618 поставил 200000 коинов на primary и проиграл при выигрышном цвете danger
02:25:33 | Розыгрыш ставок для игры №6955:
ID 277755618 поставил 400000 коинов на primary и проиграл при выигрышном цвете danger
02:26:16 | Розыгрыш ставок для игры №6956:
ID 277755618 поставил 2200000 коинов на primary и проиграл при выигрышном цвете danger
06:32:49 | ID 396962547 пополнил баланс на 22000000 коинов
06:33:26 | Розыгрыш ставок для игры №6957:
ID 396962547 поставил 10000 коинов на danger и проиграл при выигрышном цвете success
06:34:13 | Розыгрыш ставок для игры №6958:
ID 396962547 поставил 10000 коинов на danger и проиграл при выигрышном цвете success
06:35:27 | Розыгрыш ставок для игры №6959:
ID 396962547 поставил 2000 коинов на success и проиграл при выигрышном цвете danger
07:42:23 | ID 571988462 пополнил баланс на 1000 коинов
07:59:32 | ID 571988462 пополнил баланс на 1000000 коинов
08:24:54 | Розыгрыш ставок для игры №6960:
ID 317113903 поставил 147483647 коинов на danger и проиграл при выигрышном цвете primary
08:25:49 | Розыгрыш ставок для игры №6961:
ID 317113903 поставил 500000000 коинов на danger и проиграл при выигрышном цвете primary
08:26:34 | Розыгрыш ставок для игры №6962:
ID 317113903 поставил 1000000000 коинов на danger и выиграл 2000000000 коинов при выигрышном цвете danger
08:30:19 | Розыгрыш ставок для игры №6963:
ID 317113903 поставил 100000000 коинов на primary и проиграл при выигрышном цвете danger
08:31:20 | Розыгрыш ставок для игры №6964:
ID 317113903 поставил 240000000 коинов на primary и проиграл при выигрышном цвете danger
08:32:06 | Розыгрыш ставок для игры №6965:
ID 317113903 поставил 500000000 коинов на primary и проиграл при выигрышном цвете danger
08:32:52 | Розыгрыш ставок для игры №6966:
ID 317113903 поставил 1000000000 коинов на primary и проиграл при выигрышном цвете danger
08:34:48 | Розыгрыш ставок для игры №6967:
ID 594058724 поставил 2500000 коинов на primary и выиграл 5000000 коинов при выигрышном цвете primary
08:51:06 | ID 167021640 пополнил баланс на 1900000000 коинов
08:51:47 | Розыгрыш ставок для игры №6968:
ID 167021640 поставил 300000 коинов на primary и выиграл 600000 коинов при выигрышном цвете primary
08:52:37 | Розыгрыш ставок для игры №6969:
ID 167021640 поставил 200000 коинов на primary и проиграл при выигрышном цвете danger
08:53:27 | Розыгрыш ставок для игры №6970:
ID 167021640 поставил 1000000 коинов на primary и проиграл при выигрышном цвете danger
08:54:10 | Розыгрыш ставок для игры №6971:
ID 167021640 поставил 1000000 коинов на primary и выиграл 2000000 коинов при выигрышном цвете primary
08:55:17 | Розыгрыш ставок для игры №6972:
ID 167021640 поставил 250000 коинов на danger и выиграл 500000 коинов при выигрышном цвете danger
08:56:18 | Розыгрыш ставок для игры №6973:
ID 167021640 поставил 250576 коинов на success и проиграл при выигрышном цвете danger
08:57:01 | Розыгрыш ставок для игры №6974:
ID 167021640 поставил 2000000 коинов на primary и выиграл 4000000 коинов при выигрышном цвете primary
08:57:01 | Розыгрыш ставок для игры №6975:
ID 167021640 поставил 2000000 коинов на primary и выиграл 4000000 коинов при выигрышном цвете primary
08:57:54 | ID 167021640 запросил вывод 8000000 коинов; VKC response code: 200
09:01:00 | ID 515636404 пополнил баланс на 200000000 коинов
09:01:50 | Розыгрыш ставок для игры №6976:
ID 515636404 поставил 10000 коинов на danger и проиграл при выигрышном цвете primary
09:02:35 | Розыгрыш ставок для игры №6977:
ID 515636404 поставил 10000 коинов на danger и проиграл при выигрышном цвете primary
09:12:48 | ID 438432982 запросил вывод 1000000 коинов; VKC response code: 200
10:01:27 | ID 557994589 пополнил баланс на 100000000 коинов
10:02:03 | Розыгрыш ставок для игры №6978:
ID 557994589 поставил 100000 коинов на success и проиграл при выигрышном цвете primary
10:10:41 | ID 499366239 пополнил баланс на 1900000000 коинов
10:11:25 | Розыгрыш ставок для игры №6979:
ID 499366239 поставил 150000 коинов на primary и проиграл при выигрышном цвете danger
10:11:47 | ID 539715534 пополнил баланс на 100000000 коинов
10:12:22 | Розыгрыш ставок для игры №6980:
ID 499366239 поставил 225000 коинов на primary и проиграл при выигрышном цвете danger
ID 539715534 поставил 100000 коинов на danger и выиграл 200000 коинов при выигрышном цвете danger
10:12:41 | ID 539715534 запросил вывод 200000 коинов; VKC response code: 200
10:13:15 | Розыгрыш ставок для игры №6981:
ID 499366239 поставил 300000 коинов на danger и выиграл 600000 коинов при выигрышном цвете danger
10:14:05 | Розыгрыш ставок для игры №6982:
ID 499366239 поставил 150000 коинов на primary и выиграл 300000 коинов при выигрышном цвете primary
10:14:58 | Розыгрыш ставок для игры №6983:
ID 499366239 поставил 450000 коинов на danger и проиграл при выигрышном цвете primary
10:16:02 | Розыгрыш ставок для игры №6984:
ID 499366239 поставил 500000 коинов на primary и проиграл при выигрышном цвете danger
10:16:02 | Розыгрыш ставок для игры №6985:
ID 499366239 поставил 500000 коинов на primary и проиграл при выигрышном цвете danger
10:16:23 | ID 320739307 пополнил баланс на 500000000 коинов
10:16:29 | ID 594058724 пополнил баланс на 16000000000 коинов
10:16:43 | ID 594058724 пополнил баланс на 263000000 коинов
10:16:57 | Розыгрыш ставок для игры №6986:
ID 499366239 поставил 400000 коинов на primary и выиграл 800000 коинов при выигрышном цвете primary
ID 320739307 поставил 250000 коинов на danger и проиграл при выигрышном цвете primary
10:17:42 | Розыгрыш ставок для игры №6987:
ID 320739307 поставил 250000 коинов на success и проиграл при выигрышном цвете primary
ID 594058724 поставил 500000 коинов на danger и проиграл при выигрышном цвете primary
ID 499366239 поставил 200000 коинов на primary и выиграл 400000 коинов при выигрышном цвете primary
10:18:26 | Розыгрыш ставок для игры №6988:
ID 594058724 поставил 2000000 коинов на danger и выиграл 4000000 коинов при выигрышном цвете danger
ID 499366239 поставил 200000 коинов на primary и проиграл при выигрышном цвете danger
10:19:23 | Розыгрыш ставок для игры №6989:
ID 499366239 поставил 400000 коинов на primary и выиграл 800000 коинов при выигрышном цвете primary
10:20:22 | Розыгрыш ставок для игры №6990:
ID 499366239 поставил 200000 коинов на primary и проиграл при выигрышном цвете danger
10:21:19 | Розыгрыш ставок для игры №6991:
ID 499366239 поставил 23000 коинов на success и проиграл при выигрышном цвете primary
ID 594058724 поставил 500000 коинов на primary и выиграл 1000000 коинов при выигрышном цвете primary
10:22:16 | Розыгрыш ставок для игры №6992:
ID 499366239 поставил 600000 коинов на danger и выиграл 1200000 коинов при выигрышном цвете danger
ID 594058724 поставил 1000000 коинов на danger и выиграл 2000000 коинов при выигрышном цвете danger
10:23:11 | Розыгрыш ставок для игры №6993:
ID 499366239 поставил 300000 коинов на primary и проиграл при выигрышном цвете danger
10:24:11 | Розыгрыш ставок для игры №6994:
ID 499366239 поставил 688000 коинов на danger и проиграл при выигрышном цвете primary
10:25:22 | Розыгрыш ставок для игры №6995:
ID 499366239 поставил 75000 коинов на success и проиграл при выигрышном цвете primary
10:26:22 | Розыгрыш ставок для игры №6996:
ID 499366239 поставил 1000000 коинов на danger и проиграл при выигрышном цвете primary
10:26:52 | ID 499366239 запросил вывод 142360 коинов; VKC response code: 200
11:12:19 | Розыгрыш ставок для игры №6997:
ID 594058724 поставил 2000000 коинов на danger и выиграл 4000000 коинов при выигрышном цвете danger
11:13:03 | Розыгрыш ставок для игры №6998:
ID 594058724 поставил 1000000 коинов на primary и выиграл 2000000 коинов при выигрышном цвете primary
11:14:46 | Розыгрыш ставок для игры №6999:
ID 594058724 поставил 1000000 коинов на primary и выиграл 2000000 коинов при выигрышном цвете primary
11:15:33 | Розыгрыш ставок для игры №7000:
ID 594058724 поставил 1000000 коинов на primary и проиграл при выигрышном цвете danger
11:16:15 | Розыгрыш ставок для игры №7001:
ID 594058724 поставил 2000000 коинов на primary и выиграл 4000000 коинов при выигрышном цвете primary
11:18:10 | Розыгрыш ставок для игры №7002:
ID 594058724 поставил 1000000 коинов на danger и проиграл при выигрышном цвете success
11:18:53 | Розыгрыш ставок для игры №7003:
ID 594058724 поставил 2000000 коинов на danger и проиграл при выигрышном цвете success
11:19:37 | Розыгрыш ставок для игры №7004:
ID 594058724 поставил 4000000 коинов на danger и проиграл при выигрышном цвете primary
11:20:24 | Розыгрыш ставок для игры №7005:
ID 594058724 поставил 16000000 коинов на danger и проиграл при выигрышном цвете primary
11:21:13 | Розыгрыш ставок для игры №7006:
ID 594058724 поставил 64000000 коинов на danger и выиграл 128000000 коинов при выигрышном цвете danger
11:24:12 | Розыгрыш ставок для игры №7007:
ID 594058724 поставил 1000 коинов на primary и проиграл при выигрышном цвете danger
11:24:57 | Розыгрыш ставок для игры №7008:
ID 594058724 поставил 1000 коинов на danger и выиграл 2000 коинов при выигрышном цвете danger
11:25:45 | Розыгрыш ставок для игры №7009:
ID 594058724 поставил 1000 коинов на primary и проиграл при выигрышном цвете success
11:26:27 | Розыгрыш ставок для игры №7010:
ID 594058724 поставил 1000 коинов на primary и выиграл 2000 коинов при выигрышном цвете primary
11:27:24 | Розыгрыш ставок для игры №7011:
ID 594058724 поставил 1000 коинов на danger и выиграл 2000 коинов при выигрышном цвете danger
11:28:07 | Розыгрыш ставок для игры №7012:
ID 594058724 поставил 1000 коинов на primary и выиграл 2000 коинов при выигрышном цвете primary
11:28:51 | Розыгрыш ставок для игры №7013:
ID 594058724 поставил 1000 коинов на success и проиграл при выигрышном цвете primary
11:29:35 | Розыгрыш ставок для игры №7014:
ID 594058724 поставил 1000 коинов на danger и выиграл 2000 коинов при выигрышном цвете danger
11:30:17 | Розыгрыш ставок для игры №7015:
ID 594058724 поставил 1000 коинов на danger и проиграл при выигрышном цвете primary
11:31:00 | Розыгрыш ставок для игры №7016:
ID 594058724 поставил 1000 коинов на danger и выиграл 2000 коинов при выигрышном цвете danger
11:32:02 | Розыгрыш ставок для игры №7017:
ID 594058724 поставил 1000 коинов на primary и проиграл при выигрышном цвете danger
11:32:03 | Розыгрыш ставок для игры №7018:
ID 594058724 поставил 1000 коинов на primary и выиграл 2000 коинов при выигрышном цвете primary
11:32:46 | Розыгрыш ставок для игры №7019:
ID 594058724 поставил 1000 коинов на danger и выиграл 2000 коинов при выигрышном цвете danger
11:33:08 | ID 398941566 пополнил баланс на 1000000000 коинов
11:33:34 | Розыгрыш ставок для игры №7020:
ID 594058724 поставил 1000 коинов на primary и проиграл при выигрышном цвете success
ID 398941566 поставил 1000000 коинов на danger и проиграл при выигрышном цвете success
11:33:58 | ID 398941566 пополнил баланс на 500000000 коинов
11:34:22 | Розыгрыш ставок для игры №7021:
ID 594058724 поставил 1000 коинов на danger и выиграл 2000 коинов при выигрышном цвете danger
ID 398941566 поставил 500000 коинов на danger и выиграл 1000000 коинов при выигрышном цвете danger
11:35:05 | Розыгрыш ставок для игры №7022:
ID 594058724 поставил 1000 коинов на primary и проиграл при выигрышном цвете danger
ID 398941566 поставил 1000000 коинов на danger и выиграл 2000000 коинов при выигрышном цвете danger
11:35:30 | ID 398941566 запросил вывод 2000000 коинов; VKC response code: 200
11:35:47 | Розыгрыш ставок для игры №7023:
ID 594058724 поставил 1000 коинов на success и выиграл 14000 коинов при выигрышном цвете success
11:36:57 | Розыгрыш ставок для игры №7024:
ID 594058724 поставил 1000 коинов на success и проиграл при выигрышном цвете danger
11:37:42 | Розыгрыш ставок для игры №7025:
ID 594058724 поставил 1000 коинов на danger и проиграл при выигрышном цвете primary
11:38:51 | Розыгрыш ставок для игры №7026:
ID 593467300 поставил 5000 коинов на success и проиграл при выигрышном цвете danger
ID 594058724 поставил 1000 коинов на primary и проиграл при выигрышном цвете danger
11:39:34 | Розыгрыш ставок для игры №7027:
ID 594058724 поставил 1000 коинов на primary и проиграл при выигрышном цвете danger
11:40:18 | Розыгрыш ставок для игры №7028:
ID 593467300 поставил 50000 коинов на danger и проиграл при выигрышном цвете primary
ID 594058724 поставил 1000 коинов на primary и выиграл 2000 коинов при выигрышном цвете primary
11:41:06 | Розыгрыш ставок для игры №7029:
ID 594058724 поставил 1000 коинов на danger и проиграл при выигрышном цвете primary
ID 593467300 поставил 5000 коинов на primary и выиграл 10000 коинов при выигрышном цвете primary
11:41:49 | Розыгрыш ставок для игры №7030:
ID 594058724 поставил 1000 коинов на danger и проиграл при выигрышном цвете primary
ID 593467300 поставил 10000 коинов на danger и проиграл при выигрышном цвете primary
11:42:32 | Розыгрыш ставок для игры №7031:
ID 593467300 поставил 5000 коинов на primary и проиграл при выигрышном цвете danger
ID 594058724 поставил 1000 коинов на success и проиграл при выигрышном цвете danger
11:43:15 | Розыгрыш ставок для игры №7032:
ID 594058724 поставил 1000 коинов на danger и выиграл 2000 коинов при выигрышном цвете danger
11:44:03 | Розыгрыш ставок для игры №7033:
ID 594058724 поставил 1000 коинов на primary и проиграл при выигрышном цвете danger
11:47:13 | Розыгрыш ставок для игры №7034:
ID 594058724 поставил 1000 коинов на primary и проиграл при выигрышном цвете danger
11:47:58 | Розыгрыш ставок для игры №7035:
ID 594058724 поставил 2000 коинов на danger и проиграл при выигрышном цвете success
11:48:45 | Розыгрыш ставок для игры №7036:
ID 594058724 поставил 1000 коинов на danger и проиграл при выигрышном цвете primary
11:49:29 | Розыгрыш ставок для игры №7037:
ID 594058724 поставил 1000 коинов на primary и проиграл при выигрышном цвете danger
11:50:21 | Розыгрыш ставок для игры №7038:
ID 594058724 поставил 1000 коинов на danger и выиграл 2000 коинов при выигрышном цвете danger
11:51:08 | Розыгрыш ставок для игры №7039:
ID 594058724 поставил 2000 коинов на danger и выиграл 4000 коинов при выигрышном цвете danger
11:51:54 | Розыгрыш ставок для игры №7040:
ID 594058724 поставил 2000 коинов на danger и проиграл при выигрышном цвете primary
11:52:45 | Розыгрыш ставок для игры №7041:
ID 594058724 поставил 2000 коинов на success и проиграл при выигрышном цвете danger
11:53:32 | Розыгрыш ставок для игры №7042:
ID 594058724 поставил 2000 коинов на primary и выиграл 4000 коинов при выигрышном цвете primary
11:54:17 | ID 495378433 пополнил баланс на 500000000 коинов
11:54:36 | Розыгрыш ставок для игры №7043:
ID 594058724 поставил 2000 коинов на danger и проиграл при выигрышном цвете primary
ID 495378433 поставил 100000 коинов на primary и выиграл 200000 коинов при выигрышном цвете primary
11:55:22 | Розыгрыш ставок для игры №7044:
ID 495378433 поставил 50000 коинов на success и проиграл при выигрышном цвете primary
ID 594058724 поставил 2000 коинов на danger и проиграл при выигрышном цвете primary
11:56:14 | Розыгрыш ставок для игры №7045:
ID 594058724 поставил 2000 коинов на danger и выиграл 4000 коинов при выигрышном цвете danger
ID 495378433 поставил 50000 коинов на success и проиграл при выигрышном цвете danger
11:57:03 | Розыгрыш ставок для игры №7046:
ID 495378433 поставил 200000 коинов на danger и проиграл при выигрышном цвете primary
11:57:51 | Розыгрыш ставок для игры №7047:
ID 495378433 поставил 300000 коинов на danger и проиграл при выигрышном цвете primary
12:01:29 | Розыгрыш ставок для игры №7048:
ID 594058724 поставил 500000 коинов на danger и выиграл 1000000 коинов при выигрышном цвете danger
12:22:20 | Розыгрыш ставок для игры №7049:
ID 486058378 поставил 1000 коинов на danger и проиграл при выигрышном цвете primary
12:38:16 | ID 586853505 запросил вывод 270000 коинов; VKC response code: 200
12:51:27 | Розыгрыш ставок для игры №7050:
ID 573436494 поставил 1000 коинов на primary и выиграл 2000 коинов при выигрышном цвете primary
12:52:21 | Розыгрыш ставок для игры №7051:
ID 573436494 поставил 2000 коинов на primary и выиграл 4000 коинов при выигрышном цвете primary
ID 516061097 поставил 1000 коинов на danger и проиграл при выигрышном цвете primary
12:52:59 | ID 365531616 пополнил баланс на 1000000 коинов
12:53:06 | Розыгрыш ставок для игры №7052:
ID 573436494 поставил 2000 коинов на danger и выиграл 4000 коинов при выигрышном цвете danger
12:53:48 | Розыгрыш ставок для игры №7053:
ID 365531616 поставил 1000 коинов на primary и проиграл при выигрышном цвете danger
ID 573436494 поставил 1500 коинов на primary и проиграл при выигрышном цвете danger
12:54:09 | ID 365531616 пополнил баланс на 2000000 коинов
12:54:36 | Розыгрыш ставок для игры №7054:
ID 573436494 поставил 4500 коинов на primary и проиграл при выигрышном цвете danger
ID 365531616 поставил 1000 коинов на danger и выиграл 2000 коинов при выигрышном цвете danger
12:55:22 | Розыгрыш ставок для игры №7055:
ID 365531616 поставил 1000 коинов на primary и выиграл 2000 коинов при выигрышном цвете primary
12:55:42 | ID 365531616 запросил вывод 4000 коинов; VKC response code: 200
13:35:56 | Розыгрыш ставок для игры №7056:
ID 538882755 поставил 1000 коинов на danger и выиграл 2000 коинов при выигрышном цвете danger
13:36:48 | Розыгрыш ставок для игры №7057:
ID 538882755 поставил 2000 коинов на success и проиграл при выигрышном цвете primary
13:37:34 | ID 544984962 пополнил баланс на 290000000 коинов
13:38:10 | Розыгрыш ставок для игры №7058:
ID 544984962 поставил 290000 коинов на danger и проиграл при выигрышном цвете primary
13:39:03 | ID 516061097 пополнил баланс на 1400000000 коинов
13:40:11 | Розыгрыш ставок для игры №7059:
ID 516061097 поставил 300000 коинов на danger и выиграл 600000 коинов при выигрышном цвете danger
13:41:01 | Розыгрыш ставок для игры №7060:
ID 516061097 поставил 300000 коинов на danger и проиграл при выигрышном цвете primary
13:41:01 | Розыгрыш ставок для игры №7060:
ID 516061097 поставил 300000 коинов на danger и проиграл при выигрышном цвете primary
13:41:14 | ID 570836734 пополнил баланс на 800000000 коинов
13:41:45 | Розыгрыш ставок для игры №7062:
ID 516061097 поставил 300000 коинов на success и проиграл при выигрышном цвете primary
ID 570836734 поставил 800000 коинов на primary и выиграл 1600000 коинов при выигрышном цвете primary
13:42:18 | ID 516061097 запросил вывод 500000 коинов; VKC response code: 200
13:42:32 | Розыгрыш ставок для игры №7063:
ID 516061097 поставил 600000 коинов на danger и выиграл 1200000 коинов при выигрышном цвете danger
ID 570836734 поставил 800000 коинов на primary и проиграл при выигрышном цвете danger
13:42:34 | ID 436486600 пополнил баланс на 100000 коинов
13:42:52 | ID 516061097 запросил вывод 600000 коинов; VKC response code: 200
13:43:16 | Розыгрыш ставок для игры №7064:
ID 516061097 поставил 600000 коинов на primary и выиграл 1200000 коинов при выигрышном цвете primary
ID 570836734 поставил 800000 коинов на primary и выиграл 1600000 коинов при выигрышном цвете primary
ID 519598725 поставил 100000 коинов на primary и выиграл 200000 коинов при выигрышном цвете primary
13:44:07 | Розыгрыш ставок для игры №7065:
ID 516061097 поставил 300000 коинов на success и проиграл при выигрышном цвете primary
ID 519598725 поставил 200000 коинов на primary и выиграл 400000 коинов при выигрышном цвете primary
ID 570836734 поставил 800000 коинов на danger и проиграл при выигрышном цвете primary
13:44:21 | ID 436486600 пополнил баланс на 10000000 коинов
13:44:27 | ID 516061097 запросил вывод 300000 коинов; VKC response code: 200
13:44:51 | Розыгрыш ставок для игры №7066:
ID 516061097 поставил 300000 коинов на success и проиграл при выигрышном цвете primary
ID 570836734 поставил 800000 коинов на primary и выиграл 1600000 коинов при выигрышном цвете primary
ID 519598725 поставил 50000 коинов на primary и выиграл 100000 коинов при выигрышном цвете primary
ID 436486600 поставил 3000 коинов на success и проиграл при выигрышном цвете primary
13:45:34 | Розыгрыш ставок для игры №7067:
ID 516061097 поставил 300000 коинов на danger и проиграл при выигрышном цвете primary
ID 519598725 поставил 200000 коинов на danger и проиграл при выигрышном цвете primary
ID 436486600 поставил 7100 коинов на danger и проиграл при выигрышном цвете primary
ID 570836734 поставил 800000 коинов на primary и выиграл 1600000 коинов при выигрышном цвете primary
13:46:25 | Розыгрыш ставок для игры №7068:
ID 570836734 поставил 800000 коинов на primary и выиграл 1600000 коинов при выигрышном цвете primary
13:47:21 | Розыгрыш ставок для игры №7069:
ID 570836734 поставил 800000 коинов на primary и проиграл при выигрышном цвете danger
ID 519598725 поставил 200000 коинов на danger и выиграл 400000 коинов при выигрышном цвете danger
13:48:12 | Розыгрыш ставок для игры №7070:
ID 519598725 поставил 400000 коинов на primary и выиграл 800000 коинов при выигрышном цвете primary
ID 570836734 поставил 240000 коинов на primary и выиграл 480000 коинов при выигрышном цвете primary
13:49:47 | Розыгрыш ставок для игры №7071:
ID 570836734 поставил 2640000 коинов на primary и выиграл 5280000 коинов при выигрышном цвете primary
13:51:04 | Розыгрыш ставок для игры №7072:
ID 570836734 поставил 5000000 коинов на danger и выиграл 10000000 коинов при выигрышном цвете danger
13:51:32 | ID 570836734 запросил вывод 10000000 коинов; VKC response code: 200
14:13:59 | ID 516061097 пополнил баланс на 300000000 коинов
14:14:38 | Розыгрыш ставок для игры №7073:
ID 516061097 поставил 300000 коинов на danger и выиграл 600000 коинов при выигрышном цвете danger
14:15:27 | Розыгрыш ставок для игры №7074:
ID 516061097 поставил 300000 коинов на primary и проиграл при выигрышном цвете danger
ID 570836734 поставил 280000 коинов на danger и выиграл 560000 коинов при выигрышном цвете danger
14:16:15 | Розыгрыш ставок для игры №7075:
ID 516061097 поставил 300000 коинов на danger и выиграл 600000 коинов при выигрышном цвете danger
ID 570836734 поставил 280000 коинов на primary и проиграл при выигрышном цвете danger
14:17:04 | Розыгрыш ставок для игры №7076:
ID 570836734 поставил 280000 коинов на primary и выиграл 560000 коинов при выигрышном цвете primary
ID 516061097 поставил 300000 коинов на danger и проиграл при выигрышном цвете primary
14:18:02 | Розыгрыш ставок для игры №7077:
ID 516061097 поставил 300000 коинов на primary и проиграл при выигрышном цвете danger
ID 570836734 поставил 560000 коинов на success и проиграл при выигрышном цвете danger
14:18:02 | Розыгрыш ставок для игры №7078:
ID 516061097 поставил 300000 коинов на primary и выиграл 600000 коинов при выигрышном цвете primary
ID 570836734 поставил 560000 коинов на success и проиграл при выигрышном цвете primary
14:18:55 | Розыгрыш ставок для игры №7079:
ID 516061097 поставил 300000 коинов на primary и выиграл 600000 коинов при выигрышном цвете primary
14:18:56 | ID 570836734 пополнил баланс на 9000000000 коинов
14:19:49 | Розыгрыш ставок для игры №7080:
ID 570836734 поставил 9000000 коинов на primary и проиграл при выигрышном цвете danger
ID 516061097 поставил 300000 коинов на primary и проиграл при выигрышном цвете danger
14:20:37 | Розыгрыш ставок для игры №7081:
ID 516061097 поставил 600000 коинов на primary и проиграл при выигрышном цвете danger
14:25:11 | ID 570836734 пополнил баланс на 500000000 коинов
14:25:59 | Розыгрыш ставок для игры №7082:
ID 570836734 поставил 500000 коинов на danger и выиграл 1000000 коинов при выигрышном цвете danger
14:27:07 | Розыгрыш ставок для игры №7083:
ID 570836734 поставил 500000 коинов на danger и выиграл 1000000 коинов при выигрышном цвете danger
ID 317113903 поставил 500000 коинов на danger и выиграл 1000000 коинов при выигрышном цвете danger
14:28:16 | Розыгрыш ставок для игры №7084:
ID 570836734 поставил 500000 коинов на danger и выиграл 1000000 коинов при выигрышном цвете danger
14:29:20 | Розыгрыш ставок для игры №7085:
ID 570836734 поставил 500000 коинов на primary и выиграл 1000000 коинов при выигрышном цвете primary
ID 317113903 поставил 500000 коинов на primary и выиграл 1000000 коинов при выигрышном цвете primary
14:30:21 | Розыгрыш ставок для игры №7086:
ID 570836734 поставил 500000 коинов на danger и проиграл при выигрышном цвете primary
14:33:42 | Розыгрыш ставок для игры №7087:
ID 570836734 поставил 2000000 коинов на primary и выиграл 4000000 коинов при выигрышном цвете primary
14:34:52 | ID 539715534 пополнил баланс на 50000000 коинов
14:35:31 | Розыгрыш ставок для игры №7088:
ID 539715534 поставил 20000 коинов на primary и выиграл 40000 коинов при выигрышном цвете primary
14:36:20 | Розыгрыш ставок для игры №7089:
ID 539715534 поставил 70000 коинов на danger и проиграл при выигрышном цвете primary
ID 570836734 поставил 2000000 коинов на primary и выиграл 4000000 коинов при выигрышном цвете primary
14:36:45 | ID 539715534 пополнил баланс на 100000000 коинов
14:37:21 | Розыгрыш ставок для игры №7090:
ID 539715534 поставил 100000 коинов на danger и выиграл 200000 коинов при выигрышном цвете danger
ID 570836734 поставил 4000000 коинов на primary и проиграл при выигрышном цвете danger
14:37:40 | ID 539715534 запросил вывод 200000 коинов; VKC response code: 200
14:38:31 | Розыгрыш ставок для игры №7091:
ID 570836734 поставил 2000000 коинов на danger и выиграл 4000000 коинов при выигрышном цвете danger
14:40:03 | Розыгрыш ставок для игры №7092:
ID 570836734 поставил 2000000 коинов на primary и выиграл 4000000 коинов при выигрышном цвете primary
ID 317113903 поставил 5000000 коинов на primary и выиграл 10000000 коинов при выигрышном цвете primary
14:40:50 | ID 539715534 пополнил баланс на 30040000 коинов
14:41:26 | Розыгрыш ставок для игры №7093:
ID 539715534 поставил 30040 коинов на primary и выиграл 60080 коинов при выигрышном цвете primary
ID 317113903 поставил 5000000 коинов на primary и выиграл 10000000 коинов при выигрышном цвете primary
ID 570836734 поставил 1000000 коинов на danger и проиграл при выигрышном цвете primary
14:41:31 | ID 570836734 запросил вывод 5000000 коинов; VKC response code: 200
14:42:37 | Розыгрыш ставок для игры №7094:
ID 539715534 поставил 60080 коинов на danger и проиграл при выигрышном цвете primary
14:44:28 | Розыгрыш ставок для игры №7095:
ID 245654277 поставил 1000 коинов на danger и проиграл при выигрышном цвете primary
14:46:09 | ID 539715534 запросил вывод 10 коинов; VKC response code: 200
14:56:50 | Розыгрыш ставок для игры №7096:
ID 515636404 поставил 10240 коинов на success и проиграл при выигрышном цвете primary
14:57:32 | Розыгрыш ставок для игры №7097:
ID 515636404 поставил 9760 коинов на danger и выиграл 19520 коинов при выигрышном цвете danger
14:58:29 | Розыгрыш ставок для игры №7098:
ID 515636404 поставил 9520 коинов на primary и выиграл 19040 коинов при выигрышном цвете primary
15:00:23 | ID 570836734 пополнил баланс на 800000000 коинов
15:01:10 | Розыгрыш ставок для игры №7099:
ID 570836734 поставил 800000 коинов на primary и выиграл 1600000 коинов при выигрышном цвете primary
15:11:47 | Розыгрыш ставок для игры №7100:
ID 540901986 поставил 1000 коинов на primary и проиграл при выигрышном цвете danger
15:15:03 | Розыгрыш ставок для игры №7101:
ID 570836734 поставил 600000 коинов на success и проиграл при выигрышном цвете primary
15:33:23 | ID 540901986 пополнил баланс на 14000000 коинов
15:34:04 | Розыгрыш ставок для игры №7102:
ID 540901986 поставил 2000 коинов на danger и выиграл 4000 коинов при выигрышном цвете danger
15:34:51 | Розыгрыш ставок для игры №7103:
ID 540901986 поставил 2000 коинов на primary и проиграл при выигрышном цвете danger
15:35:35 | ID 540901986 запросил вывод 14000 коинов; VKC response code: 200
15:38:27 | ID 540901986 пополнил баланс на 10000000 коинов
15:39:05 | Розыгрыш ставок для игры №7104:
ID 540901986 поставил 1000 коинов на danger и проиграл при выигрышном цвете primary
15:39:15 | ID 326728657 пополнил баланс на 500000000 коинов
15:40:02 | Розыгрыш ставок для игры №7105:
ID 540901986 поставил 2000 коинов на primary и проиграл при выигрышном цвете success
15:40:02 | Розыгрыш ставок для игры №7106:
ID 540901986 поставил 2000 коинов на primary и выиграл 4000 коинов при выигрышном цвете primary
15:40:32 | ID 540901986 запросил вывод 11000 коинов; VKC response code: 200
15:40:55 | Розыгрыш ставок для игры №7107:
ID 326728657 поставил 100000 коинов на danger и выиграл 200000 коинов при выигрышном цвете danger
15:42:00 | Розыгрыш ставок для игры №7108:
ID 326728657 поставил 200000 коинов на danger и выиграл 400000 коинов при выигрышном цвете danger
15:43:15 | Розыгрыш ставок для игры №7109:
ID 326728657 поставил 200000 коинов на primary и проиграл при выигрышном цвете danger
15:44:13 | Розыгрыш ставок для игры №7110:
ID 326728657 поставил 400000 коинов на primary и выиграл 800000 коинов при выигрышном цвете primary
15:44:34 | ID 326728657 запросил вывод 1000000 коинов; VKC response code: 200
16:02:22 | ID 502646590 пополнил баланс на 20000000 коинов
16:03:28 | Розыгрыш ставок для игры №7111:
ID 502646590 поставил 5000 коинов на success и выиграл 70000 коинов при выигрышном цвете success
16:04:24 | Розыгрыш ставок для игры №7112:
ID 502646590 поставил 5000 коинов на danger и проиграл при выигрышном цвете primary
16:05:15 | Розыгрыш ставок для игры №7113:
ID 502646590 поставил 15000 коинов на primary и выиграл 30000 коинов при выигрышном цвете primary
16:06:04 | Розыгрыш ставок для игры №7114:
ID 502646590 поставил 5000 коинов на success и проиграл при выигрышном цвете primary
16:06:47 | Розыгрыш ставок для игры №7115:
ID 502646590 поставил 10000 коинов на danger и проиграл при выигрышном цвете primary
16:07:32 | Розыгрыш ставок для игры №7116:
ID 502646590 поставил 10000 коинов на danger и проиграл при выигрышном цвете primary
16:08:30 | Розыгрыш ставок для игры №7117:
ID 502646590 поставил 15000 коинов на danger и выиграл 30000 коинов при выигрышном цвете danger
16:09:19 | Розыгрыш ставок для игры №7118:
ID 502646590 поставил 5000 коинов на success и проиграл при выигрышном цвете danger
16:10:30 | Розыгрыш ставок для игры №7119:
ID 502646590 поставил 10000 коинов на primary и выиграл 20000 коинов при выигрышном цвете primary
16:11:14 | Розыгрыш ставок для игры №7120:
ID 502646590 поставил 5000 коинов на success и проиграл при выигрышном цвете primary
16:12:08 | Розыгрыш ставок для игры №7121:
ID 502646590 поставил 5000 коинов на danger и проиграл при выигрышном цвете primary
16:12:52 | Розыгрыш ставок для игры №7122:
ID 502646590 поставил 5000 коинов на danger и проиграл при выигрышном цвете primary
16:15:08 | Розыгрыш ставок для игры №7123:
ID 502646590 поставил 15000 коинов на danger и проиграл при выигрышном цвете success
16:15:59 | Розыгрыш ставок для игры №7124:
ID 502646590 поставил 15000 коинов на primary и выиграл 30000 коинов при выигрышном цвете primary
16:18:18 | Розыгрыш ставок для игры №7125:
ID 502646590 поставил 5000 коинов на success и проиграл при выигрышном цвете primary
16:19:02 | Розыгрыш ставок для игры №7126:
ID 502646590 поставил 15000 коинов на danger и проиграл при выигрышном цвете primary
16:19:02 | Розыгрыш ставок для игры №7127:
ID 502646590 поставил 15000 коинов на danger и проиграл при выигрышном цвете primary
16:19:40 | ID 502646590 запросил вывод 25000 коинов; VKC response code: 200
16:19:54 | Розыгрыш ставок для игры №7128:
ID 502646590 поставил 5000 коинов на primary и выиграл 10000 коинов при выигрышном цвете primary
16:21:11 | Розыгрыш ставок для игры №7129:
ID 502646590 поставил 5000 коинов на danger и проиграл при выигрышном цвете primary
16:26:26 | Розыгрыш ставок для игры №7130:
ID 502646590 поставил 5000 коинов на success и проиграл при выигрышном цвете primary
16:27:08 | Розыгрыш ставок для игры №7131:
ID 502646590 поставил 15000 коинов на danger и проиграл при выигрышном цвете success
16:27:53 | Розыгрыш ставок для игры №7132:
ID 502646590 поставил 5000 коинов на danger и проиграл при выигрышном цвете primary
16:28:49 | Розыгрыш ставок для игры №7133:
ID 502646590 поставил 5000 коинов на danger и проиграл при выигрышном цвете primary
16:29:14 | ID 502646590 пополнил баланс на 15000000 коинов
16:29:48 | Розыгрыш ставок для игры №7134:
ID 502646590 поставил 5000 коинов на danger и выиграл 10000 коинов при выигрышном цвете danger
16:30:45 | Розыгрыш ставок для игры №7135:
ID 502646590 поставил 5000 коинов на primary и проиграл при выигрышном цвете danger
16:46:41 | Розыгрыш ставок для игры №7136:
ID 464389243 поставил 1000 коинов на primary и выиграл 2000 коинов при выигрышном цвете primary
16:47:27 | Розыгрыш ставок для игры №7137:
ID 464389243 поставил 1000 коинов на danger и проиграл при выигрышном цвете primary
16:47:55 | ID 464389243 пополнил баланс на 80000 коинов
17:07:11 | Розыгрыш ставок для игры №7138:
ID 389284204 поставил 1000 коинов на success и проиграл при выигрышном цвете danger
17:26:47 | ID 326728657 пополнил баланс на 950000000 коинов
17:30:36 | Розыгрыш ставок для игры №7139:
ID 326728657 поставил 300000 коинов на danger и проиграл при выигрышном цвете primary
17:32:33 | Розыгрыш ставок для игры №7140:
ID 326728657 поставил 450000 коинов на danger и проиграл при выигрышном цвете primary
17:33:21 | Розыгрыш ставок для игры №7141:
ID 326728657 поставил 200000 коинов на danger и проиграл при выигрышном цвете primary
17:45:17 | ID 349732531 пополнил баланс на 500000000 коинов
17:52:01 | ID 326728657 пополнил баланс на 1000000000 коинов
17:53:04 | Розыгрыш ставок для игры №7142:
ID 326728657 поставил 200000 коинов на danger и проиграл при выигрышном цвете success
17:53:48 | Розыгрыш ставок для игры №7143:
ID 326728657 поставил 200000 коинов на danger и проиграл при выигрышном цвете success
17:54:12 | ID 326728657 запросил вывод 600000 коинов; VKC response code: 200
19:17:33 | ID 456460063 пополнил баланс на 1000000000 коинов
19:17:39 | ID 497326839 пополнил баланс на 2500000000 коинов
19:17:57 | Розыгрыш ставок для игры №7144:
ID 497326839 поставил 100000 коинов на danger и проиграл при выигрышном цвете primary
ID 456460063 поставил 600000 коинов на danger и проиграл при выигрышном цвете primary
19:18:40 | Розыгрыш ставок для игры №7145:
ID 456460063 поставил 400000 коинов на danger и проиграл при выигрышном цвете primary
ID 497326839 поставил 500000 коинов на danger и проиграл при выигрышном цвете primary
19:19:26 | Розыгрыш ставок для игры №7146:
ID 497326839 поставил 1000000 коинов на danger и проиграл при выигрышном цвете primary
19:19:27 | ID 456460063 пополнил баланс на 2000000000 коинов
19:20:07 | Розыгрыш ставок для игры №7147:
ID 497326839 поставил 1000000 коинов на danger и проиграл при выигрышном цвете primary
ID 456460063 поставил 1000000 коинов на primary и выиграл 2000000 коинов при выигрышном цвете primary
19:20:51 | Розыгрыш ставок для игры №7148:
ID 456460063 поставил 1000000 коинов на danger и выиграл 2000000 коинов при выигрышном цвете danger
ID 469132408 поставил 1505 коинов на danger и выиграл 3010 коинов при выигрышном цвете danger
19:22:17 | Розыгрыш ставок для игры №7149:
ID 456460063 поставил 1000000 коинов на primary и проиграл при выигрышном цвете danger
19:23:03 | Розыгрыш ставок для игры №7150:
ID 456460063 поставил 3000000 коинов на primary и выиграл 6000000 коинов при выигрышном цвете primary
19:25:37 | Розыгрыш ставок для игры №7151:
ID 456460063 поставил 2000000 коинов на danger и проиграл при выигрышном цвете primary
19:26:22 | Розыгрыш ставок для игры №7152:
ID 456460063 поставил 2000000 коинов на danger и проиграл при выигрышном цвете primary
19:27:00 | ID 570836734 пополнил баланс на 250000000000 коинов
19:27:04 | Розыгрыш ставок для игры №7153:
ID 456460063 поставил 2000000 коинов на danger и проиграл при выигрышном цвете success
19:28:32 | Розыгрыш ставок для игры №7154:
ID 570836734 поставил 40000000 коинов на danger и выиграл 80000000 коинов при выигрышном цвете danger
19:29:37 | Розыгрыш ставок для игры №7155:
ID 570836734 поставил 1000000 коинов на success и проиграл при выигрышном цвете danger
19:30:56 | Розыгрыш ставок для игры №7156:
ID 570836734 поставил 290000000 коинов на danger и проиграл при выигрышном цвете primary
19:34:37 | ID 456460063 пополнил баланс на 10000000 коинов
19:35:21 | Розыгрыш ставок для игры №7157:
ID 456460063 поставил 10000 коинов на primary и проиграл при выигрышном цвете danger
19:36:36 | ID 363681440 пополнил баланс на 100000000 коинов
19:39:26 | ID 363681440 запросил вывод 100000 коинов; VKC response code: 200
20:25:05 | ID 544581221 пополнил баланс на 10000000 коинов
20:25:54 | Розыгрыш ставок для игры №7158:
ID 544581221 поставил 2000 коинов на danger и выиграл 4000 коинов при выигрышном цвете danger
20:26:45 | Розыгрыш ставок для игры №7159:
ID 544581221 поставил 5000 коинов на success и проиграл при выигрышном цвете primary
20:27:28 | ID 544581221 запросил вывод 2000 коинов; VKC response code: 200
20:27:47 | Розыгрыш ставок для игры №7160:
ID 544581221 поставил 5000 коинов на danger и проиграл при выигрышном цвете primary
20:29:56 | ID 570836734 пополнил баланс на 150000000000 коинов
20:30:46 | Розыгрыш ставок для игры №7161:
ID 570836734 поставил 150000000 коинов на danger и выиграл 300000000 коинов при выигрышном цвете danger
20:31:55 | Розыгрыш ставок для игры №7162:
ID 570836734 поставил 200000000 коинов на danger и проиграл при выигрышном цвете primary
20:32:43 | Розыгрыш ставок для игры №7163:
ID 570836734 поставил 100000000 коинов на danger и проиграл при выигрышном цвете primary
20:37:36 | ID 570836734 пополнил баланс на 100000000000 коинов
20:38:55 | Розыгрыш ставок для игры №7164:
ID 570836734 поставил 100000000 коинов на primary и выиграл 200000000 коинов при выигрышном цвете primary
20:39:50 | Розыгрыш ставок для игры №7165:
ID 570836734 поставил 100000000 коинов на primary и выиграл 200000000 коинов при выигрышном цвете primary
20:40:40 | Розыгрыш ставок для игры №7166:
ID 570836734 поставил 300000000 коинов на danger и выиграл 600000000 коинов при выигрышном цвете danger
20:41:37 | Розыгрыш ставок для игры №7167:
ID 570836734 поставил 20000000 коинов на primary и проиграл при выигрышном цвете danger
20:42:33 | Розыгрыш ставок для игры №7168:
ID 570836734 поставил 80000000 коинов на primary и выиграл 160000000 коинов при выигрышном цвете primary
20:43:00 | ID 570836734 запросил вывод 600000000 коинов; VKC response code: 200
20:43:41 | Розыгрыш ставок для игры №7169:
ID 570836734 поставил 60000000 коинов на danger и выиграл 120000000 коинов при выигрышном цвете danger
20:44:04 | ID 570836734 запросил вывод 100000000 коинов; VKC response code: 200
20:46:48 | Розыгрыш ставок для игры №7170:
ID 570836734 поставил 20000000 коинов на primary и проиграл при выигрышном цвете danger
20:47:35 | ID 570836734 пополнил баланс на 60000000000 коинов
20:48:19 | Розыгрыш ставок для игры №7171:
ID 570836734 поставил 60000000 коинов на primary и выиграл 120000000 коинов при выигрышном цвете primary
20:48:43 | ID 570836734 запросил вывод 120000000 коинов; VKC response code: 200
21:09:12 | ID 570836734 пополнил баланс на 300000000000 коинов
21:10:08 | Розыгрыш ставок для игры №7172:
ID 570836734 поставил 300000000 коинов на primary и выиграл 600000000 коинов при выигрышном цвете primary
21:10:52 | ID 570836734 запросил вывод 600000000 коинов; VKC response code: 200
21:17:49 | ID 549545574 пополнил баланс на 760000000 коинов
21:18:36 | Розыгрыш ставок для игры №7173:
ID 549545574 поставил 65555 коинов на success и проиграл при выигрышном цвете danger
21:19:31 | Розыгрыш ставок для игры №7174:
ID 549545574 поставил 131110 коинов на success и проиграл при выигрышном цвете danger
21:20:20 | Розыгрыш ставок для игры №7175:
ID 549545574 поставил 262220 коинов на success и проиграл при выигрышном цвете primary
21:21:10 | Розыгрыш ставок для игры №7176:
ID 549545574 поставил 262220 коинов на danger и проиграл при выигрышном цвете primary
21:21:57 | Розыгрыш ставок для игры №7177:
ID 549545574 поставил 32777 коинов на success и проиграл при выигрышном цвете danger
21:35:18 | ID 570836734 пополнил баланс на 50000000000 коинов
21:36:13 | Розыгрыш ставок для игры №7178:
ID 570836734 поставил 50000000 коинов на primary и выиграл 100000000 коинов при выигрышном цвете primary
21:36:37 | ID 570836734 запросил вывод 100000000 коинов; VKC response code: 200
21:58:55 | Розыгрыш ставок для игры №7179:
ID 515636404 поставил 9040 коинов на danger и проиграл при выигрышном цвете primary
21:59:44 | Розыгрыш ставок для игры №7180:
ID 515636404 поставил 10000 коинов на danger и выиграл 20000 коинов при выигрышном цвете danger
22:00:49 | Розыгрыш ставок для игры №7181:
ID 515636404 поставил 10000 коинов на primary и выиграл 20000 коинов при выигрышном цвете primary
22:02:21 | Розыгрыш ставок для игры №7182:
ID 515636404 поставил 10000 коинов на danger и выиграл 20000 коинов при выигрышном цвете danger
22:03:06 | Розыгрыш ставок для игры №7183:
ID 515636404 поставил 10000 коинов на primary и выиграл 20000 коинов при выигрышном цвете primary
22:03:52 | Розыгрыш ставок для игры №7184:
ID 515636404 поставил 80000 коинов на danger и выиграл 160000 коинов при выигрышном цвете danger
22:04:44 | Розыгрыш ставок для игры №7185:
ID 515636404 поставил 100000 коинов на primary и проиграл при выигрышном цвете danger
22:05:10 | ID 515636404 запросил вывод 200000 коинов; VKC response code: 200
22:53:26 | Розыгрыш ставок для игры №7186:
ID 502646590 поставил 4000 коинов на danger и выиграл 8000 коинов при выигрышном цвете danger
22:54:49 | Розыгрыш ставок для игры №7187:
ID 502646590 поставил 1000 коинов на success и проиграл при выигрышном цвете primary
22:55:44 | Розыгрыш ставок для игры №7188:
ID 502646590 поставил 4000 коинов на primary и выиграл 8000 коинов при выигрышном цвете primary
23:27:35 | ID 439412838 пополнил баланс на 6000000 коинов
23:28:25 | Розыгрыш ставок для игры №7189:
ID 439412838 поставил 6000 коинов на danger и проиграл при выигрышном цвете primary
23:35:16 | ID 529771671 пополнил баланс на 235000000 коинов
23:36:25 | Розыгрыш ставок для игры №7190:
ID 529771671 поставил 35000 коинов на primary и выиграл 70000 коинов при выигрышном цвете primary
23:37:18 | Розыгрыш ставок для игры №7191:
ID 529771671 поставил 35000 коинов на danger и проиграл при выигрышном цвете primary
23:38:16 | Розыгрыш ставок для игры №7192:
ID 529771671 поставил 85000 коинов на danger и выиграл 170000 коинов при выигрышном цвете danger
23:39:10 | Розыгрыш ставок для игры №7193:
ID 529771671 поставил 320000 коинов на danger и проиграл при выигрышном цвете primary
23:46:02 | Розыгрыш ставок для игры №7194:
ID 478042030 поставил 90000 коинов на danger и выиграл 180000 коинов при выигрышном цвете danger
23:46:48 | Розыгрыш ставок для игры №7195:
ID 478042030 поставил 180000 коинов на primary и проиграл при выигрышном цвете danger