
00:39:16 | ID 228204444 запросил вывод 41000000 коинов; VKC response code: 200
00:39:49 | ID 228204444 запросил вывод 1500000 коинов; VKC response code: 200
00:39:57 | ID 228204444 запросил вывод 270 коинов; VKC response code: 200
01:00:22 | ID 228204444 запросил вывод 1000000 коинов; VKC response code: 200
01:45:06 | Розыгрыш ставок для игры №9877:
ID 522285059 поставил 1000 коинов на primary и выиграл 1500 коинов при выигрышном цвете primary
08:11:33 | Розыгрыш ставок для игры №9878:
ID 547189195 поставил 1000 коинов на primary и проиграл при выигрышном цвете danger
10:23:16 | ID 361472169 запросил вывод 500 коинов; VKC response code: 200
10:41:00 | Розыгрыш ставок для игры №9879:
ID 457522419 поставил 1000 коинов на primary и выиграл 1500 коинов при выигрышном цвете primary
10:41:26 | ID 457522419 запросил вывод 1500 коинов; VKC response code: 200
11:24:31 | Розыгрыш ставок для игры №9880:
ID 516468603 поставил 1000 коинов на success и проиграл при выигрышном цвете primary
12:08:26 | ID 228204444 пополнил баланс на 975000 коинов
12:08:40 | ID 228204444 пополнил баланс на 5000 коинов
13:14:04 | Розыгрыш ставок для игры №9881:
ID 206438936 поставил 1000 коинов на primary и проиграл при выигрышном цвете danger
15:15:56 | Розыгрыш ставок для игры №9882:
ID 548338290 поставил 1000 коинов на danger и выиграл 4500 коинов при выигрышном цвете danger
15:16:25 | ID 548338290 пополнил баланс на 250000000 коинов
15:17:04 | Розыгрыш ставок для игры №9883:
ID 548338290 поставил 50000 коинов на success и выиграл 125000 коинов при выигрышном цвете success
15:17:54 | Розыгрыш ставок для игры №9884:
ID 548338290 поставил 200000 коинов на danger и проиграл при выигрышном цвете primary
15:18:41 | Розыгрыш ставок для игры №9885:
ID 548338290 поставил 50000 коинов на success и выиграл 125000 коинов при выигрышном цвете success
15:19:26 | Розыгрыш ставок для игры №9886:
ID 548338290 поставил 50000 коинов на primary и проиграл при выигрышном цвете success
15:20:07 | Розыгрыш ставок для игры №9887:
ID 548338290 поставил 150000 коинов на success и проиграл при выигрышном цвете danger
15:21:23 | Розыгрыш ставок для игры №9888:
ID 548338290 поставил 4500 коинов на danger и проиграл при выигрышном цвете primary
17:51:38 | ID 594328860 пополнил баланс на 1000000 коинов
17:52:14 | Розыгрыш ставок для игры №9889:
ID 594328860 поставил 1366 коинов на danger и выиграл 6147 коинов при выигрышном цвете danger
17:52:33 | ID 594328860 запросил вывод 6147 коинов; VKC response code: 200
18:41:10 | ID 544334267 пополнил баланс на 5000000 коинов
18:41:54 | Розыгрыш ставок для игры №9890:
ID 544334267 поставил 2500 коинов на primary и проиграл при выигрышном цвете danger