
00:09:33 | Розыгрыш ставок для игры №3074:
ID 541269209 поставил 50000 коинов на danger и проиграл при выигрышном цвете primary
00:09:59 | ID 541269209 пополнил баланс на 200000000 коинов
00:10:31 | Розыгрыш ставок для игры №3075:
ID 541269209 поставил 200000 коинов на danger и проиграл при выигрышном цвете primary
00:10:51 | ID 541269209 пополнил баланс на 500000000 коинов
00:11:29 | Розыгрыш ставок для игры №3076:
ID 541269209 поставил 500000 коинов на danger и проиграл при выигрышном цвете success
ID 418429500 поставил 1000 коинов на success и выиграл 14000 коинов при выигрышном цвете success
00:11:56 | ID 541269209 пополнил баланс на 500000000 коинов
00:12:21 | Розыгрыш ставок для игры №3077:
ID 418429500 поставил 14000 коинов на success и проиграл при выигрышном цвете primary
ID 541269209 поставил 5000 коинов на success и проиграл при выигрышном цвете primary
00:13:13 | Розыгрыш ставок для игры №3078:
ID 541269209 поставил 265000 коинов на primary и выиграл 530000 коинов при выигрышном цвете primary
00:15:00 | Розыгрыш ставок для игры №3079:
ID 541269209 поставил 3000 коинов на danger и выиграл 6000 коинов при выигрышном цвете danger
00:16:22 | Розыгрыш ставок для игры №3080:
ID 541269209 поставил 303000 коинов на primary и выиграл 606000 коинов при выигрышном цвете primary
00:17:39 | Розыгрыш ставок для игры №3081:
ID 541269209 поставил 50000 коинов на danger и выиграл 100000 коинов при выигрышном цвете danger
00:18:45 | Розыгрыш ставок для игры №3082:
ID 541269209 поставил 850000 коинов на primary и выиграл 1700000 коинов при выигрышном цвете primary
00:20:41 | Розыгрыш ставок для игры №3083:
ID 541269209 поставил 1600000 коинов на danger и выиграл 3200000 коинов при выигрышном цвете danger
00:21:27 | Розыгрыш ставок для игры №3084:
ID 541269209 поставил 3200000 коинов на primary и проиграл при выигрышном цвете danger
00:22:44 | Розыгрыш ставок для игры №3085:
ID 541269209 поставил 360000 коинов на primary и проиграл при выигрышном цвете danger
00:23:15 | ID 541269209 пополнил баланс на 300000000 коинов
00:23:53 | Розыгрыш ставок для игры №3086:
ID 541269209 поставил 50000 коинов на danger и проиграл при выигрышном цвете primary
00:25:05 | Розыгрыш ставок для игры №3087:
ID 541269209 поставил 1000 коинов на danger и проиграл при выигрышном цвете success
00:25:58 | Розыгрыш ставок для игры №3088:
ID 541269209 поставил 7000 коинов на primary и проиграл при выигрышном цвете success
00:27:22 | Розыгрыш ставок для игры №3089:
ID 541269209 поставил 16000 коинов на primary и выиграл 32000 коинов при выигрышном цвете primary
00:27:50 | ID 562413440 пополнил баланс на 1000000 коинов
00:28:29 | Розыгрыш ставок для игры №3090:
ID 562413440 поставил 1000 коинов на danger и выиграл 2000 коинов при выигрышном цвете danger
00:29:12 | Розыгрыш ставок для игры №3091:
ID 541269209 поставил 260000 коинов на primary и выиграл 520000 коинов при выигрышном цвете primary
ID 562413440 поставил 1000 коинов на primary и выиграл 2000 коинов при выигрышном цвете primary
00:29:58 | Розыгрыш ставок для игры №3092:
ID 541269209 поставил 520000 коинов на danger и выиграл 1040000 коинов при выигрышном цвете danger
ID 562413440 поставил 2000 коинов на danger и выиграл 4000 коинов при выигрышном цвете danger
00:30:56 | Розыгрыш ставок для игры №3093:
ID 541269209 поставил 500000 коинов на primary и проиграл при выигрышном цвете success
ID 562413440 поставил 4000 коинов на primary и проиграл при выигрышном цвете success
00:31:40 | Розыгрыш ставок для игры №3094:
ID 562413440 поставил 1000 коинов на primary и выиграл 2000 коинов при выигрышном цвете primary
ID 541269209 поставил 5000 коинов на primary и выиграл 10000 коинов при выигрышном цвете primary
00:32:26 | Розыгрыш ставок для игры №3095:
ID 562413440 поставил 2000 коинов на danger и проиграл при выигрышном цвете success
ID 541269209 поставил 500000 коинов на danger и проиграл при выигрышном цвете success
00:34:02 | Розыгрыш ставок для игры №3096:
ID 541269209 поставил 49000 коинов на danger и проиграл при выигрышном цвете primary
01:27:50 | Розыгрыш ставок для игры №3097:
ID 587336312 поставил 1000 коинов на success и проиграл при выигрышном цвете danger
02:19:34 | Розыгрыш ставок для игры №3098:
ID 295533852 поставил 1000 коинов на success и проиграл при выигрышном цвете primary
02:25:47 | ID 569150947 пополнил баланс на 1000000000 коинов
02:26:27 | Розыгрыш ставок для игры №3099:
ID 569150947 поставил 62000 коинов на danger и проиграл при выигрышном цвете success
02:27:00 | ID 569150947 запросил вывод 362000 коинов; VKC response code: 200
02:27:14 | Розыгрыш ставок для игры №3100:
ID 569150947 поставил 576000 коинов на danger и проиграл при выигрышном цвете primary
03:26:55 | Розыгрыш ставок для игры №3101:
ID 275966652 поставил 1000 коинов на primary и выиграл 2000 коинов при выигрышном цвете primary
03:27:41 | Розыгрыш ставок для игры №3102:
ID 275966652 поставил 2000 коинов на danger и проиграл при выигрышном цвете primary
04:49:19 | ID 371199215 пополнил баланс на 1000 коинов
07:28:15 | ID 589629211 пополнил баланс на 1500000000 коинов
07:29:05 | Розыгрыш ставок для игры №3103:
ID 589629211 поставил 100000 коинов на primary и выиграл 200000 коинов при выигрышном цвете primary
07:29:57 | Розыгрыш ставок для игры №3104:
ID 589629211 поставил 100000 коинов на danger и выиграл 200000 коинов при выигрышном цвете danger
07:30:49 | Розыгрыш ставок для игры №3105:
ID 589629211 поставил 200000 коинов на danger и выиграл 400000 коинов при выигрышном цвете danger
07:31:38 | Розыгрыш ставок для игры №3106:
ID 589629211 поставил 100000 коинов на primary и проиграл при выигрышном цвете danger
07:32:26 | Розыгрыш ставок для игры №3107:
ID 589629211 поставил 300000 коинов на danger и проиграл при выигрышном цвете primary
07:33:16 | Розыгрыш ставок для игры №3108:
ID 589629211 поставил 500000 коинов на primary и проиграл при выигрышном цвете danger
07:34:14 | Розыгрыш ставок для игры №3109:
ID 589629211 поставил 1000000 коинов на danger и проиграл при выигрышном цвете primary
08:28:04 | ID 545078791 пополнил баланс на 1200000 коинов
08:28:38 | Розыгрыш ставок для игры №3110:
ID 545078791 поставил 1200 коинов на danger и проиграл при выигрышном цвете primary
09:20:47 | ID 541269209 пополнил баланс на 50000000 коинов
09:21:25 | Розыгрыш ставок для игры №3111:
ID 541269209 поставил 1000 коинов на primary и выиграл 2000 коинов при выигрышном цвете primary
09:22:30 | Розыгрыш ставок для игры №3112:
ID 541269209 поставил 20000 коинов на danger и проиграл при выигрышном цвете primary
09:31:56 | ID 368411563 пополнил баланс на 972000 коинов
09:44:23 | ID 545666281 пополнил баланс на 305000 коинов
10:10:40 | ID 592392720 пополнил баланс на 100000000 коинов
10:11:40 | Розыгрыш ставок для игры №3113:
ID 592392720 поставил 1000 коинов на primary и выиграл 2000 коинов при выигрышном цвете primary
10:12:37 | Розыгрыш ставок для игры №3114:
ID 592392720 поставил 1000 коинов на danger и проиграл при выигрышном цвете success
10:13:26 | Розыгрыш ставок для игры №3115:
ID 592392720 поставил 1000 коинов на danger и проиграл при выигрышном цвете primary
10:14:44 | Розыгрыш ставок для игры №3116:
ID 592392720 поставил 1000 коинов на success и проиграл при выигрышном цвете primary
10:15:09 | ID 592392720 запросил вывод 98000 коинов; VKC response code: 200
10:58:53 | Розыгрыш ставок для игры №3117:
ID 531615936 поставил 1000 коинов на danger и выиграл 2000 коинов при выигрышном цвете danger
11:00:11 | Розыгрыш ставок для игры №3118:
ID 531615936 поставил 2000 коинов на success и проиграл при выигрышном цвете primary
11:14:04 | ID 527076145 пополнил баланс на 1000000000 коинов
11:14:43 | Розыгрыш ставок для игры №3119:
ID 527076145 поставил 1000000 коинов на danger и выиграл 2000000 коинов при выигрышном цвете danger
11:15:05 | ID 527076145 запросил вывод 2000000 коинов; VKC response code: 200
12:38:27 | ID 584669334 пополнил баланс на 1000000 коинов
12:39:14 | Розыгрыш ставок для игры №3120:
ID 584669334 поставил 1000 коинов на primary и проиграл при выигрышном цвете danger
12:52:36 | Розыгрыш ставок для игры №3121:
ID 489677842 поставил 50000 коинов на primary и проиграл при выигрышном цвете danger
12:53:20 | Розыгрыш ставок для игры №3122:
ID 489677842 поставил 50000 коинов на danger и проиграл при выигрышном цвете primary
12:54:24 | ID 489677842 пополнил баланс на 250000000 коинов
12:55:47 | Розыгрыш ставок для игры №3123:
ID 489677842 поставил 50000 коинов на danger и проиграл при выигрышном цвете success
12:56:50 | Розыгрыш ставок для игры №3124:
ID 489677842 поставил 100000 коинов на success и выиграл 1400000 коинов при выигрышном цвете success
12:57:29 | ID 568441780 пополнил баланс на 100000000 коинов
12:58:12 | Розыгрыш ставок для игры №3125:
ID 568441780 поставил 1000 коинов на success и проиграл при выигрышном цвете danger
12:59:03 | Розыгрыш ставок для игры №3126:
ID 568441780 поставил 1000 коинов на danger и выиграл 2000 коинов при выигрышном цвете danger
ID 489677842 поставил 100000 коинов на primary и проиграл при выигрышном цвете danger
13:00:06 | Розыгрыш ставок для игры №3127:
ID 568441780 поставил 100000 коинов на success и проиграл при выигрышном цвете primary
ID 489677842 поставил 100000 коинов на danger и проиграл при выигрышном цвете primary
13:11:45 | Розыгрыш ставок для игры №3128:
ID 489677842 поставил 100000 коинов на success и проиграл при выигрышном цвете primary
13:12:29 | Розыгрыш ставок для игры №3129:
ID 489677842 поставил 100000 коинов на success и проиграл при выигрышном цвете primary
13:13:11 | Розыгрыш ставок для игры №3130:
ID 489677842 поставил 100000 коинов на success и проиграл при выигрышном цвете danger
13:14:36 | Розыгрыш ставок для игры №3131:
ID 489677842 поставил 500000 коинов на danger и выиграл 1000000 коинов при выигрышном цвете danger
13:15:33 | Розыгрыш ставок для игры №3132:
ID 489677842 поставил 500000 коинов на primary и проиграл при выигрышном цвете danger
13:16:53 | Розыгрыш ставок для игры №3133:
ID 489677842 поставил 500000 коинов на danger и проиграл при выигрышном цвете primary
13:18:22 | Розыгрыш ставок для игры №3134:
ID 489677842 поставил 300000 коинов на primary и выиграл 600000 коинов при выигрышном цвете primary
13:19:43 | Розыгрыш ставок для игры №3135:
ID 489677842 поставил 100000 коинов на primary и проиграл при выигрышном цвете danger
13:20:28 | Розыгрыш ставок для игры №3136:
ID 489677842 поставил 100000 коинов на success и проиграл при выигрышном цвете danger
13:21:37 | Розыгрыш ставок для игры №3137:
ID 489677842 поставил 300000 коинов на danger и выиграл 600000 коинов при выигрышном цвете danger
13:23:24 | Розыгрыш ставок для игры №3138:
ID 489677842 поставил 300000 коинов на primary и проиграл при выигрышном цвете success
13:24:15 | Розыгрыш ставок для игры №3139:
ID 489677842 поставил 300000 коинов на success и проиграл при выигрышном цвете primary
13:26:01 | Розыгрыш ставок для игры №3140:
ID 489677842 поставил 200000 коинов на primary и выиграл 400000 коинов при выигрышном цвете primary
13:27:22 | Розыгрыш ставок для игры №3141:
ID 489677842 поставил 200000 коинов на danger и проиграл при выигрышном цвете primary
13:28:29 | Розыгрыш ставок для игры №3142:
ID 489677842 поставил 50000 коинов на success и проиграл при выигрышном цвете danger
13:29:13 | Розыгрыш ставок для игры №3143:
ID 489677842 поставил 50000 коинов на success и проиграл при выигрышном цвете primary
13:29:54 | Розыгрыш ставок для игры №3144:
ID 489677842 поставил 50000 коинов на success и проиграл при выигрышном цвете danger
13:32:06 | Розыгрыш ставок для игры №3145:
ID 489677842 поставил 50000 коинов на danger и проиграл при выигрышном цвете primary
13:33:32 | Розыгрыш ставок для игры №3146:
ID 590271407 поставил 1000 коинов на success и проиграл при выигрышном цвете primary
13:35:22 | Розыгрыш ставок для игры №3147:
ID 283326546 поставил 1000 коинов на danger и выиграл 2000 коинов при выигрышном цвете danger
13:36:19 | Розыгрыш ставок для игры №3148:
ID 395441504 поставил 1000 коинов на danger и проиграл при выигрышном цвете success
ID 283326546 поставил 1000 коинов на danger и проиграл при выигрышном цвете success
13:37:17 | Розыгрыш ставок для игры №3149:
ID 283326546 поставил 1000 коинов на primary и проиграл при выигрышном цвете danger
13:38:37 | Розыгрыш ставок для игры №3150:
ID 530539029 поставил 1000 коинов на success и проиграл при выигрышном цвете danger
13:39:32 | ID 579555427 запросил вывод 1 коинов; VKC response code: 200
13:40:01 | ID 530539029 пополнил баланс на 200000000 коинов
13:40:54 | Розыгрыш ставок для игры №3151:
ID 530539029 поставил 10000 коинов на danger и проиграл при выигрышном цвете primary
13:41:42 | Розыгрыш ставок для игры №3152:
ID 530539029 поставил 1000 коинов на primary и выиграл 2000 коинов при выигрышном цвете primary
13:43:29 | Розыгрыш ставок для игры №3153:
ID 587925306 поставил 1000 коинов на danger и выиграл 2000 коинов при выигрышном цвете danger
ID 355853765 поставил 1000 коинов на success и проиграл при выигрышном цвете danger
13:43:56 | ID 587925306 запросил вывод 201200 коинов; VKC response code: 200
13:45:09 | ID 576911608 пополнил баланс на 700000 коинов
13:45:48 | Розыгрыш ставок для игры №3154:
ID 576911608 поставил 1000 коинов на primary и выиграл 2000 коинов при выигрышном цвете primary
13:46:32 | Розыгрыш ставок для игры №3155:
ID 530539029 поставил 10193 коинов на danger и проиграл при выигрышном цвете primary
ID 576911608 поставил 1000 коинов на danger и проиграл при выигрышном цвете primary
13:47:23 | Розыгрыш ставок для игры №3156:
ID 576911608 поставил 1000 коинов на danger и проиграл при выигрышном цвете primary
ID 530539029 поставил 10000 коинов на primary и выиграл 20000 коинов при выигрышном цвете primary
14:00:33 | Розыгрыш ставок для игры №3157:
ID 557302879 поставил 13222 коинов на danger и выиграл 26444 коинов при выигрышном цвете danger
14:01:20 | Розыгрыш ставок для игры №3158:
ID 557302879 поставил 13222 коинов на danger и проиграл при выигрышном цвете primary
14:01:55 | ID 587925306 пополнил баланс на 100000000 коинов
14:02:18 | Розыгрыш ставок для игры №3159:
ID 557302879 поставил 13222 коинов на success и проиграл при выигрышном цвете primary
ID 587925306 поставил 1000 коинов на success и проиграл при выигрышном цвете primary
14:03:07 | Розыгрыш ставок для игры №3160:
ID 587925306 поставил 2000 коинов на success и проиграл при выигрышном цвете primary
ID 557302879 поставил 16000 коинов на success и проиграл при выигрышном цвете primary
14:03:50 | Розыгрыш ставок для игры №3161:
ID 587925306 поставил 3000 коинов на success и проиграл при выигрышном цвете primary
ID 557302879 поставил 16000 коинов на success и проиграл при выигрышном цвете primary
14:04:32 | Розыгрыш ставок для игры №3162:
ID 557302879 поставил 18000 коинов на success и проиграл при выигрышном цвете danger
ID 587925306 поставил 4000 коинов на success и проиграл при выигрышном цвете danger
14:05:14 | Розыгрыш ставок для игры №3163:
ID 587925306 поставил 5000 коинов на success и проиграл при выигрышном цвете primary
ID 557302879 поставил 20000 коинов на success и проиграл при выигрышном цвете primary
14:05:19 | ID 284121215 пополнил баланс на 5000000000 коинов
14:05:56 | Розыгрыш ставок для игры №3164:
ID 557302879 поставил 21000 коинов на success и проиграл при выигрышном цвете danger
ID 587925306 поставил 6000 коинов на success и проиграл при выигрышном цвете danger
ID 284121215 поставил 20000 коинов на primary и проиграл при выигрышном цвете danger
14:06:37 | Розыгрыш ставок для игры №3165:
ID 557302879 поставил 22000 коинов на success и проиграл при выигрышном цвете primary
ID 284121215 поставил 40000 коинов на primary и выиграл 80000 коинов при выигрышном цвете primary
ID 587925306 поставил 7000 коинов на success и проиграл при выигрышном цвете primary
14:07:21 | Розыгрыш ставок для игры №3166:
ID 557302879 поставил 23000 коинов на success и проиграл при выигрышном цвете primary
ID 587925306 поставил 8000 коинов на success и проиграл при выигрышном цвете primary
ID 284121215 поставил 20000 коинов на primary и выиграл 40000 коинов при выигрышном цвете primary
14:08:03 | Розыгрыш ставок для игры №3167:
ID 557302879 поставил 24000 коинов на success и проиграл при выигрышном цвете primary
ID 587925306 поставил 9000 коинов на success и проиграл при выигрышном цвете primary
14:08:47 | Розыгрыш ставок для игры №3168:
ID 557302879 поставил 40000 коинов на success и проиграл при выигрышном цвете danger
ID 587925306 поставил 10000 коинов на success и проиграл при выигрышном цвете danger
14:09:32 | Розыгрыш ставок для игры №3169:
ID 587925306 поставил 13000 коинов на success и выиграл 182000 коинов при выигрышном цвете success
14:09:56 | ID 587925306 запросил вывод 216396 коинов; VKC response code: 200
14:39:22 | ID 355853765 пополнил баланс на 2000000 коинов
14:40:00 | Розыгрыш ставок для игры №3170:
ID 355853765 поставил 1000 коинов на danger и проиграл при выигрышном цвете primary
14:41:01 | Розыгрыш ставок для игры №3171:
ID 355853765 поставил 1000 коинов на primary и выиграл 2000 коинов при выигрышном цвете primary
14:41:51 | Розыгрыш ставок для игры №3172:
ID 355853765 поставил 1000 коинов на danger и проиграл при выигрышном цвете success
14:42:42 | Розыгрыш ставок для игры №3173:
ID 355853765 поставил 1000 коинов на danger и выиграл 2000 коинов при выигрышном цвете danger
14:43:32 | Розыгрыш ставок для игры №3174:
ID 355853765 поставил 1000 коинов на primary и проиграл при выигрышном цвете danger
14:44:19 | Розыгрыш ставок для игры №3175:
ID 355853765 поставил 1000 коинов на success и проиграл при выигрышном цвете primary
14:46:40 | Розыгрыш ставок для игры №3176:
ID 284121215 поставил 20000 коинов на primary и проиграл при выигрышном цвете danger
14:47:22 | Розыгрыш ставок для игры №3177:
ID 284121215 поставил 40000 коинов на primary и выиграл 80000 коинов при выигрышном цвете primary
14:48:29 | Розыгрыш ставок для игры №3178:
ID 284121215 поставил 20000 коинов на primary и проиграл при выигрышном цвете danger
14:49:16 | Розыгрыш ставок для игры №3179:
ID 284121215 поставил 40000 коинов на primary и выиграл 80000 коинов при выигрышном цвете primary
14:49:59 | Розыгрыш ставок для игры №3180:
ID 284121215 поставил 20000 коинов на primary и выиграл 40000 коинов при выигрышном цвете primary
14:51:31 | Розыгрыш ставок для игры №3181:
ID 284121215 поставил 20000 коинов на primary и выиграл 40000 коинов при выигрышном цвете primary
14:52:20 | Розыгрыш ставок для игры №3182:
ID 284121215 поставил 20000 коинов на danger и проиграл при выигрышном цвете primary
14:53:02 | Розыгрыш ставок для игры №3183:
ID 284121215 поставил 40000 коинов на danger и проиграл при выигрышном цвете primary
14:53:02 | Розыгрыш ставок для игры №3184:
ID 284121215 поставил 40000 коинов на danger и проиграл при выигрышном цвете primary
14:53:46 | Розыгрыш ставок для игры №3185:
ID 284121215 поставил 80000 коинов на danger и выиграл 160000 коинов при выигрышном цвете danger
14:54:30 | Розыгрыш ставок для игры №3186:
ID 284121215 поставил 20000 коинов на primary и проиграл при выигрышном цвете success
14:55:12 | Розыгрыш ставок для игры №3187:
ID 284121215 поставил 40000 коинов на primary и проиграл при выигрышном цвете danger
14:56:01 | Розыгрыш ставок для игры №3188:
ID 284121215 поставил 80000 коинов на primary и выиграл 160000 коинов при выигрышном цвете primary
14:56:01 | Розыгрыш ставок для игры №3189:
ID 284121215 поставил 80000 коинов на primary и проиграл при выигрышном цвете danger
14:56:46 | Розыгрыш ставок для игры №3190:
ID 284121215 поставил 160000 коинов на primary и выиграл 320000 коинов при выигрышном цвете primary
15:50:37 | ID 540580390 пополнил баланс на 10000000 коинов
15:51:26 | Розыгрыш ставок для игры №3191:
ID 540580390 поставил 1000 коинов на primary и выиграл 2000 коинов при выигрышном цвете primary
15:52:26 | Розыгрыш ставок для игры №3192:
ID 540580390 поставил 1000 коинов на success и проиграл при выигрышном цвете primary
16:04:51 | Розыгрыш ставок для игры №3193:
ID 489677842 поставил 100000 коинов на primary и выиграл 200000 коинов при выигрышном цвете primary
16:55:39 | Розыгрыш ставок для игры №3194:
ID 317113903 поставил 9990000 коинов на primary и выиграл 19980000 коинов при выигрышном цвете primary
17:15:10 | Розыгрыш ставок для игры №3195:
ID 284121215 поставил 20000 коинов на primary и проиграл при выигрышном цвете danger
17:15:53 | Розыгрыш ставок для игры №3196:
ID 284121215 поставил 40000 коинов на primary и выиграл 80000 коинов при выигрышном цвете primary
17:16:36 | Розыгрыш ставок для игры №3197:
ID 284121215 поставил 20000 коинов на primary и проиграл при выигрышном цвете danger
17:17:20 | Розыгрыш ставок для игры №3198:
ID 284121215 поставил 40000 коинов на primary и проиграл при выигрышном цвете danger
17:18:05 | Розыгрыш ставок для игры №3199:
ID 284121215 поставил 80000 коинов на primary и выиграл 160000 коинов при выигрышном цвете primary
17:18:53 | Розыгрыш ставок для игры №3200:
ID 284121215 поставил 20000 коинов на primary и проиграл при выигрышном цвете danger
17:19:35 | Розыгрыш ставок для игры №3201:
ID 284121215 поставил 40000 коинов на primary и проиграл при выигрышном цвете danger
17:20:21 | Розыгрыш ставок для игры №3202:
ID 284121215 поставил 80000 коинов на primary и выиграл 160000 коинов при выигрышном цвете primary
17:21:16 | Розыгрыш ставок для игры №3203:
ID 284121215 поставил 20000 коинов на primary и выиграл 40000 коинов при выигрышном цвете primary
17:25:54 | Розыгрыш ставок для игры №3204:
ID 284121215 поставил 20000 коинов на primary и проиграл при выигрышном цвете danger
17:26:44 | Розыгрыш ставок для игры №3205:
ID 284121215 поставил 40000 коинов на primary и проиграл при выигрышном цвете danger
17:27:29 | Розыгрыш ставок для игры №3206:
ID 284121215 поставил 80000 коинов на primary и проиграл при выигрышном цвете danger
17:28:12 | Розыгрыш ставок для игры №3207:
ID 284121215 поставил 160000 коинов на primary и проиграл при выигрышном цвете success
17:28:58 | Розыгрыш ставок для игры №3208:
ID 284121215 поставил 320000 коинов на primary и проиграл при выигрышном цвете danger
17:29:41 | Розыгрыш ставок для игры №3209:
ID 284121215 поставил 640000 коинов на primary и проиграл при выигрышном цвете danger
17:30:27 | Розыгрыш ставок для игры №3210:
ID 284121215 поставил 1280000 коинов на primary и проиграл при выигрышном цвете danger
17:31:10 | Розыгрыш ставок для игры №3211:
ID 284121215 поставил 2560000 коинов на primary и выиграл 5120000 коинов при выигрышном цвете primary
17:32:12 | Розыгрыш ставок для игры №3212:
ID 284121215 поставил 20000 коинов на primary и проиграл при выигрышном цвете danger
17:32:55 | Розыгрыш ставок для игры №3213:
ID 284121215 поставил 40000 коинов на primary и проиграл при выигрышном цвете danger
17:33:38 | Розыгрыш ставок для игры №3214:
ID 284121215 поставил 80000 коинов на primary и выиграл 160000 коинов при выигрышном цвете primary
17:34:55 | Розыгрыш ставок для игры №3215:
ID 284121215 поставил 20000 коинов на primary и проиграл при выигрышном цвете success
17:36:16 | Розыгрыш ставок для игры №3216:
ID 284121215 поставил 40000 коинов на primary и проиграл при выигрышном цвете danger
17:36:58 | Розыгрыш ставок для игры №3217:
ID 284121215 поставил 80000 коинов на primary и выиграл 160000 коинов при выигрышном цвете primary
17:38:31 | Розыгрыш ставок для игры №3218:
ID 284121215 поставил 20000 коинов на primary и выиграл 40000 коинов при выигрышном цвете primary
17:39:16 | Розыгрыш ставок для игры №3219:
ID 284121215 поставил 40000 коинов на primary и выиграл 80000 коинов при выигрышном цвете primary
17:41:20 | Розыгрыш ставок для игры №3220:
ID 284121215 поставил 40000 коинов на danger и проиграл при выигрышном цвете primary
17:42:14 | Розыгрыш ставок для игры №3221:
ID 284121215 поставил 80000 коинов на danger и проиграл при выигрышном цвете primary
17:42:58 | Розыгрыш ставок для игры №3222:
ID 284121215 поставил 160000 коинов на danger и выиграл 320000 коинов при выигрышном цвете danger
17:43:29 | ID 284121215 запросил вывод 560000 коинов; VKC response code: 200
17:44:58 | Розыгрыш ставок для игры №3223:
ID 284121215 поставил 80000 коинов на primary и выиграл 160000 коинов при выигрышном цвете primary
17:46:03 | Розыгрыш ставок для игры №3224:
ID 284121215 поставил 640000 коинов на primary и выиграл 1280000 коинов при выигрышном цвете primary
17:46:29 | ID 284121215 запросил вывод 720000 коинов; VKC response code: 200
17:48:31 | ID 554663097 пополнил баланс на 4400000000 коинов
17:49:13 | Розыгрыш ставок для игры №3225:
ID 554663097 поставил 200000 коинов на danger и выиграл 400000 коинов при выигрышном цвете danger
17:49:58 | Розыгрыш ставок для игры №3226:
ID 554663097 поставил 400000 коинов на primary и выиграл 800000 коинов при выигрышном цвете primary
ID 284121215 поставил 160000 коинов на danger и проиграл при выигрышном цвете primary
17:50:23 | ID 592392720 пополнил баланс на 100000000 коинов
17:50:59 | Розыгрыш ставок для игры №3227:
ID 554663097 поставил 400000 коинов на danger и проиграл при выигрышном цвете primary
ID 284121215 поставил 640000 коинов на primary и выиграл 1280000 коинов при выигрышном цвете primary
ID 592392720 поставил 1000 коинов на danger и проиграл при выигрышном цвете primary
17:51:46 | Розыгрыш ставок для игры №3228:
ID 554663097 поставил 600000 коинов на danger и проиграл при выигрышном цвете primary
ID 592392720 поставил 1000 коинов на primary и выиграл 2000 коинов при выигрышном цвете primary
17:52:42 | Розыгрыш ставок для игры №3229:
ID 554663097 поставил 4000000 коинов на danger и выиграл 8000000 коинов при выигрышном цвете danger
ID 592392720 поставил 1000 коинов на danger и выиграл 2000 коинов при выигрышном цвете danger
ID 284121215 поставил 640000 коинов на danger и выиграл 1280000 коинов при выигрышном цвете danger
17:53:34 | Розыгрыш ставок для игры №3230:
ID 554663097 поставил 100000 коинов на primary и выиграл 200000 коинов при выигрышном цвете primary
ID 592392720 поставил 1000 коинов на primary и выиграл 2000 коинов при выигрышном цвете primary
ID 284121215 поставил 80000 коинов на danger и проиграл при выигрышном цвете primary
17:54:19 | Розыгрыш ставок для игры №3231:
ID 554663097 поставил 100000 коинов на success и проиграл при выигрышном цвете danger
ID 592392720 поставил 2000 коинов на danger и выиграл 4000 коинов при выигрышном цвете danger
ID 284121215 поставил 320000 коинов на danger и выиграл 640000 коинов при выигрышном цвете danger
17:55:26 | Розыгрыш ставок для игры №3232:
ID 592392720 поставил 1000 коинов на danger и проиграл при выигрышном цвете primary
ID 554663097 поставил 100000 коинов на primary и выиграл 200000 коинов при выигрышном цвете primary
ID 284121215 поставил 160000 коинов на danger и проиграл при выигрышном цвете primary
17:56:13 | Розыгрыш ставок для игры №3233:
ID 284121215 поставил 1280000 коинов на primary и выиграл 2560000 коинов при выигрышном цвете primary
ID 554663097 поставил 100000 коинов на primary и выиграл 200000 коинов при выигрышном цвете primary
ID 592392720 поставил 3000 коинов на danger и проиграл при выигрышном цвете primary
17:56:59 | Розыгрыш ставок для игры №3234:
ID 554663097 поставил 100000 коинов на success и проиграл при выигрышном цвете primary
ID 592392720 поставил 1000 коинов на primary и выиграл 2000 коинов при выигрышном цвете primary
17:57:44 | Розыгрыш ставок для игры №3235:
ID 554663097 поставил 1100000 коинов на danger и выиграл 2200000 коинов при выигрышном цвете danger
ID 592392720 поставил 5000 коинов на primary и проиграл при выигрышном цвете danger
17:58:30 | Розыгрыш ставок для игры №3236:
ID 554663097 поставил 200000 коинов на primary и выиграл 400000 коинов при выигрышном цвете primary
ID 592392720 поставил 4000 коинов на danger и проиграл при выигрышном цвете primary
ID 284121215 поставил 160000 коинов на danger и проиграл при выигрышном цвете primary
17:59:19 | Розыгрыш ставок для игры №3237:
ID 554663097 поставил 200000 коинов на danger и выиграл 400000 коинов при выигрышном цвете danger
ID 592392720 поставил 2000 коинов на danger и выиграл 4000 коинов при выигрышном цвете danger
18:00:12 | Розыгрыш ставок для игры №3238:
ID 554663097 поставил 200000 коинов на primary и проиграл при выигрышном цвете danger
ID 592392720 поставил 4000 коинов на primary и проиграл при выигрышном цвете danger
ID 284121215 поставил 2560000 коинов на danger и выиграл 5120000 коинов при выигрышном цвете danger
18:00:39 | ID 284121215 запросил вывод 4880000 коинов; VKC response code: 200
18:01:02 | Розыгрыш ставок для игры №3239:
ID 554663097 поставил 400000 коинов на success и выиграл 5600000 коинов при выигрышном цвете success
ID 592392720 поставил 4000 коинов на primary и проиграл при выигрышном цвете success
18:01:02 | Розыгрыш ставок для игры №3240:
ID 554663097 поставил 400000 коинов на success и проиграл при выигрышном цвете primary
ID 592392720 поставил 4000 коинов на primary и выиграл 8000 коинов при выигрышном цвете primary
18:02:00 | Розыгрыш ставок для игры №3241:
ID 592392720 поставил 2000 коинов на danger и выиграл 4000 коинов при выигрышном цвете danger
18:02:53 | Розыгрыш ставок для игры №3242:
ID 592392720 поставил 4000 коинов на primary и проиграл при выигрышном цвете danger
ID 554663097 поставил 400000 коинов на danger и выиграл 800000 коинов при выигрышном цвете danger
18:03:52 | Розыгрыш ставок для игры №3243:
ID 554663097 поставил 100000 коинов на primary и проиграл при выигрышном цвете danger
ID 592392720 поставил 20000 коинов на primary и проиграл при выигрышном цвете danger
18:04:36 | ID 576293147 пополнил баланс на 2000000000 коинов
18:04:37 | Розыгрыш ставок для игры №3244:
ID 554663097 поставил 800000 коинов на primary и выиграл 1600000 коинов при выигрышном цвете primary
ID 592392720 поставил 4000 коинов на danger и проиграл при выигрышном цвете primary
18:05:26 | Розыгрыш ставок для игры №3245:
ID 576293147 поставил 500000 коинов на danger и выиграл 1000000 коинов при выигрышном цвете danger
ID 592392720 поставил 4000 коинов на danger и выиграл 8000 коинов при выигрышном цвете danger
ID 554663097 поставил 600000 коинов на primary и проиграл при выигрышном цвете danger
18:06:15 | Розыгрыш ставок для игры №3246:
ID 554663097 поставил 1100000 коинов на primary и выиграл 2200000 коинов при выигрышном цвете primary
ID 592392720 поставил 4000 коинов на danger и проиграл при выигрышном цвете primary
18:07:18 | Розыгрыш ставок для игры №3247:
ID 554663097 поставил 250000 коинов на danger и проиграл при выигрышном цвете primary
ID 592392720 поставил 4000 коинов на danger и проиграл при выигрышном цвете primary
ID 576293147 поставил 1000 коинов на danger и проиграл при выигрышном цвете primary
18:08:13 | Розыгрыш ставок для игры №3248:
ID 576293147 поставил 101000 коинов на danger и проиграл при выигрышном цвете success
ID 554663097 поставил 950000 коинов на danger и проиграл при выигрышном цвете success
ID 592392720 поставил 4000 коинов на danger и проиграл при выигрышном цвете success
18:08:33 | ID 418429500 пополнил баланс на 500000000 коинов
18:08:58 | ID 418429500 пополнил баланс на 100000000 коинов
18:09:03 | Розыгрыш ставок для игры №3249:
ID 554663097 поставил 1000000 коинов на danger и проиграл при выигрышном цвете primary
ID 418429500 поставил 500000 коинов на primary и выиграл 1000000 коинов при выигрышном цвете primary
ID 592392720 поставил 4000 коинов на success и проиграл при выигрышном цвете primary
18:09:03 | Розыгрыш ставок для игры №3250:
ID 554663097 поставил 1000000 коинов на danger и проиграл при выигрышном цвете primary
ID 418429500 поставил 500000 коинов на primary и выиграл 1000000 коинов при выигрышном цвете primary
ID 592392720 поставил 4000 коинов на success и проиграл при выигрышном цвете primary
18:09:19 | ID 576293147 запросил вывод 200000 коинов; VKC response code: 200
18:09:25 | ID 418429500 запросил вывод 1100000 коинов; VKC response code: 200
18:09:25 | ID 576293147 запросил вывод 1000000 коинов; VKC response code: 200
18:09:30 | ID 576293147 запросил вывод 1000000 коинов; VKC response code: 200
18:09:53 | Розыгрыш ставок для игры №3251:
ID 554663097 поставил 100000 коинов на primary и выиграл 200000 коинов при выигрышном цвете primary
ID 592392720 поставил 2000 коинов на primary и выиграл 4000 коинов при выигрышном цвете primary
ID 576293147 поставил 198000 коинов на danger и проиграл при выигрышном цвете primary
ID 418429500 поставил 400000 коинов на primary и выиграл 800000 коинов при выигрышном цвете primary
18:10:13 | ID 418429500 запросил вывод 500000 коинов; VKC response code: 200
18:10:46 | Розыгрыш ставок для игры №3252:
ID 554663097 поставил 200000 коинов на danger и выиграл 400000 коинов при выигрышном цвете danger
ID 592392720 поставил 3000 коинов на danger и выиграл 6000 коинов при выигрышном цвете danger
ID 418429500 поставил 900000 коинов на danger и выиграл 1800000 коинов при выигрышном цвете danger
18:11:06 | ID 418429500 запросил вывод 1000000 коинов; VKC response code: 200
18:11:33 | Розыгрыш ставок для игры №3253:
ID 554663097 поставил 200000 коинов на primary и выиграл 400000 коинов при выигрышном цвете primary
ID 418429500 поставил 800000 коинов на primary и выиграл 1600000 коинов при выигрышном цвете primary
ID 592392720 поставил 2000 коинов на primary и выиграл 4000 коинов при выигрышном цвете primary
18:11:52 | ID 418429500 запросил вывод 1600000 коинов; VKC response code: 200
18:12:25 | ID 418429500 пополнил баланс на 2000000000 коинов
18:12:31 | Розыгрыш ставок для игры №3254:
ID 592392720 поставил 3000 коинов на danger и проиграл при выигрышном цвете primary
ID 554663097 поставил 200000 коинов на danger и проиграл при выигрышном цвете primary
18:13:16 | Розыгрыш ставок для игры №3255:
ID 418429500 поставил 2000000 коинов на danger и выиграл 4000000 коинов при выигрышном цвете danger
ID 592392720 поставил 4000 коинов на danger и выиграл 8000 коинов при выигрышном цвете danger
18:13:39 | ID 418429500 запросил вывод 4000000 коинов; VKC response code: 200
18:14:16 | Розыгрыш ставок для игры №3256:
ID 592392720 поставил 2000 коинов на danger и выиграл 4000 коинов при выигрышном цвете danger
18:15:12 | ID 418429500 пополнил баланс на 500000000 коинов
18:15:19 | Розыгрыш ставок для игры №3257:
ID 592392720 поставил 3000 коинов на primary и выиграл 6000 коинов при выигрышном цвете primary
ID 418429500 поставил 500000 коинов на danger и проиграл при выигрышном цвете primary
18:15:37 | ID 418429500 пополнил баланс на 1200000000 коинов
18:16:10 | ID 418429500 пополнил баланс на 10000000 коинов
18:16:11 | Розыгрыш ставок для игры №3258:
ID 592392720 поставил 5000 коинов на danger и проиграл при выигрышном цвете primary
ID 418429500 поставил 1200000 коинов на danger и проиграл при выигрышном цвете primary
18:17:07 | Розыгрыш ставок для игры №3259:
ID 554663097 поставил 300000 коинов на danger и проиграл при выигрышном цвете success
ID 592392720 поставил 4000 коинов на danger и проиграл при выигрышном цвете success
18:18:05 | Розыгрыш ставок для игры №3260:
ID 554663097 поставил 1000000 коинов на danger и проиграл при выигрышном цвете primary
ID 592392720 поставил 5000 коинов на primary и выиграл 10000 коинов при выигрышном цвете primary
18:19:05 | Розыгрыш ставок для игры №3261:
ID 554663097 поставил 800000 коинов на primary и проиграл при выигрышном цвете danger
ID 592392720 поставил 5000 коинов на danger и выиграл 10000 коинов при выигрышном цвете danger
18:19:56 | Розыгрыш ставок для игры №3262:
ID 592392720 поставил 5000 коинов на primary и выиграл 10000 коинов при выигрышном цвете primary
18:21:04 | Розыгрыш ставок для игры №3263:
ID 592392720 поставил 5000 коинов на danger и проиграл при выигрышном цвете primary
18:21:04 | Розыгрыш ставок для игры №3264:
ID 592392720 поставил 5000 коинов на danger и выиграл 10000 коинов при выигрышном цвете danger
18:22:01 | Розыгрыш ставок для игры №3265:
ID 554663097 поставил 1200000 коинов на primary и выиграл 2400000 коинов при выигрышном цвете primary
ID 592392720 поставил 1000 коинов на danger и проиграл при выигрышном цвете primary
18:22:01 | Розыгрыш ставок для игры №3266:
ID 554663097 поставил 1200000 коинов на primary и выиграл 2400000 коинов при выигрышном цвете primary
ID 592392720 поставил 1000 коинов на danger и проиграл при выигрышном цвете primary
18:22:51 | Розыгрыш ставок для игры №3267:
ID 554663097 поставил 800000 коинов на danger и проиграл при выигрышном цвете success
18:23:36 | Розыгрыш ставок для игры №3268:
ID 554663097 поставил 200000 коинов на danger и проиграл при выигрышном цвете primary
ID 592392720 поставил 1000 коинов на success и проиграл при выигрышном цвете primary
18:24:20 | Розыгрыш ставок для игры №3269:
ID 554663097 поставил 800000 коинов на danger и выиграл 1600000 коинов при выигрышном цвете danger
18:25:16 | Розыгрыш ставок для игры №3270:
ID 554663097 поставил 600000 коинов на primary и выиграл 1200000 коинов при выигрышном цвете primary
ID 592392720 поставил 4000 коинов на primary и выиграл 8000 коинов при выигрышном цвете primary
18:26:02 | Розыгрыш ставок для игры №3271:
ID 554663097 поставил 200000 коинов на success и проиграл при выигрышном цвете primary
ID 592392720 поставил 2000 коинов на danger и проиграл при выигрышном цвете primary
18:26:02 | Розыгрыш ставок для игры №3272:
ID 554663097 поставил 200000 коинов на success и проиграл при выигрышном цвете primary
ID 592392720 поставил 2000 коинов на danger и проиграл при выигрышном цвете primary
18:26:50 | Розыгрыш ставок для игры №3273:
ID 554663097 поставил 600000 коинов на danger и проиграл при выигрышном цвете primary
ID 592392720 поставил 5000 коинов на danger и проиграл при выигрышном цвете primary
18:27:37 | Розыгрыш ставок для игры №3274:
ID 554663097 поставил 400000 коинов на danger и проиграл при выигрышном цвете primary
ID 592392720 поставил 5000 коинов на danger и проиграл при выигрышном цвете primary
18:28:27 | Розыгрыш ставок для игры №3275:
ID 554663097 поставил 500000 коинов на primary и проиграл при выигрышном цвете danger
ID 592392720 поставил 5000 коинов на danger и выиграл 10000 коинов при выигрышном цвете danger
18:29:26 | Розыгрыш ставок для игры №3276:
ID 554663097 поставил 500000 коинов на danger и проиграл при выигрышном цвете primary
ID 592392720 поставил 2000 коинов на primary и выиграл 4000 коинов при выигрышном цвете primary
18:30:14 | Розыгрыш ставок для игры №3277:
ID 554663097 поставил 14000000 коинов на danger и выиграл 28000000 коинов при выигрышном цвете danger
ID 592392720 поставил 5000 коинов на danger и выиграл 10000 коинов при выигрышном цвете danger
18:31:34 | Розыгрыш ставок для игры №3278:
ID 592392720 поставил 2000 коинов на danger и выиграл 4000 коинов при выигрышном цвете danger
ID 554663097 поставил 500000 коинов на primary и проиграл при выигрышном цвете danger
18:32:29 | Розыгрыш ставок для игры №3279:
ID 592392720 поставил 4000 коинов на primary и проиграл при выигрышном цвете danger
18:33:17 | Розыгрыш ставок для игры №3280:
ID 554663097 поставил 500000 коинов на primary и выиграл 1000000 коинов при выигрышном цвете primary
ID 592392720 поставил 1000 коинов на danger и проиграл при выигрышном цвете primary
18:34:12 | Розыгрыш ставок для игры №3281:
ID 554663097 поставил 1000000 коинов на primary и проиграл при выигрышном цвете danger
ID 592392720 поставил 5000 коинов на primary и проиграл при выигрышном цвете danger
18:35:04 | Розыгрыш ставок для игры №3282:
ID 554663097 поставил 1000000 коинов на danger и проиграл при выигрышном цвете primary
18:35:50 | Розыгрыш ставок для игры №3283:
ID 554663097 поставил 500000 коинов на primary и выиграл 1000000 коинов при выигрышном цвете primary
18:36:38 | Розыгрыш ставок для игры №3284:
ID 554663097 поставил 500000 коинов на primary и проиграл при выигрышном цвете danger
18:37:26 | Розыгрыш ставок для игры №3285:
ID 554663097 поставил 500000 коинов на danger и выиграл 1000000 коинов при выигрышном цвете danger
ID 592392720 поставил 4000 коинов на primary и проиграл при выигрышном цвете danger
18:38:25 | Розыгрыш ставок для игры №3286:
ID 592392720 поставил 5000 коинов на primary и проиграл при выигрышном цвете success
ID 554663097 поставил 250000 коинов на success и выиграл 3500000 коинов при выигрышном цвете success
18:39:23 | Розыгрыш ставок для игры №3287:
ID 554663097 поставил 250000 коинов на danger и проиграл при выигрышном цвете primary
ID 592392720 поставил 5000 коинов на danger и проиграл при выигрышном цвете primary
18:40:07 | Розыгрыш ставок для игры №3288:
ID 554663097 поставил 750000 коинов на danger и проиграл при выигрышном цвете primary
ID 592392720 поставил 1000 коинов на primary и выиграл 2000 коинов при выигрышном цвете primary
18:40:57 | Розыгрыш ставок для игры №3289:
ID 554663097 поставил 750000 коинов на primary и проиграл при выигрышном цвете danger
ID 592392720 поставил 5000 коинов на primary и проиграл при выигрышном цвете danger
18:42:00 | Розыгрыш ставок для игры №3290:
ID 554663097 поставил 250000 коинов на success и проиграл при выигрышном цвете primary
ID 592392720 поставил 1000 коинов на success и проиграл при выигрышном цвете primary
18:42:47 | Розыгрыш ставок для игры №3291:
ID 554663097 поставил 750000 коинов на danger и проиграл при выигрышном цвете primary
ID 592392720 поставил 5000 коинов на danger и проиграл при выигрышном цвете primary
18:43:36 | Розыгрыш ставок для игры №3292:
ID 554663097 поставил 7000000 коинов на danger и выиграл 14000000 коинов при выигрышном цвете danger
ID 592392720 поставил 1000 коинов на success и проиграл при выигрышном цвете danger
ID 317113903 поставил 7000000 коинов на danger и выиграл 14000000 коинов при выигрышном цвете danger
18:44:47 | Розыгрыш ставок для игры №3293:
ID 592392720 поставил 6000 коинов на primary и выиграл 12000 коинов при выигрышном цвете primary
ID 554663097 поставил 4000000 коинов на primary и выиграл 8000000 коинов при выигрышном цвете primary
18:45:50 | Розыгрыш ставок для игры №3294:
ID 554663097 поставил 1000000 коинов на danger и выиграл 2000000 коинов при выигрышном цвете danger
ID 592392720 поставил 3000 коинов на primary и проиграл при выигрышном цвете danger
18:46:52 | Розыгрыш ставок для игры №3295:
ID 592392720 поставил 5000 коинов на primary и выиграл 10000 коинов при выигрышном цвете primary
ID 554663097 поставил 1000000 коинов на success и проиграл при выигрышном цвете primary
18:47:48 | Розыгрыш ставок для игры №3296:
ID 554663097 поставил 8000000 коинов на danger и выиграл 16000000 коинов при выигрышном цвете danger
ID 317113903 поставил 8000000 коинов на danger и выиграл 16000000 коинов при выигрышном цвете danger
ID 592392720 поставил 5000 коинов на primary и проиграл при выигрышном цвете danger
18:48:33 | ID 592392720 пополнил баланс на 25000000000 коинов
18:49:38 | Розыгрыш ставок для игры №3297:
ID 554663097 поставил 6000000 коинов на primary и проиграл при выигрышном цвете danger
18:51:13 | Розыгрыш ставок для игры №3298:
ID 592392720 поставил 1000000 коинов на primary и проиграл при выигрышном цвете danger
18:52:12 | Розыгрыш ставок для игры №3299:
ID 592392720 поставил 2000000 коинов на primary и выиграл 4000000 коинов при выигрышном цвете primary
ID 554663097 поставил 3000000 коинов на danger и проиграл при выигрышном цвете primary
ID 317113903 поставил 30000000 коинов на danger и проиграл при выигрышном цвете primary
18:53:38 | Розыгрыш ставок для игры №3300:
ID 592392720 поставил 1000000 коинов на primary и выиграл 2000000 коинов при выигрышном цвете primary
18:54:37 | Розыгрыш ставок для игры №3301:
ID 592392720 поставил 3000000 коинов на danger и выиграл 6000000 коинов при выигрышном цвете danger
18:55:43 | Розыгрыш ставок для игры №3302:
ID 554663097 поставил 17000000 коинов на primary и проиграл при выигрышном цвете danger
ID 592392720 поставил 2000000 коинов на primary и проиграл при выигрышном цвете danger
ID 317113903 поставил 60000000 коинов на primary и проиграл при выигрышном цвете danger
18:56:40 | Розыгрыш ставок для игры №3303:
ID 554663097 поставил 20000000 коинов на danger и выиграл 40000000 коинов при выигрышном цвете danger
ID 592392720 поставил 3000000 коинов на danger и выиграл 6000000 коинов при выигрышном цвете danger
18:57:32 | Розыгрыш ставок для игры №3304:
ID 554663097 поставил 10000000 коинов на danger и проиграл при выигрышном цвете primary
ID 592392720 поставил 1000000 коинов на primary и выиграл 2000000 коинов при выигрышном цвете primary
18:58:40 | Розыгрыш ставок для игры №3305:
ID 554663097 поставил 30000000 коинов на danger и проиграл при выигрышном цвете primary
ID 592392720 поставил 1000000 коинов на danger и проиграл при выигрышном цвете primary
18:59:57 | Розыгрыш ставок для игры №3306:
ID 592392720 поставил 1000000 коинов на success и проиграл при выигрышном цвете primary
19:00:46 | Розыгрыш ставок для игры №3307:
ID 592392720 поставил 2000000 коинов на danger и выиграл 4000000 коинов при выигрышном цвете danger
19:02:23 | Розыгрыш ставок для игры №3308:
ID 592392720 поставил 1000000 коинов на primary и выиграл 2000000 коинов при выигрышном цвете primary
19:03:30 | Розыгрыш ставок для игры №3309:
ID 592392720 поставил 2000000 коинов на danger и проиграл при выигрышном цвете primary
19:04:25 | Розыгрыш ставок для игры №3310:
ID 592392720 поставил 1000000 коинов на danger и выиграл 2000000 коинов при выигрышном цвете danger
19:05:18 | Розыгрыш ставок для игры №3311:
ID 592392720 поставил 2000000 коинов на primary и проиграл при выигрышном цвете danger
19:06:31 | Розыгрыш ставок для игры №3312:
ID 592392720 поставил 1000000 коинов на success и проиграл при выигрышном цвете danger
19:08:05 | Розыгрыш ставок для игры №3313:
ID 592392720 поставил 1000000 коинов на danger и проиграл при выигрышном цвете primary
19:09:13 | Розыгрыш ставок для игры №3314:
ID 592392720 поставил 2000000 коинов на danger и проиграл при выигрышном цвете primary
19:10:27 | Розыгрыш ставок для игры №3315:
ID 592392720 поставил 1000000 коинов на danger и выиграл 2000000 коинов при выигрышном цвете danger
19:11:22 | Розыгрыш ставок для игры №3316:
ID 592392720 поставил 1000000 коинов на primary и выиграл 2000000 коинов при выигрышном цвете primary
19:12:34 | Розыгрыш ставок для игры №3317:
ID 592392720 поставил 1000000 коинов на success и проиграл при выигрышном цвете danger
19:13:35 | Розыгрыш ставок для игры №3318:
ID 592392720 поставил 2000000 коинов на primary и выиграл 4000000 коинов при выигрышном цвете primary
19:14:46 | Розыгрыш ставок для игры №3319:
ID 592392720 поставил 1000000 коинов на primary и выиграл 2000000 коинов при выигрышном цвете primary
19:15:43 | Розыгрыш ставок для игры №3320:
ID 592392720 поставил 2000000 коинов на danger и выиграл 4000000 коинов при выигрышном цвете danger
19:16:36 | Розыгрыш ставок для игры №3321:
ID 592392720 поставил 2000000 коинов на primary и выиграл 4000000 коинов при выигрышном цвете primary
19:17:37 | Розыгрыш ставок для игры №3322:
ID 592392720 поставил 1000000 коинов на danger и проиграл при выигрышном цвете success
19:18:38 | Розыгрыш ставок для игры №3323:
ID 592392720 поставил 1000000 коинов на success и проиграл при выигрышном цвете danger
19:19:34 | Розыгрыш ставок для игры №3324:
ID 592392720 поставил 1052000 коинов на primary и проиграл при выигрышном цвете danger
19:20:31 | Розыгрыш ставок для игры №3325:
ID 592392720 поставил 52000 коинов на primary и проиграл при выигрышном цвете danger
19:21:25 | Розыгрыш ставок для игры №3326:
ID 592392720 поставил 1000000 коинов на danger и проиграл при выигрышном цвете primary
19:22:39 | Розыгрыш ставок для игры №3327:
ID 592392720 поставил 1000000 коинов на danger и проиграл при выигрышном цвете primary
19:23:35 | Розыгрыш ставок для игры №3328:
ID 592392720 поставил 4000000 коинов на danger и проиграл при выигрышном цвете primary
19:24:33 | Розыгрыш ставок для игры №3329:
ID 592392720 поставил 4000000 коинов на danger и проиграл при выигрышном цвете success
19:25:37 | Розыгрыш ставок для игры №3330:
ID 592392720 поставил 2000000 коинов на primary и проиграл при выигрышном цвете danger
19:27:47 | Розыгрыш ставок для игры №3331:
ID 592392720 поставил 1000000 коинов на primary и проиграл при выигрышном цвете success
19:28:45 | Розыгрыш ставок для игры №3332:
ID 592392720 поставил 5000000 коинов на primary и выиграл 10000000 коинов при выигрышном цвете primary
19:30:18 | Розыгрыш ставок для игры №3333:
ID 592392720 поставил 2000000 коинов на danger и проиграл при выигрышном цвете primary
19:31:28 | Розыгрыш ставок для игры №3334:
ID 592392720 поставил 1000000 коинов на primary и проиграл при выигрышном цвете danger
19:32:42 | Розыгрыш ставок для игры №3335:
ID 592392720 поставил 1000000 коинов на primary и выиграл 2000000 коинов при выигрышном цвете primary
19:34:27 | Розыгрыш ставок для игры №3336:
ID 592392720 поставил 1000000 коинов на primary и выиграл 2000000 коинов при выигрышном цвете primary
19:35:27 | Розыгрыш ставок для игры №3337:
ID 592392720 поставил 1000000 коинов на danger и выиграл 2000000 коинов при выигрышном цвете danger
19:36:52 | Розыгрыш ставок для игры №3338:
ID 592392720 поставил 1000 коинов на danger и проиграл при выигрышном цвете primary
19:38:05 | Розыгрыш ставок для игры №3339:
ID 592392720 поставил 1000 коинов на danger и проиграл при выигрышном цвете primary
19:39:29 | Розыгрыш ставок для игры №3340:
ID 592392720 поставил 20000 коинов на success и проиграл при выигрышном цвете danger
19:40:45 | Розыгрыш ставок для игры №3341:
ID 592392720 поставил 1000000 коинов на danger и проиграл при выигрышном цвете primary
19:41:38 | Розыгрыш ставок для игры №3342:
ID 592392720 поставил 2000000 коинов на primary и проиграл при выигрышном цвете success
19:42:37 | Розыгрыш ставок для игры №3343:
ID 592392720 поставил 1000000 коинов на danger и проиграл при выигрышном цвете primary
19:43:29 | Розыгрыш ставок для игры №3344:
ID 592392720 поставил 1000000 коинов на danger и выиграл 2000000 коинов при выигрышном цвете danger
19:45:05 | Розыгрыш ставок для игры №3345:
ID 592392720 поставил 1000000 коинов на primary и проиграл при выигрышном цвете danger
19:46:08 | Розыгрыш ставок для игры №3346:
ID 592392720 поставил 2000000 коинов на primary и проиграл при выигрышном цвете danger
19:47:02 | Розыгрыш ставок для игры №3347:
ID 592392720 поставил 6000000 коинов на primary и проиграл при выигрышном цвете danger
19:47:02 | Розыгрыш ставок для игры №3348:
ID 592392720 поставил 6000000 коинов на primary и проиграл при выигрышном цвете danger
19:48:16 | Розыгрыш ставок для игры №3349:
ID 592392720 поставил 1000000 коинов на primary и выиграл 2000000 коинов при выигрышном цвете primary
19:49:13 | Розыгрыш ставок для игры №3350:
ID 592392720 поставил 11000000 коинов на danger и проиграл при выигрышном цвете primary
19:51:02 | Розыгрыш ставок для игры №3351:
ID 592392720 поставил 926000 коинов на primary и выиграл 1852000 коинов при выигрышном цвете primary
19:52:17 | Розыгрыш ставок для игры №3352:
ID 592392720 поставил 1000000 коинов на primary и выиграл 2000000 коинов при выигрышном цвете primary
19:53:38 | Розыгрыш ставок для игры №3353:
ID 592392720 поставил 852000 коинов на danger и проиграл при выигрышном цвете primary
19:54:58 | Розыгрыш ставок для игры №3354:
ID 592392720 поставил 1000000 коинов на danger и выиграл 2000000 коинов при выигрышном цвете danger
19:55:55 | Розыгрыш ставок для игры №3355:
ID 592392720 поставил 1000000 коинов на primary и проиграл при выигрышном цвете danger
19:56:47 | Розыгрыш ставок для игры №3356:
ID 592392720 поставил 2000000 коинов на primary и проиграл при выигрышном цвете success
20:15:11 | ID 562427284 пополнил баланс на 1000000000 коинов
20:16:04 | Розыгрыш ставок для игры №3357:
ID 562427284 поставил 500000 коинов на danger и выиграл 1000000 коинов при выигрышном цвете danger
20:16:49 | Розыгрыш ставок для игры №3358:
ID 562427284 поставил 500000 коинов на danger и проиграл при выигрышном цвете primary
20:17:33 | Розыгрыш ставок для игры №3359:
ID 562427284 поставил 500000 коинов на primary и выиграл 1000000 коинов при выигрышном цвете primary
20:18:30 | Розыгрыш ставок для игры №3360:
ID 562427284 поставил 750000 коинов на danger и проиграл при выигрышном цвете primary
20:18:52 | ID 522473572 пополнил баланс на 30000000 коинов
20:19:13 | Розыгрыш ставок для игры №3361:
ID 562427284 поставил 750000 коинов на danger и проиграл при выигрышном цвете primary
ID 522473572 поставил 20480 коинов на danger и проиграл при выигрышном цвете primary
20:19:59 | Розыгрыш ставок для игры №3362:
ID 522473572 поставил 9520 коинов на primary и выиграл 19040 коинов при выигрышном цвете primary
20:20:11 | ID 554663097 пополнил баланс на 1000000000 коинов
20:20:42 | Розыгрыш ставок для игры №3363:
ID 522473572 поставил 8800 коинов на danger и выиграл 17600 коинов при выигрышном цвете danger
ID 554663097 поставил 500000 коинов на primary и проиграл при выигрышном цвете danger
20:21:25 | Розыгрыш ставок для игры №3364:
ID 522473572 поставил 27500 коинов на danger и проиграл при выигрышном цвете primary
ID 554663097 поставил 500000 коинов на primary и выиграл 1000000 коинов при выигрышном цвете primary
20:22:12 | Розыгрыш ставок для игры №3365:
ID 554663097 поставил 1000000 коинов на danger и проиграл при выигрышном цвете primary
20:22:41 | ID 554663097 пополнил баланс на 14000000000 коинов
20:23:24 | Розыгрыш ставок для игры №3366:
ID 554663097 поставил 14000000 коинов на danger и проиграл при выигрышном цвете primary
20:33:15 | ID 513189999 пополнил баланс на 250000000 коинов
20:33:55 | Розыгрыш ставок для игры №3367:
ID 513189999 поставил 75000 коинов на primary и проиграл при выигрышном цвете danger
20:34:54 | Розыгрыш ставок для игры №3368:
ID 513189999 поставил 75000 коинов на success и проиграл при выигрышном цвете danger
20:35:37 | Розыгрыш ставок для игры №3369:
ID 513189999 поставил 75000 коинов на primary и проиграл при выигрышном цвете danger
20:36:25 | Розыгрыш ставок для игры №3370:
ID 513189999 поставил 25000 коинов на success и проиграл при выигрышном цвете danger
21:32:15 | ID 532300857 пополнил баланс на 500000000 коинов
21:32:54 | Розыгрыш ставок для игры №3371:
ID 532300857 поставил 250000 коинов на danger и проиграл при выигрышном цвете primary
21:33:41 | Розыгрыш ставок для игры №3372:
ID 532300857 поставил 250000 коинов на danger и проиграл при выигрышном цвете success
21:49:01 | ID 350279683 пополнил баланс на 100000 коинов
21:49:24 | ID 350279683 пополнил баланс на 900000 коинов
21:50:04 | Розыгрыш ставок для игры №3373:
ID 350279683 поставил 1000 коинов на primary и выиграл 2000 коинов при выигрышном цвете primary
21:50:23 | ID 350279683 запросил вывод 2000 коинов; VKC response code: 200
21:55:52 | ID 543118927 пополнил баланс на 500000000 коинов
21:56:30 | Розыгрыш ставок для игры №3374:
ID 543118927 поставил 500000 коинов на danger и проиграл при выигрышном цвете primary
22:39:33 | ID 355853765 пополнил баланс на 5000000 коинов
22:40:13 | Розыгрыш ставок для игры №3375:
ID 355853765 поставил 1000 коинов на danger и выиграл 2000 коинов при выигрышном цвете danger
22:41:09 | Розыгрыш ставок для игры №3376:
ID 355853765 поставил 1000 коинов на success и проиграл при выигрышном цвете primary
22:41:53 | Розыгрыш ставок для игры №3377:
ID 355853765 поставил 1000 коинов на success и проиграл при выигрышном цвете primary
22:42:36 | Розыгрыш ставок для игры №3378:
ID 355853765 поставил 1000 коинов на success и проиграл при выигрышном цвете primary
22:43:18 | Розыгрыш ставок для игры №3379:
ID 355853765 поставил 1000 коинов на success и проиграл при выигрышном цвете danger
22:44:03 | Розыгрыш ставок для игры №3380:
ID 355853765 поставил 2000 коинов на success и проиграл при выигрышном цвете danger
23:21:19 | ID 371199215 пополнил баланс на 100000000000 коинов
23:21:57 | Розыгрыш ставок для игры №3381:
ID 371199215 поставил 1000000 коинов на success и проиграл при выигрышном цвете danger
23:22:43 | Розыгрыш ставок для игры №3382:
ID 405115290 поставил 46000 коинов на primary и проиграл при выигрышном цвете danger
23:23:54 | ID 371199215 запросил вывод 80000000 коинов; VKC response code: 200
23:24:16 | Розыгрыш ставок для игры №3383:
ID 371199215 поставил 19000000 коинов на primary и проиграл при выигрышном цвете danger
23:24:45 | ID 263100960 пополнил баланс на 1000000000 коинов
23:25:30 | Розыгрыш ставок для игры №3384:
ID 263100960 поставил 500000 коинов на primary и проиграл при выигрышном цвете danger
23:26:16 | Розыгрыш ставок для игры №3385:
ID 263100960 поставил 500000 коинов на danger и выиграл 1000000 коинов при выигрышном цвете danger
23:27:06 | Розыгрыш ставок для игры №3386:
ID 263100960 поставил 1000000 коинов на primary и проиграл при выигрышном цвете danger
23:31:28 | ID 263100960 пополнил баланс на 5000000000 коинов
23:32:10 | Розыгрыш ставок для игры №3387:
ID 263100960 поставил 2000000 коинов на danger и проиграл при выигрышном цвете primary
23:32:57 | Розыгрыш ставок для игры №3388:
ID 263100960 поставил 3000000 коинов на primary и выиграл 6000000 коинов при выигрышном цвете primary
23:33:25 | ID 263100960 запросил вывод 6000000 коинов; VKC response code: 200
23:44:31 | ID 253070024 пополнил баланс на 1000000 коинов
23:45:04 | Розыгрыш ставок для игры №3389:
ID 253070024 поставил 1000 коинов на primary и выиграл 2000 коинов при выигрышном цвете primary
23:45:33 | ID 253070024 пополнил баланс на 9900000 коинов
23:46:11 | Розыгрыш ставок для игры №3390:
ID 253070024 поставил 11900 коинов на primary и выиграл 23800 коинов при выигрышном цвете primary
23:46:58 | Розыгрыш ставок для игры №3391:
ID 253070024 поставил 23800 коинов на danger и проиграл при выигрышном цвете primary
23:47:17 | ID 206635151 пополнил баланс на 1000000 коинов
23:48:15 | Розыгрыш ставок для игры №3392:
ID 206635151 поставил 1000 коинов на primary и выиграл 2000 коинов при выигрышном цвете primary
23:48:53 | ID 433458094 пополнил баланс на 10000000 коинов
23:49:02 | Розыгрыш ставок для игры №3393:
ID 206635151 поставил 1000 коинов на primary и проиграл при выигрышном цвете danger
23:49:02 | Розыгрыш ставок для игры №3394:
ID 206635151 поставил 1000 коинов на primary и проиграл при выигрышном цвете danger
23:49:45 | Розыгрыш ставок для игры №3395:
ID 206635151 поставил 1000 коинов на success и проиграл при выигрышном цвете danger
ID 433458094 поставил 3000 коинов на danger и выиграл 6000 коинов при выигрышном цвете danger
23:50:23 | ID 269288420 пополнил баланс на 288000000 коинов
23:50:34 | Розыгрыш ставок для игры №3396:
ID 433458094 поставил 13000 коинов на success и проиграл при выигрышном цвете primary
ID 489677842 поставил 100000 коинов на success и проиграл при выигрышном цвете primary
23:51:02 | ID 543118927 пополнил баланс на 4000000000 коинов
23:51:23 | Розыгрыш ставок для игры №3397:
ID 489677842 поставил 50000 коинов на success и проиграл при выигрышном цвете primary
ID 269288420 поставил 1000 коинов на primary и выиграл 2000 коинов при выигрышном цвете primary
ID 543118927 поставил 4000000 коинов на danger и проиграл при выигрышном цвете primary
23:52:09 | Розыгрыш ставок для игры №3398:
ID 489677842 поставил 50000 коинов на primary и проиграл при выигрышном цвете danger
ID 269288420 поставил 89000 коинов на danger и выиграл 178000 коинов при выигрышном цвете danger
23:53:05 | Розыгрыш ставок для игры №3399:
ID 269288420 поставил 78000 коинов на danger и выиграл 156000 коинов при выигрышном цвете danger
23:53:13 | ID 489677842 пополнил баланс на 250000000 коинов
23:53:52 | Розыгрыш ставок для игры №3400:
ID 489677842 поставил 50000 коинов на success и проиграл при выигрышном цвете primary
ID 269288420 поставил 56000 коинов на primary и выиграл 112000 коинов при выигрышном цвете primary
23:54:36 | Розыгрыш ставок для игры №3401:
ID 486636036 поставил 1000 коинов на danger и проиграл при выигрышном цвете primary
ID 489677842 поставил 50000 коинов на success и проиграл при выигрышном цвете primary
ID 269288420 поставил 12000 коинов на danger и проиграл при выигрышном цвете primary
23:55:38 | Розыгрыш ставок для игры №3402:
ID 269288420 поставил 200000 коинов на danger и проиграл при выигрышном цвете success
ID 494285659 поставил 1000 коинов на primary и проиграл при выигрышном цвете success
23:56:29 | Розыгрыш ставок для игры №3403:
ID 269288420 поставил 300000 коинов на danger и проиграл при выигрышном цвете success