
10:16:27 | ID 206438936 пополнил баланс на 100000000 коинов
10:16:44 | ID 206438936 пополнил баланс на 100000000 коинов
10:17:01 | Розыгрыш ставок для игры №9994:
ID 206438936 поставил 200000 коинов на danger и проиграл при выигрышном цвете success
10:17:01 | Розыгрыш ставок для игры №9995:
ID 206438936 поставил 200000 коинов на danger и проиграл при выигрышном цвете primary
10:25:27 | ID 235551051 пополнил баланс на 2500000001 коинов
10:26:03 | Розыгрыш ставок для игры №9996:
ID 235551051 поставил 2500000 коинов на danger и проиграл при выигрышном цвете primary
10:31:59 | ID 455565591 пополнил баланс на 1000 коинов
11:21:47 | Розыгрыш ставок для игры №9997:
ID 489063239 поставил 1000 коинов на primary и проиграл при выигрышном цвете danger
13:44:56 | Розыгрыш ставок для игры №9998:
ID 455923236 поставил 11111 коинов на danger и проиграл при выигрышном цвете primary
17:50:27 | ID 216434269 пополнил баланс на 10000000 коинов
17:51:03 | Розыгрыш ставок для игры №9999:
ID 216434269 поставил 10000 коинов на success и проиграл при выигрышном цвете danger
17:56:15 | ID 594448509 пополнил баланс на 1000000000 коинов
17:56:52 | Розыгрыш ставок для игры №10000:
ID 594448509 поставил 1000000 коинов на danger и выиграл 4500000 коинов при выигрышном цвете danger
17:57:38 | Розыгрыш ставок для игры №10001:
ID 594448509 поставил 500000 коинов на success и проиграл при выигрышном цвете danger
17:58:43 | ID 594448509 запросил вывод 2765433 коинов; VKC response code: 200
17:59:05 | Розыгрыш ставок для игры №10002:
ID 594448509 поставил 1234567 коинов на danger и проиграл при выигрышном цвете primary
18:03:45 | ID 576430772 пополнил баланс на 2000000000 коинов
18:04:23 | Розыгрыш ставок для игры №10003:
ID 576430772 поставил 500000 коинов на success и проиграл при выигрышном цвете primary
18:05:34 | ID 576430772 запросил вывод 500000 коинов; VKC response code: 200
18:05:43 | Розыгрыш ставок для игры №10004:
ID 576430772 поставил 1000000 коинов на danger и проиграл при выигрышном цвете primary
18:26:18 | ID 102497174 пополнил баланс на 10000 коинов
18:27:12 | ID 102497174 пополнил баланс на 5000000 коинов
18:27:50 | Розыгрыш ставок для игры №10005:
ID 102497174 поставил 1000 коинов на primary и проиграл при выигрышном цвете success
22:17:11 | ID 205088817 пополнил баланс на 82000 коинов