
06:03:12 | Розыгрыш ставок для игры №10397:
ID 510428548 поставил 1000 коинов на danger и выиграл 4500 коинов при выигрышном цвете danger
06:04:03 | Розыгрыш ставок для игры №10398:
ID 510428548 поставил 4500 коинов на success и проиграл при выигрышном цвете primary
10:18:38 | ID 510428548 пополнил баланс на 66666000 коинов
10:19:27 | Розыгрыш ставок для игры №10399:
ID 510428548 поставил 10000 коинов на success и проиграл при выигрышном цвете primary
10:21:07 | Розыгрыш ставок для игры №10400:
ID 510428548 поставил 10000 коинов на danger и проиграл при выигрышном цвете primary
10:21:49 | Розыгрыш ставок для игры №10401:
ID 510428548 поставил 10000 коинов на danger и проиграл при выигрышном цвете success
10:22:55 | Розыгрыш ставок для игры №10402:
ID 510428548 поставил 36666 коинов на danger и проиграл при выигрышном цвете success
14:40:38 | ID 529332819 пополнил баланс на 200000000 коинов
14:41:40 | Розыгрыш ставок для игры №10403:
ID 529332819 поставил 20000 коинов на primary и проиграл при выигрышном цвете success
14:42:28 | Розыгрыш ставок для игры №10404:
ID 529332819 поставил 20000 коинов на danger и проиграл при выигрышном цвете primary
14:43:15 | Розыгрыш ставок для игры №10405:
ID 529332819 поставил 60000 коинов на danger и выиграл 270000 коинов при выигрышном цвете danger
14:44:17 | Розыгрыш ставок для игры №10406:
ID 529332819 поставил 20000 коинов на success и проиграл при выигрышном цвете primary
14:45:09 | Розыгрыш ставок для игры №10407:
ID 529332819 поставил 50000 коинов на danger и проиграл при выигрышном цвете success
14:45:57 | Розыгрыш ставок для игры №10408:
ID 529332819 поставил 50000 коинов на danger и проиграл при выигрышном цвете primary
14:46:51 | Розыгрыш ставок для игры №10409:
ID 529332819 поставил 60000 коинов на danger и проиграл при выигрышном цвете primary
14:47:35 | Розыгрыш ставок для игры №10410:
ID 529332819 поставил 60000 коинов на danger и проиграл при выигрышном цвете primary
14:48:21 | Розыгрыш ставок для игры №10411:
ID 529332819 поставил 60000 коинов на danger и проиграл при выигрышном цвете primary
14:49:15 | Розыгрыш ставок для игры №10412:
ID 529332819 поставил 70000 коинов на danger и проиграл при выигрышном цвете success
23:40:27 | ID 502646590 пополнил баланс на 150000000 коинов
23:41:09 | Розыгрыш ставок для игры №10413:
ID 502646590 поставил 30000 коинов на primary и выиграл 45000 коинов при выигрышном цвете primary
23:42:40 | Розыгрыш ставок для игры №10414:
ID 502646590 поставил 20000 коинов на danger и проиграл при выигрышном цвете primary
23:43:45 | Розыгрыш ставок для игры №10415:
ID 502646590 поставил 15000 коинов на danger и проиграл при выигрышном цвете primary
23:47:45 | ID 502646590 запросил вывод 131000 коинов; VKC response code: 200