
01:05:02 | ID 449558054 пополнил баланс на 1000000000 коинов
01:06:22 | Розыгрыш ставок для игры №10314:
ID 449558054 поставил 100000 коинов на primary и выиграл 150000 коинов при выигрышном цвете primary
01:07:50 | Розыгрыш ставок для игры №10315:
ID 449558054 поставил 200000 коинов на primary и выиграл 300000 коинов при выигрышном цвете primary
01:08:56 | Розыгрыш ставок для игры №10316:
ID 449558054 поставил 200000 коинов на success и выиграл 500000 коинов при выигрышном цвете success
01:10:14 | Розыгрыш ставок для игры №10317:
ID 449558054 поставил 50000 коинов на danger и выиграл 225000 коинов при выигрышном цвете danger
01:11:46 | Розыгрыш ставок для игры №10318:
ID 449558054 поставил 250000 коинов на primary и выиграл 375000 коинов при выигрышном цвете primary
01:13:11 | Розыгрыш ставок для игры №10319:
ID 449558054 поставил 250000 коинов на primary и проиграл при выигрышном цвете success
01:14:50 | Розыгрыш ставок для игры №10320:
ID 449558054 поставил 250000 коинов на success и выиграл 625000 коинов при выигрышном цвете success
01:15:52 | ID 449558054 запросил вывод 1875000 коинов; VKC response code: 200
12:23:04 | Розыгрыш ставок для игры №10321:
ID 254788517 поставил 1000 коинов на success и выиграл 2500 коинов при выигрышном цвете success
12:23:47 | Розыгрыш ставок для игры №10322:
ID 254788517 поставил 2000 коинов на danger и проиграл при выигрышном цвете success
14:14:47 | Розыгрыш ставок для игры №10323:
ID 465322563 поставил 1000 коинов на primary и проиграл при выигрышном цвете danger
15:30:26 | Розыгрыш ставок для игры №10324:
ID 216559158 поставил 1000 коинов на primary и выиграл 1500 коинов при выигрышном цвете primary
15:31:20 | Розыгрыш ставок для игры №10325:
ID 216559158 поставил 1000 коинов на danger и проиграл при выигрышном цвете primary
15:31:44 | ID 216559158 запросил вывод 500 коинов; VKC response code: 200
20:06:24 | ID 316554006 пополнил баланс на 1000000000 коинов
20:07:17 | Розыгрыш ставок для игры №10326:
ID 316554006 поставил 100000 коинов на success и проиграл при выигрышном цвете primary
20:08:01 | Розыгрыш ставок для игры №10327:
ID 316554006 поставил 100000 коинов на danger и проиграл при выигрышном цвете success
20:08:45 | Розыгрыш ставок для игры №10328:
ID 316554006 поставил 800000 коинов на danger и проиграл при выигрышном цвете primary
21:24:10 | ID 576430772 пополнил баланс на 643000000 коинов
21:24:46 | Розыгрыш ставок для игры №10329:
ID 576430772 поставил 143000 коинов на danger и выиграл 643500 коинов при выигрышном цвете danger
21:25:15 | ID 576430772 запросил вывод 850000 коинов; VKC response code: 200
21:25:38 | Розыгрыш ставок для игры №10330:
ID 576430772 поставил 293500 коинов на primary и выиграл 440250 коинов при выигрышном цвете primary
21:26:05 | ID 576430772 запросил вывод 200000 коинов; VKC response code: 200
21:26:26 | Розыгрыш ставок для игры №10331:
ID 576430772 поставил 240250 коинов на success и проиграл при выигрышном цвете primary
21:43:34 | Розыгрыш ставок для игры №10332:
ID 531877114 поставил 1000 коинов на success и проиграл при выигрышном цвете primary
21:58:56 | ID 550282410 пополнил баланс на 300000000 коинов
21:59:33 | Розыгрыш ставок для игры №10333:
ID 550282410 поставил 150000 коинов на primary и проиграл при выигрышном цвете success
22:00:52 | Розыгрыш ставок для игры №10334:
ID 550282410 поставил 150000 коинов на primary и выиграл 225000 коинов при выигрышном цвете primary
22:32:47 | Розыгрыш ставок для игры №10335:
ID 550282410 поставил 125000 коинов на success и проиграл при выигрышном цвете danger
22:33:39 | Розыгрыш ставок для игры №10336:
ID 550282410 поставил 100000 коинов на success и проиграл при выигрышном цвете danger