
07:47:36 | ID 334261610 пополнил баланс на 10000 коинов
07:48:10 | ID 334261610 пополнил баланс на 1000000 коинов
07:48:53 | Розыгрыш ставок для игры №9761:
ID 334261610 поставил 1010 коинов на danger и проиграл при выигрышном цвете primary
07:49:18 | ID 334261610 пополнил баланс на 1000000 коинов
07:49:58 | Розыгрыш ставок для игры №9762:
ID 334261610 поставил 1000 коинов на primary и проиграл при выигрышном цвете danger
09:38:06 | Розыгрыш ставок для игры №9763:
ID 504952742 поставил 1000 коинов на primary и выиграл 1500 коинов при выигрышном цвете primary
09:41:14 | Розыгрыш ставок для игры №9764:
ID 317113903 поставил 25000000 коинов на primary и выиграл 37500000 коинов при выигрышном цвете primary
ID 504952742 поставил 1000 коинов на primary и выиграл 1500 коинов при выигрышном цвете primary
09:41:16 | ID 594328860 пополнил баланс на 366000 коинов
09:42:04 | Розыгрыш ставок для игры №9765:
ID 504952742 поставил 1000 коинов на primary и выиграл 1500 коинов при выигрышном цвете primary
09:42:27 | ID 356641795 пополнил баланс на 200 коинов
09:43:08 | Розыгрыш ставок для игры №9766:
ID 504952742 поставил 1000 коинов на primary и проиграл при выигрышном цвете danger
14:44:48 | Розыгрыш ставок для игры №9767:
ID 476600247 поставил 1000 коинов на success и выиграл 2500 коинов при выигрышном цвете success
14:49:59 | ID 417535947 пополнил баланс на 74000 коинов
16:50:17 | ID 468901609 пополнил баланс на 233401000 коинов
16:50:53 | Розыгрыш ставок для игры №9768:
ID 468901609 поставил 233401 коинов на success и проиграл при выигрышном цвете primary
18:26:50 | Розыгрыш ставок для игры №9769:
ID 445582116 поставил 1000 коинов на primary и проиграл при выигрышном цвете danger
19:36:25 | ID 400759054 пополнил баланс на 447000 коинов
20:03:57 | ID 424473269 запросил вывод 1000 коинов; VKC response code: 200
20:31:34 | ID 498359742 пополнил баланс на 8800000 коинов
20:32:13 | Розыгрыш ставок для игры №9770:
ID 498359742 поставил 9800 коинов на primary и выиграл 14700 коинов при выигрышном цвете primary
20:32:58 | Розыгрыш ставок для игры №9771:
ID 498359742 поставил 14700 коинов на success и проиграл при выигрышном цвете primary
20:37:51 | Розыгрыш ставок для игры №9772:
ID 502261175 поставил 1000 коинов на success и проиграл при выигрышном цвете danger
20:47:34 | ID 400759054 пополнил баланс на 100000000 коинов
20:49:15 | Розыгрыш ставок для игры №9773:
ID 400759054 поставил 10000 коинов на primary и проиграл при выигрышном цвете success
20:50:03 | Розыгрыш ставок для игры №9774:
ID 400759054 поставил 40000 коинов на primary и выиграл 60000 коинов при выигрышном цвете primary
20:52:03 | Розыгрыш ставок для игры №9775:
ID 400759054 поставил 50447 коинов на danger и проиграл при выигрышном цвете primary
20:53:07 | Розыгрыш ставок для игры №9776:
ID 400759054 поставил 60000 коинов на danger и проиграл при выигрышном цвете success
23:44:23 | Розыгрыш ставок для игры №9777:
ID 420702064 поставил 50000 коинов на danger и проиграл при выигрышном цвете primary