
00:04:37 | Розыгрыш ставок для игры №9645:
ID 572179403 поставил 1000 коинов на success и проиграл при выигрышном цвете danger
00:05:26 | Розыгрыш ставок для игры №9646:
ID 572179403 поставил 1000 коинов на primary и проиграл при выигрышном цвете success
00:06:18 | Розыгрыш ставок для игры №9647:
ID 572179403 поставил 1000 коинов на primary и проиграл при выигрышном цвете success
00:07:08 | Розыгрыш ставок для игры №9648:
ID 572179403 поставил 1000 коинов на danger и проиграл при выигрышном цвете primary
00:07:58 | Розыгрыш ставок для игры №9649:
ID 572179403 поставил 1000 коинов на success и проиграл при выигрышном цвете danger
00:34:09 | Розыгрыш ставок для игры №9650:
ID 261128560 поставил 1000 коинов на success и проиграл при выигрышном цвете primary
01:49:59 | ID 514473439 пополнил баланс на 1000 коинов
01:50:41 | ID 514473439 пополнил баланс на 325634000 коинов
01:51:53 | Розыгрыш ставок для игры №9651:
ID 514473439 поставил 1000 коинов на danger и проиграл при выигрышном цвете primary
01:52:40 | Розыгрыш ставок для игры №9652:
ID 514473439 поставил 10000 коинов на success и проиграл при выигрышном цвете danger
01:53:47 | Розыгрыш ставок для игры №9653:
ID 514473439 поставил 25000 коинов на success и проиграл при выигрышном цвете primary
01:54:32 | Розыгрыш ставок для игры №9654:
ID 514473439 поставил 250000 коинов на danger и проиграл при выигрышном цвете primary
01:55:23 | Розыгрыш ставок для игры №9655:
ID 514473439 поставил 39635 коинов на success и проиграл при выигрышном цвете primary
03:47:48 | ID 468901609 пополнил баланс на 976324000 коинов
03:48:23 | Розыгрыш ставок для игры №9656:
ID 468901609 поставил 200000 коинов на primary и проиграл при выигрышном цвете success
03:49:07 | Розыгрыш ставок для игры №9657:
ID 468901609 поставил 400000 коинов на primary и проиграл при выигрышном цвете success
03:49:56 | Розыгрыш ставок для игры №9658:
ID 468901609 поставил 376324 коинов на primary и выиграл 564486 коинов при выигрышном цвете primary
03:50:45 | Розыгрыш ставок для игры №9659:
ID 468901609 поставил 504486 коинов на primary и проиграл при выигрышном цвете success
03:51:34 | Розыгрыш ставок для игры №9660:
ID 468901609 поставил 60000 коинов на danger и проиграл при выигрышном цвете primary
12:06:43 | ID 456186968 пополнил баланс на 100000000 коинов
12:07:27 | Розыгрыш ставок для игры №9661:
ID 456186968 поставил 100000 коинов на success и проиграл при выигрышном цвете primary
12:07:55 | ID 456186968 пополнил баланс на 1000000000 коинов
12:12:15 | ID 456186968 запросил вывод 1000000 коинов; VKC response code: 200
15:36:09 | Розыгрыш ставок для игры №9662:
ID 494649303 поставил 1000 коинов на primary и выиграл 1500 коинов при выигрышном цвете primary
15:40:59 | Розыгрыш ставок для игры №9663:
ID 494649303 поставил 1500 коинов на primary и выиграл 2250 коинов при выигрышном цвете primary
17:56:34 | ID 309519253 пополнил баланс на 100000 коинов
17:56:56 | ID 309519253 запросил вывод 100 коинов; VKC response code: 200
19:45:33 | Розыгрыш ставок для игры №9664:
ID 581259196 поставил 1000 коинов на success и проиграл при выигрышном цвете danger
19:56:37 | Розыгрыш ставок для игры №9665:
ID 512555504 поставил 20000 коинов на success и проиграл при выигрышном цвете primary
21:19:29 | Розыгрыш ставок для игры №9666:
ID 278909451 поставил 1000 коинов на primary и выиграл 1500 коинов при выигрышном цвете primary
21:20:13 | Розыгрыш ставок для игры №9667:
ID 278909451 поставил 1000 коинов на success и проиграл при выигрышном цвете danger
21:43:27 | ID 551121216 пополнил баланс на 10000000 коинов
21:44:21 | Розыгрыш ставок для игры №9668:
ID 551121216 поставил 5000 коинов на success и проиграл при выигрышном цвете primary
21:45:29 | Розыгрыш ставок для игры №9669:
ID 551121216 поставил 2000 коинов на danger и проиграл при выигрышном цвете primary
21:46:54 | Розыгрыш ставок для игры №9670:
ID 551121216 поставил 1000 коинов на success и проиграл при выигрышном цвете primary
21:47:50 | Розыгрыш ставок для игры №9671:
ID 551121216 поставил 2000 коинов на danger и проиграл при выигрышном цвете primary
21:48:31 | ID 551121216 пополнил баланс на 10000000 коинов
21:49:20 | Розыгрыш ставок для игры №9672:
ID 551121216 поставил 10000 коинов на danger и проиграл при выигрышном цвете primary
21:50:00 | ID 551121216 пополнил баланс на 20000000 коинов
21:50:46 | Розыгрыш ставок для игры №9673:
ID 551121216 поставил 20000 коинов на primary и проиграл при выигрышном цвете danger
21:53:17 | ID 414966822 пополнил баланс на 570000000 коинов
21:53:51 | Розыгрыш ставок для игры №9674:
ID 414966822 поставил 20000 коинов на success и выиграл 50000 коинов при выигрышном цвете success
21:54:40 | Розыгрыш ставок для игры №9675:
ID 414966822 поставил 10000 коинов на success и проиграл при выигрышном цвете primary
21:55:24 | Розыгрыш ставок для игры №9676:
ID 414966822 поставил 20000 коинов на success и проиграл при выигрышном цвете primary
21:56:16 | Розыгрыш ставок для игры №9677:
ID 414966822 поставил 40000 коинов на success и проиграл при выигрышном цвете danger
21:56:58 | Розыгрыш ставок для игры №9678:
ID 414966822 поставил 80000 коинов на success и выиграл 200000 коинов при выигрышном цвете success
21:57:51 | Розыгрыш ставок для игры №9679:
ID 414966822 поставил 20000 коинов на success и проиграл при выигрышном цвете primary
21:58:36 | Розыгрыш ставок для игры №9680:
ID 414966822 поставил 40000 коинов на success и проиграл при выигрышном цвете danger
21:59:21 | Розыгрыш ставок для игры №9681:
ID 414966822 поставил 80000 коинов на success и проиграл при выигрышном цвете primary
22:00:04 | Розыгрыш ставок для игры №9682:
ID 414966822 поставил 160000 коинов на success и выиграл 400000 коинов при выигрышном цвете success
22:00:51 | Розыгрыш ставок для игры №9683:
ID 414966822 поставил 20000 коинов на success и выиграл 50000 коинов при выигрышном цвете success
22:01:35 | Розыгрыш ставок для игры №9684:
ID 414966822 поставил 40000 коинов на primary и проиграл при выигрышном цвете success
22:02:16 | Розыгрыш ставок для игры №9685:
ID 414966822 поставил 160000 коинов на primary и выиграл 240000 коинов при выигрышном цвете primary
22:03:05 | Розыгрыш ставок для игры №9686:
ID 414966822 поставил 20000 коинов на primary и проиграл при выигрышном цвете danger
22:03:49 | Розыгрыш ставок для игры №9687:
ID 414966822 поставил 80000 коинов на primary и проиграл при выигрышном цвете success
22:04:31 | Розыгрыш ставок для игры №9688:
ID 414966822 поставил 720000 коинов на primary и выиграл 1080000 коинов при выигрышном цвете primary
22:05:02 | ID 414966822 запросил вывод 1000000 коинов; VKC response code: 200
22:05:36 | Розыгрыш ставок для игры №9689:
ID 414966822 поставил 80000 коинов на primary и проиграл при выигрышном цвете success
22:33:06 | ID 174009914 пополнил баланс на 1531000 коинов
22:33:51 | Розыгрыш ставок для игры №9690:
ID 174009914 поставил 1531 коинов на success и проиграл при выигрышном цвете primary
22:45:56 | Розыгрыш ставок для игры №9691:
ID 224690421 поставил 15917 коинов на success и выиграл 39792.5 коинов при выигрышном цвете success
22:46:48 | Розыгрыш ставок для игры №9692:
ID 224690421 поставил 39792 коинов на primary и выиграл 59688 коинов при выигрышном цвете primary
22:47:35 | Розыгрыш ставок для игры №9693:
ID 224690421 поставил 59688 коинов на primary и выиграл 89532 коинов при выигрышном цвете primary
22:48:17 | Розыгрыш ставок для игры №9694:
ID 224690421 поставил 1000 коинов на danger и проиграл при выигрышном цвете primary
22:49:09 | Розыгрыш ставок для игры №9695:
ID 224690421 поставил 2000 коинов на danger и выиграл 9000 коинов при выигрышном цвете danger
22:49:58 | Розыгрыш ставок для игры №9696:
ID 224690421 поставил 1000 коинов на success и проиграл при выигрышном цвете danger
22:50:41 | Розыгрыш ставок для игры №9697:
ID 224690421 поставил 4000 коинов на success и выиграл 10000 коинов при выигрышном цвете success
22:51:29 | Розыгрыш ставок для игры №9698:
ID 224690421 поставил 4000 коинов на primary и проиграл при выигрышном цвете danger
22:52:12 | Розыгрыш ставок для игры №9699:
ID 224690421 поставил 16000 коинов на primary и проиграл при выигрышном цвете success
22:53:06 | Розыгрыш ставок для игры №9700:
ID 224690421 поставил 80532 коинов на primary и проиграл при выигрышном цвете success