
01:10:52 | ID 506433098 пополнил баланс на 100000000 коинов
01:11:31 | Розыгрыш ставок для игры №10232:
ID 506433098 поставил 100000 коинов на success и проиграл при выигрышном цвете danger
02:01:33 | ID 469132408 запросил вывод 3010 коинов; VKC response code: 200
02:26:18 | Розыгрыш ставок для игры №10233:
ID 260926229 поставил 1000 коинов на danger и проиграл при выигрышном цвете success
06:06:06 | ID 167021640 пополнил баланс на 1000000000 коинов
06:07:32 | Розыгрыш ставок для игры №10234:
ID 167021640 поставил 200000 коинов на primary и выиграл 300000 коинов при выигрышном цвете primary
06:08:28 | Розыгрыш ставок для игры №10235:
ID 167021640 поставил 100000 коинов на primary и выиграл 150000 коинов при выигрышном цвете primary
06:09:20 | Розыгрыш ставок для игры №10236:
ID 167021640 поставил 250000 коинов на success и проиграл при выигрышном цвете primary
06:10:03 | Розыгрыш ставок для игры №10237:
ID 167021640 поставил 400000 коинов на danger и проиграл при выигрышном цвете primary
06:11:31 | Розыгрыш ставок для игры №10238:
ID 167021640 поставил 500000 коинов на danger и проиграл при выигрышном цвете primary
12:47:33 | ID 561307198 пополнил баланс на 500000000 коинов
12:48:08 | Розыгрыш ставок для игры №10239:
ID 561307198 поставил 250000 коинов на success и выиграл 625000 коинов при выигрышном цвете success
12:49:00 | Розыгрыш ставок для игры №10240:
ID 561307198 поставил 875100 коинов на primary и выиграл 1312650 коинов при выигрышном цвете primary
12:53:11 | Розыгрыш ставок для игры №10241:
ID 561307198 поставил 1312650 коинов на success и выиграл 3281625 коинов при выигрышном цвете success
12:57:40 | ID 561307198 запросил вывод 600000 коинов; VKC response code: 200
12:57:58 | Розыгрыш ставок для игры №10242:
ID 561307198 поставил 2625300 коинов на primary и выиграл 3937950 коинов при выигрышном цвете primary
15:04:22 | ID 522285059 пополнил баланс на 111111000 коинов
15:05:14 | ID 561307198 запросил вывод 900000 коинов; VKC response code: 200
15:05:36 | Розыгрыш ставок для игры №10243:
ID 561307198 поставил 3000000 коинов на danger и проиграл при выигрышном цвете primary
ID 522285059 поставил 50000 коинов на danger и проиграл при выигрышном цвете primary
15:06:56 | Розыгрыш ставок для игры №10244:
ID 522285059 поставил 50000 коинов на primary и проиграл при выигрышном цвете success
15:07:03 | ID 522285059 пополнил баланс на 500000000 коинов
15:08:19 | Розыгрыш ставок для игры №10245:
ID 522285059 поставил 25000 коинов на success и выиграл 62500 коинов при выигрышном цвете success
15:09:27 | Розыгрыш ставок для игры №10246:
ID 522285059 поставил 150000 коинов на danger и проиграл при выигрышном цвете primary
15:10:33 | Розыгрыш ставок для игры №10247:
ID 522285059 поставил 400000 коинов на primary и выиграл 600000 коинов при выигрышном цвете primary
15:11:50 | Розыгрыш ставок для игры №10248:
ID 522285059 поставил 300000 коинов на primary и выиграл 450000 коинов при выигрышном цвете primary
15:13:19 | Розыгрыш ставок для игры №10249:
ID 522285059 поставил 100000 коинов на success и выиграл 250000 коинов при выигрышном цвете success
15:14:40 | Розыгрыш ставок для игры №10250:
ID 522285059 поставил 100000 коинов на primary и выиграл 150000 коинов при выигрышном цвете primary
15:17:06 | Розыгрыш ставок для игры №10251:
ID 522285059 поставил 150000 коинов на primary и выиграл 225000 коинов при выигрышном цвете primary
15:18:14 | Розыгрыш ставок для игры №10252:
ID 522285059 поставил 150000 коинов на primary и выиграл 225000 коинов при выигрышном цвете primary
15:19:21 | Розыгрыш ставок для игры №10253:
ID 522285059 поставил 150000 коинов на success и выиграл 375000 коинов при выигрышном цвете success
15:20:25 | Розыгрыш ставок для игры №10254:
ID 522285059 поставил 150000 коинов на primary и проиграл при выигрышном цвете danger
15:21:36 | Розыгрыш ставок для игры №10255:
ID 522285059 поставил 150000 коинов на primary и проиграл при выигрышном цвете danger
15:23:05 | Розыгрыш ставок для игры №10256:
ID 522285059 поставил 150000 коинов на primary и проиграл при выигрышном цвете success
15:24:40 | Розыгрыш ставок для игры №10257:
ID 522285059 поставил 300000 коинов на primary и выиграл 450000 коинов при выигрышном цвете primary
15:25:45 | Розыгрыш ставок для игры №10258:
ID 522285059 поставил 300000 коинов на success и проиграл при выигрышном цвете primary
15:27:06 | Розыгрыш ставок для игры №10259:
ID 522285059 поставил 300000 коинов на primary и выиграл 450000 коинов при выигрышном цвете primary
15:28:36 | Розыгрыш ставок для игры №10260:
ID 522285059 поставил 150000 коинов на primary и проиграл при выигрышном цвете success
15:29:38 | Розыгрыш ставок для игры №10261:
ID 522285059 поставил 150000 коинов на primary и выиграл 225000 коинов при выигрышном цвете primary
15:31:01 | Розыгрыш ставок для игры №10262:
ID 522285059 поставил 150000 коинов на primary и выиграл 225000 коинов при выигрышном цвете primary
15:32:05 | Розыгрыш ставок для игры №10263:
ID 522285059 поставил 150000 коинов на danger и проиграл при выигрышном цвете success
15:33:03 | Розыгрыш ставок для игры №10264:
ID 522285059 поставил 150000 коинов на danger и проиграл при выигрышном цвете primary
15:34:04 | Розыгрыш ставок для игры №10265:
ID 522285059 поставил 150000 коинов на primary и проиграл при выигрышном цвете success
15:35:37 | Розыгрыш ставок для игры №10266:
ID 522285059 поставил 150000 коинов на danger и выиграл 675000 коинов при выигрышном цвете danger
15:37:09 | Розыгрыш ставок для игры №10267:
ID 522285059 поставил 150000 коинов на primary и выиграл 225000 коинов при выигрышном цвете primary
15:38:20 | Розыгрыш ставок для игры №10268:
ID 522285059 поставил 150000 коинов на primary и проиграл при выигрышном цвете success
15:39:54 | Розыгрыш ставок для игры №10269:
ID 522285059 поставил 150000 коинов на success и проиграл при выигрышном цвете primary
15:40:58 | Розыгрыш ставок для игры №10270:
ID 522285059 поставил 150000 коинов на primary и проиграл при выигрышном цвете danger
15:42:08 | Розыгрыш ставок для игры №10271:
ID 522285059 поставил 300000 коинов на danger и проиграл при выигрышном цвете success
15:42:57 | Розыгрыш ставок для игры №10272:
ID 522285059 поставил 275000 коинов на success и проиграл при выигрышном цвете primary
16:22:38 | Розыгрыш ставок для игры №10273:
ID 550282410 поставил 1000 коинов на success и проиграл при выигрышном цвете danger
18:43:38 | Розыгрыш ставок для игры №10274:
ID 561307198 поставил 90000 коинов на danger и выиграл 405000 коинов при выигрышном цвете danger
18:44:34 | Розыгрыш ставок для игры №10275:
ID 561307198 поставил 400000 коинов на primary и выиграл 600000 коинов при выигрышном цвете primary
18:48:33 | Розыгрыш ставок для игры №10276:
ID 561307198 поставил 600000 коинов на success и проиграл при выигрышном цвете primary
18:57:57 | ID 561307198 пополнил баланс на 5000000000 коинов
18:59:24 | Розыгрыш ставок для игры №10277:
ID 561307198 поставил 500000 коинов на success и проиграл при выигрышном цвете primary
19:00:56 | Розыгрыш ставок для игры №10278:
ID 561307198 поставил 1000000 коинов на success и проиграл при выигрышном цвете primary
19:02:53 | Розыгрыш ставок для игры №10279:
ID 561307198 поставил 2000000 коинов на success и выиграл 5000000 коинов при выигрышном цвете success
19:03:46 | Розыгрыш ставок для игры №10280:
ID 561307198 поставил 2000000 коинов на success и проиграл при выигрышном цвете primary
19:05:23 | Розыгрыш ставок для игры №10281:
ID 561307198 поставил 2000000 коинов на success и выиграл 5000000 коинов при выигрышном цвете success
19:06:38 | Розыгрыш ставок для игры №10282:
ID 561307198 поставил 4000000 коинов на primary и проиграл при выигрышном цвете danger
19:07:54 | Розыгрыш ставок для игры №10283:
ID 561307198 поставил 3500000 коинов на primary и проиграл при выигрышном цвете success
19:12:18 | ID 561307198 пополнил баланс на 15000000000 коинов
19:12:54 | Розыгрыш ставок для игры №10284:
ID 561307198 поставил 5000000 коинов на primary и проиграл при выигрышном цвете danger
19:14:38 | Розыгрыш ставок для игры №10285:
ID 561307198 поставил 10000000 коинов на primary и выиграл 15000000 коинов при выигрышном цвете primary
19:15:26 | Розыгрыш ставок для игры №10286:
ID 561307198 поставил 15000000 коинов на primary и проиграл при выигрышном цвете success
22:54:43 | ID 229694558 пополнил баланс на 500000000 коинов
22:55:31 | Розыгрыш ставок для игры №10287:
ID 229694558 поставил 250000 коинов на danger и проиграл при выигрышном цвете primary
22:56:00 | ID 229694558 пополнил баланс на 4500000000 коинов
22:56:15 | Розыгрыш ставок для игры №10288:
ID 229694558 поставил 250000 коинов на danger и проиграл при выигрышном цвете success
22:56:59 | Розыгрыш ставок для игры №10289:
ID 229694558 поставил 500000 коинов на danger и выиграл 2250000 коинов при выигрышном цвете danger
22:57:56 | Розыгрыш ставок для игры №10290:
ID 229694558 поставил 250000 коинов на danger и проиграл при выигрышном цвете primary
22:58:43 | Розыгрыш ставок для игры №10291:
ID 229694558 поставил 250000 коинов на danger и проиграл при выигрышном цвете primary
22:59:28 | Розыгрыш ставок для игры №10292:
ID 229694558 поставил 250000 коинов на danger и проиграл при выигрышном цвете primary
23:00:11 | Розыгрыш ставок для игры №10293:
ID 229694558 поставил 250000 коинов на danger и проиграл при выигрышном цвете primary
23:00:54 | Розыгрыш ставок для игры №10294:
ID 229694558 поставил 250000 коинов на danger и проиграл при выигрышном цвете primary
23:01:40 | Розыгрыш ставок для игры №10295:
ID 229694558 поставил 500000 коинов на danger и проиграл при выигрышном цвете primary
23:02:24 | Розыгрыш ставок для игры №10296:
ID 229694558 поставил 500000 коинов на danger и проиграл при выигрышном цвете success
23:03:08 | Розыгрыш ставок для игры №10297:
ID 229694558 поставил 500000 коинов на danger и проиграл при выигрышном цвете primary
23:03:57 | Розыгрыш ставок для игры №10298:
ID 229694558 поставил 750000 коинов на danger и проиграл при выигрышном цвете success
23:04:43 | Розыгрыш ставок для игры №10299:
ID 229694558 поставил 750000 коинов на danger и выиграл 3375000 коинов при выигрышном цвете danger
23:05:32 | Розыгрыш ставок для игры №10300:
ID 229694558 поставил 375000 коинов на danger и проиграл при выигрышном цвете success
23:06:21 | Розыгрыш ставок для игры №10301:
ID 229694558 поставил 250000 коинов на danger и проиграл при выигрышном цвете primary
23:07:06 | Розыгрыш ставок для игры №10302:
ID 229694558 поставил 250000 коинов на danger и выиграл 1125000 коинов при выигрышном цвете danger
23:08:00 | Розыгрыш ставок для игры №10303:
ID 229694558 поставил 125000 коинов на danger и выиграл 562500 коинов при выигрышном цвете danger
23:08:52 | Розыгрыш ставок для игры №10304:
ID 229694558 поставил 625000 коинов на success и проиграл при выигрышном цвете danger
23:09:37 | Розыгрыш ставок для игры №10305:
ID 229694558 поставил 437500 коинов на success и проиграл при выигрышном цвете primary
23:10:29 | Розыгрыш ставок для игры №10306:
ID 229694558 поставил 1250000 коинов на success и проиграл при выигрышном цвете primary
23:11:11 | Розыгрыш ставок для игры №10307:
ID 229694558 поставил 1250000 коинов на success и проиграл при выигрышном цвете primary
23:11:58 | Розыгрыш ставок для игры №10308:
ID 229694558 поставил 2500000 коинов на success и проиграл при выигрышном цвете primary