
09:48:48 | ID 458790334 пополнил баланс на 1000000 коинов
09:49:31 | Розыгрыш ставок для игры №9701:
ID 458790334 поставил 1000 коинов на danger и выиграл 4500 коинов при выигрышном цвете danger
09:50:18 | Розыгрыш ставок для игры №9702:
ID 458790334 поставил 2000 коинов на danger и выиграл 9000 коинов при выигрышном цвете danger
09:52:27 | Розыгрыш ставок для игры №9703:
ID 458790334 поставил 1000 коинов на danger и проиграл при выигрышном цвете primary
10:38:50 | ID 201213372 пополнил баланс на 10000000 коинов
10:39:31 | Розыгрыш ставок для игры №9704:
ID 201213372 поставил 1000 коинов на success и проиграл при выигрышном цвете primary
10:40:14 | Розыгрыш ставок для игры №9705:
ID 201213372 поставил 2000 коинов на success и выиграл 5000 коинов при выигрышном цвете success
10:40:49 | ID 201213372 пополнил баланс на 100000000 коинов
10:41:01 | Розыгрыш ставок для игры №9706:
ID 201213372 поставил 44000 коинов на success и проиграл при выигрышном цвете primary
10:41:01 | Розыгрыш ставок для игры №9706:
ID 201213372 поставил 44000 коинов на success и проиграл при выигрышном цвете primary
10:41:26 | ID 201213372 пополнил баланс на 400000000 коинов
10:41:45 | Розыгрыш ставок для игры №9708:
ID 201213372 поставил 128000 коинов на success и выиграл 320000 коинов при выигрышном цвете success
10:42:32 | Розыгрыш ставок для игры №9709:
ID 201213372 поставил 256000 коинов на success и проиграл при выигрышном цвете primary
10:43:15 | Розыгрыш ставок для игры №9710:
ID 201213372 поставил 320000 коинов на success и проиграл при выигрышном цвете danger
10:44:03 | Розыгрыш ставок для игры №9711:
ID 201213372 поставил 84000 коинов на success и проиграл при выигрышном цвете primary
11:49:48 | Розыгрыш ставок для игры №9712:
ID 573269422 поставил 1000 коинов на success и проиграл при выигрышном цвете primary
13:40:40 | ID 543208801 пополнил баланс на 500000000 коинов
13:41:29 | Розыгрыш ставок для игры №9713:
ID 543208801 поставил 500000 коинов на danger и проиграл при выигрышном цвете primary
14:57:51 | Розыгрыш ставок для игры №9714:
ID 573784055 поставил 1000 коинов на success и выиграл 2500 коинов при выигрышном цвете success
14:59:13 | ID 573784055 запросил вывод 2500 коинов; VKC response code: 200
15:59:54 | Розыгрыш ставок для игры №9715:
ID 589631183 поставил 100000 коинов на primary и проиграл при выигрышном цвете success
16:00:19 | ID 589631183 запросил вывод 100000 коинов; VKC response code: 200
16:00:26 | ID 412249318 пополнил баланс на 1191293000 коинов
16:00:38 | Розыгрыш ставок для игры №9716:
ID 589631183 поставил 100000 коинов на primary и проиграл при выигрышном цвете success
16:01:20 | Розыгрыш ставок для игры №9717:
ID 412249318 поставил 50000 коинов на danger и проиграл при выигрышном цвете primary
16:02:10 | Розыгрыш ставок для игры №9718:
ID 412249318 поставил 141303 коинов на primary и проиграл при выигрышном цвете danger
16:03:04 | Розыгрыш ставок для игры №9719:
ID 412249318 поставил 1000000 коинов на primary и проиграл при выигрышном цвете danger
16:03:44 | ID 573784055 пополнил баланс на 100000000 коинов
16:04:08 | Розыгрыш ставок для игры №9720:
ID 284244851 поставил 1000 коинов на danger и проиграл при выигрышном цвете primary
ID 573784055 поставил 100000 коинов на success и проиграл при выигрышном цвете primary
18:33:14 | Розыгрыш ставок для игры №9721:
ID 562533869 поставил 1000 коинов на primary и проиграл при выигрышном цвете success