
00:00:37 | Розыгрыш ставок для игры №8661:
ID 561543242 поставил 1008 коинов на primary и проиграл при выигрышном цвете danger
00:01:54 | Розыгрыш ставок для игры №8662:
ID 561543242 поставил 9000 коинов на primary и выиграл 13500 коинов при выигрышном цвете primary
00:02:45 | Розыгрыш ставок для игры №8663:
ID 561543242 поставил 9000 коинов на danger и проиграл при выигрышном цвете success
00:03:39 | Розыгрыш ставок для игры №8664:
ID 561543242 поставил 4000 коинов на primary и выиграл 6000 коинов при выигрышном цвете primary
00:06:59 | ID 562427284 пополнил баланс на 100000000 коинов
00:07:35 | Розыгрыш ставок для игры №8665:
ID 562427284 поставил 100000 коинов на danger и выиграл 450000 коинов при выигрышном цвете danger
00:08:00 | ID 562427284 запросил вывод 400000 коинов; VKC response code: 200
00:08:24 | Розыгрыш ставок для игры №8666:
ID 562427284 поставил 50000 коинов на success и выиграл 125000 коинов при выигрышном цвете success
00:08:46 | ID 562427284 запросил вывод 25000 коинов; VKC response code: 200
00:09:33 | Розыгрыш ставок для игры №8667:
ID 562427284 поставил 100000 коинов на success и проиграл при выигрышном цвете primary
00:28:36 | ID 489677842 пополнил баланс на 50000000 коинов
00:29:16 | Розыгрыш ставок для игры №8668:
ID 489677842 поставил 50000 коинов на danger и проиграл при выигрышном цвете primary
03:01:33 | Розыгрыш ставок для игры №8669:
ID 468901609 поставил 1111 коинов на primary и проиграл при выигрышном цвете success
03:02:17 | Розыгрыш ставок для игры №8670:
ID 468901609 поставил 2222 коинов на primary и выиграл 3333 коинов при выигрышном цвете primary
03:03:11 | Розыгрыш ставок для игры №8671:
ID 468901609 поставил 1111 коинов на primary и выиграл 1666.5 коинов при выигрышном цвете primary
03:03:57 | Розыгрыш ставок для игры №8672:
ID 468901609 поставил 1111 коинов на danger и проиграл при выигрышном цвете success
03:04:48 | Розыгрыш ставок для игры №8673:
ID 468901609 поставил 1111 коинов на danger и выиграл 4999.5 коинов при выигрышном цвете danger
03:05:41 | Розыгрыш ставок для игры №8674:
ID 468901609 поставил 7388 коинов на primary и проиграл при выигрышном цвете success
04:31:23 | ID 468901609 пополнил баланс на 22222000 коинов
04:31:58 | Розыгрыш ставок для игры №8675:
ID 468901609 поставил 1111 коинов на primary и проиграл при выигрышном цвете success
ID 534975019 поставил 1000 коинов на danger и проиграл при выигрышном цвете success
04:33:12 | Розыгрыш ставок для игры №8676:
ID 468901609 поставил 1111 коинов на primary и выиграл 1666.5 коинов при выигрышном цвете primary
04:33:58 | Розыгрыш ставок для игры №8677:
ID 468901609 поставил 1666 коинов на danger и проиграл при выигрышном цвете primary
04:34:47 | Розыгрыш ставок для игры №8678:
ID 468901609 поставил 1666 коинов на success и проиграл при выигрышном цвете danger
04:35:37 | Розыгрыш ставок для игры №8679:
ID 468901609 поставил 6666 коинов на danger и проиграл при выигрышном цвете success
04:36:20 | Розыгрыш ставок для игры №8680:
ID 468901609 поставил 6666 коинов на danger и проиграл при выигрышном цвете success
04:37:04 | Розыгрыш ставок для игры №8681:
ID 468901609 поставил 5002 коинов на danger и выиграл 22509 коинов при выигрышном цвете danger
04:37:54 | Розыгрыш ставок для игры №8682:
ID 468901609 поставил 22509 коинов на primary и проиграл при выигрышном цвете success
05:40:00 | ID 468901609 пополнил баланс на 50000000 коинов
05:40:44 | Розыгрыш ставок для игры №8683:
ID 468901609 поставил 10000 коинов на primary и выиграл 15000 коинов при выигрышном цвете primary
05:41:35 | Розыгрыш ставок для игры №8684:
ID 468901609 поставил 10000 коинов на primary и выиграл 15000 коинов при выигрышном цвете primary
05:42:22 | Розыгрыш ставок для игры №8685:
ID 468901609 поставил 10000 коинов на success и проиграл при выигрышном цвете primary
05:43:14 | Розыгрыш ставок для игры №8686:
ID 468901609 поставил 11111 коинов на danger и выиграл 49999.5 коинов при выигрышном цвете danger
05:44:17 | Розыгрыш ставок для игры №8687:
ID 468901609 поставил 22222 коинов на success и проиграл при выигрышном цвете primary
05:45:04 | Розыгрыш ставок для игры №8688:
ID 468901609 поставил 22222 коинов на success и проиграл при выигрышном цвете danger
05:45:50 | Розыгрыш ставок для игры №8689:
ID 468901609 поставил 33333 коинов на success и выиграл 83332.5 коинов при выигрышном цвете success
05:46:39 | Розыгрыш ставок для игры №8690:
ID 468901609 поставил 4444 коинов на primary и выиграл 6666 коинов при выигрышном цвете primary
05:53:04 | ID 589502862 пополнил баланс на 10000000000 коинов
05:53:44 | Розыгрыш ставок для игры №8691:
ID 589502862 поставил 100000 коинов на danger и проиграл при выигрышном цвете primary
05:54:26 | Розыгрыш ставок для игры №8692:
ID 589502862 поставил 200000 коинов на danger и выиграл 900000 коинов при выигрышном цвете danger
05:55:13 | Розыгрыш ставок для игры №8693:
ID 589502862 поставил 300000 коинов на success и проиграл при выигрышном цвете danger
05:55:55 | Розыгрыш ставок для игры №8694:
ID 589502862 поставил 800000 коинов на success и проиграл при выигрышном цвете primary
05:56:36 | Розыгрыш ставок для игры №8695:
ID 589502862 поставил 1500000 коинов на success и выиграл 3750000 коинов при выигрышном цвете success
05:57:27 | Розыгрыш ставок для игры №8696:
ID 589502862 поставил 50000 коинов на primary и проиграл при выигрышном цвете danger
05:58:10 | Розыгрыш ставок для игры №8697:
ID 589502862 поставил 700000 коинов на primary и выиграл 1050000 коинов при выигрышном цвете primary
05:58:58 | Розыгрыш ставок для игры №8698:
ID 589502862 поставил 50000 коинов на danger и проиграл при выигрышном цвете primary
05:59:42 | Розыгрыш ставок для игры №8699:
ID 589502862 поставил 200000 коинов на danger и проиграл при выигрышном цвете primary
06:00:25 | Розыгрыш ставок для игры №8700:
ID 589502862 поставил 800000 коинов на danger и проиграл при выигрышном цвете success
06:01:06 | Розыгрыш ставок для игры №8701:
ID 589502862 поставил 1600000 коинов на danger и выиграл 7200000 коинов при выигрышном цвете danger
06:01:52 | Розыгрыш ставок для игры №8702:
ID 589502862 поставил 600000 коинов на danger и проиграл при выигрышном цвете primary
06:02:34 | Розыгрыш ставок для игры №8703:
ID 589502862 поставил 1200000 коинов на success и проиграл при выигрышном цвете primary
06:03:21 | Розыгрыш ставок для игры №8704:
ID 589502862 поставил 4800000 коинов на success и проиграл при выигрышном цвете danger
06:04:06 | Розыгрыш ставок для игры №8705:
ID 589502862 поставил 10000000 коинов на success и проиграл при выигрышном цвете primary
06:20:15 | Розыгрыш ставок для игры №8706:
ID 468901609 поставил 10000 коинов на primary и выиграл 15000 коинов при выигрышном цвете primary
06:21:18 | Розыгрыш ставок для игры №8707:
ID 468901609 поставил 11111 коинов на success и выиграл 27777.5 коинов при выигрышном цвете success
06:21:39 | ID 468901609 запросил вывод 118332 коинов; VKC response code: 200
07:57:11 | ID 483439467 пополнил баланс на 1000 коинов
08:41:40 | Розыгрыш ставок для игры №8708:
ID 561543242 поставил 6900 коинов на success и проиграл при выигрышном цвете primary
08:42:32 | ID 561543242 пополнил баланс на 1000000 коинов
08:43:30 | Розыгрыш ставок для игры №8709:
ID 561543242 поставил 1000 коинов на primary и проиграл при выигрышном цвете success
10:09:05 | ID 406604172 пополнил баланс на 1000000 коинов
10:09:53 | Розыгрыш ставок для игры №8710:
ID 406604172 поставил 1000 коинов на primary и проиграл при выигрышном цвете success
10:10:42 | ID 406604172 пополнил баланс на 1000000 коинов
10:10:43 | ID 468901609 пополнил баланс на 30000000 коинов
10:11:17 | Розыгрыш ставок для игры №8711:
ID 468901609 поставил 10000 коинов на primary и проиграл при выигрышном цвете success
ID 406604172 поставил 1000 коинов на primary и проиграл при выигрышном цвете success
10:12:01 | Розыгрыш ставок для игры №8712:
ID 468901609 поставил 20000 коинов на primary и проиграл при выигрышном цвете success
10:12:01 | Розыгрыш ставок для игры №8713:
ID 468901609 поставил 20000 коинов на primary и проиграл при выигрышном цвете success
10:12:21 | ID 468901609 пополнил баланс на 50000000 коинов
10:12:56 | Розыгрыш ставок для игры №8714:
ID 468901609 поставил 30000 коинов на primary и выиграл 45000 коинов при выигрышном цвете primary
10:13:56 | Розыгрыш ставок для игры №8715:
ID 468901609 поставил 10000 коинов на danger и проиграл при выигрышном цвете primary
10:14:39 | Розыгрыш ставок для игры №8716:
ID 468901609 поставил 10000 коинов на danger и проиграл при выигрышном цвете primary
10:15:24 | Розыгрыш ставок для игры №8717:
ID 468901609 поставил 15000 коинов на danger и проиграл при выигрышном цвете primary
10:16:03 | ID 427382210 пополнил баланс на 10000000 коинов
10:16:16 | Розыгрыш ставок для игры №8718:
ID 468901609 поставил 10000 коинов на danger и проиграл при выигрышном цвете success
ID 427382210 поставил 1000 коинов на primary и проиграл при выигрышном цвете success
10:17:00 | Розыгрыш ставок для игры №8719:
ID 427382210 поставил 9000 коинов на primary и проиграл при выигрышном цвете danger
ID 468901609 поставил 11111 коинов на danger и выиграл 49999.5 коинов при выигрышном цвете danger
10:17:52 | Розыгрыш ставок для игры №8720:
ID 468901609 поставил 58888 коинов на primary и выиграл 88332 коинов при выигрышном цвете primary
10:18:40 | Розыгрыш ставок для игры №8721:
ID 468901609 поставил 1332 коинов на success и проиграл при выигрышном цвете primary
10:19:34 | Розыгрыш ставок для игры №8722:
ID 468901609 поставил 7000 коинов на success и проиграл при выигрышном цвете danger
10:20:19 | Розыгрыш ставок для игры №8723:
ID 468901609 поставил 30000 коинов на success и проиграл при выигрышном цвете primary
10:21:06 | Розыгрыш ставок для игры №8724:
ID 468901609 поставил 33333 коинов на success и выиграл 83332.5 коинов при выигрышном цвете success
10:22:05 | Розыгрыш ставок для игры №8725:
ID 468901609 поставил 10000 коинов на primary и проиграл при выигрышном цвете success
10:22:55 | Розыгрыш ставок для игры №8726:
ID 468901609 поставил 30000 коинов на primary и проиграл при выигрышном цвете danger
10:23:55 | Розыгрыш ставок для игры №8727:
ID 468901609 поставил 60000 коинов на primary и проиграл при выигрышном цвете success
10:24:19 | ID 468901609 пополнил баланс на 500000000 коинов
10:24:56 | Розыгрыш ставок для игры №8728:
ID 468901609 поставил 500000 коинов на primary и выиграл 750000 коинов при выигрышном цвете primary
10:25:45 | Розыгрыш ставок для игры №8729:
ID 468901609 поставил 20000 коинов на primary и выиграл 30000 коинов при выигрышном цвете primary
10:26:35 | Розыгрыш ставок для игры №8730:
ID 468901609 поставил 20000 коинов на success и проиграл при выигрышном цвете primary
10:27:19 | Розыгрыш ставок для игры №8731:
ID 468901609 поставил 40000 коинов на success и проиграл при выигрышном цвете primary
10:28:05 | Розыгрыш ставок для игры №8732:
ID 468901609 поставил 100000 коинов на success и проиграл при выигрышном цвете primary
10:28:55 | Розыгрыш ставок для игры №8733:
ID 468901609 поставил 200000 коинов на success и проиграл при выигрышном цвете primary
10:29:46 | Розыгрыш ставок для игры №8734:
ID 468901609 поставил 300000 коинов на success и проиграл при выигрышном цвете danger
10:30:13 | ID 468901609 пополнил баланс на 500000000 коинов
10:30:51 | Розыгрыш ставок для игры №8735:
ID 468901609 поставил 600000 коинов на success и проиграл при выигрышном цвете primary
10:31:18 | ID 468901609 пополнил баланс на 500000000 коинов
10:31:53 | Розыгрыш ставок для игры №8736:
ID 468901609 поставил 500000 коинов на success и проиграл при выигрышном цвете danger
10:36:36 | ID 468901609 пополнил баланс на 650000000 коинов
10:37:16 | Розыгрыш ставок для игры №8737:
ID 468901609 поставил 20000 коинов на primary и выиграл 30000 коинов при выигрышном цвете primary
10:38:12 | Розыгрыш ставок для игры №8738:
ID 468901609 поставил 111111 коинов на danger и проиграл при выигрышном цвете primary
10:39:01 | Розыгрыш ставок для игры №8739:
ID 468901609 поставил 111111 коинов на success и проиграл при выигрышном цвете danger
10:39:43 | Розыгрыш ставок для игры №8740:
ID 468901609 поставил 437778 коинов на success и проиграл при выигрышном цвете danger
10:40:18 | ID 468901609 пополнил баланс на 1000000000 коинов
10:40:54 | Розыгрыш ставок для игры №8741:
ID 468901609 поставил 1000000 коинов на success и проиграл при выигрышном цвете danger
10:41:13 | ID 468901609 пополнил баланс на 2000000000 коинов
10:41:50 | Розыгрыш ставок для игры №8742:
ID 468901609 поставил 2000000 коинов на success и выиграл 5000000 коинов при выигрышном цвете success
10:43:44 | Розыгрыш ставок для игры №8743:
ID 468901609 поставил 555555 коинов на primary и выиграл 833332.5 коинов при выигрышном цвете primary
10:44:40 | Розыгрыш ставок для игры №8744:
ID 468901609 поставил 1000000 коинов на primary и выиграл 1500000 коинов при выигрышном цвете primary
10:48:22 | ID 468901609 запросил вывод 5777778 коинов; VKC response code: 200
10:51:01 | ID 468901609 пополнил баланс на 222350000 коинов
10:51:55 | ID 468901609 запросил вывод 100 коинов; VKC response code: 200
10:52:48 | Розыгрыш ставок для игры №8745:
ID 314338421 поставил 1000 коинов на primary и выиграл 1500 коинов при выигрышном цвете primary
10:53:15 | ID 468901609 запросил вывод 95 коинов; VKC response code: 200
10:53:30 | ID 468901609 запросил вывод 90 коинов; VKC response code: 200
10:53:35 | Розыгрыш ставок для игры №8746:
ID 468901609 поставил 11111 коинов на danger и проиграл при выигрышном цвете primary
ID 314338421 поставил 1000 коинов на success и проиграл при выигрышном цвете primary
10:54:24 | Розыгрыш ставок для игры №8747:
ID 468901609 поставил 20000 коинов на danger и проиграл при выигрышном цвете primary
10:56:50 | ID 468901609 запросил вывод 10 коинов; VKC response code: 200
11:09:22 | ID 468901609 запросил вывод 190944 коинов; VKC response code: 200
11:58:38 | Розыгрыш ставок для игры №8748:
ID 479918273 поставил 1000 коинов на danger и выиграл 4500 коинов при выигрышном цвете danger
12:34:57 | ID 458162388 пополнил баланс на 5000000000 коинов
12:35:39 | Розыгрыш ставок для игры №8749:
ID 458162388 поставил 500000 коинов на primary и выиграл 750000 коинов при выигрышном цвете primary
12:36:27 | Розыгрыш ставок для игры №8750:
ID 458162388 поставил 250000 коинов на success и проиграл при выигрышном цвете primary
12:37:35 | Розыгрыш ставок для игры №8751:
ID 458162388 поставил 5000000 коинов на success и проиграл при выигрышном цвете danger
12:38:08 | ID 458162388 пополнил баланс на 10000000000 коинов
12:38:43 | Розыгрыш ставок для игры №8752:
ID 458162388 поставил 500000 коинов на success и проиграл при выигрышном цвете primary
12:39:37 | Розыгрыш ставок для игры №8753:
ID 458162388 поставил 9500000 коинов на success и выиграл 23750000 коинов при выигрышном цвете success
12:40:08 | ID 458162388 запросил вывод 23750000 коинов; VKC response code: 200
12:41:15 | ID 541825893 пополнил баланс на 1500000000 коинов
12:41:55 | Розыгрыш ставок для игры №8754:
ID 541825893 поставил 1500000 коинов на danger и проиграл при выигрышном цвете primary
12:53:57 | ID 438433450 пополнил баланс на 1000000 коинов
12:54:41 | Розыгрыш ставок для игры №8755:
ID 438433450 поставил 1000 коинов на primary и проиграл при выигрышном цвете danger
13:12:02 | ID 531237497 пополнил баланс на 8000 коинов
13:19:04 | ID 398662673 пополнил баланс на 1000000 коинов
13:19:30 | Розыгрыш ставок для игры №8756:
ID 478738566 поставил 1000 коинов на success и проиграл при выигрышном цвете primary
ID 398662673 поставил 1000 коинов на danger и проиграл при выигрышном цвете primary
13:20:49 | ID 398662673 пополнил баланс на 3000000 коинов
13:21:23 | Розыгрыш ставок для игры №8757:
ID 398662673 поставил 1000 коинов на success и проиграл при выигрышном цвете danger
13:22:08 | Розыгрыш ставок для игры №8758:
ID 398662673 поставил 1000 коинов на primary и проиграл при выигрышном цвете success
13:22:53 | Розыгрыш ставок для игры №8759:
ID 398662673 поставил 1000 коинов на danger и выиграл 4500 коинов при выигрышном цвете danger
13:26:56 | ID 438433450 пополнил баланс на 2000000 коинов
13:28:02 | Розыгрыш ставок для игры №8760:
ID 438433450 поставил 1000 коинов на success и проиграл при выигрышном цвете danger
13:28:45 | Розыгрыш ставок для игры №8761:
ID 438433450 поставил 1000 коинов на success и проиграл при выигрышном цвете primary
13:37:26 | ID 592245376 пополнил баланс на 10000000 коинов
13:38:37 | Розыгрыш ставок для игры №8762:
ID 592245376 поставил 1000 коинов на primary и проиграл при выигрышном цвете success
13:39:36 | Розыгрыш ставок для игры №8763:
ID 592245376 поставил 1500 коинов на danger и проиграл при выигрышном цвете primary
13:40:00 | ID 592245376 запросил вывод 7500 коинов; VKC response code: 200
13:42:23 | Розыгрыш ставок для игры №8764:
ID 398662673 поставил 1000 коинов на success и проиграл при выигрышном цвете primary
13:50:18 | ID 285380561 пополнил баланс на 1000000 коинов
13:51:12 | Розыгрыш ставок для игры №8765:
ID 285380561 поставил 1000 коинов на success и проиграл при выигрышном цвете danger
14:00:46 | Розыгрыш ставок для игры №8766:
ID 587433426 поставил 1000 коинов на success и проиграл при выигрышном цвете primary
14:06:25 | ID 433391039 пополнил баланс на 1000000000 коинов
14:07:14 | Розыгрыш ставок для игры №8767:
ID 433391039 поставил 50000 коинов на primary и проиграл при выигрышном цвете success
14:08:09 | Розыгрыш ставок для игры №8768:
ID 433391039 поставил 50000 коинов на success и проиграл при выигрышном цвете primary
14:09:07 | Розыгрыш ставок для игры №8769:
ID 433391039 поставил 100000 коинов на success и проиграл при выигрышном цвете primary
14:09:52 | Розыгрыш ставок для игры №8770:
ID 433391039 поставил 200000 коинов на primary и выиграл 300000 коинов при выигрышном цвете primary
14:10:51 | Розыгрыш ставок для игры №8771:
ID 433391039 поставил 100000 коинов на danger и проиграл при выигрышном цвете primary
14:11:40 | Розыгрыш ставок для игры №8772:
ID 433391039 поставил 200000 коинов на success и проиграл при выигрышном цвете primary
14:12:17 | ID 433391039 запросил вывод 600000 коинов; VKC response code: 200
14:23:41 | ID 156227110 пополнил баланс на 20000000 коинов
14:24:59 | Розыгрыш ставок для игры №8773:
ID 156227110 поставил 1000 коинов на primary и проиграл при выигрышном цвете success
14:25:25 | ID 156227110 запросил вывод 19000 коинов; VKC response code: 200
15:30:13 | ID 416528201 запросил вывод 459728 коинов; VKC response code: 200
15:35:17 | ID 439412838 пополнил баланс на 1000000000 коинов
15:36:16 | Розыгрыш ставок для игры №8774:
ID 439412838 поставил 500000 коинов на danger и проиграл при выигрышном цвете success
15:37:01 | Розыгрыш ставок для игры №8775:
ID 439412838 поставил 500000 коинов на danger и проиграл при выигрышном цвете primary
15:37:01 | Розыгрыш ставок для игры №8776:
ID 439412838 поставил 500000 коинов на danger и выиграл 2250000 коинов при выигрышном цвете danger
15:40:34 | Розыгрыш ставок для игры №8777:
ID 449558054 поставил 1000 коинов на success и проиграл при выигрышном цвете danger
15:44:31 | ID 566704810 пополнил баланс на 500000 коинов
15:48:54 | Розыгрыш ставок для игры №8778:
ID 593931324 поставил 1000 коинов на primary и проиграл при выигрышном цвете success
16:20:08 | ID 539715534 пополнил баланс на 50000000 коинов
16:20:20 | Розыгрыш ставок для игры №8779:
ID 539715534 поставил 4500 коинов на primary и проиграл при выигрышном цвете success
16:21:06 | Розыгрыш ставок для игры №8780:
ID 539715534 поставил 12000 коинов на primary и проиграл при выигрышном цвете success
16:21:49 | Розыгрыш ставок для игры №8781:
ID 539715534 поставил 38000 коинов на primary и выиграл 57000 коинов при выигрышном цвете primary
16:22:08 | ID 539715534 запросил вывод 57000 коинов; VKC response code: 200
17:11:59 | ID 388948203 пополнил баланс на 100000000 коинов
17:12:39 | Розыгрыш ставок для игры №8782:
ID 388948203 поставил 100000 коинов на primary и выиграл 150000 коинов при выигрышном цвете primary
17:13:29 | Розыгрыш ставок для игры №8783:
ID 388948203 поставил 150000 коинов на primary и выиграл 225000 коинов при выигрышном цвете primary
17:13:47 | ID 388948203 запросил вывод 225000 коинов; VKC response code: 200
17:16:14 | ID 388948203 пополнил баланс на 100000000 коинов
17:16:51 | Розыгрыш ставок для игры №8784:
ID 388948203 поставил 100000 коинов на primary и выиграл 150000 коинов при выигрышном цвете primary
17:17:37 | Розыгрыш ставок для игры №8785:
ID 388948203 поставил 150000 коинов на primary и выиграл 225000 коинов при выигрышном цвете primary
17:18:26 | Розыгрыш ставок для игры №8786:
ID 388948203 поставил 225000 коинов на primary и проиграл при выигрышном цвете success
17:18:57 | ID 388948203 пополнил баланс на 100000000 коинов
17:19:38 | Розыгрыш ставок для игры №8787:
ID 388948203 поставил 100500 коинов на primary и выиграл 150750 коинов при выигрышном цвете primary
17:20:25 | Розыгрыш ставок для игры №8788:
ID 388948203 поставил 150500 коинов на primary и выиграл 225750 коинов при выигрышном цвете primary
17:20:46 | ID 388948203 запросил вывод 226000 коинов; VKC response code: 200
17:25:01 | ID 388948203 пополнил баланс на 150000000 коинов
17:25:35 | Розыгрыш ставок для игры №8789:
ID 388948203 поставил 150000 коинов на primary и проиграл при выигрышном цвете success
17:26:07 | ID 388948203 пополнил баланс на 203000000 коинов
17:26:45 | Розыгрыш ставок для игры №8790:
ID 388948203 поставил 203000 коинов на primary и выиграл 304500 коинов при выигрышном цвете primary
17:28:50 | Розыгрыш ставок для игры №8791:
ID 388948203 поставил 100000 коинов на primary и проиграл при выигрышном цвете danger
17:29:33 | Розыгрыш ставок для игры №8792:
ID 388948203 поставил 200000 коинов на primary и проиграл при выигрышном цвете success
17:30:10 | ID 388948203 пополнил баланс на 500000000 коинов
17:30:44 | Розыгрыш ставок для игры №8793:
ID 388948203 поставил 503906 коинов на primary и проиграл при выигрышном цвете success
19:01:34 | Розыгрыш ставок для игры №8794:
ID 543164050 поставил 1000 коинов на success и проиграл при выигрышном цвете primary
19:38:10 | ID 163337350 пополнил баланс на 500000000 коинов
19:38:56 | Розыгрыш ставок для игры №8795:
ID 163337350 поставил 200000 коинов на primary и проиграл при выигрышном цвете danger
19:39:43 | Розыгрыш ставок для игры №8796:
ID 163337350 поставил 200000 коинов на success и выиграл 500000 коинов при выигрышном цвете success
19:55:19 | Розыгрыш ставок для игры №8797:
ID 589965806 поставил 2000 коинов на danger и выиграл 9000 коинов при выигрышном цвете danger
19:56:12 | Розыгрыш ставок для игры №8798:
ID 589965806 поставил 9000 коинов на success и выиграл 22500 коинов при выигрышном цвете success
20:05:46 | ID 589965806 пополнил баланс на 10000000 коинов
20:05:47 | Розыгрыш ставок для игры №8799:
ID 589965806 поставил 22500 коинов на danger и проиграл при выигрышном цвете primary
20:06:13 | ID 589965806 пополнил баланс на 590000000 коинов
20:06:54 | Розыгрыш ставок для игры №8800:
ID 589965806 поставил 600000 коинов на success и проиграл при выигрышном цвете primary
20:35:56 | ID 456460063 пополнил баланс на 500000000 коинов
20:39:02 | Розыгрыш ставок для игры №8801:
ID 456460063 поставил 10000 коинов на danger и проиграл при выигрышном цвете success
20:39:52 | Розыгрыш ставок для игры №8802:
ID 456460063 поставил 490000 коинов на primary и выиграл 735000 коинов при выигрышном цвете primary
21:05:57 | Розыгрыш ставок для игры №8803:
ID 456460063 поставил 235000 коинов на success и выиграл 587500 коинов при выигрышном цвете success
21:06:43 | Розыгрыш ставок для игры №8804:
ID 456460063 поставил 235000 коинов на danger и проиграл при выигрышном цвете success
21:07:34 | Розыгрыш ставок для игры №8805:
ID 456460063 поставил 652500 коинов на primary и выиграл 978750 коинов при выигрышном цвете primary
21:10:12 | Розыгрыш ставок для игры №8806:
ID 456460063 поставил 317800 коинов на success и проиграл при выигрышном цвете primary
21:11:01 | Розыгрыш ставок для игры №8807:
ID 456460063 поставил 260000 коинов на danger и выиграл 1170000 коинов при выигрышном цвете danger
21:11:02 | Розыгрыш ставок для игры №8808:
ID 456460063 поставил 260000 коинов на danger и проиграл при выигрышном цвете primary
21:13:31 | ID 456460063 запросил вывод 1000000 коинов; VKC response code: 200
21:14:26 | Розыгрыш ставок для игры №8809:
ID 456460063 поставил 370000 коинов на primary и проиграл при выигрышном цвете danger
21:16:17 | Розыгрыш ставок для игры №8810:
ID 456460063 поставил 200000 коинов на success и выиграл 500000 коинов при выигрышном цвете success
21:17:32 | Розыгрыш ставок для игры №8811:
ID 456460063 поставил 200000 коинов на primary и проиграл при выигрышном цвете success
21:23:37 | ID 388948203 пополнил баланс на 100000000 коинов
21:24:12 | Розыгрыш ставок для игры №8812:
ID 388948203 поставил 100000 коинов на primary и выиграл 150000 коинов при выигрышном цвете primary
21:24:57 | Розыгрыш ставок для игры №8813:
ID 388948203 поставил 150000 коинов на primary и выиграл 225000 коинов при выигрышном цвете primary
21:25:14 | ID 388948203 запросил вывод 225000 коинов; VKC response code: 200
21:27:13 | ID 388948203 пополнил баланс на 102000000 коинов
21:27:50 | Розыгрыш ставок для игры №8814:
ID 388948203 поставил 102000 коинов на primary и проиграл при выигрышном цвете success
21:28:26 | ID 388948203 пополнил баланс на 102000000 коинов
21:29:01 | Розыгрыш ставок для игры №8815:
ID 388948203 поставил 102000 коинов на primary и проиграл при выигрышном цвете success
21:29:01 | Розыгрыш ставок для игры №8816:
ID 388948203 поставил 102000 коинов на primary и проиграл при выигрышном цвете danger
21:29:42 | ID 388948203 пополнил баланс на 1900000000 коинов
21:30:29 | Розыгрыш ставок для игры №8817:
ID 388948203 поставил 1900000 коинов на primary и выиграл 2850000 коинов при выигрышном цвете primary
21:30:53 | ID 388948203 запросил вывод 2850000 коинов; VKC response code: 200
21:33:15 | ID 388948203 пополнил баланс на 100000000 коинов
21:33:56 | Розыгрыш ставок для игры №8818:
ID 388948203 поставил 100000 коинов на primary и проиграл при выигрышном цвете success
21:35:22 | ID 388948203 пополнил баланс на 200000000 коинов
21:35:56 | Розыгрыш ставок для игры №8819:
ID 388948203 поставил 200000 коинов на primary и проиграл при выигрышном цвете success
22:00:13 | ID 388948203 пополнил баланс на 1000000000 коинов
22:00:48 | Розыгрыш ставок для игры №8820:
ID 388948203 поставил 1000000 коинов на primary и проиграл при выигрышном цвете danger
22:01:16 | ID 388948203 пополнил баланс на 1400000000 коинов
22:01:49 | Розыгрыш ставок для игры №8821:
ID 388948203 поставил 1400000 коинов на primary и выиграл 2100000 коинов при выигрышном цвете primary
22:02:07 | ID 388948203 запросил вывод 2100000 коинов; VKC response code: 200
23:28:20 | Розыгрыш ставок для игры №8822:
ID 456460063 поставил 500000 коинов на primary и проиграл при выигрышном цвете danger