
00:23:19 | ID 543118927 пополнил баланс на 3303000000 коинов
00:23:56 | Розыгрыш ставок для игры №3404:
ID 543118927 поставил 3303000 коинов на primary и проиграл при выигрышном цвете danger
04:27:47 | ID 554663097 пополнил баланс на 23000000000 коинов
04:28:29 | Розыгрыш ставок для игры №3405:
ID 554663097 поставил 1000000 коинов на danger и выиграл 2000000 коинов при выигрышном цвете danger
04:29:24 | Розыгрыш ставок для игры №3406:
ID 554663097 поставил 1000000 коинов на primary и выиграл 2000000 коинов при выигрышном цвете primary
04:30:15 | Розыгрыш ставок для игры №3407:
ID 554663097 поставил 1000000 коинов на danger и проиграл при выигрышном цвете success
04:31:04 | Розыгрыш ставок для игры №3408:
ID 554663097 поставил 500000 коинов на danger и выиграл 1000000 коинов при выигрышном цвете danger
04:31:49 | Розыгрыш ставок для игры №3409:
ID 554663097 поставил 500000 коинов на primary и выиграл 1000000 коинов при выигрышном цвете primary
04:32:37 | Розыгрыш ставок для игры №3410:
ID 554663097 поставил 1000000 коинов на danger и выиграл 2000000 коинов при выигрышном цвете danger
05:03:27 | Розыгрыш ставок для игры №3411:
ID 554663097 поставил 10000005 коинов на danger и выиграл 20000010 коинов при выигрышном цвете danger
05:04:50 | Розыгрыш ставок для игры №3412:
ID 554663097 поставил 1000000 коинов на primary и проиграл при выигрышном цвете danger
05:05:59 | Розыгрыш ставок для игры №3413:
ID 554663097 поставил 1000005 коинов на primary и выиграл 2000010 коинов при выигрышном цвете primary
05:06:49 | ID 554663097 запросил вывод 5 коинов; VKC response code: 200
05:06:56 | Розыгрыш ставок для игры №3414:
ID 554663097 поставил 1000005 коинов на danger и проиграл при выигрышном цвете primary
05:07:57 | Розыгрыш ставок для игры №3415:
ID 554663097 поставил 5000000 коинов на danger и проиграл при выигрышном цвете primary
05:08:50 | Розыгрыш ставок для игры №3416:
ID 554663097 поставил 30000000 коинов на danger и выиграл 60000000 коинов при выигрышном цвете danger
05:10:43 | ID 554663097 запросил вывод 60000000 коинов; VKC response code: 200
05:13:53 | ID 554663097 пополнил баланс на 1200000000 коинов
05:14:44 | ID 592291625 пополнил баланс на 3000000000 коинов
05:14:47 | Розыгрыш ставок для игры №3417:
ID 554663097 поставил 1200000 коинов на primary и выиграл 2400000 коинов при выигрышном цвете primary
05:15:46 | Розыгрыш ставок для игры №3418:
ID 592291625 поставил 1000000 коинов на primary и проиграл при выигрышном цвете danger
ID 554663097 поставил 400000 коинов на danger и выиграл 800000 коинов при выигрышном цвете danger
05:16:36 | Розыгрыш ставок для игры №3419:
ID 592291625 поставил 1000000 коинов на primary и выиграл 2000000 коинов при выигрышном цвете primary
ID 554663097 поставил 1600000 коинов на primary и выиграл 3200000 коинов при выигрышном цвете primary
05:17:28 | Розыгрыш ставок для игры №3420:
ID 592291625 поставил 1000000 коинов на success и проиграл при выигрышном цвете primary
ID 554663097 поставил 400000 коинов на success и проиграл при выигрышном цвете primary
05:18:15 | Розыгрыш ставок для игры №3421:
ID 592291625 поставил 2000000 коинов на success и проиграл при выигрышном цвете primary
ID 554663097 поставил 3200000 коинов на danger и проиграл при выигрышном цвете primary
05:18:48 | ID 592291625 пополнил баланс на 4000000000 коинов
05:19:06 | Розыгрыш ставок для игры №3422:
ID 554663097 поставил 800000 коинов на primary и выиграл 1600000 коинов при выигрышном цвете primary
ID 592291625 поставил 1000000 коинов на success и проиграл при выигрышном цвете primary
05:19:52 | Розыгрыш ставок для игры №3423:
ID 592291625 поставил 1000000 коинов на success и проиграл при выигрышном цвете danger
05:20:35 | Розыгрыш ставок для игры №3424:
ID 592291625 поставил 1000000 коинов на success и проиграл при выигрышном цвете primary
05:21:19 | Розыгрыш ставок для игры №3425:
ID 592291625 поставил 1000000 коинов на danger и выиграл 2000000 коинов при выигрышном цвете danger
05:22:02 | Розыгрыш ставок для игры №3426:
ID 592291625 поставил 1000000 коинов на primary и выиграл 2000000 коинов при выигрышном цвете primary
05:22:02 | Розыгрыш ставок для игры №3427:
ID 592291625 поставил 1000000 коинов на primary и выиграл 2000000 коинов при выигрышном цвете primary
05:22:31 | ID 592291625 запросил вывод 4000000 коинов; VKC response code: 200
05:22:49 | Розыгрыш ставок для игры №3428:
ID 592291625 поставил 1000000 коинов на danger и выиграл 2000000 коинов при выигрышном цвете danger
05:23:13 | ID 592291625 запросил вывод 1000000 коинов; VKC response code: 200
05:23:33 | Розыгрыш ставок для игры №3429:
ID 592291625 поставил 1000000 коинов на primary и проиграл при выигрышном цвете danger
05:31:05 | Розыгрыш ставок для игры №3430:
ID 554663097 поставил 600000 коинов на danger и проиграл при выигрышном цвете success
05:31:49 | Розыгрыш ставок для игры №3431:
ID 554663097 поставил 600000 коинов на danger и проиграл при выигрышном цвете primary
05:33:04 | Розыгрыш ставок для игры №3432:
ID 554663097 поставил 375000 коинов на danger и выиграл 750000 коинов при выигрышном цвете danger
05:33:50 | Розыгрыш ставок для игры №3433:
ID 554663097 поставил 775000 коинов на primary и выиграл 1550000 коинов при выигрышном цвете primary
05:35:10 | Розыгрыш ставок для игры №3434:
ID 554663097 поставил 550000 коинов на danger и выиграл 1100000 коинов при выигрышном цвете danger
05:41:39 | Розыгрыш ставок для игры №3435:
ID 554663097 поставил 100000 коинов на danger и проиграл при выигрышном цвете primary
05:54:31 | ID 494285659 пополнил баланс на 3000000 коинов
05:55:43 | Розыгрыш ставок для игры №3436:
ID 494285659 поставил 1000 коинов на primary и проиграл при выигрышном цвете danger
05:56:31 | Розыгрыш ставок для игры №3437:
ID 494285659 поставил 2000 коинов на success и проиграл при выигрышном цвете primary
08:06:07 | Розыгрыш ставок для игры №3438:
ID 554663097 поставил 2000000 коинов на primary и проиграл при выигрышном цвете danger
08:11:34 | ID 510212120 пополнил баланс на 3500000000 коинов
08:12:15 | Розыгрыш ставок для игры №3439:
ID 510212120 поставил 100000 коинов на primary и проиграл при выигрышном цвете danger
08:13:02 | Розыгрыш ставок для игры №3440:
ID 510212120 поставил 300000 коинов на danger и выиграл 600000 коинов при выигрышном цвете danger
08:13:54 | ID 510212120 запросил вывод 3700000 коинов; VKC response code: 200
10:26:02 | ID 189655169 пополнил баланс на 3000000000 коинов
10:26:35 | Розыгрыш ставок для игры №3441:
ID 189655169 поставил 3000000 коинов на primary и проиграл при выигрышном цвете danger
10:30:10 | Розыгрыш ставок для игры №3442:
ID 591170855 поставил 1000 коинов на success и выиграл 14000 коинов при выигрышном цвете success
10:31:20 | Розыгрыш ставок для игры №3443:
ID 591170855 поставил 14000 коинов на danger и выиграл 28000 коинов при выигрышном цвете danger
10:32:06 | Розыгрыш ставок для игры №3444:
ID 591170855 поставил 28000 коинов на primary и выиграл 56000 коинов при выигрышном цвете primary
10:32:42 | ID 454522575 пополнил баланс на 1000000 коинов
10:33:33 | Розыгрыш ставок для игры №3445:
ID 454522575 поставил 1000 коинов на primary и проиграл при выигрышном цвете danger
ID 591170855 поставил 56000 коинов на success и проиграл при выигрышном цвете danger
10:36:17 | ID 226236875 пополнил баланс на 100000000 коинов
10:36:53 | Розыгрыш ставок для игры №3446:
ID 226236875 поставил 10000 коинов на primary и выиграл 20000 коинов при выигрышном цвете primary
10:37:53 | Розыгрыш ставок для игры №3447:
ID 226236875 поставил 100000 коинов на success и проиграл при выигрышном цвете primary
10:38:48 | Розыгрыш ставок для игры №3448:
ID 226236875 поставил 10000 коинов на danger и проиграл при выигрышном цвете primary
10:40:09 | ID 377497472 пополнил баланс на 1500000000 коинов
10:40:51 | Розыгрыш ставок для игры №3449:
ID 377497472 поставил 111111 коинов на primary и выиграл 222222 коинов при выигрышном цвете primary
10:41:53 | Розыгрыш ставок для игры №3450:
ID 377497472 поставил 111111 коинов на danger и проиграл при выигрышном цвете primary
10:42:38 | Розыгрыш ставок для игры №3451:
ID 377497472 поставил 111111 коинов на primary и проиграл при выигрышном цвете danger
10:43:23 | Розыгрыш ставок для игры №3452:
ID 377497472 поставил 444444 коинов на primary и выиграл 888888 коинов при выигрышном цвете primary
10:44:12 | Розыгрыш ставок для игры №3453:
ID 377497472 поставил 111111 коинов на success и проиграл при выигрышном цвете primary
10:44:57 | Розыгрыш ставок для игры №3454:
ID 377497472 поставил 111111 коинов на success и проиграл при выигрышном цвете danger
10:45:47 | Розыгрыш ставок для игры №3455:
ID 377497472 поставил 888888 коинов на primary и проиграл при выигрышном цвете danger
10:46:11 | ID 388948203 пополнил баланс на 600000000 коинов
10:46:31 | Розыгрыш ставок для игры №3456:
ID 377497472 поставил 222222 коинов на success и проиграл при выигрышном цвете danger
ID 388948203 поставил 150000 коинов на danger и выиграл 300000 коинов при выигрышном цвете danger
10:47:18 | Розыгрыш ставок для игры №3457:
ID 388948203 поставил 150000 коинов на primary и проиграл при выигрышном цвете danger
ID 377497472 поставил 500001 коинов на primary и проиграл при выигрышном цвете danger
10:47:53 | ID 388948203 запросил вывод 412000 коинов; VKC response code: 200
10:48:07 | Розыгрыш ставок для игры №3458:
ID 388948203 поставил 187500 коинов на primary и проиграл при выигрышном цвете danger
10:55:22 | ID 454522575 пополнил баланс на 5000000 коинов
10:56:04 | Розыгрыш ставок для игры №3459:
ID 454522575 поставил 2000 коинов на primary и проиграл при выигрышном цвете danger
10:56:47 | Розыгрыш ставок для игры №3460:
ID 454522575 поставил 2000 коинов на danger и проиграл при выигрышном цвете primary
10:57:33 | Розыгрыш ставок для игры №3461:
ID 454522575 поставил 1000 коинов на danger и выиграл 2000 коинов при выигрышном цвете danger
10:58:20 | Розыгрыш ставок для игры №3462:
ID 454522575 поставил 2000 коинов на primary и выиграл 4000 коинов при выигрышном цвете primary
10:59:05 | Розыгрыш ставок для игры №3463:
ID 454522575 поставил 4000 коинов на danger и проиграл при выигрышном цвете primary
12:29:12 | ID 554663097 пополнил баланс на 1700000000 коинов
12:29:52 | Розыгрыш ставок для игры №3464:
ID 554663097 поставил 700000 коинов на primary и проиграл при выигрышном цвете danger
12:30:43 | Розыгрыш ставок для игры №3465:
ID 554663097 поставил 1000000 коинов на danger и проиграл при выигрышном цвете primary
12:31:12 | ID 554663097 пополнил баланс на 600000000 коинов
12:31:52 | Розыгрыш ставок для игры №3466:
ID 554663097 поставил 300000 коинов на danger и выиграл 600000 коинов при выигрышном цвете danger
12:33:01 | Розыгрыш ставок для игры №3467:
ID 554663097 поставил 300000 коинов на primary и выиграл 600000 коинов при выигрышном цвете primary
12:33:01 | Розыгрыш ставок для игры №3468:
ID 554663097 поставил 300000 коинов на primary и проиграл при выигрышном цвете danger
12:33:47 | Розыгрыш ставок для игры №3469:
ID 554663097 поставил 300000 коинов на primary и проиграл при выигрышном цвете danger
12:34:31 | Розыгрыш ставок для игры №3470:
ID 554663097 поставил 900000 коинов на primary и проиграл при выигрышном цвете danger
12:51:15 | ID 15908751 пополнил баланс на 5000000000 коинов
12:51:35 | ID 15908751 пополнил баланс на 5000000000 коинов
12:52:32 | Розыгрыш ставок для игры №3471:
ID 15908751 поставил 9500000 коинов на danger и выиграл 19000000 коинов при выигрышном цвете danger
12:53:31 | Розыгрыш ставок для игры №3472:
ID 15908751 поставил 9500000 коинов на danger и выиграл 19000000 коинов при выигрышном цвете danger
12:54:40 | Розыгрыш ставок для игры №3473:
ID 15908751 поставил 20000000 коинов на primary и проиграл при выигрышном цвете danger
12:55:29 | Розыгрыш ставок для игры №3474:
ID 15908751 поставил 9000000 коинов на success и проиграл при выигрышном цвете primary
13:17:14 | ID 562427284 пополнил баланс на 100000000 коинов
13:17:51 | Розыгрыш ставок для игры №3475:
ID 562427284 поставил 50000 коинов на primary и проиграл при выигрышном цвете danger
13:18:36 | Розыгрыш ставок для игры №3476:
ID 562427284 поставил 50000 коинов на primary и выиграл 100000 коинов при выигрышном цвете primary
13:18:59 | ID 562427284 запросил вывод 100000 коинов; VKC response code: 200
14:20:38 | ID 457529081 пополнил баланс на 21000000000 коинов
14:21:44 | Розыгрыш ставок для игры №3477:
ID 457529081 поставил 20000000 коинов на primary и выиграл 40000000 коинов при выигрышном цвете primary
14:22:11 | ID 457529081 запросил вывод 21000000 коинов; VKC response code: 200
14:22:35 | Розыгрыш ставок для игры №3478:
ID 457529081 поставил 20000000 коинов на danger и выиграл 40000000 коинов при выигрышном цвете danger
14:23:08 | ID 457529081 запросил вывод 20000000 коинов; VKC response code: 200
14:23:27 | Розыгрыш ставок для игры №3479:
ID 457529081 поставил 20000000 коинов на primary и выиграл 40000000 коинов при выигрышном цвете primary
14:24:05 | ID 457529081 запросил вывод 20000000 коинов; VKC response code: 200
14:24:29 | Розыгрыш ставок для игры №3480:
ID 457529081 поставил 20000000 коинов на primary и выиграл 40000000 коинов при выигрышном цвете primary
14:25:07 | ID 457529081 запросил вывод 30250000 коинов; VKC response code: 200
14:25:31 | Розыгрыш ставок для игры №3481:
ID 457529081 поставил 9750000 коинов на danger и выиграл 19500000 коинов при выигрышном цвете danger
14:26:36 | Розыгрыш ставок для игры №3482:
ID 457529081 поставил 19500000 коинов на danger и выиграл 39000000 коинов при выигрышном цвете danger
14:27:45 | Розыгрыш ставок для игры №3483:
ID 457529081 поставил 4000000 коинов на success и проиграл при выигрышном цвете primary
14:28:41 | ID 457529081 запросил вывод 15000000 коинов; VKC response code: 200
14:29:05 | Розыгрыш ставок для игры №3484:
ID 457529081 поставил 20000000 коинов на primary и выиграл 40000000 коинов при выигрышном цвете primary
14:29:46 | ID 457529081 запросил вывод 20000000 коинов; VKC response code: 200
14:30:11 | Розыгрыш ставок для игры №3485:
ID 457529081 поставил 20000000 коинов на danger и выиграл 40000000 коинов при выигрышном цвете danger
14:30:43 | ID 457529081 запросил вывод 40000000 коинов; VKC response code: 200
14:48:33 | ID 579956862 пополнил баланс на 100000000 коинов
14:49:19 | Розыгрыш ставок для игры №3486:
ID 579956862 поставил 50000 коинов на primary и выиграл 100000 коинов при выигрышном цвете primary
14:50:15 | Розыгрыш ставок для игры №3487:
ID 579956862 поставил 100000 коинов на success и проиграл при выигрышном цвете primary
14:51:00 | Розыгрыш ставок для игры №3488:
ID 579956862 поставил 50000 коинов на danger и проиграл при выигрышном цвете primary
15:20:25 | ID 548634815 пополнил баланс на 250000000 коинов
15:21:10 | Розыгрыш ставок для игры №3489:
ID 548634815 поставил 250016 коинов на primary и выиграл 500032 коинов при выигрышном цвете primary
15:21:40 | ID 548634815 запросил вывод 500032 коинов; VKC response code: 200
15:23:48 | ID 548634815 пополнил баланс на 50000000 коинов
15:24:28 | Розыгрыш ставок для игры №3490:
ID 548634815 поставил 50000 коинов на success и проиграл при выигрышном цвете danger
15:25:03 | ID 548634815 пополнил баланс на 20000000 коинов
15:25:41 | Розыгрыш ставок для игры №3491:
ID 548634815 поставил 20000 коинов на success и проиграл при выигрышном цвете primary
15:26:18 | ID 548634815 пополнил баланс на 400000000 коинов
15:26:52 | Розыгрыш ставок для игры №3492:
ID 548634815 поставил 20000 коинов на success и проиграл при выигрышном цвете primary
15:27:42 | Розыгрыш ставок для игры №3493:
ID 548634815 поставил 320000 коинов на primary и проиграл при выигрышном цвете danger
15:28:02 | ID 365961202 пополнил баланс на 1000000 коинов
15:28:26 | Розыгрыш ставок для игры №3494:
ID 548634815 поставил 40000 коинов на primary и проиграл при выигрышном цвете danger
ID 365961202 поставил 1000 коинов на primary и проиграл при выигрышном цвете danger
15:28:49 | ID 365961202 пополнил баланс на 10000000 коинов
15:29:10 | Розыгрыш ставок для игры №3495:
ID 548634815 поставил 20000 коинов на danger и проиграл при выигрышном цвете primary
ID 365961202 поставил 1000 коинов на danger и проиграл при выигрышном цвете primary
15:29:53 | Розыгрыш ставок для игры №3496:
ID 365961202 поставил 1000 коинов на primary и проиграл при выигрышном цвете danger
15:30:36 | Розыгрыш ставок для игры №3497:
ID 365961202 поставил 1000 коинов на primary и выиграл 2000 коинов при выигрышном цвете primary
15:31:22 | Розыгрыш ставок для игры №3498:
ID 365961202 поставил 1000 коинов на danger и выиграл 2000 коинов при выигрышном цвете danger
15:32:26 | Розыгрыш ставок для игры №3499:
ID 365961202 поставил 2000 коинов на primary и проиграл при выигрышном цвете danger
15:33:08 | Розыгрыш ставок для игры №3500:
ID 365961202 поставил 2000 коинов на danger и проиграл при выигрышном цвете primary
15:33:50 | Розыгрыш ставок для игры №3501:
ID 365961202 поставил 2000 коинов на danger и выиграл 4000 коинов при выигрышном цвете danger
15:35:11 | Розыгрыш ставок для игры №3502:
ID 365961202 поставил 2000 коинов на primary и проиграл при выигрышном цвете danger
15:35:50 | ID 411906361 пополнил баланс на 10000000 коинов
15:35:55 | Розыгрыш ставок для игры №3503:
ID 365961202 поставил 2000 коинов на primary и проиграл при выигрышном цвете success
15:36:40 | Розыгрыш ставок для игры №3504:
ID 411906361 поставил 1000 коинов на primary и выиграл 2000 коинов при выигрышном цвете primary
15:40:47 | ID 588994614 пополнил баланс на 100000000 коинов
15:40:57 | ID 434898107 пополнил баланс на 1000 коинов
15:41:18 | ID 434898107 запросил вывод 1 коинов; VKC response code: 200
15:41:29 | Розыгрыш ставок для игры №3505:
ID 588994614 поставил 100000 коинов на primary и проиграл при выигрышном цвете danger
15:57:04 | ID 13824704 пополнил баланс на 100000 коинов
15:57:51 | ID 13824704 пополнил баланс на 1000 коинов
15:58:16 | ID 285662977 пополнил баланс на 2422000000 коинов
15:58:22 | ID 13824704 пополнил баланс на 10000000 коинов
15:59:06 | Розыгрыш ставок для игры №3506:
ID 285662977 поставил 100000 коинов на success и проиграл при выигрышном цвете primary
ID 13824704 поставил 1000 коинов на primary и выиграл 2000 коинов при выигрышном цвете primary
15:59:48 | Розыгрыш ставок для игры №3507:
ID 285662977 поставил 100000 коинов на success и проиграл при выигрышном цвете danger
ID 13824704 поставил 1000 коинов на danger и выиграл 2000 коинов при выигрышном цвете danger
16:00:29 | Розыгрыш ставок для игры №3508:
ID 285662977 поставил 122000 коинов на success и проиграл при выигрышном цвете danger
ID 13824704 поставил 1000 коинов на primary и проиграл при выигрышном цвете danger
16:01:11 | Розыгрыш ставок для игры №3509:
ID 285662977 поставил 100000 коинов на success и проиграл при выигрышном цвете primary
ID 13824704 поставил 1000 коинов на success и проиграл при выигрышном цвете primary
16:01:54 | Розыгрыш ставок для игры №3510:
ID 285662977 поставил 200000 коинов на success и проиграл при выигрышном цвете primary
16:02:37 | Розыгрыш ставок для игры №3511:
ID 285662977 поставил 100000 коинов на success и проиграл при выигрышном цвете danger
16:03:21 | Розыгрыш ставок для игры №3512:
ID 285662977 поставил 100000 коинов на success и проиграл при выигрышном цвете danger
16:04:02 | Розыгрыш ставок для игры №3513:
ID 285662977 поставил 100000 коинов на success и проиграл при выигрышном цвете primary
16:04:02 | Розыгрыш ставок для игры №3514:
ID 285662977 поставил 100000 коинов на success и проиграл при выигрышном цвете primary
16:04:43 | Розыгрыш ставок для игры №3515:
ID 285662977 поставил 100000 коинов на primary и выиграл 200000 коинов при выигрышном цвете primary
16:05:26 | Розыгрыш ставок для игры №3516:
ID 285662977 поставил 100000 коинов на primary и выиграл 200000 коинов при выигрышном цвете primary
16:06:12 | Розыгрыш ставок для игры №3517:
ID 285662977 поставил 170000 коинов на primary и проиграл при выигрышном цвете danger
16:06:54 | Розыгрыш ставок для игры №3518:
ID 285662977 поставил 340000 коинов на danger и выиграл 680000 коинов при выигрышном цвете danger
16:07:48 | Розыгрыш ставок для игры №3519:
ID 285662977 поставил 187000 коинов на danger и выиграл 374000 коинов при выигрышном цвете danger
16:08:45 | Розыгрыш ставок для игры №3520:
ID 285662977 поставил 205700 коинов на danger и проиграл при выигрышном цвете primary
16:09:26 | Розыгрыш ставок для игры №3521:
ID 285662977 поставил 411400 коинов на primary и проиграл при выигрышном цвете danger
16:10:09 | Розыгрыш ставок для игры №3522:
ID 285662977 поставил 822800 коинов на danger и проиграл при выигрышном цвете primary
16:11:00 | Розыгрыш ставок для игры №3523:
ID 285662977 поставил 150000 коинов на success и проиграл при выигрышном цвете primary
16:11:42 | Розыгрыш ставок для игры №3524:
ID 285662977 поставил 150000 коинов на success и проиграл при выигрышном цвете primary
16:12:24 | Розыгрыш ставок для игры №3525:
ID 285662977 поставил 117100 коинов на success и проиграл при выигрышном цвете primary
16:13:06 | Розыгрыш ставок для игры №3526:
ID 285662977 поставил 100000 коинов на success и проиграл при выигрышном цвете danger
16:13:51 | Розыгрыш ставок для игры №3527:
ID 285662977 поставил 100000 коинов на success и проиграл при выигрышном цвете primary
16:15:40 | ID 546159565 пополнил баланс на 110000 коинов
16:19:36 | ID 546159565 пополнил баланс на 1000000000 коинов
16:19:41 | ID 551681443 пополнил баланс на 300000000 коинов
16:20:22 | Розыгрыш ставок для игры №3528:
ID 546159565 поставил 10000 коинов на danger и проиграл при выигрышном цвете primary
ID 551681443 поставил 100000 коинов на primary и выиграл 200000 коинов при выигрышном цвете primary
16:21:16 | Розыгрыш ставок для игры №3529:
ID 546159565 поставил 10110 коинов на danger и выиграл 20220 коинов при выигрышном цвете danger
16:21:45 | ID 143898410 пополнил баланс на 20000000 коинов
16:21:59 | Розыгрыш ставок для игры №3530:
ID 551681443 поставил 100000 коинов на danger и проиграл при выигрышном цвете primary
ID 546159565 поставил 20000 коинов на danger и проиграл при выигрышном цвете primary
16:22:44 | Розыгрыш ставок для игры №3531:
ID 551681443 поставил 300000 коинов на primary и проиграл при выигрышном цвете danger
ID 546159565 поставил 30220 коинов на primary и проиграл при выигрышном цвете danger
16:23:33 | Розыгрыш ставок для игры №3532:
ID 143898410 поставил 1000 коинов на primary и проиграл при выигрышном цвете danger
ID 546159565 поставил 50000 коинов на danger и выиграл 100000 коинов при выигрышном цвете danger
16:24:19 | Розыгрыш ставок для игры №3533:
ID 143898410 поставил 2000 коинов на primary и проиграл при выигрышном цвете danger
ID 546159565 поставил 10000 коинов на primary и проиграл при выигрышном цвете danger
16:25:03 | Розыгрыш ставок для игры №3534:
ID 546159565 поставил 60000 коинов на primary и выиграл 120000 коинов при выигрышном цвете primary
ID 143898410 поставил 4000 коинов на primary и выиграл 8000 коинов при выигрышном цвете primary
16:25:54 | Розыгрыш ставок для игры №3535:
ID 546159565 поставил 10000 коинов на primary и проиграл при выигрышном цвете danger
ID 143898410 поставил 5000 коинов на primary и проиграл при выигрышном цвете danger
16:26:39 | Розыгрыш ставок для игры №3536:
ID 143898410 поставил 10000 коинов на primary и проиграл при выигрышном цвете danger
ID 546159565 поставил 20000 коинов на primary и проиграл при выигрышном цвете danger
16:27:22 | Розыгрыш ставок для игры №3537:
ID 546159565 поставил 40000 коинов на primary и проиграл при выигрышном цвете danger
ID 143898410 поставил 6000 коинов на primary и проиграл при выигрышном цвете danger
16:27:48 | ID 143898410 пополнил баланс на 100000000 коинов
16:28:06 | Розыгрыш ставок для игры №3538:
ID 546159565 поставил 80000 коинов на primary и выиграл 160000 коинов при выигрышном цвете primary
ID 143898410 поставил 5000 коинов на danger и проиграл при выигрышном цвете primary
16:28:54 | Розыгрыш ставок для игры №3539:
ID 546159565 поставил 5000 коинов на primary и проиграл при выигрышном цвете danger
ID 143898410 поставил 33000 коинов на danger и выиграл 66000 коинов при выигрышном цвете danger
16:29:44 | Розыгрыш ставок для игры №3540:
ID 546159565 поставил 10000 коинов на danger и выиграл 20000 коинов при выигрышном цвете danger
ID 143898410 поставил 28000 коинов на danger и выиграл 56000 коинов при выигрышном цвете danger
16:30:29 | Розыгрыш ставок для игры №3541:
ID 546159565 поставил 15000 коинов на primary и проиграл при выигрышном цвете success
ID 143898410 поставил 50000 коинов на primary и проиграл при выигрышном цвете success
16:31:17 | Розыгрыш ставок для игры №3542:
ID 546159565 поставил 30000 коинов на primary и выиграл 60000 коинов при выигрышном цвете primary
ID 143898410 поставил 100000 коинов на primary и выиграл 200000 коинов при выигрышном цвете primary
16:32:08 | Розыгрыш ставок для игры №3543:
ID 143898410 поставил 25000 коинов на primary и проиграл при выигрышном цвете danger
ID 546159565 поставил 10000 коинов на primary и проиграл при выигрышном цвете danger
16:32:52 | Розыгрыш ставок для игры №3544:
ID 143898410 поставил 100000 коинов на danger и выиграл 200000 коинов при выигрышном цвете danger
ID 546159565 поставил 20000 коинов на primary и проиграл при выигрышном цвете danger
16:33:36 | Розыгрыш ставок для игры №3545:
ID 546159565 поставил 40000 коинов на primary и проиграл при выигрышном цвете danger
ID 143898410 поставил 1600 коинов на success и проиграл при выигрышном цвете danger
16:34:26 | Розыгрыш ставок для игры №3546:
ID 546159565 поставил 80000 коинов на primary и проиграл при выигрышном цвете danger
ID 143898410 поставил 51200 коинов на danger и выиграл 102400 коинов при выигрышном цвете danger
16:35:10 | Розыгрыш ставок для игры №3547:
ID 546159565 поставил 160000 коинов на primary и проиграл при выигрышном цвете danger
ID 143898410 поставил 102400 коинов на danger и выиграл 204800 коинов при выигрышном цвете danger
16:35:55 | Розыгрыш ставок для игры №3548:
ID 546159565 поставил 320000 коинов на primary и выиграл 640000 коинов при выигрышном цвете primary
ID 143898410 поставил 50000 коинов на primary и выиграл 100000 коинов при выигрышном цвете primary
16:36:44 | Розыгрыш ставок для игры №3549:
ID 546159565 поставил 10000 коинов на primary и проиграл при выигрышном цвете danger
ID 143898410 поставил 20000 коинов на danger и выиграл 40000 коинов при выигрышном цвете danger
16:37:28 | Розыгрыш ставок для игры №3550:
ID 546159565 поставил 20000 коинов на primary и проиграл при выигрышном цвете danger
ID 143898410 поставил 80000 коинов на danger и выиграл 160000 коинов при выигрышном цвете danger
16:38:23 | Розыгрыш ставок для игры №3551:
ID 143898410 поставил 80000 коинов на primary и выиграл 160000 коинов при выигрышном цвете primary
ID 546159565 поставил 40000 коинов на primary и выиграл 80000 коинов при выигрышном цвете primary
16:39:18 | Розыгрыш ставок для игры №3552:
ID 143898410 поставил 200000 коинов на danger и выиграл 400000 коинов при выигрышном цвете danger
ID 546159565 поставил 10000 коинов на danger и выиграл 20000 коинов при выигрышном цвете danger
16:40:55 | Розыгрыш ставок для игры №3553:
ID 143898410 поставил 100000 коинов на success и проиграл при выигрышном цвете danger
ID 546159565 поставил 10000 коинов на success и проиграл при выигрышном цвете danger
16:41:40 | Розыгрыш ставок для игры №3554:
ID 143898410 поставил 400000 коинов на danger и проиграл при выигрышном цвете primary
ID 546159565 поставил 100000 коинов на danger и проиграл при выигрышном цвете primary
16:42:35 | Розыгрыш ставок для игры №3555:
ID 143898410 поставил 363000 коинов на danger и проиграл при выигрышном цвете primary
ID 546159565 поставил 200000 коинов на danger и проиграл при выигрышном цвете primary
16:43:32 | Розыгрыш ставок для игры №3556:
ID 546159565 поставил 800000 коинов на danger и выиграл 1600000 коинов при выигрышном цвете danger
16:48:31 | Розыгрыш ставок для игры №3557:
ID 546159565 поставил 10000 коинов на danger и выиграл 20000 коинов при выигрышном цвете danger
16:49:42 | Розыгрыш ставок для игры №3558:
ID 546159565 поставил 10000 коинов на danger и выиграл 20000 коинов при выигрышном цвете danger
16:51:04 | Розыгрыш ставок для игры №3559:
ID 546159565 поставил 5000 коинов на primary и выиграл 10000 коинов при выигрышном цвете primary
16:51:47 | Розыгрыш ставок для игры №3560:
ID 546159565 поставил 10000 коинов на primary и проиграл при выигрышном цвете danger
16:52:43 | Розыгрыш ставок для игры №3561:
ID 546159565 поставил 15000 коинов на primary и выиграл 30000 коинов при выигрышном цвете primary
16:53:57 | Розыгрыш ставок для игры №3562:
ID 546159565 поставил 5000 коинов на primary и проиграл при выигрышном цвете danger
16:54:43 | Розыгрыш ставок для игры №3563:
ID 546159565 поставил 10000 коинов на danger и выиграл 20000 коинов при выигрышном цвете danger
16:59:24 | Розыгрыш ставок для игры №3564:
ID 546159565 поставил 5000 коинов на primary и проиграл при выигрышном цвете danger
17:00:12 | Розыгрыш ставок для игры №3565:
ID 546159565 поставил 10000 коинов на primary и проиграл при выигрышном цвете danger
17:01:29 | Розыгрыш ставок для игры №3566:
ID 546159565 поставил 20000 коинов на primary и выиграл 40000 коинов при выигрышном цвете primary
17:02:31 | Розыгрыш ставок для игры №3567:
ID 546159565 поставил 5000 коинов на primary и выиграл 10000 коинов при выигрышном цвете primary
17:03:15 | Розыгрыш ставок для игры №3568:
ID 546159565 поставил 5000 коинов на success и проиграл при выигрышном цвете danger
17:04:07 | Розыгрыш ставок для игры №3569:
ID 546159565 поставил 20000 коинов на danger и выиграл 40000 коинов при выигрышном цвете danger
17:04:59 | Розыгрыш ставок для игры №3570:
ID 546159565 поставил 10000 коинов на primary и выиграл 20000 коинов при выигрышном цвете primary
17:05:51 | Розыгрыш ставок для игры №3571:
ID 546159565 поставил 5000 коинов на primary и выиграл 10000 коинов при выигрышном цвете primary
17:06:39 | Розыгрыш ставок для игры №3572:
ID 546159565 поставил 15000 коинов на danger и проиграл при выигрышном цвете primary
17:07:23 | Розыгрыш ставок для игры №3573:
ID 546159565 поставил 40000 коинов на danger и проиграл при выигрышном цвете primary
17:08:07 | Розыгрыш ставок для игры №3574:
ID 546159565 поставил 80000 коинов на danger и выиграл 160000 коинов при выигрышном цвете danger
17:08:54 | Розыгрыш ставок для игры №3575:
ID 546159565 поставил 50000 коинов на danger и выиграл 100000 коинов при выигрышном цвете danger
17:09:43 | Розыгрыш ставок для игры №3576:
ID 546159565 поставил 10000 коинов на danger и выиграл 20000 коинов при выигрышном цвете danger
17:10:28 | Розыгрыш ставок для игры №3577:
ID 546159565 поставил 5000 коинов на primary и выиграл 10000 коинов при выигрышном цвете primary
17:11:12 | Розыгрыш ставок для игры №3578:
ID 546159565 поставил 5000 коинов на primary и выиграл 10000 коинов при выигрышном цвете primary
17:12:13 | Розыгрыш ставок для игры №3579:
ID 546159565 поставил 10000 коинов на danger и выиграл 20000 коинов при выигрышном цвете danger
17:12:58 | Розыгрыш ставок для игры №3580:
ID 546159565 поставил 10000 коинов на danger и проиграл при выигрышном цвете primary
17:13:42 | Розыгрыш ставок для игры №3581:
ID 546159565 поставил 30000 коинов на primary и проиграл при выигрышном цвете success
17:14:49 | Розыгрыш ставок для игры №3582:
ID 546159565 поставил 60000 коинов на danger и выиграл 120000 коинов при выигрышном цвете danger
17:20:24 | Розыгрыш ставок для игры №3583:
ID 546159565 поставил 10000 коинов на primary и выиграл 20000 коинов при выигрышном цвете primary
17:21:08 | Розыгрыш ставок для игры №3584:
ID 546159565 поставил 10000 коинов на danger и проиграл при выигрышном цвете primary
17:29:18 | ID 58885241 пополнил баланс на 1000000 коинов
17:30:00 | Розыгрыш ставок для игры №3585:
ID 58885241 поставил 1000 коинов на primary и проиграл при выигрышном цвете danger
17:34:35 | Розыгрыш ставок для игры №3586:
ID 546159565 поставил 10000 коинов на danger и проиграл при выигрышном цвете primary
17:35:20 | Розыгрыш ставок для игры №3587:
ID 546159565 поставил 20000 коинов на danger и проиграл при выигрышном цвете primary
17:36:58 | Розыгрыш ставок для игры №3588:
ID 546159565 поставил 40000 коинов на danger и выиграл 80000 коинов при выигрышном цвете danger
17:38:29 | Розыгрыш ставок для игры №3589:
ID 546159565 поставил 40000 коинов на success и проиграл при выигрышном цвете danger
17:39:15 | Розыгрыш ставок для игры №3590:
ID 546159565 поставил 80000 коинов на danger и проиграл при выигрышном цвете primary
17:40:00 | Розыгрыш ставок для игры №3591:
ID 546159565 поставил 160000 коинов на danger и проиграл при выигрышном цвете primary
17:40:46 | Розыгрыш ставок для игры №3592:
ID 546159565 поставил 320000 коинов на danger и проиграл при выигрышном цвете primary
17:41:37 | Розыгрыш ставок для игры №3593:
ID 546159565 поставил 1210000 коинов на danger и проиграл при выигрышном цвете primary
17:45:41 | Розыгрыш ставок для игры №3594:
ID 317113903 поставил 4980000 коинов на danger и выиграл 9960000 коинов при выигрышном цвете danger
17:51:16 | ID 232024093 пополнил баланс на 100000000 коинов
17:51:54 | Розыгрыш ставок для игры №3595:
ID 232024093 поставил 50000 коинов на primary и выиграл 100000 коинов при выигрышном цвете primary
17:55:06 | ID 543939638 пополнил баланс на 100000000 коинов
17:55:46 | Розыгрыш ставок для игры №3596:
ID 543939638 поставил 20000 коинов на danger и выиграл 40000 коинов при выигрышном цвете danger
17:56:55 | Розыгрыш ставок для игры №3597:
ID 543939638 поставил 20000 коинов на primary и проиграл при выигрышном цвете danger
17:57:45 | Розыгрыш ставок для игры №3598:
ID 543939638 поставил 100000 коинов на primary и выиграл 200000 коинов при выигрышном цвете primary
17:58:07 | ID 543939638 запросил вывод 200000 коинов; VKC response code: 200
17:59:25 | ID 573674399 пополнил баланс на 100000 коинов
17:59:49 | ID 573674399 пополнил баланс на 300000000 коинов
18:00:28 | Розыгрыш ставок для игры №3599:
ID 573674399 поставил 300000 коинов на success и выиграл 4200000 коинов при выигрышном цвете success
18:00:53 | ID 573674399 запросил вывод 4000000 коинов; VKC response code: 200
18:01:02 | ID 573674399 запросил вывод 200100 коинов; VKC response code: 200
18:04:00 | ID 394570291 пополнил баланс на 43000000 коинов
18:04:26 | Розыгрыш ставок для игры №3600:
ID 228204444 поставил 1000 коинов на success и проиграл при выигрышном цвете danger
ID 394570291 поставил 1000 коинов на danger и выиграл 2000 коинов при выигрышном цвете danger
18:05:16 | Розыгрыш ставок для игры №3601:
ID 228204444 поставил 1000 коинов на primary и выиграл 2000 коинов при выигрышном цвете primary
ID 394570291 поставил 4000 коинов на danger и проиграл при выигрышном цвете primary
18:06:04 | Розыгрыш ставок для игры №3602:
ID 394570291 поставил 40000 коинов на danger и выиграл 80000 коинов при выигрышном цвете danger
18:06:34 | ID 551681443 пополнил баланс на 440000000 коинов
18:07:17 | Розыгрыш ставок для игры №3603:
ID 551681443 поставил 440000 коинов на danger и проиграл при выигрышном цвете success
18:07:59 | Розыгрыш ставок для игры №3604:
ID 394570291 поставил 40000 коинов на success и проиграл при выигрышном цвете primary
18:08:15 | ID 551681443 пополнил баланс на 500000000 коинов
18:08:50 | Розыгрыш ставок для игры №3605:
ID 551681443 поставил 440000 коинов на primary и проиграл при выигрышном цвете danger
ID 394570291 поставил 40000 коинов на danger и выиграл 80000 коинов при выигрышном цвете danger
18:09:29 | ID 551681443 пополнил баланс на 1000000000 коинов
18:09:39 | Розыгрыш ставок для игры №3606:
ID 394570291 поставил 20000 коинов на primary и проиграл при выигрышном цвете danger
ID 551681443 поставил 540000 коинов на danger и выиграл 1080000 коинов при выигрышном цвете danger
18:09:45 | ID 573674399 пополнил баланс на 8000000000 коинов
18:10:25 | Розыгрыш ставок для игры №3607:
ID 394570291 поставил 20000 коинов на primary и проиграл при выигрышном цвете danger
ID 573674399 поставил 8000000 коинов на success и проиграл при выигрышном цвете danger
ID 317113903 поставил 8000000 коинов на success и проиграл при выигрышном цвете danger
ID 551681443 поставил 120000 коинов на primary и проиграл при выигрышном цвете danger
18:10:47 | ID 573674399 пополнил баланс на 500000000 коинов
18:11:08 | Розыгрыш ставок для игры №3608:
ID 232024093 поставил 150000 коинов на danger и проиграл при выигрышном цвете primary
ID 394570291 поставил 20000 коинов на primary и выиграл 40000 коинов при выигрышном цвете primary
ID 573674399 поставил 500000 коинов на success и проиграл при выигрышном цвете primary
18:11:52 | Розыгрыш ставок для игры №3609:
ID 551681443 поставил 480000 коинов на primary и проиграл при выигрышном цвете danger
ID 394570291 поставил 20000 коинов на danger и выиграл 40000 коинов при выигрышном цвете danger
18:12:43 | Розыгрыш ставок для игры №3610:
ID 551681443 поставил 1000000 коинов на danger и выиграл 2000000 коинов при выигрышном цвете danger
18:13:28 | Розыгрыш ставок для игры №3611:
ID 394570291 поставил 20000 коинов на danger и проиграл при выигрышном цвете primary
18:14:28 | Розыгрыш ставок для игры №3612:
ID 394570291 поставил 20000 коинов на danger и проиграл при выигрышном цвете primary
ID 551681443 поставил 1000000 коинов на primary и выиграл 2000000 коинов при выигрышном цвете primary
18:15:48 | Розыгрыш ставок для игры №3613:
ID 394570291 поставил 20000 коинов на primary и проиграл при выигрышном цвете danger
ID 317113903 поставил 1000 коинов на primary и проиграл при выигрышном цвете danger
18:16:10 | ID 573674399 пополнил баланс на 10000000000 коинов
18:16:31 | Розыгрыш ставок для игры №3614:
ID 394570291 поставил 20000 коинов на danger и проиграл при выигрышном цвете primary
ID 551681443 поставил 1000000 коинов на danger и проиграл при выигрышном цвете primary
ID 317113903 поставил 6000000 коинов на danger и проиграл при выигрышном цвете primary
ID 573674399 поставил 5000000 коинов на danger и проиграл при выигрышном цвете primary
18:16:59 | ID 484081360 пополнил баланс на 1000000 коинов
18:17:16 | Розыгрыш ставок для игры №3615:
ID 551681443 поставил 2000000 коинов на primary и выиграл 4000000 коинов при выигрышном цвете primary
ID 573674399 поставил 5000000 коинов на success и проиграл при выигрышном цвете primary
18:18:05 | Розыгрыш ставок для игры №3616:
ID 484081360 поставил 1000 коинов на primary и проиграл при выигрышном цвете danger
18:18:59 | Розыгрыш ставок для игры №3617:
ID 551681443 поставил 1000000 коинов на danger и выиграл 2000000 коинов при выигрышном цвете danger
18:20:59 | Розыгрыш ставок для игры №3618:
ID 317113903 поставил 1000 коинов на success и проиграл при выигрышном цвете primary
18:26:56 | Розыгрыш ставок для игры №3619:
ID 317113903 поставил 1000 коинов на success и проиграл при выигрышном цвете danger
18:29:04 | ID 543939638 пополнил баланс на 500000000 коинов
18:29:40 | Розыгрыш ставок для игры №3620:
ID 543939638 поставил 250000 коинов на danger и выиграл 500000 коинов при выигрышном цвете danger
18:32:08 | Розыгрыш ставок для игры №3621:
ID 543939638 поставил 250000 коинов на primary и проиграл при выигрышном цвете danger
18:32:51 | Розыгрыш ставок для игры №3622:
ID 543939638 поставил 500000 коинов на primary и проиграл при выигрышном цвете danger
18:39:50 | Розыгрыш ставок для игры №3623:
ID 317113903 поставил 7000 коинов на success и проиграл при выигрышном цвете danger
18:44:46 | Розыгрыш ставок для игры №3624:
ID 537553729 поставил 1000 коинов на danger и проиграл при выигрышном цвете primary
18:46:52 | ID 394570291 пополнил баланс на 800000000 коинов
18:48:27 | Розыгрыш ставок для игры №3625:
ID 394570291 поставил 100000 коинов на danger и проиграл при выигрышном цвете primary
18:49:10 | Розыгрыш ставок для игры №3626:
ID 394570291 поставил 100000 коинов на danger и выиграл 200000 коинов при выигрышном цвете danger
18:51:32 | ID 471448098 пополнил баланс на 10000000 коинов
18:52:07 | Розыгрыш ставок для игры №3627:
ID 394570291 поставил 200000 коинов на danger и проиграл при выигрышном цвете primary
ID 471448098 поставил 1000 коинов на primary и выиграл 2000 коинов при выигрышном цвете primary
18:52:52 | Розыгрыш ставок для игры №3628:
ID 471448098 поставил 4000 коинов на danger и проиграл при выигрышном цвете primary
ID 394570291 поставил 200000 коинов на danger и проиграл при выигрышном цвете primary
18:53:41 | Розыгрыш ставок для игры №3629:
ID 394570291 поставил 400000 коинов на primary и выиграл 800000 коинов при выигрышном цвете primary
ID 471448098 поставил 1000 коинов на danger и проиграл при выигрышном цвете primary
18:54:40 | Розыгрыш ставок для игры №3630:
ID 471448098 поставил 1000 коинов на primary и выиграл 2000 коинов при выигрышном цвете primary
18:55:24 | Розыгрыш ставок для игры №3631:
ID 471448098 поставил 3000 коинов на primary и проиграл при выигрышном цвете danger
18:56:07 | Розыгрыш ставок для игры №3632:
ID 471448098 поставил 2000 коинов на primary и проиграл при выигрышном цвете danger
18:56:51 | Розыгрыш ставок для игры №3633:
ID 471448098 поставил 2000 коинов на primary и проиграл при выигрышном цвете danger
ID 394570291 поставил 400000 коинов на primary и проиграл при выигрышном цвете danger
18:57:34 | Розыгрыш ставок для игры №3634:
ID 394570291 поставил 400000 коинов на primary и проиграл при выигрышном цвете success
19:11:16 | ID 301682650 пополнил баланс на 22000000 коинов
19:12:02 | Розыгрыш ставок для игры №3635:
ID 301682650 поставил 3000 коинов на primary и выиграл 6000 коинов при выигрышном цвете primary
19:12:50 | Розыгрыш ставок для игры №3636:
ID 301682650 поставил 10000 коинов на danger и выиграл 20000 коинов при выигрышном цвете danger
19:13:50 | Розыгрыш ставок для игры №3637:
ID 301682650 поставил 5000 коинов на primary и выиграл 10000 коинов при выигрышном цвете primary
19:14:49 | Розыгрыш ставок для игры №3638:
ID 301682650 поставил 10000 коинов на danger и проиграл при выигрышном цвете primary
19:14:56 | ID 589631183 пополнил баланс на 300000000 коинов
19:15:34 | Розыгрыш ставок для игры №3639:
ID 301682650 поставил 30000 коинов на danger и выиграл 60000 коинов при выигрышном цвете danger
ID 589631183 поставил 50000 коинов на danger и выиграл 100000 коинов при выигрышном цвете danger
19:16:29 | Розыгрыш ставок для игры №3640:
ID 589631183 поставил 50000 коинов на danger и проиграл при выигрышном цвете primary
ID 301682650 поставил 60000 коинов на primary и выиграл 120000 коинов при выигрышном цвете primary
19:17:31 | Розыгрыш ставок для игры №3641:
ID 301682650 поставил 20000 коинов на danger и проиграл при выигрышном цвете primary
19:18:23 | Розыгрыш ставок для игры №3642:
ID 301682650 поставил 100000 коинов на danger и проиграл при выигрышном цвете success
19:18:55 | ID 301682650 пополнил баланс на 200000000 коинов
19:19:07 | ID 301682650 пополнил баланс на 1000 коинов
19:19:42 | Розыгрыш ставок для игры №3643:
ID 301682650 поставил 100000 коинов на danger и выиграл 200000 коинов при выигрышном цвете danger
19:20:34 | Розыгрыш ставок для игры №3644:
ID 301682650 поставил 50001 коинов на primary и проиграл при выигрышном цвете danger
19:21:37 | Розыгрыш ставок для игры №3645:
ID 301682650 поставил 150000 коинов на danger и выиграл 300000 коинов при выигрышном цвете danger
19:23:08 | Розыгрыш ставок для игры №3646:
ID 301682650 поставил 50000 коинов на primary и проиграл при выигрышном цвете danger
19:24:06 | Розыгрыш ставок для игры №3647:
ID 301682650 поставил 250000 коинов на primary и выиграл 500000 коинов при выигрышном цвете primary
19:25:16 | Розыгрыш ставок для игры №3648:
ID 301682650 поставил 10000 коинов на success и проиграл при выигрышном цвете danger
19:26:04 | Розыгрыш ставок для игры №3649:
ID 301682650 поставил 190000 коинов на primary и выиграл 380000 коинов при выигрышном цвете primary
19:27:10 | Розыгрыш ставок для игры №3650:
ID 301682650 поставил 280000 коинов на danger и проиграл при выигрышном цвете primary
ID 284121215 поставил 25000 коинов на primary и выиграл 50000 коинов при выигрышном цвете primary
19:27:55 | Розыгрыш ставок для игры №3651:
ID 284121215 поставил 25000 коинов на primary и проиграл при выигрышном цвете success
ID 301682650 поставил 500000 коинов на danger и проиграл при выигрышном цвете success
19:28:25 | ID 301682650 пополнил баланс на 500000000 коинов
19:28:32 | ID 246187407 пополнил баланс на 250000000 коинов
19:28:45 | Розыгрыш ставок для игры №3652:
ID 284121215 поставил 50000 коинов на primary и выиграл 100000 коинов при выигрышном цвете primary
ID 301682650 поставил 250000 коинов на danger и проиграл при выигрышном цвете primary
ID 246187407 поставил 100000 коинов на success и проиграл при выигрышном цвете primary
19:29:27 | Розыгрыш ставок для игры №3653:
ID 301682650 поставил 250000 коинов на danger и выиграл 500000 коинов при выигрышном цвете danger
ID 284121215 поставил 25000 коинов на primary и проиграл при выигрышном цвете danger
ID 246187407 поставил 150000 коинов на danger и выиграл 300000 коинов при выигрышном цвете danger
19:30:16 | Розыгрыш ставок для игры №3654:
ID 246187407 поставил 300000 коинов на primary и проиграл при выигрышном цвете danger
ID 284121215 поставил 50000 коинов на primary и проиграл при выигрышном цвете danger
ID 301682650 поставил 100000 коинов на primary и проиграл при выигрышном цвете danger
19:31:00 | Розыгрыш ставок для игры №3655:
ID 284121215 поставил 100000 коинов на primary и проиграл при выигрышном цвете danger
ID 301682650 поставил 400000 коинов на primary и проиграл при выигрышном цвете danger
19:31:00 | Розыгрыш ставок для игры №3656:
ID 284121215 поставил 100000 коинов на primary и проиграл при выигрышном цвете danger
ID 301682650 поставил 400000 коинов на primary и проиграл при выигрышном цвете danger
19:31:44 | Розыгрыш ставок для игры №3657:
ID 284121215 поставил 200000 коинов на primary и проиграл при выигрышном цвете danger
19:32:30 | Розыгрыш ставок для игры №3658:
ID 284121215 поставил 400000 коинов на primary и выиграл 800000 коинов при выигрышном цвете primary
19:33:17 | Розыгрыш ставок для игры №3659:
ID 284121215 поставил 25000 коинов на primary и выиграл 50000 коинов при выигрышном цвете primary
19:34:05 | Розыгрыш ставок для игры №3660:
ID 284121215 поставил 25000 коинов на primary и выиграл 50000 коинов при выигрышном цвете primary
19:35:14 | Розыгрыш ставок для игры №3661:
ID 284121215 поставил 25000 коинов на primary и проиграл при выигрышном цвете danger
19:35:59 | Розыгрыш ставок для игры №3662:
ID 284121215 поставил 100000 коинов на primary и выиграл 200000 коинов при выигрышном цвете primary
19:38:10 | Розыгрыш ставок для игры №3663:
ID 284121215 поставил 50000 коинов на primary и проиграл при выигрышном цвете danger
19:38:54 | Розыгрыш ставок для игры №3664:
ID 284121215 поставил 100000 коинов на primary и выиграл 200000 коинов при выигрышном цвете primary
19:39:39 | Розыгрыш ставок для игры №3665:
ID 284121215 поставил 50000 коинов на primary и выиграл 100000 коинов при выигрышном цвете primary
19:40:23 | Розыгрыш ставок для игры №3666:
ID 284121215 поставил 50000 коинов на danger и выиграл 100000 коинов при выигрышном цвете danger
ID 454522575 поставил 1000 коинов на primary и проиграл при выигрышном цвете danger
19:41:08 | Розыгрыш ставок для игры №3667:
ID 284121215 поставил 50000 коинов на danger и выиграл 100000 коинов при выигрышном цвете danger
19:41:56 | Розыгрыш ставок для игры №3668:
ID 284121215 поставил 50000 коинов на primary и выиграл 100000 коинов при выигрышном цвете primary
19:42:42 | Розыгрыш ставок для игры №3669:
ID 284121215 поставил 50000 коинов на primary и выиграл 100000 коинов при выигрышном цвете primary
19:43:49 | ID 455923236 запросил вывод 1555555 коинов; VKC response code: 200
19:44:17 | Розыгрыш ставок для игры №3670:
ID 284121215 поставил 50000 коинов на primary и проиграл при выигрышном цвете danger
19:45:01 | Розыгрыш ставок для игры №3671:
ID 284121215 поставил 100000 коинов на primary и проиграл при выигрышном цвете danger
19:45:01 | Розыгрыш ставок для игры №3672:
ID 284121215 поставил 100000 коинов на primary и проиграл при выигрышном цвете danger
19:45:51 | Розыгрыш ставок для игры №3673:
ID 284121215 поставил 200000 коинов на primary и проиграл при выигрышном цвете danger
19:46:35 | Розыгрыш ставок для игры №3674:
ID 284121215 поставил 400000 коинов на danger и выиграл 800000 коинов при выигрышном цвете danger
19:47:21 | Розыгрыш ставок для игры №3675:
ID 284121215 поставил 50000 коинов на primary и проиграл при выигрышном цвете danger
19:48:06 | Розыгрыш ставок для игры №3676:
ID 284121215 поставил 100000 коинов на primary и проиграл при выигрышном цвете success
19:49:45 | Розыгрыш ставок для игры №3677:
ID 284121215 поставил 200000 коинов на primary и выиграл 400000 коинов при выигрышном цвете primary
19:50:31 | Розыгрыш ставок для игры №3678:
ID 284121215 поставил 50000 коинов на primary и проиграл при выигрышном цвете danger
19:51:16 | Розыгрыш ставок для игры №3679:
ID 284121215 поставил 100000 коинов на primary и проиграл при выигрышном цвете danger
19:52:42 | Розыгрыш ставок для игры №3680:
ID 284121215 поставил 200000 коинов на primary и проиграл при выигрышном цвете danger
19:52:55 | ID 158452858 пополнил баланс на 340000 коинов
20:06:16 | Розыгрыш ставок для игры №3681:
ID 541269209 поставил 1000 коинов на danger и выиграл 2000 коинов при выигрышном цвете danger
20:07:17 | Розыгрыш ставок для игры №3682:
ID 541269209 поставил 32000 коинов на primary и проиграл при выигрышном цвете danger
20:24:06 | Розыгрыш ставок для игры №3683:
ID 284121215 поставил 200000 коинов на primary и проиграл при выигрышном цвете danger
20:24:48 | Розыгрыш ставок для игры №3684:
ID 284121215 поставил 400000 коинов на primary и проиграл при выигрышном цвете danger
20:25:30 | Розыгрыш ставок для игры №3685:
ID 284121215 поставил 800000 коинов на primary и выиграл 1600000 коинов при выигрышном цвете primary
20:26:18 | Розыгрыш ставок для игры №3686:
ID 284121215 поставил 400000 коинов на primary и выиграл 800000 коинов при выигрышном цвете primary
20:27:02 | Розыгрыш ставок для игры №3687:
ID 284121215 поставил 150000 коинов на danger и проиграл при выигрышном цвете primary
20:27:02 | Розыгрыш ставок для игры №3688:
ID 284121215 поставил 150000 коинов на danger и проиграл при выигрышном цвете success
20:27:57 | Розыгрыш ставок для игры №3689:
ID 284121215 поставил 600000 коинов на danger и проиграл при выигрышном цвете primary
20:28:41 | Розыгрыш ставок для игры №3690:
ID 284121215 поставил 1200000 коинов на danger и проиграл при выигрышном цвете primary
20:29:33 | Розыгрыш ставок для игры №3691:
ID 284121215 поставил 3900000 коинов на danger и выиграл 7800000 коинов при выигрышном цвете danger
20:31:34 | Розыгрыш ставок для игры №3692:
ID 284121215 поставил 50000 коинов на primary и проиграл при выигрышном цвете danger
20:32:22 | Розыгрыш ставок для игры №3693:
ID 284121215 поставил 100000 коинов на primary и выиграл 200000 коинов при выигрышном цвете primary
20:33:13 | Розыгрыш ставок для игры №3694:
ID 284121215 поставил 150000 коинов на primary и проиграл при выигрышном цвете danger
20:33:58 | Розыгрыш ставок для игры №3695:
ID 284121215 поставил 300000 коинов на primary и проиграл при выигрышном цвете danger
20:34:42 | Розыгрыш ставок для игры №3696:
ID 284121215 поставил 600000 коинов на primary и проиграл при выигрышном цвете danger
20:35:29 | Розыгрыш ставок для игры №3697:
ID 284121215 поставил 1200000 коинов на primary и проиграл при выигрышном цвете danger
20:36:18 | Розыгрыш ставок для игры №3698:
ID 284121215 поставил 4800000 коинов на primary и проиграл при выигрышном цвете danger
20:37:06 | Розыгрыш ставок для игры №3699:
ID 284121215 поставил 799218 коинов на primary и выиграл 1598436 коинов при выигрышном цвете primary
20:37:57 | Розыгрыш ставок для игры №3700:
ID 284121215 поставил 1599218 коинов на primary и выиграл 3198436 коинов при выигрышном цвете primary
20:39:23 | Розыгрыш ставок для игры №3701:
ID 284121215 поставил 3198436 коинов на danger и выиграл 6396872 коинов при выигрышном цвете danger
20:41:07 | ID 366906635 пополнил баланс на 20000000 коинов
20:41:52 | Розыгрыш ставок для игры №3702:
ID 366906635 поставил 2000 коинов на danger и выиграл 4000 коинов при выигрышном цвете danger
20:42:39 | Розыгрыш ставок для игры №3703:
ID 366906635 поставил 2000 коинов на success и проиграл при выигрышном цвете primary
20:43:27 | Розыгрыш ставок для игры №3704:
ID 366906635 поставил 2000 коинов на primary и проиграл при выигрышном цвете danger
ID 284121215 поставил 799609 коинов на danger и выиграл 1599218 коинов при выигрышном цвете danger
20:44:10 | Розыгрыш ставок для игры №3705:
ID 366906635 поставил 2000 коинов на primary и проиграл при выигрышном цвете danger
20:44:53 | Розыгрыш ставок для игры №3706:
ID 366906635 поставил 2000 коинов на success и выиграл 28000 коинов при выигрышном цвете success
20:45:15 | ID 366906635 запросил вывод 42000 коинов; VKC response code: 200
21:05:35 | ID 532120153 пополнил баланс на 800000000 коинов
21:06:11 | Розыгрыш ставок для игры №3707:
ID 532120153 поставил 133246 коинов на success и проиграл при выигрышном цвете primary
21:06:59 | Розыгрыш ставок для игры №3708:
ID 532120153 поставил 700000 коинов на primary и выиграл 1400000 коинов при выигрышном цвете primary
21:07:31 | ID 532120153 запросил вывод 1000000 коинов; VKC response code: 200
21:07:50 | Розыгрыш ставок для игры №3709:
ID 532120153 поставил 400000 коинов на danger и выиграл 800000 коинов при выигрышном цвете danger
21:08:37 | Розыгрыш ставок для игры №3710:
ID 532120153 поставил 800000 коинов на success и выиграл 11200000 коинов при выигрышном цвете success
21:10:19 | ID 532120153 запросил вывод 11000000 коинов; VKC response code: 200
21:10:36 | Розыгрыш ставок для игры №3711:
ID 532120153 поставил 200000 коинов на primary и выиграл 400000 коинов при выигрышном цвете primary
21:11:23 | Розыгрыш ставок для игры №3712:
ID 532120153 поставил 400000 коинов на success и проиграл при выигрышном цвете danger
21:12:06 | ID 532120153 пополнил баланс на 1000000000 коинов
21:12:25 | ID 284121215 запросил вывод 7196481 коинов; VKC response code: 200
21:12:54 | Розыгрыш ставок для игры №3713:
ID 532120153 поставил 1000000 коинов на danger и выиграл 2000000 коинов при выигрышном цвете danger
21:18:10 | Розыгрыш ставок для игры №3714:
ID 463009984 поставил 1000 коинов на danger и выиграл 2000 коинов при выигрышном цвете danger
21:18:56 | Розыгрыш ставок для игры №3715:
ID 463009984 поставил 2000 коинов на primary и проиграл при выигрышном цвете danger
21:23:34 | Розыгрыш ставок для игры №3716:
ID 317113903 поставил 35950000 коинов на danger и выиграл 71900000 коинов при выигрышном цвете danger
21:27:32 | ID 366577152 пополнил баланс на 1000 коинов
21:27:36 | Розыгрыш ставок для игры №3717:
ID 532120153 поставил 2000000 коинов на primary и выиграл 4000000 коинов при выигрышном цвете primary
21:28:02 | ID 366577152 запросил вывод 1 коинов; VKC response code: 200
21:28:46 | Розыгрыш ставок для игры №3718:
ID 532120153 поставил 4000030 коинов на danger и проиграл при выигрышном цвете primary
21:32:57 | ID 584244344 пополнил баланс на 10000000000 коинов
21:33:32 | Розыгрыш ставок для игры №3719:
ID 584244344 поставил 1000000 коинов на danger и выиграл 2000000 коинов при выигрышном цвете danger
ID 317113903 поставил 1000000 коинов на danger и выиграл 2000000 коинов при выигрышном цвете danger
21:36:19 | Розыгрыш ставок для игры №3720:
ID 317113903 поставил 112000000 коинов на danger и выиграл 224000000 коинов при выигрышном цвете danger
ID 584244344 поставил 3000000 коинов на danger и выиграл 6000000 коинов при выигрышном цвете danger
21:40:17 | ID 573674399 пополнил баланс на 10000000 коинов
21:40:56 | Розыгрыш ставок для игры №3721:
ID 573674399 поставил 10000 коинов на success и проиграл при выигрышном цвете primary
21:41:05 | ID 543118927 пополнил баланс на 1000000000 коинов
21:41:43 | Розыгрыш ставок для игры №3722:
ID 543118927 поставил 1000000 коинов на primary и проиграл при выигрышном цвете danger
21:42:45 | ID 545479584 пополнил баланс на 1000000 коинов
21:43:37 | Розыгрыш ставок для игры №3723:
ID 545479584 поставил 1000 коинов на success и проиграл при выигрышном цвете primary
21:44:33 | ID 545479584 пополнил баланс на 1500000 коинов
21:45:18 | Розыгрыш ставок для игры №3724:
ID 545479584 поставил 1500 коинов на success и проиграл при выигрышном цвете primary
21:47:33 | ID 545479584 пополнил баланс на 5000000 коинов
21:48:08 | Розыгрыш ставок для игры №3725:
ID 545479584 поставил 1500 коинов на primary и выиграл 3000 коинов при выигрышном цвете primary
21:48:59 | Розыгрыш ставок для игры №3726:
ID 545479584 поставил 6500 коинов на primary и выиграл 13000 коинов при выигрышном цвете primary
21:49:48 | Розыгрыш ставок для игры №3727:
ID 545479584 поставил 6500 коинов на primary и проиграл при выигрышном цвете danger
21:50:31 | Розыгрыш ставок для игры №3728:
ID 545479584 поставил 6500 коинов на primary и проиграл при выигрышном цвете danger
21:50:38 | ID 593138678 пополнил баланс на 10000000 коинов
21:50:54 | ID 593138678 запросил вывод 10000 коинов; VKC response code: 200
21:51:50 | ID 593138678 пополнил баланс на 10000000 коинов
21:52:33 | Розыгрыш ставок для игры №3729:
ID 593138678 поставил 10000 коинов на success и проиграл при выигрышном цвете danger
ID 584244344 поставил 1000000 коинов на success и проиграл при выигрышном цвете danger
21:53:02 | ID 593138678 пополнил баланс на 20000000 коинов
21:53:20 | Розыгрыш ставок для игры №3730:
ID 584244344 поставил 5000000 коинов на primary и выиграл 10000000 коинов при выигрышном цвете primary
ID 593138678 поставил 20000 коинов на danger и проиграл при выигрышном цвете primary
21:54:23 | ID 301682650 пополнил баланс на 25000000 коинов
21:55:01 | Розыгрыш ставок для игры №3731:
ID 301682650 поставил 1000 коинов на primary и проиграл при выигрышном цвете success
21:55:49 | Розыгрыш ставок для игры №3732:
ID 301682650 поставил 1000 коинов на primary и выиграл 2000 коинов при выигрышном цвете primary
21:56:32 | Розыгрыш ставок для игры №3733:
ID 301682650 поставил 5000 коинов на danger и проиграл при выигрышном цвете primary
21:57:32 | Розыгрыш ставок для игры №3734:
ID 301682650 поставил 20000 коинов на danger и выиграл 40000 коинов при выигрышном цвете danger
21:57:52 | ID 301682650 запросил вывод 30000 коинов; VKC response code: 200
21:58:36 | Розыгрыш ставок для игры №3735:
ID 584244344 поставил 5000000 коинов на danger и проиграл при выигрышном цвете primary
21:59:23 | Розыгрыш ставок для игры №3736:
ID 584244344 поставил 5000000 коинов на danger и выиграл 10000000 коинов при выигрышном цвете danger
22:00:17 | Розыгрыш ставок для игры №3737:
ID 301682650 поставил 8750 коинов на danger и проиграл при выигрышном цвете primary
22:01:19 | Розыгрыш ставок для игры №3738:
ID 584244344 поставил 5000000 коинов на primary и выиграл 10000000 коинов при выигрышном цвете primary
22:02:15 | ID 301682650 пополнил баланс на 150000000 коинов
22:02:18 | Розыгрыш ставок для игры №3739:
ID 301682650 поставил 1250 коинов на danger и проиграл при выигрышном цвете primary
22:03:08 | Розыгрыш ставок для игры №3740:
ID 301682650 поставил 150000 коинов на danger и проиграл при выигрышном цвете primary
22:03:30 | ID 301682650 пополнил баланс на 150000000 коинов
22:03:58 | Розыгрыш ставок для игры №3741:
ID 476227471 поставил 99030 коинов на danger и проиграл при выигрышном цвете primary
ID 301682650 поставил 150000 коинов на danger и проиграл при выигрышном цвете primary
22:04:50 | ID 269933195 пополнил баланс на 6000 коинов
22:05:49 | Розыгрыш ставок для игры №3742:
ID 584244344 поставил 5000000 коинов на danger и выиграл 10000000 коинов при выигрышном цвете danger
22:06:37 | Розыгрыш ставок для игры №3743:
ID 584244344 поставил 5000000 коинов на primary и проиграл при выигрышном цвете danger
22:07:22 | Розыгрыш ставок для игры №3744:
ID 584244344 поставил 15000000 коинов на primary и проиграл при выигрышном цвете danger
22:08:17 | Розыгрыш ставок для игры №3745:
ID 584244344 поставил 2000000 коинов на primary и проиграл при выигрышном цвете danger
22:10:25 | Розыгрыш ставок для игры №3746:
ID 584244344 поставил 6000000 коинов на primary и выиграл 12000000 коинов при выигрышном цвете primary
22:11:08 | ID 301682650 пополнил баланс на 20000000 коинов
22:12:28 | Розыгрыш ставок для игры №3747:
ID 301682650 поставил 5000 коинов на danger и проиграл при выигрышном цвете primary
22:13:18 | Розыгрыш ставок для игры №3748:
ID 301682650 поставил 15000 коинов на danger и выиграл 30000 коинов при выигрышном цвете danger
22:14:05 | Розыгрыш ставок для игры №3749:
ID 301682650 поставил 3750 коинов на success и проиграл при выигрышном цвете danger
22:15:02 | Розыгрыш ставок для игры №3750:
ID 301682650 поставил 6250 коинов на danger и выиграл 12500 коинов при выигрышном цвете danger
22:15:02 | Розыгрыш ставок для игры №3751:
ID 301682650 поставил 6250 коинов на danger и выиграл 12500 коинов при выигрышном цвете danger
22:16:12 | Розыгрыш ставок для игры №3752:
ID 301682650 поставил 15000 коинов на primary и проиграл при выигрышном цвете danger
22:16:56 | Розыгрыш ставок для игры №3753:
ID 301682650 поставил 30000 коинов на primary и проиграл при выигрышном цвете danger
22:21:30 | Розыгрыш ставок для игры №3754:
ID 584244344 поставил 12000000 коинов на danger и проиграл при выигрышном цвете primary
22:22:59 | ID 584244344 пополнил баланс на 15000000000 коинов
22:23:40 | Розыгрыш ставок для игры №3755:
ID 584244344 поставил 1000000 коинов на primary и выиграл 2000000 коинов при выигрышном цвете primary
22:24:30 | Розыгрыш ставок для игры №3756:
ID 584244344 поставил 3000000 коинов на danger и выиграл 6000000 коинов при выигрышном цвете danger
22:25:18 | Розыгрыш ставок для игры №3757:
ID 584244344 поставил 1000000 коинов на primary и проиграл при выигрышном цвете danger
22:26:42 | Розыгрыш ставок для игры №3758:
ID 584244344 поставил 18000000 коинов на danger и выиграл 36000000 коинов при выигрышном цвете danger
22:29:25 | Розыгрыш ставок для игры №3759:
ID 584244344 поставил 3000000 коинов на primary и проиграл при выигрышном цвете danger
22:30:11 | Розыгрыш ставок для игры №3760:
ID 584244344 поставил 32000000 коинов на primary и выиграл 64000000 коинов при выигрышном цвете primary
ID 317113903 поставил 57000000 коинов на primary и выиграл 114000000 коинов при выигрышном цвете primary
22:35:18 | Розыгрыш ставок для игры №3761:
ID 584244344 поставил 40000000 коинов на danger и проиграл при выигрышном цвете primary
ID 317113903 поставил 140000000 коинов на danger и проиграл при выигрышном цвете primary
22:36:08 | Розыгрыш ставок для игры №3762:
ID 584244344 поставил 20000000 коинов на danger и выиграл 40000000 коинов при выигрышном цвете danger
22:37:04 | Розыгрыш ставок для игры №3763:
ID 584244344 поставил 20000000 коинов на primary и выиграл 40000000 коинов при выигрышном цвете primary
ID 317113903 поставил 200000000 коинов на primary и выиграл 400000000 коинов при выигрышном цвете primary
22:39:14 | Розыгрыш ставок для игры №3764:
ID 584244344 поставил 20000000 коинов на danger и проиграл при выигрышном цвете primary
22:40:50 | Розыгрыш ставок для игры №3765:
ID 584244344 поставил 45000000 коинов на danger и выиграл 90000000 коинов при выигрышном цвете danger
22:43:39 | ID 303723118 пополнил баланс на 1000 коинов
22:44:53 | Розыгрыш ставок для игры №3766:
ID 507980622 поставил 2000 коинов на primary и выиграл 4000 коинов при выигрышном цвете primary
22:45:41 | Розыгрыш ставок для игры №3767:
ID 584244344 поставил 90000000 коинов на danger и проиграл при выигрышном цвете primary
ID 507980622 поставил 5000 коинов на primary и выиграл 10000 коинов при выигрышном цвете primary
22:46:10 | ID 561858815 пополнил баланс на 20000000 коинов
22:46:49 | Розыгрыш ставок для игры №3768:
ID 561858815 поставил 20000 коинов на danger и выиграл 40000 коинов при выигрышном цвете danger
ID 507980622 поставил 1250 коинов на danger и выиграл 2500 коинов при выигрышном цвете danger
22:48:00 | ID 543118927 пополнил баланс на 4000000000 коинов
22:48:42 | Розыгрыш ставок для игры №3769:
ID 543118927 поставил 4000000 коинов на primary и выиграл 8000000 коинов при выигрышном цвете primary
22:49:26 | Розыгрыш ставок для игры №3770:
ID 529771671 поставил 1000 коинов на primary и выиграл 2000 коинов при выигрышном цвете primary
ID 543118927 поставил 4000000 коинов на danger и проиграл при выигрышном цвете primary
22:50:20 | Розыгрыш ставок для игры №3771:
ID 529771671 поставил 16000 коинов на primary и выиграл 32000 коинов при выигрышном цвете primary
ID 543118927 поставил 2000000 коинов на primary и выиграл 4000000 коинов при выигрышном цвете primary
22:50:40 | ID 543118927 запросил вывод 4000000 коинов; VKC response code: 200
22:51:03 | Розыгрыш ставок для игры №3772:
ID 543118927 поставил 2000000 коинов на danger и проиграл при выигрышном цвете primary
22:51:32 | ID 543118927 пополнил баланс на 3800000000 коинов
22:52:07 | Розыгрыш ставок для игры №3773:
ID 543118927 поставил 3800000 коинов на danger и выиграл 7600000 коинов при выигрышном цвете danger
ID 561858815 поставил 20000 коинов на danger и выиграл 40000 коинов при выигрышном цвете danger
22:52:28 | ID 543118927 запросил вывод 5000000 коинов; VKC response code: 200
22:52:52 | Розыгрыш ставок для игры №3774:
ID 543118927 поставил 2600000 коинов на primary и проиграл при выигрышном цвете danger
ID 561858815 поставил 20000 коинов на primary и проиграл при выигрышном цвете danger
ID 456774865 поставил 2500 коинов на primary и проиграл при выигрышном цвете danger
22:53:15 | ID 584244344 пополнил баланс на 25000000000 коинов
22:53:16 | ID 543118927 пополнил баланс на 2600000000 коинов
22:53:35 | ID 584244344 запросил вывод 5000000 коинов; VKC response code: 200
22:53:41 | Розыгрыш ставок для игры №3775:
ID 456774865 поставил 88500 коинов на primary и проиграл при выигрышном цвете danger
ID 529771671 поставил 32000 коинов на danger и выиграл 64000 коинов при выигрышном цвете danger
ID 561858815 поставил 20000 коинов на primary и проиграл при выигрышном цвете danger
ID 543118927 поставил 2600000 коинов на primary и проиграл при выигрышном цвете danger
22:54:14 | ID 543118927 пополнил баланс на 2150000000 коинов
22:54:26 | Розыгрыш ставок для игры №3776:
ID 584244344 поставил 20000000 коинов на primary и проиграл при выигрышном цвете danger
ID 561858815 поставил 20000 коинов на primary и проиграл при выигрышном цвете danger
ID 529771671 поставил 64000 коинов на danger и выиграл 128000 коинов при выигрышном цвете danger
ID 543118927 поставил 2150000 коинов на primary и проиграл при выигрышном цвете danger
22:55:14 | Розыгрыш ставок для игры №3777:
ID 529771671 поставил 128000 коинов на primary и выиграл 256000 коинов при выигрышном цвете primary
22:55:36 | ID 561858815 пополнил баланс на 20000000 коинов
22:55:58 | Розыгрыш ставок для игры №3778:
ID 529771671 поставил 256000 коинов на primary и проиграл при выигрышном цвете danger
ID 561858815 поставил 20000 коинов на primary и проиграл при выигрышном цвете danger
22:56:22 | ID 561858815 пополнил баланс на 20000000 коинов
22:56:56 | Розыгрыш ставок для игры №3779:
ID 561858815 поставил 20000 коинов на danger и выиграл 40000 коинов при выигрышном цвете danger
22:57:44 | Розыгрыш ставок для игры №3780:
ID 561858815 поставил 20000 коинов на danger и выиграл 40000 коинов при выигрышном цвете danger
22:58:08 | ID 561858815 запросил вывод 50000 коинов; VKC response code: 200
22:58:45 | Розыгрыш ставок для игры №3781:
ID 561858815 поставил 10000 коинов на danger и выиграл 20000 коинов при выигрышном цвете danger
22:59:41 | Розыгрыш ставок для игры №3782:
ID 561858815 поставил 20000 коинов на danger и проиграл при выигрышном цвете success
23:02:00 | ID 533495606 пополнил баланс на 900000 коинов
23:06:34 | ID 584244344 пополнил баланс на 104000000000 коинов
23:07:18 | Розыгрыш ставок для игры №3783:
ID 584244344 поставил 5000000 коинов на primary и выиграл 10000000 коинов при выигрышном цвете primary
23:08:05 | Розыгрыш ставок для игры №3784:
ID 584244344 поставил 5000000 коинов на danger и проиграл при выигрышном цвете primary
23:09:08 | Розыгрыш ставок для игры №3785:
ID 584244344 поставил 55000000 коинов на danger и проиграл при выигрышном цвете primary
23:09:56 | Розыгрыш ставок для игры №3786:
ID 584244344 поставил 49000000 коинов на danger и выиграл 98000000 коинов при выигрышном цвете danger
23:10:50 | Розыгрыш ставок для игры №3787:
ID 584244344 поставил 3000000 коинов на danger и выиграл 6000000 коинов при выигрышном цвете danger
23:11:54 | Розыгрыш ставок для игры №3788:
ID 584244344 поставил 15000000 коинов на primary и выиграл 30000000 коинов при выигрышном цвете primary
23:13:21 | Розыгрыш ставок для игры №3789:
ID 584244344 поставил 16500000 коинов на danger и выиграл 33000000 коинов при выигрышном цвете danger
ID 317113903 поставил 120000000 коинов на danger и выиграл 240000000 коинов при выигрышном цвете danger
ID 489677842 поставил 50000 коинов на primary и проиграл при выигрышном цвете danger
23:13:32 | ID 243820613 пополнил баланс на 1000000000 коинов
23:14:13 | Розыгрыш ставок для игры №3790:
ID 489677842 поставил 100000 коинов на primary и проиграл при выигрышном цвете danger
ID 243820613 поставил 4000 коинов на primary и проиграл при выигрышном цвете danger
23:14:57 | Розыгрыш ставок для игры №3791:
ID 243820613 поставил 2000 коинов на success и проиграл при выигрышном цвете danger
23:15:45 | Розыгрыш ставок для игры №3792:
ID 243820613 поставил 20000 коинов на danger и проиграл при выигрышном цвете primary
23:16:26 | ID 503479522 пополнил баланс на 10000000 коинов
23:16:46 | Розыгрыш ставок для игры №3793:
ID 243820613 поставил 400000 коинов на primary и проиграл при выигрышном цвете danger
ID 584244344 поставил 22500000 коинов на primary и проиграл при выигрышном цвете danger
ID 503479522 поставил 1000 коинов на primary и проиграл при выигрышном цвете danger
23:17:07 | ID 243820613 запросил вывод 574000 коинов; VKC response code: 200
23:17:29 | Розыгрыш ставок для игры №3794:
ID 503479522 поставил 1000 коинов на danger и проиграл при выигрышном цвете primary
ID 584244344 поставил 31500000 коинов на primary и выиграл 63000000 коинов при выигрышном цвете primary
ID 317113903 поставил 80000000 коинов на primary и выиграл 160000000 коинов при выигрышном цвете primary
23:20:58 | ID 317113903 запросил вывод 1900000 коинов; VKC response code: 200
23:23:39 | ID 584244344 запросил вывод 1000000 коинов; VKC response code: 200
23:24:36 | Розыгрыш ставок для игры №3795:
ID 457554737 поставил 1000 коинов на primary и проиграл при выигрышном цвете danger
23:29:34 | ID 584244344 запросил вывод 300000 коинов; VKC response code: 200
23:34:21 | ID 584244344 запросил вывод 1000000 коинов; VKC response code: 200
23:35:04 | ID 584244344 запросил вывод 39000000 коинов; VKC response code: 200
23:35:13 | ID 301682650 пополнил баланс на 1000000000 коинов
23:36:02 | Розыгрыш ставок для игры №3796:
ID 301682650 поставил 1000 коинов на primary и выиграл 2000 коинов при выигрышном цвете primary
23:36:52 | Розыгрыш ставок для игры №3797:
ID 301682650 поставил 51000 коинов на danger и проиграл при выигрышном цвете primary
23:37:42 | Розыгрыш ставок для игры №3798:
ID 301682650 поставил 450000 коинов на danger и проиграл при выигрышном цвете primary
23:38:33 | Розыгрыш ставок для игры №3799:
ID 301682650 поставил 500000 коинов на danger и проиграл при выигрышном цвете primary
23:39:17 | ID 301682650 пополнил баланс на 90000000 коинов
23:40:26 | ID 584244344 запросил вывод 100200000 коинов; VKC response code: 200
23:41:29 | Розыгрыш ставок для игры №3800:
ID 301682650 поставил 90000 коинов на danger и проиграл при выигрышном цвете primary