
07:18:30 | Розыгрыш ставок для игры №9866:
ID 15908751 поставил 1000 коинов на danger и проиграл при выигрышном цвете primary
12:09:12 | Розыгрыш ставок для игры №9867:
ID 498893164 поставил 1000 коинов на primary и выиграл 1500 коинов при выигрышном цвете primary
12:10:04 | Розыгрыш ставок для игры №9868:
ID 498893164 поставил 1000 коинов на success и выиграл 2500 коинов при выигрышном цвете success
12:10:50 | Розыгрыш ставок для игры №9869:
ID 498893164 поставил 1000 коинов на success и проиграл при выигрышном цвете primary
12:11:31 | Розыгрыш ставок для игры №9870:
ID 498893164 поставил 2000 коинов на danger и проиграл при выигрышном цвете success
12:28:20 | ID 24640132 пополнил баланс на 1000000 коинов
12:31:12 | Розыгрыш ставок для игры №9871:
ID 24640132 поставил 1000 коинов на success и проиграл при выигрышном цвете primary
17:31:40 | ID 498893164 пополнил баланс на 93000000 коинов
17:32:21 | Розыгрыш ставок для игры №9872:
ID 498893164 поставил 3000 коинов на primary и проиграл при выигрышном цвете success
17:32:43 | ID 498893164 запросил вывод 90000 коинов; VKC response code: 200
19:08:39 | ID 510428548 пополнил баланс на 800000 коинов
22:49:04 | Розыгрыш ставок для игры №9873:
ID 361472169 поставил 1000 коинов на primary и выиграл 1500 коинов при выигрышном цвете primary
22:49:48 | Розыгрыш ставок для игры №9874:
ID 361472169 поставил 1000 коинов на success и проиграл при выигрышном цвете primary
23:13:25 | ID 573570305 пополнил баланс на 599999000 коинов
23:14:05 | Розыгрыш ставок для игры №9875:
ID 573570305 поставил 500000 коинов на success и проиграл при выигрышном цвете primary
23:14:53 | Розыгрыш ставок для игры №9876:
ID 573570305 поставил 99999 коинов на success и проиграл при выигрышном цвете primary