
00:04:20 | ID 489677842 пополнил баланс на 2000000 коинов
00:05:21 | Розыгрыш ставок для игры №6564:
ID 489677842 поставил 1000 коинов на primary и проиграл при выигрышном цвете danger
00:06:05 | Розыгрыш ставок для игры №6565:
ID 489677842 поставил 1000 коинов на success и проиграл при выигрышном цвете primary
00:27:06 | Розыгрыш ставок для игры №6566:
ID 226077964 поставил 9999 коинов на primary и выиграл 19998 коинов при выигрышном цвете primary
00:28:21 | Розыгрыш ставок для игры №6567:
ID 226077964 поставил 9999 коинов на danger и выиграл 19998 коинов при выигрышном цвете danger
00:29:29 | ID 226077964 запросил вывод 102397 коинов; VKC response code: 200
00:29:39 | Розыгрыш ставок для игры №6568:
ID 226077964 поставил 9999 коинов на primary и проиграл при выигрышном цвете danger
00:32:06 | ID 432145045 пополнил баланс на 65000000 коинов
00:32:52 | Розыгрыш ставок для игры №6569:
ID 432145045 поставил 25000 коинов на primary и выиграл 50000 коинов при выигрышном цвете primary
00:33:37 | Розыгрыш ставок для игры №6570:
ID 432145045 поставил 20000 коинов на danger и проиграл при выигрышном цвете primary
00:34:20 | Розыгрыш ставок для игры №6571:
ID 432145045 поставил 70000 коинов на danger и проиграл при выигрышном цвете success
00:59:26 | ID 573244970 пополнил баланс на 100000000 коинов
01:00:17 | Розыгрыш ставок для игры №6572:
ID 573244970 поставил 100000 коинов на primary и проиграл при выигрышном цвете danger
01:39:17 | Розыгрыш ставок для игры №6573:
ID 579555427 поставил 1000 коинов на danger и проиграл при выигрышном цвете primary
01:40:00 | Розыгрыш ставок для игры №6574:
ID 579555427 поставил 1000 коинов на danger и выиграл 2000 коинов при выигрышном цвете danger
05:32:02 | ID 592746993 пополнил баланс на 100000000 коинов
05:32:44 | Розыгрыш ставок для игры №6575:
ID 592746993 поставил 10000 коинов на danger и проиграл при выигрышном цвете primary
05:33:25 | Розыгрыш ставок для игры №6576:
ID 592746993 поставил 10000 коинов на danger и проиграл при выигрышном цвете primary
05:34:12 | Розыгрыш ставок для игры №6577:
ID 592746993 поставил 30000 коинов на primary и выиграл 60000 коинов при выигрышном цвете primary
05:35:00 | Розыгрыш ставок для игры №6578:
ID 592746993 поставил 60000 коинов на primary и проиграл при выигрышном цвете danger
05:35:46 | Розыгрыш ставок для игры №6579:
ID 592746993 поставил 50000 коинов на success и проиграл при выигрышном цвете danger
06:57:23 | ID 371318834 пополнил баланс на 100000000 коинов
06:57:33 | ID 586138204 пополнил баланс на 10000000 коинов
06:58:02 | Розыгрыш ставок для игры №6580:
ID 371318834 поставил 100000 коинов на primary и проиграл при выигрышном цвете danger
06:58:49 | Розыгрыш ставок для игры №6581:
ID 586138204 поставил 5000 коинов на primary и проиграл при выигрышном цвете danger
06:59:32 | Розыгрыш ставок для игры №6582:
ID 586138204 поставил 5000 коинов на primary и проиграл при выигрышном цвете danger
07:24:27 | ID 592746993 пополнил баланс на 5000000000 коинов
07:25:02 | Розыгрыш ставок для игры №6583:
ID 592746993 поставил 5000000 коинов на primary и выиграл 10000000 коинов при выигрышном цвете primary
07:25:19 | ID 592746993 запросил вывод 10000000 коинов; VKC response code: 200
09:14:14 | ID 590952931 пополнил баланс на 1000000 коинов
09:14:23 | ID 590952931 пополнил баланс на 9000000 коинов
09:15:07 | Розыгрыш ставок для игры №6584:
ID 590952931 поставил 2000 коинов на primary и проиграл при выигрышном цвете danger
09:15:55 | Розыгрыш ставок для игры №6585:
ID 590952931 поставил 1000 коинов на primary и проиграл при выигрышном цвете danger
09:16:50 | Розыгрыш ставок для игры №6586:
ID 590952931 поставил 1000 коинов на primary и выиграл 2000 коинов при выигрышном цвете primary
09:17:40 | Розыгрыш ставок для игры №6587:
ID 590952931 поставил 2000 коинов на primary и выиграл 4000 коинов при выигрышном цвете primary
09:18:26 | Розыгрыш ставок для игры №6588:
ID 590952931 поставил 1000 коинов на primary и проиграл при выигрышном цвете danger
09:19:49 | Розыгрыш ставок для игры №6589:
ID 590952931 поставил 1000 коинов на primary и проиграл при выигрышном цвете danger
09:20:59 | Розыгрыш ставок для игры №6590:
ID 590952931 поставил 1000 коинов на danger и выиграл 2000 коинов при выигрышном цвете danger
09:22:21 | Розыгрыш ставок для игры №6591:
ID 590952931 поставил 1000 коинов на danger и выиграл 2000 коинов при выигрышном цвете danger
09:23:06 | Розыгрыш ставок для игры №6592:
ID 590952931 поставил 1000 коинов на primary и выиграл 2000 коинов при выигрышном цвете primary
09:24:43 | Розыгрыш ставок для игры №6593:
ID 590952931 поставил 1000 коинов на primary и проиграл при выигрышном цвете danger
09:26:01 | Розыгрыш ставок для игры №6594:
ID 590952931 поставил 1000 коинов на primary и выиграл 2000 коинов при выигрышном цвете primary
09:26:01 | Розыгрыш ставок для игры №6595:
ID 590952931 поставил 1000 коинов на primary и выиграл 2000 коинов при выигрышном цвете primary
09:27:41 | Розыгрыш ставок для игры №6596:
ID 590952931 поставил 1000 коинов на danger и выиграл 2000 коинов при выигрышном цвете danger
09:28:28 | Розыгрыш ставок для игры №6597:
ID 590952931 поставил 2000 коинов на danger и проиграл при выигрышном цвете primary
09:29:14 | Розыгрыш ставок для игры №6598:
ID 590952931 поставил 1000 коинов на danger и проиграл при выигрышном цвете primary
09:30:07 | Розыгрыш ставок для игры №6599:
ID 590952931 поставил 1000 коинов на danger и выиграл 2000 коинов при выигрышном цвете danger
09:30:28 | ID 590952931 запросил вывод 12000 коинов; VKC response code: 200
09:35:05 | ID 537553729 пополнил баланс на 140000000 коинов
09:36:40 | Розыгрыш ставок для игры №6600:
ID 537553729 поставил 100000 коинов на danger и проиграл при выигрышном цвете primary
09:37:50 | Розыгрыш ставок для игры №6601:
ID 537553729 поставил 20000 коинов на success и проиграл при выигрышном цвете primary
09:38:43 | Розыгрыш ставок для игры №6602:
ID 537553729 поставил 20000 коинов на primary и проиграл при выигрышном цвете danger
09:59:51 | Розыгрыш ставок для игры №6603:
ID 317113903 поставил 440000000 коинов на danger и выиграл 880000000 коинов при выигрышном цвете danger
11:26:44 | Розыгрыш ставок для игры №6604:
ID 534874309 поставил 1000 коинов на danger и выиграл 2000 коинов при выигрышном цвете danger
11:27:30 | Розыгрыш ставок для игры №6605:
ID 534874309 поставил 2000 коинов на primary и выиграл 4000 коинов при выигрышном цвете primary
11:39:01 | ID 476227471 пополнил баланс на 506603000 коинов
11:39:40 | Розыгрыш ставок для игры №6606:
ID 476227471 поставил 506603 коинов на danger и проиграл при выигрышном цвете primary
11:56:37 | ID 512227989 пополнил баланс на 200000000 коинов
11:56:42 | ID 414248706 пополнил баланс на 1000000000 коинов
11:57:22 | Розыгрыш ставок для игры №6607:
ID 512227989 поставил 200000 коинов на primary и проиграл при выигрышном цвете danger
ID 414248706 поставил 100000 коинов на danger и выиграл 200000 коинов при выигрышном цвете danger
11:58:22 | Розыгрыш ставок для игры №6608:
ID 414248706 поставил 200000 коинов на primary и проиграл при выигрышном цвете danger
11:59:12 | Розыгрыш ставок для игры №6609:
ID 414248706 поставил 400000 коинов на primary и проиграл при выигрышном цвете danger
11:59:44 | ID 414248706 пополнил баланс на 1000000000 коинов
11:59:58 | Розыгрыш ставок для игры №6610:
ID 414248706 поставил 500000 коинов на primary и выиграл 1000000 коинов при выигрышном цвете primary
12:00:19 | ID 414248706 запросил вывод 1000000 коинов; VKC response code: 200
12:01:18 | Розыгрыш ставок для игры №6611:
ID 414248706 поставил 500000 коинов на danger и проиграл при выигрышном цвете primary
ID 594058724 поставил 500000 коинов на danger и проиграл при выигрышном цвете primary
12:02:01 | Розыгрыш ставок для игры №6612:
ID 414248706 поставил 500000 коинов на danger и проиграл при выигрышном цвете primary
ID 594058724 поставил 1000000 коинов на danger и проиграл при выигрышном цвете primary
12:02:01 | Розыгрыш ставок для игры №6613:
ID 414248706 поставил 500000 коинов на danger и выиграл 1000000 коинов при выигрышном цвете danger
ID 594058724 поставил 1000000 коинов на danger и выиграл 2000000 коинов при выигрышном цвете danger
12:02:32 | ID 551181089 пополнил баланс на 5000000 коинов
12:02:57 | Розыгрыш ставок для игры №6614:
ID 594058724 поставил 500000 коинов на primary и выиграл 1000000 коинов при выигрышном цвете primary
ID 551181089 поставил 5000 коинов на danger и проиграл при выигрышном цвете primary
ID 414248706 поставил 500000 коинов на danger и проиграл при выигрышном цвете primary
12:03:45 | Розыгрыш ставок для игры №6615:
ID 594058724 поставил 500000 коинов на primary и проиграл при выигрышном цвете danger
ID 414248706 поставил 500000 коинов на primary и проиграл при выигрышном цвете danger
12:04:23 | ID 414248706 пополнил баланс на 2500000000 коинов
12:04:27 | Розыгрыш ставок для игры №6616:
ID 594058724 поставил 1000000 коинов на primary и выиграл 2000000 коинов при выигрышном цвете primary
12:05:11 | Розыгрыш ставок для игры №6617:
ID 414248706 поставил 2000000 коинов на danger и проиграл при выигрышном цвете primary
ID 594058724 поставил 125000 коинов на success и проиграл при выигрышном цвете primary
12:05:34 | ID 414248706 пополнил баланс на 5000000000 коинов
12:05:58 | Розыгрыш ставок для игры №6618:
ID 594058724 поставил 5000000 коинов на danger и выиграл 10000000 коинов при выигрышном цвете danger
ID 414248706 поставил 5500000 коинов на danger и выиграл 11000000 коинов при выигрышном цвете danger
12:06:53 | Розыгрыш ставок для игры №6619:
ID 594058724 поставил 250000 коинов на danger и проиграл при выигрышном цвете primary
12:07:28 | ID 414248706 запросил вывод 10000000 коинов; VKC response code: 200
12:07:36 | Розыгрыш ставок для игры №6620:
ID 594058724 поставил 500000 коинов на danger и проиграл при выигрышном цвете primary
ID 414248706 поставил 500000 коинов на danger и проиграл при выигрышном цвете primary
12:08:18 | Розыгрыш ставок для игры №6621:
ID 594058724 поставил 500000 коинов на success и выиграл 7000000 коинов при выигрышном цвете success
12:10:35 | Розыгрыш ставок для игры №6622:
ID 594058724 поставил 250000 коинов на primary и проиграл при выигрышном цвете danger
12:11:17 | Розыгрыш ставок для игры №6623:
ID 594058724 поставил 500000 коинов на primary и проиграл при выигрышном цвете danger
ID 414248706 поставил 500000 коинов на danger и выиграл 1000000 коинов при выигрышном цвете danger
12:12:07 | Розыгрыш ставок для игры №6624:
ID 594058724 поставил 1000000 коинов на primary и выиграл 2000000 коинов при выигрышном цвете primary
ID 414248706 поставил 250000 коинов на primary и выиграл 500000 коинов при выигрышном цвете primary
12:13:19 | Розыгрыш ставок для игры №6625:
ID 594058724 поставил 500000 коинов на success и проиграл при выигрышном цвете danger
ID 414248706 поставил 250000 коинов на success и проиграл при выигрышном цвете danger
12:14:09 | Розыгрыш ставок для игры №6626:
ID 414248706 поставил 1000000 коинов на danger и выиграл 2000000 коинов при выигрышном цвете danger
12:14:40 | ID 224066333 пополнил баланс на 1000 коинов
12:15:13 | Розыгрыш ставок для игры №6627:
ID 594058724 поставил 500000 коинов на primary и выиграл 1000000 коинов при выигрышном цвете primary
12:15:58 | Розыгрыш ставок для игры №6628:
ID 594058724 поставил 125000 коинов на primary и выиграл 250000 коинов при выигрышном цвете primary
12:17:00 | ID 414248706 запросил вывод 1000000 коинов; VKC response code: 200
12:17:17 | Розыгрыш ставок для игры №6629:
ID 414248706 поставил 500000 коинов на primary и выиграл 1000000 коинов при выигрышном цвете primary
ID 594058724 поставил 500000 коинов на danger и проиграл при выигрышном цвете primary
12:17:59 | Розыгрыш ставок для игры №6630:
ID 594058724 поставил 1000000 коинов на danger и выиграл 2000000 коинов при выигрышном цвете danger
12:18:53 | Розыгрыш ставок для игры №6631:
ID 414248706 поставил 500000 коинов на danger и проиграл при выигрышном цвете primary
ID 594058724 поставил 750000 коинов на primary и выиграл 1500000 коинов при выигрышном цвете primary
12:19:39 | Розыгрыш ставок для игры №6632:
ID 414248706 поставил 750000 коинов на danger и выиграл 1500000 коинов при выигрышном цвете danger
ID 594058724 поставил 250000 коинов на success и проиграл при выигрышном цвете danger
12:20:28 | Розыгрыш ставок для игры №6633:
ID 414248706 поставил 250000 коинов на danger и проиграл при выигрышном цвете primary
ID 594058724 поставил 1000000 коинов на primary и выиграл 2000000 коинов при выигрышном цвете primary
12:20:57 | ID 414248706 запросил вывод 750000 коинов; VKC response code: 200
12:21:20 | Розыгрыш ставок для игры №6634:
ID 414248706 поставил 500000 коинов на primary и выиграл 1000000 коинов при выигрышном цвете primary
12:22:05 | Розыгрыш ставок для игры №6635:
ID 414248706 поставил 500000 коинов на danger и проиграл при выигрышном цвете primary
ID 594058724 поставил 500000 коинов на primary и выиграл 1000000 коинов при выигрышном цвете primary
12:22:56 | Розыгрыш ставок для игры №6636:
ID 594058724 поставил 500000 коинов на danger и выиграл 1000000 коинов при выигрышном цвете danger
ID 414248706 поставил 250000 коинов на success и проиграл при выигрышном цвете danger
12:23:50 | Розыгрыш ставок для игры №6637:
ID 414248706 поставил 500000 коинов на success и проиграл при выигрышном цвете danger
ID 594058724 поставил 1000000 коинов на primary и проиграл при выигрышном цвете danger
12:24:32 | Розыгрыш ставок для игры №6638:
ID 594058724 поставил 2000000 коинов на primary и выиграл 4000000 коинов при выигрышном цвете primary
12:25:50 | ID 414248706 пополнил баланс на 1000000000 коинов
12:26:29 | Розыгрыш ставок для игры №6639:
ID 594058724 поставил 1500000 коинов на danger и выиграл 3000000 коинов при выигрышном цвете danger
ID 414248706 поставил 1000000 коинов на danger и выиграл 2000000 коинов при выигрышном цвете danger
12:27:20 | Розыгрыш ставок для игры №6640:
ID 594058724 поставил 500000 коинов на success и проиграл при выигрышном цвете danger
ID 414248706 поставил 250000 коинов на success и проиграл при выигрышном цвете danger
12:27:26 | ID 414248706 запросил вывод 1250000 коинов; VKC response code: 200
12:28:02 | Розыгрыш ставок для игры №6641:
ID 594058724 поставил 500000 коинов на success и проиграл при выигрышном цвете danger
ID 414248706 поставил 500000 коинов на success и проиграл при выигрышном цвете danger
12:28:02 | Розыгрыш ставок для игры №6642:
ID 594058724 поставил 500000 коинов на success и проиграл при выигрышном цвете danger
ID 414248706 поставил 500000 коинов на success и проиграл при выигрышном цвете danger
12:28:55 | Розыгрыш ставок для игры №6643:
ID 594058724 поставил 500000 коинов на success и проиграл при выигрышном цвете primary
12:36:36 | ID 194636796 пополнил баланс на 100000000 коинов
12:37:20 | Розыгрыш ставок для игры №6644:
ID 194636796 поставил 50000 коинов на primary и выиграл 100000 коинов при выигрышном цвете primary
12:38:06 | Розыгрыш ставок для игры №6645:
ID 194636796 поставил 50000 коинов на danger и проиграл при выигрышном цвете primary
12:38:39 | ID 464932485 пополнил баланс на 1000000000 коинов
12:38:50 | Розыгрыш ставок для игры №6646:
ID 194636796 поставил 50000 коинов на danger и выиграл 100000 коинов при выигрышном цвете danger
ID 464932485 поставил 250000 коинов на primary и проиграл при выигрышном цвете danger
12:39:19 | ID 194636796 запросил вывод 150000 коинов; VKC response code: 200
12:39:32 | Розыгрыш ставок для игры №6647:
ID 464932485 поставил 250000 коинов на primary и выиграл 500000 коинов при выигрышном цвете primary
12:40:16 | Розыгрыш ставок для игры №6648:
ID 464932485 поставил 500000 коинов на primary и проиграл при выигрышном цвете danger
12:44:05 | Розыгрыш ставок для игры №6649:
ID 464932485 поставил 500000 коинов на danger и выиграл 1000000 коинов при выигрышном цвете danger
12:44:52 | Розыгрыш ставок для игры №6650:
ID 464932485 поставил 500000 коинов на danger и проиграл при выигрышном цвете primary
12:45:35 | Розыгрыш ставок для игры №6651:
ID 464932485 поставил 500000 коинов на primary и выиграл 1000000 коинов при выигрышном цвете primary
12:46:51 | Розыгрыш ставок для игры №6652:
ID 464932485 поставил 1000000 коинов на primary и выиграл 2000000 коинов при выигрышном цвете primary
12:47:15 | ID 464932485 запросил вывод 1500000 коинов; VKC response code: 200
12:47:50 | Розыгрыш ставок для игры №6653:
ID 464932485 поставил 500000 коинов на primary и проиграл при выигрышном цвете danger
13:22:54 | ID 499366239 пополнил баланс на 100000000 коинов
13:23:36 | Розыгрыш ставок для игры №6654:
ID 499366239 поставил 25000 коинов на danger и проиграл при выигрышном цвете primary
13:24:29 | Розыгрыш ставок для игры №6655:
ID 499366239 поставил 50000 коинов на danger и проиграл при выигрышном цвете primary
13:25:20 | Розыгрыш ставок для игры №6656:
ID 499366239 поставил 25000 коинов на primary и проиграл при выигрышном цвете success
13:26:18 | ID 499366239 пополнил баланс на 199800000 коинов
13:26:53 | Розыгрыш ставок для игры №6657:
ID 499366239 поставил 75000 коинов на danger и выиграл 150000 коинов при выигрышном цвете danger
13:27:40 | Розыгрыш ставок для игры №6658:
ID 499366239 поставил 100000 коинов на primary и выиграл 200000 коинов при выигрышном цвете primary
13:28:27 | Розыгрыш ставок для игры №6659:
ID 499366239 поставил 75000 коинов на danger и проиграл при выигрышном цвете primary
13:29:14 | Розыгрыш ставок для игры №6660:
ID 499366239 поставил 50000 коинов на primary и выиграл 100000 коинов при выигрышном цвете primary
13:30:01 | Розыгрыш ставок для игры №6661:
ID 499366239 поставил 50000 коинов на primary и проиграл при выигрышном цвете danger
13:30:53 | Розыгрыш ставок для игры №6662:
ID 499366239 поставил 100000 коинов на primary и проиграл при выигрышном цвете danger
13:31:51 | Розыгрыш ставок для игры №6663:
ID 499366239 поставил 187500 коинов на danger и выиграл 375000 коинов при выигрышном цвете danger
13:32:39 | Розыгрыш ставок для игры №6664:
ID 499366239 поставил 50000 коинов на primary и выиграл 100000 коинов при выигрышном цвете primary
13:33:01 | ID 499366239 запросил вывод 437000 коинов; VKC response code: 200
13:34:43 | Розыгрыш ставок для игры №6665:
ID 594058724 поставил 150000 коинов на danger и проиграл при выигрышном цвете primary
13:35:25 | Розыгрыш ставок для игры №6666:
ID 594058724 поставил 300000 коинов на danger и выиграл 600000 коинов при выигрышном цвете danger
13:38:53 | Розыгрыш ставок для игры №6667:
ID 570527660 поставил 2000 коинов на success и проиграл при выигрышном цвете primary
13:41:15 | Розыгрыш ставок для игры №6668:
ID 594058724 поставил 150000 коинов на danger и проиграл при выигрышном цвете success
13:41:57 | Розыгрыш ставок для игры №6669:
ID 594058724 поставил 150000 коинов на danger и проиграл при выигрышном цвете primary
13:42:39 | Розыгрыш ставок для игры №6670:
ID 594058724 поставил 600000 коинов на danger и выиграл 1200000 коинов при выигрышном цвете danger
13:43:25 | Розыгрыш ставок для игры №6671:
ID 594058724 поставил 150000 коинов на primary и выиграл 300000 коинов при выигрышном цвете primary
13:44:19 | Розыгрыш ставок для игры №6672:
ID 594058724 поставил 150000 коинов на primary и выиграл 300000 коинов при выигрышном цвете primary
13:44:55 | ID 499366239 пополнил баланс на 200000000 коинов
13:45:32 | Розыгрыш ставок для игры №6673:
ID 499366239 поставил 80000 коинов на danger и выиграл 160000 коинов при выигрышном цвете danger
13:46:16 | Розыгрыш ставок для игры №6674:
ID 499366239 поставил 40000 коинов на primary и выиграл 80000 коинов при выигрышном цвете primary
13:47:04 | Розыгрыш ставок для игры №6675:
ID 499366239 поставил 20000 коинов на primary и выиграл 40000 коинов при выигрышном цвете primary
13:48:05 | Розыгрыш ставок для игры №6676:
ID 499366239 поставил 40000 коинов на primary и выиграл 80000 коинов при выигрышном цвете primary
ID 594058724 поставил 150000 коинов на danger и проиграл при выигрышном цвете primary
13:48:47 | Розыгрыш ставок для игры №6677:
ID 594058724 поставил 300000 коинов на danger и проиграл при выигрышном цвете primary
ID 499366239 поставил 20000 коинов на danger и проиграл при выигрышном цвете primary
13:49:31 | Розыгрыш ставок для игры №6678:
ID 594058724 поставил 600000 коинов на danger и проиграл при выигрышном цвете primary
ID 499366239 поставил 60000 коинов на primary и выиграл 120000 коинов при выигрышном цвете primary
13:50:13 | Розыгрыш ставок для игры №6679:
ID 594058724 поставил 1200000 коинов на danger и проиграл при выигрышном цвете primary
ID 499366239 поставил 40000 коинов на primary и выиграл 80000 коинов при выигрышном цвете primary
13:50:56 | Розыгрыш ставок для игры №6680:
ID 594058724 поставил 2400000 коинов на danger и выиграл 4800000 коинов при выигрышном цвете danger
ID 499366239 поставил 20000 коинов на danger и выиграл 40000 коинов при выигрышном цвете danger
13:51:47 | Розыгрыш ставок для игры №6681:
ID 499366239 поставил 40000 коинов на danger и выиграл 80000 коинов при выигрышном цвете danger
ID 594058724 поставил 150000 коинов на danger и выиграл 300000 коинов при выигрышном цвете danger
13:53:35 | Розыгрыш ставок для игры №6682:
ID 499366239 поставил 40000 коинов на primary и выиграл 80000 коинов при выигрышном цвете primary
13:55:28 | Розыгрыш ставок для игры №6683:
ID 499366239 поставил 20000 коинов на success и проиграл при выигрышном цвете primary
ID 594058724 поставил 200000 коинов на danger и проиграл при выигрышном цвете primary
13:56:13 | Розыгрыш ставок для игры №6684:
ID 594058724 поставил 400000 коинов на danger и проиграл при выигрышном цвете primary
ID 499366239 поставил 100000 коинов на danger и проиграл при выигрышном цвете primary
13:56:55 | Розыгрыш ставок для игры №6685:
ID 594058724 поставил 800000 коинов на danger и выиграл 1600000 коинов при выигрышном цвете danger
ID 326728657 поставил 1000 коинов на primary и проиграл при выигрышном цвете danger
ID 499366239 поставил 100000 коинов на primary и проиграл при выигрышном цвете danger
13:58:16 | Розыгрыш ставок для игры №6686:
ID 594058724 поставил 200000 коинов на primary и выиграл 400000 коинов при выигрышном цвете primary
13:59:55 | Розыгрыш ставок для игры №6687:
ID 499366239 поставил 100000 коинов на danger и проиграл при выигрышном цвете primary
14:00:52 | Розыгрыш ставок для игры №6688:
ID 499366239 поставил 50000 коинов на success и проиграл при выигрышном цвете danger
14:01:42 | Розыгрыш ставок для игры №6689:
ID 499366239 поставил 175000 коинов на primary и проиграл при выигрышном цвете danger
14:02:56 | Розыгрыш ставок для игры №6690:
ID 499366239 поставил 15300 коинов на primary и выиграл 30600 коинов при выигрышном цвете primary
ID 594058724 поставил 200000 коинов на primary и выиграл 400000 коинов при выигрышном цвете primary
14:03:52 | Розыгрыш ставок для игры №6691:
ID 499366239 поставил 30000 коинов на success и выиграл 420000 коинов при выигрышном цвете success
ID 594058724 поставил 200000 коинов на primary и проиграл при выигрышном цвете success
14:04:37 | Розыгрыш ставок для игры №6692:
ID 594058724 поставил 800000 коинов на primary и выиграл 1600000 коинов при выигрышном цвете primary
14:05:46 | Розыгрыш ставок для игры №6693:
ID 499366239 поставил 60000 коинов на primary и проиграл при выигрышном цвете danger
ID 594058724 поставил 400000 коинов на primary и проиграл при выигрышном цвете danger
14:06:31 | Розыгрыш ставок для игры №6694:
ID 594058724 поставил 800000 коинов на primary и выиграл 1600000 коинов при выигрышном цвете primary
ID 499366239 поставил 80000 коинов на primary и выиграл 160000 коинов при выигрышном цвете primary
14:07:35 | Розыгрыш ставок для игры №6695:
ID 499366239 поставил 40000 коинов на primary и проиграл при выигрышном цвете success
ID 594058724 поставил 1800000 коинов на primary и проиграл при выигрышном цвете success
14:08:50 | Розыгрыш ставок для игры №6696:
ID 499366239 поставил 150000 коинов на primary и выиграл 300000 коинов при выигрышном цвете primary
ID 594058724 поставил 3600000 коинов на primary и выиграл 7200000 коинов при выигрышном цвете primary
14:10:14 | Розыгрыш ставок для игры №6697:
ID 499366239 поставил 40000 коинов на danger и выиграл 80000 коинов при выигрышном цвете danger
14:12:28 | Розыгрыш ставок для игры №6698:
ID 594058724 поставил 300000 коинов на danger и выиграл 600000 коинов при выигрышном цвете danger
ID 499366239 поставил 50000 коинов на primary и проиграл при выигрышном цвете danger
14:13:23 | Розыгрыш ставок для игры №6699:
ID 499366239 поставил 100000 коинов на danger и выиграл 200000 коинов при выигрышном цвете danger
14:14:05 | Розыгрыш ставок для игры №6700:
ID 263558094 поставил 1000 коинов на primary и проиграл при выигрышном цвете danger
14:14:48 | Розыгрыш ставок для игры №6701:
ID 594058724 поставил 600000 коинов на primary и выиграл 1200000 коинов при выигрышном цвете primary
ID 499366239 поставил 150000 коинов на primary и выиграл 300000 коинов при выигрышном цвете primary
14:16:19 | Розыгрыш ставок для игры №6702:
ID 499366239 поставил 100000 коинов на primary и проиграл при выигрышном цвете success
14:17:07 | Розыгрыш ставок для игры №6703:
ID 445896644 поставил 1000 коинов на danger и выиграл 2000 коинов при выигрышном цвете danger
ID 499366239 поставил 60000 коинов на success и проиграл при выигрышном цвете danger
14:17:50 | Розыгрыш ставок для игры №6704:
ID 445896644 поставил 2000 коинов на danger и выиграл 4000 коинов при выигрышном цвете danger
ID 594058724 поставил 250000 коинов на primary и проиграл при выигрышном цвете danger
ID 499366239 поставил 200000 коинов на danger и выиграл 400000 коинов при выигрышном цвете danger
14:18:33 | Розыгрыш ставок для игры №6705:
ID 594058724 поставил 1000000 коинов на primary и проиграл при выигрышном цвете danger
ID 445896644 поставил 4000 коинов на primary и проиграл при выигрышном цвете danger
ID 499366239 поставил 150000 коинов на primary и проиграл при выигрышном цвете danger
14:19:15 | Розыгрыш ставок для игры №6706:
ID 594058724 поставил 2000000 коинов на primary и выиграл 4000000 коинов при выигрышном цвете primary
ID 499366239 поставил 50000 коинов на danger и проиграл при выигрышном цвете primary
14:20:31 | Розыгрыш ставок для игры №6707:
ID 499366239 поставил 200000 коинов на danger и проиграл при выигрышном цвете primary
14:21:31 | Розыгрыш ставок для игры №6708:
ID 499366239 поставил 50000 коинов на success и проиграл при выигрышном цвете danger
14:22:36 | Розыгрыш ставок для игры №6709:
ID 499366239 поставил 380000 коинов на danger и проиграл при выигрышном цвете primary
ID 594058724 поставил 150000 коинов на primary и выиграл 300000 коинов при выигрышном цвете primary
14:24:02 | Розыгрыш ставок для игры №6710:
ID 594058724 поставил 150000 коинов на danger и выиграл 300000 коинов при выигрышном цвете danger
14:24:57 | ID 594058724 пополнил баланс на 20000000000 коинов
14:25:08 | Розыгрыш ставок для игры №6711:
ID 594058724 поставил 300000 коинов на primary и проиграл при выигрышном цвете danger
14:25:50 | Розыгрыш ставок для игры №6712:
ID 594058724 поставил 1200000 коинов на primary и проиграл при выигрышном цвете danger
14:26:32 | Розыгрыш ставок для игры №6713:
ID 594058724 поставил 4800000 коинов на primary и проиграл при выигрышном цвете danger
14:27:17 | Розыгрыш ставок для игры №6714:
ID 594058724 поставил 19200000 коинов на primary и проиграл при выигрышном цвете danger
14:28:02 | Розыгрыш ставок для игры №6715:
ID 594058724 поставил 28050130 коинов на primary и выиграл 56100260 коинов при выигрышном цвете primary
14:28:02 | Розыгрыш ставок для игры №6716:
ID 594058724 поставил 28050130 коинов на primary и проиграл при выигрышном цвете danger
14:28:39 | ID 499366239 пополнил баланс на 150000000 коинов
14:29:31 | Розыгрыш ставок для игры №6717:
ID 499366239 поставил 30000 коинов на success и проиграл при выигрышном цвете primary
14:30:31 | Розыгрыш ставок для игры №6718:
ID 499366239 поставил 120000 коинов на danger и проиграл при выигрышном цвете primary
14:46:47 | Розыгрыш ставок для игры №6719:
ID 594058724 поставил 100000 коинов на danger и проиграл при выигрышном цвете primary
14:47:33 | Розыгрыш ставок для игры №6720:
ID 594058724 поставил 400000 коинов на danger и проиграл при выигрышном цвете primary
14:48:22 | Розыгрыш ставок для игры №6721:
ID 594058724 поставил 1000000 коинов на danger и проиграл при выигрышном цвете primary
14:49:04 | Розыгрыш ставок для игры №6722:
ID 594058724 поставил 4000000 коинов на danger и выиграл 8000000 коинов при выигрышном цвете danger
14:55:36 | Розыгрыш ставок для игры №6723:
ID 594058724 поставил 1600000 коинов на primary и проиграл при выигрышном цвете danger
14:56:17 | Розыгрыш ставок для игры №6724:
ID 594058724 поставил 3200000 коинов на primary и выиграл 6400000 коинов при выигрышном цвете primary
14:57:00 | Розыгрыш ставок для игры №6725:
ID 594058724 поставил 6400000 коинов на primary и проиграл при выигрышном цвете danger
14:57:43 | Розыгрыш ставок для игры №6726:
ID 594058724 поставил 12800000 коинов на primary и выиграл 25600000 коинов при выигрышном цвете primary
14:58:15 | ID 565012897 запросил вывод 50 коинов; VKC response code: 200
15:01:20 | Розыгрыш ставок для игры №6727:
ID 594058724 поставил 500000 коинов на danger и выиграл 1000000 коинов при выигрышном цвете danger
15:05:17 | Розыгрыш ставок для игры №6728:
ID 594058724 поставил 500000 коинов на primary и выиграл 1000000 коинов при выигрышном цвете primary
15:05:58 | ID 499366239 пополнил баланс на 1790000000 коинов
15:06:47 | Розыгрыш ставок для игры №6729:
ID 499366239 поставил 200000 коинов на primary и выиграл 400000 коинов при выигрышном цвете primary
15:08:25 | ID 499366239 запросил вывод 1990600 коинов; VKC response code: 200
15:11:57 | ID 594058724 пополнил баланс на 569000000 коинов
15:20:43 | Розыгрыш ставок для игры №6730:
ID 594058724 поставил 500000 коинов на danger и выиграл 1000000 коинов при выигрышном цвете danger
15:21:38 | Розыгрыш ставок для игры №6731:
ID 594058724 поставил 500000 коинов на danger и проиграл при выигрышном цвете primary
15:22:20 | Розыгрыш ставок для игры №6732:
ID 594058724 поставил 1000000 коинов на danger и выиграл 2000000 коинов при выигрышном цвете danger
15:29:34 | Розыгрыш ставок для игры №6733:
ID 594058724 поставил 500000 коинов на success и проиграл при выигрышном цвете primary
15:30:19 | Розыгрыш ставок для игры №6734:
ID 594058724 поставил 1000000 коинов на primary и выиграл 2000000 коинов при выигрышном цвете primary
15:34:30 | ID 570527660 пополнил баланс на 200000000 коинов
15:35:06 | Розыгрыш ставок для игры №6735:
ID 570527660 поставил 200000 коинов на success и проиграл при выигрышном цвете danger
15:36:55 | Розыгрыш ставок для игры №6736:
ID 594058724 поставил 500000 коинов на primary и выиграл 1000000 коинов при выигрышном цвете primary
15:41:47 | Розыгрыш ставок для игры №6737:
ID 594058724 поставил 1000000 коинов на danger и выиграл 2000000 коинов при выигрышном цвете danger
15:45:27 | Розыгрыш ставок для игры №6738:
ID 373728315 поставил 1000 коинов на primary и проиграл при выигрышном цвете danger
15:45:57 | ID 373728315 пополнил баланс на 200000000 коинов
15:46:35 | Розыгрыш ставок для игры №6739:
ID 373728315 поставил 100000 коинов на primary и выиграл 200000 коинов при выигрышном цвете primary
15:48:02 | Розыгрыш ставок для игры №6740:
ID 373728315 поставил 50000 коинов на success и проиграл при выигрышном цвете primary
15:50:58 | Розыгрыш ставок для игры №6741:
ID 414248706 поставил 1510 коинов на danger и проиграл при выигрышном цвете success
15:51:49 | Розыгрыш ставок для игры №6742:
ID 373728315 поставил 50000 коинов на danger и проиграл при выигрышном цвете primary
15:52:46 | Розыгрыш ставок для игры №6743:
ID 373728315 поставил 200000 коинов на danger и проиграл при выигрышном цвете primary
ID 442588486 поставил 1000 коинов на danger и проиграл при выигрышном цвете primary
ID 573797666 поставил 1000 коинов на success и проиграл при выигрышном цвете primary
16:05:34 | ID 549545574 пополнил баланс на 55555000 коинов
16:06:25 | Розыгрыш ставок для игры №6744:
ID 549545574 поставил 10000 коинов на success и проиграл при выигрышном цвете primary
16:07:11 | Розыгрыш ставок для игры №6745:
ID 549545574 поставил 10000 коинов на success и проиграл при выигрышном цвете primary
16:07:55 | Розыгрыш ставок для игры №6746:
ID 549545574 поставил 20000 коинов на success и проиграл при выигрышном цвете primary
16:08:41 | Розыгрыш ставок для игры №6747:
ID 549545574 поставил 10000 коинов на success и проиграл при выигрышном цвете primary
16:18:14 | ID 594058724 пополнил баланс на 1320000000 коинов
16:18:26 | ID 594058724 пополнил баланс на 6500000 коинов
16:20:11 | ID 594058724 пополнил баланс на 500000000 коинов
16:21:36 | Розыгрыш ставок для игры №6748:
ID 594058724 поставил 1000000 коинов на danger и выиграл 2000000 коинов при выигрышном цвете danger
16:22:19 | Розыгрыш ставок для игры №6749:
ID 594058724 поставил 1000000 коинов на primary и проиграл при выигрышном цвете danger
16:23:14 | Розыгрыш ставок для игры №6750:
ID 594058724 поставил 2000000 коинов на primary и проиграл при выигрышном цвете danger
16:23:57 | Розыгрыш ставок для игры №6751:
ID 594058724 поставил 4000000 коинов на primary и проиграл при выигрышном цвете danger
16:24:40 | Розыгрыш ставок для игры №6752:
ID 594058724 поставил 8000000 коинов на primary и проиграл при выигрышном цвете danger
16:25:22 | Розыгрыш ставок для игры №6753:
ID 594058724 поставил 16000000 коинов на primary и выиграл 32000000 коинов при выигрышном цвете primary
16:28:43 | Розыгрыш ставок для игры №6754:
ID 594058724 поставил 1000000 коинов на danger и проиграл при выигрышном цвете primary
16:29:25 | Розыгрыш ставок для игры №6755:
ID 594058724 поставил 2000000 коинов на danger и проиграл при выигрышном цвете primary
16:30:10 | Розыгрыш ставок для игры №6756:
ID 594058724 поставил 4000000 коинов на danger и проиграл при выигрышном цвете primary
16:30:53 | Розыгрыш ставок для игры №6757:
ID 594058724 поставил 8000000 коинов на danger и проиграл при выигрышном цвете primary
16:31:35 | Розыгрыш ставок для игры №6758:
ID 594058724 поставил 16000000 коинов на danger и проиграл при выигрышном цвете primary
16:32:20 | Розыгрыш ставок для игры №6759:
ID 594058724 поставил 32000000 коинов на danger и проиграл при выигрышном цвете primary
16:36:13 | Розыгрыш ставок для игры №6760:
ID 317113903 поставил 880000000 коинов на danger и выиграл 1760000000 коинов при выигрышном цвете danger
16:40:12 | Розыгрыш ставок для игры №6761:
ID 594058724 поставил 1000000 коинов на danger и проиграл при выигрышном цвете primary
16:40:55 | Розыгрыш ставок для игры №6762:
ID 594058724 поставил 4000000 коинов на danger и выиграл 8000000 коинов при выигрышном цвете danger
16:58:52 | ID 499366239 пополнил баланс на 1000000000 коинов
16:58:58 | ID 134807997 пополнил баланс на 500000000 коинов
17:00:22 | Розыгрыш ставок для игры №6763:
ID 134807997 поставил 200000 коинов на primary и проиграл при выигрышном цвете danger
ID 499366239 поставил 100000 коинов на primary и проиграл при выигрышном цвете danger
17:01:13 | Розыгрыш ставок для игры №6764:
ID 499366239 поставил 100000 коинов на primary и проиграл при выигрышном цвете danger
ID 134807997 поставил 200000 коинов на danger и выиграл 400000 коинов при выигрышном цвете danger
17:02:08 | Розыгрыш ставок для игры №6765:
ID 499366239 поставил 100000 коинов на danger и проиграл при выигрышном цвете primary
ID 134807997 поставил 200000 коинов на danger и проиграл при выигрышном цвете primary
17:02:54 | Розыгрыш ставок для игры №6766:
ID 499366239 поставил 400000 коинов на danger и проиграл при выигрышном цвете primary
ID 134807997 поставил 200000 коинов на success и проиграл при выигрышном цвете primary
17:03:42 | Розыгрыш ставок для игры №6767:
ID 499366239 поставил 200000 коинов на primary и проиграл при выигрышном цвете danger
ID 134807997 поставил 100000 коинов на danger и выиграл 200000 коинов при выигрышном цвете danger
17:04:31 | Розыгрыш ставок для игры №6768:
ID 499366239 поставил 100000 коинов на primary и выиграл 200000 коинов при выигрышном цвете primary
ID 134807997 поставил 100000 коинов на primary и выиграл 200000 коинов при выигрышном цвете primary
17:05:28 | Розыгрыш ставок для игры №6769:
ID 134807997 поставил 100000 коинов на danger и выиграл 200000 коинов при выигрышном цвете danger
17:06:12 | Розыгрыш ставок для игры №6770:
ID 134807997 поставил 100000 коинов на danger и проиграл при выигрышном цвете primary
17:07:04 | Розыгрыш ставок для игры №6771:
ID 499366239 поставил 200000 коинов на danger и проиграл при выигрышном цвете primary
ID 134807997 поставил 50000 коинов на danger и проиграл при выигрышном цвете primary
17:08:08 | Розыгрыш ставок для игры №6772:
ID 134807997 поставил 200000 коинов на primary и выиграл 400000 коинов при выигрышном цвете primary
ID 499366239 поставил 14500 коинов на primary и выиграл 29000 коинов при выигрышном цвете primary
17:08:57 | Розыгрыш ставок для игры №6773:
ID 134807997 поставил 200000 коинов на primary и выиграл 400000 коинов при выигрышном цвете primary
ID 499366239 поставил 14500 коинов на primary и выиграл 29000 коинов при выигрышном цвете primary
17:09:53 | Розыгрыш ставок для игры №6774:
ID 134807997 поставил 200000 коинов на primary и выиграл 400000 коинов при выигрышном цвете primary
ID 499366239 поставил 29000 коинов на primary и выиграл 58000 коинов при выигрышном цвете primary
17:10:41 | Розыгрыш ставок для игры №6775:
ID 134807997 поставил 200000 коинов на danger и проиграл при выигрышном цвете primary
ID 499366239 поставил 29000 коинов на danger и проиграл при выигрышном цвете primary
17:11:12 | ID 499366239 запросил вывод 49500 коинов; VKC response code: 200
17:11:19 | ID 134807997 запросил вывод 651000 коинов; VKC response code: 200
17:12:39 | ID 570527660 пополнил баланс на 5000000000 коинов
17:13:17 | Розыгрыш ставок для игры №6776:
ID 570527660 поставил 1000000 коинов на success и проиграл при выигрышном цвете danger
17:14:05 | Розыгрыш ставок для игры №6777:
ID 570527660 поставил 4000000 коинов на primary и выиграл 8000000 коинов при выигрышном цвете primary
17:15:54 | Розыгрыш ставок для игры №6778:
ID 570527660 поставил 1000000 коинов на success и проиграл при выигрышном цвете primary
17:17:47 | Розыгрыш ставок для игры №6779:
ID 570527660 поставил 7000000 коинов на primary и выиграл 14000000 коинов при выигрышном цвете primary
17:18:52 | Розыгрыш ставок для игры №6780:
ID 594058724 поставил 700000 коинов на danger и проиграл при выигрышном цвете primary
17:19:34 | Розыгрыш ставок для игры №6781:
ID 594058724 поставил 2800000 коинов на danger и выиграл 5600000 коинов при выигрышном цвете danger
ID 570527660 поставил 2000000 коинов на success и проиграл при выигрышном цвете danger
17:20:26 | Розыгрыш ставок для игры №6782:
ID 570527660 поставил 12000000 коинов на danger и проиграл при выигрышном цвете primary
ID 594058724 поставил 700000 коинов на primary и выиграл 1400000 коинов при выигрышном цвете primary
17:26:34 | Розыгрыш ставок для игры №6783:
ID 594058724 поставил 595760 коинов на danger и проиграл при выигрышном цвете primary
17:27:16 | Розыгрыш ставок для игры №6784:
ID 594058724 поставил 3000000 коинов на danger и выиграл 6000000 коинов при выигрышном цвете danger
17:30:36 | ID 134807997 пополнил баланс на 500000000 коинов
17:30:48 | ID 499366239 пополнил баланс на 100000000 коинов
17:31:33 | Розыгрыш ставок для игры №6785:
ID 499366239 поставил 25000 коинов на primary и выиграл 50000 коинов при выигрышном цвете primary
ID 134807997 поставил 100000 коинов на danger и проиграл при выигрышном цвете primary
17:32:00 | ID 573244970 пополнил баланс на 1000000000 коинов
17:32:18 | Розыгрыш ставок для игры №6786:
ID 499366239 поставил 25000 коинов на danger и выиграл 50000 коинов при выигрышном цвете danger
ID 134807997 поставил 100000 коинов на danger и выиграл 200000 коинов при выигрышном цвете danger
ID 573244970 поставил 45000 коинов на danger и выиграл 90000 коинов при выигрышном цвете danger
17:33:07 | Розыгрыш ставок для игры №6787:
ID 573244970 поставил 45000 коинов на danger и проиграл при выигрышном цвете primary
ID 134807997 поставил 100000 коинов на danger и проиграл при выигрышном цвете primary
ID 499366239 поставил 25000 коинов на danger и проиграл при выигрышном цвете primary
ID 594058724 поставил 500000 коинов на primary и выиграл 1000000 коинов при выигрышном цвете primary
17:33:14 | ID 433391039 пополнил баланс на 100000000 коинов
17:33:50 | Розыгрыш ставок для игры №6788:
ID 573244970 поставил 90000 коинов на danger и выиграл 180000 коинов при выигрышном цвете danger
ID 499366239 поставил 50000 коинов на danger и выиграл 100000 коинов при выигрышном цвете danger
ID 433391039 поставил 40000 коинов на primary и проиграл при выигрышном цвете danger
ID 134807997 поставил 200000 коинов на danger и выиграл 400000 коинов при выигрышном цвете danger
ID 594058724 поставил 250000 коинов на success и проиграл при выигрышном цвете danger
17:34:33 | ID 433391039 пополнил баланс на 200000000 коинов
17:34:37 | Розыгрыш ставок для игры №6789:
ID 134807997 поставил 200000 коинов на primary и проиграл при выигрышном цвете danger
ID 573244970 поставил 45000 коинов на danger и выиграл 90000 коинов при выигрышном цвете danger
ID 433391039 поставил 40000 коинов на danger и выиграл 80000 коинов при выигрышном цвете danger
ID 499366239 поставил 50000 коинов на primary и проиграл при выигрышном цвете danger
ID 594058724 поставил 250000 коинов на success и проиграл при выигрышном цвете danger
17:34:46 | ID 519598725 пополнил баланс на 10000000 коинов
17:35:26 | Розыгрыш ставок для игры №6790:
ID 134807997 поставил 200000 коинов на primary и проиграл при выигрышном цвете danger
ID 519598725 поставил 10000 коинов на danger и выиграл 20000 коинов при выигрышном цвете danger
ID 433391039 поставил 60000 коинов на primary и проиграл при выигрышном цвете danger
ID 499366239 поставил 50000 коинов на primary и проиграл при выигрышном цвете danger
ID 573244970 поставил 45000 коинов на danger и выиграл 90000 коинов при выигрышном цвете danger
ID 594058724 поставил 250000 коинов на success и проиграл при выигрышном цвете danger
17:36:08 | Розыгрыш ставок для игры №6791:
ID 594058724 поставил 250000 коинов на success и проиграл при выигрышном цвете danger
ID 573244970 поставил 90000 коинов на success и проиграл при выигрышном цвете danger
ID 433391039 поставил 240000 коинов на primary и проиграл при выигрышном цвете danger
ID 519598725 поставил 1000 коинов на success и проиграл при выигрышном цвете danger
ID 499366239 поставил 75000 коинов на danger и выиграл 150000 коинов при выигрышном цвете danger
ID 134807997 поставил 200000 коинов на primary и проиграл при выигрышном цвете danger
17:36:52 | Розыгрыш ставок для игры №6792:
ID 594058724 поставил 250000 коинов на success и проиграл при выигрышном цвете danger
ID 519598725 поставил 1000 коинов на success и проиграл при выигрышном цвете danger
ID 573244970 поставил 45000 коинов на success и проиграл при выигрышном цвете danger
ID 499366239 поставил 25000 коинов на primary и проиграл при выигрышном цвете danger
17:37:04 | ID 134807997 пополнил баланс на 119000000 коинов
17:37:36 | Розыгрыш ставок для игры №6793:
ID 594058724 поставил 250000 коинов на success и проиграл при выигрышном цвете danger
ID 573244970 поставил 360000 коинов на primary и проиграл при выигрышном цвете danger
ID 499366239 поставил 50000 коинов на danger и выиграл 100000 коинов при выигрышном цвете danger
ID 519598725 поставил 18000 коинов на primary и проиграл при выигрышном цвете danger
ID 134807997 поставил 50000 коинов на primary и проиграл при выигрышном цвете danger
17:37:38 | ID 433391039 пополнил баланс на 400000000 коинов
17:38:00 | ID 519598725 пополнил баланс на 100000000 коинов
17:38:18 | Розыгрыш ставок для игры №6794:
ID 594058724 поставил 250000 коинов на success и проиграл при выигрышном цвете danger
ID 573244970 поставил 675000 коинов на primary и проиграл при выигрышном цвете danger
ID 134807997 поставил 50000 коинов на primary и проиграл при выигрышном цвете danger
ID 433391039 поставил 400000 коинов на primary и проиграл при выигрышном цвете danger
ID 499366239 поставил 37500 коинов на primary и проиграл при выигрышном цвете danger
ID 519598725 поставил 100000 коинов на primary и проиграл при выигрышном цвете danger
17:38:39 | ID 573244970 пополнил баланс на 1000000000 коинов
17:38:40 | ID 433391039 пополнил баланс на 800000000 коинов
17:39:01 | Розыгрыш ставок для игры №6795:
ID 594058724 поставил 250000 коинов на success и проиграл при выигрышном цвете primary
ID 499366239 поставил 25000 коинов на primary и выиграл 50000 коинов при выигрышном цвете primary
ID 433391039 поставил 200000 коинов на primary и выиграл 400000 коинов при выигрышном цвете primary
ID 573244970 поставил 180000 коинов на primary и выиграл 360000 коинов при выигрышном цвете primary
ID 134807997 поставил 10000 коинов на primary и выиграл 20000 коинов при выигрышном цвете primary
17:39:01 | Розыгрыш ставок для игры №6796:
ID 594058724 поставил 250000 коинов на success и проиграл при выигрышном цвете danger
ID 499366239 поставил 25000 коинов на primary и проиграл при выигрышном цвете danger
ID 433391039 поставил 200000 коинов на primary и проиграл при выигрышном цвете danger
ID 573244970 поставил 180000 коинов на primary и проиграл при выигрышном цвете danger
ID 134807997 поставил 10000 коинов на primary и проиграл при выигрышном цвете danger
17:39:09 | ID 519598725 пополнил баланс на 15000000 коинов
17:39:44 | Розыгрыш ставок для игры №6797:
ID 594058724 поставил 500000 коинов на success и проиграл при выигрышном цвете danger
ID 519598725 поставил 15000 коинов на primary и проиграл при выигрышном цвете danger
ID 573244970 поставил 720000 коинов на primary и проиграл при выигрышном цвете danger
ID 134807997 поставил 10000 коинов на success и проиграл при выигрышном цвете danger
ID 499366239 поставил 100000 коинов на danger и выиграл 200000 коинов при выигрышном цвете danger
ID 433391039 поставил 400000 коинов на primary и проиграл при выигрышном цвете danger
17:40:31 | Розыгрыш ставок для игры №6798:
ID 499366239 поставил 50000 коинов на danger и выиграл 100000 коинов при выигрышном цвете danger
ID 134807997 поставил 10000 коинов на success и проиграл при выигрышном цвете danger
ID 594058724 поставил 500000 коинов на success и проиграл при выигрышном цвете danger
ID 433391039 поставил 200000 коинов на success и проиграл при выигрышном цвете danger
17:40:53 | ID 519598725 пополнил баланс на 10000000 коинов
17:41:15 | Розыгрыш ставок для игры №6799:
ID 594058724 поставил 500000 коинов на success и проиграл при выигрышном цвете danger
ID 433391039 поставил 400000 коинов на danger и выиграл 800000 коинов при выигрышном цвете danger
ID 134807997 поставил 9000 коинов на primary и проиграл при выигрышном цвете danger
ID 519598725 поставил 10000 коинов на danger и выиграл 20000 коинов при выигрышном цвете danger
ID 499366239 поставил 12500 коинов на primary и проиграл при выигрышном цвете danger
17:41:57 | Розыгрыш ставок для игры №6800:
ID 594058724 поставил 500000 коинов на success и проиграл при выигрышном цвете primary
ID 433391039 поставил 800000 коинов на danger и проиграл при выигрышном цвете primary
ID 519598725 поставил 20000 коинов на danger и проиграл при выигрышном цвете primary
17:42:25 | ID 519598725 пополнил баланс на 10000000 коинов
17:42:25 | ID 433391039 пополнил баланс на 1000000000 коинов
17:42:42 | Розыгрыш ставок для игры №6801:
ID 594058724 поставил 500000 коинов на success и проиграл при выигрышном цвете primary
ID 519598725 поставил 10000 коинов на primary и выиграл 20000 коинов при выигрышном цвете primary
ID 433391039 поставил 200000 коинов на primary и выиграл 400000 коинов при выигрышном цвете primary
17:43:26 | Розыгрыш ставок для игры №6802:
ID 594058724 поставил 500000 коинов на success и проиграл при выигрышном цвете primary
ID 519598725 поставил 20000 коинов на primary и выиграл 40000 коинов при выигрышном цвете primary
ID 433391039 поставил 1200000 коинов на primary и выиграл 2400000 коинов при выигрышном цвете primary
17:44:08 | Розыгрыш ставок для игры №6803:
ID 594058724 поставил 500000 коинов на success и проиграл при выигрышном цвете danger
ID 519598725 поставил 40000 коинов на primary и проиграл при выигрышном цвете danger
ID 433391039 поставил 10000 коинов на success и проиграл при выигрышном цвете danger
17:44:50 | Розыгрыш ставок для игры №6804:
ID 594058724 поставил 500000 коинов на success и проиграл при выигрышном цвете primary
ID 433391039 поставил 10000 коинов на success и проиграл при выигрышном цвете primary
17:45:32 | Розыгрыш ставок для игры №6805:
ID 594058724 поставил 500000 коинов на success и проиграл при выигрышном цвете danger
ID 433391039 поставил 10000 коинов на success и проиграл при выигрышном цвете danger
17:46:13 | Розыгрыш ставок для игры №6806:
ID 594058724 поставил 500000 коинов на success и проиграл при выигрышном цвете primary
ID 433391039 поставил 10000 коинов на success и проиграл при выигрышном цвете primary
17:46:13 | ID 134807997 пополнил баланс на 1000000000 коинов
17:46:57 | Розыгрыш ставок для игры №6807:
ID 594058724 поставил 500000 коинов на success и проиграл при выигрышном цвете primary
ID 499366239 поставил 50000 коинов на danger и проиграл при выигрышном цвете primary
ID 433391039 поставил 10000 коинов на success и проиграл при выигрышном цвете primary
ID 134807997 поставил 20000 коинов на danger и проиграл при выигрышном цвете primary
17:47:39 | Розыгрыш ставок для игры №6808:
ID 594058724 поставил 750000 коинов на success и проиграл при выигрышном цвете danger
ID 134807997 поставил 200000 коинов на danger и выиграл 400000 коинов при выигрышном цвете danger
ID 499366239 поставил 50000 коинов на primary и проиграл при выигрышном цвете danger
ID 433391039 поставил 50000 коинов на primary и проиграл при выигрышном цвете danger
17:48:06 | ID 519598725 пополнил баланс на 100000000 коинов
17:48:23 | Розыгрыш ставок для игры №6809:
ID 134807997 поставил 200000 коинов на danger и выиграл 400000 коинов при выигрышном цвете danger
ID 594058724 поставил 750000 коинов на success и проиграл при выигрышном цвете danger
ID 499366239 поставил 150000 коинов на primary и проиграл при выигрышном цвете danger
ID 433391039 поставил 100000 коинов на danger и выиграл 200000 коинов при выигрышном цвете danger
ID 519598725 поставил 40000 коинов на danger и выиграл 80000 коинов при выигрышном цвете danger
17:49:14 | Розыгрыш ставок для игры №6810:
ID 594058724 поставил 1000000 коинов на primary и выиграл 2000000 коинов при выигрышном цвете primary
ID 499366239 поставил 62500 коинов на danger и проиграл при выигрышном цвете primary
ID 134807997 поставил 200000 коинов на danger и проиграл при выигрышном цвете primary
ID 433391039 поставил 200000 коинов на danger и проиграл при выигрышном цвете primary
ID 519598725 поставил 80000 коинов на primary и выиграл 160000 коинов при выигрышном цвете primary
17:49:59 | Розыгрыш ставок для игры №6811:
ID 134807997 поставил 200000 коинов на success и проиграл при выигрышном цвете primary
ID 433391039 поставил 100000 коинов на danger и проиграл при выигрышном цвете primary
ID 573244970 поставил 90000 коинов на danger и проиграл при выигрышном цвете primary
17:50:47 | Розыгрыш ставок для игры №6812:
ID 134807997 поставил 200000 коинов на danger и выиграл 400000 коинов при выигрышном цвете danger
ID 573244970 поставил 180000 коинов на primary и проиграл при выигрышном цвете danger
ID 594058724 поставил 500000 коинов на primary и проиграл при выигрышном цвете danger
ID 519598725 поставил 160000 коинов на danger и выиграл 320000 коинов при выигрышном цвете danger
ID 433391039 поставил 300000 коинов на danger и выиграл 600000 коинов при выигрышном цвете danger
17:51:33 | Розыгрыш ставок для игры №6813:
ID 134807997 поставил 400000 коинов на danger и проиграл при выигрышном цвете primary
ID 573244970 поставил 180000 коинов на primary и выиграл 360000 коинов при выигрышном цвете primary
ID 433391039 поставил 100000 коинов на danger и проиграл при выигрышном цвете primary
ID 519598725 поставил 160000 коинов на danger и проиграл при выигрышном цвете primary
17:52:23 | Розыгрыш ставок для игры №6814:
ID 134807997 поставил 400000 коинов на danger и проиграл при выигрышном цвете primary
ID 573244970 поставил 180000 коинов на primary и выиграл 360000 коинов при выигрышном цвете primary
ID 519598725 поставил 220000 коинов на primary и выиграл 440000 коинов при выигрышном цвете primary
ID 433391039 поставил 300000 коинов на primary и выиграл 600000 коинов при выигрышном цвете primary
17:53:12 | Розыгрыш ставок для игры №6815:
ID 519598725 поставил 440000 коинов на danger и проиграл при выигрышном цвете primary
ID 573244970 поставил 560000 коинов на primary и выиграл 1120000 коинов при выигрышном цвете primary
ID 134807997 поставил 100000 коинов на danger и проиграл при выигрышном цвете primary
ID 433391039 поставил 100000 коинов на danger и проиграл при выигрышном цвете primary
17:54:22 | Розыгрыш ставок для игры №6816:
ID 134807997 поставил 100000 коинов на success и проиграл при выигрышном цвете danger
ID 433391039 поставил 200000 коинов на danger и выиграл 400000 коинов при выигрышном цвете danger
17:55:09 | Розыгрыш ставок для игры №6817:
ID 134807997 поставил 100000 коинов на danger и проиграл при выигрышном цвете primary
ID 433391039 поставил 200000 коинов на danger и проиграл при выигрышном цвете primary
17:56:07 | Розыгрыш ставок для игры №6818:
ID 134807997 поставил 80000 коинов на danger и выиграл 160000 коинов при выигрышном цвете danger
ID 594058724 поставил 500000 коинов на danger и выиграл 1000000 коинов при выигрышном цвете danger
17:56:53 | Розыгрыш ставок для игры №6819:
ID 134807997 поставил 80000 коинов на danger и выиграл 160000 коинов при выигрышном цвете danger
ID 433391039 поставил 200000 коинов на danger и выиграл 400000 коинов при выигрышном цвете danger
17:57:38 | Розыгрыш ставок для игры №6820:
ID 134807997 поставил 80000 коинов на primary и выиграл 160000 коинов при выигрышном цвете primary
ID 433391039 поставил 100000 коинов на danger и проиграл при выигрышном цвете primary
17:58:23 | ID 519598725 пополнил баланс на 1000000000 коинов
17:58:24 | Розыгрыш ставок для игры №6821:
ID 134807997 поставил 80000 коинов на danger и проиграл при выигрышном цвете primary
ID 433391039 поставил 100000 коинов на success и проиграл при выигрышном цвете primary
17:59:08 | Розыгрыш ставок для игры №6822:
ID 134807997 поставил 240000 коинов на danger и выиграл 480000 коинов при выигрышном цвете danger
ID 519598725 поставил 500000 коинов на danger и выиграл 1000000 коинов при выигрышном цвете danger
ID 573244970 поставил 120000 коинов на primary и проиграл при выигрышном цвете danger
ID 433391039 поставил 100000 коинов на danger и выиграл 200000 коинов при выигрышном цвете danger
17:59:57 | Розыгрыш ставок для игры №6823:
ID 573244970 поставил 240000 коинов на primary и проиграл при выигрышном цвете danger
ID 519598725 поставил 1000000 коинов на primary и проиграл при выигрышном цвете danger
ID 134807997 поставил 80000 коинов на primary и проиграл при выигрышном цвете danger
ID 433391039 поставил 500000 коинов на danger и выиграл 1000000 коинов при выигрышном цвете danger
ID 594058724 поставил 500000 коинов на danger и выиграл 1000000 коинов при выигрышном цвете danger
18:00:41 | Розыгрыш ставок для игры №6824:
ID 519598725 поставил 500000 коинов на danger и выиграл 1000000 коинов при выигрышном цвете danger
ID 134807997 поставил 160000 коинов на danger и выиграл 320000 коинов при выигрышном цвете danger
ID 573244970 поставил 480000 коинов на primary и проиграл при выигрышном цвете danger
ID 433391039 поставил 100000 коинов на primary и проиграл при выигрышном цвете danger
18:01:15 | ID 519598725 пополнил баланс на 1000000000 коинов
18:01:26 | Розыгрыш ставок для игры №6825:
ID 573244970 поставил 270000 коинов на primary и выиграл 540000 коинов при выигрышном цвете primary
ID 519598725 поставил 1000000 коинов на primary и выиграл 2000000 коинов при выигрышном цвете primary
ID 134807997 поставил 160000 коинов на danger и проиграл при выигрышном цвете primary
ID 433391039 поставил 300000 коинов на primary и выиграл 600000 коинов при выигрышном цвете primary
18:02:14 | Розыгрыш ставок для игры №6826:
ID 573244970 поставил 390000 коинов на danger и проиграл при выигрышном цвете primary
ID 134807997 поставил 160000 коинов на primary и выиграл 320000 коинов при выигрышном цвете primary
ID 433391039 поставил 300000 коинов на primary и выиграл 600000 коинов при выигрышном цвете primary
ID 519598725 поставил 250000 коинов на primary и выиграл 500000 коинов при выигрышном цвете primary
18:02:57 | Розыгрыш ставок для игры №6827:
ID 573244970 поставил 157500 коинов на danger и проиграл при выигрышном цвете primary
ID 134807997 поставил 160000 коинов на primary и выиграл 320000 коинов при выигрышном цвете primary
ID 499366239 поставил 32290 коинов на primary и выиграл 64580 коинов при выигрышном цвете primary
ID 519598725 поставил 2000000 коинов на danger и проиграл при выигрышном цвете primary
ID 433391039 поставил 300000 коинов на danger и проиграл при выигрышном цвете primary
18:03:42 | Розыгрыш ставок для игры №6828:
ID 134807997 поставил 160000 коинов на primary и проиграл при выигрышном цвете danger
ID 499366239 поставил 32290 коинов на primary и проиграл при выигрышном цвете danger
ID 519598725 поставил 1000000 коинов на danger и выиграл 2000000 коинов при выигрышном цвете danger
ID 433391039 поставил 300000 коинов на danger и выиграл 600000 коинов при выигрышном цвете danger
ID 594058724 поставил 2000000 коинов на danger и выиграл 4000000 коинов при выигрышном цвете danger
18:04:26 | Розыгрыш ставок для игры №6829:
ID 499366239 поставил 36326 коинов на primary и выиграл 72652 коинов при выигрышном цвете primary
ID 134807997 поставил 480000 коинов на primary и выиграл 960000 коинов при выигрышном цвете primary
ID 519598725 поставил 1000000 коинов на danger и проиграл при выигрышном цвете primary
ID 594058724 поставил 1000000 коинов на primary и выиграл 2000000 коинов при выигрышном цвете primary
ID 433391039 поставил 300000 коинов на danger и проиграл при выигрышном цвете primary
18:05:11 | Розыгрыш ставок для игры №6830:
ID 519598725 поставил 1000000 коинов на danger и выиграл 2000000 коинов при выигрышном цвете danger
ID 134807997 поставил 160000 коинов на danger и выиграл 320000 коинов при выигрышном цвете danger
ID 499366239 поставил 32288 коинов на danger и выиграл 64576 коинов при выигрышном цвете danger
ID 433391039 поставил 300000 коинов на danger и выиграл 600000 коинов при выигрышном цвете danger
18:06:01 | Розыгрыш ставок для игры №6831:
ID 499366239 поставил 32288 коинов на primary и выиграл 64576 коинов при выигрышном цвете primary
ID 519598725 поставил 2250000 коинов на danger и проиграл при выигрышном цвете primary
ID 433391039 поставил 200000 коинов на danger и проиграл при выигрышном цвете primary
18:06:01 | Розыгрыш ставок для игры №6832:
ID 499366239 поставил 32288 коинов на primary и проиграл при выигрышном цвете danger
ID 519598725 поставил 2250000 коинов на danger и выиграл 4500000 коинов при выигрышном цвете danger
ID 433391039 поставил 200000 коинов на danger и выиграл 400000 коинов при выигрышном цвете danger
18:06:53 | Розыгрыш ставок для игры №6833:
ID 499366239 поставил 48432 коинов на danger и проиграл при выигрышном цвете primary
ID 519598725 поставил 562500 коинов на primary и выиграл 1125000 коинов при выигрышном цвете primary
ID 433391039 поставил 200000 коинов на danger и проиграл при выигрышном цвете primary
18:07:21 | ID 519598725 запросил вывод 4500000 коинов; VKC response code: 200
18:07:40 | Розыгрыш ставок для игры №6834:
ID 499366239 поставил 60000 коинов на danger и выиграл 120000 коинов при выигрышном цвете danger
ID 433391039 поставил 100000 коинов на primary и проиграл при выигрышном цвете danger
ID 519598725 поставил 562500 коинов на danger и выиграл 1125000 коинов при выигрышном цвете danger
18:08:25 | Розыгрыш ставок для игры №6835:
ID 499366239 поставил 30000 коинов на danger и выиграл 60000 коинов при выигрышном цвете danger
ID 519598725 поставил 281250 коинов на danger и выиграл 562500 коинов при выигрышном цвете danger
ID 433391039 поставил 500000 коинов на danger и выиграл 1000000 коинов при выигрышном цвете danger
18:08:49 | ID 519598725 запросил вывод 1000000 коинов; VKC response code: 200
18:09:08 | Розыгрыш ставок для игры №6836:
ID 499366239 поставил 45000 коинов на danger и выиграл 90000 коинов при выигрышном цвете danger
ID 519598725 поставил 281250 коинов на primary и проиграл при выигрышном цвете danger
ID 433391039 поставил 100000 коинов на danger и выиграл 200000 коинов при выигрышном цвете danger
18:09:53 | Розыгрыш ставок для игры №6837:
ID 499366239 поставил 45000 коинов на danger и проиграл при выигрышном цвете primary
ID 519598725 поставил 70312 коинов на danger и проиграл при выигрышном цвете primary
ID 433391039 поставил 100000 коинов на primary и выиграл 200000 коинов при выигрышном цвете primary
ID 594058724 поставил 1000000 коинов на primary и выиграл 2000000 коинов при выигрышном цвете primary
18:10:38 | Розыгрыш ставок для игры №6838:
ID 519598725 поставил 35156 коинов на danger и выиграл 70312 коинов при выигрышном цвете danger
ID 499366239 поставил 45000 коинов на primary и проиграл при выигрышном цвете danger
ID 433391039 поставил 200000 коинов на primary и проиграл при выигрышном цвете danger
18:11:24 | Розыгрыш ставок для игры №6839:
ID 519598725 поставил 70312 коинов на danger и проиграл при выигрышном цвете success
ID 433391039 поставил 300000 коинов на primary и проиграл при выигрышном цвете success
18:12:22 | Розыгрыш ставок для игры №6840:
ID 519598725 поставил 17578 коинов на danger и выиграл 35156 коинов при выигрышном цвете danger
ID 499366239 поставил 90000 коинов на primary и проиграл при выигрышном цвете danger
ID 433391039 поставил 700000 коинов на danger и выиграл 1400000 коинов при выигрышном цвете danger
18:13:08 | Розыгрыш ставок для игры №6841:
ID 499366239 поставил 45000 коинов на danger и выиграл 90000 коинов при выигрышном цвете danger
ID 519598725 поставил 17578 коинов на danger и выиграл 35156 коинов при выигрышном цвете danger
ID 433391039 поставил 400000 коинов на danger и выиграл 800000 коинов при выигрышном цвете danger
18:13:51 | Розыгрыш ставок для игры №6842:
ID 499366239 поставил 45000 коинов на danger и проиграл при выигрышном цвете success
ID 433391039 поставил 100000 коинов на danger и проиграл при выигрышном цвете success
18:14:56 | Розыгрыш ставок для игры №6843:
ID 134807997 поставил 80000 коинов на primary и проиграл при выигрышном цвете danger
ID 433391039 поставил 200000 коинов на primary и проиграл при выигрышном цвете danger
ID 499366239 поставил 45000 коинов на primary и проиграл при выигрышном цвете danger
18:15:45 | Розыгрыш ставок для игры №6844:
ID 134807997 поставил 80000 коинов на success и проиграл при выигрышном цвете primary
ID 519598725 поставил 54000 коинов на primary и выиграл 108000 коинов при выигрышном цвете primary
ID 433391039 поставил 200000 коинов на danger и проиграл при выигрышном цвете primary
18:16:32 | Розыгрыш ставок для игры №6845:
ID 134807997 поставил 240000 коинов на danger и выиграл 480000 коинов при выигрышном цвете danger
ID 433391039 поставил 300000 коинов на primary и проиграл при выигрышном цвете danger
18:16:56 | ID 433391039 запросил вывод 4000000 коинов; VKC response code: 200
18:17:19 | Розыгрыш ставок для игры №6846:
ID 134807997 поставил 160000 коинов на danger и проиграл при выигрышном цвете primary
18:18:06 | Розыгрыш ставок для игры №6847:
ID 134807997 поставил 160000 коинов на danger и выиграл 320000 коинов при выигрышном цвете danger
18:18:51 | Розыгрыш ставок для игры №6848:
ID 134807997 поставил 320000 коинов на danger и проиграл при выигрышном цвете primary
18:19:41 | Розыгрыш ставок для игры №6849:
ID 134807997 поставил 80000 коинов на success и проиграл при выигрышном цвете danger
18:20:26 | Розыгрыш ставок для игры №6850:
ID 134807997 поставил 80000 коинов на success и проиграл при выигрышном цвете danger
18:21:13 | Розыгрыш ставок для игры №6851:
ID 134807997 поставил 240000 коинов на primary и выиграл 480000 коинов при выигрышном цвете primary
18:21:57 | Розыгрыш ставок для игры №6852:
ID 134807997 поставил 160000 коинов на primary и выиграл 320000 коинов при выигрышном цвете primary
18:22:45 | Розыгрыш ставок для игры №6853:
ID 134807997 поставил 480000 коинов на danger и выиграл 960000 коинов при выигрышном цвете danger
18:24:10 | Розыгрыш ставок для игры №6854:
ID 499366239 поставил 25000 коинов на danger и проиграл при выигрышном цвете primary
18:28:03 | ID 433391039 пополнил баланс на 500000000 коинов
18:28:08 | ID 573244970 пополнил баланс на 1000000000 коинов
18:28:36 | Розыгрыш ставок для игры №6855:
ID 519598725 поставил 1000 коинов на success и проиграл при выигрышном цвете danger
ID 573244970 поставил 250000 коинов на success и проиграл при выигрышном цвете danger
ID 433391039 поставил 500000 коинов на primary и проиграл при выигрышном цвете danger
18:29:18 | Розыгрыш ставок для игры №6856:
ID 519598725 поставил 1000 коинов на success и проиграл при выигрышном цвете danger
ID 573244970 поставил 750000 коинов на primary и проиграл при выигрышном цвете danger
18:30:02 | Розыгрыш ставок для игры №6857:
ID 519598725 поставил 1000 коинов на success и проиграл при выигрышном цвете primary
18:30:02 | Розыгрыш ставок для игры №6858:
ID 519598725 поставил 1000 коинов на success и проиграл при выигрышном цвете primary
18:32:47 | Розыгрыш ставок для игры №6859:
ID 134807997 поставил 320000 коинов на danger и выиграл 640000 коинов при выигрышном цвете danger
18:33:32 | ID 134807997 запросил вывод 2000000 коинов; VKC response code: 200
18:40:27 | ID 584244344 запросил вывод 1000 коинов; VKC response code: 200
18:52:14 | ID 501562122 пополнил баланс на 10000000 коинов
18:52:55 | Розыгрыш ставок для игры №6860:
ID 501562122 поставил 10000 коинов на primary и проиграл при выигрышном цвете success
18:53:35 | ID 501562122 пополнил баланс на 54000000 коинов
18:54:15 | Розыгрыш ставок для игры №6861:
ID 501562122 поставил 54000 коинов на primary и выиграл 108000 коинов при выигрышном цвете primary
18:54:36 | ID 501562122 запросил вывод 108000 коинов; VKC response code: 200
19:11:52 | ID 499366239 пополнил баланс на 500000000 коинов
19:12:31 | Розыгрыш ставок для игры №6862:
ID 499366239 поставил 200000 коинов на primary и проиграл при выигрышном цвете danger
19:13:21 | Розыгрыш ставок для игры №6863:
ID 499366239 поставил 200000 коинов на primary и проиграл при выигрышном цвете danger
19:14:08 | Розыгрыш ставок для игры №6864:
ID 499366239 поставил 100000 коинов на danger и проиграл при выигрышном цвете success
19:18:31 | ID 284323794 пополнил баланс на 500000000 коинов
19:19:07 | Розыгрыш ставок для игры №6865:
ID 284323794 поставил 200000 коинов на danger и выиграл 400000 коинов при выигрышном цвете danger
19:19:53 | Розыгрыш ставок для игры №6866:
ID 284323794 поставил 100000 коинов на primary и проиграл при выигрышном цвете danger
19:20:39 | Розыгрыш ставок для игры №6867:
ID 284323794 поставил 243000 коинов на primary и проиграл при выигрышном цвете danger
19:21:35 | Розыгрыш ставок для игры №6868:
ID 284323794 поставил 357000 коинов на primary и выиграл 714000 коинов при выигрышном цвете primary
19:22:03 | ID 284323794 запросил вывод 600000 коинов; VKC response code: 200
19:22:27 | Розыгрыш ставок для игры №6869:
ID 284323794 поставил 114000 коинов на danger и выиграл 228000 коинов при выигрышном цвете danger
19:22:47 | ID 284323794 запросил вывод 228000 коинов; VKC response code: 200
20:20:40 | ID 439412838 пополнил баланс на 10000000 коинов
20:20:59 | ID 342789444 пополнил баланс на 2000000 коинов
20:21:46 | Розыгрыш ставок для игры №6870:
ID 342789444 поставил 1000 коинов на success и проиграл при выигрышном цвете danger
ID 439412838 поставил 10000 коинов на danger и выиграл 20000 коинов при выигрышном цвете danger
20:23:02 | Розыгрыш ставок для игры №6871:
ID 439412838 поставил 20000 коинов на primary и выиграл 40000 коинов при выигрышном цвете primary
20:23:48 | ID 421169574 пополнил баланс на 290000000 коинов
20:24:20 | Розыгрыш ставок для игры №6872:
ID 439412838 поставил 20000 коинов на primary и проиграл при выигрышном цвете danger
ID 421169574 поставил 100000 коинов на success и проиграл при выигрышном цвете danger
20:25:04 | Розыгрыш ставок для игры №6873:
ID 439412838 поставил 20000 коинов на primary и выиграл 40000 коинов при выигрышном цвете primary
ID 421169574 поставил 100000 коинов на primary и выиграл 200000 коинов при выигрышном цвете primary
ID 342789444 поставил 1000 коинов на primary и выиграл 2000 коинов при выигрышном цвете primary
20:25:49 | Розыгрыш ставок для игры №6874:
ID 421169574 поставил 100000 коинов на primary и выиграл 200000 коинов при выигрышном цвете primary
ID 342789444 поставил 2000 коинов на danger и проиграл при выигрышном цвете primary
ID 439412838 поставил 40000 коинов на danger и проиграл при выигрышном цвете primary
20:26:01 | ID 467534287 пополнил баланс на 500000000 коинов
20:26:11 | ID 463774986 пополнил баланс на 500000000 коинов
20:26:36 | Розыгрыш ставок для игры №6875:
ID 421169574 поставил 200000 коинов на primary и выиграл 400000 коинов при выигрышном цвете primary
ID 463774986 поставил 100000 коинов на primary и выиграл 200000 коинов при выигрышном цвете primary
ID 467534287 поставил 250000 коинов на success и проиграл при выигрышном цвете primary
20:27:21 | ID 467534287 пополнил баланс на 200000000 коинов
20:27:24 | Розыгрыш ставок для игры №6876:
ID 421169574 поставил 100000 коинов на danger и проиграл при выигрышном цвете primary
ID 467534287 поставил 250000 коинов на danger и проиграл при выигрышном цвете primary
ID 463774986 поставил 593750 коинов на primary и выиграл 1187500 коинов при выигрышном цвете primary
20:27:50 | ID 463774986 запросил вывод 1193750 коинов; VKC response code: 200
20:28:09 | Розыгрыш ставок для игры №6877:
ID 467534287 поставил 200000 коинов на success и проиграл при выигрышном цвете primary
ID 421169574 поставил 200000 коинов на danger и проиграл при выигрышном цвете primary
20:28:59 | Розыгрыш ставок для игры №6878:
ID 421169574 поставил 290000 коинов на primary и проиграл при выигрышном цвете danger
20:32:17 | ID 570527660 пополнил баланс на 1000000000 коинов
20:32:53 | Розыгрыш ставок для игры №6879:
ID 570527660 поставил 1000000 коинов на success и проиграл при выигрышном цвете danger
20:37:26 | ID 539920576 пополнил баланс на 100000000 коинов
20:38:10 | Розыгрыш ставок для игры №6880:
ID 539920576 поставил 50000 коинов на primary и проиграл при выигрышном цвете danger
20:38:52 | Розыгрыш ставок для игры №6881:
ID 539920576 поставил 50000 коинов на primary и проиграл при выигрышном цвете danger
20:42:48 | Розыгрыш ставок для игры №6882:
ID 569114710 поставил 1000 коинов на danger и проиграл при выигрышном цвете primary
20:55:00 | ID 559631618 пополнил баланс на 1000000 коинов
20:55:37 | Розыгрыш ставок для игры №6883:
ID 559631618 поставил 1000 коинов на danger и проиграл при выигрышном цвете primary
20:56:01 | ID 559631618 пополнил баланс на 1000000 коинов
20:56:57 | Розыгрыш ставок для игры №6884:
ID 559631618 поставил 1000 коинов на success и проиграл при выигрышном цвете primary
20:58:36 | ID 551681443 пополнил баланс на 181000000 коинов
20:59:11 | Розыгрыш ставок для игры №6885:
ID 551681443 поставил 1000 коинов на primary и проиграл при выигрышном цвете danger
21:00:01 | Розыгрыш ставок для игры №6886:
ID 551681443 поставил 180000 коинов на danger и выиграл 360000 коинов при выигрышном цвете danger
21:00:45 | Розыгрыш ставок для игры №6887:
ID 551681443 поставил 360000 коинов на danger и выиграл 720000 коинов при выигрышном цвете danger
21:01:27 | Розыгрыш ставок для игры №6888:
ID 551681443 поставил 720000 коинов на danger и проиграл при выигрышном цвете primary
21:03:15 | Розыгрыш ставок для игры №6889:
ID 469613507 поставил 1000 коинов на danger и проиграл при выигрышном цвете primary
21:33:06 | ID 551681443 пополнил баланс на 850000000 коинов
21:33:43 | Розыгрыш ставок для игры №6890:
ID 551681443 поставил 50000 коинов на danger и проиграл при выигрышном цвете primary
21:34:31 | ID 551681443 пополнил баланс на 1000000 коинов
21:34:34 | Розыгрыш ставок для игры №6891:
ID 551681443 поставил 200000 коинов на primary и проиграл при выигрышном цвете danger
21:35:25 | Розыгрыш ставок для игры №6892:
ID 551681443 поставил 601000 коинов на danger и выиграл 1202000 коинов при выигрышном цвете danger
21:36:18 | Розыгрыш ставок для игры №6893:
ID 551681443 поставил 1202000 коинов на danger и выиграл 2404000 коинов при выигрышном цвете danger
21:36:48 | ID 551681443 запросил вывод 2400000 коинов; VKC response code: 200
21:37:25 | Розыгрыш ставок для игры №6894:
ID 551681443 поставил 2000 коинов на danger и выиграл 4000 коинов при выигрышном цвете danger
21:39:25 | Розыгрыш ставок для игры №6895:
ID 551681443 поставил 3000 коинов на danger и проиграл при выигрышном цвете primary
21:40:07 | Розыгрыш ставок для игры №6896:
ID 551681443 поставил 3000 коинов на primary и выиграл 6000 коинов при выигрышном цвете primary
21:56:04 | ID 214473000 пополнил баланс на 5000000 коинов
21:56:45 | Розыгрыш ставок для игры №6897:
ID 214473000 поставил 2500 коинов на primary и проиграл при выигрышном цвете danger
22:37:52 | ID 263558094 пополнил баланс на 1000 коинов
22:38:04 | ID 263558094 пополнил баланс на 13000000 коинов
22:38:50 | Розыгрыш ставок для игры №6898:
ID 263558094 поставил 13000 коинов на primary и проиграл при выигрышном цвете danger
22:50:28 | Розыгрыш ставок для игры №6899:
ID 414248706 поставил 2520 коинов на danger и проиграл при выигрышном цвете primary
23:17:12 | Розыгрыш ставок для игры №6900:
ID 327575085 поставил 18000 коинов на primary и выиграл 36000 коинов при выигрышном цвете primary
23:18:09 | Розыгрыш ставок для игры №6901:
ID 327575085 поставил 26000 коинов на danger и выиграл 52000 коинов при выигрышном цвете danger
23:19:03 | Розыгрыш ставок для игры №6902:
ID 327575085 поставил 2000 коинов на primary и выиграл 4000 коинов при выигрышном цвете primary
23:19:03 | Розыгрыш ставок для игры №6903:
ID 327575085 поставил 2000 коинов на primary и выиграл 4000 коинов при выигрышном цвете primary
23:19:24 | ID 515636404 пополнил баланс на 143000000 коинов
23:19:50 | Розыгрыш ставок для игры №6904:
ID 327575085 поставил 8000 коинов на primary и проиграл при выигрышном цвете danger
ID 515636404 поставил 1000 коинов на danger и выиграл 2000 коинов при выигрышном цвете danger
23:20:10 | ID 327575085 запросил вывод 150000 коинов; VKC response code: 200
23:20:34 | Розыгрыш ставок для игры №6905:
ID 515636404 поставил 4000 коинов на danger и выиграл 8000 коинов при выигрышном цвете danger
23:21:23 | Розыгрыш ставок для игры №6906:
ID 515636404 поставил 8000 коинов на primary и выиграл 16000 коинов при выигрышном цвете primary
23:22:09 | Розыгрыш ставок для игры №6907:
ID 515636404 поставил 8000 коинов на primary и проиграл при выигрышном цвете success
23:22:55 | Розыгрыш ставок для игры №6908:
ID 515636404 поставил 8000 коинов на success и выиграл 112000 коинов при выигрышном цвете success
23:24:35 | Розыгрыш ставок для игры №6909:
ID 515636404 поставил 8000 коинов на success и проиграл при выигрышном цвете primary
23:25:21 | Розыгрыш ставок для игры №6910:
ID 515636404 поставил 24000 коинов на primary и выиграл 48000 коинов при выигрышном цвете primary
23:25:25 | ID 439190367 пополнил баланс на 20000000 коинов
23:26:12 | Розыгрыш ставок для игры №6911:
ID 515636404 поставил 16000 коинов на danger и выиграл 32000 коинов при выигрышном цвете danger
ID 439190367 поставил 10000 коинов на primary и проиграл при выигрышном цвете danger
23:26:57 | Розыгрыш ставок для игры №6912:
ID 439190367 поставил 10000 коинов на success и проиграл при выигрышном цвете danger
ID 515636404 поставил 16000 коинов на danger и выиграл 32000 коинов при выигрышном цвете danger
23:27:56 | Розыгрыш ставок для игры №6913:
ID 515636404 поставил 10000 коинов на success и проиграл при выигрышном цвете primary
23:28:38 | Розыгрыш ставок для игры №6914:
ID 515636404 поставил 10000 коинов на success и проиграл при выигрышном цвете primary
23:29:22 | Розыгрыш ставок для игры №6915:
ID 515636404 поставил 10000 коинов на danger и проиграл при выигрышном цвете primary
23:30:08 | Розыгрыш ставок для игры №6916:
ID 515636404 поставил 10000 коинов на success и проиграл при выигрышном цвете danger
23:30:51 | Розыгрыш ставок для игры №6917:
ID 515636404 поставил 10000 коинов на success и проиграл при выигрышном цвете primary
23:31:36 | Розыгрыш ставок для игры №6918:
ID 515636404 поставил 20000 коинов на success и проиграл при выигрышном цвете primary
23:32:19 | Розыгрыш ставок для игры №6919:
ID 515636404 поставил 10000 коинов на danger и выиграл 20000 коинов при выигрышном цвете danger
23:33:03 | Розыгрыш ставок для игры №6920:
ID 515636404 поставил 10000 коинов на primary и выиграл 20000 коинов при выигрышном цвете primary
23:33:49 | Розыгрыш ставок для игры №6921:
ID 515636404 поставил 20000 коинов на danger и проиграл при выигрышном цвете primary
23:35:17 | Розыгрыш ставок для игры №6922:
ID 515636404 поставил 30000 коинов на success и проиграл при выигрышном цвете primary
23:36:01 | Розыгрыш ставок для игры №6923:
ID 515636404 поставил 30000 коинов на danger и выиграл 60000 коинов при выигрышном цвете danger
23:36:01 | Розыгрыш ставок для игры №6924:
ID 515636404 поставил 30000 коинов на danger и проиграл при выигрышном цвете primary
23:36:48 | Розыгрыш ставок для игры №6925:
ID 515636404 поставил 30000 коинов на primary и проиграл при выигрышном цвете danger
23:37:45 | Розыгрыш ставок для игры №6926:
ID 515636404 поставил 50000 коинов на primary и проиграл при выигрышном цвете danger
23:38:30 | Розыгрыш ставок для игры №6927:
ID 515636404 поставил 50000 коинов на primary и проиграл при выигрышном цвете success
ID 567157840 поставил 3750 коинов на primary и проиграл при выигрышном цвете success
23:39:21 | Розыгрыш ставок для игры №6928:
ID 515636404 поставил 25000 коинов на success и проиграл при выигрышном цвете primary
23:40:09 | Розыгрыш ставок для игры №6929:
ID 515636404 поставил 25000 коинов на primary и проиграл при выигрышном цвете danger
23:40:10 | ID 567157840 пополнил баланс на 100000000 коинов
23:40:54 | Розыгрыш ставок для игры №6930:
ID 515636404 поставил 50000 коинов на success и проиграл при выигрышном цвете danger
ID 567157840 поставил 5000 коинов на primary и проиграл при выигрышном цвете danger
23:41:42 | Розыгрыш ставок для игры №6931:
ID 567157840 поставил 10000 коинов на primary и проиграл при выигрышном цвете danger
23:42:24 | Розыгрыш ставок для игры №6932:
ID 567157840 поставил 20000 коинов на danger и проиграл при выигрышном цвете success
23:43:10 | Розыгрыш ставок для игры №6933:
ID 567157840 поставил 65000 коинов на danger и проиграл при выигрышном цвете primary
23:43:40 | ID 567157840 пополнил баланс на 96000000 коинов
23:44:16 | Розыгрыш ставок для игры №6934:
ID 567157840 поставил 96000 коинов на primary и выиграл 192000 коинов при выигрышном цвете primary
23:45:12 | Розыгрыш ставок для игры №6935:
ID 567157840 поставил 12000 коинов на primary и выиграл 24000 коинов при выигрышном цвете primary
23:45:58 | Розыгрыш ставок для игры №6936:
ID 567157840 поставил 8000 коинов на danger и проиграл при выигрышном цвете primary
23:46:27 | ID 567157840 запросил вывод 180000 коинов; VKC response code: 200
23:46:45 | Розыгрыш ставок для игры №6937:
ID 567157840 поставил 16000 коинов на primary и выиграл 32000 коинов при выигрышном цвете primary
23:47:34 | Розыгрыш ставок для игры №6938:
ID 567157840 поставил 10000 коинов на primary и проиграл при выигрышном цвете danger
23:48:22 | Розыгрыш ставок для игры №6939:
ID 567157840 поставил 22000 коинов на danger и проиграл при выигрышном цвете primary