
08:07:17 | Розыгрыш ставок для игры №10383:
ID 401606797 поставил 1000 коинов на primary и проиграл при выигрышном цвете success
12:35:15 | ID 485083911 пополнил баланс на 50000000 коинов
12:36:01 | Розыгрыш ставок для игры №10384:
ID 485083911 поставил 50000 коинов на primary и выиграл 75000 коинов при выигрышном цвете primary
12:37:01 | Розыгрыш ставок для игры №10385:
ID 485083911 поставил 50000 коинов на danger и проиграл при выигрышном цвете success
12:37:01 | Розыгрыш ставок для игры №10386:
ID 485083911 поставил 50000 коинов на danger и проиграл при выигрышном цвете success
12:37:24 | ID 485083911 запросил вывод 26000 коинов; VKC response code: 200
18:42:01 | Розыгрыш ставок для игры №10387:
ID 252671612 поставил 1000 коинов на danger и выиграл 4500 коинов при выигрышном цвете danger
18:42:45 | Розыгрыш ставок для игры №10388:
ID 252671612 поставил 1000 коинов на success и выиграл 2500 коинов при выигрышном цвете success
18:43:31 | Розыгрыш ставок для игры №10389:
ID 252671612 поставил 4000 коинов на primary и проиграл при выигрышном цвете success
18:44:16 | Розыгрыш ставок для игры №10390:
ID 252671612 поставил 2000 коинов на danger и проиграл при выигрышном цвете primary
20:25:08 | Розыгрыш ставок для игры №10391:
ID 330799581 поставил 1000 коинов на danger и проиграл при выигрышном цвете success