
00:25:43 | ID 573784055 пополнил баланс на 50000000 коинов
00:26:23 | Розыгрыш ставок для игры №9722:
ID 573784055 поставил 50000 коинов на success и выиграл 125000 коинов при выигрышном цвете success
00:26:51 | ID 573784055 запросил вывод 125000 коинов; VKC response code: 200
03:37:50 | ID 442776547 пополнил баланс на 3000000 коинов
03:38:38 | Розыгрыш ставок для игры №9723:
ID 442776547 поставил 1000 коинов на primary и выиграл 1500 коинов при выигрышном цвете primary
03:39:25 | Розыгрыш ставок для игры №9724:
ID 442776547 поставил 1000 коинов на success и проиграл при выигрышном цвете primary
03:39:45 | ID 442776547 запросил вывод 2500 коинов; VKC response code: 200
06:40:16 | Розыгрыш ставок для игры №9725:
ID 544362205 поставил 1000 коинов на danger и проиграл при выигрышном цвете success
13:33:53 | Розыгрыш ставок для игры №9726:
ID 544477380 поставил 1000 коинов на primary и выиграл 1500 коинов при выигрышном цвете primary
13:34:30 | ID 544477380 запросил вывод 1500 коинов; VKC response code: 200
15:36:28 | ID 395249121 пополнил баланс на 100000 коинов
15:36:44 | ID 395249121 пополнил баланс на 900000 коинов
15:37:26 | Розыгрыш ставок для игры №9727:
ID 395249121 поставил 1000 коинов на primary и проиграл при выигрышном цвете success
18:26:10 | ID 395249121 пополнил баланс на 10000000 коинов
18:26:47 | Розыгрыш ставок для игры №9728:
ID 395249121 поставил 10000 коинов на primary и выиграл 15000 коинов при выигрышном цвете primary
18:27:05 | ID 395249121 запросил вывод 15000 коинов; VKC response code: 200
19:19:22 | Розыгрыш ставок для игры №9729:
ID 594967959 поставил 1000 коинов на success и проиграл при выигрышном цвете primary
21:45:37 | Розыгрыш ставок для игры №9730:
ID 540397083 поставил 1000 коинов на success и проиграл при выигрышном цвете danger
22:42:15 | Розыгрыш ставок для игры №9731:
ID 523880326 поставил 1000 коинов на primary и выиграл 1500 коинов при выигрышном цвете primary
22:43:21 | Розыгрыш ставок для игры №9732:
ID 523880326 поставил 1000 коинов на primary и проиграл при выигрышном цвете success
23:08:24 | Розыгрыш ставок для игры №9733:
ID 598614667 поставил 1000 коинов на success и выиграл 2500 коинов при выигрышном цвете success
23:09:13 | Розыгрыш ставок для игры №9734:
ID 598614667 поставил 2500 коинов на danger и проиграл при выигрышном цвете primary
23:48:49 | Розыгрыш ставок для игры №9735:
ID 436072424 поставил 1000 коинов на success и проиграл при выигрышном цвете primary