
00:04:37 | ID 513189999 пополнил баланс на 40000000 коинов
00:05:00 | ID 377497472 пополнил баланс на 2000000000 коинов
00:05:17 | Розыгрыш ставок для игры №2345:
ID 513189999 поставил 25000 коинов на primary и проиграл при выигрышном цвете danger
ID 377497472 поставил 150000 коинов на primary и проиграл при выигрышном цвете danger
00:06:06 | Розыгрыш ставок для игры №2346:
ID 377497472 поставил 150000 коинов на primary и выиграл 300000 коинов при выигрышном цвете primary
ID 513189999 поставил 15000 коинов на danger и проиграл при выигрышном цвете primary
00:06:44 | ID 513189999 пополнил баланс на 7600000 коинов
00:07:00 | Розыгрыш ставок для игры №2347:
ID 377497472 поставил 300000 коинов на danger и выиграл 600000 коинов при выигрышном цвете danger
ID 530319703 поставил 94000 коинов на success и проиграл при выигрышном цвете danger
ID 513189999 поставил 7600 коинов на danger и выиграл 15200 коинов при выигрышном цвете danger
00:07:46 | Розыгрыш ставок для игры №2348:
ID 513189999 поставил 7600 коинов на primary и проиграл при выигрышном цвете success
ID 530319703 поставил 100000 коинов на primary и проиграл при выигрышном цвете success
00:08:31 | Розыгрыш ставок для игры №2349:
ID 530319703 поставил 100000 коинов на success и проиграл при выигрышном цвете primary
00:09:25 | Розыгрыш ставок для игры №2350:
ID 377497472 поставил 300000 коинов на primary и проиграл при выигрышном цвете danger
00:10:12 | Розыгрыш ставок для игры №2351:
ID 377497472 поставил 800000 коинов на primary и выиграл 1600000 коинов при выигрышном цвете primary
00:10:34 | ID 377497472 запросил вывод 800000 коинов; VKC response code: 200
00:11:11 | Розыгрыш ставок для игры №2352:
ID 513189999 поставил 7600 коинов на danger и выиграл 15200 коинов при выигрышном цвете danger
00:12:01 | Розыгрыш ставок для игры №2353:
ID 513189999 поставил 15200 коинов на success и проиграл при выигрышном цвете danger
00:12:01 | Розыгрыш ставок для игры №2354:
ID 513189999 поставил 15200 коинов на success и проиграл при выигрышном цвете danger
00:12:32 | ID 513189999 пополнил баланс на 300000000 коинов
00:14:02 | Розыгрыш ставок для игры №2355:
ID 377497472 поставил 200000 коинов на danger и выиграл 400000 коинов при выигрышном цвете danger
ID 513189999 поставил 75000 коинов на danger и выиграл 150000 коинов при выигрышном цвете danger
00:14:48 | Розыгрыш ставок для игры №2356:
ID 377497472 поставил 200000 коинов на danger и выиграл 400000 коинов при выигрышном цвете danger
ID 513189999 поставил 75000 коинов на danger и выиграл 150000 коинов при выигрышном цвете danger
00:15:39 | Розыгрыш ставок для игры №2357:
ID 377497472 поставил 200000 коинов на primary и выиграл 400000 коинов при выигрышном цвете primary
ID 513189999 поставил 75000 коинов на primary и выиграл 150000 коинов при выигрышном цвете primary
00:16:38 | Розыгрыш ставок для игры №2358:
ID 377497472 поставил 200000 коинов на danger и проиграл при выигрышном цвете primary
ID 513189999 поставил 75000 коинов на danger и проиграл при выигрышном цвете primary
00:17:22 | Розыгрыш ставок для игры №2359:
ID 377497472 поставил 400000 коинов на danger и выиграл 800000 коинов при выигрышном цвете danger
ID 513189999 поставил 75000 коинов на danger и выиграл 150000 коинов при выигрышном цвете danger
00:19:08 | Розыгрыш ставок для игры №2360:
ID 377497472 поставил 100000 коинов на success и проиграл при выигрышном цвете danger
00:20:03 | Розыгрыш ставок для игры №2361:
ID 377497472 поставил 100000 коинов на success и проиграл при выигрышном цвете danger
00:21:31 | Розыгрыш ставок для игры №2362:
ID 377497472 поставил 600000 коинов на primary и выиграл 1200000 коинов при выигрышном цвете primary
ID 513189999 поставил 75000 коинов на primary и выиграл 150000 коинов при выигрышном цвете primary
00:21:55 | ID 377497472 запросил вывод 2200000 коинов; VKC response code: 200
00:22:44 | Розыгрыш ставок для игры №2363:
ID 377497472 поставил 150000 коинов на danger и выиграл 300000 коинов при выигрышном цвете danger
00:25:02 | Розыгрыш ставок для игры №2364:
ID 377497472 поставил 150000 коинов на primary и выиграл 300000 коинов при выигрышном цвете primary
ID 513189999 поставил 75000 коинов на primary и выиграл 150000 коинов при выигрышном цвете primary
00:28:14 | Розыгрыш ставок для игры №2365:
ID 377497472 поставил 300000 коинов на primary и проиграл при выигрышном цвете danger
ID 513189999 поставил 100000 коинов на primary и проиграл при выигрышном цвете danger
00:29:04 | Розыгрыш ставок для игры №2366:
ID 377497472 поставил 1000000 коинов на primary и выиграл 2000000 коинов при выигрышном цвете primary
ID 513189999 поставил 100000 коинов на primary и выиграл 200000 коинов при выигрышном цвете primary
00:29:25 | ID 377497472 запросил вывод 1000000 коинов; VKC response code: 200
00:29:59 | Розыгрыш ставок для игры №2367:
ID 377497472 поставил 1000000 коинов на danger и проиграл при выигрышном цвете primary
ID 513189999 поставил 100000 коинов на danger и проиграл при выигрышном цвете primary
00:30:34 | ID 377497472 пополнил баланс на 3500000000 коинов
00:31:16 | Розыгрыш ставок для игры №2368:
ID 377497472 поставил 350000 коинов на danger и проиграл при выигрышном цвете primary
ID 513189999 поставил 100000 коинов на danger и проиграл при выигрышном цвете primary
00:32:04 | Розыгрыш ставок для игры №2369:
ID 377497472 поставил 1150000 коинов на danger и выиграл 2300000 коинов при выигрышном цвете danger
ID 513189999 поставил 100000 коинов на danger и выиграл 200000 коинов при выигрышном цвете danger
00:32:23 | ID 377497472 запросил вывод 4300000 коинов; VKC response code: 200
00:35:29 | ID 513189999 запросил вывод 575000 коинов; VKC response code: 200
00:36:16 | ID 388948203 пополнил баланс на 1000000000 коинов
00:36:54 | Розыгрыш ставок для игры №2370:
ID 388948203 поставил 250000 коинов на primary и выиграл 500000 коинов при выигрышном цвете primary
00:37:39 | Розыгрыш ставок для игры №2371:
ID 388948203 поставил 250000 коинов на danger и выиграл 500000 коинов при выигрышном цвете danger
00:38:39 | ID 388948203 запросил вывод 1250000 коинов; VKC response code: 200
00:38:43 | Розыгрыш ставок для игры №2372:
ID 388948203 поставил 250000 коинов на primary и проиграл при выигрышном цвете danger
00:52:52 | Розыгрыш ставок для игры №2373:
ID 489677842 поставил 100000 коинов на primary и выиграл 200000 коинов при выигрышном цвете primary
00:54:41 | Розыгрыш ставок для игры №2374:
ID 489677842 поставил 10000 коинов на danger и проиграл при выигрышном цвете primary
00:55:23 | Розыгрыш ставок для игры №2375:
ID 489677842 поставил 10000 коинов на danger и проиграл при выигрышном цвете primary
00:56:19 | Розыгрыш ставок для игры №2376:
ID 489677842 поставил 80000 коинов на primary и проиграл при выигрышном цвете danger
00:57:14 | Розыгрыш ставок для игры №2377:
ID 489677842 поставил 5000 коинов на success и проиграл при выигрышном цвете danger
00:58:00 | Розыгрыш ставок для игры №2378:
ID 489677842 поставил 95000 коинов на danger и выиграл 190000 коинов при выигрышном цвете danger
00:58:00 | Розыгрыш ставок для игры №2379:
ID 489677842 поставил 95000 коинов на danger и выиграл 190000 коинов при выигрышном цвете danger
00:59:13 | Розыгрыш ставок для игры №2380:
ID 489677842 поставил 80000 коинов на primary и проиграл при выигрышном цвете danger
00:59:59 | Розыгрыш ставок для игры №2381:
ID 489677842 поставил 80000 коинов на success и проиграл при выигрышном цвете primary
01:00:45 | Розыгрыш ставок для игры №2382:
ID 489677842 поставил 70000 коинов на danger и выиграл 140000 коинов при выигрышном цвете danger
01:01:27 | ID 377497472 пополнил баланс на 2000000000 коинов
01:02:03 | Розыгрыш ставок для игры №2383:
ID 377497472 поставил 200000 коинов на success и проиграл при выигрышном цвете primary
ID 489677842 поставил 180000 коинов на primary и выиграл 360000 коинов при выигрышном цвете primary
01:02:48 | Розыгрыш ставок для игры №2384:
ID 377497472 поставил 800000 коинов на primary и выиграл 1600000 коинов при выигрышном цвете primary
01:03:36 | Розыгрыш ставок для игры №2385:
ID 489677842 поставил 140000 коинов на danger и проиграл при выигрышном цвете primary
ID 377497472 поставил 1600000 коинов на primary и выиграл 3200000 коинов при выигрышном цвете primary
01:04:47 | Розыгрыш ставок для игры №2386:
ID 489677842 поставил 30000 коинов на primary и выиграл 60000 коинов при выигрышном цвете primary
ID 377497472 поставил 1200000 коинов на primary и выиграл 2400000 коинов при выигрышном цвете primary
01:05:51 | Розыгрыш ставок для игры №2387:
ID 489677842 поставил 60000 коинов на success и проиграл при выигрышном цвете primary
ID 377497472 поставил 400000 коинов на success и проиграл при выигрышном цвете primary
01:06:39 | Розыгрыш ставок для игры №2388:
ID 377497472 поставил 2000000 коинов на danger и проиграл при выигрышном цвете primary
ID 489677842 поставил 400000 коинов на primary и выиграл 800000 коинов при выигрышном цвете primary
01:07:28 | Розыгрыш ставок для игры №2389:
ID 377497472 поставил 3000000 коинов на danger и выиграл 6000000 коинов при выигрышном цвете danger
ID 489677842 поставил 50000 коинов на primary и проиграл при выигрышном цвете danger
01:07:46 | ID 377497472 запросил вывод 6000000 коинов; VKC response code: 200
01:08:22 | Розыгрыш ставок для игры №2390:
ID 489677842 поставил 50000 коинов на primary и проиграл при выигрышном цвете danger
01:09:27 | Розыгрыш ставок для игры №2391:
ID 489677842 поставил 600000 коинов на danger и выиграл 1200000 коинов при выигрышном цвете danger
01:11:01 | Розыгрыш ставок для игры №2392:
ID 489677842 поставил 300000 коинов на danger и выиграл 600000 коинов при выигрышном цвете danger
01:13:43 | Розыгрыш ставок для игры №2393:
ID 489677842 поставил 300000 коинов на primary и выиграл 600000 коинов при выигрышном цвете primary
01:14:42 | Розыгрыш ставок для игры №2394:
ID 489677842 поставил 19000 коинов на primary и выиграл 38000 коинов при выигрышном цвете primary
01:15:40 | Розыгрыш ставок для игры №2395:
ID 489677842 поставил 800000 коинов на danger и выиграл 1600000 коинов при выигрышном цвете danger
01:16:30 | Розыгрыш ставок для игры №2396:
ID 405115290 поставил 46306 коинов на danger и выиграл 92612 коинов при выигрышном цвете danger
01:17:21 | Розыгрыш ставок для игры №2397:
ID 489677842 поставил 30000 коинов на danger и проиграл при выигрышном цвете primary
01:18:09 | Розыгрыш ставок для игры №2398:
ID 405115290 поставил 92612 коинов на primary и выиграл 185224 коинов при выигрышном цвете primary
01:18:58 | Розыгрыш ставок для игры №2399:
ID 489677842 поставил 689000 коинов на danger и проиграл при выигрышном цвете success
01:19:41 | Розыгрыш ставок для игры №2400:
ID 405115290 поставил 192414 коинов на primary и выиграл 384828 коинов при выигрышном цвете primary
01:20:50 | Розыгрыш ставок для игры №2401:
ID 489677842 поставил 500000 коинов на primary и проиграл при выигрышном цвете danger
01:21:45 | Розыгрыш ставок для игры №2402:
ID 405115290 поставил 389828 коинов на primary и выиграл 779656 коинов при выигрышном цвете primary
01:22:30 | Розыгрыш ставок для игры №2403:
ID 489677842 поставил 500000 коинов на danger и выиграл 1000000 коинов при выигрышном цвете danger
01:23:15 | Розыгрыш ставок для игры №2404:
ID 405115290 поставил 784656 коинов на primary и выиграл 1569312 коинов при выигрышном цвете primary
01:24:08 | Розыгрыш ставок для игры №2405:
ID 489677842 поставил 30000 коинов на primary и проиграл при выигрышном цвете danger
01:25:05 | Розыгрыш ставок для игры №2406:
ID 405115290 поставил 569612 коинов на primary и выиграл 1139224 коинов при выигрышном цвете primary
01:26:29 | Розыгрыш ставок для игры №2407:
ID 489677842 поставил 970000 коинов на danger и выиграл 1940000 коинов при выигрышном цвете danger
01:27:13 | Розыгрыш ставок для игры №2408:
ID 405115290 поставил 2148924 коинов на primary и проиграл при выигрышном цвете danger
01:28:02 | Розыгрыш ставок для игры №2409:
ID 489677842 поставил 40000 коинов на primary и выиграл 80000 коинов при выигрышном цвете primary
01:28:02 | Розыгрыш ставок для игры №2410:
ID 489677842 поставил 40000 коинов на primary и выиграл 80000 коинов при выигрышном цвете primary
01:28:07 | ID 405115290 пополнил баланс на 100000000 коинов
01:28:49 | Розыгрыш ставок для игры №2411:
ID 405115290 поставил 100400 коинов на danger и проиграл при выигрышном цвете primary
01:30:38 | Розыгрыш ставок для игры №2412:
ID 489677842 поставил 600000 коинов на danger и проиграл при выигрышном цвете success
01:31:25 | Розыгрыш ставок для игры №2413:
ID 405115290 поставил 6000 коинов на primary и проиграл при выигрышном цвете danger
01:32:09 | Розыгрыш ставок для игры №2414:
ID 489677842 поставил 460000 коинов на danger и выиграл 920000 коинов при выигрышном цвете danger
01:33:17 | Розыгрыш ставок для игры №2415:
ID 489677842 поставил 920000 коинов на primary и выиграл 1840000 коинов при выигрышном цвете primary
ID 405115290 поставил 1000 коинов на danger и проиграл при выигрышном цвете primary
01:34:01 | Розыгрыш ставок для игры №2416:
ID 405115290 поставил 12800 коинов на success и проиграл при выигрышном цвете primary
01:34:01 | Розыгрыш ставок для игры №2417:
ID 405115290 поставил 12800 коинов на success и проиграл при выигрышном цвете primary
01:35:12 | Розыгрыш ставок для игры №2418:
ID 489677842 поставил 840000 коинов на danger и выиграл 1680000 коинов при выигрышном цвете danger
ID 405115290 поставил 2000 коинов на primary и проиграл при выигрышном цвете danger
01:36:23 | Розыгрыш ставок для игры №2419:
ID 489677842 поставил 680000 коинов на primary и выиграл 1360000 коинов при выигрышном цвете primary
ID 405115290 поставил 1000 коинов на danger и проиграл при выигрышном цвете primary
01:37:30 | Розыгрыш ставок для игры №2420:
ID 405115290 поставил 1000 коинов на primary и выиграл 2000 коинов при выигрышном цвете primary
ID 489677842 поставил 360000 коинов на danger и проиграл при выигрышном цвете primary
01:38:40 | Розыгрыш ставок для игры №2421:
ID 489677842 поставил 1000000 коинов на danger и выиграл 2000000 коинов при выигрышном цвете danger
ID 405115290 поставил 3000 коинов на primary и проиграл при выигрышном цвете danger
01:39:38 | Розыгрыш ставок для игры №2422:
ID 489677842 поставил 1000000 коинов на danger и выиграл 2000000 коинов при выигрышном цвете danger
ID 405115290 поставил 4000 коинов на primary и проиграл при выигрышном цвете danger
01:40:04 | ID 489677842 запросил вывод 7000000 коинов; VKC response code: 200
01:41:24 | Розыгрыш ставок для игры №2423:
ID 405115290 поставил 29800 коинов на primary и выиграл 59600 коинов при выигрышном цвете primary
01:41:41 | ID 489677842 пополнил баланс на 1000000000 коинов
01:42:13 | Розыгрыш ставок для игры №2424:
ID 405115290 поставил 59600 коинов на primary и выиграл 119200 коинов при выигрышном цвете primary
01:42:58 | Розыгрыш ставок для игры №2425:
ID 489677842 поставил 1000000 коинов на danger и проиграл при выигрышном цвете primary
ID 405115290 поставил 3000 коинов на primary и выиграл 6000 коинов при выигрышном цвете primary
01:43:58 | Розыгрыш ставок для игры №2426:
ID 405115290 поставил 132200 коинов на primary и проиграл при выигрышном цвете danger
01:45:22 | ID 405115290 пополнил баланс на 100000000 коинов
01:45:59 | Розыгрыш ставок для игры №2427:
ID 405115290 поставил 25000 коинов на primary и проиграл при выигрышном цвете danger
01:46:50 | Розыгрыш ставок для игры №2428:
ID 405115290 поставил 75000 коинов на primary и выиграл 150000 коинов при выигрышном цвете primary
01:47:35 | Розыгрыш ставок для игры №2429:
ID 405115290 поставил 150000 коинов на primary и выиграл 300000 коинов при выигрышном цвете primary
01:47:49 | ID 489677842 пополнил баланс на 500000000 коинов
01:48:21 | Розыгрыш ставок для игры №2430:
ID 405115290 поставил 150000 коинов на primary и выиграл 300000 коинов при выигрышном цвете primary
ID 489677842 поставил 100000 коинов на danger и проиграл при выигрышном цвете primary
01:49:08 | Розыгрыш ставок для игры №2431:
ID 405115290 поставил 300000 коинов на danger и проиграл при выигрышном цвете primary
ID 489677842 поставил 400000 коинов на primary и выиграл 800000 коинов при выигрышном цвете primary
01:49:51 | Розыгрыш ставок для игры №2432:
ID 405115290 поставил 150000 коинов на primary и проиграл при выигрышном цвете danger
ID 489677842 поставил 100000 коинов на danger и выиграл 200000 коинов при выигрышном цвете danger
01:50:41 | Розыгрыш ставок для игры №2433:
ID 489677842 поставил 100000 коинов на success и проиграл при выигрышном цвете primary
ID 405115290 поставил 7000 коинов на primary и выиграл 14000 коинов при выигрышном цвете primary
01:51:29 | Розыгрыш ставок для игры №2434:
ID 405115290 поставил 14000 коинов на primary и выиграл 28000 коинов при выигрышном цвете primary
ID 489677842 поставил 200000 коинов на primary и выиграл 400000 коинов при выигрышном цвете primary
01:52:19 | Розыгрыш ставок для игры №2435:
ID 405115290 поставил 28000 коинов на primary и выиграл 56000 коинов при выигрышном цвете primary
01:53:24 | Розыгрыш ставок для игры №2436:
ID 405115290 поставил 58000 коинов на primary и выиграл 116000 коинов при выигрышном цвете primary
ID 489677842 поставил 500000 коинов на danger и проиграл при выигрышном цвете primary
01:54:12 | Розыгрыш ставок для игры №2437:
ID 489677842 поставил 500000 коинов на danger и проиграл при выигрышном цвете primary
ID 405115290 поставил 126000 коинов на danger и проиграл при выигрышном цвете primary
01:55:03 | ID 405115290 пополнил баланс на 100000000 коинов
01:55:12 | ID 489677842 пополнил баланс на 125000000 коинов
01:55:41 | Розыгрыш ставок для игры №2438:
ID 405115290 поставил 100000 коинов на primary и проиграл при выигрышном цвете success
01:56:24 | Розыгрыш ставок для игры №2439:
ID 489677842 поставил 125000 коинов на success и проиграл при выигрышном цвете danger
ID 405115290 поставил 1250 коинов на primary и проиграл при выигрышном цвете danger
01:58:06 | ID 405115290 пополнил баланс на 500000000 коинов
01:58:17 | ID 405115290 пополнил баланс на 4500000000 коинов
01:58:53 | Розыгрыш ставок для игры №2440:
ID 405115290 поставил 5000000 коинов на primary и проиграл при выигрышном цвете danger
04:25:00 | ID 431878024 пополнил баланс на 1000 коинов
08:13:19 | ID 290230102 пополнил баланс на 1500000000 коинов
08:13:56 | Розыгрыш ставок для игры №2441:
ID 290230102 поставил 1500000 коинов на danger и проиграл при выигрышном цвете primary
08:28:52 | ID 377497472 пополнил баланс на 5000000000 коинов
08:29:35 | Розыгрыш ставок для игры №2442:
ID 377497472 поставил 100000 коинов на success и проиграл при выигрышном цвете danger
08:30:17 | Розыгрыш ставок для игры №2443:
ID 377497472 поставил 100000 коинов на success и проиграл при выигрышном цвете primary
08:30:59 | Розыгрыш ставок для игры №2444:
ID 377497472 поставил 100000 коинов на success и проиграл при выигрышном цвете danger
08:31:44 | Розыгрыш ставок для игры №2445:
ID 377497472 поставил 200000 коинов на success и проиграл при выигрышном цвете primary
08:32:26 | Розыгрыш ставок для игры №2446:
ID 377497472 поставил 100000 коинов на success и проиграл при выигрышном цвете primary
08:33:09 | Розыгрыш ставок для игры №2447:
ID 377497472 поставил 100000 коинов на success и проиграл при выигрышном цвете primary
08:33:55 | Розыгрыш ставок для игры №2448:
ID 377497472 поставил 100000 коинов на success и проиграл при выигрышном цвете danger
08:34:39 | Розыгрыш ставок для игры №2449:
ID 377497472 поставил 100000 коинов на success и проиграл при выигрышном цвете danger
08:35:21 | Розыгрыш ставок для игры №2450:
ID 377497472 поставил 100000 коинов на success и проиграл при выигрышном цвете danger
08:36:06 | Розыгрыш ставок для игры №2451:
ID 377497472 поставил 400000 коинов на primary и проиграл при выигрышном цвете danger
08:36:54 | Розыгрыш ставок для игры №2452:
ID 377497472 поставил 600000 коинов на primary и выиграл 1200000 коинов при выигрышном цвете primary
08:38:46 | Розыгрыш ставок для игры №2453:
ID 377497472 поставил 200000 коинов на primary и проиграл при выигрышном цвете danger
08:46:15 | Розыгрыш ставок для игры №2454:
ID 377497472 поставил 200000 коинов на primary и выиграл 400000 коинов при выигрышном цвете primary
08:48:12 | Розыгрыш ставок для игры №2455:
ID 377497472 поставил 200000 коинов на primary и проиграл при выигрышном цвете danger
08:49:01 | Розыгрыш ставок для игры №2456:
ID 377497472 поставил 2000000 коинов на primary и выиграл 4000000 коинов при выигрышном цвете primary
08:49:52 | Розыгрыш ставок для игры №2457:
ID 377497472 поставил 1000000 коинов на primary и проиграл при выигрышном цвете danger
08:50:43 | Розыгрыш ставок для игры №2458:
ID 377497472 поставил 2000000 коинов на primary и выиграл 4000000 коинов при выигрышном цвете primary
08:51:15 | ID 377497472 запросил вывод 5000000 коинов; VKC response code: 200
08:52:43 | Розыгрыш ставок для игры №2459:
ID 377497472 поставил 2000000 коинов на primary и выиграл 4000000 коинов при выигрышном цвете primary
08:53:00 | ID 377497472 запросил вывод 4000000 коинов; VKC response code: 200
09:11:54 | ID 462524635 пополнил баланс на 67000000 коинов
09:12:36 | Розыгрыш ставок для игры №2460:
ID 462524635 поставил 67000 коинов на primary и проиграл при выигрышном цвете danger
09:16:33 | ID 455923236 запросил вывод 645500 коинов; VKC response code: 200
09:17:55 | ID 377497472 пополнил баланс на 2900000000 коинов
09:18:00 | ID 513189999 пополнил баланс на 300000000 коинов
09:18:36 | Розыгрыш ставок для игры №2461:
ID 377497472 поставил 900000 коинов на primary и выиграл 1800000 коинов при выигрышном цвете primary
09:30:17 | Розыгрыш ставок для игры №2462:
ID 377497472 поставил 800000 коинов на primary и проиграл при выигрышном цвете danger
ID 513189999 поставил 75000 коинов на primary и проиграл при выигрышном цвете danger
09:30:59 | ID 457529081 пополнил баланс на 5000000000 коинов
09:31:03 | Розыгрыш ставок для игры №2463:
ID 377497472 поставил 1600000 коинов на primary и проиграл при выигрышном цвете danger
ID 513189999 поставил 100000 коинов на primary и проиграл при выигрышном цвете danger
ID 457529081 поставил 5000000 коинов на primary и проиграл при выигрышном цвете danger
09:31:20 | ID 457529081 пополнил баланс на 10000000000 коинов
09:31:46 | Розыгрыш ставок для игры №2464:
ID 377497472 поставил 1400000 коинов на primary и проиграл при выигрышном цвете danger
ID 457529081 поставил 10000000 коинов на primary и проиграл при выигрышном цвете danger
ID 513189999 поставил 75000 коинов на primary и проиграл при выигрышном цвете danger
09:32:14 | ID 290230102 пополнил баланс на 533000000 коинов
09:32:17 | ID 377497472 пополнил баланс на 3000000000 коинов
09:32:22 | ID 457529081 пополнил баланс на 7500000000 коинов
09:32:46 | ID 457529081 пополнил баланс на 10000000000 коинов
09:32:49 | Розыгрыш ставок для игры №2465:
ID 290230102 поставил 533000 коинов на danger и проиграл при выигрышном цвете primary
ID 457529081 поставил 7500000 коинов на primary и выиграл 15000000 коинов при выигрышном цвете primary
ID 377497472 поставил 200000 коинов на primary и выиграл 400000 коинов при выигрышном цвете primary
ID 513189999 поставил 50000 коинов на primary и выиграл 100000 коинов при выигрышном цвете primary
09:33:40 | Розыгрыш ставок для игры №2466:
ID 377497472 поставил 100000 коинов на success и проиграл при выигрышном цвете danger
ID 513189999 поставил 25000 коинов на success и проиграл при выигрышном цвете danger
ID 457529081 поставил 2500000 коинов на danger и выиграл 5000000 коинов при выигрышном цвете danger
09:34:02 | ID 457529081 запросил вывод 17500000 коинов; VKC response code: 200
09:34:25 | Розыгрыш ставок для игры №2467:
ID 377497472 поставил 100000 коинов на success и проиграл при выигрышном цвете danger
ID 457529081 поставил 10000000 коинов на primary и проиграл при выигрышном цвете danger
ID 513189999 поставил 15000 коинов на success и проиграл при выигрышном цвете danger
09:35:12 | Розыгрыш ставок для игры №2468:
ID 377497472 поставил 1000000 коинов на primary и выиграл 2000000 коинов при выигрышном цвете primary
ID 513189999 поставил 15000 коинов на primary и выиграл 30000 коинов при выигрышном цвете primary
09:35:49 | ID 457529081 пополнил баланс на 9000000000 коинов
09:36:02 | ID 457529081 пополнил баланс на 11000000000 коинов
09:36:11 | Розыгрыш ставок для игры №2469:
ID 377497472 поставил 500000 коинов на danger и проиграл при выигрышном цвете primary
ID 513189999 поставил 15000 коинов на danger и проиграл при выигрышном цвете primary
ID 457529081 поставил 20000000 коинов на primary и выиграл 40000000 коинов при выигрышном цвете primary
09:36:58 | Розыгрыш ставок для игры №2470:
ID 377497472 поставил 500000 коинов на primary и выиграл 1000000 коинов при выигрышном цвете primary
ID 457529081 поставил 5000000 коинов на primary и выиграл 10000000 коинов при выигрышном цвете primary
ID 513189999 поставил 15000 коинов на primary и выиграл 30000 коинов при выигрышном цвете primary
09:37:54 | Розыгрыш ставок для игры №2471:
ID 377497472 поставил 1000000 коинов на primary и выиграл 2000000 коинов при выигрышном цвете primary
ID 457529081 поставил 8000000 коинов на primary и выиграл 16000000 коинов при выигрышном цвете primary
ID 513189999 поставил 25000 коинов на primary и выиграл 50000 коинов при выигрышном цвете primary
09:38:44 | Розыгрыш ставок для игры №2472:
ID 377497472 поставил 1600000 коинов на primary и проиграл при выигрышном цвете danger
ID 513189999 поставил 25000 коинов на primary и проиграл при выигрышном цвете danger
09:39:13 | ID 457529081 запросил вывод 53000000 коинов; VKC response code: 200
09:39:30 | Розыгрыш ставок для игры №2473:
ID 377497472 поставил 3400000 коинов на primary и проиграл при выигрышном цвете danger
ID 513189999 поставил 35000 коинов на primary и проиграл при выигрышном цвете danger
09:40:21 | ID 457529081 пополнил баланс на 2100000000 коинов
09:40:54 | Розыгрыш ставок для игры №2474:
ID 457529081 поставил 2100000 коинов на primary и выиграл 4200000 коинов при выигрышном цвете primary
09:41:53 | Розыгрыш ставок для игры №2475:
ID 457529081 поставил 4200000 коинов на primary и проиграл при выигрышном цвете danger
09:42:17 | ID 457529081 пополнил баланс на 8400000000 коинов
09:42:51 | Розыгрыш ставок для игры №2476:
ID 457529081 поставил 8400000 коинов на primary и выиграл 16800000 коинов при выигрышном цвете primary
09:51:54 | ID 588179190 пополнил баланс на 2000000 коинов
09:52:37 | Розыгрыш ставок для игры №2477:
ID 588179190 поставил 1000 коинов на primary и выиграл 2000 коинов при выигрышном цвете primary
ID 513189999 поставил 15000 коинов на primary и выиграл 30000 коинов при выигрышном цвете primary
09:53:24 | Розыгрыш ставок для игры №2478:
ID 588179190 поставил 1000 коинов на danger и выиграл 2000 коинов при выигрышном цвете danger
ID 513189999 поставил 15000 коинов на primary и проиграл при выигрышном цвете danger
09:54:09 | Розыгрыш ставок для игры №2479:
ID 588179190 поставил 1000 коинов на success и выиграл 14000 коинов при выигрышном цвете success
ID 513189999 поставил 15000 коинов на success и выиграл 210000 коинов при выигрышном цвете success
09:54:55 | Розыгрыш ставок для игры №2480:
ID 588179190 поставил 1000 коинов на danger и проиграл при выигрышном цвете primary
ID 513189999 поставил 15000 коинов на danger и проиграл при выигрышном цвете primary
09:55:38 | ID 588179190 запросил вывод 16000 коинов; VKC response code: 200
09:55:45 | Розыгрыш ставок для игры №2481:
ID 513189999 поставил 75000 коинов на primary и проиграл при выигрышном цвете danger
09:57:00 | Розыгрыш ставок для игры №2482:
ID 513189999 поставил 50000 коинов на success и проиграл при выигрышном цвете primary
09:57:52 | Розыгрыш ставок для игры №2483:
ID 513189999 поставил 40000 коинов на success и проиграл при выигрышном цвете danger
09:58:38 | Розыгрыш ставок для игры №2484:
ID 513189999 поставил 40000 коинов на primary и проиграл при выигрышном цвете success
09:59:40 | Розыгрыш ставок для игры №2485:
ID 513189999 поставил 15000 коинов на success и проиграл при выигрышном цвете danger
10:20:17 | Розыгрыш ставок для игры №2486:
ID 494915829 поставил 1000 коинов на primary и выиграл 2000 коинов при выигрышном цвете primary
10:21:12 | ID 404528261 пополнил баланс на 1000000 коинов
10:21:53 | Розыгрыш ставок для игры №2487:
ID 404528261 поставил 1000 коинов на primary и выиграл 2000 коинов при выигрышном цвете primary
ID 494915829 поставил 2000 коинов на danger и проиграл при выигрышном цвете primary
10:22:49 | Розыгрыш ставок для игры №2488:
ID 404528261 поставил 1000 коинов на success и проиграл при выигрышном цвете primary
10:23:36 | Розыгрыш ставок для игры №2489:
ID 404528261 поставил 1000 коинов на danger и выиграл 2000 коинов при выигрышном цвете danger
10:27:08 | Розыгрыш ставок для игры №2490:
ID 404528261 поставил 1000 коинов на primary и выиграл 2000 коинов при выигрышном цвете primary
10:37:06 | ID 489677842 пополнил баланс на 300000000 коинов
10:37:54 | Розыгрыш ставок для игры №2491:
ID 489677842 поставил 10000 коинов на success и проиграл при выигрышном цвете danger
10:38:37 | Розыгрыш ставок для игры №2492:
ID 489677842 поставил 50000 коинов на danger и проиграл при выигрышном цвете primary
11:00:12 | ID 478977793 пополнил баланс на 444444000 коинов
11:00:54 | Розыгрыш ставок для игры №2493:
ID 478977793 поставил 444444 коинов на primary и проиграл при выигрышном цвете danger
11:08:12 | ID 575465337 пополнил баланс на 4000000000 коинов
11:08:57 | Розыгрыш ставок для игры №2494:
ID 575465337 поставил 500000 коинов на danger и выиграл 1000000 коинов при выигрышном цвете danger
11:09:44 | Розыгрыш ставок для игры №2495:
ID 575465337 поставил 500000 коинов на primary и выиграл 1000000 коинов при выигрышном цвете primary
ID 489677842 поставил 240000 коинов на primary и выиграл 480000 коинов при выигрышном цвете primary
11:10:33 | Розыгрыш ставок для игры №2496:
ID 575465337 поставил 1000000 коинов на primary и проиграл при выигрышном цвете danger
ID 489677842 поставил 10000 коинов на primary и проиграл при выигрышном цвете danger
11:11:18 | Розыгрыш ставок для игры №2497:
ID 575465337 поставил 2000000 коинов на danger и выиграл 4000000 коинов при выигрышном цвете danger
ID 489677842 поставил 10000 коинов на success и проиграл при выигрышном цвете danger
11:12:00 | Розыгрыш ставок для игры №2498:
ID 489677842 поставил 10000 коинов на danger и проиграл при выигрышном цвете primary
ID 575465337 поставил 1000000 коинов на success и проиграл при выигрышном цвете primary
11:13:00 | Розыгрыш ставок для игры №2499:
ID 575465337 поставил 1000000 коинов на success и проиграл при выигрышном цвете primary
ID 489677842 поставил 200000 коинов на primary и выиграл 400000 коинов при выигрышном цвете primary
11:14:16 | Розыгрыш ставок для игры №2500:
ID 575465337 поставил 500000 коинов на success и проиграл при выигрышном цвете primary
ID 489677842 поставил 300000 коинов на primary и выиграл 600000 коинов при выигрышном цвете primary
11:15:00 | Розыгрыш ставок для игры №2501:
ID 575465337 поставил 500000 коинов на success и проиграл при выигрышном цвете danger
11:15:44 | Розыгрыш ставок для игры №2502:
ID 575465337 поставил 3000000 коинов на danger и выиграл 6000000 коинов при выигрышном цвете danger
ID 489677842 поставил 50000 коинов на danger и выиграл 100000 коинов при выигрышном цвете danger
11:16:36 | Розыгрыш ставок для игры №2503:
ID 575465337 поставил 2000000 коинов на primary и проиграл при выигрышном цвете danger
11:17:23 | Розыгрыш ставок для игры №2504:
ID 489677842 поставил 100000 коинов на danger и выиграл 200000 коинов при выигрышном цвете danger
11:18:12 | Розыгрыш ставок для игры №2505:
ID 575465337 поставил 3000000 коинов на primary и проиграл при выигрышном цвете danger
ID 489677842 поставил 100000 коинов на primary и проиграл при выигрышном цвете danger
11:19:29 | Розыгрыш ставок для игры №2506:
ID 489677842 поставил 100000 коинов на danger и проиграл при выигрышном цвете primary
ID 575465337 поставил 1000000 коинов на primary и выиграл 2000000 коинов при выигрышном цвете primary
11:20:16 | Розыгрыш ставок для игры №2507:
ID 575465337 поставил 1000000 коинов на primary и проиграл при выигрышном цвете danger
ID 489677842 поставил 400000 коинов на primary и проиграл при выигрышном цвете danger
11:21:00 | Розыгрыш ставок для игры №2508:
ID 489677842 поставил 400000 коинов на danger и выиграл 800000 коинов при выигрышном цвете danger
ID 575465337 поставил 1000000 коинов на primary и проиграл при выигрышном цвете danger
11:22:00 | Розыгрыш ставок для игры №2509:
ID 489677842 поставил 100000 коинов на primary и выиграл 200000 коинов при выигрышном цвете primary
11:22:46 | Розыгрыш ставок для игры №2510:
ID 489677842 поставил 100000 коинов на danger и выиграл 200000 коинов при выигрышном цвете danger
11:23:39 | Розыгрыш ставок для игры №2511:
ID 489677842 поставил 100000 коинов на danger и проиграл при выигрышном цвете primary
11:25:09 | Розыгрыш ставок для игры №2512:
ID 489677842 поставил 200000 коинов на primary и проиграл при выигрышном цвете danger
11:26:14 | Розыгрыш ставок для игры №2513:
ID 489677842 поставил 800000 коинов на primary и выиграл 1600000 коинов при выигрышном цвете primary
11:26:43 | ID 552802056 пополнил баланс на 1000000000 коинов
11:27:19 | Розыгрыш ставок для игры №2514:
ID 489677842 поставил 600000 коинов на danger и проиграл при выигрышном цвете primary
ID 552802056 поставил 1000000 коинов на danger и проиграл при выигрышном цвете primary
11:28:55 | Розыгрыш ставок для игры №2515:
ID 489677842 поставил 500000 коинов на danger и выиграл 1000000 коинов при выигрышном цвете danger
11:29:43 | Розыгрыш ставок для игры №2516:
ID 489677842 поставил 500000 коинов на primary и проиграл при выигрышном цвете danger
11:31:16 | Розыгрыш ставок для игры №2517:
ID 489677842 поставил 1000000 коинов на danger и выиграл 2000000 коинов при выигрышном цвете danger
11:34:07 | Розыгрыш ставок для игры №2518:
ID 489677842 поставил 1000000 коинов на primary и проиграл при выигрышном цвете danger
11:35:16 | Розыгрыш ставок для игры №2519:
ID 489677842 поставил 50000 коинов на danger и проиграл при выигрышном цвете primary
11:36:01 | Розыгрыш ставок для игры №2520:
ID 457529081 поставил 16800000 коинов на danger и проиграл при выигрышном цвете primary
11:36:01 | Розыгрыш ставок для игры №2521:
ID 457529081 поставил 16800000 коинов на danger и проиграл при выигрышном цвете primary
11:36:17 | ID 319124185 пополнил баланс на 75000000 коинов
11:36:53 | Розыгрыш ставок для игры №2522:
ID 319124185 поставил 5000 коинов на success и проиграл при выигрышном цвете primary
11:37:38 | Розыгрыш ставок для игры №2523:
ID 319124185 поставил 20000 коинов на danger и проиграл при выигрышном цвете primary
11:38:26 | Розыгрыш ставок для игры №2524:
ID 319124185 поставил 40000 коинов на danger и проиграл при выигрышном цвете primary
11:39:11 | Розыгрыш ставок для игры №2525:
ID 319124185 поставил 10000 коинов на danger и проиграл при выигрышном цвете primary
11:47:36 | Розыгрыш ставок для игры №2526:
ID 405115290 поставил 1300 коинов на primary и проиграл при выигрышном цвете success
11:48:29 | Розыгрыш ставок для игры №2527:
ID 405115290 поставил 59100 коинов на primary и выиграл 118200 коинов при выигрышном цвете primary
11:49:15 | Розыгрыш ставок для игры №2528:
ID 405115290 поставил 127100 коинов на danger и проиграл при выигрышном цвете primary
11:51:51 | ID 405115290 пополнил баланс на 500000000 коинов
11:53:15 | Розыгрыш ставок для игры №2529:
ID 405115290 поставил 400000 коинов на danger и выиграл 800000 коинов при выигрышном цвете danger
11:53:59 | Розыгрыш ставок для игры №2530:
ID 405115290 поставил 300000 коинов на primary и выиграл 600000 коинов при выигрышном цвете primary
11:54:44 | Розыгрыш ставок для игры №2531:
ID 405115290 поставил 400000 коинов на danger и проиграл при выигрышном цвете primary
11:55:27 | Розыгрыш ставок для игры №2532:
ID 405115290 поставил 800000 коинов на danger и выиграл 1600000 коинов при выигрышном цвете danger
11:56:33 | Розыгрыш ставок для игры №2533:
ID 405115290 поставил 600000 коинов на danger и проиграл при выигрышном цвете primary
11:57:25 | Розыгрыш ставок для игры №2534:
ID 405115290 поставил 1000000 коинов на danger и проиграл при выигрышном цвете primary
11:57:57 | ID 405115290 пополнил баланс на 500000000 коинов
11:58:04 | ID 563129924 пополнил баланс на 20000000000 коинов
11:58:08 | ID 462524635 пополнил баланс на 500000 коинов
11:58:33 | Розыгрыш ставок для игры №2535:
ID 405115290 поставил 100000 коинов на danger и проиграл при выигрышном цвете primary
ID 563129924 поставил 20000000 коинов на danger и проиграл при выигрышном цвете primary
11:58:55 | ID 563129924 пополнил баланс на 20000000000 коинов
11:59:20 | Розыгрыш ставок для игры №2536:
ID 592912659 поставил 1000 коинов на danger и выиграл 2000 коинов при выигрышном цвете danger
ID 405115290 поставил 400000 коинов на primary и проиграл при выигрышном цвете danger
ID 563129924 поставил 20000000 коинов на danger и выиграл 40000000 коинов при выигрышном цвете danger
11:59:27 | ID 405115290 пополнил баланс на 500000000 коинов
12:00:17 | Розыгрыш ставок для игры №2537:
ID 563129924 поставил 20000000 коинов на primary и проиграл при выигрышном цвете danger
ID 405115290 поставил 500000 коинов на primary и проиграл при выигрышном цвете danger
12:01:03 | Розыгрыш ставок для игры №2538:
ID 563129924 поставил 20000000 коинов на primary и проиграл при выигрышном цвете danger
12:06:34 | ID 455923236 запросил вывод 1126000 коинов; VKC response code: 200
13:22:46 | ID 290230102 пополнил баланс на 550000000 коинов
13:23:20 | Розыгрыш ставок для игры №2539:
ID 290230102 поставил 550000 коинов на danger и проиграл при выигрышном цвете primary
13:39:16 | Розыгрыш ставок для игры №2540:
ID 404528261 поставил 1000 коинов на primary и проиграл при выигрышном цвете success
17:03:58 | ID 516303813 пополнил баланс на 40000000000 коинов
17:04:34 | Розыгрыш ставок для игры №2541:
ID 516303813 поставил 1000 коинов на danger и выиграл 2000 коинов при выигрышном цвете danger
17:04:55 | ID 516303813 пополнил баланс на 160000000000 коинов
17:05:16 | Розыгрыш ставок для игры №2542:
ID 516303813 поставил 200002000 коинов на danger и выиграл 400004000 коинов при выигрышном цвете danger
17:09:43 | ID 516303813 запросил вывод 400000000 коинов; VKC response code: 200
17:09:45 | Розыгрыш ставок для игры №2543:
ID 306057589 поставил 2371240 коинов на primary и проиграл при выигрышном цвете success
ID 516303813 поставил 4000 коинов на primary и проиграл при выигрышном цвете success
18:27:10 | Розыгрыш ставок для игры №2544:
ID 587176074 поставил 1000 коинов на primary и выиграл 2000 коинов при выигрышном цвете primary
18:28:01 | Розыгрыш ставок для игры №2545:
ID 587176074 поставил 1000 коинов на success и выиграл 14000 коинов при выигрышном цвете success
18:28:01 | Розыгрыш ставок для игры №2546:
ID 587176074 поставил 1000 коинов на success и проиграл при выигрышном цвете primary
18:30:12 | ID 273663450 пополнил баланс на 1900000000 коинов
18:30:53 | Розыгрыш ставок для игры №2547:
ID 273663450 поставил 900000 коинов на danger и проиграл при выигрышном цвете primary
18:31:41 | Розыгрыш ставок для игры №2548:
ID 273663450 поставил 1000000 коинов на danger и выиграл 2000000 коинов при выигрышном цвете danger
18:32:32 | Розыгрыш ставок для игры №2549:
ID 273663450 поставил 2000000 коинов на danger и выиграл 4000000 коинов при выигрышном цвете danger
18:32:52 | ID 273663450 запросил вывод 4000000 коинов; VKC response code: 200
18:33:35 | ID 495888271 пополнил баланс на 1000 коинов
18:34:05 | ID 495888271 пополнил баланс на 10000000 коинов
18:34:25 | ID 224690421 пополнил баланс на 844000000 коинов
18:34:45 | Розыгрыш ставок для игры №2550:
ID 495888271 поставил 8192 коинов на danger и проиграл при выигрышном цвете success
ID 224690421 поставил 422000 коинов на primary и проиграл при выигрышном цвете success
18:35:28 | Розыгрыш ставок для игры №2551:
ID 224690421 поставил 422000 коинов на primary и проиграл при выигрышном цвете danger
ID 495888271 поставил 1809 коинов на success и проиграл при выигрышном цвете danger
18:43:02 | ID 273663450 пополнил баланс на 800000000 коинов
18:43:40 | Розыгрыш ставок для игры №2552:
ID 273663450 поставил 800000 коинов на primary и проиграл при выигрышном цвете danger
18:44:14 | ID 273663450 пополнил баланс на 3000000000 коинов
18:44:50 | Розыгрыш ставок для игры №2553:
ID 273663450 поставил 2000000 коинов на primary и проиграл при выигрышном цвете danger
18:46:15 | Розыгрыш ставок для игры №2554:
ID 273663450 поставил 1000000 коинов на primary и проиграл при выигрышном цвете success
19:01:28 | ID 422844755 пополнил баланс на 200000000 коинов
19:02:12 | Розыгрыш ставок для игры №2555:
ID 422844755 поставил 200000 коинов на danger и проиграл при выигрышном цвете primary
19:02:17 | ID 422844755 пополнил баланс на 800000000 коинов
19:03:01 | Розыгрыш ставок для игры №2556:
ID 422844755 поставил 800000 коинов на danger и проиграл при выигрышном цвете primary
19:03:49 | ID 487019891 пополнил баланс на 1000000 коинов
19:03:54 | ID 487019891 пополнил баланс на 1000000 коинов
19:04:36 | Розыгрыш ставок для игры №2557:
ID 487019891 поставил 2000 коинов на success и проиграл при выигрышном цвете primary
19:06:06 | Розыгрыш ставок для игры №2558:
ID 317113903 поставил 1000 коинов на success и проиграл при выигрышном цвете danger
19:09:17 | ID 289138198 пополнил баланс на 3000 коинов
19:10:31 | ID 289138198 пополнил баланс на 16000 коинов
19:28:09 | ID 462524635 пополнил баланс на 722000 коинов
19:28:53 | Розыгрыш ставок для игры №2559:
ID 462524635 поставил 1222 коинов на primary и проиграл при выигрышном цвете danger
19:43:15 | ID 277755618 пополнил баланс на 5000000000 коинов
19:43:54 | Розыгрыш ставок для игры №2560:
ID 277755618 поставил 5000000 коинов на primary и проиграл при выигрышном цвете danger
19:56:25 | ID 487019891 пополнил баланс на 1249200 коинов
19:56:35 | ID 487019891 пополнил баланс на 785 коинов
19:57:21 | Розыгрыш ставок для игры №2561:
ID 487019891 поставил 1250 коинов на danger и выиграл 2500 коинов при выигрышном цвете danger
19:58:09 | Розыгрыш ставок для игры №2562:
ID 487019891 поставил 2500 коинов на danger и проиграл при выигрышном цвете primary
20:40:35 | ID 528777673 пополнил баланс на 33333000 коинов
20:41:28 | Розыгрыш ставок для игры №2563:
ID 528777673 поставил 11111 коинов на success и проиграл при выигрышном цвете danger
20:42:12 | Розыгрыш ставок для игры №2564:
ID 528777673 поставил 11111 коинов на danger и выиграл 22222 коинов при выигрышном цвете danger
20:42:57 | Розыгрыш ставок для игры №2565:
ID 528777673 поставил 11111 коинов на primary и проиграл при выигрышном цвете danger
20:43:43 | Розыгрыш ставок для игры №2566:
ID 528777673 поставил 2222 коинов на success и проиграл при выигрышном цвете primary
20:44:33 | Розыгрыш ставок для игры №2567:
ID 528777673 поставил 1000 коинов на success и проиграл при выигрышном цвете danger
20:49:37 | Розыгрыш ставок для игры №2568:
ID 317113903 поставил 9999000 коинов на danger и проиграл при выигрышном цвете primary
20:50:23 | Розыгрыш ставок для игры №2569:
ID 317113903 поставил 30000000 коинов на danger и проиграл при выигрышном цвете primary
20:51:05 | Розыгрыш ставок для игры №2570:
ID 317113903 поставил 50000000 коинов на danger и выиграл 100000000 коинов при выигрышном цвете danger
20:55:57 | ID 405115290 пополнил баланс на 100000000 коинов
20:56:31 | Розыгрыш ставок для игры №2571:
ID 405115290 поставил 10000 коинов на primary и проиграл при выигрышном цвете danger
20:57:16 | Розыгрыш ставок для игры №2572:
ID 405115290 поставил 90000 коинов на primary и выиграл 180000 коинов при выигрышном цвете primary
20:58:17 | Розыгрыш ставок для игры №2573:
ID 405115290 поставил 30000 коинов на danger и проиграл при выигрышном цвете primary
20:59:31 | Розыгрыш ставок для игры №2574:
ID 405115290 поставил 90000 коинов на danger и выиграл 180000 коинов при выигрышном цвете danger
21:00:18 | Розыгрыш ставок для игры №2575:
ID 405115290 поставил 30000 коинов на danger и выиграл 60000 коинов при выигрышном цвете danger
21:01:07 | Розыгрыш ставок для игры №2576:
ID 489677842 поставил 50000 коинов на primary и выиграл 100000 коинов при выигрышном цвете primary
ID 405115290 поставил 60000 коинов на danger и проиграл при выигрышном цвете primary
21:02:03 | Розыгрыш ставок для игры №2577:
ID 489677842 поставил 100000 коинов на primary и выиграл 200000 коинов при выигрышном цвете primary
21:02:49 | Розыгрыш ставок для игры №2578:
ID 405115290 поставил 160000 коинов на danger и выиграл 320000 коинов при выигрышном цвете danger
21:03:46 | Розыгрыш ставок для игры №2579:
ID 489677842 поставил 200000 коинов на danger и выиграл 400000 коинов при выигрышном цвете danger
21:04:32 | Розыгрыш ставок для игры №2580:
ID 405115290 поставил 160000 коинов на primary и проиграл при выигрышном цвете danger
21:05:28 | Розыгрыш ставок для игры №2581:
ID 405115290 поставил 213500 коинов на danger и проиграл при выигрышном цвете primary
21:06:18 | ID 405115290 пополнил баланс на 1000000000 коинов
21:06:54 | Розыгрыш ставок для игры №2582:
ID 405115290 поставил 1000000 коинов на primary и выиграл 2000000 коинов при выигрышном цвете primary
21:09:49 | Розыгрыш ставок для игры №2583:
ID 405115290 поставил 100000 коинов на primary и выиграл 200000 коинов при выигрышном цвете primary
21:11:38 | Розыгрыш ставок для игры №2584:
ID 405115290 поставил 100000 коинов на danger и выиграл 200000 коинов при выигрышном цвете danger
21:12:20 | Розыгрыш ставок для игры №2585:
ID 405115290 поставил 200000 коинов на danger и выиграл 400000 коинов при выигрышном цвете danger
21:13:04 | Розыгрыш ставок для игры №2586:
ID 405115290 поставил 400000 коинов на primary и проиграл при выигрышном цвете danger
21:14:01 | Розыгрыш ставок для игры №2587:
ID 405115290 поставил 1000000 коинов на danger и проиграл при выигрышном цвете primary
21:14:01 | Розыгрыш ставок для игры №2588:
ID 405115290 поставил 1000000 коинов на danger и проиграл при выигрышном цвете success
21:14:45 | Розыгрыш ставок для игры №2589:
ID 405115290 поставил 1000000 коинов на danger и проиграл при выигрышном цвете primary
21:42:04 | ID 467534287 пополнил баланс на 50000000 коинов
21:42:43 | Розыгрыш ставок для игры №2590:
ID 467534287 поставил 25000 коинов на primary и проиграл при выигрышном цвете success
21:43:42 | Розыгрыш ставок для игры №2591:
ID 467534287 поставил 10000 коинов на danger и выиграл 20000 коинов при выигрышном цвете danger
21:44:31 | Розыгрыш ставок для игры №2592:
ID 467534287 поставил 10000 коинов на success и проиграл при выигрышном цвете primary
21:45:57 | Розыгрыш ставок для игры №2593:
ID 467534287 поставил 20000 коинов на success и проиграл при выигрышном цвете primary
22:20:36 | ID 521855687 пополнил баланс на 900000 коинов
22:26:05 | ID 348921921 пополнил баланс на 10000000 коинов
22:26:48 | Розыгрыш ставок для игры №2594:
ID 348921921 поставил 1000 коинов на primary и выиграл 2000 коинов при выигрышном цвете primary
22:27:40 | Розыгрыш ставок для игры №2595:
ID 348921921 поставил 1000 коинов на danger и выиграл 2000 коинов при выигрышном цвете danger
22:28:34 | Розыгрыш ставок для игры №2596:
ID 348921921 поставил 1000 коинов на danger и выиграл 2000 коинов при выигрышном цвете danger
22:31:59 | Розыгрыш ставок для игры №2597:
ID 348921921 поставил 1000 коинов на success и проиграл при выигрышном цвете danger
22:32:45 | Розыгрыш ставок для игры №2598:
ID 348921921 поставил 1000 коинов на primary и проиграл при выигрышном цвете danger
22:37:08 | ID 421934402 пополнил баланс на 749000 коинов
22:54:16 | ID 487019891 пополнил баланс на 1050000 коинов
22:54:52 | Розыгрыш ставок для игры №2599:
ID 487019891 поставил 1050 коинов на primary и выиграл 2100 коинов при выигрышном цвете primary
22:55:48 | Розыгрыш ставок для игры №2600:
ID 487019891 поставил 2100 коинов на primary и проиграл при выигрышном цвете danger
22:56:19 | ID 467540607 пополнил баланс на 160000000 коинов
22:56:19 | ID 569149128 пополнил баланс на 1800000000 коинов
22:56:34 | ID 569149128 пополнил баланс на 14000000 коинов
22:56:34 | ID 485923768 пополнил баланс на 315000000 коинов
22:56:39 | ID 421934402 пополнил баланс на 200000000 коинов
22:56:44 | ID 569149128 пополнил баланс на 86000000 коинов
22:57:07 | Розыгрыш ставок для игры №2601:
ID 467540607 поставил 161000 коинов на danger и выиграл 322000 коинов при выигрышном цвете danger
ID 421934402 поставил 50749 коинов на primary и проиграл при выигрышном цвете danger
ID 485923768 поставил 315000 коинов на primary и проиграл при выигрышном цвете danger
22:57:54 | Розыгрыш ставок для игры №2602:
ID 569149128 поставил 250000 коинов на primary и проиграл при выигрышном цвете danger
ID 421934402 поставил 140000 коинов на primary и проиграл при выигрышном цвете danger
22:58:44 | Розыгрыш ставок для игры №2603:
ID 421934402 поставил 10000 коинов на success и проиграл при выигрышном цвете primary
ID 569149128 поставил 650000 коинов на primary и выиграл 1300000 коинов при выигрышном цвете primary
ID 467540607 поставил 322000 коинов на primary и выиграл 644000 коинов при выигрышном цвете primary
22:59:37 | Розыгрыш ставок для игры №2604:
ID 467540607 поставил 150000 коинов на danger и выиграл 300000 коинов при выигрышном цвете danger
ID 569149128 поставил 250000 коинов на danger и выиграл 500000 коинов при выигрышном цвете danger
23:00:26 | Розыгрыш ставок для игры №2605:
ID 467540607 поставил 150000 коинов на primary и выиграл 300000 коинов при выигрышном цвете primary
23:01:11 | Розыгрыш ставок для игры №2606:
ID 569149128 поставил 250000 коинов на danger и выиграл 500000 коинов при выигрышном цвете danger
ID 467540607 поставил 56000 коинов на danger и выиграл 112000 коинов при выигрышном цвете danger
23:02:33 | Розыгрыш ставок для игры №2607:
ID 467540607 поставил 200000 коинов на primary и проиграл при выигрышном цвете danger
ID 569149128 поставил 250000 коинов на primary и проиграл при выигрышном цвете danger
23:03:21 | Розыгрыш ставок для игры №2608:
ID 569149128 поставил 750000 коинов на primary и проиграл при выигрышном цвете danger
ID 467540607 поставил 800000 коинов на primary и проиграл при выигрышном цвете danger
23:04:07 | Розыгрыш ставок для игры №2609:
ID 569149128 поставил 1800000 коинов на primary и проиграл при выигрышном цвете danger
ID 348921921 поставил 2000 коинов на danger и выиграл 4000 коинов при выигрышном цвете danger
23:04:53 | Розыгрыш ставок для игры №2610:
ID 348921921 поставил 2000 коинов на success и проиграл при выигрышном цвете primary
23:05:35 | Розыгрыш ставок для игры №2611:
ID 348921921 поставил 2000 коинов на success и выиграл 28000 коинов при выигрышном цвете success
23:06:24 | Розыгрыш ставок для игры №2612:
ID 348921921 поставил 5000 коинов на primary и проиграл при выигрышном цвете danger
23:06:48 | ID 325160784 пополнил баланс на 100000000 коинов
23:07:06 | Розыгрыш ставок для игры №2613:
ID 348921921 поставил 10000 коинов на danger и выиграл 20000 коинов при выигрышном цвете danger
ID 325160784 поставил 5000 коинов на primary и проиграл при выигрышном цвете danger
23:07:55 | Розыгрыш ставок для игры №2614:
ID 348921921 поставил 3000 коинов на success и проиграл при выигрышном цвете danger
ID 325160784 поставил 15000 коинов на primary и проиграл при выигрышном цвете danger
23:08:39 | Розыгрыш ставок для игры №2615:
ID 348921921 поставил 20000 коинов на primary и проиграл при выигрышном цвете danger
ID 569996376 поставил 1000 коинов на danger и выиграл 2000 коинов при выигрышном цвете danger
ID 325160784 поставил 30000 коинов на primary и проиграл при выигрышном цвете danger
23:09:24 | Розыгрыш ставок для игры №2616:
ID 348921921 поставил 19000 коинов на primary и проиграл при выигрышном цвете danger
ID 569996376 поставил 2000 коинов на primary и проиграл при выигрышном цвете danger
23:10:07 | ID 348921921 пополнил баланс на 300000000 коинов
23:10:20 | Розыгрыш ставок для игры №2617:
ID 325160784 поставил 50030 коинов на primary и проиграл при выигрышном цвете danger
23:11:09 | Розыгрыш ставок для игры №2618:
ID 348921921 поставил 5000 коинов на success и проиграл при выигрышном цвете primary
23:11:52 | Розыгрыш ставок для игры №2619:
ID 348921921 поставил 43000 коинов на primary и выиграл 86000 коинов при выигрышном цвете primary
23:12:55 | Розыгрыш ставок для игры №2620:
ID 348921921 поставил 70000 коинов на primary и выиграл 140000 коинов при выигрышном цвете primary
23:13:47 | Розыгрыш ставок для игры №2621:
ID 348921921 поставил 50000 коинов на primary и выиграл 100000 коинов при выигрышном цвете primary
23:14:51 | Розыгрыш ставок для игры №2622:
ID 348921921 поставил 100000 коинов на danger и проиграл при выигрышном цвете primary
23:16:03 | Розыгрыш ставок для игры №2623:
ID 348921921 поставил 70000 коинов на primary и выиграл 140000 коинов при выигрышном цвете primary
23:16:50 | Розыгрыш ставок для игры №2624:
ID 348921921 поставил 30000 коинов на danger и выиграл 60000 коинов при выигрышном цвете danger
23:17:40 | Розыгрыш ставок для игры №2625:
ID 348921921 поставил 40000 коинов на danger и проиграл при выигрышном цвете primary
23:18:34 | Розыгрыш ставок для игры №2626:
ID 348921921 поставил 70000 коинов на primary и проиграл при выигрышном цвете danger
23:19:20 | Розыгрыш ставок для игры №2627:
ID 348921921 поставил 30000 коинов на success и проиграл при выигрышном цвете primary
23:20:03 | Розыгрыш ставок для игры №2628:
ID 348921921 поставил 20000 коинов на success и проиграл при выигрышном цвете danger
23:20:03 | Розыгрыш ставок для игры №2629:
ID 348921921 поставил 20000 коинов на success и проиграл при выигрышном цвете danger
23:20:20 | ID 569996376 пополнил баланс на 500000000 коинов
23:20:59 | Розыгрыш ставок для игры №2630:
ID 569996376 поставил 200000 коинов на danger и выиграл 400000 коинов при выигрышном цвете danger
23:21:55 | Розыгрыш ставок для игры №2631:
ID 569996376 поставил 500000 коинов на primary и выиграл 1000000 коинов при выигрышном цвете primary
ID 348921921 поставил 10000 коинов на danger и проиграл при выигрышном цвете primary
23:22:19 | ID 569996376 запросил вывод 10 коинов; VKC response code: 200
23:22:32 | ID 569996376 запросил вывод 999990 коинов; VKC response code: 200
23:22:58 | Розыгрыш ставок для игры №2632:
ID 348921921 поставил 120000 коинов на danger и проиграл при выигрышном цвете primary
ID 569996376 поставил 100000 коинов на success и проиграл при выигрышном цвете primary
23:23:49 | Розыгрыш ставок для игры №2633:
ID 569996376 поставил 100000 коинов на danger и выиграл 200000 коинов при выигрышном цвете danger
ID 348921921 поставил 110000 коинов на danger и выиграл 220000 коинов при выигрышном цвете danger
23:24:46 | Розыгрыш ставок для игры №2634:
ID 348921921 поставил 10000 коинов на success и проиграл при выигрышном цвете danger
ID 569996376 поставил 200000 коинов на danger и выиграл 400000 коинов при выигрышном цвете danger
23:25:45 | ID 534232507 пополнил баланс на 60000000 коинов
23:26:01 | Розыгрыш ставок для игры №2635:
ID 348921921 поставил 40000 коинов на primary и проиграл при выигрышном цвете danger
ID 569996376 поставил 400000 коинов на danger и выиграл 800000 коинов при выигрышном цвете danger
ID 534232507 поставил 60000 коинов на primary и проиграл при выигрышном цвете danger
23:26:23 | ID 534232507 пополнил баланс на 900000000 коинов
23:27:00 | Розыгрыш ставок для игры №2636:
ID 325160784 поставил 16000 коинов на danger и проиграл при выигрышном цвете success
ID 534232507 поставил 900000 коинов на primary и проиграл при выигрышном цвете success
ID 348921921 поставил 140000 коинов на primary и проиграл при выигрышном цвете success
ID 569996376 поставил 300000 коинов на danger и проиграл при выигрышном цвете success
23:27:22 | ID 534232507 пополнил баланс на 2000000000 коинов
23:27:57 | Розыгрыш ставок для игры №2637:
ID 325160784 поставил 3000 коинов на danger и выиграл 6000 коинов при выигрышном цвете danger
ID 348921921 поставил 85000 коинов на danger и выиграл 170000 коинов при выигрышном цвете danger
ID 569996376 поставил 250000 коинов на primary и проиграл при выигрышном цвете danger
23:28:39 | Розыгрыш ставок для игры №2638:
ID 534232507 поставил 2000000 коинов на primary и проиграл при выигрышном цвете danger
ID 569996376 поставил 250000 коинов на primary и проиграл при выигрышном цвете danger
ID 325160784 поставил 8500 коинов на primary и проиграл при выигрышном цвете danger
ID 348921921 поставил 30000 коинов на danger и выиграл 60000 коинов при выигрышном цвете danger
23:29:09 | ID 534232507 пополнил баланс на 8000000000 коинов
23:29:24 | Розыгрыш ставок для игры №2639:
ID 325160784 поставил 2500 коинов на success и проиграл при выигрышном цвете danger
ID 348921921 поставил 105000 коинов на primary и проиграл при выигрышном цвете danger
ID 534232507 поставил 3000000 коинов на primary и проиграл при выигрышном цвете danger
23:30:05 | Розыгрыш ставок для игры №2640:
ID 534232507 поставил 5000000 коинов на primary и проиграл при выигрышном цвете danger
ID 348921921 поставил 95000 коинов на primary и проиграл при выигрышном цвете danger
23:30:59 | Розыгрыш ставок для игры №2641:
ID 348921921 поставил 2000 коинов на success и проиграл при выигрышном цвете danger
23:31:08 | ID 348921921 пополнил баланс на 90000000 коинов
23:32:55 | Розыгрыш ставок для игры №2642:
ID 348921921 поставил 90000 коинов на danger и выиграл 180000 коинов при выигрышном цвете danger
23:35:05 | Розыгрыш ставок для игры №2643:
ID 348921921 поставил 10000 коинов на primary и выиграл 20000 коинов при выигрышном цвете primary
23:36:45 | Розыгрыш ставок для игры №2644:
ID 348921921 поставил 16000 коинов на primary и проиграл при выигрышном цвете danger
23:37:49 | Розыгрыш ставок для игры №2645:
ID 348921921 поставил 116000 коинов на danger и проиграл при выигрышном цвете primary
23:38:15 | ID 388948203 пополнил баланс на 800000000 коинов
23:38:43 | Розыгрыш ставок для игры №2646:
ID 348921921 поставил 58000 коинов на danger и проиграл при выигрышном цвете primary
ID 388948203 поставил 150000 коинов на danger и проиграл при выигрышном цвете primary
23:39:27 | Розыгрыш ставок для игры №2647:
ID 388948203 поставил 150000 коинов на danger и проиграл при выигрышном цвете primary
ID 348921921 поставил 1000 коинов на danger и проиграл при выигрышном цвете primary
23:40:11 | Розыгрыш ставок для игры №2648:
ID 388948203 поставил 200000 коинов на primary и выиграл 400000 коинов при выигрышном цвете primary
23:41:30 | Розыгрыш ставок для игры №2649:
ID 388948203 поставил 150000 коинов на danger и проиграл при выигрышном цвете primary
23:42:29 | Розыгрыш ставок для игры №2650:
ID 388948203 поставил 250000 коинов на primary и проиграл при выигрышном цвете danger
23:43:16 | Розыгрыш ставок для игры №2651:
ID 388948203 поставил 300000 коинов на primary и выиграл 600000 коинов при выигрышном цвете primary
23:44:29 | Розыгрыш ставок для игры №2652:
ID 388948203 поставил 200000 коинов на primary и проиграл при выигрышном цвете danger
23:45:15 | Розыгрыш ставок для игры №2653:
ID 388948203 поставил 300000 коинов на primary и выиграл 600000 коинов при выигрышном цвете primary
23:46:02 | Розыгрыш ставок для игры №2654:
ID 388948203 поставил 200000 коинов на primary и проиграл при выигрышном цвете success
23:46:02 | Розыгрыш ставок для игры №2655:
ID 388948203 поставил 200000 коинов на primary и проиграл при выигрышном цвете danger
23:46:48 | Розыгрыш ставок для игры №2656:
ID 388948203 поставил 300000 коинов на primary и проиграл при выигрышном цвете danger
23:47:31 | Розыгрыш ставок для игры №2657:
ID 388948203 поставил 200000 коинов на primary и проиграл при выигрышном цвете danger