
00:26:12 | ID 272263467 запросил вывод 1000 коинов; VKC response code: 200
01:54:18 | ID 563182742 пополнил баланс на 1000000000 коинов
01:55:02 | Розыгрыш ставок для игры №9378:
ID 563182742 поставил 250000 коинов на danger и проиграл при выигрышном цвете success
01:55:45 | Розыгрыш ставок для игры №9379:
ID 563182742 поставил 250000 коинов на success и проиграл при выигрышном цвете danger
01:56:29 | Розыгрыш ставок для игры №9380:
ID 563182742 поставил 250000 коинов на success и проиграл при выигрышном цвете primary
01:57:25 | Розыгрыш ставок для игры №9381:
ID 563182742 поставил 250000 коинов на success и выиграл 625000 коинов при выигрышном цвете success
01:58:30 | Розыгрыш ставок для игры №9382:
ID 563182742 поставил 125000 коинов на success и выиграл 312500 коинов при выигрышном цвете success
01:59:47 | Розыгрыш ставок для игры №9383:
ID 563182742 поставил 250000 коинов на primary и выиграл 375000 коинов при выигрышном цвете primary
02:00:46 | Розыгрыш ставок для игры №9384:
ID 563182742 поставил 125000 коинов на danger и проиграл при выигрышном цвете primary
02:01:33 | Розыгрыш ставок для игры №9385:
ID 563182742 поставил 250000 коинов на danger и проиграл при выигрышном цвете primary
02:02:19 | Розыгрыш ставок для игры №9386:
ID 563182742 поставил 250000 коинов на danger и выиграл 1125000 коинов при выигрышном цвете danger
02:02:53 | ID 563182742 пополнил баланс на 100000000 коинов
02:03:46 | Розыгрыш ставок для игры №9387:
ID 563182742 поставил 125000 коинов на danger и проиграл при выигрышном цвете primary
02:04:29 | Розыгрыш ставок для игры №9388:
ID 563182742 поставил 125000 коинов на primary и выиграл 187500 коинов при выигрышном цвете primary
02:05:22 | Розыгрыш ставок для игры №9389:
ID 563182742 поставил 125000 коинов на success и выиграл 312500 коинов при выигрышном цвете success
02:06:13 | Розыгрыш ставок для игры №9390:
ID 563182742 поставил 125000 коинов на success и проиграл при выигрышном цвете primary
02:06:38 | ID 563182742 запросил вывод 1537500 коинов; VKC response code: 200
02:46:02 | Розыгрыш ставок для игры №9391:
ID 520450578 поставил 1000 коинов на danger и выиграл 4500 коинов при выигрышном цвете danger
02:47:42 | Розыгрыш ставок для игры №9392:
ID 520450578 поставил 4500 коинов на primary и проиграл при выигрышном цвете danger
02:54:10 | ID 520450578 пополнил баланс на 139000000 коинов
02:55:19 | Розыгрыш ставок для игры №9393:
ID 520450578 поставил 10000 коинов на danger и выиграл 45000 коинов при выигрышном цвете danger
02:56:18 | Розыгрыш ставок для игры №9394:
ID 520450578 поставил 10000 коинов на danger и проиграл при выигрышном цвете primary
02:56:32 | ID 563182742 пополнил баланс на 600000 коинов
02:57:11 | Розыгрыш ставок для игры №9395:
ID 520450578 поставил 25000 коинов на danger и проиграл при выигрышном цвете primary
02:58:00 | Розыгрыш ставок для игры №9396:
ID 563182742 поставил 1000 коинов на success и выиграл 2500 коинов при выигрышном цвете success
ID 520450578 поставил 30000 коинов на danger и проиграл при выигрышном цвете success
02:58:59 | Розыгрыш ставок для игры №9397:
ID 520450578 поставил 35000 коинов на danger и проиграл при выигрышном цвете primary
02:59:48 | Розыгрыш ставок для игры №9398:
ID 563182742 поставил 1000 коинов на danger и проиграл при выигрышном цвете primary
ID 520450578 поставил 74000 коинов на danger и проиграл при выигрышном цвете primary
03:00:58 | Розыгрыш ставок для игры №9399:
ID 563182742 поставил 1000 коинов на danger и проиграл при выигрышном цвете primary
03:01:42 | Розыгрыш ставок для игры №9400:
ID 563182742 поставил 1000 коинов на danger и проиграл при выигрышном цвете primary
03:02:06 | ID 563182742 пополнил баланс на 5000 коинов
03:02:41 | Розыгрыш ставок для игры №9401:
ID 563182742 поставил 1000 коинов на danger и проиграл при выигрышном цвете primary
06:44:24 | Розыгрыш ставок для игры №9402:
ID 479918273 поставил 4500 коинов на danger и проиграл при выигрышном цвете primary
09:51:30 | Розыгрыш ставок для игры №9403:
ID 582519289 поставил 1000 коинов на danger и выиграл 4500 коинов при выигрышном цвете danger
09:52:20 | Розыгрыш ставок для игры №9404:
ID 582519289 поставил 4500 коинов на success и выиграл 11250 коинов при выигрышном цвете success
09:54:44 | Розыгрыш ставок для игры №9405:
ID 582519289 поставил 11250 коинов на primary и проиграл при выигрышном цвете success
11:23:37 | ID 446119308 пополнил баланс на 1000000 коинов
11:24:21 | Розыгрыш ставок для игры №9406:
ID 446119308 поставил 1000 коинов на success и выиграл 2500 коинов при выигрышном цвете success
11:25:05 | Розыгрыш ставок для игры №9407:
ID 446119308 поставил 1000 коинов на primary и выиграл 1500 коинов при выигрышном цвете primary
11:25:23 | ID 446119308 запросил вывод 3000 коинов; VKC response code: 200
11:44:24 | ID 205453542 пополнил баланс на 10000000 коинов
11:44:38 | Розыгрыш ставок для игры №9408:
ID 205453542 поставил 20000 коинов на success и проиграл при выигрышном цвете primary
15:23:46 | ID 491264677 пополнил баланс на 1700000 коинов
15:24:23 | Розыгрыш ставок для игры №9409:
ID 491264677 поставил 1700 коинов на danger и проиграл при выигрышном цвете success
15:48:20 | Розыгрыш ставок для игры №9410:
ID 465094197 поставил 4000 коинов на primary и проиграл при выигрышном цвете danger
15:55:17 | ID 596887112 пополнил баланс на 4000000000 коинов
15:55:53 | Розыгрыш ставок для игры №9411:
ID 596887112 поставил 1000000 коинов на success и выиграл 2500000 коинов при выигрышном цвете success
15:56:14 | ID 596887112 запросил вывод 5500000 коинов; VKC response code: 200
17:03:46 | ID 510011575 пополнил баланс на 30000000 коинов
17:06:59 | Розыгрыш ставок для игры №9412:
ID 510011575 поставил 2000 коинов на primary и проиграл при выигрышном цвете danger
17:07:43 | Розыгрыш ставок для игры №9413:
ID 510011575 поставил 3000 коинов на danger и выиграл 13500 коинов при выигрышном цвете danger
17:08:35 | Розыгрыш ставок для игры №9414:
ID 510011575 поставил 8000 коинов на success и проиграл при выигрышном цвете primary
17:09:27 | Розыгрыш ставок для игры №9415:
ID 510011575 поставил 1000 коинов на primary и проиграл при выигрышном цвете danger
17:10:12 | Розыгрыш ставок для игры №9416:
ID 510011575 поставил 1000 коинов на success и выиграл 2500 коинов при выигрышном цвете success
17:12:21 | Розыгрыш ставок для игры №9417:
ID 510011575 поставил 5000 коинов на primary и выиграл 7500 коинов при выигрышном цвете primary
17:13:06 | Розыгрыш ставок для игры №9418:
ID 510011575 поставил 5000 коинов на danger и проиграл при выигрышном цвете primary
17:13:52 | Розыгрыш ставок для игры №9419:
ID 510011575 поставил 10000 коинов на danger и проиграл при выигрышном цвете primary
17:14:49 | Розыгрыш ставок для игры №9420:
ID 510011575 поставил 18500 коинов на danger и выиграл 83250 коинов при выигрышном цвете danger
17:15:41 | Розыгрыш ставок для игры №9421:
ID 510011575 поставил 5000 коинов на success и проиграл при выигрышном цвете primary
17:16:26 | Розыгрыш ставок для игры №9422:
ID 510011575 поставил 10000 коинов на success и проиграл при выигрышном цвете primary
17:17:10 | Розыгрыш ставок для игры №9423:
ID 510011575 поставил 10000 коинов на danger и проиграл при выигрышном цвете success
17:17:55 | Розыгрыш ставок для игры №9424:
ID 510011575 поставил 20000 коинов на danger и проиграл при выигрышном цвете primary
17:19:17 | Розыгрыш ставок для игры №9425:
ID 510011575 поставил 38250 коинов на danger и проиграл при выигрышном цвете primary
18:37:37 | ID 596887112 пополнил баланс на 3200000000 коинов
18:38:46 | Розыгрыш ставок для игры №9426:
ID 596887112 поставил 800000 коинов на danger и проиграл при выигрышном цвете success
18:39:28 | Розыгрыш ставок для игры №9427:
ID 596887112 поставил 800000 коинов на danger и проиграл при выигрышном цвете success
18:39:37 | ID 555138377 пополнил баланс на 331000 коинов
18:40:10 | Розыгрыш ставок для игры №9428:
ID 596887112 поставил 800000 коинов на danger и проиграл при выигрышном цвете primary
18:40:51 | Розыгрыш ставок для игры №9429:
ID 596887112 поставил 800000 коинов на danger и проиграл при выигрышном цвете success
19:23:35 | ID 340418264 пополнил баланс на 2350000000 коинов
19:24:17 | Розыгрыш ставок для игры №9430:
ID 340418264 поставил 10000 коинов на success и проиграл при выигрышном цвете primary
19:25:01 | Розыгрыш ставок для игры №9431:
ID 340418264 поставил 20000 коинов на success и проиграл при выигрышном цвете primary
19:25:01 | Розыгрыш ставок для игры №9432:
ID 340418264 поставил 20000 коинов на success и выиграл 50000 коинов при выигрышном цвете success
19:26:38 | Розыгрыш ставок для игры №9433:
ID 340418264 поставил 20000 коинов на success и проиграл при выигрышном цвете primary
19:27:43 | Розыгрыш ставок для игры №9434:
ID 340418264 поставил 40000 коинов на success и проиграл при выигрышном цвете danger
19:29:04 | Розыгрыш ставок для игры №9435:
ID 340418264 поставил 80000 коинов на success и проиграл при выигрышном цвете primary
19:29:49 | Розыгрыш ставок для игры №9436:
ID 340418264 поставил 160000 коинов на success и проиграл при выигрышном цвете danger
19:32:20 | Розыгрыш ставок для игры №9437:
ID 340418264 поставил 320000 коинов на success и проиграл при выигрышном цвете danger
19:34:46 | Розыгрыш ставок для игры №9438:
ID 340418264 поставил 640000 коинов на success и проиграл при выигрышном цвете primary
19:35:38 | Розыгрыш ставок для игры №9439:
ID 340418264 поставил 1110000 коинов на success и проиграл при выигрышном цвете danger
21:41:34 | ID 357295182 пополнил баланс на 730000 коинов
23:41:30 | ID 541042056 пополнил баланс на 1000 коинов
23:42:01 | ID 541042056 пополнил баланс на 100000 коинов