
00:18:19 | ID 537773838 пополнил баланс на 30000000 коинов
00:18:58 | Розыгрыш ставок для игры №8055:
ID 537773838 поставил 20000 коинов на primary и проиграл при выигрышном цвете danger
00:19:45 | Розыгрыш ставок для игры №8056:
ID 537773838 поставил 10000 коинов на primary и проиграл при выигрышном цвете danger
01:52:29 | ID 478754867 пополнил баланс на 4000000 коинов
01:53:08 | Розыгрыш ставок для игры №8057:
ID 478754867 поставил 2000 коинов на danger и выиграл 9000 коинов при выигрышном цвете danger
01:54:26 | Розыгрыш ставок для игры №8058:
ID 478754867 поставил 2000 коинов на danger и выиграл 9000 коинов при выигрышном цвете danger
01:55:11 | Розыгрыш ставок для игры №8059:
ID 478754867 поставил 2000 коинов на danger и проиграл при выигрышном цвете primary
01:55:54 | Розыгрыш ставок для игры №8060:
ID 478754867 поставил 2000 коинов на danger и выиграл 9000 коинов при выигрышном цвете danger
01:56:49 | Розыгрыш ставок для игры №8061:
ID 478754867 поставил 13000 коинов на danger и выиграл 58500 коинов при выигрышном цвете danger
01:57:15 | ID 478754867 запросил вывод 60000 коинов; VKC response code: 200
01:57:53 | Розыгрыш ставок для игры №8062:
ID 478754867 поставил 8000 коинов на danger и проиграл при выигрышном цвете primary
02:02:04 | ID 202211248 пополнил баланс на 10000000 коинов
02:03:18 | Розыгрыш ставок для игры №8063:
ID 202211248 поставил 10000 коинов на success и выиграл 25000 коинов при выигрышном цвете success
02:04:10 | Розыгрыш ставок для игры №8064:
ID 202211248 поставил 12500 коинов на primary и выиграл 18750 коинов при выигрышном цвете primary
02:04:59 | Розыгрыш ставок для игры №8065:
ID 202211248 поставил 31250 коинов на primary и проиграл при выигрышном цвете danger
03:00:19 | ID 478754867 пополнил баланс на 8000000 коинов
03:00:57 | Розыгрыш ставок для игры №8066:
ID 478754867 поставил 6000 коинов на danger и проиграл при выигрышном цвете success
03:01:29 | ID 478754867 пополнил баланс на 40000000 коинов
03:02:08 | Розыгрыш ставок для игры №8067:
ID 478754867 поставил 25000 коинов на danger и проиграл при выигрышном цвете primary
03:02:40 | ID 478754867 запросил вывод 17000 коинов; VKC response code: 200
03:49:55 | ID 503177212 пополнил баланс на 100000000 коинов
03:50:41 | Розыгрыш ставок для игры №8068:
ID 503177212 поставил 25000 коинов на danger и проиграл при выигрышном цвете primary
03:51:28 | Розыгрыш ставок для игры №8069:
ID 503177212 поставил 5000 коинов на danger и проиграл при выигрышном цвете primary
03:52:11 | Розыгрыш ставок для игры №8070:
ID 503177212 поставил 10000 коинов на danger и проиграл при выигрышном цвете success
03:53:07 | Розыгрыш ставок для игры №8071:
ID 503177212 поставил 30000 коинов на danger и проиграл при выигрышном цвете primary
07:02:23 | Розыгрыш ставок для игры №8072:
ID 530423886 поставил 1000 коинов на primary и проиграл при выигрышном цвете success
07:44:27 | ID 475178053 пополнил баланс на 137 коинов
08:54:29 | ID 592746993 пополнил баланс на 50000000 коинов
08:55:04 | Розыгрыш ставок для игры №8073:
ID 592746993 поставил 15000 коинов на success и выиграл 37500 коинов при выигрышном цвете success
08:55:53 | Розыгрыш ставок для игры №8074:
ID 592746993 поставил 22500 коинов на danger и проиграл при выигрышном цвете success
08:56:47 | Розыгрыш ставок для игры №8075:
ID 592746993 поставил 50000 коинов на danger и проиграл при выигрышном цвете primary
09:09:29 | Розыгрыш ставок для игры №8076:
ID 595908003 поставил 1000 коинов на success и выиграл 2500 коинов при выигрышном цвете success
09:09:51 | ID 595908003 запросил вывод 2500 коинов; VKC response code: 200
09:26:16 | ID 587460695 пополнил баланс на 10000000 коинов
09:26:57 | Розыгрыш ставок для игры №8077:
ID 587460695 поставил 1000 коинов на primary и выиграл 1500 коинов при выигрышном цвете primary
09:27:43 | Розыгрыш ставок для игры №8078:
ID 587460695 поставил 2000 коинов на danger и проиграл при выигрышном цвете success
09:28:27 | Розыгрыш ставок для игры №8079:
ID 587460695 поставил 3000 коинов на danger и проиграл при выигрышном цвете primary
09:29:11 | Розыгрыш ставок для игры №8080:
ID 587460695 поставил 5000 коинов на primary и выиграл 7500 коинов при выигрышном цвете primary
09:30:08 | Розыгрыш ставок для игры №8081:
ID 587460695 поставил 7000 коинов на success и выиграл 17500 коинов при выигрышном цвете success
ID 587460695 поставил 7000 коинов на success и выиграл 17500 коинов при выигрышном цвете success
09:31:04 | Розыгрыш ставок для игры №8082:
ID 587460695 поставил 8000 коинов на success и выиграл 20000 коинов при выигрышном цвете success
09:31:47 | Розыгрыш ставок для игры №8083:
ID 587460695 поставил 8000 коинов на danger и выиграл 36000 коинов при выигрышном цвете danger
09:35:18 | Розыгрыш ставок для игры №8084:
ID 587460695 поставил 16000 коинов на success и проиграл при выигрышном цвете danger
09:36:01 | Розыгрыш ставок для игры №8085:
ID 587460695 поставил 40000 коинов на primary и выиграл 60000 коинов при выигрышном цвете primary
09:36:51 | Розыгрыш ставок для игры №8086:
ID 587460695 поставил 16000 коинов на primary и проиграл при выигрышном цвете success
09:37:49 | Розыгрыш ставок для игры №8087:
ID 587460695 поставил 8000 коинов на danger и выиграл 36000 коинов при выигрышном цвете danger
09:38:44 | Розыгрыш ставок для игры №8088:
ID 587460695 поставил 16000 коинов на primary и проиграл при выигрышном цвете danger
09:42:13 | Розыгрыш ставок для игры №8089:
ID 587460695 поставил 8000 коинов на success и проиграл при выигрышном цвете primary
09:43:03 | Розыгрыш ставок для игры №8090:
ID 587460695 поставил 8000 коинов на primary и выиграл 12000 коинов при выигрышном цвете primary
09:43:51 | Розыгрыш ставок для игры №8091:
ID 587460695 поставил 71000 коинов на success и проиграл при выигрышном цвете primary
09:57:48 | ID 414023989 пополнил баланс на 1000000 коинов
09:58:30 | Розыгрыш ставок для игры №8092:
ID 414023989 поставил 1000 коинов на primary и проиграл при выигрышном цвете danger
10:22:57 | ID 509231535 пополнил баланс на 100000000 коинов
10:24:00 | Розыгрыш ставок для игры №8093:
ID 509231535 поставил 10000 коинов на primary и проиграл при выигрышном цвете success
10:25:09 | Розыгрыш ставок для игры №8094:
ID 509231535 поставил 90000 коинов на danger и проиграл при выигрышном цвете primary
10:26:38 | ID 498359742 пополнил баланс на 200 коинов
10:29:03 | ID 498359742 пополнил баланс на 4500000 коинов
10:31:26 | Розыгрыш ставок для игры №8095:
ID 498359742 поставил 1000 коинов на primary и выиграл 1500 коинов при выигрышном цвете primary
10:32:12 | Розыгрыш ставок для игры №8096:
ID 498359742 поставил 5000 коинов на success и проиграл при выигрышном цвете primary
10:48:18 | Розыгрыш ставок для игры №8097:
ID 595080246 поставил 1000 коинов на danger и проиграл при выигрышном цвете success
10:51:41 | ID 508139069 пополнил баланс на 5000000 коинов
10:52:20 | Розыгрыш ставок для игры №8098:
ID 508139069 поставил 5000 коинов на success и проиграл при выигрышном цвете danger
11:21:54 | ID 562427284 пополнил баланс на 100000000 коинов
11:22:27 | Розыгрыш ставок для игры №8099:
ID 562427284 поставил 100000 коинов на danger и выиграл 450000 коинов при выигрышном цвете danger
11:23:35 | Розыгрыш ставок для игры №8100:
ID 562427284 поставил 450000 коинов на primary и проиграл при выигрышном цвете danger
11:28:02 | ID 587460695 пополнил баланс на 5000000 коинов
11:28:38 | Розыгрыш ставок для игры №8101:
ID 587460695 поставил 2000 коинов на primary и проиграл при выигрышном цвете danger
11:29:23 | Розыгрыш ставок для игры №8102:
ID 587460695 поставил 2000 коинов на success и проиграл при выигрышном цвете primary
11:30:06 | Розыгрыш ставок для игры №8103:
ID 587460695 поставил 1000 коинов на primary и проиграл при выигрышном цвете success
11:53:16 | Розыгрыш ставок для игры №8104:
ID 557470247 поставил 1000 коинов на primary и выиграл 1500 коинов при выигрышном цвете primary
11:54:02 | Розыгрыш ставок для игры №8105:
ID 557470247 поставил 1000 коинов на success и выиграл 2500 коинов при выигрышном цвете success
11:54:02 | Розыгрыш ставок для игры №8106:
ID 557470247 поставил 1000 коинов на success и проиграл при выигрышном цвете danger
13:11:17 | ID 552491719 запросил вывод 1000 коинов; VKC response code: 200
13:19:28 | ID 468901609 пополнил баланс на 5000000 коинов
13:20:23 | Розыгрыш ставок для игры №8107:
ID 468901609 поставил 1000 коинов на primary и выиграл 1500 коинов при выигрышном цвете primary
13:21:38 | Розыгрыш ставок для игры №8108:
ID 468901609 поставил 1111 коинов на primary и выиграл 1666.5 коинов при выигрышном цвете primary
13:22:35 | Розыгрыш ставок для игры №8109:
ID 468901609 поставил 1111 коинов на success и проиграл при выигрышном цвете primary
13:23:21 | Розыгрыш ставок для игры №8110:
ID 468901609 поставил 4444 коинов на primary и выиграл 6666 коинов при выигрышном цвете primary
13:23:43 | ID 468901609 запросил вывод 7167 коинов; VKC response code: 200
13:31:55 | ID 468901609 пополнил баланс на 5000000 коинов
13:32:36 | Розыгрыш ставок для игры №8111:
ID 468901609 поставил 4444 коинов на primary и проиграл при выигрышном цвете success
13:32:57 | ID 468901609 пополнил баланс на 11111000 коинов
13:33:35 | Розыгрыш ставок для игры №8112:
ID 468901609 поставил 11667 коинов на primary и выиграл 17500.5 коинов при выигрышном цвете primary
13:34:23 | Розыгрыш ставок для игры №8113:
ID 468901609 поставил 3333 коинов на success и проиграл при выигрышном цвете danger
13:35:11 | Розыгрыш ставок для игры №8114:
ID 468901609 поставил 6666 коинов на success и проиграл при выигрышном цвете primary
13:35:56 | Розыгрыш ставок для игры №8115:
ID 468901609 поставил 6666 коинов на success и проиграл при выигрышном цвете primary
13:36:19 | ID 468901609 пополнил баланс на 50000000 коинов
13:37:06 | Розыгрыш ставок для игры №8116:
ID 468901609 поставил 44444 коинов на success и выиграл 111110 коинов при выигрышном цвете success
13:37:47 | ID 468901609 запросил вывод 111111 коинов; VKC response code: 200
13:39:19 | Розыгрыш ставок для игры №8117:
ID 468901609 поставил 1111 коинов на danger и проиграл при выигрышном цвете success
13:40:06 | Розыгрыш ставок для игры №8118:
ID 468901609 поставил 1111 коинов на danger и проиграл при выигрышном цвете primary
13:40:52 | Розыгрыш ставок для игры №8119:
ID 468901609 поставил 2222 коинов на danger и проиграл при выигрышном цвете primary
13:41:36 | Розыгрыш ставок для игры №8120:
ID 468901609 поставил 1111 коинов на danger и проиграл при выигрышном цвете primary
13:42:01 | ID 468901609 пополнил баланс на 175000 коинов
13:42:07 | ID 468901609 запросил вывод 10 коинов; VKC response code: 200
13:42:41 | Розыгрыш ставок для игры №8121:
ID 468901609 поставил 1000 коинов на danger и выиграл 4500 коинов при выигрышном цвете danger
13:43:32 | Розыгрыш ставок для игры №8122:
ID 468901609 поставил 2222 коинов на primary и выиграл 3333 коинов при выигрышном цвете primary
13:44:16 | Розыгрыш ставок для игры №8123:
ID 468901609 поставил 2222 коинов на primary и выиграл 3333 коинов при выигрышном цвете primary
13:44:57 | ID 468901609 запросил вывод 6722 коинов; VKC response code: 200
14:40:30 | ID 574185651 пополнил баланс на 170000000 коинов
14:41:39 | Розыгрыш ставок для игры №8124:
ID 574185651 поставил 10000 коинов на primary и проиграл при выигрышном цвете success
14:42:25 | Розыгрыш ставок для игры №8125:
ID 574185651 поставил 160000 коинов на primary и проиграл при выигрышном цвете success
16:46:01 | ID 468901609 пополнил баланс на 5555000 коинов
16:46:35 | Розыгрыш ставок для игры №8126:
ID 468901609 поставил 1111 коинов на primary и проиграл при выигрышном цвете success
16:47:19 | Розыгрыш ставок для игры №8127:
ID 468901609 поставил 1111 коинов на success и выиграл 2777.5 коинов при выигрышном цвете success
16:48:02 | Розыгрыш ставок для игры №8128:
ID 468901609 поставил 1111 коинов на primary и проиграл при выигрышном цвете success
16:48:02 | Розыгрыш ставок для игры №8129:
ID 468901609 поставил 1111 коинов на primary и выиграл 1666.5 коинов при выигрышном цвете primary
16:49:46 | Розыгрыш ставок для игры №8130:
ID 468901609 поставил 1111 коинов на primary и проиграл при выигрышном цвете success
16:50:32 | Розыгрыш ставок для игры №8131:
ID 468901609 поставил 1111 коинов на danger и проиграл при выигрышном цвете primary
16:51:19 | Розыгрыш ставок для игры №8132:
ID 468901609 поставил 1111 коинов на danger и проиграл при выигрышном цвете primary
16:53:09 | Розыгрыш ставок для игры №8133:
ID 468901609 поставил 3333 коинов на success и выиграл 8332.5 коинов при выигрышном цвете success
16:53:41 | ID 468901609 запросил вывод 8332 коинов; VKC response code: 200
17:56:52 | Розыгрыш ставок для игры №8134:
ID 406441280 поставил 1000 коинов на success и проиграл при выигрышном цвете primary
20:49:27 | ID 178242033 пополнил баланс на 100000 коинов
20:49:35 | ID 178242033 запросил вывод 100 коинов; VKC response code: 200
21:20:06 | Розыгрыш ставок для игры №8135:
ID 13824704 поставил 1000 коинов на danger и проиграл при выигрышном цвете success
21:20:58 | Розыгрыш ставок для игры №8136:
ID 13824704 поставил 2000 коинов на danger и проиграл при выигрышном цвете primary
21:21:43 | Розыгрыш ставок для игры №8137:
ID 13824704 поставил 2000 коинов на danger и проиграл при выигрышном цвете success
21:22:31 | Розыгрыш ставок для игры №8138:
ID 13824704 поставил 4000 коинов на danger и проиграл при выигрышном цвете primary
21:33:53 | Розыгрыш ставок для игры №8139:
ID 546133590 поставил 1000 коинов на success и проиграл при выигрышном цвете danger
21:53:24 | ID 287683359 пополнил баланс на 900000000 коинов
21:54:10 | Розыгрыш ставок для игры №8140:
ID 287683359 поставил 900000 коинов на success и проиграл при выигрышном цвете primary
22:23:28 | Розыгрыш ставок для игры №8141:
ID 367766066 поставил 1000 коинов на success и проиграл при выигрышном цвете danger
22:31:16 | Розыгрыш ставок для игры №8142:
ID 143409332 поставил 1000 коинов на danger и проиграл при выигрышном цвете primary
22:34:06 | Розыгрыш ставок для игры №8143:
ID 143409332 поставил 1000 коинов на danger и проиграл при выигрышном цвете primary
22:34:29 | ID 148886453 пополнил баланс на 500000000 коинов
22:35:08 | Розыгрыш ставок для игры №8144:
ID 148886453 поставил 1000 коинов на primary и проиграл при выигрышном цвете success
ID 143409332 поставил 1000 коинов на danger и проиграл при выигрышном цвете success
22:35:11 | ID 458162388 пополнил баланс на 1000000000 коинов
22:35:25 | ID 458162388 пополнил баланс на 1000000000 коинов
22:35:56 | Розыгрыш ставок для игры №8145:
ID 143409332 поставил 1000 коинов на danger и проиграл при выигрышном цвете primary
ID 148886453 поставил 100000 коинов на success и проиграл при выигрышном цвете primary
ID 458162388 поставил 10000 коинов на primary и выиграл 15000 коинов при выигрышном цвете primary
22:36:43 | Розыгрыш ставок для игры №8146:
ID 148886453 поставил 100000 коинов на success и проиграл при выигрышном цвете primary
ID 143409332 поставил 1000 коинов на danger и проиграл при выигрышном цвете primary
ID 458162388 поставил 1000 коинов на danger и проиграл при выигрышном цвете primary
22:37:27 | Розыгрыш ставок для игры №8147:
ID 148886453 поставил 100000 коинов на danger и проиграл при выигрышном цвете primary
ID 143409332 поставил 1000 коинов на danger и проиграл при выигрышном цвете primary
22:38:10 | Розыгрыш ставок для игры №8148:
ID 458162388 поставил 100000 коинов на success и проиграл при выигрышном цвете primary
ID 148886453 поставил 199000 коинов на success и проиграл при выигрышном цвете primary
ID 143409332 поставил 1000 коинов на primary и выиграл 1500 коинов при выигрышном цвете primary
22:38:31 | ID 148886453 пополнил баланс на 1000000000 коинов
22:39:02 | Розыгрыш ставок для игры №8149:
ID 458162388 поставил 1000000 коинов на success и выиграл 2500000 коинов при выигрышном цвете success
ID 148886453 поставил 1000000 коинов на primary и проиграл при выигрышном цвете success
ID 143409332 поставил 1000 коинов на danger и проиграл при выигрышном цвете success
22:39:02 | Розыгрыш ставок для игры №8150:
ID 458162388 поставил 1000000 коинов на success и выиграл 2500000 коинов при выигрышном цвете success
ID 148886453 поставил 1000000 коинов на primary и проиграл при выигрышном цвете success
ID 143409332 поставил 1000 коинов на danger и проиграл при выигрышном цвете success
22:40:02 | Розыгрыш ставок для игры №8151:
ID 143409332 поставил 5000 коинов на danger и проиграл при выигрышном цвете success
ID 458162388 поставил 904000 коинов на danger и проиграл при выигрышном цвете success
22:40:02 | Розыгрыш ставок для игры №8152:
ID 143409332 поставил 5000 коинов на danger и проиграл при выигрышном цвете primary
ID 458162388 поставил 904000 коинов на danger и проиграл при выигрышном цвете primary
22:40:42 | ID 143409332 пополнил баланс на 1000000 коинов
22:41:19 | Розыгрыш ставок для игры №8153:
ID 458162388 поставил 1000000 коинов на danger и проиграл при выигрышном цвете primary
ID 143409332 поставил 1500 коинов на danger и проиграл при выигрышном цвете primary
22:41:48 | ID 143409332 пополнил баланс на 1000000 коинов
22:42:07 | Розыгрыш ставок для игры №8154:
ID 458162388 поставил 4000000 коинов на danger и выиграл 18000000 коинов при выигрышном цвете danger
ID 143409332 поставил 1000 коинов на danger и выиграл 4500 коинов при выигрышном цвете danger
22:42:36 | ID 458162388 запросил вывод 18000000 коинов; VKC response code: 200
22:43:06 | ID 143409332 запросил вывод 4500 коинов; VKC response code: 200
22:57:30 | ID 458162388 пополнил баланс на 1000000000 коинов
22:58:08 | Розыгрыш ставок для игры №8155:
ID 458162388 поставил 1000 коинов на success и проиграл при выигрышном цвете danger
22:59:10 | Розыгрыш ставок для игры №8156:
ID 458162388 поставил 999000 коинов на success и выиграл 2497500 коинов при выигрышном цвете success
23:00:04 | Розыгрыш ставок для игры №8157:
ID 458162388 поставил 497500 коинов на primary и выиграл 746250 коинов при выигрышном цвете primary
23:09:27 | ID 546133590 пополнил баланс на 500000000 коинов
23:10:06 | Розыгрыш ставок для игры №8158:
ID 546133590 поставил 500000 коинов на success и проиграл при выигрышном цвете primary
23:18:12 | Розыгрыш ставок для игры №8159:
ID 458162388 поставил 746250 коинов на primary и проиграл при выигрышном цвете success
23:19:24 | Розыгрыш ставок для игры №8160:
ID 458162388 поставил 1000000 коинов на primary и выиграл 1500000 коинов при выигрышном цвете primary
23:20:17 | Розыгрыш ставок для игры №8161:
ID 458162388 поставил 500000 коинов на danger и выиграл 2250000 коинов при выигрышном цвете danger
23:21:48 | Розыгрыш ставок для игры №8162:
ID 458162388 поставил 250000 коинов на success и проиграл при выигрышном цвете primary
23:23:11 | Розыгрыш ставок для игры №8163:
ID 458162388 поставил 250000 коинов на success и проиграл при выигрышном цвете primary
23:24:05 | Розыгрыш ставок для игры №8164:
ID 458162388 поставил 750000 коинов на success и проиграл при выигрышном цвете primary
23:25:01 | Розыгрыш ставок для игры №8165:
ID 458162388 поставил 2000000 коинов на success и проиграл при выигрышном цвете danger
23:25:57 | Розыгрыш ставок для игры №8166:
ID 458162388 поставил 1000000 коинов на danger и проиграл при выигрышном цвете primary