
00:05:54 | ID 541042056 пополнил баланс на 25000000000 коинов
00:06:35 | Розыгрыш ставок для игры №9456:
ID 541042056 поставил 1000 коинов на primary и выиграл 1500 коинов при выигрышном цвете primary
00:07:27 | Розыгрыш ставок для игры №9457:
ID 541042056 поставил 2000 коинов на danger и проиграл при выигрышном цвете primary
00:08:15 | Розыгрыш ставок для игры №9458:
ID 541042056 поставил 10000000 коинов на primary и выиграл 15000000 коинов при выигрышном цвете primary
00:09:08 | Розыгрыш ставок для игры №9459:
ID 541042056 поставил 1000000 коинов на primary и проиграл при выигрышном цвете danger
00:09:51 | Розыгрыш ставок для игры №9460:
ID 541042056 поставил 3000000 коинов на danger и проиграл при выигрышном цвете primary
00:10:35 | Розыгрыш ставок для игры №9461:
ID 589323502 поставил 1000 коинов на success и выиграл 2500 коинов при выигрышном цвете success
00:11:26 | Розыгрыш ставок для игры №9462:
ID 541042056 поставил 1000 коинов на danger и проиграл при выигрышном цвете primary
00:12:12 | Розыгрыш ставок для игры №9463:
ID 541042056 поставил 1000000 коинов на danger и проиграл при выигрышном цвете primary
00:13:15 | Розыгрыш ставок для игры №9464:
ID 541042056 поставил 20000000 коинов на primary и выиграл 30000000 коинов при выигрышном цвете primary
00:14:06 | Розыгрыш ставок для игры №9465:
ID 541042056 поставил 5000000 коинов на success и проиграл при выигрышном цвете danger
00:14:55 | Розыгрыш ставок для игры №9466:
ID 541042056 поставил 20000000 коинов на primary и проиграл при выигрышном цвете danger
00:15:43 | Розыгрыш ставок для игры №9467:
ID 541042056 поставил 9997601 коинов на danger и проиграл при выигрышном цвете success
00:44:48 | Розыгрыш ставок для игры №9468:
ID 596911820 поставил 1000 коинов на danger и проиграл при выигрышном цвете primary
03:15:50 | Розыгрыш ставок для игры №9469:
ID 465094197 поставил 10000 коинов на primary и выиграл 15000 коинов при выигрышном цвете primary
04:11:40 | ID 406530551 пополнил баланс на 20000000 коинов
05:14:16 | Розыгрыш ставок для игры №9470:
ID 595490821 поставил 1000 коинов на danger и проиграл при выигрышном цвете success
11:44:53 | ID 321816864 пополнил баланс на 3000000 коинов
11:45:41 | Розыгрыш ставок для игры №9471:
ID 321816864 поставил 2000 коинов на success и проиграл при выигрышном цвете primary
11:46:30 | Розыгрыш ставок для игры №9472:
ID 321816864 поставил 1000 коинов на primary и проиграл при выигрышном цвете success
12:13:39 | Розыгрыш ставок для игры №9473:
ID 294228803 поставил 1000 коинов на primary и проиграл при выигрышном цвете success
12:36:44 | ID 298526923 пополнил баланс на 500000 коинов
12:37:24 | ID 298526923 запросил вывод 500 коинов; VKC response code: 200
12:43:26 | ID 298526923 пополнил баланс на 5000000 коинов
12:44:03 | Розыгрыш ставок для игры №9474:
ID 298526923 поставил 1000 коинов на primary и выиграл 1500 коинов при выигрышном цвете primary
12:45:06 | Розыгрыш ставок для игры №9475:
ID 298526923 поставил 1000 коинов на danger и проиграл при выигрышном цвете primary
12:45:55 | Розыгрыш ставок для игры №9476:
ID 298526923 поставил 1000 коинов на danger и проиграл при выигрышном цвете primary
12:46:17 | ID 298526923 запросил вывод 2500 коинов; VKC response code: 200
12:46:37 | Розыгрыш ставок для игры №9477:
ID 298526923 поставил 1000 коинов на primary и проиграл при выигрышном цвете success
13:51:48 | Розыгрыш ставок для игры №9478:
ID 406530551 поставил 2000 коинов на success и проиграл при выигрышном цвете primary
13:52:38 | Розыгрыш ставок для игры №9479:
ID 406530551 поставил 2000 коинов на success и проиграл при выигрышном цвете danger
13:53:27 | Розыгрыш ставок для игры №9480:
ID 406530551 поставил 16000 коинов на danger и проиграл при выигрышном цвете success
15:41:49 | Розыгрыш ставок для игры №9481:
ID 568541989 поставил 1000 коинов на success и выиграл 2500 коинов при выигрышном цвете success
15:43:42 | Розыгрыш ставок для игры №9482:
ID 568541989 поставил 1000 коинов на primary и выиграл 1500 коинов при выигрышном цвете primary
15:45:30 | Розыгрыш ставок для игры №9483:
ID 568541989 поставил 1000 коинов на primary и проиграл при выигрышном цвете success
16:47:43 | Розыгрыш ставок для игры №9484:
ID 260755000 поставил 1000 коинов на success и выиграл 2500 коинов при выигрышном цвете success
16:48:32 | Розыгрыш ставок для игры №9485:
ID 260755000 поставил 2500 коинов на primary и выиграл 3750 коинов при выигрышном цвете primary
16:49:29 | Розыгрыш ставок для игры №9486:
ID 260755000 поставил 3750 коинов на success и выиграл 9375 коинов при выигрышном цвете success
16:50:30 | Розыгрыш ставок для игры №9487:
ID 260755000 поставил 9375 коинов на danger и выиграл 42187.5 коинов при выигрышном цвете danger
16:54:25 | Розыгрыш ставок для игры №9488:
ID 260755000 поставил 42188 коинов на primary и проиграл при выигрышном цвете danger
17:10:43 | ID 260755000 пополнил баланс на 10000000000 коинов
17:11:20 | Розыгрыш ставок для игры №9489:
ID 260755000 поставил 2000000 коинов на success и проиграл при выигрышном цвете primary
17:12:21 | Розыгрыш ставок для игры №9490:
ID 260755000 поставил 4000000 коинов на success и проиграл при выигрышном цвете primary
17:13:04 | Розыгрыш ставок для игры №9491:
ID 260755000 поставил 4000000 коинов на danger и выиграл 18000000 коинов при выигрышном цвете danger
ID 568541989 поставил 1000 коинов на primary и проиграл при выигрышном цвете danger
17:13:43 | ID 260755000 запросил вывод 10000000 коинов; VKC response code: 200
17:14:00 | Розыгрыш ставок для игры №9492:
ID 260755000 поставил 8000000 коинов на success и выиграл 20000000 коинов при выигрышном цвете success
ID 568541989 поставил 1000 коинов на primary и проиграл при выигрышном цвете success
17:14:34 | ID 260755000 запросил вывод 15000000 коинов; VKC response code: 200
17:14:56 | Розыгрыш ставок для игры №9493:
ID 260755000 поставил 5000000 коинов на primary и проиграл при выигрышном цвете danger
20:39:35 | ID 298526923 пополнил баланс на 30000000 коинов
20:40:14 | Розыгрыш ставок для игры №9494:
ID 298526923 поставил 30000 коинов на primary и проиграл при выигрышном цвете danger
22:03:15 | ID 561543242 пополнил баланс на 1000000 коинов
22:04:03 | Розыгрыш ставок для игры №9495:
ID 561543242 поставил 1000 коинов на primary и проиграл при выигрышном цвете success
22:32:51 | Розыгрыш ставок для игры №9496:
ID 412147888 поставил 1000 коинов на success и проиграл при выигрышном цвете primary