
00:05:23 | ID 499366239 пополнил баланс на 700000000 коинов
00:05:59 | Розыгрыш ставок для игры №5605:
ID 499366239 поставил 150000 коинов на primary и проиграл при выигрышном цвете danger
00:06:45 | Розыгрыш ставок для игры №5606:
ID 499366239 поставил 150000 коинов на primary и проиграл при выигрышном цвете danger
00:07:33 | Розыгрыш ставок для игры №5607:
ID 499366239 поставил 77319 коинов на primary и проиграл при выигрышном цвете danger
00:08:30 | Розыгрыш ставок для игры №5608:
ID 499366239 поставил 299904 коинов на danger и выиграл 599808 коинов при выигрышном цвете danger
00:09:21 | Розыгрыш ставок для игры №5609:
ID 499366239 поставил 120000 коинов на primary и проиграл при выигрышном цвете danger
00:10:09 | Розыгрыш ставок для игры №5610:
ID 499366239 поставил 120000 коинов на primary и выиграл 240000 коинов при выигрышном цвете primary
00:10:54 | Розыгрыш ставок для игры №5611:
ID 499366239 поставил 180000 коинов на danger и проиграл при выигрышном цвете primary
00:11:40 | Розыгрыш ставок для игры №5612:
ID 499366239 поставил 180000 коинов на danger и выиграл 360000 коинов при выигрышном цвете danger
00:12:26 | Розыгрыш ставок для игры №5613:
ID 499366239 поставил 150000 коинов на primary и выиграл 300000 коинов при выигрышном цвете primary
00:13:19 | Розыгрыш ставок для игры №5614:
ID 499366239 поставил 60000 коинов на danger и проиграл при выигрышном цвете success
00:14:17 | Розыгрыш ставок для игры №5615:
ID 499366239 поставил 90000 коинов на danger и проиграл при выигрышном цвете primary
00:15:06 | Розыгрыш ставок для игры №5616:
ID 499366239 поставил 60000 коинов на danger и проиграл при выигрышном цвете primary
00:16:01 | Розыгрыш ставок для игры №5617:
ID 499366239 поставил 180000 коинов на primary и проиграл при выигрышном цвете danger
00:16:01 | Розыгрыш ставок для игры №5618:
ID 499366239 поставил 180000 коинов на primary и проиграл при выигрышном цвете success
00:16:46 | Розыгрыш ставок для игры №5619:
ID 499366239 поставил 262500 коинов на danger и выиграл 525000 коинов при выигрышном цвете danger
00:17:30 | Розыгрыш ставок для игры №5620:
ID 499366239 поставил 120000 коинов на primary и проиграл при выигрышном цвете danger
00:18:14 | Розыгрыш ставок для игры №5621:
ID 499366239 поставил 120000 коинов на danger и проиграл при выигрышном цвете primary
00:19:55 | Розыгрыш ставок для игры №5622:
ID 499366239 поставил 300000 коинов на danger и проиграл при выигрышном цвете primary
00:20:22 | ID 499366239 запросил вывод 105085 коинов; VKC response code: 200
00:50:48 | Розыгрыш ставок для игры №5623:
ID 501562122 поставил 971250 коинов на primary и выиграл 1942500 коинов при выигрышном цвете primary
00:53:16 | Розыгрыш ставок для игры №5624:
ID 501562122 поставил 42500 коинов на primary и выиграл 85000 коинов при выигрышном цвете primary
00:54:09 | Розыгрыш ставок для игры №5625:
ID 501562122 поставил 1985000 коинов на danger и проиграл при выигрышном цвете primary
00:54:45 | ID 501562122 пополнил баланс на 850000000 коинов
00:55:26 | Розыгрыш ставок для игры №5626:
ID 501562122 поставил 50000 коинов на danger и проиграл при выигрышном цвете primary
00:56:18 | Розыгрыш ставок для игры №5627:
ID 501562122 поставил 800000 коинов на danger и выиграл 1600000 коинов при выигрышном цвете danger
00:57:06 | Розыгрыш ставок для игры №5628:
ID 501562122 поставил 1600000 коинов на danger и проиграл при выигрышном цвете primary
04:55:36 | ID 470593516 пополнил баланс на 580000000 коинов
04:56:18 | Розыгрыш ставок для игры №5629:
ID 470593516 поставил 10000 коинов на danger и проиграл при выигрышном цвете primary
04:57:17 | Розыгрыш ставок для игры №5630:
ID 470593516 поставил 70000 коинов на danger и выиграл 140000 коинов при выигрышном цвете danger
04:58:06 | Розыгрыш ставок для игры №5631:
ID 470593516 поставил 40000 коинов на danger и проиграл при выигрышном цвете success
04:58:58 | Розыгрыш ставок для игры №5632:
ID 470593516 поставил 50000 коинов на success и проиграл при выигрышном цвете danger
04:59:39 | Розыгрыш ставок для игры №5633:
ID 470593516 поставил 50000 коинов на success и проиграл при выигрышном цвете danger
05:00:21 | Розыгрыш ставок для игры №5634:
ID 470593516 поставил 50000 коинов на success и проиграл при выигрышном цвете danger
05:01:02 | Розыгрыш ставок для игры №5635:
ID 470593516 поставил 300000 коинов на success и проиграл при выигрышном цвете primary
05:01:02 | Розыгрыш ставок для игры №5636:
ID 470593516 поставил 300000 коинов на success и проиграл при выигрышном цвете primary
05:01:44 | Розыгрыш ставок для игры №5637:
ID 470593516 поставил 150000 коинов на danger и проиграл при выигрышном цвете success
06:05:27 | ID 494285659 пополнил баланс на 1000000 коинов
06:06:25 | Розыгрыш ставок для игры №5638:
ID 494285659 поставил 1000 коинов на primary и выиграл 2000 коинов при выигрышном цвете primary
06:07:17 | Розыгрыш ставок для игры №5639:
ID 494285659 поставил 2000 коинов на success и проиграл при выигрышном цвете danger
06:07:45 | ID 494285659 пополнил баланс на 4000000 коинов
06:08:28 | Розыгрыш ставок для игры №5640:
ID 567124649 поставил 50000 коинов на danger и проиграл при выигрышном цвете primary
06:09:20 | Розыгрыш ставок для игры №5641:
ID 494285659 поставил 4000 коинов на danger и проиграл при выигрышном цвете primary
ID 567124649 поставил 10000 коинов на primary и выиграл 20000 коинов при выигрышном цвете primary
07:42:00 | ID 589173333 пополнил баланс на 190000000 коинов
07:42:47 | Розыгрыш ставок для игры №5642:
ID 589173333 поставил 10000 коинов на primary и проиграл при выигрышном цвете danger
07:43:44 | Розыгрыш ставок для игры №5643:
ID 589173333 поставил 20000 коинов на danger и проиграл при выигрышном цвете success
07:44:09 | ID 589173333 запросил вывод 150000 коинов; VKC response code: 200
07:44:27 | Розыгрыш ставок для игры №5644:
ID 589173333 поставил 10000 коинов на success и проиграл при выигрышном цвете primary
08:26:49 | ID 438432982 пополнил баланс на 1000000000 коинов
08:27:35 | Розыгрыш ставок для игры №5645:
ID 438432982 поставил 100000 коинов на danger и выиграл 200000 коинов при выигрышном цвете danger
08:28:20 | Розыгрыш ставок для игры №5646:
ID 438432982 поставил 100000 коинов на primary и выиграл 200000 коинов при выигрышном цвете primary
08:29:08 | Розыгрыш ставок для игры №5647:
ID 438432982 поставил 50000 коинов на success и проиграл при выигрышном цвете primary
08:29:52 | Розыгрыш ставок для игры №5648:
ID 438432982 поставил 100000 коинов на danger и проиграл при выигрышном цвете primary
09:00:55 | Розыгрыш ставок для игры №5649:
ID 521175215 поставил 4620 коинов на primary и выиграл 9240 коинов при выигрышном цвете primary
09:01:47 | Розыгрыш ставок для игры №5650:
ID 521175215 поставил 9240 коинов на primary и выиграл 18480 коинов при выигрышном цвете primary
09:02:37 | Розыгрыш ставок для игры №5651:
ID 521175215 поставил 4620 коинов на success и проиграл при выигрышном цвете primary
09:03:26 | Розыгрыш ставок для игры №5652:
ID 521175215 поставил 13860 коинов на danger и проиграл при выигрышном цвете primary
09:58:58 | ID 372817815 пополнил баланс на 100000000 коинов
09:59:33 | Розыгрыш ставок для игры №5653:
ID 372817815 поставил 50000 коинов на primary и проиграл при выигрышном цвете success
10:00:16 | Розыгрыш ставок для игры №5654:
ID 372817815 поставил 50000 коинов на primary и выиграл 100000 коинов при выигрышном цвете primary
10:01:06 | Розыгрыш ставок для игры №5655:
ID 372817815 поставил 40300 коинов на danger и проиграл при выигрышном цвете primary
10:01:50 | Розыгрыш ставок для игры №5656:
ID 372817815 поставил 60000 коинов на danger и проиграл при выигрышном цвете primary
10:18:35 | ID 307188579 пополнил баланс на 950000000 коинов
10:19:13 | Розыгрыш ставок для игры №5657:
ID 307188579 поставил 50000 коинов на danger и проиграл при выигрышном цвете primary
10:19:59 | Розыгрыш ставок для игры №5658:
ID 307188579 поставил 50000 коинов на danger и проиграл при выигрышном цвете primary
10:20:52 | Розыгрыш ставок для игры №5659:
ID 307188579 поставил 250000 коинов на danger и выиграл 500000 коинов при выигрышном цвете danger
10:21:44 | Розыгрыш ставок для игры №5660:
ID 307188579 поставил 100000 коинов на primary и проиграл при выигрышном цвете danger
10:22:49 | Розыгрыш ставок для игры №5661:
ID 307188579 поставил 100000 коинов на primary и проиграл при выигрышном цвете danger
10:23:48 | Розыгрыш ставок для игры №5662:
ID 307188579 поставил 150000 коинов на success и проиграл при выигрышном цвете primary
10:24:17 | ID 307188579 запросил вывод 600000 коинов; VKC response code: 200
10:24:33 | Розыгрыш ставок для игры №5663:
ID 307188579 поставил 150000 коинов на primary и выиграл 300000 коинов при выигрышном цвете primary
10:25:19 | Розыгрыш ставок для игры №5664:
ID 307188579 поставил 150000 коинов на primary и выиграл 300000 коинов при выигрышном цвете primary
10:26:10 | ID 501562122 пополнил баланс на 10000000 коинов
10:26:15 | Розыгрыш ставок для игры №5665:
ID 307188579 поставил 150000 коинов на danger и выиграл 300000 коинов при выигрышном цвете danger
10:26:59 | Розыгрыш ставок для игры №5666:
ID 307188579 поставил 150000 коинов на danger и проиграл при выигрышном цвете primary
ID 501562122 поставил 10000 коинов на danger и проиграл при выигрышном цвете primary
10:27:44 | Розыгрыш ставок для игры №5667:
ID 307188579 поставил 150000 коинов на danger и проиграл при выигрышном цвете success
10:28:35 | Розыгрыш ставок для игры №5668:
ID 307188579 поставил 300000 коинов на primary и выиграл 600000 коинов при выигрышном цвете primary
10:29:15 | ID 307188579 запросил вывод 300000 коинов; VKC response code: 200
10:29:35 | Розыгрыш ставок для игры №5669:
ID 307188579 поставил 300000 коинов на danger и выиграл 600000 коинов при выигрышном цвете danger
10:30:03 | ID 307188579 запросил вывод 300000 коинов; VKC response code: 200
10:30:26 | Розыгрыш ставок для игры №5670:
ID 307188579 поставил 300000 коинов на primary и проиграл при выигрышном цвете danger
10:43:23 | ID 501562122 пополнил баланс на 150000000 коинов
10:44:06 | Розыгрыш ставок для игры №5671:
ID 501562122 поставил 50000 коинов на primary и выиграл 100000 коинов при выигрышном цвете primary
10:45:20 | Розыгрыш ставок для игры №5672:
ID 501562122 поставил 100000 коинов на primary и выиграл 200000 коинов при выигрышном цвете primary
10:46:09 | Розыгрыш ставок для игры №5673:
ID 501562122 поставил 300000 коинов на danger и выиграл 600000 коинов при выигрышном цвете danger
10:46:59 | Розыгрыш ставок для игры №5674:
ID 501562122 поставил 300000 коинов на danger и выиграл 600000 коинов при выигрышном цвете danger
10:47:49 | Розыгрыш ставок для игры №5675:
ID 501562122 поставил 900000 коинов на primary и проиграл при выигрышном цвете danger
11:03:17 | ID 148886453 пополнил баланс на 333333000 коинов
11:03:54 | Розыгрыш ставок для игры №5676:
ID 148886453 поставил 333333 коинов на primary и выиграл 666666 коинов при выигрышном цвете primary
11:07:46 | Розыгрыш ставок для игры №5677:
ID 148886453 поставил 333333 коинов на danger и проиграл при выигрышном цвете primary
11:08:30 | Розыгрыш ставок для игры №5678:
ID 148886453 поставил 333333 коинов на danger и проиграл при выигрышном цвете primary
11:11:02 | ID 262529883 пополнил баланс на 1000 коинов
11:14:16 | ID 262529883 пополнил баланс на 9999000 коинов
11:14:56 | Розыгрыш ставок для игры №5679:
ID 262529883 поставил 3000 коинов на primary и проиграл при выигрышном цвете danger
11:16:19 | Розыгрыш ставок для игры №5680:
ID 262529883 поставил 2000 коинов на danger и выиграл 4000 коинов при выигрышном цвете danger
11:17:06 | Розыгрыш ставок для игры №5681:
ID 262529883 поставил 3000 коинов на danger и проиграл при выигрышном цвете primary
11:17:49 | Розыгрыш ставок для игры №5682:
ID 262529883 поставил 1000 коинов на primary и выиграл 2000 коинов при выигрышном цвете primary
ID 465094197 поставил 10000 коинов на primary и выиграл 20000 коинов при выигрышном цвете primary
11:18:37 | Розыгрыш ставок для игры №5683:
ID 262529883 поставил 2000 коинов на danger и проиграл при выигрышном цвете primary
11:19:25 | Розыгрыш ставок для игры №5684:
ID 262529883 поставил 2000 коинов на primary и проиграл при выигрышном цвете danger
11:20:50 | Розыгрыш ставок для игры №5685:
ID 465094197 поставил 50000 коинов на danger и выиграл 100000 коинов при выигрышном цвете danger
11:22:14 | ID 465094197 запросил вывод 100000 коинов; VKC response code: 200
11:26:08 | ID 551654275 пополнил баланс на 10000000 коинов
11:26:42 | Розыгрыш ставок для игры №5686:
ID 551654275 поставил 10000 коинов на primary и проиграл при выигрышном цвете danger
11:29:16 | ID 501562122 пополнил баланс на 100000000 коинов
11:30:04 | Розыгрыш ставок для игры №5687:
ID 501562122 поставил 100000 коинов на primary и проиграл при выигрышном цвете danger
11:36:06 | ID 501562122 пополнил баланс на 150000000 коинов
11:36:29 | ID 327575085 пополнил баланс на 100000000 коинов
11:36:45 | Розыгрыш ставок для игры №5688:
ID 501562122 поставил 50000 коинов на danger и проиграл при выигрышном цвете primary
ID 327575085 поставил 10000 коинов на danger и проиграл при выигрышном цвете primary
11:37:33 | Розыгрыш ставок для игры №5689:
ID 501562122 поставил 100000 коинов на primary и выиграл 200000 коинов при выигрышном цвете primary
ID 327575085 поставил 40000 коинов на primary и выиграл 80000 коинов при выигрышном цвете primary
11:38:29 | Розыгрыш ставок для игры №5690:
ID 501562122 поставил 30000 коинов на danger и выиграл 60000 коинов при выигрышном цвете danger
ID 327575085 поставил 30000 коинов на primary и проиграл при выигрышном цвете danger
11:39:07 | ID 327575085 запросил вывод 100000 коинов; VKC response code: 200
11:39:18 | Розыгрыш ставок для игры №5691:
ID 501562122 поставил 30000 коинов на danger и проиграл при выигрышном цвете primary
11:40:07 | Розыгрыш ставок для игры №5692:
ID 501562122 поставил 200000 коинов на primary и выиграл 400000 коинов при выигрышном цвете primary
11:40:39 | ID 501562122 запросил вывод 400800 коинов; VKC response code: 200
11:41:11 | ID 327575085 пополнил баланс на 145000000 коинов
11:41:52 | ID 327575085 запросил вывод 145000 коинов; VKC response code: 200
11:42:09 | ID 465094197 запросил вывод 220000 коинов; VKC response code: 200
13:01:47 | ID 589137066 пополнил баланс на 10000000 коинов
13:02:27 | Розыгрыш ставок для игры №5693:
ID 589137066 поставил 5000 коинов на primary и выиграл 10000 коинов при выигрышном цвете primary
13:03:56 | ID 589137066 запросил вывод 13000 коинов; VKC response code: 200
13:04:13 | Розыгрыш ставок для игры №5694:
ID 589137066 поставил 2000 коинов на success и проиграл при выигрышном цвете danger
13:18:31 | ID 501562122 пополнил баланс на 209000000 коинов
13:19:08 | Розыгрыш ставок для игры №5695:
ID 501562122 поставил 9000 коинов на primary и проиграл при выигрышном цвете danger
13:19:56 | Розыгрыш ставок для игры №5696:
ID 501562122 поставил 100000 коинов на danger и проиграл при выигрышном цвете success
13:20:43 | Розыгрыш ставок для игры №5697:
ID 501562122 поставил 100000 коинов на primary и выиграл 200000 коинов при выигрышном цвете primary
13:21:07 | ID 501562122 запросил вывод 200000 коинов; VKC response code: 200
13:51:19 | ID 574669421 пополнил баланс на 100000000 коинов
13:52:08 | Розыгрыш ставок для игры №5698:
ID 574669421 поставил 50000 коинов на primary и выиграл 100000 коинов при выигрышном цвете primary
14:03:55 | Розыгрыш ставок для игры №5699:
ID 574669421 поставил 100000 коинов на primary и выиграл 200000 коинов при выигрышном цвете primary
14:04:46 | Розыгрыш ставок для игры №5700:
ID 574669421 поставил 100000 коинов на danger и проиграл при выигрышном цвете primary
14:05:35 | Розыгрыш ставок для игры №5701:
ID 574669421 поставил 150000 коинов на danger и проиграл при выигрышном цвете primary
14:06:13 | ID 574669421 пополнил баланс на 300000000 коинов
14:07:10 | Розыгрыш ставок для игры №5702:
ID 574669421 поставил 300000 коинов на danger и проиграл при выигрышном цвете success
14:10:09 | ID 574669421 пополнил баланс на 500000000 коинов
14:10:58 | Розыгрыш ставок для игры №5703:
ID 574669421 поставил 200000 коинов на danger и проиграл при выигрышном цвете primary
14:11:54 | Розыгрыш ставок для игры №5704:
ID 574669421 поставил 300000 коинов на primary и выиграл 600000 коинов при выигрышном цвете primary
14:12:38 | Розыгрыш ставок для игры №5705:
ID 574669421 поставил 300000 коинов на primary и выиграл 600000 коинов при выигрышном цвете primary
14:20:08 | ID 562427284 пополнил баланс на 100000000 коинов
14:23:26 | Розыгрыш ставок для игры №5706:
ID 231324433 поставил 60000 коинов на danger и проиграл при выигрышном цвете primary
14:25:57 | Розыгрыш ставок для игры №5707:
ID 363681440 поставил 1000 коинов на primary и проиграл при выигрышном цвете danger
14:26:22 | ID 436486600 пополнил баланс на 100000000 коинов
14:27:10 | Розыгрыш ставок для игры №5708:
ID 436486600 поставил 60000 коинов на danger и проиграл при выигрышном цвете primary
14:27:58 | Розыгрыш ставок для игры №5709:
ID 436486600 поставил 40000 коинов на danger и выиграл 80000 коинов при выигрышном цвете danger
14:28:48 | Розыгрыш ставок для игры №5710:
ID 436486600 поставил 80000 коинов на primary и проиграл при выигрышном цвете danger
14:28:50 | ID 463922135 пополнил баланс на 100000000 коинов
14:29:29 | ID 342382853 пополнил баланс на 500000000 коинов
14:29:44 | Розыгрыш ставок для игры №5711:
ID 261019556 поставил 1000 коинов на success и проиграл при выигрышном цвете primary
ID 463922135 поставил 20000 коинов на primary и выиграл 40000 коинов при выигрышном цвете primary
ID 574669421 поставил 300000 коинов на danger и проиграл при выигрышном цвете primary
ID 342382853 поставил 50000 коинов на danger и проиграл при выигрышном цвете primary
14:30:13 | ID 484979734 пополнил баланс на 100000000 коинов
14:30:27 | Розыгрыш ставок для игры №5712:
ID 574669421 поставил 600000 коинов на danger и проиграл при выигрышном цвете primary
ID 342382853 поставил 50000 коинов на danger и проиграл при выигрышном цвете primary
ID 463922135 поставил 20000 коинов на primary и выиграл 40000 коинов при выигрышном цвете primary
ID 484979734 поставил 30000 коинов на success и проиграл при выигрышном цвете primary
14:31:11 | Розыгрыш ставок для игры №5713:
ID 484979734 поставил 30000 коинов на primary и выиграл 60000 коинов при выигрышном цвете primary
ID 342382853 поставил 100000 коинов на danger и проиграл при выигрышном цвете primary
ID 463922135 поставил 1000 коинов на success и проиграл при выигрышном цвете primary
14:31:42 | ID 574669421 пополнил баланс на 500000000 коинов
14:31:54 | Розыгрыш ставок для игры №5714:
ID 484979734 поставил 30000 коинов на primary и выиграл 60000 коинов при выигрышном цвете primary
ID 342382853 поставил 100000 коинов на danger и проиграл при выигрышном цвете primary
ID 463922135 поставил 9000 коинов на primary и выиграл 18000 коинов при выигрышном цвете primary
14:32:17 | ID 484979734 запросил вывод 130000 коинов; VKC response code: 200
14:32:36 | Розыгрыш ставок для игры №5715:
ID 574669421 поставил 500000 коинов на primary и проиграл при выигрышном цвете danger
ID 463922135 поставил 140000 коинов на danger и выиграл 280000 коинов при выигрышном цвете danger
ID 342382853 поставил 200000 коинов на danger и выиграл 400000 коинов при выигрышном цвете danger
14:32:52 | ID 543118927 пополнил баланс на 100000000 коинов
14:33:23 | Розыгрыш ставок для игры №5716:
ID 342382853 поставил 100000 коинов на danger и проиграл при выигрышном цвете primary
ID 543118927 поставил 100000 коинов на primary и выиграл 200000 коинов при выигрышном цвете primary
ID 463922135 поставил 8000 коинов на danger и проиграл при выигрышном цвете primary
14:34:23 | Розыгрыш ставок для игры №5717:
ID 463922135 поставил 10000 коинов на danger и проиграл при выигрышном цвете success
14:34:55 | ID 463922135 запросил вывод 250000 коинов; VKC response code: 200
14:35:17 | Розыгрыш ставок для игры №5718:
ID 463922135 поставил 20000 коинов на danger и выиграл 40000 коинов при выигрышном цвете danger
14:36:03 | Розыгрыш ставок для игры №5719:
ID 463922135 поставил 10000 коинов на primary и выиграл 20000 коинов при выигрышном цвете primary
14:36:50 | Розыгрыш ставок для игры №5720:
ID 463922135 поставил 10000 коинов на danger и проиграл при выигрышном цвете primary
ID 342382853 поставил 300000 коинов на danger и проиграл при выигрышном цвете primary
14:38:30 | ID 468966066 пополнил баланс на 50000000 коинов
14:38:43 | ID 420923242 пополнил баланс на 100000000 коинов
14:39:23 | Розыгрыш ставок для игры №5721:
ID 420923242 поставил 100000 коинов на danger и выиграл 200000 коинов при выигрышном цвете danger
ID 468966066 поставил 1000 коинов на success и проиграл при выигрышном цвете danger
14:40:09 | Розыгрыш ставок для игры №5722:
ID 420923242 поставил 100000 коинов на primary и выиграл 200000 коинов при выигрышном цвете primary
ID 468966066 поставил 49000 коинов на primary и выиграл 98000 коинов при выигрышном цвете primary
ID 463922135 поставил 40000 коинов на danger и проиграл при выигрышном цвете primary
14:40:15 | ID 594058724 пополнил баланс на 100000000 коинов
14:41:13 | Розыгрыш ставок для игры №5723:
ID 420923242 поставил 100000 коинов на primary и проиграл при выигрышном цвете danger
ID 468966066 поставил 49000 коинов на primary и проиграл при выигрышном цвете danger
14:41:56 | Розыгрыш ставок для игры №5724:
ID 420923242 поставил 200000 коинов на primary и проиграл при выигрышном цвете danger
ID 468966066 поставил 5000 коинов на primary и проиграл при выигрышном цвете danger
14:42:42 | Розыгрыш ставок для игры №5725:
ID 468966066 поставил 5000 коинов на danger и выиграл 10000 коинов при выигрышном цвете danger
14:43:19 | ID 487326429 пополнил баланс на 604000 коинов
14:43:20 | ID 468966066 пополнил баланс на 200000000 коинов
14:44:10 | Розыгрыш ставок для игры №5726:
ID 468966066 поставил 25000 коинов на primary и проиграл при выигрышном цвете success
14:44:19 | ID 463922135 пополнил баланс на 50000000 коинов
14:44:58 | Розыгрыш ставок для игры №5727:
ID 463922135 поставил 10000 коинов на danger и выиграл 20000 коинов при выигрышном цвете danger
ID 468966066 поставил 20000 коинов на danger и выиграл 40000 коинов при выигрышном цвете danger
14:45:55 | Розыгрыш ставок для игры №5728:
ID 463922135 поставил 10000 коинов на primary и выиграл 20000 коинов при выигрышном цвете primary
ID 562427284 поставил 50000 коинов на danger и проиграл при выигрышном цвете primary
14:46:37 | Розыгрыш ставок для игры №5729:
ID 562427284 поставил 50000 коинов на danger и выиграл 100000 коинов при выигрышном цвете danger
ID 463922135 поставил 20000 коинов на primary и проиграл при выигрышном цвете danger
14:47:36 | Розыгрыш ставок для игры №5730:
ID 463922135 поставил 50000 коинов на danger и проиграл при выигрышном цвете success
ID 468966066 поставил 30000 коинов на danger и проиграл при выигрышном цвете success
14:48:23 | Розыгрыш ставок для игры №5731:
ID 468966066 поставил 30000 коинов на primary и проиграл при выигрышном цвете danger
14:49:03 | ID 468966066 запросил вывод 180000 коинов; VKC response code: 200
14:49:50 | Розыгрыш ставок для игры №5732:
ID 468966066 поставил 5000 коинов на primary и выиграл 10000 коинов при выигрышном цвете primary
14:50:03 | ID 463922135 пополнил баланс на 50000000 коинов
14:50:39 | Розыгрыш ставок для игры №5733:
ID 463922135 поставил 10000 коинов на danger и проиграл при выигрышном цвете primary
ID 468966066 поставил 10000 коинов на success и проиграл при выигрышном цвете primary
14:51:15 | ID 527755747 пополнил баланс на 100000000 коинов
14:52:11 | Розыгрыш ставок для игры №5734:
ID 463922135 поставил 40000 коинов на danger и выиграл 80000 коинов при выигрышном цвете danger
14:53:50 | Розыгрыш ставок для игры №5735:
ID 463922135 поставил 20000 коинов на primary и выиграл 40000 коинов при выигрышном цвете primary
ID 527755747 поставил 100000 коинов на danger и проиграл при выигрышном цвете primary
14:54:32 | ID 463922135 запросил вывод 100000 коинов; VKC response code: 200
14:55:20 | ID 577503087 пополнил баланс на 50000 коинов
15:01:55 | Розыгрыш ставок для игры №5736:
ID 562427284 поставил 50000 коинов на danger и проиграл при выигрышном цвете primary
15:02:38 | Розыгрыш ставок для игры №5737:
ID 562427284 поставил 50000 коинов на primary и проиграл при выигрышном цвете danger
15:02:59 | ID 462144442 пополнил баланс на 100000000 коинов
15:03:38 | Розыгрыш ставок для игры №5738:
ID 462144442 поставил 100000 коинов на primary и проиграл при выигрышном цвете danger
15:03:47 | ID 406140312 пополнил баланс на 115000000 коинов
15:04:24 | Розыгрыш ставок для игры №5739:
ID 406140312 поставил 100000 коинов на primary и выиграл 200000 коинов при выигрышном цвете primary
15:11:00 | ID 514345148 пополнил баланс на 65000000 коинов
15:11:35 | Розыгрыш ставок для игры №5740:
ID 514345148 поставил 65000 коинов на danger и выиграл 130000 коинов при выигрышном цвете danger
15:12:24 | Розыгрыш ставок для игры №5741:
ID 514345148 поставил 65000 коинов на success и выиграл 910000 коинов при выигрышном цвете success
ID 567131617 поставил 1000 коинов на primary и проиграл при выигрышном цвете success
15:13:27 | Розыгрыш ставок для игры №5742:
ID 514345148 поставил 100000 коинов на primary и выиграл 200000 коинов при выигрышном цвете primary
15:14:12 | Розыгрыш ставок для игры №5743:
ID 514345148 поставил 100000 коинов на danger и проиграл при выигрышном цвете primary
15:15:04 | Розыгрыш ставок для игры №5744:
ID 514345148 поставил 65000 коинов на success и проиграл при выигрышном цвете danger
15:15:50 | Розыгрыш ставок для игры №5745:
ID 514345148 поставил 650000 коинов на primary и проиграл при выигрышном цвете danger
15:16:41 | Розыгрыш ставок для игры №5746:
ID 514345148 поставил 260000 коинов на success и проиграл при выигрышном цвете primary
15:18:29 | ID 277548561 пополнил баланс на 100000000 коинов
15:19:08 | Розыгрыш ставок для игры №5747:
ID 277548561 поставил 100000 коинов на danger и выиграл 200000 коинов при выигрышном цвете danger
15:19:53 | Розыгрыш ставок для игры №5748:
ID 277548561 поставил 200000 коинов на primary и проиграл при выигрышном цвете danger
15:25:43 | ID 527755747 пополнил баланс на 100000000 коинов
15:26:26 | Розыгрыш ставок для игры №5749:
ID 527755747 поставил 100000 коинов на danger и проиграл при выигрышном цвете success
15:27:51 | ID 406140312 запросил вывод 215870 коинов; VKC response code: 200
15:37:45 | ID 514345148 пополнил баланс на 100000000 коинов
15:38:22 | Розыгрыш ставок для игры №5750:
ID 514345148 поставил 100000 коинов на danger и проиграл при выигрышном цвете primary
15:38:50 | ID 567131617 пополнил баланс на 100000000 коинов
15:39:44 | Розыгрыш ставок для игры №5751:
ID 567131617 поставил 100000 коинов на danger и выиграл 200000 коинов при выигрышном цвете danger
15:40:29 | Розыгрыш ставок для игры №5752:
ID 567131617 поставил 100000 коинов на primary и проиграл при выигрышном цвете danger
ID 514345148 поставил 2010 коинов на primary и проиграл при выигрышном цвете danger
15:41:13 | Розыгрыш ставок для игры №5753:
ID 567131617 поставил 100000 коинов на primary и выиграл 200000 коинов при выигрышном цвете primary
ID 514345148 поставил 1000 коинов на danger и проиграл при выигрышном цвете primary
15:42:06 | Розыгрыш ставок для игры №5754:
ID 567131617 поставил 100000 коинов на primary и проиграл при выигрышном цвете danger
ID 514345148 поставил 1000 коинов на success и проиграл при выигрышном цвете danger
15:42:50 | Розыгрыш ставок для игры №5755:
ID 567131617 поставил 100000 коинов на primary и проиграл при выигрышном цвете danger
ID 514345148 поставил 1000 коинов на primary и проиграл при выигрышном цвете danger
15:42:52 | ID 378600740 пополнил баланс на 1000000000 коинов
15:43:44 | Розыгрыш ставок для игры №5756:
ID 378600740 поставил 100000 коинов на primary и проиграл при выигрышном цвете danger
15:44:35 | Розыгрыш ставок для игры №5757:
ID 378600740 поставил 875000 коинов на primary и выиграл 1750000 коинов при выигрышном цвете primary
15:44:59 | ID 551681443 пополнил баланс на 200000000 коинов
15:45:11 | ID 378600740 запросил вывод 1000000 коинов; VKC response code: 200
15:45:28 | Розыгрыш ставок для игры №5758:
ID 378600740 поставил 275000 коинов на primary и выиграл 550000 коинов при выигрышном цвете primary
15:46:16 | Розыгрыш ставок для игры №5759:
ID 551681443 поставил 200000 коинов на primary и проиграл при выигрышном цвете danger
ID 378600740 поставил 50000 коинов на success и проиграл при выигрышном цвете danger
15:46:59 | Розыгрыш ставок для игры №5760:
ID 378600740 поставил 50000 коинов на success и проиграл при выигрышном цвете primary
15:47:38 | ID 551681443 пополнил баланс на 6000000000 коинов
15:47:43 | Розыгрыш ставок для игры №5761:
ID 378600740 поставил 200000 коинов на primary и выиграл 400000 коинов при выигрышном цвете primary
15:48:26 | Розыгрыш ставок для игры №5762:
ID 378600740 поставил 50000 коинов на success и проиграл при выигрышном цвете danger
ID 551681443 поставил 1000000 коинов на primary и проиграл при выигрышном цвете danger
15:49:10 | Розыгрыш ставок для игры №5763:
ID 378600740 поставил 50000 коинов на success и проиграл при выигрышном цвете primary
ID 594058724 поставил 200000 коинов на primary и выиграл 400000 коинов при выигрышном цвете primary
ID 551681443 поставил 1000000 коинов на danger и проиграл при выигрышном цвете primary
15:49:52 | Розыгрыш ставок для игры №5764:
ID 378600740 поставил 50000 коинов на success и проиграл при выигрышном цвете primary
ID 551681443 поставил 1000000 коинов на primary и выиграл 2000000 коинов при выигрышном цвете primary
15:50:35 | Розыгрыш ставок для игры №5765:
ID 378600740 поставил 50000 коинов на success и проиграл при выигрышном цвете primary
15:51:25 | Розыгрыш ставок для игры №5766:
ID 378600740 поставил 50000 коинов на success и проиграл при выигрышном цвете primary
15:52:12 | Розыгрыш ставок для игры №5767:
ID 378600740 поставил 200000 коинов на danger и выиграл 400000 коинов при выигрышном цвете danger
ID 586853505 поставил 6000 коинов на success и проиграл при выигрышном цвете danger
15:52:59 | Розыгрыш ставок для игры №5768:
ID 378600740 поставил 50000 коинов на success и проиграл при выигрышном цвете primary
15:53:46 | Розыгрыш ставок для игры №5769:
ID 378600740 поставил 50000 коинов на success и проиграл при выигрышном цвете primary
15:54:29 | Розыгрыш ставок для игры №5770:
ID 378600740 поставил 50000 коинов на success и проиграл при выигрышном цвете danger
15:55:11 | Розыгрыш ставок для игры №5771:
ID 378600740 поставил 50000 коинов на success и проиграл при выигрышном цвете primary
15:55:21 | ID 529497325 пополнил баланс на 3000000 коинов
15:55:54 | Розыгрыш ставок для игры №5772:
ID 378600740 поставил 400000 коинов на primary и проиграл при выигрышном цвете danger
15:56:37 | Розыгрыш ставок для игры №5773:
ID 378600740 поставил 400000 коинов на primary и проиграл при выигрышном цвете danger
15:57:07 | ID 378600740 пополнил баланс на 500000000 коинов
15:57:20 | Розыгрыш ставок для игры №5774:
ID 378600740 поставил 100000 коинов на primary и выиграл 200000 коинов при выигрышном цвете primary
15:58:08 | Розыгрыш ставок для игры №5775:
ID 378600740 поставил 50000 коинов на success и проиграл при выигрышном цвете primary
15:58:51 | Розыгрыш ставок для игры №5776:
ID 378600740 поставил 100000 коинов на primary и выиграл 200000 коинов при выигрышном цвете primary
ID 529497325 поставил 3000 коинов на success и проиграл при выигрышном цвете primary
16:00:21 | Розыгрыш ставок для игры №5777:
ID 378600740 поставил 50000 коинов на success и выиграл 700000 коинов при выигрышном цвете success
16:01:09 | ID 378600740 запросил вывод 700000 коинов; VKC response code: 200
16:01:26 | Розыгрыш ставок для игры №5778:
ID 378600740 поставил 400000 коинов на danger и выиграл 800000 коинов при выигрышном цвете danger
16:02:07 | ID 378600740 запросил вывод 500000 коинов; VKC response code: 200
16:02:27 | Розыгрыш ставок для игры №5779:
ID 378600740 поставил 200000 коинов на primary и выиграл 400000 коинов при выигрышном цвете primary
16:03:29 | Розыгрыш ставок для игры №5780:
ID 378600740 поставил 200000 коинов на danger и проиграл при выигрышном цвете primary
16:04:19 | Розыгрыш ставок для игры №5781:
ID 378600740 поставил 400000 коинов на danger и выиграл 800000 коинов при выигрышном цвете danger
16:05:34 | Розыгрыш ставок для игры №5782:
ID 566204850 поставил 100000 коинов на danger и выиграл 200000 коинов при выигрышном цвете danger
ID 378600740 поставил 200000 коинов на danger и выиграл 400000 коинов при выигрышном цвете danger
16:05:53 | ID 378600740 запросил вывод 400000 коинов; VKC response code: 200
16:06:27 | Розыгрыш ставок для игры №5783:
ID 378600740 поставил 800000 коинов на primary и выиграл 1600000 коинов при выигрышном цвете primary
16:07:15 | ID 551681443 пополнил баланс на 100000000 коинов
16:07:19 | Розыгрыш ставок для игры №5784:
ID 378600740 поставил 400000 коинов на primary и проиграл при выигрышном цвете danger
16:08:06 | Розыгрыш ставок для игры №5785:
ID 551681443 поставил 100000 коинов на danger и выиграл 200000 коинов при выигрышном цвете danger
ID 378600740 поставил 400000 коинов на danger и выиграл 800000 коинов при выигрышном цвете danger
16:08:26 | ID 378600740 запросил вывод 600000 коинов; VKC response code: 200
16:08:39 | ID 551681443 запросил вывод 5200000 коинов; VKC response code: 200
16:08:59 | Розыгрыш ставок для игры №5786:
ID 378600740 поставил 200000 коинов на danger и проиграл при выигрышном цвете success
16:09:43 | Розыгрыш ставок для игры №5787:
ID 378600740 поставил 800000 коинов на primary и выиграл 1600000 коинов при выигрышном цвете primary
16:10:47 | ID 507421073 пополнил баланс на 1000000 коинов
16:11:01 | ID 378600740 запросил вывод 800000 коинов; VKC response code: 200
16:11:24 | Розыгрыш ставок для игры №5788:
ID 378600740 поставил 300000 коинов на danger и проиграл при выигрышном цвете primary
16:12:21 | Розыгрыш ставок для игры №5789:
ID 378600740 поставил 500000 коинов на danger и проиграл при выигрышном цвете primary
16:13:02 | ID 507421073 пополнил баланс на 250000000 коинов
16:13:08 | Розыгрыш ставок для игры №5790:
ID 507421073 поставил 1000 коинов на success и проиграл при выигрышном цвете danger
16:13:59 | Розыгрыш ставок для игры №5791:
ID 507421073 поставил 50000 коинов на success и проиграл при выигрышном цвете primary
16:14:15 | ID 219286763 пополнил баланс на 705000000 коинов
16:14:40 | Розыгрыш ставок для игры №5792:
ID 507421073 поставил 50000 коинов на success и проиграл при выигрышном цвете primary
ID 219286763 поставил 705000 коинов на danger и проиграл при выигрышном цвете primary
16:15:24 | Розыгрыш ставок для игры №5793:
ID 507421073 поставил 100000 коинов на success и проиграл при выигрышном цвете primary
16:16:07 | Розыгрыш ставок для игры №5794:
ID 507421073 поставил 50000 коинов на success и проиграл при выигрышном цвете primary
16:19:04 | ID 542425425 пополнил баланс на 100000000 коинов
16:20:07 | Розыгрыш ставок для игры №5795:
ID 542425425 поставил 50000 коинов на primary и проиграл при выигрышном цвете danger
16:20:50 | Розыгрыш ставок для игры №5796:
ID 542425425 поставил 50000 коинов на primary и выиграл 100000 коинов при выигрышном цвете primary
16:21:36 | Розыгрыш ставок для игры №5797:
ID 542425425 поставил 50000 коинов на danger и выиграл 100000 коинов при выигрышном цвете danger
16:22:22 | Розыгрыш ставок для игры №5798:
ID 542425425 поставил 50000 коинов на danger и проиграл при выигрышном цвете success
16:23:11 | Розыгрыш ставок для игры №5799:
ID 542425425 поставил 50000 коинов на danger и выиграл 100000 коинов при выигрышном цвете danger
16:23:55 | Розыгрыш ставок для игры №5800:
ID 542425425 поставил 50000 коинов на primary и выиграл 100000 коинов при выигрышном цвете primary
16:24:42 | Розыгрыш ставок для игры №5801:
ID 542425425 поставил 50000 коинов на danger и проиграл при выигрышном цвете primary
16:25:07 | ID 469132408 пополнил баланс на 185124000 коинов
16:25:25 | Розыгрыш ставок для игры №5802:
ID 542425425 поставил 50000 коинов на success и проиграл при выигрышном цвете primary
16:26:10 | Розыгрыш ставок для игры №5803:
ID 542425425 поставил 100000 коинов на danger и выиграл 200000 коинов при выигрышном цвете danger
ID 469132408 поставил 5124 коинов на success и проиграл при выигрышном цвете danger
16:26:57 | Розыгрыш ставок для игры №5804:
ID 542425425 поставил 50000 коинов на danger и проиграл при выигрышном цвете success
ID 469132408 поставил 10000 коинов на primary и проиграл при выигрышном цвете success
16:27:43 | Розыгрыш ставок для игры №5805:
ID 542425425 поставил 150000 коинов на danger и проиграл при выигрышном цвете primary
ID 469132408 поставил 30000 коинов на primary и выиграл 60000 коинов при выигрышном цвете primary
16:28:38 | Розыгрыш ставок для игры №5806:
ID 469132408 поставил 20000 коинов на danger и проиграл при выигрышном цвете primary
16:29:28 | Розыгрыш ставок для игры №5807:
ID 469132408 поставил 40000 коинов на danger и проиграл при выигрышном цвете primary
16:30:11 | Розыгрыш ставок для игры №5808:
ID 469132408 поставил 50000 коинов на danger и выиграл 100000 коинов при выигрышном цвете danger
16:31:03 | Розыгрыш ставок для игры №5809:
ID 469132408 поставил 20000 коинов на primary и выиграл 40000 коинов при выигрышном цвете primary
16:31:50 | Розыгрыш ставок для игры №5810:
ID 469132408 поставил 10000 коинов на primary и проиграл при выигрышном цвете success
16:32:50 | Розыгрыш ставок для игры №5811:
ID 469132408 поставил 20000 коинов на primary и проиграл при выигрышном цвете danger
16:33:40 | Розыгрыш ставок для игры №5812:
ID 469132408 поставил 60000 коинов на primary и выиграл 120000 коинов при выигрышном цвете primary
16:34:26 | Розыгрыш ставок для игры №5813:
ID 469132408 поставил 20000 коинов на danger и выиграл 40000 коинов при выигрышном цвете danger
16:35:39 | Розыгрыш ставок для игры №5814:
ID 469132408 поставил 20000 коинов на primary и выиграл 40000 коинов при выигрышном цвете primary
16:37:28 | Розыгрыш ставок для игры №5815:
ID 469132408 поставил 20000 коинов на primary и проиграл при выигрышном цвете danger
16:39:31 | Розыгрыш ставок для игры №5816:
ID 469132408 поставил 40000 коинов на danger и выиграл 80000 коинов при выигрышном цвете danger
16:43:35 | Розыгрыш ставок для игры №5817:
ID 469132408 поставил 20000 коинов на primary и проиграл при выигрышном цвете danger
16:44:19 | Розыгрыш ставок для игры №5818:
ID 469132408 поставил 40000 коинов на primary и выиграл 80000 коинов при выигрышном цвете primary
16:46:17 | Розыгрыш ставок для игры №5819:
ID 469132408 поставил 20000 коинов на primary и выиграл 40000 коинов при выигрышном цвете primary
16:52:22 | ID 532120153 пополнил баланс на 357000000 коинов
16:52:57 | Розыгрыш ставок для игры №5820:
ID 532120153 поставил 357000 коинов на success и проиграл при выигрышном цвете primary
16:58:12 | ID 487326429 запросил вывод 604 коинов; VKC response code: 200
17:01:13 | Розыгрыш ставок для игры №5821:
ID 4342136 поставил 1000 коинов на success и проиграл при выигрышном цвете primary
17:18:34 | ID 323673574 пополнил баланс на 500000000 коинов
17:19:24 | Розыгрыш ставок для игры №5822:
ID 323673574 поставил 5000 коинов на success и проиграл при выигрышном цвете danger
17:20:27 | Розыгрыш ставок для игры №5823:
ID 323673574 поставил 5000 коинов на success и проиграл при выигрышном цвете danger
17:21:16 | Розыгрыш ставок для игры №5824:
ID 323673574 поставил 10000 коинов на success и проиграл при выигрышном цвете primary
17:22:04 | Розыгрыш ставок для игры №5825:
ID 323673574 поставил 80000 коинов на success и проиграл при выигрышном цвете danger
17:25:19 | Розыгрыш ставок для игры №5826:
ID 323673574 поставил 100000 коинов на success и проиграл при выигрышном цвете danger
17:26:03 | Розыгрыш ставок для игры №5827:
ID 323673574 поставил 300000 коинов на success и проиграл при выигрышном цвете danger
17:27:03 | ID 585385669 пополнил баланс на 50000000 коинов
17:27:47 | Розыгрыш ставок для игры №5828:
ID 585385669 поставил 10000 коинов на danger и проиграл при выигрышном цвете primary
17:28:32 | Розыгрыш ставок для игры №5829:
ID 585385669 поставил 10000 коинов на danger и выиграл 20000 коинов при выигрышном цвете danger
17:28:38 | ID 263558094 пополнил баланс на 100000000 коинов
17:29:16 | Розыгрыш ставок для игры №5830:
ID 263558094 поставил 10000 коинов на primary и проиграл при выигрышном цвете danger
ID 585385669 поставил 5000 коинов на danger и выиграл 10000 коинов при выигрышном цвете danger
17:30:05 | Розыгрыш ставок для игры №5831:
ID 263558094 поставил 20000 коинов на primary и выиграл 40000 коинов при выигрышном цвете primary
ID 585385669 поставил 10000 коинов на danger и проиграл при выигрышном цвете primary
17:30:58 | Розыгрыш ставок для игры №5832:
ID 585385669 поставил 20000 коинов на primary и выиграл 40000 коинов при выигрышном цвете primary
ID 263558094 поставил 20000 коинов на danger и проиграл при выигрышном цвете primary
17:31:45 | Розыгрыш ставок для игры №5833:
ID 263558094 поставил 20000 коинов на danger и проиграл при выигрышном цвете primary
17:32:35 | Розыгрыш ставок для игры №5834:
ID 585385669 поставил 5000 коинов на danger и выиграл 10000 коинов при выигрышном цвете danger
ID 263558094 поставил 70000 коинов на danger и выиграл 140000 коинов при выигрышном цвете danger
17:33:22 | Розыгрыш ставок для игры №5835:
ID 585385669 поставил 5000 коинов на danger и проиграл при выигрышном цвете primary
ID 263558094 поставил 50000 коинов на primary и выиграл 100000 коинов при выигрышном цвете primary
17:33:43 | ID 263558094 запросил вывод 190000 коинов; VKC response code: 200
17:34:19 | Розыгрыш ставок для игры №5836:
ID 585385669 поставил 10000 коинов на primary и выиграл 20000 коинов при выигрышном цвете primary
17:36:31 | Розыгрыш ставок для игры №5837:
ID 585385669 поставил 20000 коинов на primary и проиграл при выигрышном цвете danger
17:37:20 | Розыгрыш ставок для игры №5838:
ID 585385669 поставил 20000 коинов на danger и проиграл при выигрышном цвете primary
17:38:10 | Розыгрыш ставок для игры №5839:
ID 585385669 поставил 35000 коинов на primary и выиграл 70000 коинов при выигрышном цвете primary
17:39:06 | Розыгрыш ставок для игры №5840:
ID 585385669 поставил 4375 коинов на success и проиграл при выигрышном цвете danger
17:39:59 | Розыгрыш ставок для игры №5841:
ID 585385669 поставил 35000 коинов на danger и выиграл 70000 коинов при выигрышном цвете danger
17:41:29 | Розыгрыш ставок для игры №5842:
ID 585385669 поставил 5000 коинов на success и проиграл при выигрышном цвете primary
17:42:35 | Розыгрыш ставок для игры №5843:
ID 585385669 поставил 5000 коинов на success и проиграл при выигрышном цвете primary
17:48:38 | Розыгрыш ставок для игры №5844:
ID 585385669 поставил 20000 коинов на primary и проиграл при выигрышном цвете danger
17:49:23 | Розыгрыш ставок для игры №5845:
ID 585385669 поставил 40000 коинов на danger и проиграл при выигрышном цвете primary
17:50:15 | Розыгрыш ставок для игры №5846:
ID 585385669 поставил 10000 коинов на success и проиграл при выигрышном цвете danger
17:50:58 | Розыгрыш ставок для игры №5847:
ID 585385669 поставил 10000 коинов на success и проиграл при выигрышном цвете danger
17:51:45 | Розыгрыш ставок для игры №5848:
ID 585385669 поставил 10625 коинов на success и проиграл при выигрышном цвете danger
18:03:46 | Розыгрыш ставок для игры №5849:
ID 465094197 поставил 1000 коинов на primary и выиграл 2000 коинов при выигрышном цвете primary
18:07:16 | ID 583081367 пополнил баланс на 1000000000 коинов
18:07:52 | Розыгрыш ставок для игры №5850:
ID 583081367 поставил 500000 коинов на danger и проиграл при выигрышном цвете primary
18:08:15 | ID 583081367 пополнил баланс на 1000000000 коинов
18:08:34 | Розыгрыш ставок для игры №5851:
ID 583081367 поставил 500000 коинов на danger и выиграл 1000000 коинов при выигрышном цвете danger
18:09:18 | ID 583081367 запросил вывод 2000000 коинов; VKC response code: 200
18:21:27 | ID 570138518 пополнил баланс на 175000000 коинов
18:22:22 | Розыгрыш ставок для игры №5852:
ID 570138518 поставил 175000 коинов на danger и проиграл при выигрышном цвете primary
18:27:52 | Розыгрыш ставок для игры №5853:
ID 593989817 поставил 1000 коинов на primary и проиграл при выигрышном цвете danger
18:54:11 | ID 451927268 пополнил баланс на 2000000000 коинов
18:54:53 | Розыгрыш ставок для игры №5854:
ID 451927268 поставил 5000 коинов на success и проиграл при выигрышном цвете primary
ID 465094197 поставил 5000 коинов на primary и выиграл 10000 коинов при выигрышном цвете primary
18:55:45 | Розыгрыш ставок для игры №5855:
ID 451927268 поставил 5000 коинов на danger и проиграл при выигрышном цвете primary
18:56:32 | Розыгрыш ставок для игры №5856:
ID 451927268 поставил 5000 коинов на danger и проиграл при выигрышном цвете primary
ID 465094197 поставил 5000 коинов на danger и проиграл при выигрышном цвете primary
18:57:16 | Розыгрыш ставок для игры №5857:
ID 451927268 поставил 5000 коинов на danger и выиграл 10000 коинов при выигрышном цвете danger
ID 465094197 поставил 50000 коинов на danger и выиграл 100000 коинов при выигрышном цвете danger
18:58:07 | Розыгрыш ставок для игры №5858:
ID 451927268 поставил 20000 коинов на danger и проиграл при выигрышном цвете primary
ID 465094197 поставил 150000 коинов на danger и проиграл при выигрышном цвете primary
18:58:53 | Розыгрыш ставок для игры №5859:
ID 451927268 поставил 20000 коинов на primary и проиграл при выигрышном цвете danger
ID 465094197 поставил 300000 коинов на primary и проиграл при выигрышном цвете danger
18:59:24 | ID 465094197 пополнил баланс на 1000000000 коинов
18:59:43 | Розыгрыш ставок для игры №5860:
ID 451927268 поставил 200000 коинов на danger и выиграл 400000 коинов при выигрышном цвете danger
ID 465094197 поставил 1000000 коинов на danger и выиграл 2000000 коинов при выигрышном цвете danger
19:01:22 | Розыгрыш ставок для игры №5861:
ID 451927268 поставил 400000 коинов на danger и выиграл 800000 коинов при выигрышном цвете danger
ID 465094197 поставил 62500 коинов на primary и проиграл при выигрышном цвете danger
19:02:12 | Розыгрыш ставок для игры №5862:
ID 451927268 поставил 100000 коинов на danger и выиграл 200000 коинов при выигрышном цвете danger
ID 465094197 поставил 800000 коинов на danger и выиграл 1600000 коинов при выигрышном цвете danger
19:03:02 | Розыгрыш ставок для игры №5863:
ID 451927268 поставил 50000 коинов на primary и выиграл 100000 коинов при выигрышном цвете primary
ID 465094197 поставил 50000 коинов на danger и проиграл при выигрышном цвете primary
19:03:02 | Розыгрыш ставок для игры №5864:
ID 451927268 поставил 50000 коинов на primary и выиграл 100000 коинов при выигрышном цвете primary
ID 465094197 поставил 50000 коинов на danger и проиграл при выигрышном цвете primary
19:03:48 | Розыгрыш ставок для игры №5865:
ID 451927268 поставил 100000 коинов на primary и проиграл при выигрышном цвете danger
ID 465094197 поставил 700000 коинов на primary и проиграл при выигрышном цвете danger
19:04:38 | Розыгрыш ставок для игры №5866:
ID 451927268 поставил 400000 коинов на danger и выиграл 800000 коинов при выигрышном цвете danger
ID 465094197 поставил 1200000 коинов на danger и выиграл 2400000 коинов при выигрышном цвете danger
19:05:24 | Розыгрыш ставок для игры №5867:
ID 451927268 поставил 200000 коинов на danger и выиграл 400000 коинов при выигрышном цвете danger
ID 465094197 поставил 50000 коинов на primary и проиграл при выигрышном цвете danger
19:06:13 | Розыгрыш ставок для игры №5868:
ID 451927268 поставил 50000 коинов на danger и проиграл при выигрышном цвете primary
19:07:04 | Розыгрыш ставок для игры №5869:
ID 451927268 поставил 50000 коинов на primary и проиграл при выигрышном цвете danger
ID 465094197 поставил 50000 коинов на primary и проиграл при выигрышном цвете danger
19:07:55 | Розыгрыш ставок для игры №5870:
ID 451927268 поставил 200000 коинов на danger и проиграл при выигрышном цвете primary
ID 465094197 поставил 300000 коинов на danger и проиграл при выигрышном цвете primary
19:09:07 | ID 465094197 запросил вывод 500000 коинов; VKC response code: 200
19:21:18 | ID 465094197 запросил вывод 2000000 коинов; VKC response code: 200
19:52:58 | ID 573244970 запросил вывод 103750 коинов; VKC response code: 200
19:53:09 | Розыгрыш ставок для игры №5871:
ID 573244970 поставил 30000 коинов на primary и проиграл при выигрышном цвете danger
20:00:48 | ID 594058724 пополнил баланс на 2222222000 коинов
20:01:18 | ID 567157840 пополнил баланс на 70000000 коинов
20:01:58 | Розыгрыш ставок для игры №5872:
ID 567157840 поставил 10000 коинов на primary и проиграл при выигрышном цвете danger
20:03:13 | Розыгрыш ставок для игры №5873:
ID 567157840 поставил 10000 коинов на primary и проиграл при выигрышном цвете danger
20:03:56 | ID 567157840 запросил вывод 10000 коинов; VKC response code: 200
20:03:58 | Розыгрыш ставок для игры №5874:
ID 567157840 поставил 40000 коинов на primary и выиграл 80000 коинов при выигрышном цвете primary
20:05:04 | Розыгрыш ставок для игры №5875:
ID 567157840 поставил 5000 коинов на primary и выиграл 10000 коинов при выигрышном цвете primary
20:05:54 | Розыгрыш ставок для игры №5876:
ID 567157840 поставил 5000 коинов на danger и проиграл при выигрышном цвете primary
20:05:57 | ID 284323794 пополнил баланс на 100000000 коинов
20:06:40 | Розыгрыш ставок для игры №5877:
ID 284323794 поставил 50000 коинов на primary и проиграл при выигрышном цвете danger
20:07:29 | Розыгрыш ставок для игры №5878:
ID 284323794 поставил 50000 коинов на danger и выиграл 100000 коинов при выигрышном цвете danger
ID 567157840 поставил 5000 коинов на danger и выиграл 10000 коинов при выигрышном цвете danger
20:08:14 | Розыгрыш ставок для игры №5879:
ID 567157840 поставил 5000 коинов на primary и проиграл при выигрышном цвете danger
ID 284323794 поставил 30000 коинов на danger и выиграл 60000 коинов при выигрышном цвете danger
20:09:05 | Розыгрыш ставок для игры №5880:
ID 567157840 поставил 10000 коинов на primary и выиграл 20000 коинов при выигрышном цвете primary
ID 284323794 поставил 25000 коинов на danger и проиграл при выигрышном цвете primary
20:09:29 | ID 583081367 пополнил баланс на 1000000000 коинов
20:10:04 | Розыгрыш ставок для игры №5881:
ID 567157840 поставил 5000 коинов на primary и выиграл 10000 коинов при выигрышном цвете primary
ID 583081367 поставил 50000 коинов на primary и выиграл 100000 коинов при выигрышном цвете primary
ID 284323794 поставил 105000 коинов на success и проиграл при выигрышном цвете primary
20:10:51 | Розыгрыш ставок для игры №5882:
ID 567157840 поставил 5000 коинов на primary и выиграл 10000 коинов при выигрышном цвете primary
ID 583081367 поставил 500000 коинов на danger и проиграл при выигрышном цвете primary
20:11:18 | ID 583081367 пополнил баланс на 500000000 коинов
20:11:50 | Розыгрыш ставок для игры №5883:
ID 567157840 поставил 5000 коинов на danger и выиграл 10000 коинов при выигрышном цвете danger
ID 583081367 поставил 1050000 коинов на danger и выиграл 2100000 коинов при выигрышном цвете danger
20:12:18 | ID 583081367 запросил вывод 1850000 коинов; VKC response code: 200
20:12:36 | Розыгрыш ставок для игры №5884:
ID 567157840 поставил 5000 коинов на danger и проиграл при выигрышном цвете primary
ID 583081367 поставил 250000 коинов на danger и проиграл при выигрышном цвете primary
20:13:24 | Розыгрыш ставок для игры №5885:
ID 567157840 поставил 5000 коинов на danger и проиграл при выигрышном цвете primary
20:14:10 | Розыгрыш ставок для игры №5886:
ID 567157840 поставил 20000 коинов на danger и проиграл при выигрышном цвете primary
ID 406847065 поставил 1000 коинов на primary и выиграл 2000 коинов при выигрышном цвете primary
20:14:55 | Розыгрыш ставок для игры №5887:
ID 567157840 поставил 40000 коинов на danger и выиграл 80000 коинов при выигрышном цвете danger
ID 406847065 поставил 2000 коинов на danger и выиграл 4000 коинов при выигрышном цвете danger
20:15:41 | Розыгрыш ставок для игры №5888:
ID 406847065 поставил 4000 коинов на success и проиграл при выигрышном цвете danger
20:16:26 | Розыгрыш ставок для игры №5889:
ID 567157840 поставил 5000 коинов на danger и выиграл 10000 коинов при выигрышном цвете danger
20:17:18 | Розыгрыш ставок для игры №5890:
ID 567157840 поставил 5000 коинов на primary и выиграл 10000 коинов при выигрышном цвете primary
20:17:48 | ID 567157840 запросил вывод 125000 коинов; VKC response code: 200
20:19:13 | ID 567157840 пополнил баланс на 50000000 коинов
20:19:51 | Розыгрыш ставок для игры №5891:
ID 567157840 поставил 5000 коинов на primary и проиграл при выигрышном цвете danger
20:20:42 | Розыгрыш ставок для игры №5892:
ID 567157840 поставил 5000 коинов на primary и выиграл 10000 коинов при выигрышном цвете primary
20:21:31 | Розыгрыш ставок для игры №5893:
ID 567157840 поставил 5000 коинов на danger и проиграл при выигрышном цвете primary
20:22:15 | Розыгрыш ставок для игры №5894:
ID 567157840 поставил 10000 коинов на danger и выиграл 20000 коинов при выигрышном цвете danger
20:23:03 | ID 284323794 пополнил баланс на 100000000 коинов
20:23:14 | Розыгрыш ставок для игры №5895:
ID 567157840 поставил 5000 коинов на danger и проиграл при выигрышном цвете primary
ID 284323794 поставил 50000 коинов на primary и выиграл 100000 коинов при выигрышном цвете primary
20:24:01 | Розыгрыш ставок для игры №5896:
ID 567157840 поставил 5000 коинов на danger и проиграл при выигрышном цвете primary
ID 284323794 поставил 25000 коинов на danger и проиграл при выигрышном цвете primary
20:24:01 | Розыгрыш ставок для игры №5897:
ID 567157840 поставил 5000 коинов на danger и выиграл 10000 коинов при выигрышном цвете danger
ID 284323794 поставил 25000 коинов на danger и выиграл 50000 коинов при выигрышном цвете danger
20:24:27 | ID 363681440 пополнил баланс на 100000000 коинов
20:24:47 | Розыгрыш ставок для игры №5898:
ID 567157840 поставил 10000 коинов на danger и выиграл 20000 коинов при выигрышном цвете danger
ID 284323794 поставил 25000 коинов на primary и проиграл при выигрышном цвете danger
ID 363681440 поставил 10000 коинов на danger и выиграл 20000 коинов при выигрышном цвете danger
20:25:32 | Розыгрыш ставок для игры №5899:
ID 567157840 поставил 5000 коинов на primary и проиграл при выигрышном цвете success
ID 363681440 поставил 10000 коинов на primary и проиграл при выигрышном цвете success
ID 284323794 поставил 59999 коинов на danger и проиграл при выигрышном цвете success
20:26:19 | Розыгрыш ставок для игры №5900:
ID 284323794 поставил 90001 коинов на danger и проиграл при выигрышном цвете primary
ID 567157840 поставил 10000 коинов на primary и выиграл 20000 коинов при выигрышном цвете primary
ID 363681440 поставил 10000 коинов на danger и проиграл при выигрышном цвете primary
20:27:04 | Розыгрыш ставок для игры №5901:
ID 567157840 поставил 5000 коинов на danger и проиграл при выигрышном цвете success
ID 363681440 поставил 40000 коинов на danger и проиграл при выигрышном цвете success
20:27:50 | Розыгрыш ставок для игры №5902:
ID 363681440 поставил 50000 коинов на danger и выиграл 100000 коинов при выигрышном цвете danger
ID 567157840 поставил 15000 коинов на danger и выиграл 30000 коинов при выигрышном цвете danger
20:28:41 | Розыгрыш ставок для игры №5903:
ID 363681440 поставил 10000 коинов на success и проиграл при выигрышном цвете primary
20:29:28 | Розыгрыш ставок для игры №5904:
ID 363681440 поставил 20000 коинов на success и проиграл при выигрышном цвете danger
ID 567157840 поставил 5000 коинов на primary и проиграл при выигрышном цвете danger
20:30:23 | Розыгрыш ставок для игры №5905:
ID 567157840 поставил 5000 коинов на primary и выиграл 10000 коинов при выигрышном цвете primary
ID 363681440 поставил 70000 коинов на primary и выиграл 140000 коинов при выигрышном цвете primary
20:30:51 | ID 363681440 запросил вывод 100000 коинов; VKC response code: 200
20:31:19 | Розыгрыш ставок для игры №5906:
ID 567157840 поставил 5000 коинов на danger и выиграл 10000 коинов при выигрышном цвете danger
ID 363681440 поставил 10000 коинов на success и проиграл при выигрышном цвете danger
20:32:06 | Розыгрыш ставок для игры №5907:
ID 363681440 поставил 30000 коинов на danger и проиграл при выигрышном цвете primary
ID 567157840 поставил 5000 коинов на primary и выиграл 10000 коинов при выигрышном цвете primary
20:32:24 | ID 363681440 пополнил баланс на 100000000 коинов
20:32:53 | Розыгрыш ставок для игры №5908:
ID 567157840 поставил 5000 коинов на danger и выиграл 10000 коинов при выигрышном цвете danger
ID 469132408 поставил 40000 коинов на primary и проиграл при выигрышном цвете danger
ID 363681440 поставил 10000 коинов на danger и выиграл 20000 коинов при выигрышном цвете danger
20:33:38 | Розыгрыш ставок для игры №5909:
ID 363681440 поставил 10000 коинов на primary и выиграл 20000 коинов при выигрышном цвете primary
ID 567157840 поставил 5000 коинов на danger и проиграл при выигрышном цвете primary
20:34:26 | Розыгрыш ставок для игры №5910:
ID 567157840 поставил 10000 коинов на danger и выиграл 20000 коинов при выигрышном цвете danger
ID 363681440 поставил 10000 коинов на success и проиграл при выигрышном цвете danger
20:35:39 | Розыгрыш ставок для игры №5911:
ID 363681440 поставил 80000 коинов на primary и выиграл 160000 коинов при выигрышном цвете primary
20:36:30 | ID 363681440 запросил вывод 100000 коинов; VKC response code: 200
20:36:31 | Розыгрыш ставок для игры №5912:
ID 567157840 поставил 5000 коинов на primary и выиграл 10000 коинов при выигрышном цвете primary
20:37:16 | Розыгрыш ставок для игры №5913:
ID 363681440 поставил 10000 коинов на success и проиграл при выигрышном цвете danger
ID 567157840 поставил 5000 коинов на danger и выиграл 10000 коинов при выигрышном цвете danger
20:38:03 | Розыгрыш ставок для игры №5914:
ID 363681440 поставил 40000 коинов на danger и проиграл при выигрышном цвете success
20:38:53 | Розыгрыш ставок для игры №5915:
ID 363681440 поставил 40000 коинов на primary и выиграл 80000 коинов при выигрышном цвете primary
ID 567157840 поставил 5000 коинов на primary и выиграл 10000 коинов при выигрышном цвете primary
20:39:41 | Розыгрыш ставок для игры №5916:
ID 363681440 поставил 10000 коинов на success и проиграл при выигрышном цвете danger
ID 567157840 поставил 5000 коинов на primary и проиграл при выигрышном цвете danger
20:40:28 | Розыгрыш ставок для игры №5917:
ID 567157840 поставил 10000 коинов на primary и проиграл при выигрышном цвете danger
ID 363681440 поставил 20000 коинов на danger и выиграл 40000 коинов при выигрышном цвете danger
20:41:14 | Розыгрыш ставок для игры №5918:
ID 363681440 поставил 60000 коинов на primary и проиграл при выигрышном цвете danger
ID 567157840 поставил 20000 коинов на primary и проиграл при выигрышном цвете danger
20:42:00 | Розыгрыш ставок для игры №5919:
ID 363681440 поставил 30000 коинов на primary и выиграл 60000 коинов при выигрышном цвете primary
20:42:52 | Розыгрыш ставок для игры №5920:
ID 363681440 поставил 60000 коинов на primary и выиграл 120000 коинов при выигрышном цвете primary
ID 567157840 поставил 40000 коинов на primary и выиграл 80000 коинов при выигрышном цвете primary
20:43:19 | ID 363681440 запросил вывод 100000 коинов; VKC response code: 200
20:43:41 | Розыгрыш ставок для игры №5921:
ID 363681440 поставил 20000 коинов на danger и выиграл 40000 коинов при выигрышном цвете danger
ID 567157840 поставил 5000 коинов на danger и выиграл 10000 коинов при выигрышном цвете danger
20:44:26 | Розыгрыш ставок для игры №5922:
ID 363681440 поставил 10000 коинов на danger и выиграл 20000 коинов при выигрышном цвете danger
20:45:10 | Розыгрыш ставок для игры №5923:
ID 363681440 поставил 10000 коинов на danger и проиграл при выигрышном цвете primary
20:46:03 | Розыгрыш ставок для игры №5924:
ID 363681440 поставил 40000 коинов на primary и выиграл 80000 коинов при выигрышном цвете primary
20:47:08 | Розыгрыш ставок для игры №5925:
ID 567157840 поставил 10000 коинов на primary и проиграл при выигрышном цвете danger
ID 363681440 поставил 20000 коинов на primary и проиграл при выигрышном цвете danger
20:47:56 | Розыгрыш ставок для игры №5926:
ID 567157840 поставил 20000 коинов на primary и выиграл 40000 коинов при выигрышном цвете primary
ID 363681440 поставил 40000 коинов на danger и проиграл при выигрышном цвете primary
20:48:38 | ID 363681440 пополнил баланс на 1169000000 коинов
20:48:42 | Розыгрыш ставок для игры №5927:
ID 363681440 поставил 20000 коинов на danger и выиграл 40000 коинов при выигрышном цвете danger
ID 567157840 поставил 5000 коинов на danger и выиграл 10000 коинов при выигрышном цвете danger
20:49:10 | ID 363681440 запросил вывод 1000000 коинов; VKC response code: 200
20:49:31 | Розыгрыш ставок для игры №5928:
ID 567157840 поставил 5000 коинов на primary и проиграл при выигрышном цвете danger
ID 363681440 поставил 209000 коинов на danger и выиграл 418000 коинов при выигрышном цвете danger
20:50:26 | ID 363681440 запросил вывод 200000 коинов; VKC response code: 200
20:50:35 | Розыгрыш ставок для игры №5929:
ID 567157840 поставил 10000 коинов на primary и проиграл при выигрышном цвете danger
ID 594058724 поставил 22292 коинов на danger и выиграл 44584 коинов при выигрышном цвете danger
ID 363681440 поставил 218000 коинов на primary и проиграл при выигрышном цвете danger
20:51:05 | ID 363681440 пополнил баланс на 1163000000 коинов
20:51:21 | Розыгрыш ставок для игры №5930:
ID 594058724 поставил 100000 коинов на primary и проиграл при выигрышном цвете danger
ID 567157840 поставил 20000 коинов на primary и проиграл при выигрышном цвете danger
ID 363681440 поставил 1163000 коинов на primary и проиграл при выигрышном цвете danger
20:52:04 | Розыгрыш ставок для игры №5931:
ID 594058724 поставил 200000 коинов на primary и выиграл 400000 коинов при выигрышном цвете primary
ID 567157840 поставил 80000 коинов на primary и выиграл 160000 коинов при выигрышном цвете primary
20:52:48 | Розыгрыш ставок для игры №5932:
ID 594058724 поставил 100000 коинов на danger и выиграл 200000 коинов при выигрышном цвете danger
ID 567157840 поставил 10000 коинов на primary и проиграл при выигрышном цвете danger
20:53:57 | Розыгрыш ставок для игры №5933:
ID 567157840 поставил 20000 коинов на primary и выиграл 40000 коинов при выигрышном цвете primary
20:55:16 | Розыгрыш ставок для игры №5934:
ID 567157840 поставил 10000 коинов на primary и проиграл при выигрышном цвете danger
20:56:02 | Розыгрыш ставок для игры №5935:
ID 567157840 поставил 20000 коинов на primary и выиграл 40000 коинов при выигрышном цвете primary
20:56:02 | Розыгрыш ставок для игры №5936:
ID 567157840 поставил 20000 коинов на primary и проиграл при выигрышном цвете danger
20:56:39 | ID 562484851 пополнил баланс на 19000000 коинов
20:57:02 | Розыгрыш ставок для игры №5937:
ID 567157840 поставил 10000 коинов на danger и выиграл 20000 коинов при выигрышном цвете danger
ID 562484851 поставил 10000 коинов на primary и проиграл при выигрышном цвете danger
20:57:02 | Розыгрыш ставок для игры №5938:
ID 567157840 поставил 10000 коинов на danger и выиграл 20000 коинов при выигрышном цвете danger
ID 562484851 поставил 10000 коинов на primary и проиграл при выигрышном цвете danger
20:57:51 | Розыгрыш ставок для игры №5939:
ID 562484851 поставил 5000 коинов на primary и проиграл при выигрышном цвете danger
ID 567157840 поставил 5000 коинов на danger и выиграл 10000 коинов при выигрышном цвете danger
20:58:37 | Розыгрыш ставок для игры №5940:
ID 567157840 поставил 5000 коинов на primary и выиграл 10000 коинов при выигрышном цвете primary
ID 562484851 поставил 4000 коинов на danger и проиграл при выигрышном цвете primary
20:59:29 | Розыгрыш ставок для игры №5941:
ID 567157840 поставил 5000 коинов на primary и проиграл при выигрышном цвете danger
21:00:12 | Розыгрыш ставок для игры №5942:
ID 567157840 поставил 10000 коинов на primary и проиграл при выигрышном цвете danger
21:00:59 | Розыгрыш ставок для игры №5943:
ID 567157840 поставил 40000 коинов на primary и выиграл 80000 коинов при выигрышном цвете primary
21:02:24 | Розыгрыш ставок для игры №5944:
ID 567157840 поставил 10000 коинов на primary и проиграл при выигрышном цвете danger
21:03:09 | Розыгрыш ставок для игры №5945:
ID 567157840 поставил 20000 коинов на primary и выиграл 40000 коинов при выигрышном цвете primary
21:03:59 | Розыгрыш ставок для игры №5946:
ID 567157840 поставил 10000 коинов на primary и проиграл при выигрышном цвете danger
21:04:43 | Розыгрыш ставок для игры №5947:
ID 567157840 поставил 20000 коинов на primary и выиграл 40000 коинов при выигрышном цвете primary
21:05:35 | Розыгрыш ставок для игры №5948:
ID 567157840 поставил 5000 коинов на success и проиграл при выигрышном цвете primary
21:05:42 | ID 562427284 пополнил баланс на 95000000 коинов
21:06:20 | Розыгрыш ставок для игры №5949:
ID 567157840 поставил 5000 коинов на success и проиграл при выигрышном цвете primary
ID 562427284 поставил 95000 коинов на danger и проиграл при выигрышном цвете primary
21:07:06 | Розыгрыш ставок для игры №5950:
ID 567157840 поставил 5000 коинов на success и проиграл при выигрышном цвете danger
21:08:25 | Розыгрыш ставок для игры №5951:
ID 567157840 поставил 5000 коинов на success и проиграл при выигрышном цвете danger
21:09:57 | Розыгрыш ставок для игры №5952:
ID 567157840 поставил 5000 коинов на success и проиграл при выигрышном цвете danger
21:10:41 | Розыгрыш ставок для игры №5953:
ID 567157840 поставил 5000 коинов на danger и выиграл 10000 коинов при выигрышном цвете danger
21:12:10 | Розыгрыш ставок для игры №5954:
ID 567157840 поставил 5000 коинов на primary и выиграл 10000 коинов при выигрышном цвете primary
21:13:06 | Розыгрыш ставок для игры №5955:
ID 567157840 поставил 10000 коинов на primary и проиграл при выигрышном цвете success
21:13:51 | Розыгрыш ставок для игры №5956:
ID 567157840 поставил 10000 коинов на primary и проиграл при выигрышном цвете success
21:14:37 | Розыгрыш ставок для игры №5957:
ID 567157840 поставил 20000 коинов на primary и проиграл при выигрышном цвете danger
21:15:23 | Розыгрыш ставок для игры №5958:
ID 567157840 поставил 40000 коинов на primary и выиграл 80000 коинов при выигрышном цвете primary
21:16:23 | Розыгрыш ставок для игры №5959:
ID 567157840 поставил 10000 коинов на primary и выиграл 20000 коинов при выигрышном цвете primary
21:17:17 | Розыгрыш ставок для игры №5960:
ID 567157840 поставил 10000 коинов на danger и проиграл при выигрышном цвете success
21:18:10 | Розыгрыш ставок для игры №5961:
ID 567157840 поставил 20000 коинов на danger и проиграл при выигрышном цвете success
21:18:41 | ID 567157840 запросил вывод 200000 коинов; VKC response code: 200
21:19:04 | Розыгрыш ставок для игры №5962:
ID 567157840 поставил 55000 коинов на primary и выиграл 110000 коинов при выигрышном цвете primary
21:20:00 | Розыгрыш ставок для игры №5963:
ID 567157840 поставил 13750 коинов на danger и проиграл при выигрышном цвете primary
21:22:14 | Розыгрыш ставок для игры №5964:
ID 567157840 поставил 27500 коинов на danger и выиграл 55000 коинов при выигрышном цвете danger
21:22:25 | ID 586662085 пополнил баланс на 250000000 коинов
21:23:11 | Розыгрыш ставок для игры №5965:
ID 567157840 поставил 5000 коинов на primary и выиграл 10000 коинов при выигрышном цвете primary
ID 586662085 поставил 50000 коинов на primary и выиграл 100000 коинов при выигрышном цвете primary
21:23:56 | Розыгрыш ставок для игры №5966:
ID 586662085 поставил 50000 коинов на danger и выиграл 100000 коинов при выигрышном цвете danger
ID 567157840 поставил 5000 коинов на primary и проиграл при выигрышном цвете danger
21:24:49 | Розыгрыш ставок для игры №5967:
ID 567157840 поставил 15000 коинов на primary и выиграл 30000 коинов при выигрышном цвете primary
ID 586662085 поставил 50000 коинов на success и проиграл при выигрышном цвете primary
21:25:36 | Розыгрыш ставок для игры №5968:
ID 586662085 поставил 50000 коинов на success и проиграл при выигрышном цвете primary
ID 567157840 поставил 5000 коинов на danger и проиграл при выигрышном цвете primary
21:26:21 | Розыгрыш ставок для игры №5969:
ID 567157840 поставил 15000 коинов на danger и проиграл при выигрышном цвете primary
ID 586662085 поставил 100000 коинов на primary и выиграл 200000 коинов при выигрышном цвете primary
21:27:05 | Розыгрыш ставок для игры №5970:
ID 567157840 поставил 35000 коинов на danger и проиграл при выигрышном цвете primary
ID 586662085 поставил 150000 коинов на success и проиграл при выигрышном цвете primary
21:27:52 | Розыгрыш ставок для игры №5971:
ID 567157840 поставил 80000 коинов на danger и проиграл при выигрышном цвете primary
ID 586662085 поставил 200000 коинов на primary и выиграл 400000 коинов при выигрышном цвете primary
21:28:16 | ID 567157840 пополнил баланс на 200000000 коинов
21:28:56 | Розыгрыш ставок для игры №5972:
ID 586662085 поставил 100000 коинов на success и проиграл при выигрышном цвете primary
ID 567157840 поставил 200000 коинов на danger и проиграл при выигрышном цвете primary
ID 475178053 поставил 1000 коинов на success и проиграл при выигрышном цвете primary
21:29:21 | ID 586662085 запросил вывод 300000 коинов; VKC response code: 200
21:29:23 | ID 567157840 пополнил баланс на 1000000000 коинов
21:29:56 | Розыгрыш ставок для игры №5973:
ID 567157840 поставил 1000000 коинов на danger и выиграл 2000000 коинов при выигрышном цвете danger
21:30:56 | Розыгрыш ставок для игры №5974:
ID 567157840 поставил 100000 коинов на danger и проиграл при выигрышном цвете primary
21:31:24 | ID 567157840 запросил вывод 1600000 коинов; VKC response code: 200
21:31:42 | Розыгрыш ставок для игры №5975:
ID 567157840 поставил 300000 коинов на danger и проиграл при выигрышном цвете primary
21:32:37 | ID 567157840 пополнил баланс на 500000000 коинов
21:33:13 | Розыгрыш ставок для игры №5976:
ID 567157840 поставил 500000 коинов на danger и проиграл при выигрышном цвете primary
21:34:08 | ID 567157840 пополнил баланс на 1000000000 коинов
21:34:47 | Розыгрыш ставок для игры №5977:
ID 567157840 поставил 100000 коинов на danger и выиграл 200000 коинов при выигрышном цвете danger
21:35:30 | ID 563788044 пополнил баланс на 950000 коинов
21:35:32 | Розыгрыш ставок для игры №5978:
ID 567157840 поставил 100000 коинов на danger и выиграл 200000 коинов при выигрышном цвете danger
21:36:26 | Розыгрыш ставок для игры №5979:
ID 567157840 поставил 100000 коинов на danger и проиграл при выигрышном цвете primary
21:37:15 | Розыгрыш ставок для игры №5980:
ID 567157840 поставил 50000 коинов на success и проиграл при выигрышном цвете danger
21:38:05 | Розыгрыш ставок для игры №5981:
ID 567157840 поставил 1000000 коинов на danger и проиграл при выигрышном цвете primary
21:39:09 | Розыгрыш ставок для игры №5982:
ID 567157840 поставил 50000 коинов на danger и выиграл 100000 коинов при выигрышном цвете danger
22:27:48 | Розыгрыш ставок для игры №5983:
ID 591158645 поставил 1000 коинов на success и проиграл при выигрышном цвете danger
22:44:55 | Розыгрыш ставок для игры №5984:
ID 451927268 поставил 5000 коинов на success и проиграл при выигрышном цвете primary
ID 465094197 поставил 20000 коинов на primary и выиграл 40000 коинов при выигрышном цвете primary
22:45:40 | Розыгрыш ставок для игры №5985:
ID 451927268 поставил 5000 коинов на primary и выиграл 10000 коинов при выигрышном цвете primary
ID 465094197 поставил 5000 коинов на primary и выиграл 10000 коинов при выигрышном цвете primary
22:46:25 | Розыгрыш ставок для игры №5986:
ID 451927268 поставил 5000 коинов на primary и проиграл при выигрышном цвете danger
ID 465094197 поставил 35000 коинов на danger и выиграл 70000 коинов при выигрышном цвете danger
22:47:10 | Розыгрыш ставок для игры №5987:
ID 451927268 поставил 70000 коинов на danger и проиграл при выигрышном цвете primary
ID 465094197 поставил 45000 коинов на danger и проиграл при выигрышном цвете primary
22:47:59 | Розыгрыш ставок для игры №5988:
ID 451927268 поставил 10000 коинов на success и проиграл при выигрышном цвете primary
ID 465094197 поставил 15000 коинов на success и проиграл при выигрышном цвете primary
22:48:45 | Розыгрыш ставок для игры №5989:
ID 465094197 поставил 300000 коинов на primary и выиграл 600000 коинов при выигрышном цвете primary
ID 451927268 поставил 5000 коинов на primary и выиграл 10000 коинов при выигрышном цвете primary
22:49:34 | Розыгрыш ставок для игры №5990:
ID 451927268 поставил 20000 коинов на danger и выиграл 40000 коинов при выигрышном цвете danger
ID 465094197 поставил 84375 коинов на danger и выиграл 168750 коинов при выигрышном цвете danger
22:50:24 | Розыгрыш ставок для игры №5991:
ID 451927268 поставил 40000 коинов на danger и проиграл при выигрышном цвете primary
ID 465094197 поставил 18750 коинов на primary и выиграл 37500 коинов при выигрышном цвете primary
22:51:21 | Розыгрыш ставок для игры №5992:
ID 451927268 поставил 45000 коинов на primary и выиграл 90000 коинов при выигрышном цвете primary
ID 465094197 поставил 56250 коинов на primary и выиграл 112500 коинов при выигрышном цвете primary
22:53:05 | Розыгрыш ставок для игры №5993:
ID 465094197 поставил 60000 коинов на danger и проиграл при выигрышном цвете primary
22:54:38 | Розыгрыш ставок для игры №5994:
ID 465094197 поставил 6852 коинов на danger и проиграл при выигрышном цвете primary
22:57:48 | ID 487326429 пополнил баланс на 100000000 коинов
22:58:30 | Розыгрыш ставок для игры №5995:
ID 487326429 поставил 3000 коинов на danger и выиграл 6000 коинов при выигрышном цвете danger
22:59:17 | Розыгрыш ставок для игры №5996:
ID 487326429 поставил 1000 коинов на primary и выиграл 2000 коинов при выигрышном цвете primary
23:00:00 | Розыгрыш ставок для игры №5997:
ID 487326429 поставил 4000 коинов на success и проиграл при выигрышном цвете primary
23:00:23 | ID 487326429 запросил вывод 100000 коинов; VKC response code: 200
23:06:18 | ID 499366239 пополнил баланс на 150000000 коинов
23:06:55 | Розыгрыш ставок для игры №5998:
ID 499366239 поставил 29999 коинов на primary и выиграл 59998 коинов при выигрышном цвете primary
23:07:38 | Розыгрыш ставок для игры №5999:
ID 499366239 поставил 44998 коинов на danger и проиграл при выигрышном цвете primary
23:08:36 | Розыгрыш ставок для игры №6000:
ID 499366239 поставил 59996 коинов на danger и выиграл 119992 коинов при выигрышном цвете danger
23:09:22 | Розыгрыш ставок для игры №6001:
ID 499366239 поставил 59996 коинов на primary и выиграл 119992 коинов при выигрышном цвете primary
23:10:13 | Розыгрыш ставок для игры №6002:
ID 499366239 поставил 29998 коинов на primary и проиграл при выигрышном цвете danger
23:11:04 | Розыгрыш ставок для игры №6003:
ID 499366239 поставил 44997 коинов на primary и проиграл при выигрышном цвете danger
23:11:33 | ID 499366239 запросил вывод 179998 коинов; VKC response code: 200
23:19:11 | Розыгрыш ставок для игры №6004:
ID 592946396 поставил 1000 коинов на primary и проиграл при выигрышном цвете danger