
06:50:02 | ID 468901609 пополнил баланс на 63657000 коинов
06:50:45 | Розыгрыш ставок для игры №9976:
ID 468901609 поставил 22222 коинов на success и проиграл при выигрышном цвете primary
10:01:22 | ID 206438936 пополнил баланс на 200000000 коинов
10:01:56 | Розыгрыш ставок для игры №9977:
ID 206438936 поставил 200000 коинов на danger и проиграл при выигрышном цвете success
10:02:24 | ID 206438936 пополнил баланс на 62000000 коинов
10:03:00 | Розыгрыш ставок для игры №9978:
ID 206438936 поставил 62000 коинов на danger и проиграл при выигрышном цвете primary
10:46:04 | Розыгрыш ставок для игры №9979:
ID 480769271 поставил 1000 коинов на success и выиграл 2500 коинов при выигрышном цвете success
10:47:05 | Розыгрыш ставок для игры №9980:
ID 480769271 поставил 2500 коинов на danger и проиграл при выигрышном цвете success
11:25:11 | ID 316554006 пополнил баланс на 500000000 коинов
11:25:47 | Розыгрыш ставок для игры №9981:
ID 316554006 поставил 10000 коинов на primary и выиграл 15000 коинов при выигрышном цвете primary
11:26:33 | Розыгрыш ставок для игры №9982:
ID 316554006 поставил 100000 коинов на danger и выиграл 450000 коинов при выигрышном цвете danger
11:27:20 | Розыгрыш ставок для игры №9983:
ID 316554006 поставил 55000 коинов на success и выиграл 137500 коинов при выигрышном цвете success
11:27:45 | ID 316554006 запросил вывод 937500 коинов; VKC response code: 200
12:18:52 | Розыгрыш ставок для игры №9984:
ID 576929151 поставил 1000 коинов на success и выиграл 2500 коинов при выигрышном цвете success
12:29:30 | Розыгрыш ставок для игры №9985:
ID 398662673 поставил 2000 коинов на danger и проиграл при выигрышном цвете primary
12:30:16 | Розыгрыш ставок для игры №9986:
ID 398662673 поставил 2000 коинов на danger и проиграл при выигрышном цвете primary
12:30:58 | Розыгрыш ставок для игры №9987:
ID 398662673 поставил 2000 коинов на primary и проиграл при выигрышном цвете danger
12:31:41 | Розыгрыш ставок для игры №9988:
ID 398662673 поставил 2000 коинов на danger и проиграл при выигрышном цвете primary
14:09:33 | ID 206438936 пополнил баланс на 100000000 коинов
14:10:06 | Розыгрыш ставок для игры №9989:
ID 206438936 поставил 100000 коинов на danger и проиграл при выигрышном цвете success
14:23:32 | Розыгрыш ставок для игры №9990:
ID 520855894 поставил 1000 коинов на primary и выиграл 1500 коинов при выигрышном цвете primary
18:37:44 | Розыгрыш ставок для игры №9991:
ID 576929151 поставил 2500 коинов на success и проиграл при выигрышном цвете primary
19:33:38 | ID 206438936 пополнил баланс на 124000000 коинов
19:34:13 | Розыгрыш ставок для игры №9992:
ID 206438936 поставил 124000 коинов на danger и проиграл при выигрышном цвете success
23:23:19 | Розыгрыш ставок для игры №9993:
ID 587833216 поставил 1000 коинов на primary и проиграл при выигрышном цвете success