
01:32:49 | ID 19012254 запросил вывод 1000 коинов; VKC response code: 200
03:47:47 | ID 497326839 пополнил баланс на 1000000000 коинов
03:48:25 | Розыгрыш ставок для игры №9549:
ID 497326839 поставил 1000000 коинов на danger и проиграл при выигрышном цвете primary
05:18:17 | ID 499510148 пополнил баланс на 10000000 коинов
05:19:08 | Розыгрыш ставок для игры №9550:
ID 499510148 поставил 4000 коинов на primary и выиграл 6000 коинов при выигрышном цвете primary
05:19:56 | Розыгрыш ставок для игры №9551:
ID 499510148 поставил 6000 коинов на success и проиграл при выигрышном цвете primary
05:20:41 | Розыгрыш ставок для игры №9552:
ID 499510148 поставил 6000 коинов на primary и выиграл 9000 коинов при выигрышном цвете primary
05:21:31 | Розыгрыш ставок для игры №9553:
ID 499510148 поставил 1100 коинов на success и проиграл при выигрышном цвете danger
05:21:57 | ID 499510148 запросил вывод 7900 коинов; VKC response code: 200
08:03:37 | Розыгрыш ставок для игры №9554:
ID 547055575 поставил 1000 коинов на danger и проиграл при выигрышном цвете primary
08:22:37 | ID 476898035 пополнил баланс на 1000000 коинов
08:23:33 | Розыгрыш ставок для игры №9555:
ID 476898035 поставил 1000 коинов на success и проиграл при выигрышном цвете primary
08:31:17 | Розыгрыш ставок для игры №9556:
ID 598183305 поставил 1000 коинов на success и проиграл при выигрышном цвете primary
11:34:43 | Розыгрыш ставок для игры №9557:
ID 539185565 поставил 1232 коинов на danger и проиграл при выигрышном цвете primary
13:01:43 | Розыгрыш ставок для игры №9558:
ID 576101054 поставил 1000 коинов на danger и проиграл при выигрышном цвете primary
16:07:05 | ID 174009914 пополнил баланс на 950000 коинов
16:15:00 | ID 435933528 пополнил баланс на 1000000 коинов
16:15:51 | Розыгрыш ставок для игры №9559:
ID 435933528 поставил 1000 коинов на success и проиграл при выигрышном цвете primary
16:16:21 | ID 435933528 пополнил баланс на 10000000 коинов
16:17:20 | Розыгрыш ставок для игры №9560:
ID 435933528 поставил 5000 коинов на success и проиграл при выигрышном цвете primary
16:18:04 | Розыгрыш ставок для игры №9561:
ID 435933528 поставил 5000 коинов на primary и проиграл при выигрышном цвете success
16:18:35 | ID 435933528 пополнил баланс на 20000000 коинов
16:19:17 | Розыгрыш ставок для игры №9562:
ID 435933528 поставил 10000 коинов на primary и проиграл при выигрышном цвете danger
16:20:00 | Розыгрыш ставок для игры №9563:
ID 435933528 поставил 10000 коинов на success и выиграл 25000 коинов при выигрышном цвете success
16:20:50 | Розыгрыш ставок для игры №9564:
ID 435933528 поставил 10000 коинов на success и проиграл при выигрышном цвете primary
16:21:36 | Розыгрыш ставок для игры №9565:
ID 435933528 поставил 10000 коинов на danger и выиграл 45000 коинов при выигрышном цвете danger
16:22:36 | Розыгрыш ставок для игры №9566:
ID 435933528 поставил 50000 коинов на primary и выиграл 75000 коинов при выигрышном цвете primary
16:24:56 | Розыгрыш ставок для игры №9567:
ID 435933528 поставил 10000 коинов на danger и проиграл при выигрышном цвете primary
16:25:38 | Розыгрыш ставок для игры №9568:
ID 435933528 поставил 10000 коинов на danger и проиграл при выигрышном цвете primary
16:32:41 | Розыгрыш ставок для игры №9569:
ID 435933528 поставил 30000 коинов на danger и выиграл 135000 коинов при выигрышном цвете danger
16:33:39 | ID 435933528 запросил вывод 100000 коинов; VKC response code: 200
16:34:26 | Розыгрыш ставок для игры №9570:
ID 435933528 поставил 30000 коинов на danger и проиграл при выигрышном цвете primary
16:35:08 | Розыгрыш ставок для игры №9571:
ID 435933528 поставил 30000 коинов на primary и выиграл 45000 коинов при выигрышном цвете primary
16:35:52 | Розыгрыш ставок для игры №9572:
ID 435933528 поставил 30000 коинов на success и выиграл 75000 коинов при выигрышном цвете success
16:36:53 | Розыгрыш ставок для игры №9573:
ID 435933528 поставил 90000 коинов на danger и проиграл при выигрышном цвете primary
16:37:36 | ID 435933528 пополнил баланс на 70000000 коинов
16:38:20 | Розыгрыш ставок для игры №9574:
ID 435933528 поставил 30000 коинов на success и выиграл 75000 коинов при выигрышном цвете success
16:39:35 | Розыгрыш ставок для игры №9575:
ID 435933528 поставил 30000 коинов на primary и выиграл 45000 коинов при выигрышном цвете primary
16:40:25 | Розыгрыш ставок для игры №9576:
ID 435933528 поставил 30000 коинов на danger и проиграл при выигрышном цвете success
16:41:26 | Розыгрыш ставок для игры №9577:
ID 435933528 поставил 30000 коинов на success и выиграл 75000 коинов при выигрышном цвете success
16:42:17 | Розыгрыш ставок для игры №9578:
ID 435933528 поставил 30000 коинов на primary и выиграл 45000 коинов при выигрышном цвете primary
16:43:00 | Розыгрыш ставок для игры №9579:
ID 435933528 поставил 60000 коинов на danger и проиграл при выигрышном цвете success
16:43:36 | ID 435933528 запросил вывод 75000 коинов; VKC response code: 200
16:44:15 | Розыгрыш ставок для игры №9580:
ID 435933528 поставил 25000 коинов на primary и выиграл 37500 коинов при выигрышном цвете primary
16:45:07 | Розыгрыш ставок для игры №9581:
ID 435933528 поставил 30000 коинов на success и проиграл при выигрышном цвете primary
16:46:05 | Розыгрыш ставок для игры №9582:
ID 435933528 поставил 7500 коинов на primary и выиграл 11250 коинов при выигрышном цвете primary
16:46:53 | Розыгрыш ставок для игры №9583:
ID 435933528 поставил 7500 коинов на danger и проиграл при выигрышном цвете success
16:47:44 | Розыгрыш ставок для игры №9584:
ID 435933528 поставил 3000 коинов на danger и проиграл при выигрышном цвете primary
16:48:21 | ID 435933528 пополнил баланс на 30000000 коинов
16:49:53 | Розыгрыш ставок для игры №9585:
ID 435933528 поставил 5000 коинов на danger и проиграл при выигрышном цвете success
16:50:37 | Розыгрыш ставок для игры №9586:
ID 435933528 поставил 5000 коинов на danger и проиграл при выигрышном цвете primary
16:51:21 | Розыгрыш ставок для игры №9587:
ID 435933528 поставил 10750 коинов на primary и выиграл 16125 коинов при выигрышном цвете primary
16:52:09 | Розыгрыш ставок для игры №9588:
ID 435933528 поставил 5000 коинов на success и выиграл 12500 коинов при выигрышном цвете success
16:52:52 | Розыгрыш ставок для игры №9589:
ID 435933528 поставил 5000 коинов на primary и выиграл 7500 коинов при выигрышном цвете primary
16:53:44 | Розыгрыш ставок для игры №9590:
ID 435933528 поставил 5000 коинов на success и проиграл при выигрышном цвете primary
16:54:26 | Розыгрыш ставок для игры №9591:
ID 435933528 поставил 10000 коинов на primary и проиграл при выигрышном цвете danger
16:55:14 | Розыгрыш ставок для игры №9592:
ID 435933528 поставил 5000 коинов на danger и проиграл при выигрышном цвете success
16:55:57 | Розыгрыш ставок для игры №9593:
ID 435933528 поставил 5000 коинов на danger и проиграл при выигрышном цвете success
16:56:39 | Розыгрыш ставок для игры №9594:
ID 435933528 поставил 5000 коинов на danger и проиграл при выигрышном цвете primary
16:57:03 | ID 435933528 запросил вывод 5125 коинов; VKC response code: 200
16:57:38 | Розыгрыш ставок для игры №9595:
ID 435933528 поставил 1000 коинов на danger и проиграл при выигрышном цвете success
17:05:41 | ID 435933528 пополнил баланс на 70000000 коинов
17:06:23 | Розыгрыш ставок для игры №9596:
ID 435933528 поставил 40000 коинов на danger и проиграл при выигрышном цвете success
17:07:24 | Розыгрыш ставок для игры №9597:
ID 435933528 поставил 30000 коинов на success и проиграл при выигрышном цвете primary
17:39:14 | Розыгрыш ставок для игры №9598:
ID 572179403 поставил 1500 коинов на primary и проиграл при выигрышном цвете success
17:40:33 | Розыгрыш ставок для игры №9599:
ID 572179403 поставил 1000 коинов на primary и выиграл 1500 коинов при выигрышном цвете primary
17:41:58 | Розыгрыш ставок для игры №9600:
ID 572179403 поставил 1500 коинов на success и выиграл 3750 коинов при выигрышном цвете success
17:43:08 | Розыгрыш ставок для игры №9601:
ID 572179403 поставил 1000 коинов на success и выиграл 2500 коинов при выигрышном цвете success
20:32:05 | ID 563182742 пополнил баланс на 83000000 коинов
20:32:58 | Розыгрыш ставок для игры №9602:
ID 563182742 поставил 10000 коинов на success и проиграл при выигрышном цвете primary
20:34:01 | Розыгрыш ставок для игры №9603:
ID 530905526 поставил 1000 коинов на danger и проиграл при выигрышном цвете primary
ID 563182742 поставил 10000 коинов на success и проиграл при выигрышном цвете primary
20:34:01 | Розыгрыш ставок для игры №9604:
ID 530905526 поставил 1000 коинов на danger и проиграл при выигрышном цвете success
ID 563182742 поставил 10000 коинов на success и выиграл 25000 коинов при выигрышном цвете success
20:34:32 | ID 530905526 пополнил баланс на 1000000000 коинов
20:35:12 | Розыгрыш ставок для игры №9605:
ID 563182742 поставил 10000 коинов на danger и проиграл при выигрышном цвете success
ID 530905526 поставил 100000 коинов на danger и проиграл при выигрышном цвете success
20:36:00 | Розыгрыш ставок для игры №9606:
ID 563182742 поставил 10000 коинов на danger и проиграл при выигрышном цвете primary
ID 530905526 поставил 100000 коинов на success и проиграл при выигрышном цвете primary
20:37:43 | Розыгрыш ставок для игры №9607:
ID 530905526 поставил 100000 коинов на danger и проиграл при выигрышном цвете success
ID 563182742 поставил 10000 коинов на danger и проиграл при выигрышном цвете success
20:38:29 | Розыгрыш ставок для игры №9608:
ID 530905526 поставил 100000 коинов на danger и проиграл при выигрышном цвете success
ID 563182742 поставил 20000 коинов на danger и проиграл при выигрышном цвете success
20:39:15 | Розыгрыш ставок для игры №9609:
ID 530905526 поставил 100000 коинов на success и проиграл при выигрышном цвете primary
ID 563182742 поставил 20000 коинов на success и проиграл при выигрышном цвете primary
20:39:59 | Розыгрыш ставок для игры №9610:
ID 563182742 поставил 20000 коинов на success и проиграл при выигрышном цвете primary
20:40:31 | ID 530905526 запросил вывод 400000 коинов; VKC response code: 200
20:41:06 | Розыгрыш ставок для игры №9611:
ID 530905526 поставил 100000 коинов на danger и проиграл при выигрышном цвете success
20:42:31 | ID 530905526 пополнил баланс на 400000000 коинов
20:43:55 | ID 530905526 запросил вывод 400000 коинов; VKC response code: 200
20:50:02 | Розыгрыш ставок для игры №9612:
ID 563182742 поставил 5000 коинов на success и выиграл 12500 коинов при выигрышном цвете success
20:51:33 | Розыгрыш ставок для игры №9613:
ID 563182742 поставил 5000 коинов на danger и проиграл при выигрышном цвете success
21:29:58 | Розыгрыш ставок для игры №9614:
ID 563182742 поставил 7510 коинов на success и выиграл 18775 коинов при выигрышном цвете success
22:13:16 | Розыгрыш ставок для игры №9615:
ID 563182742 поставил 7510 коинов на success и проиграл при выигрышном цвете danger
22:31:23 | Розыгрыш ставок для игры №9616:
ID 533328667 поставил 1000 коинов на danger и проиграл при выигрышном цвете success
23:38:53 | ID 482325519 пополнил баланс на 10000000 коинов
23:39:33 | Розыгрыш ставок для игры №9617:
ID 482325519 поставил 1000 коинов на danger и проиграл при выигрышном цвете primary
23:40:18 | Розыгрыш ставок для игры №9618:
ID 482325519 поставил 1000 коинов на success и проиграл при выигрышном цвете primary
23:41:06 | Розыгрыш ставок для игры №9619:
ID 482325519 поставил 5000 коинов на success и выиграл 12500 коинов при выигрышном цвете success
23:41:30 | ID 482325519 запросил вывод 15500 коинов; VKC response code: 200