
00:13:53 | Розыгрыш ставок для игры №9249:
ID 562609125 поставил 1000 коинов на danger и выиграл 4500 коинов при выигрышном цвете danger
00:14:41 | Розыгрыш ставок для игры №9250:
ID 562609125 поставил 4500 коинов на primary и проиграл при выигрышном цвете success
04:26:32 | ID 563182742 пополнил баланс на 1500000000 коинов
04:27:25 | Розыгрыш ставок для игры №9251:
ID 563182742 поставил 500000 коинов на danger и проиграл при выигрышном цвете primary
04:28:08 | Розыгрыш ставок для игры №9252:
ID 563182742 поставил 500000 коинов на danger и выиграл 2250000 коинов при выигрышном цвете danger
04:29:09 | Розыгрыш ставок для игры №9253:
ID 563182742 поставил 500000 коинов на success и проиграл при выигрышном цвете primary
04:29:39 | ID 563182742 запросил вывод 1000000 коинов; VKC response code: 200
04:29:53 | Розыгрыш ставок для игры №9254:
ID 563182742 поставил 500000 коинов на danger и проиграл при выигрышном цвете success
04:30:35 | Розыгрыш ставок для игры №9255:
ID 563182742 поставил 500000 коинов на danger и выиграл 2250000 коинов при выигрышном цвете danger
04:31:10 | ID 563182742 запросил вывод 1000000 коинов; VKC response code: 200
04:31:30 | Розыгрыш ставок для игры №9256:
ID 563182742 поставил 500000 коинов на primary и проиграл при выигрышном цвете success
04:32:04 | ID 563182742 запросил вывод 500000 коинов; VKC response code: 200
04:32:23 | Розыгрыш ставок для игры №9257:
ID 563182742 поставил 500000 коинов на danger и проиграл при выигрышном цвете success
04:32:52 | ID 563182742 пополнил баланс на 500000000 коинов
04:33:34 | Розыгрыш ставок для игры №9258:
ID 563182742 поставил 500000 коинов на danger и выиграл 2250000 коинов при выигрышном цвете danger
04:34:02 | ID 563182742 запросил вывод 2000000 коинов; VKC response code: 200
04:34:40 | Розыгрыш ставок для игры №9259:
ID 563182742 поставил 250000 коинов на primary и выиграл 375000 коинов при выигрышном цвете primary
04:35:27 | Розыгрыш ставок для игры №9260:
ID 563182742 поставил 250000 коинов на success и выиграл 625000 коинов при выигрышном цвете success
04:36:08 | ID 563182742 запросил вывод 300000 коинов; VKC response code: 200
04:36:23 | Розыгрыш ставок для игры №9261:
ID 563182742 поставил 375000 коинов на danger и проиграл при выигрышном цвете success
07:48:27 | ID 224690421 пополнил баланс на 998000000 коинов
07:49:01 | Розыгрыш ставок для игры №9262:
ID 224690421 поставил 100000 коинов на success и проиграл при выигрышном цвете danger
07:49:44 | Розыгрыш ставок для игры №9263:
ID 224690421 поставил 200000 коинов на success и проиграл при выигрышном цвете primary
07:50:27 | Розыгрыш ставок для игры №9264:
ID 224690421 поставил 456032 коинов на success и проиграл при выигрышном цвете danger
07:51:11 | Розыгрыш ставок для игры №9265:
ID 224690421 поставил 456033 коинов на success и проиграл при выигрышном цвете primary
08:54:16 | ID 208852164 пополнил баланс на 1000000 коинов
08:55:01 | Розыгрыш ставок для игры №9266:
ID 208852164 поставил 1000 коинов на success и проиграл при выигрышном цвете primary
08:57:35 | Розыгрыш ставок для игры №9267:
ID 383402110 поставил 1000 коинов на primary и выиграл 1500 коинов при выигрышном цвете primary
09:11:02 | Розыгрыш ставок для игры №9268:
ID 383402110 поставил 1500 коинов на success и выиграл 3750 коинов при выигрышном цвете success
09:21:45 | ID 376675440 пополнил баланс на 1000 коинов
09:30:58 | Розыгрыш ставок для игры №9269:
ID 515320677 поставил 1000 коинов на primary и выиграл 1500 коинов при выигрышном цвете primary
09:31:50 | Розыгрыш ставок для игры №9270:
ID 515320677 поставил 1000 коинов на danger и проиграл при выигрышном цвете primary
10:09:19 | Розыгрыш ставок для игры №9271:
ID 301682650 поставил 50000 коинов на primary и проиграл при выигрышном цвете success
10:10:09 | Розыгрыш ставок для игры №9272:
ID 301682650 поставил 150000 коинов на primary и выиграл 225000 коинов при выигрышном цвете primary
10:11:08 | Розыгрыш ставок для игры №9273:
ID 301682650 поставил 25000 коинов на danger и проиграл при выигрышном цвете primary
10:11:58 | Розыгрыш ставок для игры №9274:
ID 301682650 поставил 400000 коинов на success и выиграл 1000000 коинов при выигрышном цвете success
10:12:52 | Розыгрыш ставок для игры №9275:
ID 301682650 поставил 100000 коинов на primary и выиграл 150000 коинов при выигрышном цвете primary
10:13:40 | Розыгрыш ставок для игры №9276:
ID 301682650 поставил 50000 коинов на success и проиграл при выигрышном цвете danger
10:14:35 | Розыгрыш ставок для игры №9277:
ID 301682650 поставил 500000 коинов на success и выиграл 1250000 коинов при выигрышном цвете success
10:15:29 | Розыгрыш ставок для игры №9278:
ID 301682650 поставил 250000 коинов на primary и проиграл при выигрышном цвете danger
10:16:18 | Розыгрыш ставок для игры №9279:
ID 301682650 поставил 1000000 коинов на success и проиграл при выигрышном цвете danger
10:17:06 | Розыгрыш ставок для игры №9280:
ID 301682650 поставил 1000000 коинов на success и проиграл при выигрышном цвете primary
11:07:55 | Розыгрыш ставок для игры №9281:
ID 347843799 поставил 2000 коинов на danger и выиграл 9000 коинов при выигрышном цвете danger
11:08:59 | Розыгрыш ставок для игры №9282:
ID 347843799 поставил 2000 коинов на danger и проиграл при выигрышном цвете primary
11:10:20 | Розыгрыш ставок для игры №9283:
ID 563182742 поставил 75000 коинов на primary и проиграл при выигрышном цвете danger
11:10:53 | ID 563182742 пополнил баланс на 1500000000 коинов
11:11:42 | Розыгрыш ставок для игры №9284:
ID 563182742 поставил 250000 коинов на primary и проиграл при выигрышном цвете danger
11:12:29 | Розыгрыш ставок для игры №9285:
ID 563182742 поставил 250000 коинов на danger и проиграл при выигрышном цвете primary
11:13:14 | Розыгрыш ставок для игры №9286:
ID 563182742 поставил 500000 коинов на primary и выиграл 750000 коинов при выигрышном цвете primary
11:14:07 | Розыгрыш ставок для игры №9287:
ID 563182742 поставил 250000 коинов на success и выиграл 625000 коинов при выигрышном цвете success
11:15:13 | Розыгрыш ставок для игры №9288:
ID 563182742 поставил 250000 коинов на success и проиграл при выигрышном цвете primary
11:16:13 | Розыгрыш ставок для игры №9289:
ID 563182742 поставил 375000 коинов на danger и проиграл при выигрышном цвете success
11:17:04 | Розыгрыш ставок для игры №9290:
ID 563182742 поставил 1000000 коинов на danger и проиграл при выигрышном цвете primary
11:18:21 | ID 563182742 пополнил баланс на 2500000000 коинов
11:19:08 | Розыгрыш ставок для игры №9291:
ID 563182742 поставил 1000000 коинов на danger и проиграл при выигрышном цвете primary
11:19:58 | Розыгрыш ставок для игры №9292:
ID 563182742 поставил 1500000 коинов на danger и проиграл при выигрышном цвете success
11:36:58 | ID 561694504 пополнил баланс на 13000000000 коинов
11:37:41 | Розыгрыш ставок для игры №9293:
ID 561694504 поставил 2000000 коинов на danger и проиграл при выигрышном цвете success
11:38:29 | Розыгрыш ставок для игры №9294:
ID 561694504 поставил 4000000 коинов на danger и проиграл при выигрышном цвете primary
11:39:24 | Розыгрыш ставок для игры №9295:
ID 561694504 поставил 7000000 коинов на danger и проиграл при выигрышном цвете success
12:38:19 | ID 522724221 пополнил баланс на 10000000 коинов
12:38:56 | Розыгрыш ставок для игры №9296:
ID 522724221 поставил 1000 коинов на primary и проиграл при выигрышном цвете success
12:39:39 | Розыгрыш ставок для игры №9297:
ID 522724221 поставил 1000 коинов на success и проиграл при выигрышном цвете primary
12:40:29 | Розыгрыш ставок для игры №9298:
ID 522724221 поставил 8000 коинов на primary и выиграл 12000 коинов при выигрышном цвете primary
13:39:25 | ID 162751905 пополнил баланс на 1000 коинов
13:39:37 | ID 162751905 запросил вывод 1 коинов; VKC response code: 200
14:37:08 | ID 347843799 запросил вывод 10500 коинов; VKC response code: 200
14:46:09 | Розыгрыш ставок для игры №9299:
ID 11032301 поставил 1000 коинов на primary и выиграл 1500 коинов при выигрышном цвете primary
14:46:33 | ID 11032301 пополнил баланс на 100000000 коинов
14:47:08 | Розыгрыш ставок для игры №9300:
ID 11032301 поставил 1000 коинов на primary и выиграл 1500 коинов при выигрышном цвете primary
14:47:54 | Розыгрыш ставок для игры №9301:
ID 11032301 поставил 1000 коинов на primary и выиграл 1500 коинов при выигрышном цвете primary
14:49:11 | Розыгрыш ставок для игры №9302:
ID 11032301 поставил 1000 коинов на primary и проиграл при выигрышном цвете danger
14:49:55 | Розыгрыш ставок для игры №9303:
ID 11032301 поставил 4000 коинов на primary и проиграл при выигрышном цвете danger
14:50:39 | Розыгрыш ставок для игры №9304:
ID 11032301 поставил 16000 коинов на primary и проиграл при выигрышном цвете danger
14:51:14 | ID 11032301 пополнил баланс на 1000000000 коинов
14:51:24 | Розыгрыш ставок для игры №9305:
ID 11032301 поставил 64000 коинов на primary и выиграл 96000 коинов при выигрышном цвете primary
14:51:51 | ID 11032301 запросил вывод 1113500 коинов; VKC response code: 200
15:09:26 | ID 554603911 пополнил баланс на 100000 коинов
15:15:20 | ID 554603911 пополнил баланс на 900000 коинов
15:40:28 | ID 414966822 пополнил баланс на 500000000 коинов
15:41:15 | Розыгрыш ставок для игры №9306:
ID 414966822 поставил 500000 коинов на danger и проиграл при выигрышном цвете primary
16:32:04 | ID 503177212 пополнил баланс на 1449000000 коинов
16:32:43 | Розыгрыш ставок для игры №9307:
ID 503177212 поставил 49000 коинов на danger и проиграл при выигрышном цвете success
16:33:32 | Розыгрыш ставок для игры №9308:
ID 503177212 поставил 400000 коинов на danger и проиграл при выигрышном цвете success
16:34:17 | Розыгрыш ставок для игры №9309:
ID 503177212 поставил 700000 коинов на success и проиграл при выигрышном цвете danger
16:34:59 | Розыгрыш ставок для игры №9310:
ID 503177212 поставил 300000 коинов на danger и проиграл при выигрышном цвете primary
17:16:37 | Розыгрыш ставок для игры №9311:
ID 383402110 поставил 3750 коинов на primary и выиграл 5625 коинов при выигрышном цвете primary
17:27:04 | ID 535287710 пополнил баланс на 3000000 коинов
17:27:46 | Розыгрыш ставок для игры №9312:
ID 535287710 поставил 1000 коинов на success и проиграл при выигрышном цвете danger
17:35:18 | Розыгрыш ставок для игры №9313:
ID 383402110 поставил 5625 коинов на success и проиграл при выигрышном цвете primary
18:24:41 | Розыгрыш ставок для игры №9314:
ID 418528209 поставил 1000 коинов на success и проиграл при выигрышном цвете primary
18:58:22 | ID 449711667 пополнил баланс на 46000000 коинов
18:59:03 | Розыгрыш ставок для игры №9315:
ID 449711667 поставил 4600 коинов на primary и выиграл 6900 коинов при выигрышном цвете primary
18:59:56 | Розыгрыш ставок для игры №9316:
ID 449711667 поставил 48300 коинов на danger и проиграл при выигрышном цвете success
22:59:43 | Розыгрыш ставок для игры №9317:
ID 405308245 поставил 1000 коинов на primary и выиграл 1500 коинов при выигрышном цвете primary
23:00:19 | ID 405308245 пополнил баланс на 1000 коинов
23:17:35 | ID 408025187 пополнил баланс на 400000000 коинов
23:18:16 | Розыгрыш ставок для игры №9318:
ID 408025187 поставил 200000 коинов на success и проиграл при выигрышном цвете primary
23:19:00 | Розыгрыш ставок для игры №9319:
ID 408025187 поставил 200000 коинов на danger и выиграл 900000 коинов при выигрышном цвете danger
23:19:42 | Розыгрыш ставок для игры №9320:
ID 408025187 поставил 700000 коинов на success и выиграл 1750000 коинов при выигрышном цвете success
23:20:03 | ID 408025187 запросил вывод 1950000 коинов; VKC response code: 200
23:27:08 | Розыгрыш ставок для игры №9321:
ID 501562122 поставил 15000 коинов на primary и проиграл при выигрышном цвете danger