
03:24:52 | ID 600338322 пополнил баланс на 100000000 коинов
03:25:30 | Розыгрыш ставок для игры №10039:
ID 600338322 поставил 100000 коинов на success и проиграл при выигрышном цвете primary
06:18:33 | ID 533339936 пополнил баланс на 107778000 коинов
06:19:07 | Розыгрыш ставок для игры №10040:
ID 533339936 поставил 107778 коинов на success и выиграл 269445 коинов при выигрышном цвете success
06:19:50 | ID 533339936 запросил вывод 161667 коинов; VKC response code: 200
06:20:07 | Розыгрыш ставок для игры №10041:
ID 533339936 поставил 107778 коинов на primary и выиграл 161667 коинов при выигрышном цвете primary
06:20:45 | ID 533339936 запросил вывод 100000 коинов; VKC response code: 200
06:20:57 | Розыгрыш ставок для игры №10042:
ID 533339936 поставил 61667 коинов на danger и проиграл при выигрышном цвете primary
12:50:17 | ID 579966912 пополнил баланс на 500000000 коинов
12:51:10 | Розыгрыш ставок для игры №10043:
ID 579966912 поставил 10000 коинов на success и проиграл при выигрышном цвете primary
12:51:55 | Розыгрыш ставок для игры №10044:
ID 579966912 поставил 20000 коинов на success и проиграл при выигрышном цвете primary
12:52:40 | Розыгрыш ставок для игры №10045:
ID 579966912 поставил 40000 коинов на success и проиграл при выигрышном цвете primary
12:54:04 | Розыгрыш ставок для игры №10046:
ID 579966912 поставил 430000 коинов на success и проиграл при выигрышном цвете primary
14:43:19 | ID 365104262 пополнил баланс на 100000000 коинов
14:44:10 | ID 563804458 пополнил баланс на 50000000 коинов
14:44:12 | Розыгрыш ставок для игры №10047:
ID 365104262 поставил 50000 коинов на danger и проиграл при выигрышном цвете success
14:44:42 | ID 563804458 пополнил баланс на 100000000 коинов
14:44:54 | Розыгрыш ставок для игры №10048:
ID 563804458 поставил 50000 коинов на primary и выиграл 75000 коинов при выигрышном цвете primary
ID 365104262 поставил 50000 коинов на primary и выиграл 75000 коинов при выигрышном цвете primary
14:45:23 | ID 563804458 запросил вывод 125000 коинов; VKC response code: 200
14:45:45 | Розыгрыш ставок для игры №10049:
ID 563804458 поставил 50000 коинов на danger и проиграл при выигрышном цвете success
ID 365104262 поставил 50000 коинов на danger и проиграл при выигрышном цвете success
14:46:32 | Розыгрыш ставок для игры №10050:
ID 365104262 поставил 25000 коинов на primary и выиграл 37500 коинов при выигрышном цвете primary
14:47:26 | Розыгрыш ставок для игры №10051:
ID 365104262 поставил 25000 коинов на success и проиграл при выигрышном цвете primary
14:48:13 | Розыгрыш ставок для игры №10052:
ID 365104262 поставил 12500 коинов на success и выиграл 31250 коинов при выигрышном цвете success
14:49:09 | Розыгрыш ставок для игры №10053:
ID 365104262 поставил 12500 коинов на primary и проиграл при выигрышном цвете success
14:49:52 | Розыгрыш ставок для игры №10054:
ID 365104262 поставил 12500 коинов на primary и выиграл 18750 коинов при выигрышном цвете primary
14:50:40 | Розыгрыш ставок для игры №10055:
ID 365104262 поставил 25000 коинов на primary и проиграл при выигрышном цвете success
21:53:25 | ID 374789949 пополнил баланс на 100000000 коинов
21:54:30 | Розыгрыш ставок для игры №10056:
ID 374789949 поставил 2000 коинов на danger и проиграл при выигрышном цвете primary
21:55:17 | Розыгрыш ставок для игры №10057:
ID 374789949 поставил 1000 коинов на primary и выиграл 1500 коинов при выигрышном цвете primary
21:56:02 | Розыгрыш ставок для игры №10058:
ID 374789949 поставил 2000 коинов на success и выиграл 5000 коинов при выигрышном цвете success
21:56:02 | Розыгрыш ставок для игры №10059:
ID 374789949 поставил 2000 коинов на success и выиграл 5000 коинов при выигрышном цвете success
21:56:51 | ID 374789949 запросил вывод 106500 коинов; VKC response code: 200