
01:40:07 | ID 537792923 пополнил баланс на 2000000000 коинов
01:40:53 | Розыгрыш ставок для игры №9923:
ID 537792923 поставил 2000000 коинов на danger и выиграл 9000000 коинов при выигрышном цвете danger
01:41:16 | ID 537792923 запросил вывод 9000000 коинов; VKC response code: 200
09:42:00 | ID 206438936 пополнил баланс на 160000000 коинов
09:42:35 | Розыгрыш ставок для игры №9924:
ID 206438936 поставил 160000 коинов на danger и проиграл при выигрышном цвете primary
09:59:07 | ID 206438936 пополнил баланс на 100000000 коинов
09:59:37 | ID 455923236 запросил вывод 222222 коинов; VKC response code: 200
09:59:50 | Розыгрыш ставок для игры №9925:
ID 206438936 поставил 100000 коинов на danger и проиграл при выигрышном цвете primary
10:49:51 | Розыгрыш ставок для игры №9926:
ID 552699363 поставил 1000 коинов на primary и проиграл при выигрышном цвете danger
ID 519000833 поставил 1000 коинов на primary и проиграл при выигрышном цвете danger
10:50:36 | ID 519000833 пополнил баланс на 500000000 коинов
10:51:04 | ID 552699363 пополнил баланс на 55000000 коинов
10:51:23 | Розыгрыш ставок для игры №9927:
ID 519000833 поставил 4000 коинов на primary и выиграл 6000 коинов при выигрышном цвете primary
ID 552699363 поставил 1000 коинов на primary и выиграл 1500 коинов при выигрышном цвете primary
10:52:16 | Розыгрыш ставок для игры №9928:
ID 552699363 поставил 20000 коинов на primary и выиграл 30000 коинов при выигрышном цвете primary
10:53:15 | Розыгрыш ставок для игры №9929:
ID 552699363 поставил 30000 коинов на primary и выиграл 45000 коинов при выигрышном цвете primary
ID 519000833 поставил 2000 коинов на primary и выиграл 3000 коинов при выигрышном цвете primary
10:54:06 | Розыгрыш ставок для игры №9930:
ID 519000833 поставил 8000 коинов на primary и выиграл 12000 коинов при выигрышном цвете primary
ID 552699363 поставил 50000 коинов на primary и выиграл 75000 коинов при выигрышном цвете primary
10:55:02 | Розыгрыш ставок для игры №9931:
ID 552699363 поставил 60000 коинов на primary и проиграл при выигрышном цвете danger
10:55:02 | Розыгрыш ставок для игры №9932:
ID 552699363 поставил 60000 коинов на primary и выиграл 90000 коинов при выигрышном цвете primary
10:55:51 | Розыгрыш ставок для игры №9933:
ID 519000833 поставил 2000 коинов на success и проиграл при выигрышном цвете danger
ID 552699363 поставил 60000 коинов на primary и проиграл при выигрышном цвете danger
10:56:34 | Розыгрыш ставок для игры №9934:
ID 552699363 поставил 75500 коинов на primary и проиграл при выигрышном цвете success
10:57:38 | Розыгрыш ставок для игры №9935:
ID 519000833 поставил 16000 коинов на primary и проиграл при выигрышном цвете danger
11:04:17 | Розыгрыш ставок для игры №9936:
ID 519000833 поставил 32000 коинов на primary и проиграл при выигрышном цвете success
11:05:09 | Розыгрыш ставок для игры №9937:
ID 519000833 поставил 100000 коинов на primary и выиграл 150000 коинов при выигрышном цвете primary
11:05:56 | Розыгрыш ставок для игры №9938:
ID 519000833 поставил 37500 коинов на primary и выиграл 56250 коинов при выигрышном цвете primary
11:22:24 | Розыгрыш ставок для игры №9939:
ID 519000833 поставил 20000 коинов на primary и выиграл 30000 коинов при выигрышном цвете primary
11:23:08 | Розыгрыш ставок для игры №9940:
ID 519000833 поставил 20000 коинов на primary и проиграл при выигрышном цвете success
11:24:36 | Розыгрыш ставок для игры №9941:
ID 519000833 поставил 50000 коинов на primary и проиграл при выигрышном цвете success
11:25:26 | Розыгрыш ставок для игры №9942:
ID 519000833 поставил 120000 коинов на primary и выиграл 180000 коинов при выигрышном цвете primary
11:27:23 | Розыгрыш ставок для игры №9943:
ID 519000833 поставил 40000 коинов на primary и проиграл при выигрышном цвете success
11:28:10 | Розыгрыш ставок для игры №9944:
ID 519000833 поставил 120000 коинов на primary и выиграл 180000 коинов при выигрышном цвете primary
11:29:53 | Розыгрыш ставок для игры №9945:
ID 519000833 поставил 40000 коинов на primary и выиграл 60000 коинов при выигрышном цвете primary
11:30:26 | ID 236264341 запросил вывод 802000 коинов; VKC response code: 200
11:31:25 | ID 519000833 запросил вывод 565700 коинов; VKC response code: 200
11:52:34 | ID 574185651 пополнил баланс на 1000000000 коинов
11:53:21 | Розыгрыш ставок для игры №9946:
ID 574185651 поставил 100000 коинов на primary и проиграл при выигрышном цвете danger
11:54:18 | Розыгрыш ставок для игры №9947:
ID 574185651 поставил 250000 коинов на primary и выиграл 375000 коинов при выигрышном цвете primary
11:55:03 | Розыгрыш ставок для игры №9948:
ID 574185651 поставил 250000 коинов на primary и выиграл 375000 коинов при выигрышном цвете primary
11:55:47 | Розыгрыш ставок для игры №9949:
ID 574185651 поставил 387500 коинов на primary и проиграл при выигрышном цвете success
11:56:36 | Розыгрыш ставок для игры №9950:
ID 574185651 поставил 362500 коинов на primary и выиграл 543750 коинов при выигрышном цвете primary
11:57:47 | Розыгрыш ставок для игры №9951:
ID 574185651 поставил 200000 коинов на primary и выиграл 300000 коинов при выигрышном цвете primary
11:58:35 | Розыгрыш ставок для игры №9952:
ID 574185651 поставил 200000 коинов на success и проиграл при выигрышном цвете danger
11:59:34 | Розыгрыш ставок для игры №9953:
ID 574185651 поставил 400000 коинов на success и выиграл 1000000 коинов при выигрышном цвете success
12:00:33 | Розыгрыш ставок для игры №9954:
ID 574185651 поставил 400000 коинов на primary и проиграл при выигрышном цвете danger
12:00:52 | ID 574185651 запросил вывод 1000000 коинов; VKC response code: 200
12:43:09 | ID 206438936 пополнил баланс на 7000000 коинов
12:43:40 | Розыгрыш ставок для игры №9955:
ID 206438936 поставил 7000 коинов на danger и проиграл при выигрышном цвете primary
13:08:48 | ID 206438936 пополнил баланс на 200000000 коинов
13:09:27 | Розыгрыш ставок для игры №9956:
ID 206438936 поставил 200000 коинов на danger и проиграл при выигрышном цвете primary
13:26:14 | ID 206438936 пополнил баланс на 83000000 коинов
13:26:51 | Розыгрыш ставок для игры №9957:
ID 206438936 поставил 83000 коинов на danger и проиграл при выигрышном цвете success
13:38:02 | ID 235551051 пополнил баланс на 500000000 коинов
13:38:39 | Розыгрыш ставок для игры №9958:
ID 235551051 поставил 100000 коинов на danger и проиграл при выигрышном цвете primary
13:39:50 | Розыгрыш ставок для игры №9959:
ID 235551051 поставил 200000 коинов на danger и выиграл 900000 коинов при выигрышном цвете danger
13:40:18 | ID 235551051 запросил вывод 500000 коинов; VKC response code: 200
13:40:37 | Розыгрыш ставок для игры №9960:
ID 235551051 поставил 600000 коинов на danger и выиграл 2700000 коинов при выигрышном цвете danger
13:41:00 | ID 235551051 запросил вывод 2000000 коинов; VKC response code: 200
13:41:33 | Розыгрыш ставок для игры №9961:
ID 235551051 поставил 700000 коинов на success и проиграл при выигрышном цвете danger
13:43:22 | ID 235551051 пополнил баланс на 1000000000 коинов
13:44:15 | Розыгрыш ставок для игры №9962:
ID 235551051 поставил 1000000 коинов на danger и проиграл при выигрышном цвете primary
13:51:49 | Розыгрыш ставок для игры №9963:
ID 598878181 поставил 9860 коинов на primary и проиграл при выигрышном цвете success
13:53:39 | Розыгрыш ставок для игры №9964:
ID 279267497 поставил 1000 коинов на primary и проиграл при выигрышном цвете success
13:56:02 | ID 279267497 пополнил баланс на 2500000 коинов
13:56:37 | Розыгрыш ставок для игры №9965:
ID 279267497 поставил 2500 коинов на primary и проиграл при выигрышном цвете success
13:57:19 | ID 279267497 пополнил баланс на 6000000 коинов
13:57:57 | Розыгрыш ставок для игры №9966:
ID 279267497 поставил 6000 коинов на primary и выиграл 9000 коинов при выигрышном цвете primary
13:58:15 | ID 279267497 запросил вывод 9000 коинов; VKC response code: 200
14:58:41 | ID 206438936 пополнил баланс на 100000000 коинов
14:59:25 | Розыгрыш ставок для игры №9967:
ID 206438936 поставил 100000 коинов на danger и проиграл при выигрышном цвете success
14:59:50 | ID 206438936 пополнил баланс на 100000000 коинов
15:00:23 | Розыгрыш ставок для игры №9968:
ID 206438936 поставил 100000 коинов на danger и выиграл 450000 коинов при выигрышном цвете danger
15:01:15 | Розыгрыш ставок для игры №9969:
ID 206438936 поставил 150000 коинов на success и проиграл при выигрышном цвете danger
15:01:44 | ID 206438936 запросил вывод 300000 коинов; VKC response code: 200
15:05:27 | ID 206438936 пополнил баланс на 323000000 коинов
15:06:06 | Розыгрыш ставок для игры №9970:
ID 206438936 поставил 323000 коинов на danger и проиграл при выигрышном цвете success
21:23:07 | ID 506433098 пополнил баланс на 1000 коинов
21:23:27 | ID 506433098 запросил вывод 1 коинов; VKC response code: 200
21:23:36 | ID 506433098 пополнил баланс на 100000000 коинов
21:24:27 | Розыгрыш ставок для игры №9971:
ID 506433098 поставил 50000 коинов на danger и проиграл при выигрышном цвете primary
21:25:13 | Розыгрыш ставок для игры №9972:
ID 506433098 поставил 50000 коинов на success и проиграл при выигрышном цвете danger
22:32:52 | ID 206438936 пополнил баланс на 200000000 коинов
22:33:30 | Розыгрыш ставок для игры №9973:
ID 206438936 поставил 200000 коинов на danger и проиграл при выигрышном цвете primary
23:12:46 | ID 206438936 пополнил баланс на 100000000 коинов
23:13:31 | Розыгрыш ставок для игры №9974:
ID 206438936 поставил 100000 коинов на danger и проиграл при выигрышном цвете primary
23:53:03 | ID 506433098 пополнил баланс на 20000000 коинов
23:53:43 | Розыгрыш ставок для игры №9975:
ID 506433098 поставил 20000 коинов на danger и проиграл при выигрышном цвете success