
00:32:31 | ID 206438936 пополнил баланс на 9900000 коинов
00:33:05 | Розыгрыш ставок для игры №10006:
ID 206438936 поставил 9900 коинов на danger и проиграл при выигрышном цвете primary
01:21:28 | ID 594448509 пополнил баланс на 6500000000 коинов
01:22:07 | Розыгрыш ставок для игры №10007:
ID 594448509 поставил 1500000 коинов на danger и проиграл при выигрышном цвете success
01:27:35 | ID 502646590 пополнил баланс на 10000000 коинов
01:27:49 | ID 502646590 пополнил баланс на 10000000 коинов
01:28:39 | Розыгрыш ставок для игры №10008:
ID 502646590 поставил 2000 коинов на success и проиграл при выигрышном цвете primary
01:29:22 | Розыгрыш ставок для игры №10009:
ID 594448509 поставил 5000000 коинов на danger и проиграл при выигрышном цвете primary
ID 502646590 поставил 6000 коинов на danger и проиграл при выигрышном цвете primary
01:30:04 | Розыгрыш ставок для игры №10010:
ID 502646590 поставил 3000 коинов на primary и проиграл при выигрышном цвете success
01:30:46 | Розыгрыш ставок для игры №10011:
ID 502646590 поставил 3000 коинов на success и проиграл при выигрышном цвете primary
ID 502646590 поставил 3000 коинов на success и проиграл при выигрышном цвете primary
01:31:36 | Розыгрыш ставок для игры №10012:
ID 502646590 поставил 2000 коинов на primary и выиграл 3000 коинов при выигрышном цвете primary
01:32:19 | Розыгрыш ставок для игры №10013:
ID 502646590 поставил 2000 коинов на primary и проиграл при выигрышном цвете danger
01:32:51 | ID 502646590 запросил вывод 2000 коинов; VKC response code: 200
01:33:00 | Розыгрыш ставок для игры №10014:
ID 502646590 поставил 2000 коинов на danger и проиграл при выигрышном цвете primary
01:40:19 | ID 594448509 пополнил баланс на 5000000000 коинов
01:40:55 | Розыгрыш ставок для игры №10015:
ID 594448509 поставил 3500000 коинов на danger и проиграл при выигрышном цвете success
01:41:40 | Розыгрыш ставок для игры №10016:
ID 594448509 поставил 1500000 коинов на danger и выиграл 6750000 коинов при выигрышном цвете danger
01:44:46 | ID 594448509 запросил вывод 5500000 коинов; VKC response code: 200
01:45:07 | Розыгрыш ставок для игры №10017:
ID 594448509 поставил 1250000 коинов на success и проиграл при выигрышном цвете primary
02:03:24 | ID 205088817 пополнил баланс на 3000000 коинов
02:04:01 | Розыгрыш ставок для игры №10018:
ID 205088817 поставил 2000 коинов на danger и выиграл 9000 коинов при выигрышном цвете danger
02:04:50 | Розыгрыш ставок для игры №10019:
ID 205088817 поставил 2000 коинов на success и проиграл при выигрышном цвете primary
02:05:33 | Розыгрыш ставок для игры №10020:
ID 205088817 поставил 8000 коинов на danger и проиграл при выигрышном цвете primary
08:25:38 | Розыгрыш ставок для игры №10021:
ID 539587167 поставил 1000 коинов на success и выиграл 2500 коинов при выигрышном цвете success
08:26:08 | ID 539587167 запросил вывод 1500 коинов; VKC response code: 200
08:26:25 | Розыгрыш ставок для игры №10022:
ID 539587167 поставил 1000 коинов на primary и проиграл при выигрышном цвете success
08:35:44 | ID 434281471 пополнил баланс на 875000000 коинов
08:36:21 | Розыгрыш ставок для игры №10023:
ID 434281471 поставил 75000 коинов на success и проиграл при выигрышном цвете danger
08:37:06 | Розыгрыш ставок для игры №10024:
ID 434281471 поставил 150000 коинов на success и проиграл при выигрышном цвете primary
08:37:55 | Розыгрыш ставок для игры №10025:
ID 434281471 поставил 650000 коинов на success и проиграл при выигрышном цвете primary
12:14:20 | Розыгрыш ставок для игры №10026:
ID 443314988 поставил 1000 коинов на success и проиграл при выигрышном цвете primary
12:43:33 | ID 455923236 запросил вывод 115 коинов; VKC response code: 200
17:03:29 | ID 571535821 пополнил баланс на 200000 коинов
17:19:02 | ID 439833093 пополнил баланс на 400000000 коинов
17:19:44 | Розыгрыш ставок для игры №10027:
ID 439833093 поставил 50000 коинов на primary и выиграл 75000 коинов при выигрышном цвете primary
17:20:06 | ID 439833093 запросил вывод 25000 коинов; VKC response code: 200
17:21:35 | Розыгрыш ставок для игры №10028:
ID 439833093 поставил 400000 коинов на primary и проиграл при выигрышном цвете success
17:45:13 | ID 248678510 пополнил баланс на 15000000 коинов
17:45:26 | ID 412854565 пополнил баланс на 1000000 коинов
17:45:56 | Розыгрыш ставок для игры №10029:
ID 248678510 поставил 2000 коинов на primary и проиграл при выигрышном цвете success
ID 412854565 поставил 1000 коинов на success и выиграл 2500 коинов при выигрышном цвете success
17:46:24 | ID 412854565 запросил вывод 500 коинов; VKC response code: 200
17:46:41 | Розыгрыш ставок для игры №10030:
ID 412854565 поставил 2000 коинов на danger и проиграл при выигрышном цвете primary
ID 248678510 поставил 4000 коинов на danger и проиграл при выигрышном цвете primary
17:47:23 | Розыгрыш ставок для игры №10031:
ID 248678510 поставил 9000 коинов на success и проиграл при выигрышном цвете primary
19:47:36 | ID 388948203 пополнил баланс на 500000000 коинов
19:48:20 | Розыгрыш ставок для игры №10032:
ID 388948203 поставил 500000 коинов на primary и выиграл 750000 коинов при выигрышном цвете primary
19:49:08 | Розыгрыш ставок для игры №10033:
ID 388948203 поставил 250000 коинов на success и проиграл при выигрышном цвете primary
19:49:53 | Розыгрыш ставок для игры №10034:
ID 388948203 поставил 500000 коинов на primary и выиграл 750000 коинов при выигрышном цвете primary
19:50:38 | Розыгрыш ставок для игры №10035:
ID 388948203 поставил 250000 коинов на success и выиграл 625000 коинов при выигрышном цвете success
19:51:04 | ID 388948203 запросил вывод 625000 коинов; VKC response code: 200
19:51:27 | Розыгрыш ставок для игры №10036:
ID 388948203 поставил 500000 коинов на primary и проиграл при выигрышном цвете success
22:07:26 | ID 226002226 пополнил баланс на 100000000 коинов
22:08:15 | Розыгрыш ставок для игры №10037:
ID 226002226 поставил 100000 коинов на primary и проиграл при выигрышном цвете danger
23:06:41 | ID 388948203 пополнил баланс на 500008000 коинов
23:07:26 | Розыгрыш ставок для игры №10038:
ID 388948203 поставил 500008 коинов на primary и выиграл 750012 коинов при выигрышном цвете primary
23:07:43 | ID 388948203 запросил вывод 750000 коинов; VKC response code: 200