
00:21:55 | ID 450541287 пополнил баланс на 100000000 коинов
00:22:33 | Розыгрыш ставок для игры №6005:
ID 450541287 поставил 100000 коинов на danger и проиграл при выигрышном цвете primary
00:40:43 | ID 546986118 пополнил баланс на 100000000 коинов
00:41:44 | Розыгрыш ставок для игры №6006:
ID 546986118 поставил 3000 коинов на primary и проиграл при выигрышном цвете danger
00:42:27 | Розыгрыш ставок для игры №6007:
ID 546986118 поставил 4000 коинов на primary и проиграл при выигрышном цвете danger
00:43:13 | Розыгрыш ставок для игры №6008:
ID 546986118 поставил 20000 коинов на danger и выиграл 40000 коинов при выигрышном цвете danger
02:43:11 | ID 398941566 пополнил баланс на 500000000 коинов
02:43:46 | Розыгрыш ставок для игры №6009:
ID 398941566 поставил 500000 коинов на danger и проиграл при выигрышном цвете primary
02:44:31 | ID 398941566 пополнил баланс на 800000000 коинов
02:45:08 | Розыгрыш ставок для игры №6010:
ID 398941566 поставил 800000 коинов на danger и выиграл 1600000 коинов при выигрышном цвете danger
02:45:28 | ID 398941566 запросил вывод 1600000 коинов; VKC response code: 200
02:47:00 | Розыгрыш ставок для игры №6011:
ID 593467300 поставил 1000 коинов на primary и проиграл при выигрышном цвете danger
02:52:06 | ID 398941566 запросил вывод 1000 коинов; VKC response code: 200
07:25:29 | ID 509231535 пополнил баланс на 9999000 коинов
07:26:06 | Розыгрыш ставок для игры №6012:
ID 509231535 поставил 1000 коинов на danger и выиграл 2000 коинов при выигрышном цвете danger
07:26:25 | ID 509231535 запросил вывод 10999 коинов; VKC response code: 200
07:29:31 | ID 573244970 пополнил баланс на 1000000000 коинов
07:30:11 | Розыгрыш ставок для игры №6013:
ID 573244970 поставил 12300 коинов на danger и выиграл 24600 коинов при выигрышном цвете danger
07:30:53 | Розыгрыш ставок для игры №6014:
ID 573244970 поставил 24600 коинов на danger и выиграл 49200 коинов при выигрышном цвете danger
07:31:38 | Розыгрыш ставок для игры №6015:
ID 573244970 поставил 49200 коинов на primary и выиграл 98400 коинов при выигрышном цвете primary
07:32:34 | Розыгрыш ставок для игры №6016:
ID 573244970 поставил 12300 коинов на success и проиграл при выигрышном цвете primary
07:33:21 | Розыгрыш ставок для игры №6017:
ID 573244970 поставил 12345 коинов на success и проиграл при выигрышном цвете danger
07:34:24 | Розыгрыш ставок для игры №6018:
ID 573244970 поставил 12345 коинов на danger и проиграл при выигрышном цвете primary
07:37:38 | Розыгрыш ставок для игры №6019:
ID 573244970 поставил 12345 коинов на primary и выиграл 24690 коинов при выигрышном цвете primary
07:38:21 | Розыгрыш ставок для игры №6020:
ID 573244970 поставил 12345 коинов на primary и выиграл 24690 коинов при выигрышном цвете primary
07:39:08 | Розыгрыш ставок для игры №6021:
ID 573244970 поставил 24690 коинов на primary и выиграл 49380 коинов при выигрышном цвете primary
07:40:00 | Розыгрыш ставок для игры №6022:
ID 573244970 поставил 49380 коинов на danger и проиграл при выигрышном цвете primary
07:40:43 | Розыгрыш ставок для игры №6023:
ID 573244970 поставил 98760 коинов на danger и проиграл при выигрышном цвете primary
07:41:25 | Розыгрыш ставок для игры №6024:
ID 573244970 поставил 197520 коинов на danger и выиграл 395040 коинов при выигрышном цвете danger
07:42:19 | Розыгрыш ставок для игры №6025:
ID 573244970 поставил 24690 коинов на primary и проиграл при выигрышном цвете danger
07:43:05 | Розыгрыш ставок для игры №6026:
ID 573244970 поставил 24690 коинов на primary и проиграл при выигрышном цвете danger
07:43:57 | Розыгрыш ставок для игры №6027:
ID 573244970 поставил 98760 коинов на primary и выиграл 197520 коинов при выигрышном цвете primary
07:44:23 | ID 573244970 запросил вывод 1100000 коинов; VKC response code: 200
07:45:02 | Розыгрыш ставок для игры №6028:
ID 573244970 поставил 97250 коинов на danger и выиграл 194500 коинов при выигрышном цвете danger
07:45:02 | Розыгрыш ставок для игры №6029:
ID 573244970 поставил 97250 коинов на danger и выиграл 194500 коинов при выигрышном цвете danger
07:45:29 | ID 573244970 запросил вывод 389000 коинов; VKC response code: 200
09:38:03 | ID 583081367 пополнил баланс на 1000000000 коинов
09:38:45 | Розыгрыш ставок для игры №6030:
ID 583081367 поставил 250000 коинов на primary и проиграл при выигрышном цвете danger
09:39:30 | Розыгрыш ставок для игры №6031:
ID 583081367 поставил 500000 коинов на primary и выиграл 1000000 коинов при выигрышном цвете primary
09:40:22 | Розыгрыш ставок для игры №6032:
ID 583081367 поставил 250000 коинов на primary и выиграл 500000 коинов при выигрышном цвете primary
09:41:13 | Розыгрыш ставок для игры №6033:
ID 583081367 поставил 500000 коинов на danger и проиграл при выигрышном цвете primary
09:42:05 | Розыгрыш ставок для игры №6034:
ID 583081367 поставил 1000000 коинов на danger и выиграл 2000000 коинов при выигрышном цвете danger
09:42:37 | ID 583081367 запросил вывод 1500000 коинов; VKC response code: 200
09:43:00 | Розыгрыш ставок для игры №6035:
ID 583081367 поставил 500000 коинов на danger и проиграл при выигрышном цвете primary
09:46:47 | Розыгрыш ставок для игры №6036:
ID 570079570 поставил 26430 коинов на danger и проиграл при выигрышном цвете primary
09:47:26 | ID 570079570 пополнил баланс на 1000 коинов
09:48:17 | ID 570079570 пополнил баланс на 1200000000 коинов
09:48:57 | Розыгрыш ставок для игры №6037:
ID 570079570 поставил 400000 коинов на primary и выиграл 800000 коинов при выигрышном цвете primary
09:49:41 | Розыгрыш ставок для игры №6038:
ID 570079570 поставил 1600000 коинов на danger и проиграл при выигрышном цвете success
09:58:02 | Розыгрыш ставок для игры №6039:
ID 585231234 поставил 1000 коинов на primary и проиграл при выигрышном цвете danger
10:13:00 | ID 476227471 пополнил баланс на 912000000 коинов
10:14:03 | Розыгрыш ставок для игры №6040:
ID 476227471 поставил 913000 коинов на danger и проиграл при выигрышном цвете primary
10:16:27 | Розыгрыш ставок для игры №6041:
ID 576742906 поставил 1000 коинов на success и проиграл при выигрышном цвете primary
10:35:40 | Розыгрыш ставок для игры №6042:
ID 589965806 поставил 1000 коинов на primary и выиграл 2000 коинов при выигрышном цвете primary
10:42:06 | ID 548610321 пополнил баланс на 5000000 коинов
10:42:41 | Розыгрыш ставок для игры №6043:
ID 548610321 поставил 2500 коинов на danger и выиграл 5000 коинов при выигрышном цвете danger
10:43:25 | Розыгрыш ставок для игры №6044:
ID 548610321 поставил 2500 коинов на primary и выиграл 5000 коинов при выигрышном цвете primary
10:44:35 | Розыгрыш ставок для игры №6045:
ID 548610321 поставил 2500 коинов на danger и проиграл при выигрышном цвете primary
10:45:21 | Розыгрыш ставок для игры №6046:
ID 548610321 поставил 7500 коинов на danger и проиграл при выигрышном цвете primary
10:54:28 | ID 523131846 пополнил баланс на 90000000 коинов
10:55:08 | Розыгрыш ставок для игры №6047:
ID 523131846 поставил 20000 коинов на primary и проиграл при выигрышном цвете success
10:55:56 | Розыгрыш ставок для игры №6048:
ID 523131846 поставил 70000 коинов на primary и выиграл 140000 коинов при выигрышном цвете primary
10:56:44 | Розыгрыш ставок для игры №6049:
ID 523131846 поставил 40000 коинов на success и проиграл при выигрышном цвете primary
10:57:29 | Розыгрыш ставок для игры №6050:
ID 523131846 поставил 100000 коинов на primary и проиграл при выигрышном цвете danger
10:59:03 | Розыгрыш ставок для игры №6051:
ID 399933783 поставил 1000 коинов на danger и выиграл 2000 коинов при выигрышном цвете danger
10:59:35 | ID 399933783 запросил вывод 2000 коинов; VKC response code: 200
11:02:53 | ID 499366239 пополнил баланс на 60000000 коинов
11:03:16 | ID 592746993 пополнил баланс на 23000000 коинов
11:03:28 | Розыгрыш ставок для игры №6052:
ID 499366239 поставил 10000 коинов на primary и выиграл 20000 коинов при выигрышном цвете primary
ID 592746993 поставил 23000 коинов на success и проиграл при выигрышном цвете primary
11:04:21 | Розыгрыш ставок для игры №6053:
ID 499366239 поставил 20000 коинов на danger и проиграл при выигрышном цвете success
11:05:16 | Розыгрыш ставок для игры №6054:
ID 499366239 поставил 50000 коинов на danger и проиграл при выигрышном цвете primary
11:20:58 | Розыгрыш ставок для игры №6055:
ID 428119811 поставил 1000 коинов на success и проиграл при выигрышном цвете danger
11:21:44 | ID 585231234 пополнил баланс на 1980000000 коинов
11:22:19 | Розыгрыш ставок для игры №6056:
ID 585231234 поставил 20000 коинов на danger и выиграл 40000 коинов при выигрышном цвете danger
11:22:51 | ID 585231234 запросил вывод 2000000 коинов; VKC response code: 200
12:19:13 | ID 555920545 пополнил баланс на 133000000 коинов
12:20:24 | ID 277755618 пополнил баланс на 2000000000 коинов
12:21:10 | Розыгрыш ставок для игры №6057:
ID 277755618 поставил 2000000 коинов на danger и проиграл при выигрышном цвете primary
12:34:11 | Розыгрыш ставок для игры №6058:
ID 575819546 поставил 1000 коинов на danger и проиграл при выигрышном цвете primary
13:02:55 | Розыгрыш ставок для игры №6059:
ID 464649957 поставил 1000 коинов на primary и проиграл при выигрышном цвете danger
13:03:39 | ID 464649957 пополнил баланс на 10000000 коинов
13:04:40 | ID 464649957 запросил вывод 6800 коинов; VKC response code: 200
13:04:54 | Розыгрыш ставок для игры №6060:
ID 464649957 поставил 3200 коинов на danger и проиграл при выигрышном цвете primary
13:09:01 | ID 570079570 пополнил баланс на 2500000000 коинов
13:09:42 | Розыгрыш ставок для игры №6061:
ID 570079570 поставил 2500000 коинов на danger и выиграл 5000000 коинов при выигрышном цвете danger
13:14:01 | Розыгрыш ставок для игры №6062:
ID 555920545 поставил 33333 коинов на primary и проиграл при выигрышном цвете danger
13:14:46 | Розыгрыш ставок для игры №6063:
ID 555920545 поставил 99999 коинов на primary и проиграл при выигрышном цвете danger
13:15:27 | ID 570079570 запросил вывод 5000000 коинов; VKC response code: 200
13:26:00 | Розыгрыш ставок для игры №6064:
ID 465094197 поставил 9000 коинов на primary и проиграл при выигрышном цвете danger
13:26:56 | Розыгрыш ставок для игры №6065:
ID 465094197 поставил 20000 коинов на danger и выиграл 40000 коинов при выигрышном цвете danger
13:27:57 | Розыгрыш ставок для игры №6066:
ID 465094197 поставил 5000 коинов на danger и проиграл при выигрышном цвете success
13:29:50 | Розыгрыш ставок для игры №6067:
ID 465094197 поставил 6000 коинов на primary и выиграл 12000 коинов при выигрышном цвете primary
13:31:30 | Розыгрыш ставок для игры №6068:
ID 465094197 поставил 2000 коинов на danger и проиграл при выигрышном цвете primary
13:32:29 | Розыгрыш ставок для игры №6069:
ID 163739979 поставил 1000 коинов на primary и выиграл 2000 коинов при выигрышном цвете primary
13:48:53 | Розыгрыш ставок для игры №6070:
ID 594513337 поставил 1000 коинов на primary и проиграл при выигрышном цвете danger
14:16:43 | Розыгрыш ставок для игры №6071:
ID 560346479 поставил 1000 коинов на primary и выиграл 2000 коинов при выигрышном цвете primary
ID 579555427 поставил 1000 коинов на primary и выиграл 2000 коинов при выигрышном цвете primary
14:17:06 | ID 476227471 пополнил баланс на 1300000000 коинов
14:17:17 | ID 590952931 пополнил баланс на 10000000 коинов
14:17:40 | Розыгрыш ставок для игры №6072:
ID 476227471 поставил 1300000 коинов на danger и проиграл при выигрышном цвете primary
ID 590952931 поставил 1000 коинов на primary и выиграл 2000 коинов при выигрышном цвете primary
ID 560346479 поставил 2000 коинов на danger и проиграл при выигрышном цвете primary
14:17:57 | ID 562427284 пополнил баланс на 100000000 коинов
14:18:26 | Розыгрыш ставок для игры №6073:
ID 590952931 поставил 1000 коинов на danger и проиграл при выигрышном цвете primary
ID 562427284 поставил 100000 коинов на primary и выиграл 200000 коинов при выигрышном цвете primary
14:18:53 | ID 590952931 запросил вывод 1000 коинов; VKC response code: 200
14:18:59 | ID 590952931 запросил вывод 9000 коинов; VKC response code: 200
14:19:11 | Розыгрыш ставок для игры №6074:
ID 562427284 поставил 100000 коинов на danger и проиграл при выигрышном цвете primary
14:20:03 | ID 594513337 пополнил баланс на 590500000 коинов
14:20:24 | ID 420923242 пополнил баланс на 100000000 коинов
14:20:41 | ID 542425425 пополнил баланс на 100000000 коинов
14:20:48 | Розыгрыш ставок для игры №6075:
ID 594513337 поставил 90500 коинов на primary и выиграл 181000 коинов при выигрышном цвете primary
ID 420923242 поставил 100000 коинов на danger и проиграл при выигрышном цвете primary
14:21:28 | ID 562427284 пополнил баланс на 100000000 коинов
14:21:35 | Розыгрыш ставок для игры №6076:
ID 562427284 поставил 100000 коинов на danger и выиграл 200000 коинов при выигрышном цвете danger
ID 594513337 поставил 181000 коинов на danger и выиграл 362000 коинов при выигрышном цвете danger
ID 542425425 поставил 100000 коинов на danger и выиграл 200000 коинов при выигрышном цвете danger
14:22:16 | ID 486735550 пополнил баланс на 1000000000 коинов
14:22:20 | Розыгрыш ставок для игры №6077:
ID 542425425 поставил 100000 коинов на success и проиграл при выигрышном цвете danger
ID 594513337 поставил 162000 коинов на danger и выиграл 324000 коинов при выигрышном цвете danger
ID 562427284 поставил 150000 коинов на primary и проиграл при выигрышном цвете danger
14:23:04 | Розыгрыш ставок для игры №6078:
ID 486735550 поставил 10000 коинов на primary и проиграл при выигрышном цвете danger
ID 542425425 поставил 100000 коинов на primary и проиграл при выигрышном цвете danger
ID 562427284 поставил 150000 коинов на primary и проиграл при выигрышном цвете danger
ID 594513337 поставил 124000 коинов на primary и проиграл при выигрышном цвете danger
14:23:51 | Розыгрыш ставок для игры №6079:
ID 594513337 поставил 400000 коинов на primary и выиграл 800000 коинов при выигрышном цвете primary
ID 486735550 поставил 30000 коинов на primary и выиграл 60000 коинов при выигрышном цвете primary
14:24:38 | Розыгрыш ставок для игры №6080:
ID 594513337 поставил 150000 коинов на primary и проиграл при выигрышном цвете danger
ID 486735550 поставил 10000 коинов на danger и выиграл 20000 коинов при выигрышном цвете danger
14:25:24 | Розыгрыш ставок для игры №6081:
ID 486735550 поставил 10000 коинов на primary и проиграл при выигрышном цвете success
ID 594513337 поставил 150000 коинов на primary и проиграл при выигрышном цвете success
14:26:13 | Розыгрыш ставок для игры №6082:
ID 486735550 поставил 50000 коинов на danger и выиграл 100000 коинов при выигрышном цвете danger
ID 594513337 поставил 500000 коинов на primary и проиграл при выигрышном цвете danger
14:26:41 | ID 486735550 запросил вывод 1070000 коинов; VKC response code: 200
14:26:55 | Розыгрыш ставок для игры №6083:
ID 594513337 поставил 500000 коинов на primary и проиграл при выигрышном цвете danger
14:29:11 | ID 231324433 пополнил баланс на 100000000 коинов
14:29:47 | Розыгрыш ставок для игры №6084:
ID 231324433 поставил 20000 коинов на primary и проиграл при выигрышном цвете danger
14:30:48 | Розыгрыш ставок для игры №6085:
ID 231324433 поставил 40000 коинов на success и проиграл при выигрышном цвете danger
14:30:51 | ID 573661710 пополнил баланс на 100000000 коинов
14:31:31 | Розыгрыш ставок для игры №6086:
ID 231324433 поставил 40000 коинов на danger и выиграл 80000 коинов при выигрышном цвете danger
ID 573661710 поставил 60000 коинов на primary и проиграл при выигрышном цвете danger
14:32:22 | Розыгрыш ставок для игры №6087:
ID 573661710 поставил 41000 коинов на primary и проиграл при выигрышном цвете danger
14:46:04 | Розыгрыш ставок для игры №6088:
ID 276982417 поставил 1000 коинов на danger и проиграл при выигрышном цвете primary
15:01:12 | Розыгрыш ставок для игры №6089:
ID 253070024 поставил 1000 коинов на primary и проиграл при выигрышном цвете danger
15:05:42 | Розыгрыш ставок для игры №6090:
ID 451927268 поставил 2000 коинов на primary и выиграл 4000 коинов при выигрышном цвете primary
ID 465094197 поставил 2000 коинов на primary и выиграл 4000 коинов при выигрышном цвете primary
15:07:09 | Розыгрыш ставок для игры №6091:
ID 451927268 поставил 2000 коинов на primary и проиграл при выигрышном цвете danger
ID 465094197 поставил 2000 коинов на primary и проиграл при выигрышном цвете danger
15:07:56 | Розыгрыш ставок для игры №6092:
ID 451927268 поставил 16000 коинов на danger и проиграл при выигрышном цвете primary
ID 465094197 поставил 16000 коинов на danger и проиграл при выигрышном цвете primary
15:08:43 | Розыгрыш ставок для игры №6093:
ID 451927268 поставил 8000 коинов на primary и выиграл 16000 коинов при выигрышном цвете primary
ID 465094197 поставил 16000 коинов на danger и проиграл при выигрышном цвете primary
15:09:38 | Розыгрыш ставок для игры №6094:
ID 451927268 поставил 8000 коинов на primary и проиграл при выигрышном цвете danger
ID 465094197 поставил 16000 коинов на primary и проиграл при выигрышном цвете danger
15:10:25 | Розыгрыш ставок для игры №6095:
ID 451927268 поставил 16000 коинов на danger и проиграл при выигрышном цвете primary
ID 465094197 поставил 16000 коинов на danger и проиграл при выигрышном цвете primary
15:11:08 | Розыгрыш ставок для игры №6096:
ID 451927268 поставил 16000 коинов на primary и выиграл 32000 коинов при выигрышном цвете primary
ID 465094197 поставил 16000 коинов на primary и выиграл 32000 коинов при выигрышном цвете primary
15:11:54 | Розыгрыш ставок для игры №6097:
ID 451927268 поставил 16000 коинов на primary и выиграл 32000 коинов при выигрышном цвете primary
ID 465094197 поставил 16000 коинов на primary и выиграл 32000 коинов при выигрышном цвете primary
15:12:45 | Розыгрыш ставок для игры №6098:
ID 451927268 поставил 2000 коинов на primary и проиграл при выигрышном цвете danger
ID 465094197 поставил 48000 коинов на danger и выиграл 96000 коинов при выигрышном цвете danger
ID 486468033 поставил 2000 коинов на danger и выиграл 4000 коинов при выигрышном цвете danger
15:13:34 | Розыгрыш ставок для игры №6099:
ID 451927268 поставил 128000 коинов на danger и выиграл 256000 коинов при выигрышном цвете danger
ID 465094197 поставил 240000 коинов на danger и выиграл 480000 коинов при выигрышном цвете danger
15:14:42 | Розыгрыш ставок для игры №6100:
ID 451927268 поставил 2000 коинов на primary и проиграл при выигрышном цвете danger
15:15:30 | Розыгрыш ставок для игры №6101:
ID 451927268 поставил 2000 коинов на primary и выиграл 4000 коинов при выигрышном цвете primary
ID 465094197 поставил 50000 коинов на primary и выиграл 100000 коинов при выигрышном цвете primary
15:16:34 | Розыгрыш ставок для игры №6102:
ID 451927268 поставил 1000 коинов на primary и выиграл 2000 коинов при выигрышном цвете primary
ID 465094197 поставил 16000 коинов на primary и выиграл 32000 коинов при выигрышном цвете primary
15:16:41 | ID 511200434 пополнил баланс на 100000000 коинов
15:17:22 | Розыгрыш ставок для игры №6103:
ID 451927268 поставил 1000 коинов на primary и проиграл при выигрышном цвете danger
ID 511200434 поставил 100000 коинов на success и проиграл при выигрышном цвете danger
ID 465094197 поставил 16000 коинов на danger и выиграл 32000 коинов при выигрышном цвете danger
15:18:18 | Розыгрыш ставок для игры №6104:
ID 451927268 поставил 500000 коинов на danger и проиграл при выигрышном цвете primary
ID 511200434 поставил 1000 коинов на success и проиграл при выигрышном цвете primary
ID 465094197 поставил 752000 коинов на danger и проиграл при выигрышном цвете primary
15:18:52 | ID 465094197 пополнил баланс на 500000000 коинов
15:19:10 | Розыгрыш ставок для игры №6105:
ID 451927268 поставил 31250 коинов на primary и выиграл 62500 коинов при выигрышном цвете primary
15:20:06 | Розыгрыш ставок для игры №6106:
ID 451927268 поставил 1953 коинов на primary и выиграл 3906 коинов при выигрышном цвете primary
ID 465094197 поставил 796000 коинов на danger и проиграл при выигрышном цвете primary
15:21:04 | Розыгрыш ставок для игры №6107:
ID 451927268 поставил 15616 коинов на success и проиграл при выигрышном цвете danger
15:21:53 | Розыгрыш ставок для игры №6108:
ID 451927268 поставил 15616 коинов на danger и проиграл при выигрышном цвете primary
15:22:53 | Розыгрыш ставок для игры №6109:
ID 451927268 поставил 250000 коинов на primary и выиграл 500000 коинов при выигрышном цвете primary
15:23:42 | Розыгрыш ставок для игры №6110:
ID 451927268 поставил 250000 коинов на primary и проиграл при выигрышном цвете danger
15:24:35 | Розыгрыш ставок для игры №6111:
ID 414023989 поставил 1000 коинов на danger и проиграл при выигрышном цвете primary
ID 451927268 поставил 500000 коинов на danger и проиграл при выигрышном цвете primary
15:25:42 | Розыгрыш ставок для игры №6112:
ID 451927268 поставил 72971 коинов на primary и выиграл 145942 коинов при выигрышном цвете primary
15:26:13 | ID 465094197 пополнил баланс на 500000000 коинов
15:26:42 | Розыгрыш ставок для игры №6113:
ID 451927268 поставил 72971 коинов на danger и проиграл при выигрышном цвете primary
ID 465094197 поставил 250000 коинов на danger и проиграл при выигрышном цвете primary
15:27:32 | Розыгрыш ставок для игры №6114:
ID 451927268 поставил 72971 коинов на danger и выиграл 145942 коинов при выигрышном цвете danger
ID 465094197 поставил 250000 коинов на danger и выиграл 500000 коинов при выигрышном цвете danger
15:28:38 | Розыгрыш ставок для игры №6115:
ID 465094197 поставил 500000 коинов на danger и проиграл при выигрышном цвете success
15:29:22 | ID 465094197 пополнил баланс на 500000000 коинов
15:29:27 | Розыгрыш ставок для игры №6116:
ID 451927268 поставил 72971 коинов на primary и выиграл 145942 коинов при выигрышном цвете primary
ID 465094197 поставил 250000 коинов на danger и проиграл при выигрышном цвете primary
15:30:15 | Розыгрыш ставок для игры №6117:
ID 451927268 поставил 72971 коинов на primary и выиграл 145942 коинов при выигрышном цвете primary
ID 465094197 поставил 250000 коинов на danger и проиграл при выигрышном цвете primary
15:31:06 | Розыгрыш ставок для игры №6118:
ID 451927268 поставил 72971 коинов на primary и проиграл при выигрышном цвете danger
15:31:14 | ID 465094197 пополнил баланс на 500000000 коинов
15:31:52 | Розыгрыш ставок для игры №6119:
ID 465094197 поставил 500000 коинов на danger и проиграл при выигрышном цвете primary
ID 451927268 поставил 72971 коинов на danger и проиграл при выигрышном цвете primary
15:32:40 | Розыгрыш ставок для игры №6120:
ID 451927268 поставил 72971 коинов на primary и проиграл при выигрышном цвете danger
15:33:10 | ID 465094197 пополнил баланс на 2000000000 коинов
15:33:24 | Розыгрыш ставок для игры №6121:
ID 451927268 поставил 72971 коинов на danger и проиграл при выигрышном цвете primary
ID 465094197 поставил 2000000 коинов на danger и проиграл при выигрышном цвете primary
15:45:51 | ID 414023989 пополнил баланс на 2000000 коинов
15:46:40 | Розыгрыш ставок для игры №6122:
ID 414023989 поставил 2000 коинов на primary и проиграл при выигрышном цвете danger
15:49:25 | ID 487223187 пополнил баланс на 100000000 коинов
15:49:58 | Розыгрыш ставок для игры №6123:
ID 487223187 поставил 100000 коинов на primary и проиграл при выигрышном цвете danger
15:52:04 | Розыгрыш ставок для игры №6124:
ID 487223187 поставил 1000 коинов на primary и проиграл при выигрышном цвете danger
15:53:05 | ID 414023989 пополнил баланс на 1000000 коинов
15:53:56 | Розыгрыш ставок для игры №6125:
ID 414023989 поставил 1000 коинов на primary и проиграл при выигрышном цвете danger
16:02:32 | ID 501562122 пополнил баланс на 400000000 коинов
16:03:24 | Розыгрыш ставок для игры №6126:
ID 501562122 поставил 200000 коинов на primary и проиграл при выигрышном цвете danger
16:04:07 | Розыгрыш ставок для игры №6127:
ID 501562122 поставил 200000 коинов на danger и выиграл 400000 коинов при выигрышном цвете danger
16:05:26 | Розыгрыш ставок для игры №6128:
ID 501562122 поставил 200000 коинов на danger и проиграл при выигрышном цвете primary
ID 541825893 поставил 1000 коинов на primary и выиграл 2000 коинов при выигрышном цвете primary
16:05:39 | ID 414023989 пополнил баланс на 1000000 коинов
16:06:08 | Розыгрыш ставок для игры №6129:
ID 501562122 поставил 200000 коинов на primary и выиграл 400000 коинов при выигрышном цвете primary
ID 541825893 поставил 2000 коинов на primary и выиграл 4000 коинов при выигрышном цвете primary
ID 414023989 поставил 1000 коинов на danger и проиграл при выигрышном цвете primary
16:06:54 | Розыгрыш ставок для игры №6130:
ID 541825893 поставил 2000 коинов на primary и выиграл 4000 коинов при выигрышном цвете primary
ID 501562122 поставил 400050 коинов на danger и проиграл при выигрышном цвете primary
16:07:55 | Розыгрыш ставок для игры №6131:
ID 541825893 поставил 4000 коинов на primary и выиграл 8000 коинов при выигрышном цвете primary
16:08:48 | Розыгрыш ставок для игры №6132:
ID 541825893 поставил 10000 коинов на danger и проиграл при выигрышном цвете success
16:09:25 | ID 541825893 пополнил баланс на 3000000000 коинов
16:10:02 | Розыгрыш ставок для игры №6133:
ID 541825893 поставил 170000 коинов на primary и выиграл 340000 коинов при выигрышном цвете primary
16:10:50 | Розыгрыш ставок для игры №6134:
ID 541825893 поставил 1280000 коинов на primary и проиграл при выигрышном цвете danger
ID 501562122 поставил 14640 коинов на primary и проиграл при выигрышном цвете danger
16:11:33 | Розыгрыш ставок для игры №6135:
ID 231324433 поставил 20000 коинов на danger и выиграл 40000 коинов при выигрышном цвете danger
ID 541825893 поставил 1890000 коинов на danger и выиграл 3780000 коинов при выигрышном цвете danger
16:12:18 | Розыгрыш ставок для игры №6136:
ID 541825893 поставил 945000 коинов на primary и проиграл при выигрышном цвете success
ID 231324433 поставил 20000 коинов на danger и проиграл при выигрышном цвете success
16:13:00 | Розыгрыш ставок для игры №6137:
ID 231324433 поставил 20000 коинов на danger и проиграл при выигрышном цвете primary
ID 541825893 поставил 2835000 коинов на primary и выиграл 5670000 коинов при выигрышном цвете primary
16:13:53 | Розыгрыш ставок для игры №6138:
ID 231324433 поставил 30000 коинов на success и проиграл при выигрышном цвете danger
ID 541825893 поставил 567000 коинов на danger и выиграл 1134000 коинов при выигрышном цвете danger
16:14:38 | Розыгрыш ставок для игры №6139:
ID 541825893 поставил 567000 коинов на danger и проиграл при выигрышном цвете primary
ID 231324433 поставил 30000 коинов на danger и проиграл при выигрышном цвете primary
16:16:10 | Розыгрыш ставок для игры №6140:
ID 541825893 поставил 1000000 коинов на primary и проиграл при выигрышном цвете success
16:16:53 | Розыгрыш ставок для игры №6141:
ID 541825893 поставил 2000000 коинов на danger и выиграл 4000000 коинов при выигрышном цвете danger
16:17:40 | Розыгрыш ставок для игры №6142:
ID 541825893 поставил 3000000 коинов на danger и выиграл 6000000 коинов при выигрышном цвете danger
16:18:27 | Розыгрыш ставок для игры №6143:
ID 541825893 поставил 2000000 коинов на primary и проиграл при выигрышном цвете success
16:19:27 | Розыгрыш ставок для игры №6144:
ID 541825893 поставил 7000000 коинов на primary и проиграл при выигрышном цвете danger
16:20:13 | Розыгрыш ставок для игры №6145:
ID 541825893 поставил 670000 коинов на primary и проиграл при выигрышном цвете danger
16:37:08 | ID 592746993 пополнил баланс на 100000000 коинов
16:37:46 | Розыгрыш ставок для игры №6146:
ID 592746993 поставил 50000 коинов на danger и проиграл при выигрышном цвете primary
16:38:29 | Розыгрыш ставок для игры №6147:
ID 592746993 поставил 50000 коинов на danger и проиграл при выигрышном цвете primary
16:49:36 | ID 395037779 пополнил баланс на 1000000 коинов
16:50:34 | Розыгрыш ставок для игры №6148:
ID 395037779 поставил 1000 коинов на primary и выиграл 2000 коинов при выигрышном цвете primary
16:52:08 | ID 207539676 запросил вывод 1000 коинов; VKC response code: 200
16:53:58 | ID 495378433 пополнил баланс на 100000000 коинов
16:54:34 | Розыгрыш ставок для игры №6149:
ID 495378433 поставил 50000 коинов на primary и выиграл 100000 коинов при выигрышном цвете primary
16:55:17 | Розыгрыш ставок для игры №6150:
ID 495378433 поставил 50000 коинов на primary и выиграл 100000 коинов при выигрышном цвете primary
16:56:02 | Розыгрыш ставок для игры №6151:
ID 495378433 поставил 100000 коинов на danger и проиграл при выигрышном цвете primary
16:56:02 | Розыгрыш ставок для игры №6151:
ID 495378433 поставил 100000 коинов на danger и проиграл при выигрышном цвете primary
16:56:54 | Розыгрыш ставок для игры №6153:
ID 495378433 поставил 30000 коинов на success и проиграл при выигрышном цвете danger
16:57:35 | Розыгрыш ставок для игры №6154:
ID 495378433 поставил 20000 коинов на success и проиграл при выигрышном цвете danger
16:58:20 | Розыгрыш ставок для игры №6155:
ID 495378433 поставил 50000 коинов на primary и проиграл при выигрышном цвете danger
17:05:21 | Розыгрыш ставок для игры №6156:
ID 395037779 поставил 1000 коинов на danger и проиграл при выигрышном цвете primary
17:06:09 | Розыгрыш ставок для игры №6157:
ID 395037779 поставил 1000 коинов на danger и выиграл 2000 коинов при выигрышном цвете danger
17:06:36 | ID 395037779 запросил вывод 2000 коинов; VKC response code: 200
17:17:10 | ID 551681443 пополнил баланс на 250000000 коинов
17:17:45 | Розыгрыш ставок для игры №6158:
ID 551681443 поставил 1000 коинов на primary и проиграл при выигрышном цвете danger
17:18:27 | Розыгрыш ставок для игры №6159:
ID 551681443 поставил 250000 коинов на danger и выиграл 500000 коинов при выигрышном цвете danger
17:19:09 | Розыгрыш ставок для игры №6160:
ID 551681443 поставил 500000 коинов на danger и выиграл 1000000 коинов при выигрышном цвете danger
17:20:02 | Розыгрыш ставок для игры №6161:
ID 551681443 поставил 500000 коинов на danger и проиграл при выигрышном цвете success
ID 572597830 поставил 1000 коинов на danger и проиграл при выигрышном цвете success
17:20:02 | Розыгрыш ставок для игры №6162:
ID 551681443 поставил 500000 коинов на danger и выиграл 1000000 коинов при выигрышном цвете danger
ID 572597830 поставил 1000 коинов на danger и выиграл 2000 коинов при выигрышном цвете danger
17:20:22 | ID 589128099 пополнил баланс на 100000000 коинов
17:20:46 | Розыгрыш ставок для игры №6163:
ID 572597830 поставил 2000 коинов на primary и выиграл 4000 коинов при выигрышном цвете primary
ID 551681443 поставил 1500000 коинов на danger и проиграл при выигрышном цвете primary
ID 589128099 поставил 100000 коинов на primary и выиграл 200000 коинов при выигрышном цвете primary
17:21:35 | Розыгрыш ставок для игры №6164:
ID 589128099 поставил 200000 коинов на danger и проиграл при выигрышном цвете primary
ID 572597830 поставил 4000 коинов на success и проиграл при выигрышном цвете primary
17:29:07 | Розыгрыш ставок для игры №6165:
ID 501562122 поставил 24740 коинов на primary и проиграл при выигрышном цвете success
17:29:55 | Розыгрыш ставок для игры №6166:
ID 501562122 поставил 200000 коинов на danger и выиграл 400000 коинов при выигрышном цвете danger
17:29:56 | ID 541825893 пополнил баланс на 1000 коинов
17:30:13 | ID 541825893 пополнил баланс на 1000 коинов
17:30:55 | Розыгрыш ставок для игры №6167:
ID 501562122 поставил 200000 коинов на danger и проиграл при выигрышном цвете primary
17:31:37 | Розыгрыш ставок для игры №6168:
ID 501562122 поставил 200000 коинов на success и проиграл при выигрышном цвете primary
17:32:04 | ID 501562122 пополнил баланс на 100000000 коинов
17:33:42 | Розыгрыш ставок для игры №6169:
ID 501562122 поставил 100000 коинов на danger и выиграл 200000 коинов при выигрышном цвете danger
17:34:49 | Розыгрыш ставок для игры №6170:
ID 501562122 поставил 200000 коинов на danger и проиграл при выигрышном цвете primary
17:36:08 | Розыгрыш ставок для игры №6171:
ID 459596014 поставил 22585 коинов на primary и проиграл при выигрышном цвете danger
17:42:06 | ID 541825893 пополнил баланс на 2000000000 коинов
17:42:49 | Розыгрыш ставок для игры №6172:
ID 541825893 поставил 500000 коинов на primary и проиграл при выигрышном цвете danger
17:43:45 | Розыгрыш ставок для игры №6173:
ID 541825893 поставил 1500000 коинов на primary и выиграл 3000000 коинов при выигрышном цвете primary
17:43:48 | ID 336077907 пополнил баланс на 1000000000 коинов
17:44:33 | Розыгрыш ставок для игры №6174:
ID 541825893 поставил 500000 коинов на primary и проиграл при выигрышном цвете danger
ID 336077907 поставил 1000000 коинов на danger и выиграл 2000000 коинов при выигрышном цвете danger
17:45:24 | Розыгрыш ставок для игры №6175:
ID 541825893 поставил 2500000 коинов на danger и выиграл 5000000 коинов при выигрышном цвете danger
ID 336077907 поставил 400000 коинов на primary и проиграл при выигрышном цвете danger
17:46:19 | Розыгрыш ставок для игры №6176:
ID 336077907 поставил 1600000 коинов на primary и проиграл при выигрышном цвете danger
ID 541825893 поставил 500000 коинов на danger и выиграл 1000000 коинов при выигрышном цвете danger
17:47:09 | Розыгрыш ставок для игры №6177:
ID 541825893 поставил 50000 коинов на success и проиграл при выигрышном цвете primary
17:48:01 | Розыгрыш ставок для игры №6178:
ID 541825893 поставил 450000 коинов на primary и выиграл 900000 коинов при выигрышном цвете primary
17:48:01 | Розыгрыш ставок для игры №6179:
ID 541825893 поставил 450000 коинов на primary и выиграл 900000 коинов при выигрышном цвете primary
17:48:53 | Розыгрыш ставок для игры №6180:
ID 541825893 поставил 500000 коинов на primary и выиграл 1000000 коинов при выигрышном цвете primary
17:49:42 | Розыгрыш ставок для игры №6181:
ID 541825893 поставил 300000 коинов на primary и выиграл 600000 коинов при выигрышном цвете primary
17:50:31 | Розыгрыш ставок для игры №6182:
ID 541825893 поставил 500000 коинов на primary и выиграл 1000000 коинов при выигрышном цвете primary
17:51:24 | Розыгрыш ставок для игры №6183:
ID 541825893 поставил 100000 коинов на primary и проиграл при выигрышном цвете danger
17:52:12 | Розыгрыш ставок для игры №6184:
ID 541825893 поставил 500000 коинов на danger и выиграл 1000000 коинов при выигрышном цвете danger
17:52:57 | Розыгрыш ставок для игры №6185:
ID 541825893 поставил 500000 коинов на danger и проиграл при выигрышном цвете primary
17:53:39 | Розыгрыш ставок для игры №6186:
ID 541825893 поставил 1000000 коинов на primary и проиграл при выигрышном цвете danger
17:54:23 | Розыгрыш ставок для игры №6187:
ID 541825893 поставил 5000002 коинов на danger и выиграл 10000004 коинов при выигрышном цвете danger
17:55:02 | ID 541825893 запросил вывод 2000000 коинов; VKC response code: 200
17:55:24 | ID 541825893 запросил вывод 1 коинов; VKC response code: 200
17:57:20 | ID 541825893 запросил вывод 1000000 коинов; VKC response code: 200
17:57:49 | ID 541825893 запросил вывод 9000000 коинов; VKC response code: 200
18:00:02 | ID 541825893 пополнил баланс на 2000000000 коинов
18:00:40 | Розыгрыш ставок для игры №6188:
ID 541825893 поставил 500000 коинов на primary и проиграл при выигрышном цвете danger
18:01:22 | Розыгрыш ставок для игры №6189:
ID 541825893 поставил 500000 коинов на danger и выиграл 1000000 коинов при выигрышном цвете danger
18:02:35 | Розыгрыш ставок для игры №6190:
ID 541825893 поставил 500000 коинов на danger и проиграл при выигрышном цвете primary
18:03:19 | Розыгрыш ставок для игры №6191:
ID 541825893 поставил 500000 коинов на primary и выиграл 1000000 коинов при выигрышном цвете primary
18:04:01 | Розыгрыш ставок для игры №6192:
ID 541825893 поставил 500000 коинов на primary и проиграл при выигрышном цвете danger
18:04:46 | Розыгрыш ставок для игры №6193:
ID 541825893 поставил 1000000 коинов на danger и проиграл при выигрышном цвете primary
18:05:31 | Розыгрыш ставок для игры №6194:
ID 541825893 поставил 500000 коинов на primary и проиграл при выигрышном цвете danger
18:08:18 | ID 541825893 пополнил баланс на 400000000 коинов
18:08:57 | Розыгрыш ставок для игры №6195:
ID 541825893 поставил 400000 коинов на primary и проиграл при выигрышном цвете danger
18:28:22 | ID 414023989 пополнил баланс на 3000000 коинов
18:29:10 | Розыгрыш ставок для игры №6196:
ID 414023989 поставил 1000 коинов на primary и проиграл при выигрышном цвете danger
18:29:53 | Розыгрыш ставок для игры №6197:
ID 414023989 поставил 1000 коинов на primary и выиграл 2000 коинов при выигрышном цвете primary
18:30:37 | Розыгрыш ставок для игры №6198:
ID 414023989 поставил 1000 коинов на primary и выиграл 2000 коинов при выигрышном цвете primary
18:31:30 | Розыгрыш ставок для игры №6199:
ID 414023989 поставил 1000 коинов на danger и выиграл 2000 коинов при выигрышном цвете danger
18:33:46 | Розыгрыш ставок для игры №6200:
ID 414023989 поставил 1000 коинов на primary и проиграл при выигрышном цвете success
18:36:08 | ID 541825893 пополнил баланс на 500000000 коинов
18:36:46 | Розыгрыш ставок для игры №6201:
ID 541825893 поставил 250000 коинов на primary и проиграл при выигрышном цвете success
18:37:31 | Розыгрыш ставок для игры №6202:
ID 541825893 поставил 250000 коинов на primary и выиграл 500000 коинов при выигрышном цвете primary
18:38:15 | Розыгрыш ставок для игры №6203:
ID 541825893 поставил 250000 коинов на primary и выиграл 500000 коинов при выигрышном цвете primary
18:39:02 | Розыгрыш ставок для игры №6204:
ID 541825893 поставил 250000 коинов на primary и выиграл 500000 коинов при выигрышном цвете primary
18:39:02 | Розыгрыш ставок для игры №6205:
ID 541825893 поставил 250000 коинов на primary и проиграл при выигрышном цвете danger
18:39:51 | Розыгрыш ставок для игры №6206:
ID 541825893 поставил 250000 коинов на primary и проиграл при выигрышном цвете danger
18:40:39 | Розыгрыш ставок для игры №6207:
ID 541825893 поставил 500000 коинов на danger и проиграл при выигрышном цвете primary
18:41:22 | Розыгрыш ставок для игры №6208:
ID 541825893 поставил 250000 коинов на primary и проиграл при выигрышном цвете danger
18:44:16 | ID 541825893 пополнил баланс на 500000000 коинов
18:44:53 | Розыгрыш ставок для игры №6209:
ID 541825893 поставил 500003 коинов на primary и проиграл при выигрышном цвете danger
18:47:57 | Розыгрыш ставок для игры №6210:
ID 438432982 поставил 500000 коинов на primary и проиграл при выигрышном цвете danger
18:48:48 | Розыгрыш ставок для игры №6211:
ID 438432982 поставил 500000 коинов на primary и выиграл 1000000 коинов при выигрышном цвете primary
18:49:33 | Розыгрыш ставок для игры №6212:
ID 438432982 поставил 125000 коинов на danger и проиграл при выигрышном цвете primary
18:50:16 | Розыгрыш ставок для игры №6213:
ID 438432982 поставил 375000 коинов на danger и выиграл 750000 коинов при выигрышном цвете danger
18:51:02 | Розыгрыш ставок для игры №6214:
ID 438432982 поставил 125000 коинов на danger и выиграл 250000 коинов при выигрышном цвете danger
18:51:03 | Розыгрыш ставок для игры №6215:
ID 438432982 поставил 125000 коинов на danger и выиграл 250000 коинов при выигрышном цвете danger
18:51:49 | Розыгрыш ставок для игры №6216:
ID 438432982 поставил 125000 коинов на primary и выиграл 250000 коинов при выигрышном цвете primary
18:52:44 | Розыгрыш ставок для игры №6217:
ID 438432982 поставил 62500 коинов на success и проиграл при выигрышном цвете danger
18:53:28 | Розыгрыш ставок для игры №6218:
ID 438432982 поставил 250000 коинов на danger и проиграл при выигрышном цвете primary
ID 414023989 поставил 1000 коинов на primary и выиграл 2000 коинов при выигрышном цвете primary
18:54:13 | Розыгрыш ставок для игры №6219:
ID 438432982 поставил 125000 коинов на primary и проиграл при выигрышном цвете danger
ID 414023989 поставил 1000 коинов на primary и проиграл при выигрышном цвете danger
18:54:41 | ID 469132408 запросил вывод 300000 коинов; VKC response code: 200
18:54:57 | Розыгрыш ставок для игры №6220:
ID 438432982 поставил 375000 коинов на danger и выиграл 750000 коинов при выигрышном цвете danger
ID 414023989 поставил 1000 коинов на primary и проиграл при выигрышном цвете danger
18:56:13 | Розыгрыш ставок для игры №6221:
ID 414023989 поставил 1000 коинов на danger и выиграл 2000 коинов при выигрышном цвете danger
18:57:01 | Розыгрыш ставок для игры №6222:
ID 414023989 поставил 2000 коинов на primary и проиграл при выигрышном цвете danger
18:57:46 | Розыгрыш ставок для игры №6223:
ID 414023989 поставил 2000 коинов на primary и выиграл 4000 коинов при выигрышном цвете primary
18:58:38 | Розыгрыш ставок для игры №6224:
ID 414023989 поставил 3000 коинов на danger и проиграл при выигрышном цвете primary
18:59:26 | Розыгрыш ставок для игры №6225:
ID 414023989 поставил 1000 коинов на danger и выиграл 2000 коинов при выигрышном цвете danger
19:00:54 | Розыгрыш ставок для игры №6226:
ID 414023989 поставил 2000 коинов на primary и выиграл 4000 коинов при выигрышном цвете primary
19:02:17 | Розыгрыш ставок для игры №6227:
ID 414023989 поставил 1000 коинов на primary и выиграл 2000 коинов при выигрышном цвете primary
19:03:18 | Розыгрыш ставок для игры №6228:
ID 414023989 поставил 3000 коинов на danger и проиграл при выигрышном цвете primary
19:03:38 | ID 414023989 запросил вывод 2000 коинов; VKC response code: 200
19:12:32 | ID 512318305 пополнил баланс на 25000000 коинов
19:13:21 | Розыгрыш ставок для игры №6229:
ID 512318305 поставил 2500 коинов на primary и проиграл при выигрышном цвете danger
19:14:07 | Розыгрыш ставок для игры №6230:
ID 512318305 поставил 2500 коинов на success и проиграл при выигрышном цвете primary
20:17:37 | ID 525252041 пополнил баланс на 100000000 коинов
20:18:15 | Розыгрыш ставок для игры №6231:
ID 525252041 поставил 20000 коинов на primary и проиграл при выигрышном цвете danger
20:19:09 | Розыгрыш ставок для игры №6232:
ID 525252041 поставил 40000 коинов на primary и проиграл при выигрышном цвете danger
20:19:54 | Розыгрыш ставок для игры №6233:
ID 525252041 поставил 40000 коинов на primary и проиграл при выигрышном цвете danger
20:35:21 | ID 478754867 пополнил баланс на 50000 коинов
20:35:53 | ID 478754867 запросил вывод 50 коинов; VKC response code: 200
20:39:45 | Розыгрыш ставок для игры №6234:
ID 521175215 поставил 26625 коинов на success и проиграл при выигрышном цвете primary
20:44:22 | ID 438432982 запросил вывод 737500 коинов; VKC response code: 200
20:46:36 | ID 243199354 пополнил баланс на 100000000 коинов
21:07:33 | Розыгрыш ставок для игры №6235:
ID 372996560 поставил 1000 коинов на success и выиграл 14000 коинов при выигрышном цвете success
21:08:39 | Розыгрыш ставок для игры №6236:
ID 439427650 поставил 1000 коинов на primary и выиграл 2000 коинов при выигрышном цвете primary
21:12:04 | Розыгрыш ставок для игры №6237:
ID 317113903 поставил 30000000 коинов на primary и проиграл при выигрышном цвете danger
21:12:50 | Розыгрыш ставок для игры №6238:
ID 272254125 поставил 1110 коинов на danger и проиграл при выигрышном цвете success
ID 594058724 поставил 2000 коинов на primary и проиграл при выигрышном цвете success
21:13:41 | Розыгрыш ставок для игры №6239:
ID 594058724 поставил 100000 коинов на primary и проиграл при выигрышном цвете danger
21:14:23 | Розыгрыш ставок для игры №6240:
ID 594058724 поставил 400000 коинов на primary и выиграл 800000 коинов при выигрышном цвете primary
21:35:44 | ID 541825893 пополнил баланс на 80000000 коинов
21:36:20 | Розыгрыш ставок для игры №6241:
ID 541825893 поставил 80000 коинов на primary и выиграл 160000 коинов при выигрышном цвете primary
21:37:25 | Розыгрыш ставок для игры №6242:
ID 541825893 поставил 80000 коинов на primary и проиграл при выигрышном цвете danger
21:37:59 | ID 541825893 пополнил баланс на 10000000 коинов
21:38:08 | Розыгрыш ставок для игры №6243:
ID 541825893 поставил 80000 коинов на danger и проиграл при выигрышном цвете primary
21:38:50 | Розыгрыш ставок для игры №6244:
ID 541825893 поставил 10000 коинов на primary и проиграл при выигрышном цвете danger
21:49:32 | Розыгрыш ставок для игры №6245:
ID 575161764 поставил 1000 коинов на primary и проиграл при выигрышном цвете danger
22:24:02 | Розыгрыш ставок для игры №6246:
ID 372996560 поставил 14000 коинов на danger и проиграл при выигрышном цвете primary
22:33:54 | Розыгрыш ставок для игры №6247:
ID 517906931 поставил 1000 коинов на primary и проиграл при выигрышном цвете danger
22:52:07 | ID 572179403 пополнил баланс на 10000000 коинов
22:53:50 | Розыгрыш ставок для игры №6248:
ID 572179403 поставил 1000 коинов на success и проиграл при выигрышном цвете primary
22:54:36 | Розыгрыш ставок для игры №6249:
ID 572179403 поставил 1000 коинов на primary и выиграл 2000 коинов при выигрышном цвете primary
22:55:43 | Розыгрыш ставок для игры №6250:
ID 572179403 поставил 1000 коинов на primary и проиграл при выигрышном цвете danger
22:56:29 | Розыгрыш ставок для игры №6251:
ID 572179403 поставил 1000 коинов на primary и выиграл 2000 коинов при выигрышном цвете primary
22:57:23 | Розыгрыш ставок для игры №6252:
ID 572179403 поставил 1000 коинов на danger и проиграл при выигрышном цвете primary
22:57:59 | ID 436486600 пополнил баланс на 100000000 коинов
22:58:34 | Розыгрыш ставок для игры №6253:
ID 572179403 поставил 1000 коинов на danger и проиграл при выигрышном цвете primary
ID 436486600 поставил 60000 коинов на primary и выиграл 120000 коинов при выигрышном цвете primary
22:59:16 | ID 533789735 пополнил баланс на 1500000000 коинов
22:59:32 | Розыгрыш ставок для игры №6254:
ID 436486600 поставил 10000 коинов на success и проиграл при выигрышном цвете primary
ID 572179403 поставил 2000 коинов на primary и выиграл 4000 коинов при выигрышном цвете primary
ID 533789735 поставил 500000 коинов на danger и проиграл при выигрышном цвете primary
23:00:15 | Розыгрыш ставок для игры №6255:
ID 533789735 поставил 1000000 коинов на danger и выиграл 2000000 коинов при выигрышном цвете danger
ID 436486600 поставил 100000 коинов на danger и выиграл 200000 коинов при выигрышном цвете danger
ID 572179403 поставил 2000 коинов на danger и выиграл 4000 коинов при выигрышном цвете danger
23:00:58 | Розыгрыш ставок для игры №6256:
ID 533789735 поставил 500000 коинов на danger и выиграл 1000000 коинов при выигрышном цвете danger
ID 572179403 поставил 1000 коинов на primary и проиграл при выигрышном цвете danger
23:01:58 | Розыгрыш ставок для игры №6257:
ID 533789735 поставил 500000 коинов на primary и проиграл при выигрышном цвете danger
ID 436486600 поставил 250000 коинов на primary и проиграл при выигрышном цвете danger
ID 572179403 поставил 1000 коинов на primary и проиграл при выигрышном цвете danger
23:02:41 | Розыгрыш ставок для игры №6258:
ID 533789735 поставил 2000000 коинов на primary и выиграл 4000000 коинов при выигрышном цвете primary
ID 572179403 поставил 1500 коинов на danger и проиграл при выигрышном цвете primary
23:03:26 | Розыгрыш ставок для игры №6259:
ID 533789735 поставил 500000 коинов на primary и проиграл при выигрышном цвете danger
ID 572179403 поставил 1500 коинов на primary и проиграл при выигрышном цвете danger
23:04:14 | Розыгрыш ставок для игры №6260:
ID 533789735 поставил 1500000 коинов на primary и выиграл 3000000 коинов при выигрышном цвете primary
23:04:42 | ID 533789735 запросил вывод 4000000 коинов; VKC response code: 200
23:05:00 | Розыгрыш ставок для игры №6261:
ID 533789735 поставил 1000000 коинов на primary и выиграл 2000000 коинов при выигрышном цвете primary
ID 572179403 поставил 7000 коинов на primary и выиграл 14000 коинов при выигрышном цвете primary
23:05:59 | Розыгрыш ставок для игры №6262:
ID 572179403 поставил 7000 коинов на primary и проиграл при выигрышном цвете danger
23:06:37 | ID 533789735 запросил вывод 1500000 коинов; VKC response code: 200
23:06:45 | Розыгрыш ставок для игры №6263:
ID 572179403 поставил 7000 коинов на primary и проиграл при выигрышном цвете success
ID 533789735 поставил 500000 коинов на primary и проиграл при выигрышном цвете success
23:11:50 | ID 581321483 пополнил баланс на 100000000 коинов
23:12:36 | Розыгрыш ставок для игры №6264:
ID 581321483 поставил 100000 коинов на danger и проиграл при выигрышном цвете primary
23:38:25 | Розыгрыш ставок для игры №6265:
ID 502485013 поставил 1000 коинов на danger и проиграл при выигрышном цвете primary
23:40:25 | Розыгрыш ставок для игры №6266:
ID 418429500 поставил 10000 коинов на success и проиграл при выигрышном цвете primary
23:40:35 | ID 262357829 пополнил баланс на 15000000 коинов
23:40:49 | ID 262357829 пополнил баланс на 15000000 коинов
23:41:34 | Розыгрыш ставок для игры №6267:
ID 262357829 поставил 1000 коинов на primary и проиграл при выигрышном цвете danger
23:42:30 | Розыгрыш ставок для игры №6268:
ID 262357829 поставил 9000 коинов на primary и проиграл при выигрышном цвете danger
23:43:16 | Розыгрыш ставок для игры №6269:
ID 262357829 поставил 20000 коинов на primary и проиграл при выигрышном цвете danger