
01:41:22 | ID 546014516 пополнил баланс на 50000000 коинов
01:42:21 | Розыгрыш ставок для игры №10105:
ID 546014516 поставил 1000 коинов на danger и проиграл при выигрышном цвете primary
01:43:14 | Розыгрыш ставок для игры №10106:
ID 546014516 поставил 5000 коинов на success и выиграл 12500 коинов при выигрышном цвете success
01:44:04 | Розыгрыш ставок для игры №10107:
ID 546014516 поставил 5000 коинов на danger и выиграл 22500 коинов при выигрышном цвете danger
01:44:31 | ID 546014516 запросил вывод 24000 коинов; VKC response code: 200
08:09:17 | ID 536573932 пополнил баланс на 55555000 коинов
08:09:58 | Розыгрыш ставок для игры №10108:
ID 536573932 поставил 55555 коинов на primary и выиграл 83332.5 коинов при выигрышном цвете primary
08:10:48 | Розыгрыш ставок для игры №10109:
ID 536573932 поставил 13888 коинов на danger и проиграл при выигрышном цвете primary
08:50:59 | Розыгрыш ставок для игры №10110:
ID 507767477 поставил 1000 коинов на success и проиграл при выигрышном цвете danger
15:09:22 | ID 578429255 запросил вывод 100000 коинов; VKC response code: 200
15:11:44 | Розыгрыш ставок для игры №10111:
ID 534720289 поставил 1000 коинов на primary и выиграл 1500 коинов при выигрышном цвете primary
15:12:51 | ID 544362205 пополнил баланс на 100000000 коинов
15:13:57 | Розыгрыш ставок для игры №10112:
ID 381598842 поставил 1000 коинов на danger и проиграл при выигрышном цвете primary
15:14:48 | ID 593828812 пополнил баланс на 200000000 коинов
15:14:54 | Розыгрыш ставок для игры №10113:
ID 593828812 поставил 1000 коинов на primary и выиграл 1500 коинов при выигрышном цвете primary
ID 578429255 поставил 8923 коинов на danger и проиграл при выигрышном цвете primary
15:16:24 | Розыгрыш ставок для игры №10114:
ID 542862354 поставил 1000 коинов на danger и проиграл при выигрышном цвете success
ID 593828812 поставил 51500 коинов на success и выиграл 128750 коинов при выигрышном цвете success
15:16:50 | ID 542862354 пополнил баланс на 667000000 коинов
15:17:19 | Розыгрыш ставок для игры №10115:
ID 593828812 поставил 70000 коинов на primary и выиграл 105000 коинов при выигрышном цвете primary
ID 542862354 поставил 128000 коинов на danger и проиграл при выигрышном цвете primary
15:18:20 | Розыгрыш ставок для игры №10116:
ID 341600056 поставил 1000 коинов на primary и выиграл 1500 коинов при выигрышном цвете primary
ID 542862354 поставил 539000 коинов на danger и проиграл при выигрышном цвете primary
15:19:29 | Розыгрыш ставок для игры №10117:
ID 593828812 поставил 13750 коинов на success и проиграл при выигрышном цвете primary
15:19:56 | ID 593828812 запросил вывод 300000 коинов; VKC response code: 200
15:21:31 | Розыгрыш ставок для игры №10118:
ID 599129117 поставил 1000 коинов на primary и выиграл 1500 коинов при выигрышном цвете primary
ID 341600056 поставил 1000 коинов на success и проиграл при выигрышном цвете primary
15:22:50 | Розыгрыш ставок для игры №10119:
ID 338799459 поставил 1000 коинов на success и проиграл при выигрышном цвете primary
ID 599129117 поставил 1500 коинов на primary и выиграл 2250 коинов при выигрышном цвете primary
15:24:16 | Розыгрыш ставок для игры №10120:
ID 599129117 поставил 1800 коинов на primary и проиграл при выигрышном цвете success
15:27:18 | Розыгрыш ставок для игры №10121:
ID 503380157 поставил 8528 коинов на danger и проиграл при выигрышном цвете primary
15:28:34 | Розыгрыш ставок для игры №10122:
ID 311682183 поставил 1000 коинов на primary и выиграл 1500 коинов при выигрышном цвете primary
15:29:23 | Розыгрыш ставок для игры №10123:
ID 311682183 поставил 1000 коинов на danger и проиграл при выигрышном цвете success
15:35:34 | ID 599129117 пополнил баланс на 100000000 коинов
15:37:15 | Розыгрыш ставок для игры №10124:
ID 575846522 поставил 1000 коинов на primary и проиграл при выигрышном цвете success
15:38:36 | Розыгрыш ставок для игры №10125:
ID 599129117 поставил 10000 коинов на danger и проиграл при выигрышном цвете success
15:39:23 | Розыгрыш ставок для игры №10126:
ID 599129117 поставил 10000 коинов на success и проиграл при выигрышном цвете primary
15:40:06 | Розыгрыш ставок для игры №10127:
ID 599129117 поставил 10000 коинов на primary и проиграл при выигрышном цвете danger
15:40:52 | Розыгрыш ставок для игры №10128:
ID 599129117 поставил 10000 коинов на primary и выиграл 15000 коинов при выигрышном цвете primary
15:42:11 | Розыгрыш ставок для игры №10129:
ID 544984962 поставил 1000 коинов на primary и выиграл 1500 коинов при выигрышном цвете primary
15:42:56 | Розыгрыш ставок для игры №10130:
ID 599129117 поставил 30000 коинов на primary и проиграл при выигрышном цвете success
ID 561669975 поставил 1000 коинов на primary и проиграл при выигрышном цвете success
15:49:17 | ID 379878405 пополнил баланс на 37000000 коинов
15:50:03 | Розыгрыш ставок для игры №10131:
ID 379878405 поставил 1000 коинов на success и проиграл при выигрышном цвете danger
15:51:05 | Розыгрыш ставок для игры №10132:
ID 379878405 поставил 6000 коинов на danger и проиграл при выигрышном цвете success
15:51:55 | Розыгрыш ставок для игры №10133:
ID 379878405 поставил 30000 коинов на danger и проиграл при выигрышном цвете primary
15:57:01 | ID 593828812 пополнил баланс на 100000000 коинов
15:57:51 | Розыгрыш ставок для игры №10134:
ID 593828812 поставил 50000 коинов на primary и выиграл 75000 коинов при выигрышном цвете primary
15:58:50 | Розыгрыш ставок для игры №10135:
ID 593828812 поставил 25000 коинов на success и проиграл при выигрышном цвете primary
16:01:08 | Розыгрыш ставок для игры №10136:
ID 551570548 поставил 1000 коинов на primary и проиграл при выигрышном цвете success
16:02:06 | Розыгрыш ставок для игры №10137:
ID 527639521 поставил 1000 коинов на danger и выиграл 4500 коинов при выигрышном цвете danger
16:04:30 | Розыгрыш ставок для игры №10138:
ID 583329050 поставил 1000 коинов на primary и проиграл при выигрышном цвете danger
16:11:37 | Розыгрыш ставок для игры №10139:
ID 554584443 поставил 1000 коинов на primary и выиграл 1500 коинов при выигрышном цвете primary
16:32:22 | ID 539292922 пополнил баланс на 1000000 коинов
16:34:01 | ID 544984962 запросил вывод 500 коинов; VKC response code: 200
16:35:28 | ID 544984962 пополнил баланс на 234359000 коинов
16:36:19 | Розыгрыш ставок для игры №10140:
ID 544984962 поставил 234359 коинов на primary и выиграл 351538.5 коинов при выигрышном цвете primary
16:36:42 | ID 544984962 запросил вывод 234359 коинов; VKC response code: 200
16:37:18 | Розыгрыш ставок для игры №10141:
ID 544984962 поставил 117179 коинов на success и проиграл при выигрышном цвете primary
ID 539292922 поставил 1500 коинов на success и проиграл при выигрышном цвете primary
16:40:19 | Розыгрыш ставок для игры №10142:
ID 470713674 поставил 1000 коинов на success и проиграл при выигрышном цвете primary
16:42:16 | ID 595394725 пополнил баланс на 300000000 коинов
16:43:06 | Розыгрыш ставок для игры №10143:
ID 595394725 поставил 200000 коинов на danger и проиграл при выигрышном цвете primary
16:46:21 | Розыгрыш ставок для игры №10144:
ID 597030344 поставил 1000 коинов на primary и выиграл 1500 коинов при выигрышном цвете primary
16:54:54 | ID 581332181 пополнил баланс на 200000000 коинов
16:56:36 | Розыгрыш ставок для игры №10145:
ID 581332181 поставил 100000 коинов на danger и проиграл при выигрышном цвете primary
16:57:19 | ID 581332181 пополнил баланс на 700000000 коинов
16:58:51 | Розыгрыш ставок для игры №10146:
ID 581332181 поставил 500000 коинов на primary и выиграл 750000 коинов при выигрышном цвете primary
17:00:41 | ID 581332181 пополнил баланс на 1000 коинов
17:01:07 | Розыгрыш ставок для игры №10147:
ID 581332181 поставил 100000 коинов на success и проиграл при выигрышном цвете danger
17:01:56 | Розыгрыш ставок для игры №10148:
ID 581332181 поставил 400000 коинов на primary и выиграл 600000 коинов при выигрышном цвете primary
17:03:08 | Розыгрыш ставок для игры №10149:
ID 581332181 поставил 100000 коинов на danger и проиграл при выигрышном цвете success
17:03:55 | Розыгрыш ставок для игры №10150:
ID 581332181 поставил 100000 коинов на danger и проиграл при выигрышном цвете success
17:04:46 | Розыгрыш ставок для игры №10151:
ID 581332181 поставил 400000 коинов на success и выиграл 1000000 коинов при выигрышном цвете success
17:05:40 | Розыгрыш ставок для игры №10152:
ID 581332181 поставил 100000 коинов на success и проиграл при выигрышном цвете primary
17:06:24 | Розыгрыш ставок для игры №10153:
ID 581332181 поставил 125000 коинов на primary и проиграл при выигрышном цвете success
17:07:12 | Розыгрыш ставок для игры №10154:
ID 581332181 поставил 800000 коинов на success и проиграл при выигрышном цвете danger
17:25:22 | Розыгрыш ставок для игры №10155:
ID 597030344 поставил 1500 коинов на danger и проиграл при выигрышном цвете primary
17:32:59 | ID 562533869 пополнил баланс на 1000000000 коинов
17:33:38 | Розыгрыш ставок для игры №10156:
ID 562533869 поставил 500000 коинов на primary и проиграл при выигрышном цвете success
17:34:21 | Розыгрыш ставок для игры №10157:
ID 562533869 поставил 500000 коинов на primary и выиграл 750000 коинов при выигрышном цвете primary
18:04:03 | ID 58681714 запросил вывод 1000 коинов; VKC response code: 200
18:13:24 | ID 561307198 пополнил баланс на 100000 коинов
18:16:03 | ID 600134127 пополнил баланс на 1000000000 коинов
18:16:40 | Розыгрыш ставок для игры №10158:
ID 600134127 поставил 100000 коинов на primary и проиграл при выигрышном цвете success
18:18:28 | ID 600134127 запросил вывод 300000 коинов; VKC response code: 200
18:20:04 | ID 381598842 пополнил баланс на 750000000 коинов
18:20:46 | Розыгрыш ставок для игры №10159:
ID 381598842 поставил 350000 коинов на primary и проиграл при выигрышном цвете success
18:21:29 | Розыгрыш ставок для игры №10160:
ID 381598842 поставил 400000 коинов на success и проиграл при выигрышном цвете primary
18:26:44 | ID 449558054 пополнил баланс на 100000000 коинов
18:29:12 | Розыгрыш ставок для игры №10161:
ID 449558054 поставил 50000 коинов на primary и выиграл 75000 коинов при выигрышном цвете primary
18:29:45 | ID 449558054 запросил вывод 11500 коинов; VKC response code: 200
18:29:53 | ID 449558054 запросил вывод 103500 коинов; VKC response code: 200
18:32:16 | Розыгрыш ставок для игры №10162:
ID 471527695 поставил 1000 коинов на success и проиграл при выигрышном цвете primary
18:44:14 | Розыгрыш ставок для игры №10163:
ID 579110040 поставил 1000 коинов на primary и проиграл при выигрышном цвете success
18:45:52 | Розыгрыш ставок для игры №10164:
ID 544362205 поставил 50000 коинов на success и проиграл при выигрышном цвете danger
19:03:18 | Розыгрыш ставок для игры №10165:
ID 519598725 поставил 110000 коинов на primary и проиграл при выигрышном цвете success
19:03:40 | ID 104756317 пополнил баланс на 100000000 коинов
19:04:03 | Розыгрыш ставок для игры №10166:
ID 519598725 поставил 50000 коинов на primary и проиграл при выигрышном цвете danger
ID 104756317 поставил 20000 коинов на primary и проиграл при выигрышном цвете danger
19:04:50 | Розыгрыш ставок для игры №10167:
ID 104756317 поставил 80000 коинов на primary и выиграл 120000 коинов при выигрышном цвете primary
ID 519598725 поставил 500000 коинов на success и проиграл при выигрышном цвете primary
19:05:29 | ID 519598725 пополнил баланс на 1000000000 коинов
19:06:35 | Розыгрыш ставок для игры №10168:
ID 104756317 поставил 42000 коинов на success и проиграл при выигрышном цвете danger
ID 519598725 поставил 500000 коинов на success и проиграл при выигрышном цвете danger
19:07:21 | Розыгрыш ставок для игры №10169:
ID 104756317 поставил 42000 коинов на success и выиграл 105000 коинов при выигрышном цвете success
ID 519598725 поставил 62500 коинов на danger и проиграл при выигрышном цвете success
19:09:14 | Розыгрыш ставок для игры №10170:
ID 104756317 поставил 84000 коинов на primary и проиграл при выигрышном цвете success
19:10:27 | Розыгрыш ставок для игры №10171:
ID 599129117 поставил 5000 коинов на primary и проиграл при выигрышном цвете success
19:15:18 | Розыгрыш ставок для игры №10172:
ID 337528674 поставил 1000 коинов на danger и проиграл при выигрышном цвете primary
19:15:42 | ID 337528674 пополнил баланс на 1000 коинов
19:15:58 | ID 337528674 пополнил баланс на 1000000 коинов
19:16:31 | Розыгрыш ставок для игры №10173:
ID 337528674 поставил 1000 коинов на success и проиграл при выигрышном цвете primary
19:38:12 | Розыгрыш ставок для игры №10174:
ID 567729882 поставил 1000 коинов на success и выиграл 2500 коинов при выигрышном цвете success
19:39:35 | Розыгрыш ставок для игры №10175:
ID 567729882 поставил 1000 коинов на success и проиграл при выигрышном цвете danger
19:40:32 | Розыгрыш ставок для игры №10176:
ID 567729882 поставил 1500 коинов на success и проиграл при выигрышном цвете danger
19:47:26 | ID 462482284 пополнил баланс на 100000000 коинов
19:48:10 | Розыгрыш ставок для игры №10177:
ID 462482284 поставил 1000 коинов на success и проиграл при выигрышном цвете primary
19:49:03 | Розыгрыш ставок для игры №10178:
ID 462482284 поставил 7000 коинов на success и выиграл 17500 коинов при выигрышном цвете success
19:50:19 | Розыгрыш ставок для игры №10179:
ID 462482284 поставил 1000 коинов на success и проиграл при выигрышном цвете primary
19:51:10 | Розыгрыш ставок для игры №10180:
ID 462482284 поставил 3000 коинов на success и проиграл при выигрышном цвете danger
ID 592992848 поставил 1000 коинов на danger и выиграл 4500 коинов при выигрышном цвете danger
19:51:57 | Розыгрыш ставок для игры №10181:
ID 462482284 поставил 3000 коинов на danger и проиграл при выигрышном цвете success
ID 550863140 поставил 1000 коинов на primary и проиграл при выигрышном цвете success
19:52:42 | Розыгрыш ставок для игры №10182:
ID 462482284 поставил 8000 коинов на danger и проиграл при выигрышном цвете primary
ID 266994385 поставил 1020 коинов на danger и проиграл при выигрышном цвете primary
19:53:26 | Розыгрыш ставок для игры №10183:
ID 462482284 поставил 10000 коинов на danger и проиграл при выигрышном цвете primary
19:54:13 | Розыгрыш ставок для игры №10184:
ID 462482284 поставил 20000 коинов на danger и проиграл при выигрышном цвете primary
19:54:59 | Розыгрыш ставок для игры №10185:
ID 462482284 поставил 64000 коинов на danger и проиграл при выигрышном цвете success
19:57:44 | Розыгрыш ставок для игры №10186:
ID 509540414 поставил 1000 коинов на success и выиграл 2500 коинов при выигрышном цвете success
20:20:30 | ID 316554006 пополнил баланс на 500000000 коинов
20:21:06 | Розыгрыш ставок для игры №10187:
ID 316554006 поставил 10000 коинов на success и проиграл при выигрышном цвете primary
20:21:53 | Розыгрыш ставок для игры №10188:
ID 316554006 поставил 150000 коинов на danger и выиграл 675000 коинов при выигрышном цвете danger
20:22:15 | ID 316554006 запросил вывод 1015000 коинов; VKC response code: 200
20:50:04 | ID 337528674 пополнил баланс на 100000000 коинов
20:50:15 | Розыгрыш ставок для игры №10189:
ID 104756317 поставил 37000 коинов на success и выиграл 92500 коинов при выигрышном цвете success
20:51:09 | Розыгрыш ставок для игры №10190:
ID 104756317 поставил 37000 коинов на success и проиграл при выигрышном цвете primary
ID 337528674 поставил 100000 коинов на primary и выиграл 150000 коинов при выигрышном цвете primary
20:51:59 | Розыгрыш ставок для игры №10191:
ID 337528674 поставил 100000 коинов на primary и выиграл 150000 коинов при выигрышном цвете primary
ID 104756317 поставил 55500 коинов на danger и проиграл при выигрышном цвете primary
20:53:03 | Розыгрыш ставок для игры №10192:
ID 337528674 поставил 100000 коинов на success и проиграл при выигрышном цвете primary
20:53:51 | Розыгрыш ставок для игры №10193:
ID 337528674 поставил 100000 коинов на primary и проиграл при выигрышном цвете success
21:40:45 | ID 470713674 пополнил баланс на 2000000000 коинов
21:41:26 | Розыгрыш ставок для игры №10194:
ID 470713674 поставил 100000 коинов на primary и проиграл при выигрышном цвете success
21:42:11 | Розыгрыш ставок для игры №10195:
ID 470713674 поставил 200000 коинов на primary и проиграл при выигрышном цвете success
21:43:00 | Розыгрыш ставок для игры №10196:
ID 470713674 поставил 400000 коинов на primary и выиграл 600000 коинов при выигрышном цвете primary
21:43:52 | Розыгрыш ставок для игры №10197:
ID 470713674 поставил 100000 коинов на success и проиграл при выигрышном цвете primary
21:44:41 | Розыгрыш ставок для игры №10198:
ID 470713674 поставил 1800000 коинов на danger и проиграл при выигрышном цвете primary
22:06:58 | Розыгрыш ставок для игры №10199:
ID 527240419 поставил 1000 коинов на danger и проиграл при выигрышном цвете primary
22:08:46 | Розыгрыш ставок для игры №10200:
ID 566249704 поставил 1000 коинов на primary и проиграл при выигрышном цвете danger