
00:23:18 | ID 465805783 пополнил баланс на 28000000 коинов
00:24:12 | Розыгрыш ставок для игры №9736:
ID 465805783 поставил 5000 коинов на primary и выиграл 7500 коинов при выигрышном цвете primary
00:25:02 | Розыгрыш ставок для игры №9737:
ID 465805783 поставил 5000 коинов на danger и проиграл при выигрышном цвете primary
00:25:02 | Розыгрыш ставок для игры №9738:
ID 465805783 поставил 5000 коинов на danger и выиграл 22500 коинов при выигрышном цвете danger
00:26:21 | Розыгрыш ставок для игры №9739:
ID 465805783 поставил 48000 коинов на success и проиграл при выигрышном цвете primary
02:34:45 | ID 576430772 пополнил баланс на 1000 коинов
02:42:03 | ID 576430772 пополнил баланс на 120000000 коинов
02:42:41 | Розыгрыш ставок для игры №9740:
ID 576430772 поставил 10000 коинов на danger и проиграл при выигрышном цвете primary
02:43:19 | ID 576430772 запросил вывод 6800 коинов; VKC response code: 200
02:43:24 | Розыгрыш ставок для игры №9741:
ID 576430772 поставил 103125 коинов на danger и проиграл при выигрышном цвете success
03:39:04 | ID 576430772 пополнил баланс на 500000000 коинов
03:39:44 | Розыгрыш ставок для игры №9742:
ID 576430772 поставил 50000 коинов на danger и проиграл при выигрышном цвете primary
03:40:25 | Розыгрыш ставок для игры №9743:
ID 576430772 поставил 150000 коинов на danger и выиграл 675000 коинов при выигрышном цвете danger
03:41:13 | Розыгрыш ставок для игры №9744:
ID 576430772 поставил 400000 коинов на primary и выиграл 600000 коинов при выигрышном цвете primary
03:41:58 | Розыгрыш ставок для игры №9745:
ID 576430772 поставил 650000 коинов на success и проиграл при выигрышном цвете danger
03:42:49 | Розыгрыш ставок для игры №9746:
ID 576430772 поставил 525000 коинов на success и проиграл при выигрышном цвете primary
04:01:18 | Розыгрыш ставок для игры №9747:
ID 527872747 поставил 1000 коинов на success и проиграл при выигрышном цвете danger
08:00:30 | ID 464438218 пополнил баланс на 300000000 коинов
08:01:38 | Розыгрыш ставок для игры №9748:
ID 464438218 поставил 100000 коинов на primary и выиграл 150000 коинов при выигрышном цвете primary
08:02:24 | Розыгрыш ставок для игры №9749:
ID 464438218 поставил 50000 коинов на success и проиграл при выигрышном цвете primary
08:02:46 | ID 464438218 запросил вывод 300000 коинов; VKC response code: 200
09:04:06 | Розыгрыш ставок для игры №9750:
ID 489677842 поставил 700000 коинов на primary и проиграл при выигрышном цвете danger