
08:58:38 | Розыгрыш ставок для игры №10060:
ID 573080752 поставил 1000 коинов на primary и проиграл при выигрышном цвете danger
08:59:12 | ID 573080752 пополнил баланс на 50000 коинов
08:59:32 | ID 573080752 пополнил баланс на 4000000 коинов
09:00:14 | Розыгрыш ставок для игры №10061:
ID 573080752 поставил 1000 коинов на success и проиграл при выигрышном цвете danger
09:00:59 | Розыгрыш ставок для игры №10062:
ID 573080752 поставил 1000 коинов на danger и проиграл при выигрышном цвете primary
09:01:46 | Розыгрыш ставок для игры №10063:
ID 573080752 поставил 1000 коинов на danger и проиграл при выигрышном цвете primary
09:02:30 | Розыгрыш ставок для игры №10064:
ID 573080752 поставил 1000 коинов на danger и выиграл 4500 коинов при выигрышном цвете danger
09:02:31 | ID 573080752 запросил вывод 50 коинов; VKC response code: 200
09:03:05 | ID 573080752 запросил вывод 1500 коинов; VKC response code: 200
09:03:20 | Розыгрыш ставок для игры №10065:
ID 573080752 поставил 1000 коинов на danger и проиграл при выигрышном цвете primary
09:04:05 | Розыгрыш ставок для игры №10066:
ID 573080752 поставил 2000 коинов на danger и выиграл 9000 коинов при выигрышном цвете danger
09:05:08 | Розыгрыш ставок для игры №10067:
ID 573080752 поставил 1000 коинов на primary и проиграл при выигрышном цвете success