
00:25:05 | Розыгрыш ставок для игры №9497:
ID 572179403 поставил 1000 коинов на success и выиграл 2500 коинов при выигрышном цвете success
00:26:01 | Розыгрыш ставок для игры №9498:
ID 572179403 поставил 1000 коинов на primary и выиграл 1500 коинов при выигрышном цвете primary
00:26:01 | Розыгрыш ставок для игры №9498:
ID 572179403 поставил 1000 коинов на primary и выиграл 1500 коинов при выигрышном цвете primary
00:30:53 | Розыгрыш ставок для игры №9500:
ID 12150422 поставил 1000 коинов на success и проиграл при выигрышном цвете primary
01:21:24 | ID 298526923 пополнил баланс на 10000000 коинов
01:22:05 | Розыгрыш ставок для игры №9501:
ID 298526923 поставил 10000 коинов на primary и проиграл при выигрышном цвете success
02:15:29 | ID 563182742 пополнил баланс на 28000000 коинов
02:16:14 | Розыгрыш ставок для игры №9502:
ID 563182742 поставил 10000 коинов на danger и проиграл при выигрышном цвете primary
02:17:01 | Розыгрыш ставок для игры №9503:
ID 563182742 поставил 10000 коинов на success и выиграл 25000 коинов при выигрышном цвете success
04:00:21 | Розыгрыш ставок для игры №9504:
ID 563182742 поставил 13000 коинов на success и выиграл 32500 коинов при выигрышном цвете success
04:01:19 | Розыгрыш ставок для игры №9505:
ID 563182742 поставил 12000 коинов на danger и проиграл при выигрышном цвете success
04:02:12 | Розыгрыш ставок для игры №9506:
ID 563182742 поставил 10500 коинов на danger и проиграл при выигрышном цвете primary
04:03:16 | Розыгрыш ставок для игры №9507:
ID 563182742 поставил 30000 коинов на danger и выиграл 135000 коинов при выигрышном цвете danger
04:07:27 | ID 563182742 запросил вывод 135000 коинов; VKC response code: 200
07:38:55 | ID 556978572 пополнил баланс на 1500000 коинов
07:39:36 | Розыгрыш ставок для игры №9508:
ID 556978572 поставил 1500 коинов на danger и проиграл при выигрышном цвете primary
08:14:05 | ID 450956405 пополнил баланс на 300000 коинов
08:14:37 | ID 450956405 пополнил баланс на 700000 коинов
08:15:14 | Розыгрыш ставок для игры №9509:
ID 450956405 поставил 1000 коинов на danger и выиграл 4500 коинов при выигрышном цвете danger
08:16:01 | Розыгрыш ставок для игры №9510:
ID 450956405 поставил 4500 коинов на primary и проиграл при выигрышном цвете success
08:16:01 | Розыгрыш ставок для игры №9510:
ID 450956405 поставил 4500 коинов на primary и проиграл при выигрышном цвете success
08:33:37 | ID 514322383 пополнил баланс на 1000000 коинов
08:34:30 | Розыгрыш ставок для игры №9512:
ID 514322383 поставил 1000 коинов на success и проиграл при выигрышном цвете primary
08:35:02 | ID 514322383 пополнил баланс на 3000000 коинов
08:35:40 | Розыгрыш ставок для игры №9513:
ID 514322383 поставил 1000 коинов на danger и проиграл при выигрышном цвете primary
08:36:53 | ID 514322383 запросил вывод 2000 коинов; VKC response code: 200
09:14:18 | Розыгрыш ставок для игры №9514:
ID 572179403 поставил 1000 коинов на success и проиграл при выигрышном цвете primary
09:17:46 | Розыгрыш ставок для игры №9515:
ID 572179403 поставил 1000 коинов на success и проиграл при выигрышном цвете primary