
01:09:20 | ID 529170470 пополнил баланс на 10000000 коинов
01:10:06 | Розыгрыш ставок для игры №10337:
ID 529170470 поставил 10000 коинов на primary и выиграл 15000 коинов при выигрышном цвете primary
01:11:07 | Розыгрыш ставок для игры №10338:
ID 529170470 поставил 15000 коинов на success и проиграл при выигрышном цвете primary
01:43:55 | Розыгрыш ставок для игры №10339:
ID 398157353 поставил 1000 коинов на danger и проиграл при выигрышном цвете primary
04:13:50 | Розыгрыш ставок для игры №10340:
ID 592862592 поставил 1000 коинов на primary и выиграл 1500 коинов при выигрышном цвете primary
05:55:11 | Розыгрыш ставок для игры №10341:
ID 592862592 поставил 1500 коинов на success и выиграл 3750 коинов при выигрышном цвете success
05:55:33 | ID 592862592 пополнил баланс на 500000000 коинов
05:56:11 | Розыгрыш ставок для игры №10342:
ID 592862592 поставил 300000 коинов на primary и проиграл при выигрышном цвете success
05:57:00 | Розыгрыш ставок для игры №10343:
ID 592862592 поставил 203750 коинов на primary и выиграл 305625 коинов при выигрышном цвете primary
05:57:49 | Розыгрыш ставок для игры №10344:
ID 592862592 поставил 100000 коинов на primary и проиграл при выигрышном цвете success
05:58:36 | Розыгрыш ставок для игры №10345:
ID 592862592 поставил 100000 коинов на danger и проиграл при выигрышном цвете primary
05:59:15 | ID 592862592 запросил вывод 5625 коинов; VKC response code: 200
05:59:34 | Розыгрыш ставок для игры №10346:
ID 592862592 поставил 100000 коинов на danger и проиграл при выигрышном цвете primary
11:21:18 | ID 474000439 пополнил баланс на 388888000 коинов
11:21:50 | Розыгрыш ставок для игры №10347:
ID 474000439 поставил 388888 коинов на danger и выиграл 1749996 коинов при выигрышном цвете danger
11:22:35 | Розыгрыш ставок для игры №10348:
ID 474000439 поставил 388888 коинов на success и выиграл 972220 коинов при выигрышном цвете success
11:23:18 | Розыгрыш ставок для игры №10349:
ID 474000439 поставил 388888 коинов на primary и проиграл при выигрышном цвете success
11:23:45 | ID 474000439 запросил вывод 155552 коинов; VKC response code: 200
11:23:53 | ID 474000439 запросил вывод 1400000 коинов; VKC response code: 200
11:24:01 | Розыгрыш ставок для игры №10350:
ID 474000439 поставил 388888 коинов на danger и проиграл при выигрышном цвете primary
11:24:01 | Розыгрыш ставок для игры №10351:
ID 474000439 поставил 388888 коинов на danger и проиграл при выигрышном цвете success
12:30:49 | ID 579575065 пополнил баланс на 100000 коинов
12:31:33 | ID 579575065 пополнил баланс на 4900000 коинов
12:32:21 | Розыгрыш ставок для игры №10352:
ID 579575065 поставил 2000 коинов на success и проиграл при выигрышном цвете primary
12:33:04 | Розыгрыш ставок для игры №10353:
ID 579575065 поставил 3000 коинов на primary и проиграл при выигрышном цвете danger
13:17:14 | Розыгрыш ставок для игры №10354:
ID 469138501 поставил 1000 коинов на primary и выиграл 1500 коинов при выигрышном цвете primary
13:17:58 | Розыгрыш ставок для игры №10355:
ID 469138501 поставил 1000 коинов на primary и выиграл 1500 коинов при выигрышном цвете primary
13:18:43 | Розыгрыш ставок для игры №10356:
ID 469138501 поставил 1000 коинов на primary и проиграл при выигрышном цвете success
15:01:06 | Розыгрыш ставок для игры №10357:
ID 278080247 поставил 1000 коинов на danger и выиграл 4500 коинов при выигрышном цвете danger
15:01:55 | Розыгрыш ставок для игры №10358:
ID 278080247 поставил 3000 коинов на success и проиграл при выигрышном цвете primary
15:28:35 | ID 519000833 пополнил баланс на 500000000 коинов
15:29:17 | Розыгрыш ставок для игры №10359:
ID 519000833 поставил 12000 коинов на primary и проиграл при выигрышном цвете danger
15:33:20 | Розыгрыш ставок для игры №10360:
ID 519000833 поставил 36000 коинов на primary и проиграл при выигрышном цвете success
15:34:05 | Розыгрыш ставок для игры №10361:
ID 519000833 поставил 80000 коинов на primary и выиграл 120000 коинов при выигрышном цвете primary
15:34:54 | Розыгрыш ставок для игры №10362:
ID 519000833 поставил 16000 коинов на primary и выиграл 24000 коинов при выигрышном цвете primary
15:35:33 | ID 519000833 запросил вывод 500050 коинов; VKC response code: 200
15:54:49 | ID 578429255 запросил вывод 126866 коинов; VKC response code: 200
19:39:29 | Розыгрыш ставок для игры №10363:
ID 278080247 поставил 1500 коинов на danger и проиграл при выигрышном цвете success
21:22:09 | ID 469138501 запросил вывод 1000 коинов; VKC response code: 200