
00:17:31 | ID 575903716 пополнил баланс на 42000000 коинов
00:18:12 | Розыгрыш ставок для игры №7196:
ID 575903716 поставил 42000 коинов на danger и проиграл при выигрышном цвете primary
00:25:39 | ID 594383677 пополнил баланс на 100000000 коинов
00:25:49 | ID 563182742 пополнил баланс на 4800000000 коинов
00:26:18 | Розыгрыш ставок для игры №7197:
ID 594383677 поставил 10000 коинов на primary и проиграл при выигрышном цвете danger
00:27:00 | Розыгрыш ставок для игры №7198:
ID 594383677 поставил 10000 коинов на success и проиграл при выигрышном цвете primary
ID 563182742 поставил 1000000 коинов на primary и выиграл 2000000 коинов при выигрышном цвете primary
00:27:54 | Розыгрыш ставок для игры №7199:
ID 594383677 поставил 10000 коинов на success и проиграл при выигрышном цвете primary
00:28:57 | Розыгрыш ставок для игры №7200:
ID 563182742 поставил 800000 коинов на danger и выиграл 1600000 коинов при выигрышном цвете danger
ID 594383677 поставил 10000 коинов на success и проиграл при выигрышном цвете danger
00:29:43 | Розыгрыш ставок для игры №7201:
ID 594383677 поставил 10000 коинов на success и проиграл при выигрышном цвете danger
00:30:25 | Розыгрыш ставок для игры №7202:
ID 594383677 поставил 10000 коинов на success и проиграл при выигрышном цвете danger
ID 563182742 поставил 600000 коинов на primary и проиграл при выигрышном цвете danger
00:31:36 | Розыгрыш ставок для игры №7203:
ID 594383677 поставил 10000 коинов на success и проиграл при выигрышном цвете primary
00:32:19 | Розыгрыш ставок для игры №7204:
ID 563182742 поставил 3000000 коинов на danger и проиграл при выигрышном цвете primary
ID 594383677 поставил 31000 коинов на danger и проиграл при выигрышном цвете primary
00:33:02 | Розыгрыш ставок для игры №7205:
ID 563182742 поставил 3000000 коинов на danger и проиграл при выигрышном цвете primary
00:33:02 | Розыгрыш ставок для игры №7206:
ID 563182742 поставил 3000000 коинов на danger и выиграл 6000000 коинов при выигрышном цвете danger
00:33:33 | ID 563182742 запросил вывод 5000000 коинов; VKC response code: 200
00:34:15 | Розыгрыш ставок для игры №7207:
ID 563182742 поставил 750000 коинов на primary и выиграл 1500000 коинов при выигрышном цвете primary
00:42:24 | ID 212198981 пополнил баланс на 12222000 коинов
00:43:06 | Розыгрыш ставок для игры №7208:
ID 212198981 поставил 6000 коинов на primary и выиграл 12000 коинов при выигрышном цвете primary
00:43:52 | Розыгрыш ставок для игры №7209:
ID 212198981 поставил 12000 коинов на danger и проиграл при выигрышном цвете success
00:44:35 | Розыгрыш ставок для игры №7210:
ID 212198981 поставил 6000 коинов на success и проиграл при выигрышном цвете danger
ID 563182742 поставил 700000 коинов на danger и выиграл 1400000 коинов при выигрышном цвете danger
00:45:02 | ID 563182742 пополнил баланс на 4500000000 коинов
00:45:47 | Розыгрыш ставок для игры №7211:
ID 563182742 поставил 900000 коинов на danger и проиграл при выигрышном цвете primary
00:46:31 | Розыгрыш ставок для игры №7212:
ID 563182742 поставил 1800000 коинов на danger и выиграл 3600000 коинов при выигрышном цвете danger
00:47:17 | ID 563182742 запросил вывод 4000000 коинов; VKC response code: 200
00:47:57 | Розыгрыш ставок для игры №7213:
ID 563182742 поставил 3000000 коинов на primary и выиграл 6000000 коинов при выигрышном цвете primary
00:50:34 | Розыгрыш ставок для игры №7214:
ID 563182742 поставил 851110 коинов на danger и выиграл 1702220 коинов при выигрышном цвете danger
00:51:11 | ID 563182742 запросил вывод 7700000 коинов; VKC response code: 200
01:01:17 | ID 401428023 пополнил баланс на 100000 коинов
01:01:45 | ID 401428023 пополнил баланс на 10000000 коинов
01:02:01 | ID 585713923 пополнил баланс на 1000000000 коинов
01:02:25 | Розыгрыш ставок для игры №7215:
ID 401428023 поставил 1100 коинов на primary и проиграл при выигрышном цвете danger
ID 594058724 поставил 1000000 коинов на primary и проиграл при выигрышном цвете danger
ID 585713923 поставил 500000 коинов на primary и проиграл при выигрышном цвете danger
01:03:07 | Розыгрыш ставок для игры №7216:
ID 594058724 поставил 2000000 коинов на primary и проиграл при выигрышном цвете danger
ID 585713923 поставил 500000 коинов на primary и проиграл при выигрышном цвете danger
ID 401428023 поставил 9000 коинов на danger и выиграл 18000 коинов при выигрышном цвете danger
01:03:16 | ID 499366239 пополнил баланс на 3400000000 коинов
01:03:30 | ID 563182742 пополнил баланс на 8000000000 коинов
01:03:50 | Розыгрыш ставок для игры №7217:
ID 594058724 поставил 6000000 коинов на primary и проиграл при выигрышном цвете danger
ID 401428023 поставил 18000 коинов на primary и проиграл при выигрышном цвете danger
ID 499366239 поставил 500000 коинов на primary и проиграл при выигрышном цвете danger
ID 563182742 поставил 4000000 коинов на primary и проиграл при выигрышном цвете danger
01:04:19 | ID 401428023 пополнил баланс на 12000000 коинов
01:04:20 | ID 594383677 пополнил баланс на 1000000000 коинов
01:04:32 | Розыгрыш ставок для игры №7218:
ID 563182742 поставил 4000000 коинов на primary и проиграл при выигрышном цвете danger
ID 594058724 поставил 12000000 коинов на primary и проиграл при выигрышном цвете danger
ID 499366239 поставил 1000000 коинов на primary и проиграл при выигрышном цвете danger
ID 594383677 поставил 500000 коинов на primary и проиграл при выигрышном цвете danger
ID 401428023 поставил 12000 коинов на danger и выиграл 24000 коинов при выигрышном цвете danger
01:05:17 | Розыгрыш ставок для игры №7219:
ID 594058724 поставил 24000000 коинов на primary и выиграл 48000000 коинов при выигрышном цвете primary
ID 594383677 поставил 500000 коинов на primary и выиграл 1000000 коинов при выигрышном цвете primary
ID 401428023 поставил 24000 коинов на danger и проиграл при выигрышном цвете primary
01:06:00 | Розыгрыш ставок для игры №7220:
ID 594383677 поставил 500000 коинов на danger и выиграл 1000000 коинов при выигрышном цвете danger
01:06:44 | Розыгрыш ставок для игры №7221:
ID 594383677 поставил 1000000 коинов на danger и проиграл при выигрышном цвете primary
ID 499366239 поставил 1000000 коинов на primary и выиграл 2000000 коинов при выигрышном цвете primary
ID 594058724 поставил 500000 коинов на danger и проиграл при выигрышном цвете primary
01:07:27 | Розыгрыш ставок для игры №7222:
ID 594058724 поставил 2000000 коинов на danger и проиграл при выигрышном цвете primary
ID 594383677 поставил 500000 коинов на danger и проиграл при выигрышном цвете primary
ID 499366239 поставил 500000 коинов на danger и проиграл при выигрышном цвете primary
01:07:53 | ID 594383677 пополнил баланс на 2000000000 коинов
01:08:10 | Розыгрыш ставок для игры №7223:
ID 594058724 поставил 4000000 коинов на danger и выиграл 8000000 коинов при выигрышном цвете danger
ID 594383677 поставил 500000 коинов на danger и выиграл 1000000 коинов при выигрышном цвете danger
ID 499366239 поставил 1000000 коинов на danger и выиграл 2000000 коинов при выигрышном цвете danger
01:09:02 | Розыгрыш ставок для игры №7224:
ID 594383677 поставил 500000 коинов на danger и проиграл при выигрышном цвете primary
ID 499366239 поставил 500000 коинов на primary и выиграл 1000000 коинов при выигрышном цвете primary
01:09:02 | Розыгрыш ставок для игры №7225:
ID 594383677 поставил 500000 коинов на danger и выиграл 1000000 коинов при выигрышном цвете danger
ID 499366239 поставил 500000 коинов на primary и проиграл при выигрышном цвете danger
01:09:57 | Розыгрыш ставок для игры №7226:
ID 499366239 поставил 1000000 коинов на primary и проиграл при выигрышном цвете danger
ID 594383677 поставил 500000 коинов на primary и проиграл при выигрышном цвете danger
01:10:49 | Розыгрыш ставок для игры №7227:
ID 594383677 поставил 1000000 коинов на primary и проиграл при выигрышном цвете danger
ID 499366239 поставил 1500000 коинов на primary и проиграл при выигрышном цвете danger
ID 541274052 поставил 1000 коинов на primary и проиграл при выигрышном цвете danger
01:11:21 | ID 541274052 пополнил баланс на 1000000000 коинов
01:11:32 | Розыгрыш ставок для игры №7228:
ID 594383677 поставил 1500000 коинов на primary и проиграл при выигрышном цвете danger
ID 499366239 поставил 1250000 коинов на primary и проиграл при выигрышном цвете danger
01:11:56 | ID 499366239 запросил вывод 150000 коинов; VKC response code: 200
01:12:12 | ID 148886453 пополнил баланс на 300000000 коинов
01:12:32 | Розыгрыш ставок для игры №7229:
ID 541274052 поставил 100000 коинов на primary и проиграл при выигрышном цвете danger
ID 148886453 поставил 100000 коинов на danger и выиграл 200000 коинов при выигрышном цвете danger
01:13:24 | Розыгрыш ставок для игры №7230:
ID 148886453 поставил 100000 коинов на primary и выиграл 200000 коинов при выигрышном цвете primary
ID 541274052 поставил 100000 коинов на primary и выиграл 200000 коинов при выигрышном цвете primary
01:13:29 | ID 589729040 пополнил баланс на 10000000 коинов
01:14:09 | Розыгрыш ставок для игры №7231:
ID 541274052 поставил 100000 коинов на danger и проиграл при выигрышном цвете primary
ID 589729040 поставил 1000 коинов на danger и проиграл при выигрышном цвете primary
ID 148886453 поставил 100000 коинов на primary и выиграл 200000 коинов при выигрышном цвете primary
01:14:52 | Розыгрыш ставок для игры №7232:
ID 589729040 поставил 1000 коинов на danger и проиграл при выигрышном цвете primary
ID 541274052 поставил 50000 коинов на danger и проиграл при выигрышном цвете primary
ID 148886453 поставил 25000 коинов на primary и выиграл 50000 коинов при выигрышном цвете primary
01:15:40 | Розыгрыш ставок для игры №7233:
ID 589729040 поставил 8000 коинов на primary и проиграл при выигрышном цвете danger
ID 148886453 поставил 25000 коинов на danger и выиграл 50000 коинов при выигрышном цвете danger
ID 541274052 поставил 100000 коинов на danger и выиграл 200000 коинов при выигрышном цвете danger
01:16:17 | ID 589729040 пополнил баланс на 10000000 коинов
01:16:41 | Розыгрыш ставок для игры №7234:
ID 148886453 поставил 50000 коинов на danger и выиграл 100000 коинов при выигрышном цвете danger
ID 541274052 поставил 50000 коинов на danger и выиграл 100000 коинов при выигрышном цвете danger
ID 589729040 поставил 10000 коинов на danger и выиграл 20000 коинов при выигрышном цвете danger
01:17:32 | Розыгрыш ставок для игры №7235:
ID 148886453 поставил 200000 коинов на primary и проиграл при выигрышном цвете success
ID 589729040 поставил 10000 коинов на primary и проиграл при выигрышном цвете success
ID 541274052 поставил 200000 коинов на primary и проиграл при выигрышном цвете success
01:18:15 | Розыгрыш ставок для игры №7236:
ID 541274052 поставил 250000 коинов на primary и проиграл при выигрышном цвете danger
ID 148886453 поставил 400000 коинов на danger и выиграл 800000 коинов при выигрышном цвете danger
ID 589729040 поставил 10000 коинов на danger и выиграл 20000 коинов при выигрышном цвете danger
01:19:14 | Розыгрыш ставок для игры №7237:
ID 148886453 поставил 100000 коинов на primary и выиграл 200000 коинов при выигрышном цвете primary
ID 541274052 поставил 350000 коинов на primary и выиграл 700000 коинов при выигрышном цвете primary
ID 589729040 поставил 10000 коинов на primary и выиграл 20000 коинов при выигрышном цвете primary
01:19:57 | Розыгрыш ставок для игры №7238:
ID 563182742 поставил 72000 коинов на danger и проиграл при выигрышном цвете primary
ID 148886453 поставил 100000 коинов на primary и выиграл 200000 коинов при выигрышном цвете primary
ID 589729040 поставил 10000 коинов на primary и выиграл 20000 коинов при выигрышном цвете primary
ID 541274052 поставил 200000 коинов на primary и выиграл 400000 коинов при выигрышном цвете primary
01:20:42 | Розыгрыш ставок для игры №7239:
ID 148886453 поставил 100000 коинов на primary и выиграл 200000 коинов при выигрышном цвете primary
ID 541274052 поставил 100000 коинов на primary и выиграл 200000 коинов при выигрышном цвете primary
ID 589729040 поставил 10000 коинов на primary и выиграл 20000 коинов при выигрышном цвете primary
01:21:25 | Розыгрыш ставок для игры №7240:
ID 148886453 поставил 100000 коинов на success и проиграл при выигрышном цвете danger
ID 541274052 поставил 50000 коинов на success и проиграл при выигрышном цвете danger
ID 589729040 поставил 1000 коинов на success и проиграл при выигрышном цвете danger
01:22:09 | Розыгрыш ставок для игры №7241:
ID 148886453 поставил 100000 коинов на primary и проиграл при выигрышном цвете danger
ID 541274052 поставил 50000 коинов на danger и выиграл 100000 коинов при выигрышном цвете danger
ID 589729040 поставил 10000 коинов на primary и проиграл при выигрышном цвете danger
01:22:56 | Розыгрыш ставок для игры №7242:
ID 589729040 поставил 10000 коинов на danger и выиграл 20000 коинов при выигрышном цвете danger
ID 541274052 поставил 100000 коинов на primary и проиграл при выигрышном цвете danger
ID 148886453 поставил 1000000 коинов на danger и выиграл 2000000 коинов при выигрышном цвете danger
01:23:43 | Розыгрыш ставок для игры №7243:
ID 589729040 поставил 10000 коинов на danger и проиграл при выигрышном цвете primary
ID 148886453 поставил 1000000 коинов на primary и выиграл 2000000 коинов при выигрышном цвете primary
01:24:47 | Розыгрыш ставок для игры №7244:
ID 594058724 поставил 1000000 коинов на danger и проиграл при выигрышном цвете primary
ID 589729040 поставил 20000 коинов на primary и выиграл 40000 коинов при выигрышном цвете primary
ID 148886453 поставил 1000000 коинов на primary и выиграл 2000000 коинов при выигрышном цвете primary
ID 541274052 поставил 200000 коинов на primary и выиграл 400000 коинов при выигрышном цвете primary
01:25:29 | Розыгрыш ставок для игры №7245:
ID 594058724 поставил 2000000 коинов на danger и проиграл при выигрышном цвете primary
ID 148886453 поставил 1000000 коинов на danger и проиграл при выигрышном цвете primary
ID 541274052 поставил 200000 коинов на danger и проиграл при выигрышном цвете primary
ID 589729040 поставил 20000 коинов на danger и проиграл при выигрышном цвете primary
01:26:11 | Розыгрыш ставок для игры №7246:
ID 594058724 поставил 6000000 коинов на danger и проиграл при выигрышном цвете primary
ID 148886453 поставил 1000000 коинов на danger и проиграл при выигрышном цвете primary
ID 589729040 поставил 39000 коинов на danger и проиграл при выигрышном цвете primary
ID 541274052 поставил 100000 коинов на danger и проиграл при выигрышном цвете primary
01:26:46 | ID 589729040 пополнил баланс на 100000000 коинов
01:26:49 | ID 541274052 запросил вывод 1000000 коинов; VKC response code: 200
01:27:02 | Розыгрыш ставок для игры №7247:
ID 594058724 поставил 15000000 коинов на danger и проиграл при выигрышном цвете primary
ID 148886453 поставил 1000000 коинов на danger и проиграл при выигрышном цвете primary
01:27:02 | Розыгрыш ставок для игры №7248:
ID 594058724 поставил 15000000 коинов на danger и выиграл 30000000 коинов при выигрышном цвете danger
ID 148886453 поставил 1000000 коинов на danger и выиграл 2000000 коинов при выигрышном цвете danger
01:28:01 | Розыгрыш ставок для игры №7249:
ID 148886453 поставил 3000000 коинов на primary и выиграл 6000000 коинов при выигрышном цвете primary
ID 594058724 поставил 500000 коинов на danger и проиграл при выигрышном цвете primary
ID 589729040 поставил 100000 коинов на primary и выиграл 200000 коинов при выигрышном цвете primary
01:28:44 | Розыгрыш ставок для игры №7250:
ID 594058724 поставил 2000000 коинов на danger и проиграл при выигрышном цвете primary
ID 148886453 поставил 10000 коинов на success и проиграл при выигрышном цвете primary
ID 589729040 поставил 1000 коинов на success и проиграл при выигрышном цвете primary
01:29:26 | Розыгрыш ставок для игры №7251:
ID 594058724 поставил 5000000 коинов на danger и проиграл при выигрышном цвете primary
ID 148886453 поставил 990000 коинов на primary и выиграл 1980000 коинов при выигрышном цвете primary
ID 589729040 поставил 100000 коинов на primary и выиграл 200000 коинов при выигрышном цвете primary
01:30:09 | Розыгрыш ставок для игры №7252:
ID 594058724 поставил 15000000 коинов на danger и проиграл при выигрышном цвете primary
ID 148886453 поставил 980000 коинов на danger и проиграл при выигрышном цвете primary
ID 589729040 поставил 100000 коинов на danger и проиграл при выигрышном цвете primary
01:30:51 | Розыгрыш ставок для игры №7253:
ID 594058724 поставил 40000000 коинов на danger и проиграл при выигрышном цвете primary
ID 148886453 поставил 6000000 коинов на primary и выиграл 12000000 коинов при выигрышном цвете primary
ID 589729040 поставил 100000 коинов на primary и выиграл 200000 коинов при выигрышном цвете primary
01:31:25 | ID 148886453 запросил вывод 12000000 коинов; VKC response code: 200
01:31:33 | Розыгрыш ставок для игры №7254:
ID 594058724 поставил 77274506 коинов на danger и выиграл 154549012 коинов при выигрышном цвете danger
01:32:16 | Розыгрыш ставок для игры №7255:
ID 589729040 поставил 100000 коинов на primary и выиграл 200000 коинов при выигрышном цвете primary
01:33:09 | Розыгрыш ставок для игры №7256:
ID 589729040 поставил 10000 коинов на primary и проиграл при выигрышном цвете success
01:33:56 | Розыгрыш ставок для игры №7257:
ID 589729040 поставил 100000 коинов на primary и выиграл 200000 коинов при выигрышном цвете primary
01:34:20 | ID 148886453 пополнил баланс на 11000000000 коинов
01:34:45 | Розыгрыш ставок для игры №7258:
ID 589729040 поставил 10000 коинов на danger и выиграл 20000 коинов при выигрышном цвете danger
ID 148886453 поставил 11000000 коинов на primary и проиграл при выигрышном цвете danger
01:35:52 | Розыгрыш ставок для игры №7259:
ID 589729040 поставил 100000 коинов на primary и выиграл 200000 коинов при выигрышном цвете primary
01:55:21 | ID 589729040 запросил вывод 599000 коинов; VKC response code: 200
02:33:56 | Розыгрыш ставок для игры №7260:
ID 593467300 поставил 30000 коинов на danger и проиграл при выигрышном цвете primary
02:36:01 | Розыгрыш ставок для игры №7261:
ID 593467300 поставил 10000 коинов на primary и проиграл при выигрышном цвете danger
02:36:27 | ID 593467300 пополнил баланс на 100000000 коинов
02:37:01 | Розыгрыш ставок для игры №7262:
ID 593467300 поставил 9000 коинов на danger и проиграл при выигрышном цвете primary
02:37:51 | Розыгрыш ставок для игры №7263:
ID 593467300 поставил 9000 коинов на primary и выиграл 18000 коинов при выигрышном цвете primary
02:38:38 | Розыгрыш ставок для игры №7264:
ID 593467300 поставил 50000 коинов на primary и проиграл при выигрышном цвете danger
02:39:21 | Розыгрыш ставок для игры №7265:
ID 593467300 поставил 12500 коинов на danger и проиграл при выигрышном цвете primary
02:39:24 | ID 497326839 пополнил баланс на 300000000 коинов
02:40:05 | Розыгрыш ставок для игры №7266:
ID 593467300 поставил 12500 коинов на danger и выиграл 25000 коинов при выигрышном цвете danger
ID 497326839 поставил 150000 коинов на danger и выиграл 300000 коинов при выигрышном цвете danger
02:40:57 | Розыгрыш ставок для игры №7267:
ID 593467300 поставил 12500 коинов на primary и выиграл 25000 коинов при выигрышном цвете primary
02:41:42 | Розыгрыш ставок для игры №7268:
ID 593467300 поставил 12500 коинов на danger и выиграл 25000 коинов при выигрышном цвете danger
ID 497326839 поставил 300000 коинов на primary и проиграл при выигрышном цвете danger
02:42:25 | Розыгрыш ставок для игры №7269:
ID 593467300 поставил 40000 коинов на primary и проиграл при выигрышном цвете danger
ID 497326839 поставил 150000 коинов на primary и проиграл при выигрышном цвете danger
02:43:14 | Розыгрыш ставок для игры №7270:
ID 593467300 поставил 35000 коинов на danger и проиграл при выигрышном цвете primary
05:50:27 | ID 587001526 пополнил баланс на 100000000 коинов
05:51:10 | Розыгрыш ставок для игры №7271:
ID 587001526 поставил 20000 коинов на primary и выиграл 40000 коинов при выигрышном цвете primary
05:52:04 | Розыгрыш ставок для игры №7272:
ID 587001526 поставил 10000 коинов на primary и выиграл 20000 коинов при выигрышном цвете primary
05:52:52 | Розыгрыш ставок для игры №7273:
ID 587001526 поставил 10000 коинов на danger и выиграл 20000 коинов при выигрышном цвете danger
05:55:50 | Розыгрыш ставок для игры №7274:
ID 587001526 поставил 20000 коинов на danger и проиграл при выигрышном цвете primary
05:56:38 | Розыгрыш ставок для игры №7275:
ID 587001526 поставил 20000 коинов на danger и проиграл при выигрышном цвете primary
05:57:27 | Розыгрыш ставок для игры №7276:
ID 587001526 поставил 40000 коинов на danger и выиграл 80000 коинов при выигрышном цвете danger
05:58:18 | Розыгрыш ставок для игры №7277:
ID 587001526 поставил 30000 коинов на primary и проиграл при выигрышном цвете danger
06:00:31 | ID 587001526 запросил вывод 111000 коинов; VKC response code: 200
07:57:36 | ID 263558094 пополнил баланс на 765000 коинов
08:10:02 | ID 263558094 пополнил баланс на 624000 коинов
08:10:47 | Розыгрыш ставок для игры №7278:
ID 263558094 поставил 1390 коинов на danger и проиграл при выигрышном цвете primary
09:12:55 | ID 541825893 пополнил баланс на 3000000000 коинов
09:13:32 | Розыгрыш ставок для игры №7279:
ID 541825893 поставил 3000000 коинов на danger и выиграл 6000000 коинов при выигрышном цвете danger
09:13:54 | ID 541825893 запросил вывод 6000000 коинов; VKC response code: 200
09:21:27 | ID 518771936 пополнил баланс на 10000000 коинов
09:22:19 | Розыгрыш ставок для игры №7280:
ID 518771936 поставил 2000 коинов на success и проиграл при выигрышном цвете primary
09:22:27 | ID 587001526 пополнил баланс на 20000000 коинов
09:23:11 | Розыгрыш ставок для игры №7281:
ID 518771936 поставил 2000 коинов на success и проиграл при выигрышном цвете danger
ID 587001526 поставил 2000 коинов на primary и проиграл при выигрышном цвете danger
09:23:55 | Розыгрыш ставок для игры №7282:
ID 587001526 поставил 2000 коинов на danger и выиграл 4000 коинов при выигрышном цвете danger
ID 518771936 поставил 2000 коинов на success и проиграл при выигрышном цвете danger
09:24:48 | Розыгрыш ставок для игры №7283:
ID 518771936 поставил 2000 коинов на success и проиграл при выигрышном цвете danger
ID 587001526 поставил 4000 коинов на danger и выиграл 8000 коинов при выигрышном цвете danger
09:25:35 | Розыгрыш ставок для игры №7284:
ID 518771936 поставил 2000 коинов на success и проиграл при выигрышном цвете primary
ID 587001526 поставил 4000 коинов на danger и проиграл при выигрышном цвете primary
09:25:59 | ID 587001526 запросил вывод 20000 коинов; VKC response code: 200
13:27:12 | ID 491067282 пополнил баланс на 40000000 коинов
13:27:55 | Розыгрыш ставок для игры №7285:
ID 491067282 поставил 40000 коинов на danger и проиграл при выигрышном цвете primary
13:28:22 | ID 540901986 пополнил баланс на 10000000 коинов
13:29:04 | Розыгрыш ставок для игры №7286:
ID 540901986 поставил 2000 коинов на danger и выиграл 4000 коинов при выигрышном цвете danger
13:29:48 | Розыгрыш ставок для игры №7287:
ID 540901986 поставил 2000 коинов на danger и выиграл 4000 коинов при выигрышном цвете danger
13:30:19 | ID 540901986 запросил вывод 14000 коинов; VKC response code: 200
13:41:03 | ID 589729040 пополнил баланс на 100000000 коинов
13:41:49 | Розыгрыш ставок для игры №7288:
ID 589729040 поставил 10000 коинов на primary и выиграл 20000 коинов при выигрышном цвете primary
13:42:32 | Розыгрыш ставок для игры №7289:
ID 589729040 поставил 10000 коинов на danger и проиграл при выигрышном цвете primary
13:43:14 | Розыгрыш ставок для игры №7290:
ID 589729040 поставил 10000 коинов на danger и выиграл 20000 коинов при выигрышном цвете danger
13:43:55 | Розыгрыш ставок для игры №7291:
ID 589729040 поставил 100000 коинов на primary и проиграл при выигрышном цвете danger
13:45:00 | Розыгрыш ставок для игры №7292:
ID 589729040 поставил 10000 коинов на danger и проиграл при выигрышном цвете success
13:46:01 | Розыгрыш ставок для игры №7293:
ID 317113903 поставил 1000000 коинов на danger и выиграл 4500000 коинов при выигрышном цвете danger
13:46:58 | Розыгрыш ставок для игры №7294:
ID 317113903 поставил 1000000 коинов на primary и проиграл при выигрышном цвете danger
13:47:42 | Розыгрыш ставок для игры №7295:
ID 317113903 поставил 1000000 коинов на primary и выиграл 1500000 коинов при выигрышном цвете primary
13:48:38 | Розыгрыш ставок для игры №7296:
ID 317113903 поставил 1000000 коинов на success и выиграл 2500000 коинов при выигрышном цвете success
ID 228204444 поставил 10000 коинов на primary и проиграл при выигрышном цвете success
13:49:21 | Розыгрыш ставок для игры №7297:
ID 228204444 поставил 10000 коинов на danger и проиграл при выигрышном цвете primary
13:50:03 | Розыгрыш ставок для игры №7298:
ID 228204444 поставил 10000 коинов на primary и выиграл 15000 коинов при выигрышном цвете primary
ID 317113903 поставил 1000000 коинов на success и проиграл при выигрышном цвете primary
13:50:46 | Розыгрыш ставок для игры №7299:
ID 317113903 поставил 1000000 коинов на success и выиграл 2500000 коинов при выигрышном цвете success
ID 228204444 поставил 10000 коинов на danger и проиграл при выигрышном цвете success
13:51:32 | Розыгрыш ставок для игры №7300:
ID 228204444 поставил 10000 коинов на danger и выиграл 45000 коинов при выигрышном цвете danger
ID 317113903 поставил 1000000 коинов на primary и проиграл при выигрышном цвете danger
13:58:28 | Розыгрыш ставок для игры №7301:
ID 228204444 поставил 10000 коинов на success и проиграл при выигрышном цвете danger
14:03:41 | Розыгрыш ставок для игры №7302:
ID 228204444 поставил 10000 коинов на danger и выиграл 45000 коинов при выигрышном цвете danger
14:04:39 | Розыгрыш ставок для игры №7303:
ID 228204444 поставил 545000 коинов на primary и выиграл 817500 коинов при выигрышном цвете primary
14:06:19 | Розыгрыш ставок для игры №7304:
ID 228204444 поставил 817500 коинов на success и выиграл 2043750 коинов при выигрышном цвете success
14:07:17 | Розыгрыш ставок для игры №7305:
ID 228204444 поставил 1635000 коинов на primary и выиграл 2452500 коинов при выигрышном цвете primary
14:08:04 | Розыгрыш ставок для игры №7306:
ID 228204444 поставил 1635000 коинов на primary и выиграл 2452500 коинов при выигрышном цвете primary
14:08:53 | ID 562427284 пополнил баланс на 100000000 коинов
14:08:53 | Розыгрыш ставок для игры №7307:
ID 228204444 поставил 3270000 коинов на success и выиграл 8175000 коинов при выигрышном цвете success
14:09:40 | Розыгрыш ставок для игры №7308:
ID 562427284 поставил 100000 коинов на danger и проиграл при выигрышном цвете primary
ID 228204444 поставил 3270000 коинов на primary и выиграл 4905000 коинов при выигрышном цвете primary
14:11:04 | Розыгрыш ставок для игры №7309:
ID 228204444 поставил 10000000 коинов на primary и выиграл 15000000 коинов при выигрышном цвете primary
14:11:59 | Розыгрыш ставок для игры №7310:
ID 228204444 поставил 15000000 коинов на success и выиграл 37500000 коинов при выигрышном цвете success
14:13:04 | Розыгрыш ставок для игры №7311:
ID 228204444 поставил 37000000 коинов на primary и выиграл 55500000 коинов при выигрышном цвете primary
14:13:51 | Розыгрыш ставок для игры №7312:
ID 521454479 поставил 1000 коинов на primary и выиграл 1500 коинов при выигрышном цвете primary
14:14:40 | Розыгрыш ставок для игры №7313:
ID 521454479 поставил 1500 коинов на success и проиграл при выигрышном цвете primary
ID 228204444 поставил 49000000 коинов на primary и выиграл 73500000 коинов при выигрышном цвете primary
14:16:23 | Розыгрыш ставок для игры №7314:
ID 228204444 поставил 7000000 коинов на success и выиграл 17500000 коинов при выигрышном цвете success
14:17:03 | ID 495378433 пополнил баланс на 1400000 коинов
14:17:14 | Розыгрыш ставок для игры №7315:
ID 317113903 поставил 1000000 коинов на primary и проиграл при выигрышном цвете success
ID 495378433 поставил 1400 коинов на primary и проиграл при выигрышном цвете success
ID 228204444 поставил 1000000 коинов на primary и проиграл при выигрышном цвете success
14:18:11 | Розыгрыш ставок для игры №7316:
ID 228204444 поставил 1000000 коинов на primary и выиграл 1500000 коинов при выигрышном цвете primary
14:19:29 | Розыгрыш ставок для игры №7317:
ID 228204444 поставил 20000000 коинов на success и выиграл 50000000 коинов при выигрышном цвете success
14:20:27 | Розыгрыш ставок для игры №7318:
ID 228204444 поставил 120000000 коинов на success и выиграл 300000000 коинов при выигрышном цвете success
14:21:31 | Розыгрыш ставок для игры №7319:
ID 228204444 поставил 40000000 коинов на primary и выиграл 60000000 коинов при выигрышном цвете primary
14:22:35 | Розыгрыш ставок для игры №7320:
ID 228204444 поставил 320000000 коинов на danger и выиграл 1440000000 коинов при выигрышном цвете danger
14:27:33 | ID 391252970 пополнил баланс на 200000000 коинов
14:28:14 | Розыгрыш ставок для игры №7321:
ID 391252970 поставил 50000 коинов на danger и проиграл при выигрышном цвете primary
14:37:59 | ID 548634815 пополнил баланс на 350000 коинов
14:41:37 | ID 551654275 пополнил баланс на 200000000 коинов
14:42:13 | Розыгрыш ставок для игры №7322:
ID 551654275 поставил 50000 коинов на danger и проиграл при выигрышном цвете primary
14:42:57 | Розыгрыш ставок для игры №7323:
ID 551654275 поставил 50000 коинов на success и выиграл 125000 коинов при выигрышном цвете success
14:44:00 | Розыгрыш ставок для игры №7324:
ID 551654275 поставил 50000 коинов на primary и выиграл 75000 коинов при выигрышном цвете primary
14:44:49 | Розыгрыш ставок для игры №7325:
ID 551654275 поставил 25000 коинов на danger и проиграл при выигрышном цвете primary
14:45:33 | Розыгрыш ставок для игры №7326:
ID 551654275 поставил 25000 коинов на danger и проиграл при выигрышном цвете success
14:46:19 | Розыгрыш ставок для игры №7327:
ID 551654275 поставил 100000 коинов на primary и проиграл при выигрышном цвете danger
14:47:02 | Розыгрыш ставок для игры №7328:
ID 551654275 поставил 100000 коинов на primary и проиграл при выигрышном цвете success
14:47:02 | Розыгрыш ставок для игры №7329:
ID 551654275 поставил 100000 коинов на primary и выиграл 150000 коинов при выигрышном цвете primary
14:48:10 | Розыгрыш ставок для игры №7330:
ID 551654275 поставил 50000 коинов на primary и проиграл при выигрышном цвете success
14:48:57 | Розыгрыш ставок для игры №7331:
ID 551654275 поставил 100000 коинов на primary и проиграл при выигрышном цвете danger
14:52:36 | ID 305151397 пополнил баланс на 300000000 коинов
14:53:12 | Розыгрыш ставок для игры №7332:
ID 305151397 поставил 300000 коинов на primary и выиграл 450000 коинов при выигрышном цвете primary
14:53:45 | ID 305151397 запросил вывод 150000 коинов; VKC response code: 200
14:53:58 | Розыгрыш ставок для игры №7333:
ID 305151397 поставил 300000 коинов на success и проиграл при выигрышном цвете primary
15:01:41 | ID 563788044 пополнил баланс на 500000000 коинов
15:02:20 | Розыгрыш ставок для игры №7334:
ID 563788044 поставил 200000 коинов на primary и выиграл 300000 коинов при выигрышном цвете primary
15:02:49 | ID 311682749 пополнил баланс на 300000000 коинов
15:03:32 | Розыгрыш ставок для игры №7335:
ID 563788044 поставил 200000 коинов на primary и проиграл при выигрышном цвете danger
ID 311682749 поставил 300000 коинов на danger и выиграл 1350000 коинов при выигрышном цвете danger
15:03:35 | ID 551654275 пополнил баланс на 40000000 коинов
15:03:56 | ID 311682749 запросил вывод 1300000 коинов; VKC response code: 200
15:04:18 | Розыгрыш ставок для игры №7336:
ID 551654275 поставил 40000 коинов на primary и выиграл 60000 коинов при выигрышном цвете primary
ID 311682749 поставил 50000 коинов на success и проиграл при выигрышном цвете primary
ID 563788044 поставил 400000 коинов на primary и выиграл 600000 коинов при выигрышном цвете primary
15:05:05 | Розыгрыш ставок для игры №7337:
ID 551654275 поставил 60000 коинов на success и проиграл при выигрышном цвете danger
ID 563788044 поставил 200000 коинов на primary и проиграл при выигрышном цвете danger
15:05:49 | Розыгрыш ставок для игры №7338:
ID 563788044 поставил 400000 коинов на primary и проиграл при выигрышном цвете danger
15:06:57 | ID 464262974 пополнил баланс на 10000000 коинов
15:07:47 | Розыгрыш ставок для игры №7339:
ID 464262974 поставил 10000 коинов на danger и выиграл 45000 коинов при выигрышном цвете danger
15:18:38 | ID 160767774 пополнил баланс на 50000000 коинов
15:19:28 | Розыгрыш ставок для игры №7340:
ID 160767774 поставил 1000 коинов на success и проиграл при выигрышном цвете primary
15:20:15 | Розыгрыш ставок для игры №7341:
ID 160767774 поставил 2000 коинов на success и проиграл при выигрышном цвете primary
15:27:37 | Розыгрыш ставок для игры №7342:
ID 160767774 поставил 4000 коинов на success и выиграл 10000 коинов при выигрышном цвете success
15:28:26 | Розыгрыш ставок для игры №7343:
ID 160767774 поставил 1000 коинов на success и проиграл при выигрышном цвете danger
15:29:12 | Розыгрыш ставок для игры №7344:
ID 160767774 поставил 2000 коинов на success и проиграл при выигрышном цвете danger
15:34:10 | Розыгрыш ставок для игры №7345:
ID 160767774 поставил 6000 коинов на success и проиграл при выигрышном цвете danger
15:35:50 | Розыгрыш ставок для игры №7346:
ID 535312287 поставил 1000 коинов на success и проиграл при выигрышном цвете primary
15:36:33 | ID 535312287 пополнил баланс на 800000000 коинов
15:37:13 | Розыгрыш ставок для игры №7347:
ID 535312287 поставил 50000 коинов на success и проиграл при выигрышном цвете primary
15:37:57 | Розыгрыш ставок для игры №7348:
ID 535312287 поставил 50000 коинов на success и выиграл 125000 коинов при выигрышном цвете success
15:38:16 | ID 535312287 запросил вывод 825000 коинов; VKC response code: 200
15:42:31 | Розыгрыш ставок для игры №7349:
ID 317113903 поставил 1000 коинов на danger и проиграл при выигрышном цвете success
15:43:09 | ID 438294698 пополнил баланс на 5566655027 коинов
15:43:16 | Розыгрыш ставок для игры №7350:
ID 317113903 поставил 1000 коинов на danger и проиграл при выигрышном цвете primary
15:44:04 | Розыгрыш ставок для игры №7351:
ID 317113903 поставил 1000 коинов на danger и проиграл при выигрышном цвете success
ID 438294698 поставил 566655 коинов на success и выиграл 1416637.5 коинов при выигрышном цвете success
15:44:31 | ID 438294698 запросил вывод 6000000 коинов; VKC response code: 200
15:44:53 | Розыгрыш ставок для игры №7352:
ID 317113903 поставил 1000 коинов на danger и проиграл при выигрышном цвете primary
ID 438294698 поставил 416638 коинов на primary и выиграл 624957 коинов при выигрышном цвете primary
15:45:13 | ID 438294698 запросил вывод 624500 коинов; VKC response code: 200
15:45:22 | ID 438294698 запросил вывод 457 коинов; VKC response code: 200
15:46:23 | Розыгрыш ставок для игры №7353:
ID 317113903 поставил 1000 коинов на danger и проиграл при выигрышном цвете success
15:48:58 | Розыгрыш ставок для игры №7354:
ID 160767774 поставил 8000 коинов на success и выиграл 20000 коинов при выигрышном цвете success
15:51:58 | Розыгрыш ставок для игры №7355:
ID 317113903 поставил 1000 коинов на danger и проиграл при выигрышном цвете primary
15:55:18 | ID 438294698 пополнил баланс на 293000000 коинов
15:55:33 | ID 438294698 пополнил баланс на 14300 коинов
15:56:06 | Розыгрыш ставок для игры №7356:
ID 317113903 поставил 1000 коинов на danger и проиграл при выигрышном цвете success
ID 438294698 поставил 293014 коинов на success и выиграл 732535 коинов при выигрышном цвете success
15:56:55 | Розыгрыш ставок для игры №7357:
ID 438294698 поставил 732535 коинов на primary и проиграл при выигрышном цвете success
15:58:52 | ID 438294698 пополнил баланс на 11000000000 коинов
15:59:25 | Розыгрыш ставок для игры №7358:
ID 438294698 поставил 1000000 коинов на success и проиграл при выигрышном цвете danger
16:00:10 | Розыгрыш ставок для игры №7359:
ID 438294698 поставил 5000000 коинов на primary и выиграл 7500000 коинов при выигрышном цвете primary
16:01:16 | Розыгрыш ставок для игры №7360:
ID 438294698 поставил 500000 коинов на success и проиграл при выигрышном цвете danger
16:02:00 | Розыгрыш ставок для игры №7361:
ID 438294698 поставил 2000000 коинов на success и проиграл при выигрышном цвете primary
16:02:49 | Розыгрыш ставок для игры №7362:
ID 438294698 поставил 5000000 коинов на danger и проиграл при выигрышном цвете success
16:03:34 | Розыгрыш ставок для игры №7363:
ID 438294698 поставил 5000000 коинов на danger и выиграл 22500000 коинов при выигрышном цвете danger
16:04:24 | Розыгрыш ставок для игры №7364:
ID 438294698 поставил 500000 коинов на success и проиграл при выигрышном цвете danger
16:05:09 | Розыгрыш ставок для игры №7365:
ID 438294698 поставил 2000000 коинов на primary и проиграл при выигрышном цвете success
16:05:26 | ID 438294698 запросил вывод 20000000 коинов; VKC response code: 200
16:16:23 | Розыгрыш ставок для игры №7366:
ID 160767774 поставил 2000 коинов на success и проиграл при выигрышном цвете danger
16:17:07 | Розыгрыш ставок для игры №7367:
ID 160767774 поставил 4000 коинов на success и проиграл при выигрышном цвете danger
16:17:58 | Розыгрыш ставок для игры №7368:
ID 160767774 поставил 8000 коинов на success и проиграл при выигрышном цвете primary
16:21:13 | Розыгрыш ставок для игры №7369:
ID 160767774 поставил 16000 коинов на success и выиграл 40000 коинов при выигрышном цвете success
16:22:10 | Розыгрыш ставок для игры №7370:
ID 160767774 поставил 1000 коинов на success и проиграл при выигрышном цвете danger
16:24:18 | Розыгрыш ставок для игры №7371:
ID 160767774 поставил 2000 коинов на success и проиграл при выигрышном цвете primary
16:26:08 | Розыгрыш ставок для игры №7372:
ID 160767774 поставил 4000 коинов на success и проиграл при выигрышном цвете primary
16:26:58 | Розыгрыш ставок для игры №7373:
ID 594058724 поставил 1000000 коинов на danger и проиграл при выигрышном цвете success
16:27:40 | Розыгрыш ставок для игры №7374:
ID 594058724 поставил 1000000 коинов на danger и проиграл при выигрышном цвете primary
16:28:23 | Розыгрыш ставок для игры №7375:
ID 594058724 поставил 1000000 коинов на danger и проиграл при выигрышном цвете success
16:29:06 | Розыгрыш ставок для игры №7376:
ID 594058724 поставил 2000000 коинов на danger и проиграл при выигрышном цвете primary
ID 160767774 поставил 8000 коинов на success и проиграл при выигрышном цвете primary
16:29:40 | ID 463922135 пополнил баланс на 13000000 коинов
16:29:47 | Розыгрыш ставок для игры №7377:
ID 594058724 поставил 2000000 коинов на danger и выиграл 9000000 коинов при выигрышном цвете danger
ID 463922135 поставил 13000 коинов на primary и проиграл при выигрышном цвете danger
16:31:30 | Розыгрыш ставок для игры №7378:
ID 160767774 поставил 16000 коинов на success и проиграл при выигрышном цвете primary
16:32:40 | Розыгрыш ставок для игры №7379:
ID 160767774 поставил 32000 коинов на success и проиграл при выигрышном цвете primary
16:35:19 | Розыгрыш ставок для игры №7380:
ID 160767774 поставил 3000 коинов на danger и выиграл 13500 коинов при выигрышном цвете danger
16:35:38 | ID 160767774 запросил вывод 13500 коинов; VKC response code: 200
17:10:36 | Розыгрыш ставок для игры №7381:
ID 514793085 поставил 3000 коинов на success и проиграл при выигрышном цвете primary
17:11:06 | ID 514793085 пополнил баланс на 8000000 коинов
17:11:40 | Розыгрыш ставок для игры №7382:
ID 514793085 поставил 7500 коинов на danger и проиграл при выигрышном цвете success
17:21:10 | ID 540901986 пополнил баланс на 3800000 коинов
17:21:54 | Розыгрыш ставок для игры №7383:
ID 540901986 поставил 2500 коинов на danger и проиграл при выигрышном цвете primary
17:22:39 | ID 540901986 запросил вывод 1000 коинов; VKC response code: 200
17:35:03 | ID 311682749 пополнил баланс на 100000000 коинов
17:35:40 | Розыгрыш ставок для игры №7384:
ID 311682749 поставил 40000 коинов на danger и проиграл при выигрышном цвете primary
17:36:45 | Розыгрыш ставок для игры №7385:
ID 311682749 поставил 30000 коинов на danger и выиграл 135000 коинов при выигрышном цвете danger
17:37:18 | ID 311682749 запросил вывод 150000 коинов; VKC response code: 200
17:37:39 | Розыгрыш ставок для игры №7386:
ID 311682749 поставил 15000 коинов на success и выиграл 37500 коинов при выигрышном цвете success
17:38:26 | Розыгрыш ставок для игры №7387:
ID 311682749 поставил 7500 коинов на primary и проиграл при выигрышном цвете danger
17:39:09 | Розыгрыш ставок для игры №7388:
ID 311682749 поставил 30000 коинов на primary и выиграл 45000 коинов при выигрышном цвете primary
17:39:42 | ID 311682749 запросил вывод 35000 коинов; VKC response code: 200
17:39:56 | Розыгрыш ставок для игры №7389:
ID 311682749 поставил 5000 коинов на success и проиграл при выигрышном цвете primary
17:40:38 | Розыгрыш ставок для игры №7390:
ID 311682749 поставил 5000 коинов на danger и выиграл 22500 коинов при выигрышном цвете danger
17:41:06 | ID 311682749 запросил вывод 20000 коинов; VKC response code: 200
17:41:29 | Розыгрыш ставок для игры №7391:
ID 311682749 поставил 2500 коинов на danger и проиграл при выигрышном цвете success
17:46:21 | ID 217120030 пополнил баланс на 1000000 коинов
17:47:22 | Розыгрыш ставок для игры №7392:
ID 217120030 поставил 1000 коинов на danger и проиграл при выигрышном цвете primary
17:49:11 | ID 340418264 пополнил баланс на 1000000000 коинов
17:50:33 | Розыгрыш ставок для игры №7393:
ID 340418264 поставил 11000 коинов на success и проиграл при выигрышном цвете primary
17:51:30 | Розыгрыш ставок для игры №7394:
ID 340418264 поставил 10000 коинов на success и выиграл 25000 коинов при выигрышном цвете success
17:54:41 | Розыгрыш ставок для игры №7395:
ID 340418264 поставил 10000 коинов на success и проиграл при выигрышном цвете danger
17:56:31 | Розыгрыш ставок для игры №7396:
ID 340418264 поставил 30000 коинов на success и проиграл при выигрышном цвете primary
17:56:50 | ID 540901986 запросил вывод 100 коинов; VKC response code: 200
17:57:06 | ID 540901986 запросил вывод 200 коинов; VKC response code: 200
17:59:25 | Розыгрыш ставок для игры №7397:
ID 576184039 поставил 1000 коинов на danger и выиграл 4500 коинов при выигрышном цвете danger
18:00:01 | ID 576184039 запросил вывод 4500 коинов; VKC response code: 200
18:01:39 | Розыгрыш ставок для игры №7398:
ID 340418264 поставил 60000 коинов на success и проиграл при выигрышном цвете primary
18:02:24 | Розыгрыш ставок для игры №7399:
ID 340418264 поставил 120000 коинов на success и выиграл 300000 коинов при выигрышном цвете success
18:05:05 | Розыгрыш ставок для игры №7400:
ID 340418264 поставил 10000 коинов на success и выиграл 25000 коинов при выигрышном цвете success
18:07:20 | Розыгрыш ставок для игры №7401:
ID 340418264 поставил 10000 коинов на success и проиграл при выигрышном цвете danger
18:29:19 | Розыгрыш ставок для игры №7402:
ID 340418264 поставил 20000 коинов на success и выиграл 50000 коинов при выигрышном цвете success
18:30:54 | ID 540901986 пополнил баланс на 10000000 коинов
18:31:34 | Розыгрыш ставок для игры №7403:
ID 540901986 поставил 4000 коинов на danger и проиграл при выигрышном цвете success
18:32:27 | Розыгрыш ставок для игры №7404:
ID 540901986 поставил 4000 коинов на primary и проиграл при выигрышном цвете success
18:33:02 | ID 540901986 запросил вывод 2000 коинов; VKC response code: 200
18:40:42 | Розыгрыш ставок для игры №7405:
ID 340418264 поставил 10000 коинов на success и выиграл 25000 коинов при выигрышном цвете success
18:42:43 | Розыгрыш ставок для игры №7406:
ID 340418264 поставил 10000 коинов на success и проиграл при выигрышном цвете primary
18:49:35 | Розыгрыш ставок для игры №7407:
ID 340418264 поставил 20000 коинов на success и проиграл при выигрышном цвете primary
18:51:02 | Розыгрыш ставок для игры №7408:
ID 340418264 поставил 40000 коинов на success и проиграл при выигрышном цвете primary
18:51:51 | Розыгрыш ставок для игры №7409:
ID 340418264 поставил 80000 коинов на success и выиграл 200000 коинов при выигрышном цвете success
18:55:58 | Розыгрыш ставок для игры №7410:
ID 340418264 поставил 10000 коинов на success и проиграл при выигрышном цвете primary
18:56:53 | Розыгрыш ставок для игры №7411:
ID 340418264 поставил 10000 коинов на success и выиграл 25000 коинов при выигрышном цвете success
18:59:21 | Розыгрыш ставок для игры №7412:
ID 340418264 поставил 10000 коинов на success и выиграл 25000 коинов при выигрышном цвете success
19:12:17 | Розыгрыш ставок для игры №7413:
ID 340418264 поставил 10000 коинов на success и проиграл при выигрышном цвете primary
19:14:22 | Розыгрыш ставок для игры №7414:
ID 340418264 поставил 20000 коинов на success и проиграл при выигрышном цвете danger
19:18:01 | Розыгрыш ставок для игры №7415:
ID 340418264 поставил 40000 коинов на success и выиграл 100000 коинов при выигрышном цвете success
19:20:55 | Розыгрыш ставок для игры №7416:
ID 340418264 поставил 20000 коинов на success и проиграл при выигрышном цвете primary
19:21:42 | Розыгрыш ставок для игры №7417:
ID 340418264 поставил 40000 коинов на success и проиграл при выигрышном цвете danger
19:29:43 | Розыгрыш ставок для игры №7418:
ID 340418264 поставил 80000 коинов на success и выиграл 200000 коинов при выигрышном цвете success
19:32:11 | Розыгрыш ставок для игры №7419:
ID 340418264 поставил 40000 коинов на success и проиграл при выигрышном цвете primary
19:37:56 | Розыгрыш ставок для игры №7420:
ID 340418264 поставил 40000 коинов на success и выиграл 100000 коинов при выигрышном цвете success
19:41:20 | Розыгрыш ставок для игры №7421:
ID 340418264 поставил 40000 коинов на success и проиграл при выигрышном цвете danger
19:45:24 | Розыгрыш ставок для игры №7422:
ID 340418264 поставил 200000 коинов на primary и проиграл при выигрышном цвете danger
19:47:36 | Розыгрыш ставок для игры №7423:
ID 340418264 поставил 200000 коинов на success и выиграл 500000 коинов при выигрышном цвете success
19:50:42 | Розыгрыш ставок для игры №7424:
ID 340418264 поставил 10000 коинов на success и проиграл при выигрышном цвете danger
19:52:02 | ID 463922135 пополнил баланс на 2850000000 коинов
19:54:04 | Розыгрыш ставок для игры №7425:
ID 340418264 поставил 20000 коинов на success и выиграл 50000 коинов при выигрышном цвете success
19:55:48 | Розыгрыш ставок для игры №7426:
ID 463922135 поставил 50000 коинов на primary и выиграл 75000 коинов при выигрышном цвете primary
19:56:36 | Розыгрыш ставок для игры №7427:
ID 463922135 поставил 25000 коинов на success и проиграл при выигрышном цвете primary
19:57:19 | Розыгрыш ставок для игры №7428:
ID 463922135 поставил 50000 коинов на success и проиграл при выигрышном цвете primary
19:58:00 | Розыгрыш ставок для игры №7429:
ID 463922135 поставил 300000 коинов на success и проиграл при выигрышном цвете primary
19:58:43 | Розыгрыш ставок для игры №7430:
ID 463922135 поставил 500000 коинов на success и проиграл при выигрышном цвете primary
19:58:45 | ID 463922135 запросил вывод 2000000 коинов; VKC response code: 200
20:01:51 | Розыгрыш ставок для игры №7431:
ID 340418264 поставил 20000 коинов на success и проиграл при выигрышном цвете primary
20:06:05 | Розыгрыш ставок для игры №7432:
ID 340418264 поставил 10000 коинов на success и проиграл при выигрышном цвете primary
20:06:50 | Розыгрыш ставок для игры №7433:
ID 340418264 поставил 40000 коинов на success и проиграл при выигрышном цвете danger
20:07:37 | Розыгрыш ставок для игры №7434:
ID 340418264 поставил 120000 коинов на success и проиграл при выигрышном цвете primary
ID 317113903 поставил 1000 коинов на danger и проиграл при выигрышном цвете primary
20:08:30 | Розыгрыш ставок для игры №7435:
ID 317113903 поставил 1000 коинов на danger и проиграл при выигрышном цвете success
ID 340418264 поставил 160000 коинов на success и выиграл 400000 коинов при выигрышном цвете success
20:08:54 | ID 539543780 пополнил баланс на 1700000000 коинов
20:09:16 | Розыгрыш ставок для игры №7436:
ID 317113903 поставил 1000 коинов на danger и выиграл 4500 коинов при выигрышном цвете danger
ID 340418264 поставил 20000 коинов на success и проиграл при выигрышном цвете danger
ID 539543780 поставил 5000 коинов на danger и выиграл 22500 коинов при выигрышном цвете danger
20:10:01 | Розыгрыш ставок для игры №7437:
ID 340418264 поставил 40000 коинов на success и проиграл при выигрышном цвете primary
20:10:01 | Розыгрыш ставок для игры №7438:
ID 340418264 поставил 40000 коинов на success и выиграл 100000 коинов при выигрышном цвете success
20:10:58 | Розыгрыш ставок для игры №7439:
ID 539543780 поставил 5000 коинов на success и проиграл при выигрышном цвете danger
ID 340418264 поставил 80000 коинов на success и проиграл при выигрышном цвете danger
20:12:45 | Розыгрыш ставок для игры №7440:
ID 539543780 поставил 10000 коинов на success и проиграл при выигрышном цвете danger
20:13:27 | Розыгрыш ставок для игры №7441:
ID 539543780 поставил 20000 коинов на success и выиграл 50000 коинов при выигрышном цвете success
20:15:08 | Розыгрыш ставок для игры №7442:
ID 539543780 поставил 10000 коинов на success и проиграл при выигрышном цвете primary
ID 510924753 поставил 18000 коинов на danger и проиграл при выигрышном цвете primary
20:16:48 | ID 554114418 пополнил баланс на 1000000000 коинов
20:17:29 | Розыгрыш ставок для игры №7443:
ID 539543780 поставил 20000 коинов на success и проиграл при выигрышном цвете primary
ID 554114418 поставил 1000000 коинов на primary и выиграл 1500000 коинов при выигрышном цвете primary
20:18:11 | Розыгрыш ставок для игры №7444:
ID 539543780 поставил 40000 коинов на success и проиграл при выигрышном цвете primary
20:18:53 | Розыгрыш ставок для игры №7445:
ID 539543780 поставил 80000 коинов на success и проиграл при выигрышном цвете danger
20:19:38 | Розыгрыш ставок для игры №7446:
ID 539543780 поставил 160000 коинов на success и проиграл при выигрышном цвете primary
20:20:48 | Розыгрыш ставок для игры №7447:
ID 539543780 поставил 160000 коинов на success и проиграл при выигрышном цвете primary
20:21:19 | ID 539543780 запросил вывод 622500 коинов; VKC response code: 200
20:21:37 | Розыгрыш ставок для игры №7448:
ID 539543780 поставил 640000 коинов на success и проиграл при выигрышном цвете primary
ID 340418264 поставил 160000 коинов на success и проиграл при выигрышном цвете primary
20:22:32 | Розыгрыш ставок для игры №7449:
ID 340418264 поставил 640000 коинов на success и проиграл при выигрышном цвете primary
20:23:56 | Розыгрыш ставок для игры №7450:
ID 340418264 поставил 604000 коинов на success и выиграл 1510000 коинов при выигрышном цвете success
20:24:43 | Розыгрыш ставок для игры №7451:
ID 340418264 поставил 75500 коинов на danger и выиграл 339750 коинов при выигрышном цвете danger
20:25:55 | ID 340418264 запросил вывод 1774250 коинов; VKC response code: 200
20:42:46 | ID 408025187 пополнил баланс на 671800000 коинов
20:44:16 | Розыгрыш ставок для игры №7452:
ID 408025187 поставил 73000 коинов на danger и проиграл при выигрышном цвете primary
20:45:26 | Розыгрыш ставок для игры №7453:
ID 408025187 поставил 200000 коинов на danger и проиграл при выигрышном цвете primary
20:46:23 | Розыгрыш ставок для игры №7454:
ID 408025187 поставил 400000 коинов на success и проиграл при выигрышном цвете primary
21:03:29 | ID 389284204 пополнил баланс на 1000 коинов
22:44:37 | Розыгрыш ставок для игры №7455:
ID 414966822 поставил 1000 коинов на danger и выиграл 4500 коинов при выигрышном цвете danger
22:45:20 | ID 414966822 пополнил баланс на 900000000 коинов
22:45:24 | ID 224690421 пополнил баланс на 900000000 коинов
22:45:55 | Розыгрыш ставок для игры №7456:
ID 414966822 поставил 21000 коинов на success и проиграл при выигрышном цвете danger
ID 224690421 поставил 100000 коинов на primary и проиграл при выигрышном цвете danger
22:46:44 | Розыгрыш ставок для игры №7457:
ID 414966822 поставил 40000 коинов на success и выиграл 100000 коинов при выигрышном цвете success
ID 224690421 поставил 100000 коинов на primary и проиграл при выигрышном цвете success
22:47:31 | ID 401428023 пополнил баланс на 1000000 коинов
22:47:37 | Розыгрыш ставок для игры №7458:
ID 224690421 поставил 250000 коинов на primary и выиграл 375000 коинов при выигрышном цвете primary
ID 414966822 поставил 45000 коинов на primary и выиграл 67500 коинов при выигрышном цвете primary
22:47:52 | ID 401428023 пополнил баланс на 10000000 коинов
22:48:23 | Розыгрыш ставок для игры №7459:
ID 224690421 поставил 40000 коинов на danger и проиграл при выигрышном цвете success
ID 414966822 поставил 45000 коинов на danger и проиграл при выигрышном цвете success
ID 401428023 поставил 11000 коинов на primary и проиграл при выигрышном цвете success
22:48:55 | ID 401428023 пополнил баланс на 4900000 коинов
22:49:16 | Розыгрыш ставок для игры №7460:
ID 224690421 поставил 50000 коинов на danger и проиграл при выигрышном цвете primary
ID 414966822 поставил 90000 коинов на danger и проиграл при выигрышном цвете primary
ID 401428023 поставил 4900 коинов на success и проиграл при выигрышном цвете primary
22:50:02 | Розыгрыш ставок для игры №7461:
ID 224690421 поставил 60000 коинов на danger и проиграл при выигрышном цвете success
ID 414966822 поставил 150000 коинов на danger и проиграл при выигрышном цвете success
22:50:02 | Розыгрыш ставок для игры №7462:
ID 224690421 поставил 60000 коинов на danger и проиграл при выигрышном цвете success
ID 414966822 поставил 150000 коинов на danger и проиграл при выигрышном цвете success
22:50:45 | Розыгрыш ставок для игры №7463:
ID 224690421 поставил 78920 коинов на danger и проиграл при выигрышном цвете success
ID 414966822 поставил 281000 коинов на danger и проиграл при выигрышном цвете success
22:51:45 | Розыгрыш ставок для игры №7464:
ID 224690421 поставил 606810 коинов на primary и выиграл 910215 коинов при выигрышном цвете primary
ID 414966822 поставил 400000 коинов на danger и проиграл при выигрышном цвете primary
22:52:41 | Розыгрыш ставок для игры №7465:
ID 224690421 поставил 455215 коинов на danger и проиграл при выигрышном цвете primary
22:53:23 | Розыгрыш ставок для игры №7466:
ID 224690421 поставил 455000 коинов на danger и проиграл при выигрышном цвете success
23:15:22 | Розыгрыш ставок для игры №7467:
ID 506183909 поставил 7730 коинов на success и выиграл 19325 коинов при выигрышном цвете success
23:16:17 | Розыгрыш ставок для игры №7468:
ID 506183909 поставил 19325 коинов на danger и проиграл при выигрышном цвете primary
23:46:21 | Розыгрыш ставок для игры №7469:
ID 502646590 поставил 8000 коинов на success и выиграл 20000 коинов при выигрышном цвете success
23:47:09 | Розыгрыш ставок для игры №7470:
ID 502646590 поставил 8000 коинов на danger и проиграл при выигрышном цвете primary
23:48:05 | Розыгрыш ставок для игры №7471:
ID 502646590 поставил 8000 коинов на primary и проиграл при выигрышном цвете success
23:49:00 | Розыгрыш ставок для игры №7472:
ID 502646590 поставил 10000 коинов на primary и выиграл 15000 коинов при выигрышном цвете primary
23:49:50 | Розыгрыш ставок для игры №7473:
ID 502646590 поставил 5000 коинов на primary и выиграл 7500 коинов при выигрышном цвете primary
23:50:33 | ID 502646590 запросил вывод 25865 коинов; VKC response code: 200