
00:06:12 | ID 444811261 пополнил баланс на 20000000000 коинов
00:06:58 | Розыгрыш ставок для игры №9844:
ID 444811261 поставил 1000000 коинов на success и выиграл 2500000 коинов при выигрышном цвете success
00:07:54 | Розыгрыш ставок для игры №9845:
ID 444811261 поставил 3000000 коинов на success и проиграл при выигрышном цвете primary
00:09:34 | Розыгрыш ставок для игры №9846:
ID 444811261 поставил 1000000 коинов на danger и проиграл при выигрышном цвете primary
00:11:49 | Розыгрыш ставок для игры №9847:
ID 444811261 поставил 4000000 коинов на danger и проиграл при выигрышном цвете primary
00:12:33 | Розыгрыш ставок для игры №9848:
ID 444811261 поставил 5500000 коинов на danger и проиграл при выигрышном цвете primary
00:13:44 | Розыгрыш ставок для игры №9849:
ID 444811261 поставил 4000000 коинов на danger и проиграл при выигрышном цвете success
00:15:35 | Розыгрыш ставок для игры №9850:
ID 444811261 поставил 4000000 коинов на danger и проиграл при выигрышном цвете success
00:38:23 | ID 444811261 пополнил баланс на 15000000000 коинов
00:39:02 | Розыгрыш ставок для игры №9851:
ID 444811261 поставил 5000000 коинов на primary и проиграл при выигрышном цвете danger
00:39:43 | Розыгрыш ставок для игры №9852:
ID 444811261 поставил 10000000 коинов на danger и выиграл 45000000 коинов при выигрышном цвете danger
00:40:04 | ID 444811261 запросил вывод 3000000 коинов; VKC response code: 200
00:42:21 | ID 444811261 запросил вывод 30000000 коинов; VKC response code: 200
00:51:53 | Розыгрыш ставок для игры №9853:
ID 444811261 поставил 3000000 коинов на danger и проиграл при выигрышном цвете success
00:52:42 | Розыгрыш ставок для игры №9854:
ID 444811261 поставил 3000000 коинов на danger и проиграл при выигрышном цвете success
00:53:24 | Розыгрыш ставок для игры №9855:
ID 444811261 поставил 3000000 коинов на danger и выиграл 13500000 коинов при выигрышном цвете danger
00:54:37 | ID 444811261 запросил вывод 16500000 коинов; VKC response code: 200
01:11:02 | ID 444811261 пополнил баланс на 12000000000 коинов
01:12:35 | Розыгрыш ставок для игры №9856:
ID 444811261 поставил 12000000 коинов на primary и выиграл 18000000 коинов при выигрышном цвете primary
01:13:33 | Розыгрыш ставок для игры №9857:
ID 444811261 поставил 18000000 коинов на primary и проиграл при выигрышном цвете danger
03:13:41 | Розыгрыш ставок для игры №9858:
ID 558325602 поставил 1000 коинов на danger и проиграл при выигрышном цвете primary
14:17:07 | ID 558325602 пополнил баланс на 250000000 коинов
14:17:28 | ID 558325602 пополнил баланс на 48439999 коинов
14:18:03 | Розыгрыш ставок для игры №9859:
ID 558325602 поставил 298440 коинов на success и проиграл при выигрышном цвете primary
17:29:04 | ID 198708811 пополнил баланс на 50000000 коинов
17:29:49 | Розыгрыш ставок для игры №9860:
ID 198708811 поставил 10000 коинов на primary и проиграл при выигрышном цвете danger
17:30:39 | Розыгрыш ставок для игры №9861:
ID 198708811 поставил 40000 коинов на success и выиграл 100000 коинов при выигрышном цвете success
17:31:26 | Розыгрыш ставок для игры №9862:
ID 198708811 поставил 100000 коинов на danger и проиграл при выигрышном цвете primary
17:33:55 | Розыгрыш ставок для игры №9863:
ID 543430221 поставил 1000 коинов на success и выиграл 2500 коинов при выигрышном цвете success
17:34:13 | ID 543430221 запросил вывод 2500 коинов; VKC response code: 200
23:47:57 | ID 569150947 пополнил баланс на 1500000000 коинов
23:48:39 | Розыгрыш ставок для игры №9864:
ID 569150947 поставил 500000 коинов на success и проиграл при выигрышном цвете danger
23:49:25 | Розыгрыш ставок для игры №9865:
ID 569150947 поставил 1000000 коинов на success и проиграл при выигрышном цвете primary