
06:57:54 | ID 357295182 запросил вывод 730 коинов; VKC response code: 200
09:03:43 | ID 511200434 пополнил баланс на 1000000 коинов
09:03:52 | ID 511200434 пополнил баланс на 1000000 коинов
09:04:33 | Розыгрыш ставок для игры №9440:
ID 511200434 поставил 2000 коинов на danger и проиграл при выигрышном цвете success
11:56:54 | ID 436168497 пополнил баланс на 75000 коинов
12:54:21 | ID 205453542 пополнил баланс на 775471000 коинов
12:55:00 | Розыгрыш ставок для игры №9441:
ID 205453542 поставил 775471 коинов на success и проиграл при выигрышном цвете primary
13:36:10 | Розыгрыш ставок для игры №9442:
ID 590484750 поставил 1000 коинов на primary и проиграл при выигрышном цвете success
13:39:06 | ID 393203631 пополнил баланс на 1000 коинов
13:39:25 | ID 393203631 пополнил баланс на 10000000 коинов
13:40:00 | Розыгрыш ставок для игры №9443:
ID 393203631 поставил 1000 коинов на danger и проиграл при выигрышном цвете primary
13:45:56 | ID 572965575 пополнил баланс на 2000000000 коинов
13:46:36 | Розыгрыш ставок для игры №9444:
ID 572965575 поставил 2000000 коинов на success и проиграл при выигрышном цвете primary
13:51:55 | ID 459728336 пополнил баланс на 6000000000 коинов
13:52:47 | Розыгрыш ставок для игры №9445:
ID 459728336 поставил 3000000 коинов на danger и проиграл при выигрышном цвете primary
13:53:33 | Розыгрыш ставок для игры №9446:
ID 459728336 поставил 3000000 коинов на success и проиграл при выигрышном цвете primary
13:56:17 | Розыгрыш ставок для игры №9447:
ID 393203631 поставил 9001 коинов на primary и проиграл при выигрышном цвете success
14:55:23 | ID 535287710 запросил вывод 3000 коинов; VKC response code: 200
15:22:54 | Розыгрыш ставок для игры №9448:
ID 337518810 поставил 1000 коинов на primary и проиграл при выигрышном цвете success
15:40:47 | ID 277406172 пополнил баланс на 10000 коинов
15:41:54 | ID 277406172 запросил вывод 10 коинов; VKC response code: 200
15:42:33 | ID 277406172 пополнил баланс на 1000 коинов
15:42:57 | ID 277406172 запросил вывод 1 коинов; VKC response code: 200
15:47:21 | Розыгрыш ставок для игры №9449:
ID 512555504 поставил 5000 коинов на primary и проиграл при выигрышном цвете danger
15:48:05 | Розыгрыш ставок для игры №9450:
ID 512555504 поставил 5000 коинов на success и проиграл при выигрышном цвете danger
15:49:32 | Розыгрыш ставок для игры №9451:
ID 512555504 поставил 30000 коинов на danger и выиграл 135000 коинов при выигрышном цвете danger
18:59:15 | ID 304230733 пополнил баланс на 720000 коинов
19:02:36 | ID 304230733 пополнил баланс на 300000 коинов
19:03:15 | Розыгрыш ставок для игры №9452:
ID 304230733 поставил 1000 коинов на danger и проиграл при выигрышном цвете success
19:55:26 | ID 15908751 пополнил баланс на 400000000 коинов
19:56:58 | Розыгрыш ставок для игры №9453:
ID 15908751 поставил 400000 коинов на danger и проиграл при выигрышном цвете primary
22:48:35 | Розыгрыш ставок для игры №9454:
ID 573992560 поставил 1000 коинов на danger и выиграл 4500 коинов при выигрышном цвете danger
22:49:24 | Розыгрыш ставок для игры №9455:
ID 573992560 поставил 1000 коинов на danger и выиграл 4500 коинов при выигрышном цвете danger