
00:16:50 | Розыгрыш ставок для игры №7890:
ID 588516188 поставил 1000 коинов на success и выиграл 2500 коинов при выигрышном цвете success
00:43:57 | ID 594302881 пополнил баланс на 675000000 коинов
01:05:38 | ID 595447253 пополнил баланс на 100000000 коинов
01:07:16 | Розыгрыш ставок для игры №7891:
ID 595447253 поставил 100000 коинов на primary и выиграл 150000 коинов при выигрышном цвете primary
ID 529094370 поставил 1000 коинов на success и проиграл при выигрышном цвете primary
01:08:01 | Розыгрыш ставок для игры №7892:
ID 595447253 поставил 150000 коинов на danger и проиграл при выигрышном цвете success
01:37:19 | Розыгрыш ставок для игры №7893:
ID 494895430 поставил 1000 коинов на success и выиграл 2500 коинов при выигрышном цвете success
01:38:05 | Розыгрыш ставок для игры №7894:
ID 494895430 поставил 2000 коинов на danger и проиграл при выигрышном цвете primary
02:15:57 | ID 490740218 пополнил баланс на 150000000 коинов
02:16:34 | Розыгрыш ставок для игры №7895:
ID 490740218 поставил 151000 коинов на success и выиграл 377500 коинов при выигрышном цвете success
02:16:59 | ID 490740218 запросил вывод 350000 коинов; VKC response code: 200
02:17:34 | Розыгрыш ставок для игры №7896:
ID 490740218 поставил 27500 коинов на danger и выиграл 123750 коинов при выигрышном цвете danger
02:18:25 | Розыгрыш ставок для игры №7897:
ID 490740218 поставил 123750 коинов на success и проиграл при выигрышном цвете primary
05:01:45 | ID 143898410 пополнил баланс на 30000000 коинов
05:02:36 | Розыгрыш ставок для игры №7898:
ID 143898410 поставил 10000 коинов на primary и выиграл 15000 коинов при выигрышном цвете primary
05:03:23 | Розыгрыш ставок для игры №7899:
ID 143898410 поставил 10000 коинов на primary и выиграл 15000 коинов при выигрышном цвете primary
05:04:20 | Розыгрыш ставок для игры №7900:
ID 143898410 поставил 10000 коинов на primary и выиграл 15000 коинов при выигрышном цвете primary
05:05:07 | Розыгрыш ставок для игры №7901:
ID 143898410 поставил 10000 коинов на primary и проиграл при выигрышном цвете success
05:05:50 | Розыгрыш ставок для игры №7902:
ID 143898410 поставил 10000 коинов на success и проиграл при выигрышном цвете primary
07:36:18 | ID 583970192 пополнил баланс на 70000000 коинов
07:37:00 | Розыгрыш ставок для игры №7903:
ID 583970192 поставил 20000 коинов на success и проиграл при выигрышном цвете primary
07:37:47 | Розыгрыш ставок для игры №7904:
ID 583970192 поставил 10000 коинов на primary и выиграл 15000 коинов при выигрышном цвете primary
07:38:46 | Розыгрыш ставок для игры №7905:
ID 583970192 поставил 50000 коинов на success и проиграл при выигрышном цвете primary
07:39:30 | ID 298425504 пополнил баланс на 10000000 коинов
07:39:56 | Розыгрыш ставок для игры №7906:
ID 583970192 поставил 3124 коинов на primary и выиграл 4686 коинов при выигрышном цвете primary
ID 298425504 поставил 10000 коинов на primary и выиграл 15000 коинов при выигрышном цвете primary
07:40:41 | Розыгрыш ставок для игры №7907:
ID 298425504 поставил 10000 коинов на success и выиграл 25000 коинов при выигрышном цвете success
07:41:51 | Розыгрыш ставок для игры №7908:
ID 298425504 поставил 30000 коинов на success и проиграл при выигрышном цвете danger
09:14:12 | ID 463922135 пополнил баланс на 1000 коинов
09:14:33 | ID 463922135 запросил вывод 1 коинов; VKC response code: 200
10:04:46 | ID 536573932 пополнил баланс на 1000000 коинов
10:05:31 | Розыгрыш ставок для игры №7909:
ID 536573932 поставил 1058 коинов на success и проиграл при выигрышном цвете danger
10:22:13 | ID 562427284 пополнил баланс на 100000000 коинов
10:22:47 | Розыгрыш ставок для игры №7910:
ID 562427284 поставил 100000 коинов на danger и проиграл при выигрышном цвете primary
10:25:46 | Розыгрыш ставок для игры №7911:
ID 501562122 поставил 15000 коинов на primary и проиграл при выигрышном цвете success
10:26:31 | Розыгрыш ставок для игры №7912:
ID 501562122 поставил 30000 коинов на primary и выиграл 45000 коинов при выигрышном цвете primary
10:27:28 | Розыгрыш ставок для игры №7913:
ID 501562122 поставил 15000 коинов на success и проиграл при выигрышном цвете primary
10:28:27 | Розыгрыш ставок для игры №7914:
ID 501562122 поставил 160000 коинов на danger и проиграл при выигрышном цвете primary
11:00:11 | ID 415228120 пополнил баланс на 10000000 коинов
11:00:51 | Розыгрыш ставок для игры №7915:
ID 415228120 поставил 10000 коинов на success и проиграл при выигрышном цвете primary
11:38:45 | Розыгрыш ставок для игры №7916:
ID 585757577 поставил 1000 коинов на danger и проиграл при выигрышном цвете primary
11:38:53 | ID 585757577 пополнил баланс на 160000000 коинов
11:39:42 | Розыгрыш ставок для игры №7917:
ID 585757577 поставил 150000 коинов на primary и проиграл при выигрышном цвете danger
11:41:29 | Розыгрыш ставок для игры №7918:
ID 590072076 поставил 2000 коинов на primary и проиграл при выигрышном цвете success
11:59:16 | ID 536573932 пополнил баланс на 5544000 коинов
12:00:00 | Розыгрыш ставок для игры №7919:
ID 536573932 поставил 1000 коинов на success и проиграл при выигрышном цвете primary
12:00:49 | Розыгрыш ставок для игры №7920:
ID 536573932 поставил 1000 коинов на success и проиграл при выигрышном цвете primary
12:03:26 | Розыгрыш ставок для игры №7921:
ID 536573932 поставил 3544 коинов на success и проиграл при выигрышном цвете danger
12:27:28 | ID 311682749 пополнил баланс на 1000000000 коинов
12:28:09 | Розыгрыш ставок для игры №7922:
ID 311682749 поставил 450000 коинов на danger и проиграл при выигрышном цвете success
12:28:11 | ID 456203961 пополнил баланс на 100000000 коинов
12:28:51 | Розыгрыш ставок для игры №7923:
ID 311682749 поставил 450000 коинов на danger и проиграл при выигрышном цвете primary
12:29:45 | Розыгрыш ставок для игры №7924:
ID 456203961 поставил 1000 коинов на primary и проиграл при выигрышном цвете danger
12:30:35 | Розыгрыш ставок для игры №7925:
ID 456203961 поставил 1000 коинов на success и проиграл при выигрышном цвете danger
12:31:23 | Розыгрыш ставок для игры №7926:
ID 311682749 поставил 100000 коинов на danger и проиграл при выигрышном цвете primary
ID 456203961 поставил 16000 коинов на primary и выиграл 24000 коинов при выигрышном цвете primary
12:32:28 | Розыгрыш ставок для игры №7927:
ID 456203961 поставил 32000 коинов на primary и проиграл при выигрышном цвете success
12:33:04 | ID 311682749 пополнил баланс на 2000000000 коинов
12:33:40 | Розыгрыш ставок для игры №7928:
ID 311682749 поставил 1000000 коинов на danger и проиграл при выигрышном цвете success
ID 456203961 поставил 16000 коинов на primary и проиграл при выигрышном цвете success
12:34:21 | Розыгрыш ставок для игры №7929:
ID 311682749 поставил 1000000 коинов на danger и проиграл при выигрышном цвете success
ID 456203961 поставил 32000 коинов на danger и проиграл при выигрышном цвете success
12:35:32 | Розыгрыш ставок для игры №7930:
ID 456203961 поставил 13000 коинов на danger и выиграл 58500 коинов при выигрышном цвете danger
12:36:31 | Розыгрыш ставок для игры №7931:
ID 456203961 поставил 26000 коинов на danger и проиграл при выигрышном цвете success
12:37:36 | Розыгрыш ставок для игры №7932:
ID 456203961 поставил 22750 коинов на danger и проиграл при выигрышном цвете primary
12:38:39 | Розыгрыш ставок для игры №7933:
ID 456203961 поставил 11375 коинов на success и выиграл 28437.5 коинов при выигрышном цвете success
13:01:33 | Розыгрыш ставок для игры №7934:
ID 456203961 поставил 19906 коинов на primary и проиграл при выигрышном цвете success
13:01:49 | ID 587460695 пополнил баланс на 10000000 коинов
13:02:31 | Розыгрыш ставок для игры №7935:
ID 456203961 поставил 1244 коинов на danger и проиграл при выигрышном цвете primary
ID 587460695 поставил 2000 коинов на primary и выиграл 3000 коинов при выигрышном цвете primary
13:03:38 | Розыгрыш ставок для игры №7936:
ID 456203961 поставил 4000 коинов на success и проиграл при выигрышном цвете danger
ID 587460695 поставил 11000 коинов на primary и проиграл при выигрышном цвете danger
13:04:16 | ID 587460695 пополнил баланс на 10000000 коинов
13:04:28 | Розыгрыш ставок для игры №7937:
ID 456203961 поставил 4000 коинов на danger и проиграл при выигрышном цвете primary
ID 587460695 поставил 2000 коинов на primary и выиграл 3000 коинов при выигрышном цвете primary
13:05:16 | Розыгрыш ставок для игры №7938:
ID 587460695 поставил 4000 коинов на primary и проиграл при выигрышном цвете danger
ID 456203961 поставил 4000 коинов на success и проиграл при выигрышном цвете danger
13:06:00 | Розыгрыш ставок для игры №7939:
ID 587460695 поставил 1000 коинов на danger и проиграл при выигрышном цвете success
ID 456203961 поставил 2000 коинов на success и выиграл 5000 коинов при выигрышном цвете success
13:06:45 | Розыгрыш ставок для игры №7940:
ID 587460695 поставил 2000 коинов на success и проиграл при выигрышном цвете primary
ID 456203961 поставил 1000 коинов на danger и проиграл при выигрышном цвете primary
13:07:29 | Розыгрыш ставок для игры №7941:
ID 587460695 поставил 4000 коинов на success и проиграл при выигрышном цвете danger
ID 456203961 поставил 2000 коинов на primary и проиграл при выигрышном цвете danger
13:07:40 | ID 294149007 пополнил баланс на 200000000 коинов
13:08:00 | ID 587460695 пополнил баланс на 10000000 коинов
13:08:28 | Розыгрыш ставок для игры №7942:
ID 294149007 поставил 200000 коинов на success и проиграл при выигрышном цвете primary
ID 456203961 поставил 6000 коинов на primary и выиграл 9000 коинов при выигрышном цвете primary
ID 587460695 поставил 10000 коинов на danger и проиграл при выигрышном цвете primary
13:09:02 | ID 587460695 пополнил баланс на 10000000 коинов
13:09:24 | Розыгрыш ставок для игры №7943:
ID 456203961 поставил 2000 коинов на success и проиграл при выигрышном цвете danger
ID 587460695 поставил 1000 коинов на danger и выиграл 4500 коинов при выигрышном цвете danger
13:10:31 | Розыгрыш ставок для игры №7944:
ID 587460695 поставил 3000 коинов на primary и проиграл при выигрышном цвете danger
ID 456203961 поставил 2000 коинов на success и проиграл при выигрышном цвете danger
13:36:58 | Розыгрыш ставок для игры №7945:
ID 456203961 поставил 1000 коинов на danger и проиграл при выигрышном цвете success
13:37:41 | Розыгрыш ставок для игры №7946:
ID 456203961 поставил 4662 коинов на danger и выиграл 20979 коинов при выигрышном цвете danger
13:38:41 | ID 456203961 запросил вывод 15000 коинов; VKC response code: 200
13:39:28 | Розыгрыш ставок для игры №7947:
ID 456203961 поставил 2500 коинов на primary и выиграл 3750 коинов при выигрышном цвете primary
14:35:24 | Розыгрыш ставок для игры №7948:
ID 587460695 поставил 8000 коинов на success и проиграл при выигрышном цвете danger
14:36:09 | Розыгрыш ставок для игры №7949:
ID 587460695 поставил 1000 коинов на success и проиграл при выигрышном цвете danger
14:37:01 | Розыгрыш ставок для игры №7950:
ID 587460695 поставил 1000 коинов на success и проиграл при выигрышном цвете primary
14:37:01 | Розыгрыш ставок для игры №7951:
ID 587460695 поставил 1000 коинов на success и выиграл 2500 коинов при выигрышном цвете success
14:38:09 | Розыгрыш ставок для игры №7952:
ID 587460695 поставил 1000 коинов на success и проиграл при выигрышном цвете primary
14:38:53 | Розыгрыш ставок для игры №7953:
ID 587460695 поставил 2000 коинов на primary и проиграл при выигрышном цвете success
15:21:07 | Розыгрыш ставок для игры №7954:
ID 562192279 поставил 1000 коинов на primary и проиграл при выигрышном цвете danger
15:32:38 | Розыгрыш ставок для игры №7955:
ID 595639076 поставил 1000 коинов на success и проиграл при выигрышном цвете primary
15:34:08 | ID 595639076 пополнил баланс на 250000000 коинов
15:34:59 | Розыгрыш ставок для игры №7956:
ID 595639076 поставил 250000 коинов на primary и выиграл 375000 коинов при выигрышном цвете primary
15:35:55 | Розыгрыш ставок для игры №7957:
ID 595639076 поставил 375000 коинов на success и проиграл при выигрышном цвете primary
15:58:09 | ID 134807997 пополнил баланс на 100000000 коинов
15:59:44 | Розыгрыш ставок для игры №7958:
ID 134807997 поставил 100000 коинов на primary и проиграл при выигрышном цвете danger
16:00:47 | ID 134807997 пополнил баланс на 1000000000 коинов
16:02:57 | Розыгрыш ставок для игры №7959:
ID 134807997 поставил 50000 коинов на success и проиграл при выигрышном цвете danger
16:05:18 | Розыгрыш ставок для игры №7960:
ID 134807997 поставил 50000 коинов на danger и проиграл при выигрышном цвете success
16:06:02 | Розыгрыш ставок для игры №7961:
ID 134807997 поставил 100000 коинов на danger и проиграл при выигрышном цвете success
16:06:02 | Розыгрыш ставок для игры №7962:
ID 134807997 поставил 100000 коинов на danger и проиграл при выигрышном цвете primary
16:06:47 | Розыгрыш ставок для игры №7963:
ID 134807997 поставил 200000 коинов на danger и проиграл при выигрышном цвете primary
16:07:32 | Розыгрыш ставок для игры №7964:
ID 134807997 поставил 200000 коинов на danger и проиграл при выигрышном цвете success
16:08:17 | Розыгрыш ставок для игры №7965:
ID 134807997 поставил 400000 коинов на danger и выиграл 1800000 коинов при выигрышном цвете danger
16:09:02 | Розыгрыш ставок для игры №7966:
ID 134807997 поставил 400000 коинов на success и проиграл при выигрышном цвете primary
16:09:02 | Розыгрыш ставок для игры №7967:
ID 134807997 поставил 400000 коинов на success и выиграл 1000000 коинов при выигрышном цвете success
16:09:51 | Розыгрыш ставок для игры №7968:
ID 134807997 поставил 400000 коинов на success и проиграл при выигрышном цвете primary
16:10:36 | Розыгрыш ставок для игры №7969:
ID 134807997 поставил 400000 коинов на success и выиграл 1000000 коинов при выигрышном цвете success
16:11:21 | Розыгрыш ставок для игры №7970:
ID 134807997 поставил 400000 коинов на primary и выиграл 600000 коинов при выигрышном цвете primary
16:12:10 | Розыгрыш ставок для игры №7971:
ID 134807997 поставил 800000 коинов на success и выиграл 2000000 коинов при выигрышном цвете success
16:12:55 | Розыгрыш ставок для игры №7972:
ID 134807997 поставил 800000 коинов на danger и проиграл при выигрышном цвете success
16:13:38 | Розыгрыш ставок для игры №7973:
ID 134807997 поставил 1600000 коинов на danger и проиграл при выигрышном цвете primary
16:14:23 | Розыгрыш ставок для игры №7974:
ID 134807997 поставил 1600000 коинов на danger и проиграл при выигрышном цвете success
16:15:01 | ID 134807997 пополнил баланс на 100000000 коинов
16:16:24 | Розыгрыш ставок для игры №7975:
ID 134807997 поставил 16000 коинов на danger и проиграл при выигрышном цвете primary
16:17:10 | Розыгрыш ставок для игры №7976:
ID 134807997 поставил 28800 коинов на danger и проиграл при выигрышном цвете primary
16:17:57 | Розыгрыш ставок для игры №7977:
ID 134807997 поставил 12800 коинов на danger и выиграл 57600 коинов при выигрышном цвете danger
16:18:45 | Розыгрыш ставок для игры №7978:
ID 134807997 поставил 25600 коинов на success и выиграл 64000 коинов при выигрышном цвете success
16:19:32 | Розыгрыш ставок для игры №7979:
ID 134807997 поставил 51200 коинов на success и выиграл 128000 коинов при выигрышном цвете success
16:20:18 | Розыгрыш ставок для игры №7980:
ID 134807997 поставил 51200 коинов на success и выиграл 128000 коинов при выигрышном цвете success
16:21:04 | Розыгрыш ставок для игры №7981:
ID 134807997 поставил 51200 коинов на primary и выиграл 76800 коинов при выигрышном цвете primary
16:21:49 | Розыгрыш ставок для игры №7982:
ID 134807997 поставил 102400 коинов на success и проиграл при выигрышном цвете primary
16:22:33 | Розыгрыш ставок для игры №7983:
ID 134807997 поставил 153600 коинов на success и выиграл 384000 коинов при выигрышном цвете success
16:23:24 | Розыгрыш ставок для игры №7984:
ID 134807997 поставил 25600 коинов на success и проиграл при выигрышном цвете primary
16:24:11 | Розыгрыш ставок для игры №7985:
ID 134807997 поставил 102400 коинов на success и проиграл при выигрышном цвете danger
16:24:57 | Розыгрыш ставок для игры №7986:
ID 134807997 поставил 102400 коинов на success и проиграл при выигрышном цвете danger
16:25:41 | Розыгрыш ставок для игры №7987:
ID 134807997 поставил 102400 коинов на success и проиграл при выигрышном цвете primary
16:26:26 | Розыгрыш ставок для игры №7988:
ID 134807997 поставил 102400 коинов на success и выиграл 256000 коинов при выигрышном цвете success
16:27:12 | Розыгрыш ставок для игры №7989:
ID 134807997 поставил 102400 коинов на danger и проиграл при выигрышном цвете primary
16:27:57 | Розыгрыш ставок для игры №7990:
ID 134807997 поставил 102400 коинов на danger и выиграл 460800 коинов при выигрышном цвете danger
16:28:43 | Розыгрыш ставок для игры №7991:
ID 134807997 поставил 102400 коинов на primary и проиграл при выигрышном цвете danger
16:29:28 | Розыгрыш ставок для игры №7992:
ID 134807997 поставил 307200 коинов на success и проиграл при выигрышном цвете primary
16:30:30 | Розыгрыш ставок для игры №7993:
ID 134807997 поставил 102400 коинов на success и выиграл 256000 коинов при выигрышном цвете success
16:31:16 | Розыгрыш ставок для игры №7994:
ID 134807997 поставил 102400 коинов на danger и проиграл при выигрышном цвете primary
16:32:00 | Розыгрыш ставок для игры №7995:
ID 134807997 поставил 102400 коинов на danger и проиграл при выигрышном цвете primary
16:32:54 | Розыгрыш ставок для игры №7996:
ID 134807997 поставил 51200 коинов на success и выиграл 128000 коинов при выигрышном цвете success
16:33:40 | Розыгрыш ставок для игры №7997:
ID 134807997 поставил 51200 коинов на success и выиграл 128000 коинов при выигрышном цвете success
16:34:25 | Розыгрыш ставок для игры №7998:
ID 134807997 поставил 51200 коинов на danger и проиграл при выигрышном цвете success
16:35:09 | Розыгрыш ставок для игры №7999:
ID 134807997 поставил 153600 коинов на danger и проиграл при выигрышном цвете success
16:36:20 | Розыгрыш ставок для игры №8000:
ID 134807997 поставил 10240 коинов на danger и проиграл при выигрышном цвете success
17:44:10 | ID 499784915 пополнил баланс на 100000 коинов
17:56:16 | ID 495378433 пополнил баланс на 150000000 коинов
17:56:50 | Розыгрыш ставок для игры №8001:
ID 495378433 поставил 150000 коинов на primary и проиграл при выигрышном цвете success
18:12:14 | ID 438294698 пополнил баланс на 155554000 коинов
18:12:50 | Розыгрыш ставок для игры №8002:
ID 438294698 поставил 155554 коинов на danger и проиграл при выигрышном цвете primary
19:26:11 | ID 527755747 пополнил баланс на 100000000 коинов
19:26:53 | Розыгрыш ставок для игры №8003:
ID 527755747 поставил 100000 коинов на danger и проиграл при выигрышном цвете primary
21:34:51 | ID 377497472 пополнил баланс на 909000000 коинов
21:35:40 | Розыгрыш ставок для игры №8004:
ID 377497472 поставил 109000 коинов на success и проиграл при выигрышном цвете danger
21:36:27 | Розыгрыш ставок для игры №8005:
ID 377497472 поставил 200000 коинов на danger и проиграл при выигрышном цвете primary
21:37:11 | Розыгрыш ставок для игры №8006:
ID 377497472 поставил 600000 коинов на success и проиграл при выигрышном цвете primary
21:42:15 | Розыгрыш ставок для игры №8007:
ID 474249391 поставил 1000 коинов на success и выиграл 2500 коинов при выигрышном цвете success
22:11:33 | ID 340418264 пополнил баланс на 1000000000 коинов
22:12:39 | Розыгрыш ставок для игры №8008:
ID 340418264 поставил 20000 коинов на success и проиграл при выигрышном цвете primary
22:13:25 | Розыгрыш ставок для игры №8009:
ID 340418264 поставил 40000 коинов на success и проиграл при выигрышном цвете danger
22:14:13 | Розыгрыш ставок для игры №8010:
ID 340418264 поставил 80000 коинов на success и выиграл 200000 коинов при выигрышном цвете success
22:15:03 | Розыгрыш ставок для игры №8011:
ID 340418264 поставил 20000 коинов на primary и проиграл при выигрышном цвете success
22:15:03 | Розыгрыш ставок для игры №8012:
ID 340418264 поставил 20000 коинов на primary и проиграл при выигрышном цвете success
22:15:56 | Розыгрыш ставок для игры №8013:
ID 340418264 поставил 80000 коинов на primary и выиграл 120000 коинов при выигрышном цвете primary
22:16:51 | Розыгрыш ставок для игры №8014:
ID 340418264 поставил 320000 коинов на primary и выиграл 480000 коинов при выигрышном цвете primary
22:17:41 | Розыгрыш ставок для игры №8015:
ID 340418264 поставил 20000 коинов на danger и проиграл при выигрышном цвете success
22:18:29 | Розыгрыш ставок для игры №8016:
ID 340418264 поставил 40000 коинов на danger и проиграл при выигрышном цвете primary
22:19:13 | Розыгрыш ставок для игры №8017:
ID 340418264 поставил 80000 коинов на danger и проиграл при выигрышном цвете primary
22:19:59 | Розыгрыш ставок для игры №8018:
ID 340418264 поставил 160000 коинов на danger и проиграл при выигрышном цвете success
22:20:42 | Розыгрыш ставок для игры №8019:
ID 340418264 поставил 320000 коинов на danger и выиграл 1440000 коинов при выигрышном цвете danger
22:21:40 | Розыгрыш ставок для игры №8020:
ID 340418264 поставил 10000 коинов на danger и проиграл при выигрышном цвете success
22:22:33 | Розыгрыш ставок для игры №8021:
ID 340418264 поставил 20000 коинов на danger и проиграл при выигрышном цвете success
22:23:21 | Розыгрыш ставок для игры №8022:
ID 340418264 поставил 40000 коинов на danger и проиграл при выигрышном цвете primary
22:24:05 | Розыгрыш ставок для игры №8023:
ID 340418264 поставил 80000 коинов на danger и проиграл при выигрышном цвете primary
22:24:50 | Розыгрыш ставок для игры №8024:
ID 340418264 поставил 160000 коинов на danger и проиграл при выигрышном цвете success
22:25:35 | Розыгрыш ставок для игры №8025:
ID 340418264 поставил 320000 коинов на danger и проиграл при выигрышном цвете success
22:26:20 | Розыгрыш ставок для игры №8026:
ID 340418264 поставил 320000 коинов на danger и проиграл при выигрышном цвете success
22:27:13 | ID 324175628 пополнил баланс на 600000000 коинов
22:27:42 | Розыгрыш ставок для игры №8027:
ID 340418264 поставил 1110000 коинов на success и проиграл при выигрышном цвете primary
ID 324175628 поставил 600000 коинов на danger и проиграл при выигрышном цвете primary
22:28:17 | ID 340418264 пополнил баланс на 685500000 коинов
22:28:29 | ID 340418264 запросил вывод 5500 коинов; VKC response code: 200
22:29:08 | Розыгрыш ставок для игры №8028:
ID 340418264 поставил 10000 коинов на success и проиграл при выигрышном цвете danger
22:29:53 | Розыгрыш ставок для игры №8029:
ID 340418264 поставил 20000 коинов на success и выиграл 50000 коинов при выигрышном цвете success
22:30:56 | Розыгрыш ставок для игры №8030:
ID 340418264 поставил 10000 коинов на success и проиграл при выигрышном цвете primary
22:32:17 | Розыгрыш ставок для игры №8031:
ID 340418264 поставил 20000 коинов на success и выиграл 50000 коинов при выигрышном цвете success
22:33:03 | Розыгрыш ставок для игры №8032:
ID 340418264 поставил 10000 коинов на success и проиграл при выигрышном цвете primary
22:33:55 | Розыгрыш ставок для игры №8033:
ID 340418264 поставил 20000 коинов на success и выиграл 50000 коинов при выигрышном цвете success
22:34:44 | Розыгрыш ставок для игры №8034:
ID 340418264 поставил 10000 коинов на success и выиграл 25000 коинов при выигрышном цвете success
22:35:30 | Розыгрыш ставок для игры №8035:
ID 340418264 поставил 10000 коинов на success и выиграл 25000 коинов при выигрышном цвете success
22:37:13 | Розыгрыш ставок для игры №8036:
ID 340418264 поставил 10000 коинов на success и выиграл 25000 коинов при выигрышном цвете success
22:38:01 | Розыгрыш ставок для игры №8037:
ID 340418264 поставил 10000 коинов на success и проиграл при выигрышном цвете danger
22:38:01 | Розыгрыш ставок для игры №8037:
ID 340418264 поставил 10000 коинов на success и проиграл при выигрышном цвете danger
22:38:50 | Розыгрыш ставок для игры №8039:
ID 340418264 поставил 20000 коинов на success и проиграл при выигрышном цвете primary
22:39:35 | Розыгрыш ставок для игры №8040:
ID 340418264 поставил 40000 коинов на success и проиграл при выигрышном цвете danger
22:40:36 | Розыгрыш ставок для игры №8041:
ID 340418264 поставил 80000 коинов на success и выиграл 200000 коинов при выигрышном цвете success
22:41:23 | Розыгрыш ставок для игры №8042:
ID 340418264 поставил 10000 коинов на success и проиграл при выигрышном цвете primary
22:42:09 | Розыгрыш ставок для игры №8043:
ID 340418264 поставил 20000 коинов на success и проиграл при выигрышном цвете danger
22:42:53 | Розыгрыш ставок для игры №8044:
ID 340418264 поставил 40000 коинов на success и проиграл при выигрышном цвете primary
22:43:42 | Розыгрыш ставок для игры №8045:
ID 340418264 поставил 80000 коинов на success и выиграл 200000 коинов при выигрышном цвете success
22:44:34 | Розыгрыш ставок для игры №8046:
ID 340418264 поставил 10000 коинов на success и проиграл при выигрышном цвете danger
22:45:28 | Розыгрыш ставок для игры №8047:
ID 340418264 поставил 20000 коинов на success и проиграл при выигрышном цвете primary
22:46:11 | Розыгрыш ставок для игры №8048:
ID 340418264 поставил 40000 коинов на success и проиграл при выигрышном цвете primary
22:47:04 | Розыгрыш ставок для игры №8049:
ID 340418264 поставил 80000 коинов на success и проиграл при выигрышном цвете danger
22:47:51 | Розыгрыш ставок для игры №8050:
ID 340418264 поставил 160000 коинов на success и проиграл при выигрышном цвете primary
22:48:36 | Розыгрыш ставок для игры №8051:
ID 340418264 поставил 320000 коинов на success и проиграл при выигрышном цвете primary
22:49:26 | Розыгрыш ставок для игры №8052:
ID 340418264 поставил 255000 коинов на danger и проиграл при выигрышном цвете primary
23:08:23 | Розыгрыш ставок для игры №8053:
ID 263191332 поставил 1000 коинов на danger и проиграл при выигрышном цвете primary
23:21:13 | ID 259630463 пополнил баланс на 100000 коинов
23:21:39 | ID 259630463 пополнил баланс на 900000 коинов
23:22:20 | Розыгрыш ставок для игры №8054:
ID 259630463 поставил 1000 коинов на primary и проиграл при выигрышном цвете success
23:32:01 | ID 552491719 пополнил баланс на 1000000 коинов