
00:59:49 | Розыгрыш ставок для игры №7593:
ID 501562122 поставил 61790 коинов на primary и проиграл при выигрышном цвете danger
08:05:26 | ID 428288564 пополнил баланс на 90000000 коинов
08:06:24 | Розыгрыш ставок для игры №7594:
ID 428288564 поставил 10000 коинов на primary и выиграл 15000 коинов при выигрышном цвете primary
08:11:50 | ID 586853505 запросил вывод 170000 коинов; VKC response code: 200
08:16:23 | ID 489677842 пополнил баланс на 15000000 коинов
08:17:11 | Розыгрыш ставок для игры №7595:
ID 489677842 поставил 1000 коинов на success и выиграл 2500 коинов при выигрышном цвете success
08:18:11 | Розыгрыш ставок для игры №7596:
ID 489677842 поставил 3000 коинов на primary и проиграл при выигрышном цвете danger
08:18:56 | Розыгрыш ставок для игры №7597:
ID 489677842 поставил 13500 коинов на danger и проиграл при выигрышном цвете primary
08:38:11 | Розыгрыш ставок для игры №7598:
ID 506183909 поставил 2750 коинов на danger и проиграл при выигрышном цвете primary
10:02:55 | Розыгрыш ставок для игры №7599:
ID 573992560 поставил 3180 коинов на danger и выиграл 14310 коинов при выигрышном цвете danger
10:04:08 | Розыгрыш ставок для игры №7600:
ID 573992560 поставил 1000 коинов на danger и проиграл при выигрышном цвете primary
10:07:02 | Розыгрыш ставок для игры №7601:
ID 573992560 поставил 5000 коинов на danger и проиграл при выигрышном цвете primary
10:08:15 | Розыгрыш ставок для игры №7602:
ID 573992560 поставил 1390 коинов на danger и проиграл при выигрышном цвете primary
10:09:17 | Розыгрыш ставок для игры №7603:
ID 573992560 поставил 1000 коинов на primary и проиграл при выигрышном цвете success
10:11:05 | Розыгрыш ставок для игры №7604:
ID 573992560 поставил 1740 коинов на success и выиграл 4350 коинов при выигрышном цвете success
10:11:58 | Розыгрыш ставок для игры №7605:
ID 573992560 поставил 3350 коинов на success и проиграл при выигрышном цвете primary
11:24:55 | Розыгрыш ставок для игры №7606:
ID 446182572 поставил 1000 коинов на primary и проиграл при выигрышном цвете success
11:25:34 | ID 363681440 пополнил баланс на 100000000 коинов
11:25:47 | ID 476227471 пополнил баланс на 1000 коинов
11:25:53 | ID 476227471 пополнил баланс на 99999000 коинов
11:26:15 | Розыгрыш ставок для игры №7607:
ID 363681440 поставил 100000 коинов на primary и проиграл при выигрышном цвете success
ID 476227471 поставил 100000 коинов на danger и проиграл при выигрышном цвете success
11:28:00 | ID 345570781 пополнил баланс на 100000000 коинов
11:28:43 | Розыгрыш ставок для игры №7608:
ID 345570781 поставил 100000 коинов на danger и выиграл 450000 коинов при выигрышном цвете danger
11:29:38 | Розыгрыш ставок для игры №7609:
ID 345570781 поставил 50000 коинов на success и проиграл при выигрышном цвете primary
11:30:32 | Розыгрыш ставок для игры №7610:
ID 345570781 поставил 400000 коинов на success и проиграл при выигрышном цвете primary
11:32:07 | ID 575780219 пополнил баланс на 50000000 коинов
11:32:42 | Розыгрыш ставок для игры №7611:
ID 575780219 поставил 50000 коинов на primary и проиграл при выигрышном цвете success
11:33:24 | ID 487019891 пополнил баланс на 1000 коинов
11:33:34 | ID 487019891 пополнил баланс на 99999000 коинов
11:34:20 | Розыгрыш ставок для игры №7612:
ID 487019891 поставил 10000 коинов на primary и выиграл 15000 коинов при выигрышном цвете primary
11:34:43 | ID 542425425 пополнил баланс на 100000000 коинов
11:35:26 | Розыгрыш ставок для игры №7613:
ID 487019891 поставил 15000 коинов на primary и проиграл при выигрышном цвете success
ID 542425425 поставил 100000 коинов на success и выиграл 250000 коинов при выигрышном цвете success
11:36:12 | Розыгрыш ставок для игры №7614:
ID 542425425 поставил 250000 коинов на primary и выиграл 375000 коинов при выигрышном цвете primary
ID 487019891 поставил 80000 коинов на primary и выиграл 120000 коинов при выигрышном цвете primary
11:36:55 | Розыгрыш ставок для игры №7615:
ID 542425425 поставил 100000 коинов на danger и выиграл 450000 коинов при выигрышном цвете danger
ID 487019891 поставил 30000 коинов на danger и выиграл 135000 коинов при выигрышном цвете danger
11:37:03 | ID 535312287 пополнил баланс на 140000000 коинов
11:37:24 | ID 487019891 запросил вывод 205000 коинов; VKC response code: 200
11:37:41 | Розыгрыш ставок для игры №7616:
ID 542425425 поставил 650000 коинов на primary и выиграл 975000 коинов при выигрышном цвете primary
ID 535312287 поставил 100000 коинов на primary и выиграл 150000 коинов при выигрышном цвете primary
ID 487019891 поставил 30000 коинов на primary и выиграл 45000 коинов при выигрышном цвете primary
11:39:20 | Розыгрыш ставок для игры №7617:
ID 542425425 поставил 350000 коинов на primary и проиграл при выигрышном цвете success
ID 535312287 поставил 100000 коинов на primary и проиграл при выигрышном цвете success
ID 487019891 поставил 45000 коинов на primary и проиграл при выигрышном цвете success
11:39:54 | ID 539185565 пополнил баланс на 4000 коинов
11:40:16 | Розыгрыш ставок для игры №7618:
ID 542425425 поставил 700000 коинов на primary и проиграл при выигрышном цвете danger
ID 535312287 поставил 90000 коинов на primary и проиграл при выигрышном цвете danger
11:48:45 | ID 562427284 пополнил баланс на 100000000 коинов
11:49:20 | Розыгрыш ставок для игры №7619:
ID 562427284 поставил 100000 коинов на success и проиграл при выигрышном цвете primary
11:49:37 | ID 562427284 пополнил баланс на 150000000 коинов
11:50:11 | Розыгрыш ставок для игры №7620:
ID 562427284 поставил 150000 коинов на success и проиграл при выигрышном цвете primary
11:50:32 | ID 476227471 пополнил баланс на 1999998000 коинов
11:51:13 | Розыгрыш ставок для игры №7621:
ID 476227471 поставил 1999998 коинов на success и проиграл при выигрышном цвете primary
11:55:59 | ID 556730864 пополнил баланс на 100000000 коинов
11:56:37 | Розыгрыш ставок для игры №7622:
ID 556730864 поставил 101000 коинов на primary и проиграл при выигрышном цвете success
12:01:10 | ID 438294698 пополнил баланс на 100000000 коинов
12:01:46 | Розыгрыш ставок для игры №7623:
ID 438294698 поставил 100000 коинов на danger и проиграл при выигрышном цвете primary
12:02:17 | ID 551654275 пополнил баланс на 100000000 коинов
12:02:50 | Розыгрыш ставок для игры №7624:
ID 551654275 поставил 100000 коинов на primary и проиграл при выигрышном цвете success
12:05:29 | ID 268447083 пополнил баланс на 100000000 коинов
12:06:37 | Розыгрыш ставок для игры №7625:
ID 268447083 поставил 5000 коинов на success и проиграл при выигрышном цвете primary
12:07:23 | Розыгрыш ставок для игры №7626:
ID 268447083 поставил 95000 коинов на danger и проиграл при выигрышном цвете primary
12:08:25 | ID 579291239 пополнил баланс на 1000 коинов
12:08:39 | ID 579291239 пополнил баланс на 99999000 коинов
12:09:16 | Розыгрыш ставок для игры №7627:
ID 579291239 поставил 100000 коинов на primary и выиграл 150000 коинов при выигрышном цвете primary
12:10:02 | Розыгрыш ставок для игры №7628:
ID 579291239 поставил 150000 коинов на success и проиграл при выигрышном цвете primary
12:10:02 | Розыгрыш ставок для игры №7629:
ID 579291239 поставил 150000 коинов на success и выиграл 375000 коинов при выигрышном цвете success
12:10:33 | ID 595123068 пополнил баланс на 100000000 коинов
12:10:37 | ID 595123068 запросил вывод 100000 коинов; VKC response code: 200
12:10:52 | Розыгрыш ставок для игры №7630:
ID 579291239 поставил 75000 коинов на danger и выиграл 337500 коинов при выигрышном цвете danger
12:11:11 | ID 595123068 пополнил баланс на 95000000 коинов
12:11:42 | Розыгрыш ставок для игры №7631:
ID 579291239 поставил 37500 коинов на danger и проиграл при выигрышном цвете success
ID 595123068 поставил 47500 коинов на primary и проиграл при выигрышном цвете success
12:12:25 | Розыгрыш ставок для игры №7632:
ID 595123068 поставил 47500 коинов на danger и проиграл при выигрышном цвете primary
ID 579291239 поставил 300000 коинов на success и проиграл при выигрышном цвете primary
12:14:29 | Розыгрыш ставок для игры №7633:
ID 579291239 поставил 300000 коинов на primary и проиграл при выигрышном цвете danger
12:24:19 | ID 287683359 пополнил баланс на 100000000 коинов
12:25:02 | Розыгрыш ставок для игры №7634:
ID 287683359 поставил 100000 коинов на success и выиграл 250000 коинов при выигрышном цвете success
12:25:39 | ID 287683359 запросил вывод 250000 коинов; VKC response code: 200
12:47:43 | ID 378600740 пополнил баланс на 800000000 коинов
12:48:39 | ID 495378433 пополнил баланс на 100000000 коинов
12:48:42 | Розыгрыш ставок для игры №7635:
ID 378600740 поставил 300000 коинов на primary и выиграл 450000 коинов при выигрышном цвете primary
12:49:23 | Розыгрыш ставок для игры №7636:
ID 495378433 поставил 100000 коинов на primary и проиграл при выигрышном цвете success
ID 378600740 поставил 100000 коинов на primary и проиграл при выигрышном цвете success
12:49:24 | ID 577962120 пополнил баланс на 1000 коинов
12:49:31 | ID 544042096 пополнил баланс на 100000000 коинов
12:50:00 | ID 577962120 пополнил баланс на 100000000 коинов
12:50:06 | Розыгрыш ставок для игры №7637:
ID 378600740 поставил 150000 коинов на danger и выиграл 675000 коинов при выигрышном цвете danger
ID 544042096 поставил 100000 коинов на primary и проиграл при выигрышном цвете danger
12:50:54 | Розыгрыш ставок для игры №7638:
ID 577962120 поставил 100000 коинов на primary и выиграл 150000 коинов при выигрышном цвете primary
ID 378600740 поставил 400000 коинов на primary и выиграл 600000 коинов при выигрышном цвете primary
12:51:39 | Розыгрыш ставок для игры №7639:
ID 378600740 поставил 200000 коинов на success и проиграл при выигрышном цвете primary
ID 577962120 поставил 40000 коинов на success и проиграл при выигрышном цвете primary
12:52:22 | Розыгрыш ставок для игры №7640:
ID 378600740 поставил 400000 коинов на success и выиграл 1000000 коинов при выигрышном цвете success
ID 577962120 поставил 110000 коинов на danger и проиграл при выигрышном цвете success
12:53:31 | Розыгрыш ставок для игры №7641:
ID 378600740 поставил 500000 коинов на primary и выиграл 750000 коинов при выигрышном цвете primary
12:55:01 | Розыгрыш ставок для игры №7642:
ID 378600740 поставил 400000 коинов на primary и выиграл 600000 коинов при выигрышном цвете primary
12:56:28 | Розыгрыш ставок для игры №7643:
ID 378600740 поставил 300000 коинов на danger и проиграл при выигрышном цвете success
12:57:11 | Розыгрыш ставок для игры №7644:
ID 378600740 поставил 400000 коинов на danger и проиграл при выигрышном цвете success
12:58:02 | Розыгрыш ставок для игры №7645:
ID 378600740 поставил 400000 коинов на danger и проиграл при выигрышном цвете success
12:58:02 | Розыгрыш ставок для игры №7646:
ID 378600740 поставил 400000 коинов на danger и выиграл 1800000 коинов при выигрышном цвете danger
12:58:49 | Розыгрыш ставок для игры №7647:
ID 378600740 поставил 800000 коинов на primary и проиграл при выигрышном цвете danger
12:59:26 | ID 378600740 запросил вывод 700000 коинов; VKC response code: 200
12:59:47 | Розыгрыш ставок для игры №7648:
ID 378600740 поставил 1600000 коинов на primary и проиграл при выигрышном цвете success
13:00:41 | ID 378600740 пополнил баланс на 600000000 коинов
13:00:52 | Розыгрыш ставок для игры №7649:
ID 378600740 поставил 625000 коинов на primary и выиграл 937500 коинов при выигрышном цвете primary
13:02:05 | Розыгрыш ставок для игры №7650:
ID 378600740 поставил 600000 коинов на primary и выиграл 900000 коинов при выигрышном цвете primary
13:02:59 | Розыгрыш ставок для игры №7651:
ID 378600740 поставил 300000 коинов на success и выиграл 750000 коинов при выигрышном цвете success
13:03:59 | Розыгрыш ставок для игры №7652:
ID 378600740 поставил 300000 коинов на danger и проиграл при выигрышном цвете primary
13:04:42 | Розыгрыш ставок для игры №7653:
ID 378600740 поставил 300000 коинов на danger и проиграл при выигрышном цвете success
13:07:35 | Розыгрыш ставок для игры №7654:
ID 378600740 поставил 400000 коинов на danger и проиграл при выигрышном цвете primary
13:12:24 | Розыгрыш ставок для игры №7655:
ID 378600740 поставил 400000 коинов на danger и проиграл при выигрышном цвете success
13:14:44 | Розыгрыш ставок для игры №7656:
ID 378600740 поставил 287500 коинов на danger и проиграл при выигрышном цвете success
13:20:21 | ID 489677842 пополнил баланс на 1386000 коинов
13:21:20 | Розыгрыш ставок для игры №7657:
ID 489677842 поставил 1386 коинов на success и проиграл при выигрышном цвете danger
13:37:09 | ID 284323794 пополнил баланс на 1000000000 коинов
13:37:43 | Розыгрыш ставок для игры №7658:
ID 284323794 поставил 1000000 коинов на danger и проиграл при выигрышном цвете primary
13:41:06 | ID 568425402 пополнил баланс на 100000000 коинов
13:41:51 | Розыгрыш ставок для игры №7659:
ID 568425402 поставил 100000 коинов на success и проиграл при выигрышном цвете primary
14:04:58 | ID 399933783 пополнил баланс на 100000000 коинов
14:05:40 | Розыгрыш ставок для игры №7660:
ID 399933783 поставил 100000 коинов на danger и проиграл при выигрышном цвете primary
14:31:38 | ID 547825186 пополнил баланс на 100000000 коинов
14:31:45 | ID 551181089 пополнил баланс на 100000000 коинов
14:32:30 | Розыгрыш ставок для игры №7661:
ID 551181089 поставил 100000 коинов на primary и выиграл 150000 коинов при выигрышном цвете primary
ID 547825186 поставил 100000 коинов на danger и проиграл при выигрышном цвете primary
14:33:24 | Розыгрыш ставок для игры №7662:
ID 551181089 поставил 100000 коинов на danger и проиграл при выигрышном цвете success
14:34:15 | Розыгрыш ставок для игры №7663:
ID 551181089 поставил 50000 коинов на danger и выиграл 225000 коинов при выигрышном цвете danger
14:35:05 | Розыгрыш ставок для игры №7664:
ID 551181089 поставил 150000 коинов на primary и проиграл при выигрышном цвете success
14:35:50 | Розыгрыш ставок для игры №7665:
ID 551181089 поставил 50000 коинов на danger и проиграл при выигрышном цвете primary
14:48:02 | ID 514345148 пополнил баланс на 100000000 коинов
14:48:35 | Розыгрыш ставок для игры №7666:
ID 514345148 поставил 100000 коинов на success и проиграл при выигрышном цвете danger
15:04:39 | ID 321116604 пополнил баланс на 10000003000 коинов
15:05:31 | Розыгрыш ставок для игры №7667:
ID 321116604 поставил 1000000 коинов на success и выиграл 2500000 коинов при выигрышном цвете success
15:06:32 | Розыгрыш ставок для игры №7668:
ID 321116604 поставил 1000000 коинов на primary и выиграл 1500000 коинов при выигрышном цвете primary
15:07:14 | ID 321116604 запросил вывод 12000003 коинов; VKC response code: 200
15:07:34 | Розыгрыш ставок для игры №7669:
ID 573992560 поставил 1000 коинов на success и выиграл 2500 коинов при выигрышном цвете success
15:08:23 | Розыгрыш ставок для игры №7670:
ID 573992560 поставил 1000 коинов на primary и выиграл 1500 коинов при выигрышном цвете primary
15:09:17 | Розыгрыш ставок для игры №7671:
ID 573992560 поставил 1000 коинов на success и проиграл при выигрышном цвете primary
15:10:02 | Розыгрыш ставок для игры №7672:
ID 573992560 поставил 1000 коинов на primary и выиграл 1500 коинов при выигрышном цвете primary
15:10:02 | Розыгрыш ставок для игры №7673:
ID 573992560 поставил 1000 коинов на primary и выиграл 1500 коинов при выигрышном цвете primary
15:43:45 | ID 589283209 пополнил баланс на 100000000 коинов
15:44:25 | Розыгрыш ставок для игры №7674:
ID 589283209 поставил 101000 коинов на success и проиграл при выигрышном цвете primary
15:53:47 | ID 408025187 пополнил баланс на 2100000000 коинов
15:54:29 | Розыгрыш ставок для игры №7675:
ID 408025187 поставил 400000 коинов на success и выиграл 1000000 коинов при выигрышном цвете success
15:54:55 | ID 408025187 запросил вывод 2700000 коинов; VKC response code: 200
16:07:30 | ID 530019357 пополнил баланс на 19000000 коинов
16:08:17 | Розыгрыш ставок для игры №7676:
ID 530019357 поставил 19000 коинов на danger и проиграл при выигрышном цвете success
16:38:11 | ID 183274393 пополнил баланс на 1500000000 коинов
16:38:51 | Розыгрыш ставок для игры №7677:
ID 183274393 поставил 50000 коинов на danger и проиграл при выигрышном цвете success
16:39:41 | Розыгрыш ставок для игры №7678:
ID 183274393 поставил 500000 коинов на danger и проиграл при выигрышном цвете success
16:40:27 | Розыгрыш ставок для игры №7679:
ID 183274393 поставил 500000 коинов на danger и проиграл при выигрышном цвете success
16:41:18 | Розыгрыш ставок для игры №7680:
ID 183274393 поставил 454000 коинов на danger и проиграл при выигрышном цвете primary
16:41:25 | ID 495378433 пополнил баланс на 100000000 коинов
16:42:02 | Розыгрыш ставок для игры №7681:
ID 495378433 поставил 100000 коинов на success и выиграл 250000 коинов при выигрышном цвете success
16:42:48 | Розыгрыш ставок для игры №7682:
ID 495378433 поставил 200000 коинов на primary и проиграл при выигрышном цвете success
16:43:30 | Розыгрыш ставок для игры №7683:
ID 495378433 поставил 50000 коинов на primary и проиграл при выигрышном цвете success
17:01:09 | Розыгрыш ставок для игры №7684:
ID 540884583 поставил 1000 коинов на danger и проиграл при выигрышном цвете success
17:21:43 | ID 542106327 пополнил баланс на 200000000 коинов
17:22:00 | Розыгрыш ставок для игры №7685:
ID 498997025 поставил 1000 коинов на success и проиграл при выигрышном цвете danger
ID 542106327 поставил 20000 коинов на success и проиграл при выигрышном цвете danger
17:22:43 | Розыгрыш ставок для игры №7686:
ID 542106327 поставил 40000 коинов на success и выиграл 100000 коинов при выигрышном цвете success
17:23:17 | ID 542106327 запросил вывод 240000 коинов; VKC response code: 200
17:23:34 | ID 527755747 пополнил баланс на 100000000 коинов
17:24:16 | Розыгрыш ставок для игры №7687:
ID 527755747 поставил 100000 коинов на danger и проиграл при выигрышном цвете primary
17:26:57 | ID 527755747 пополнил баланс на 100000000 коинов
17:27:42 | Розыгрыш ставок для игры №7688:
ID 527755747 поставил 100000 коинов на danger и проиграл при выигрышном цвете primary
17:37:24 | ID 408025187 пополнил баланс на 500000000 коинов
17:38:01 | Розыгрыш ставок для игры №7689:
ID 408025187 поставил 500000 коинов на primary и выиграл 750000 коинов при выигрышном цвете primary
17:39:02 | Розыгрыш ставок для игры №7690:
ID 408025187 поставил 250000 коинов на success и выиграл 625000 коинов при выигрышном цвете success
17:39:02 | Розыгрыш ставок для игры №7691:
ID 408025187 поставил 250000 коинов на success и выиграл 625000 коинов при выигрышном цвете success
17:39:30 | ID 408025187 запросил вывод 1750000 коинов; VKC response code: 200
18:01:14 | ID 570527660 пополнил баланс на 6000000000 коинов
18:01:51 | Розыгрыш ставок для игры №7692:
ID 570527660 поставил 2000000 коинов на success и проиграл при выигрышном цвете primary
18:02:35 | Розыгрыш ставок для игры №7693:
ID 570527660 поставил 4000000 коинов на danger и проиграл при выигрышном цвете primary
ID 317113903 поставил 4000000 коинов на danger и проиграл при выигрышном цвете primary
18:26:22 | ID 527755747 пополнил баланс на 250000000 коинов
18:27:04 | Розыгрыш ставок для игры №7694:
ID 527755747 поставил 250000 коинов на danger и проиграл при выигрышном цвете primary
18:39:34 | ID 551681443 пополнил баланс на 313000000 коинов
18:40:17 | Розыгрыш ставок для игры №7695:
ID 551681443 поставил 1000 коинов на primary и проиграл при выигрышном цвете success
18:41:09 | Розыгрыш ставок для игры №7696:
ID 551681443 поставил 1000 коинов на danger и проиграл при выигрышном цвете primary
18:42:46 | ID 541825893 пополнил баланс на 3000000000 коинов
18:42:55 | Розыгрыш ставок для игры №7697:
ID 551681443 поставил 1000 коинов на primary и проиграл при выигрышном цвете danger
ID 541825893 поставил 3000000 коинов на danger и выиграл 13500000 коинов при выигрышном цвете danger
18:43:46 | Розыгрыш ставок для игры №7698:
ID 551681443 поставил 300000 коинов на danger и проиграл при выигрышном цвете primary
ID 541825893 поставил 500000 коинов на primary и выиграл 750000 коинов при выигрышном цвете primary
18:44:31 | ID 404073084 пополнил баланс на 1000 коинов
18:44:33 | ID 408025187 пополнил баланс на 1000000000 коинов
18:44:33 | Розыгрыш ставок для игры №7699:
ID 541825893 поставил 500000 коинов на primary и проиграл при выигрышном цвете success
18:45:16 | Розыгрыш ставок для игры №7700:
ID 541825893 поставил 500000 коинов на danger и проиграл при выигрышном цвете primary
ID 408025187 поставил 250000 коинов на danger и проиграл при выигрышном цвете primary
18:46:00 | Розыгрыш ставок для игры №7701:
ID 541825893 поставил 500000 коинов на success и проиграл при выигрышном цвете danger
ID 408025187 поставил 750000 коинов на danger и выиграл 3375000 коинов при выигрышном цвете danger
18:46:32 | ID 408025187 запросил вывод 3375000 коинов; VKC response code: 200
18:47:01 | Розыгрыш ставок для игры №7702:
ID 541825893 поставил 12250000 коинов на danger и проиграл при выигрышном цвете primary
18:47:01 | Розыгрыш ставок для игры №7703:
ID 541825893 поставил 12250000 коинов на danger и проиграл при выигрышном цвете primary
19:21:06 | ID 562427284 пополнил баланс на 1850000000 коинов
19:21:42 | Розыгрыш ставок для игры №7704:
ID 562427284 поставил 1850000 коинов на success и проиграл при выигрышном цвете danger
19:23:59 | ID 570836734 пополнил баланс на 4000000000 коинов
19:24:55 | Розыгрыш ставок для игры №7705:
ID 570836734 поставил 4000000 коинов на success и проиграл при выигрышном цвете primary
19:39:22 | ID 489677842 пополнил баланс на 90000000 коинов
19:40:03 | Розыгрыш ставок для игры №7706:
ID 489677842 поставил 10000 коинов на danger и выиграл 45000 коинов при выигрышном цвете danger
19:41:09 | Розыгрыш ставок для игры №7707:
ID 489677842 поставил 20000 коинов на primary и проиграл при выигрышном цвете danger
19:41:53 | Розыгрыш ставок для игры №7708:
ID 489677842 поставил 105000 коинов на primary и выиграл 157500 коинов при выигрышном цвете primary
19:42:49 | Розыгрыш ставок для игры №7709:
ID 489677842 поставил 30000 коинов на danger и проиграл при выигрышном цвете success
19:43:38 | Розыгрыш ставок для игры №7710:
ID 489677842 поставил 27500 коинов на danger и выиграл 123750 коинов при выигрышном цвете danger
19:43:57 | ID 562427284 пополнил баланс на 100000000 коинов
19:44:31 | Розыгрыш ставок для игры №7711:
ID 562427284 поставил 100000 коинов на success и проиграл при выигрышном цвете primary
ID 489677842 поставил 20000 коинов на primary и выиграл 30000 коинов при выигрышном цвете primary
19:45:54 | Розыгрыш ставок для игры №7712:
ID 489677842 поставил 3750 коинов на danger и проиграл при выигрышном цвете success
19:46:59 | Розыгрыш ставок для игры №7713:
ID 489677842 поставил 30000 коинов на danger и выиграл 135000 коинов при выигрышном цвете danger
19:48:18 | Розыгрыш ставок для игры №7714:
ID 489677842 поставил 5000 коинов на primary и выиграл 7500 коинов при выигрышном цвете primary
19:49:14 | Розыгрыш ставок для игры №7715:
ID 489677842 поставил 7500 коинов на danger и проиграл при выигрышном цвете primary
19:50:37 | Розыгрыш ставок для игры №7716:
ID 489677842 поставил 30000 коинов на danger и проиграл при выигрышном цвете primary
19:51:34 | Розыгрыш ставок для игры №7717:
ID 489677842 поставил 200000 коинов на primary и выиграл 300000 коинов при выигрышном цвете primary
19:53:17 | ID 404469655 пополнил баланс на 2000000000 коинов
19:53:24 | Розыгрыш ставок для игры №7718:
ID 489677842 поставил 100000 коинов на danger и проиграл при выигрышном цвете primary
19:54:10 | Розыгрыш ставок для игры №7719:
ID 489677842 поставил 300000 коинов на danger и выиграл 1350000 коинов при выигрышном цвете danger
ID 404469655 поставил 800000 коинов на success и проиграл при выигрышном цвете danger
19:54:58 | Розыгрыш ставок для игры №7720:
ID 404469655 поставил 800000 коинов на success и проиграл при выигрышном цвете primary
ID 489677842 поставил 100000 коинов на success и проиграл при выигрышном цвете primary
19:55:43 | Розыгрыш ставок для игры №7721:
ID 404469655 поставил 400000 коинов на success и выиграл 1000000 коинов при выигрышном цвете success
ID 489677842 поставил 100000 коинов на danger и проиграл при выигрышном цвете success
19:56:25 | Розыгрыш ставок для игры №7722:
ID 489677842 поставил 1150000 коинов на danger и проиграл при выигрышном цвете primary
ID 404469655 поставил 400000 коинов на success и проиграл при выигрышном цвете primary
19:57:08 | Розыгрыш ставок для игры №7723:
ID 404469655 поставил 600000 коинов на primary и выиграл 900000 коинов при выигрышном цвете primary
19:57:09 | ID 489677842 пополнил баланс на 100000000 коинов
19:57:56 | Розыгрыш ставок для игры №7724:
ID 404469655 поставил 900000 коинов на primary и выиграл 1350000 коинов при выигрышном цвете primary
ID 489677842 поставил 10000 коинов на danger и проиграл при выигрышном цвете primary
19:58:41 | Розыгрыш ставок для игры №7725:
ID 404469655 поставил 1350000 коинов на success и проиграл при выигрышном цвете danger
ID 489677842 поставил 90000 коинов на danger и выиграл 405000 коинов при выигрышном цвете danger
20:00:32 | ID 404469655 пополнил баланс на 1000000000 коинов
20:01:07 | Розыгрыш ставок для игры №7726:
ID 404469655 поставил 1000000 коинов на success и проиграл при выигрышном цвете danger
20:26:01 | ID 475178053 пополнил баланс на 100000000 коинов
20:26:43 | Розыгрыш ставок для игры №7727:
ID 475178053 поставил 25000 коинов на danger и проиграл при выигрышном цвете success
20:27:25 | Розыгрыш ставок для игры №7728:
ID 475178053 поставил 25000 коинов на primary и проиграл при выигрышном цвете success
ID 550575080 поставил 1000 коинов на primary и проиграл при выигрышном цвете success
20:29:23 | Розыгрыш ставок для игры №7729:
ID 475178053 поставил 50000 коинов на danger и проиграл при выигрышном цвете primary
22:08:03 | ID 322693599 пополнил баланс на 100000 коинов
22:08:20 | ID 322693599 запросил вывод 100 коинов; VKC response code: 200
22:13:40 | Розыгрыш ставок для игры №7730:
ID 563284247 поставил 1000 коинов на success и выиграл 2500 коинов при выигрышном цвете success
22:14:25 | Розыгрыш ставок для игры №7731:
ID 563284247 поставил 1000 коинов на danger и проиграл при выигрышном цвете primary
22:15:08 | Розыгрыш ставок для игры №7732:
ID 563284247 поставил 1000 коинов на danger и выиграл 4500 коинов при выигрышном цвете danger
22:16:00 | Розыгрыш ставок для игры №7733:
ID 563284247 поставил 1000 коинов на primary и выиграл 1500 коинов при выигрышном цвете primary
22:16:52 | Розыгрыш ставок для игры №7734:
ID 563284247 поставил 1000 коинов на success и проиграл при выигрышном цвете primary
22:17:15 | ID 563284247 запросил вывод 4500 коинов; VKC response code: 200
22:20:23 | ID 594383677 пополнил баланс на 2200000000 коинов
22:21:09 | Розыгрыш ставок для игры №7735:
ID 594383677 поставил 200000 коинов на primary и проиграл при выигрышном цвете danger
22:45:52 | Розыгрыш ставок для игры №7736:
ID 489677842 поставил 5000 коинов на danger и проиграл при выигрышном цвете primary
22:46:40 | Розыгрыш ставок для игры №7737:
ID 489677842 поставил 100000 коинов на danger и выиграл 450000 коинов при выигрышном цвете danger
22:47:47 | Розыгрыш ставок для игры №7738:
ID 489677842 поставил 30000 коинов на success и выиграл 75000 коинов при выигрышном цвете success
22:48:49 | Розыгрыш ставок для игры №7739:
ID 489677842 поставил 30000 коинов на danger и проиграл при выигрышном цвете primary
22:49:58 | Розыгрыш ставок для игры №7740:
ID 489677842 поставил 60000 коинов на danger и проиграл при выигрышном цвете success
22:51:44 | Розыгрыш ставок для игры №7741:
ID 489677842 поставил 35000 коинов на danger и проиграл при выигрышном цвете success
22:52:37 | Розыгрыш ставок для игры №7742:
ID 489677842 поставил 70000 коинов на primary и проиграл при выигрышном цвете success
22:53:21 | Розыгрыш ставок для игры №7743:
ID 489677842 поставил 300000 коинов на danger и проиграл при выигрышном цвете primary
22:54:19 | Розыгрыш ставок для игры №7744:
ID 199774168 поставил 1000 коинов на primary и выиграл 1500 коинов при выигрышном цвете primary
22:55:39 | ID 594383677 запросил вывод 2000000 коинов; VKC response code: 200