
00:27:26 | Розыгрыш ставок для игры №10416:
ID 588770502 поставил 1000 коинов на primary и проиграл при выигрышном цвете success
05:52:32 | Розыгрыш ставок для игры №10417:
ID 602532881 поставил 1000 коинов на danger и проиграл при выигрышном цвете primary
12:42:34 | ID 587460695 пополнил баланс на 100000000 коинов
12:43:17 | Розыгрыш ставок для игры №10418:
ID 587460695 поставил 100000 коинов на danger и проиграл при выигрышном цвете primary
14:55:21 | Розыгрыш ставок для игры №10419:
ID 345743361 поставил 100000 коинов на success и проиграл при выигрышном цвете primary
14:56:10 | Розыгрыш ставок для игры №10420:
ID 345743361 поставил 132680 коинов на primary и проиграл при выигрышном цвете success
14:57:49 | ID 345743361 пополнил баланс на 222222000 коинов
14:58:29 | Розыгрыш ставок для игры №10421:
ID 345743361 поставил 222222 коинов на success и проиграл при выигрышном цвете primary
15:00:15 | ID 345743361 пополнил баланс на 55555000 коинов
15:00:55 | Розыгрыш ставок для игры №10422:
ID 345743361 поставил 55555 коинов на primary и выиграл 83332.5 коинов при выигрышном цвете primary
15:01:51 | Розыгрыш ставок для игры №10423:
ID 345743361 поставил 83332 коинов на success и проиграл при выигрышном цвете danger
21:20:31 | Розыгрыш ставок для игры №10424:
ID 599186859 поставил 1000 коинов на success и выиграл 2500 коинов при выигрышном цвете success
21:20:52 | ID 599186859 запросил вывод 2500 коинов; VKC response code: 200